[2022-12-28T08:08:17.499+0000] {taskinstance.py:1087} INFO - Dependencies all met for <TaskInstance: new_table_and_data_import_dag_v1.get_cash_flow_data manual__2022-12-28T08:08:10.140904+00:00 [queued]>
[2022-12-28T08:08:17.516+0000] {taskinstance.py:1087} INFO - Dependencies all met for <TaskInstance: new_table_and_data_import_dag_v1.get_cash_flow_data manual__2022-12-28T08:08:10.140904+00:00 [queued]>
[2022-12-28T08:08:17.516+0000] {taskinstance.py:1283} INFO - 
--------------------------------------------------------------------------------
[2022-12-28T08:08:17.516+0000] {taskinstance.py:1284} INFO - Starting attempt 1 of 1
[2022-12-28T08:08:17.516+0000] {taskinstance.py:1285} INFO - 
--------------------------------------------------------------------------------
[2022-12-28T08:08:17.557+0000] {taskinstance.py:1304} INFO - Executing <Task(PythonOperator): get_cash_flow_data> on 2022-12-28 08:08:10.140904+00:00
[2022-12-28T08:08:17.571+0000] {standard_task_runner.py:55} INFO - Started process 3472 to run task
[2022-12-28T08:08:17.574+0000] {standard_task_runner.py:82} INFO - Running: ['***', 'tasks', 'run', 'new_table_and_data_import_dag_v1', 'get_cash_flow_data', 'manual__2022-12-28T08:08:10.140904+00:00', '--job-id', '21', '--raw', '--subdir', 'DAGS_FOLDER/new_table_and_data_import_dag.py', '--cfg-path', '/tmp/tmp5ivrrpmh']
[2022-12-28T08:08:17.575+0000] {standard_task_runner.py:83} INFO - Job 21: Subtask get_cash_flow_data
[2022-12-28T08:08:17.698+0000] {task_command.py:389} INFO - Running <TaskInstance: new_table_and_data_import_dag_v1.get_cash_flow_data manual__2022-12-28T08:08:10.140904+00:00 [running]> on host 016cb28b89a1
[2022-12-28T08:08:18.053+0000] {taskinstance.py:1513} INFO - Exporting the following env vars:
AIRFLOW_CTX_DAG_OWNER=***
AIRFLOW_CTX_DAG_ID=new_table_and_data_import_dag_v1
AIRFLOW_CTX_TASK_ID=get_cash_flow_data
AIRFLOW_CTX_EXECUTION_DATE=2022-12-28T08:08:10.140904+00:00
AIRFLOW_CTX_TRY_NUMBER=1
AIRFLOW_CTX_DAG_RUN_ID=manual__2022-12-28T08:08:10.140904+00:00
[2022-12-28T08:08:27.366+0000] {python.py:177} INFO - Done. Returned value was: None
[2022-12-28T08:08:27.417+0000] {taskinstance.py:1327} INFO - Marking task as SUCCESS. dag_id=new_table_and_data_import_dag_v1, task_id=get_cash_flow_data, execution_date=20221228T080810, start_date=20221228T080817, end_date=20221228T080827
[2022-12-28T08:08:27.664+0000] {local_task_job.py:159} INFO - Task exited with return code 0
[2022-12-28T08:08:27.734+0000] {taskinstance.py:2582} INFO - 0 downstream tasks scheduled from follow-on schedule check
