[2022-12-08T06:54:23.095+0000] {taskinstance.py:1087} INFO - Dependencies all met for <TaskInstance: python_operator_dag_v6.greet scheduled__2022-12-07T00:00:00+00:00 [queued]>
[2022-12-08T06:54:23.105+0000] {taskinstance.py:1087} INFO - Dependencies all met for <TaskInstance: python_operator_dag_v6.greet scheduled__2022-12-07T00:00:00+00:00 [queued]>
[2022-12-08T06:54:23.105+0000] {taskinstance.py:1283} INFO - 
--------------------------------------------------------------------------------
[2022-12-08T06:54:23.105+0000] {taskinstance.py:1284} INFO - Starting attempt 1 of 1
[2022-12-08T06:54:23.106+0000] {taskinstance.py:1285} INFO - 
--------------------------------------------------------------------------------
[2022-12-08T06:54:23.145+0000] {taskinstance.py:1304} INFO - Executing <Task(PythonOperator): greet> on 2022-12-07 00:00:00+00:00
[2022-12-08T06:54:23.150+0000] {standard_task_runner.py:55} INFO - Started process 11385 to run task
[2022-12-08T06:54:23.154+0000] {standard_task_runner.py:82} INFO - Running: ['***', 'tasks', 'run', 'python_operator_dag_v6', 'greet', 'scheduled__2022-12-07T00:00:00+00:00', '--job-id', '14', '--raw', '--subdir', 'DAGS_FOLDER/python_operator_dag.py', '--cfg-path', '/tmp/tmpfyqpvv2v']
[2022-12-08T06:54:23.155+0000] {standard_task_runner.py:83} INFO - Job 14: Subtask greet
[2022-12-08T06:54:23.671+0000] {task_command.py:389} INFO - Running <TaskInstance: python_operator_dag_v6.greet scheduled__2022-12-07T00:00:00+00:00 [running]> on host 4f590d7fc3b1
[2022-12-08T06:54:24.110+0000] {taskinstance.py:1513} INFO - Exporting the following env vars:
AIRFLOW_CTX_DAG_OWNER=***
AIRFLOW_CTX_DAG_ID=python_operator_dag_v6
AIRFLOW_CTX_TASK_ID=greet
AIRFLOW_CTX_EXECUTION_DATE=2022-12-07T00:00:00+00:00
AIRFLOW_CTX_TRY_NUMBER=1
AIRFLOW_CTX_DAG_RUN_ID=scheduled__2022-12-07T00:00:00+00:00
[2022-12-08T06:54:24.140+0000] {logging_mixin.py:137} INFO - Hello World! My name is Dung jazz, and I am 21 years old!
[2022-12-08T06:54:24.140+0000] {python.py:177} INFO - Done. Returned value was: None
[2022-12-08T06:54:24.154+0000] {taskinstance.py:1327} INFO - Marking task as SUCCESS. dag_id=python_operator_dag_v6, task_id=greet, execution_date=20221207T000000, start_date=20221208T065423, end_date=20221208T065424
[2022-12-08T06:54:24.288+0000] {local_task_job.py:159} INFO - Task exited with return code 0
[2022-12-08T06:54:24.304+0000] {taskinstance.py:2582} INFO - 0 downstream tasks scheduled from follow-on schedule check
