[2022-12-11T16:18:26.158+0000] {taskinstance.py:1087} INFO - Dependencies all met for <TaskInstance: postgres_operator_dag_v1.create_postgres_table manual__2022-12-11T16:18:24.030384+00:00 [queued]>
[2022-12-11T16:18:26.165+0000] {taskinstance.py:1087} INFO - Dependencies all met for <TaskInstance: postgres_operator_dag_v1.create_postgres_table manual__2022-12-11T16:18:24.030384+00:00 [queued]>
[2022-12-11T16:18:26.165+0000] {taskinstance.py:1283} INFO - 
--------------------------------------------------------------------------------
[2022-12-11T16:18:26.165+0000] {taskinstance.py:1284} INFO - Starting attempt 1 of 1
[2022-12-11T16:18:26.165+0000] {taskinstance.py:1285} INFO - 
--------------------------------------------------------------------------------
[2022-12-11T16:18:26.539+0000] {taskinstance.py:1304} INFO - Executing <Task(PostgresOperator): create_postgres_table> on 2022-12-11 16:18:24.030384+00:00
[2022-12-11T16:18:26.545+0000] {standard_task_runner.py:55} INFO - Started process 9651 to run task
[2022-12-11T16:18:26.547+0000] {standard_task_runner.py:82} INFO - Running: ['***', 'tasks', 'run', 'postgres_operator_dag_v1', 'create_postgres_table', 'manual__2022-12-11T16:18:24.030384+00:00', '--job-id', '49', '--raw', '--subdir', 'DAGS_FOLDER/postgres_operator_dag.py', '--cfg-path', '/tmp/tmp3imrsv_0']
[2022-12-11T16:18:26.548+0000] {standard_task_runner.py:83} INFO - Job 49: Subtask create_postgres_table
[2022-12-11T16:18:26.941+0000] {task_command.py:389} INFO - Running <TaskInstance: postgres_operator_dag_v1.create_postgres_table manual__2022-12-11T16:18:24.030384+00:00 [running]> on host 4f590d7fc3b1
[2022-12-11T16:18:27.645+0000] {taskinstance.py:1513} INFO - Exporting the following env vars:
AIRFLOW_CTX_DAG_OWNER=***
AIRFLOW_CTX_DAG_ID=postgres_operator_dag_v1
AIRFLOW_CTX_TASK_ID=create_postgres_table
AIRFLOW_CTX_EXECUTION_DATE=2022-12-11T16:18:24.030384+00:00
AIRFLOW_CTX_TRY_NUMBER=1
AIRFLOW_CTX_DAG_RUN_ID=manual__2022-12-11T16:18:24.030384+00:00
[2022-12-11T16:18:27.645+0000] {sql.py:253} INFO - Executing: 
            create table if not exists dag_demo_table (
                dt date,
                dag_id character varying,
                primary key (dt, dag_id)
            )
        
[2022-12-11T16:18:27.653+0000] {base.py:73} INFO - Using connection ID 'financial_database' for task execution.
[2022-12-11T16:18:27.849+0000] {base.py:73} INFO - Using connection ID 'financial_database' for task execution.
[2022-12-11T16:18:27.858+0000] {sql.py:364} INFO - Running statement: 
            create table if not exists dag_demo_table (
                dt date,
                dag_id character varying,
                primary key (dt, dag_id)
            )
        , parameters: None
[2022-12-11T16:18:29.463+0000] {taskinstance.py:1327} INFO - Marking task as SUCCESS. dag_id=postgres_operator_dag_v1, task_id=create_postgres_table, execution_date=20221211T161824, start_date=20221211T161826, end_date=20221211T161829
[2022-12-11T16:18:29.972+0000] {local_task_job.py:159} INFO - Task exited with return code 0
[2022-12-11T16:18:30.000+0000] {taskinstance.py:2582} INFO - 0 downstream tasks scheduled from follow-on schedule check
