[2023-01-18T10:36:22.788+0000] {taskinstance.py:1165} INFO - Dependencies all met for <TaskInstance: spark.spark_job manual__2023-01-18T10:35:39.507926+00:00 [queued]>
[2023-01-18T10:36:22.814+0000] {taskinstance.py:1165} INFO - Dependencies all met for <TaskInstance: spark.spark_job manual__2023-01-18T10:35:39.507926+00:00 [queued]>
[2023-01-18T10:36:22.815+0000] {taskinstance.py:1362} INFO - 
--------------------------------------------------------------------------------
[2023-01-18T10:36:22.816+0000] {taskinstance.py:1363} INFO - Starting attempt 1 of 1
[2023-01-18T10:36:22.816+0000] {taskinstance.py:1364} INFO - 
--------------------------------------------------------------------------------
[2023-01-18T10:36:22.855+0000] {taskinstance.py:1383} INFO - Executing <Task(SparkSubmitOperator): spark_job> on 2023-01-18 10:35:39.507926+00:00
[2023-01-18T10:36:22.861+0000] {standard_task_runner.py:54} INFO - Started process 21 to run task
[2023-01-18T10:36:22.871+0000] {standard_task_runner.py:82} INFO - Running: ['airflow', 'tasks', 'run', 'spark', 'spark_job', 'manual__2023-01-18T10:35:39.507926+00:00', '--job-id', '61', '--raw', '--subdir', 'DAGS_FOLDER/spark_dag.py', '--cfg-path', '/tmp/tmpkks3eddf']
[2023-01-18T10:36:22.874+0000] {standard_task_runner.py:83} INFO - Job 61: Subtask spark_job
[2023-01-18T10:36:22.878+0000] {dagbag.py:525} INFO - Filling up the DagBag from /opt/airflow/dags/repo/Airflow/dags/spark_dag.py
[2023-01-18T10:36:28.391+0000] {logging_mixin.py:117} INFO - /opt/airflow
[2023-01-18T10:36:28.592+0000] {task_command.py:384} INFO - Running <TaskInstance: spark.spark_job manual__2023-01-18T10:35:39.507926+00:00 [running]> on host sparksparkjob-b4396a530f34459ebeded745bc78bbe7
[2023-01-18T10:36:28.854+0000] {taskinstance.py:1592} INFO - Exporting the following env vars:
AIRFLOW_CTX_DAG_OWNER=airflow
AIRFLOW_CTX_DAG_ID=spark
AIRFLOW_CTX_TASK_ID=spark_job
AIRFLOW_CTX_EXECUTION_DATE=2023-01-18T10:35:39.507926+00:00
AIRFLOW_CTX_TRY_NUMBER=1
AIRFLOW_CTX_DAG_RUN_ID=manual__2023-01-18T10:35:39.507926+00:00
[2023-01-18T10:36:28.881+0000] {base.py:71} INFO - Using connection ID 'spark_default' for task execution.
[2023-01-18T10:36:28.884+0000] {spark_submit.py:344} INFO - Spark-Submit cmd: spark-submit --master spark://10.96.144.83:7077 --name arrow-spark /opt/airflow/dags/d69907b3e6a7e64fe88694c603553eaba4036b8c/Airflow/dags/spark-app.py
[2023-01-18T10:36:29.188+0000] {spark_submit.py:495} INFO - /home/airflow/.local/lib/python3.7/site-packages/pyspark/bin/load-spark-env.sh: line 68: ps: command not found
[2023-01-18T10:36:35.217+0000] {spark_submit.py:495} INFO - 23/01/18 10:36:35 INFO SparkContext: Running Spark version 3.3.1
[2023-01-18T10:36:35.407+0000] {spark_submit.py:495} INFO - 23/01/18 10:36:35 WARN NativeCodeLoader: Unable to load native-hadoop library for your platform... using builtin-java classes where applicable
[2023-01-18T10:36:35.655+0000] {spark_submit.py:495} INFO - 23/01/18 10:36:35 INFO ResourceUtils: ==============================================================
[2023-01-18T10:36:35.656+0000] {spark_submit.py:495} INFO - 23/01/18 10:36:35 INFO ResourceUtils: No custom resources configured for spark.driver.
[2023-01-18T10:36:35.657+0000] {spark_submit.py:495} INFO - 23/01/18 10:36:35 INFO ResourceUtils: ==============================================================
[2023-01-18T10:36:35.658+0000] {spark_submit.py:495} INFO - 23/01/18 10:36:35 INFO SparkContext: Submitted application: First App
[2023-01-18T10:36:35.713+0000] {spark_submit.py:495} INFO - 23/01/18 10:36:35 INFO ResourceProfile: Default ResourceProfile created, executor resources: Map(cores -> name: cores, amount: 1, script: , vendor: , memory -> name: memory, amount: 1024, script: , vendor: , offHeap -> name: offHeap, amount: 0, script: , vendor: ), task resources: Map(cpus -> name: cpus, amount: 1.0)
[2023-01-18T10:36:35.744+0000] {spark_submit.py:495} INFO - 23/01/18 10:36:35 INFO ResourceProfile: Limiting resource is cpu
[2023-01-18T10:36:35.746+0000] {spark_submit.py:495} INFO - 23/01/18 10:36:35 INFO ResourceProfileManager: Added ResourceProfile id: 0
[2023-01-18T10:36:35.902+0000] {spark_submit.py:495} INFO - 23/01/18 10:36:35 INFO SecurityManager: Changing view acls to: airflow
[2023-01-18T10:36:35.903+0000] {spark_submit.py:495} INFO - 23/01/18 10:36:35 INFO SecurityManager: Changing modify acls to: airflow
[2023-01-18T10:36:35.904+0000] {spark_submit.py:495} INFO - 23/01/18 10:36:35 INFO SecurityManager: Changing view acls groups to:
[2023-01-18T10:36:35.906+0000] {spark_submit.py:495} INFO - 23/01/18 10:36:35 INFO SecurityManager: Changing modify acls groups to:
[2023-01-18T10:36:35.907+0000] {spark_submit.py:495} INFO - 23/01/18 10:36:35 INFO SecurityManager: SecurityManager: authentication disabled; ui acls disabled; users  with view permissions: Set(airflow); groups with view permissions: Set(); users  with modify permissions: Set(airflow); groups with modify permissions: Set()
[2023-01-18T10:36:36.514+0000] {spark_submit.py:495} INFO - 23/01/18 10:36:36 INFO Utils: Successfully started service 'sparkDriver' on port 45981.
[2023-01-18T10:36:36.621+0000] {spark_submit.py:495} INFO - 23/01/18 10:36:36 INFO SparkEnv: Registering MapOutputTracker
[2023-01-18T10:36:36.704+0000] {spark_submit.py:495} INFO - 23/01/18 10:36:36 INFO SparkEnv: Registering BlockManagerMaster
[2023-01-18T10:36:36.756+0000] {spark_submit.py:495} INFO - 23/01/18 10:36:36 INFO BlockManagerMasterEndpoint: Using org.apache.spark.storage.DefaultTopologyMapper for getting topology information
[2023-01-18T10:36:36.758+0000] {spark_submit.py:495} INFO - 23/01/18 10:36:36 INFO BlockManagerMasterEndpoint: BlockManagerMasterEndpoint up
[2023-01-18T10:36:36.770+0000] {spark_submit.py:495} INFO - 23/01/18 10:36:36 INFO SparkEnv: Registering BlockManagerMasterHeartbeat
[2023-01-18T10:36:36.832+0000] {spark_submit.py:495} INFO - 23/01/18 10:36:36 INFO DiskBlockManager: Created local directory at /tmp/blockmgr-c5d15f47-fd86-49e2-9b75-8b95342f86a9
[2023-01-18T10:36:36.878+0000] {spark_submit.py:495} INFO - 23/01/18 10:36:36 INFO MemoryStore: MemoryStore started with capacity 413.9 MiB
[2023-01-18T10:36:36.918+0000] {spark_submit.py:495} INFO - 23/01/18 10:36:36 INFO SparkEnv: Registering OutputCommitCoordinator
[2023-01-18T10:36:37.524+0000] {spark_submit.py:495} INFO - 23/01/18 10:36:37 INFO Utils: Successfully started service 'SparkUI' on port 4040.
[2023-01-18T10:36:37.808+0000] {spark_submit.py:495} INFO - 23/01/18 10:36:37 INFO Executor: Starting executor ID driver on host sparksparkjob-b4396a530f34459ebeded745bc78bbe7
[2023-01-18T10:36:37.832+0000] {spark_submit.py:495} INFO - 23/01/18 10:36:37 INFO Executor: Starting executor with user classpath (userClassPathFirst = false): ''
[2023-01-18T10:36:37.888+0000] {spark_submit.py:495} INFO - 23/01/18 10:36:37 INFO Utils: Successfully started service 'org.apache.spark.network.netty.NettyBlockTransferService' on port 39159.
[2023-01-18T10:36:37.889+0000] {spark_submit.py:495} INFO - 23/01/18 10:36:37 INFO NettyBlockTransferService: Server created on sparksparkjob-b4396a530f34459ebeded745bc78bbe7:39159
[2023-01-18T10:36:37.896+0000] {spark_submit.py:495} INFO - 23/01/18 10:36:37 INFO BlockManager: Using org.apache.spark.storage.RandomBlockReplicationPolicy for block replication policy
[2023-01-18T10:36:37.914+0000] {spark_submit.py:495} INFO - 23/01/18 10:36:37 INFO BlockManagerMaster: Registering BlockManager BlockManagerId(driver, sparksparkjob-b4396a530f34459ebeded745bc78bbe7, 39159, None)
[2023-01-18T10:36:37.924+0000] {spark_submit.py:495} INFO - 23/01/18 10:36:37 INFO BlockManagerMasterEndpoint: Registering block manager sparksparkjob-b4396a530f34459ebeded745bc78bbe7:39159 with 413.9 MiB RAM, BlockManagerId(driver, sparksparkjob-b4396a530f34459ebeded745bc78bbe7, 39159, None)
[2023-01-18T10:36:37.931+0000] {spark_submit.py:495} INFO - 23/01/18 10:36:37 INFO BlockManagerMaster: Registered BlockManager BlockManagerId(driver, sparksparkjob-b4396a530f34459ebeded745bc78bbe7, 39159, None)
[2023-01-18T10:36:37.934+0000] {spark_submit.py:495} INFO - 23/01/18 10:36:37 INFO BlockManager: Initialized BlockManager: BlockManagerId(driver, sparksparkjob-b4396a530f34459ebeded745bc78bbe7, 39159, None)
[2023-01-18T10:36:39.488+0000] {spark_submit.py:495} INFO - 23/01/18 10:36:39 INFO SparkContext: Starting job: collect at /opt/airflow/dags/d69907b3e6a7e64fe88694c603553eaba4036b8c/Airflow/dags/spark-app.py:12
[2023-01-18T10:36:39.531+0000] {spark_submit.py:495} INFO - 23/01/18 10:36:39 INFO DAGScheduler: Got job 0 (collect at /opt/airflow/dags/d69907b3e6a7e64fe88694c603553eaba4036b8c/Airflow/dags/spark-app.py:12) with 1 output partitions
[2023-01-18T10:36:39.532+0000] {spark_submit.py:495} INFO - 23/01/18 10:36:39 INFO DAGScheduler: Final stage: ResultStage 0 (collect at /opt/airflow/dags/d69907b3e6a7e64fe88694c603553eaba4036b8c/Airflow/dags/spark-app.py:12)
[2023-01-18T10:36:39.534+0000] {spark_submit.py:495} INFO - 23/01/18 10:36:39 INFO DAGScheduler: Parents of final stage: List()
[2023-01-18T10:36:39.537+0000] {spark_submit.py:495} INFO - 23/01/18 10:36:39 INFO DAGScheduler: Missing parents: List()
[2023-01-18T10:36:39.548+0000] {spark_submit.py:495} INFO - 23/01/18 10:36:39 INFO DAGScheduler: Submitting ResultStage 0 (ParallelCollectionRDD[0] at readRDDFromFile at PythonRDD.scala:274), which has no missing parents
[2023-01-18T10:36:39.803+0000] {spark_submit.py:495} INFO - 23/01/18 10:36:39 INFO MemoryStore: Block broadcast_0 stored as values in memory (estimated size 2.9 KiB, free 413.9 MiB)
[2023-01-18T10:36:39.872+0000] {spark_submit.py:495} INFO - 23/01/18 10:36:39 INFO MemoryStore: Block broadcast_0_piece0 stored as bytes in memory (estimated size 1757.0 B, free 413.9 MiB)
[2023-01-18T10:36:39.878+0000] {spark_submit.py:495} INFO - 23/01/18 10:36:39 INFO BlockManagerInfo: Added broadcast_0_piece0 in memory on sparksparkjob-b4396a530f34459ebeded745bc78bbe7:39159 (size: 1757.0 B, free: 413.9 MiB)
[2023-01-18T10:36:39.887+0000] {spark_submit.py:495} INFO - 23/01/18 10:36:39 INFO SparkContext: Created broadcast 0 from broadcast at DAGScheduler.scala:1513
[2023-01-18T10:36:39.923+0000] {spark_submit.py:495} INFO - 23/01/18 10:36:39 INFO DAGScheduler: Submitting 1 missing tasks from ResultStage 0 (ParallelCollectionRDD[0] at readRDDFromFile at PythonRDD.scala:274) (first 15 tasks are for partitions Vector(0))
[2023-01-18T10:36:39.926+0000] {spark_submit.py:495} INFO - 23/01/18 10:36:39 INFO TaskSchedulerImpl: Adding task set 0.0 with 1 tasks resource profile 0
[2023-01-18T10:36:40.095+0000] {spark_submit.py:495} INFO - 23/01/18 10:36:40 INFO TaskSetManager: Starting task 0.0 in stage 0.0 (TID 0) (sparksparkjob-b4396a530f34459ebeded745bc78bbe7, executor driver, partition 0, PROCESS_LOCAL, 4595 bytes) taskResourceAssignments Map()
[2023-01-18T10:36:40.129+0000] {spark_submit.py:495} INFO - 23/01/18 10:36:40 INFO Executor: Running task 0.0 in stage 0.0 (TID 0)
[2023-01-18T10:36:40.273+0000] {spark_submit.py:495} INFO - 23/01/18 10:36:40 INFO Executor: Finished task 0.0 in stage 0.0 (TID 0). 1004 bytes result sent to driver
[2023-01-18T10:36:40.292+0000] {spark_submit.py:495} INFO - 23/01/18 10:36:40 INFO TaskSetManager: Finished task 0.0 in stage 0.0 (TID 0) in 262 ms on sparksparkjob-b4396a530f34459ebeded745bc78bbe7 (executor driver) (1/1)
[2023-01-18T10:36:40.296+0000] {spark_submit.py:495} INFO - 23/01/18 10:36:40 INFO TaskSchedulerImpl: Removed TaskSet 0.0, whose tasks have all completed, from pool
[2023-01-18T10:36:40.310+0000] {spark_submit.py:495} INFO - 23/01/18 10:36:40 INFO DAGScheduler: ResultStage 0 (collect at /opt/airflow/dags/d69907b3e6a7e64fe88694c603553eaba4036b8c/Airflow/dags/spark-app.py:12) finished in 0.695 s
[2023-01-18T10:36:40.321+0000] {spark_submit.py:495} INFO - 23/01/18 10:36:40 INFO DAGScheduler: Job 0 is finished. Cancelling potential speculative or zombie tasks for this job
[2023-01-18T10:36:40.322+0000] {spark_submit.py:495} INFO - 23/01/18 10:36:40 INFO TaskSchedulerImpl: Killing all running tasks in stage 0: Stage finished
[2023-01-18T10:36:40.328+0000] {spark_submit.py:495} INFO - 23/01/18 10:36:40 INFO DAGScheduler: Job 0 finished: collect at /opt/airflow/dags/d69907b3e6a7e64fe88694c603553eaba4036b8c/Airflow/dags/spark-app.py:12, took 0.838895 s
[2023-01-18T10:36:40.369+0000] {spark_submit.py:495} INFO - [{'Category': 'A', 'ID': 1, 'Value': 121.44, 'Truth': True}, {'Category': 'B', 'ID': 2, 'Value': 300.01, 'Truth': False}, {'Category': 'C', 'ID': 3, 'Value': 10.99, 'Truth': None}, {'Category': 'E', 'ID': 4, 'Value': 33.87, 'Truth': True}]
[2023-01-18T10:36:40.462+0000] {spark_submit.py:495} INFO - 23/01/18 10:36:40 INFO SparkContext: Invoking stop() from shutdown hook
[2023-01-18T10:36:40.488+0000] {spark_submit.py:495} INFO - 23/01/18 10:36:40 INFO SparkUI: Stopped Spark web UI at http://sparksparkjob-b4396a530f34459ebeded745bc78bbe7:4040
[2023-01-18T10:36:40.550+0000] {spark_submit.py:495} INFO - 23/01/18 10:36:40 INFO MapOutputTrackerMasterEndpoint: MapOutputTrackerMasterEndpoint stopped!
[2023-01-18T10:36:40.579+0000] {spark_submit.py:495} INFO - 23/01/18 10:36:40 INFO MemoryStore: MemoryStore cleared
[2023-01-18T10:36:40.580+0000] {spark_submit.py:495} INFO - 23/01/18 10:36:40 INFO BlockManager: BlockManager stopped
[2023-01-18T10:36:40.607+0000] {spark_submit.py:495} INFO - 23/01/18 10:36:40 INFO BlockManagerMaster: BlockManagerMaster stopped
[2023-01-18T10:36:40.617+0000] {spark_submit.py:495} INFO - 23/01/18 10:36:40 INFO OutputCommitCoordinator$OutputCommitCoordinatorEndpoint: OutputCommitCoordinator stopped!
[2023-01-18T10:36:40.631+0000] {spark_submit.py:495} INFO - 23/01/18 10:36:40 INFO SparkContext: Successfully stopped SparkContext
[2023-01-18T10:36:40.633+0000] {spark_submit.py:495} INFO - 23/01/18 10:36:40 INFO ShutdownHookManager: Shutdown hook called
[2023-01-18T10:36:40.635+0000] {spark_submit.py:495} INFO - 23/01/18 10:36:40 INFO ShutdownHookManager: Deleting directory /tmp/spark-0b8ff4ec-30df-457c-a568-0c9feb723fc4
[2023-01-18T10:36:40.643+0000] {spark_submit.py:495} INFO - 23/01/18 10:36:40 INFO ShutdownHookManager: Deleting directory /tmp/spark-0b8ff4ec-30df-457c-a568-0c9feb723fc4/pyspark-b74a43ae-698c-4cec-a350-90e69921901d
[2023-01-18T10:36:40.651+0000] {spark_submit.py:495} INFO - 23/01/18 10:36:40 INFO ShutdownHookManager: Deleting directory /tmp/spark-39eb1e92-9f0f-4fbc-b0e4-724620f9ac8c
[2023-01-18T10:36:40.809+0000] {taskinstance.py:1406} INFO - Marking task as SUCCESS. dag_id=spark, task_id=spark_job, execution_date=20230118T103539, start_date=20230118T103622, end_date=20230118T103640
[2023-01-18T10:36:40.909+0000] {local_task_job.py:164} INFO - Task exited with return code 0
[2023-01-18T10:36:40.958+0000] {local_task_job.py:273} INFO - 0 downstream tasks scheduled from follow-on schedule check
