[2023-01-12T03:56:01.539+0000] {processor.py:153} INFO - Started process (PID=55) to work on /opt/airflow/dags/first_dag.py
[2023-01-12T03:56:01.541+0000] {processor.py:743} INFO - Processing file /opt/airflow/dags/first_dag.py for tasks to queue
[2023-01-12T03:56:01.543+0000] {logging_mixin.py:137} INFO - [2023-01-12T03:56:01.543+0000] {dagbag.py:538} INFO - Filling up the DagBag from /opt/airflow/dags/first_dag.py
[2023-01-12T03:56:01.629+0000] {processor.py:753} INFO - DAG(s) dict_keys(['first_dag_v5']) retrieved from /opt/airflow/dags/first_dag.py
[2023-01-12T03:56:02.132+0000] {logging_mixin.py:137} INFO - [2023-01-12T03:56:02.132+0000] {manager.py:504} INFO - Created Permission View: can edit on DAG:first_dag_v5
[2023-01-12T03:56:02.159+0000] {logging_mixin.py:137} INFO - [2023-01-12T03:56:02.159+0000] {manager.py:504} INFO - Created Permission View: can read on DAG:first_dag_v5
[2023-01-12T03:56:02.183+0000] {logging_mixin.py:137} INFO - [2023-01-12T03:56:02.183+0000] {manager.py:504} INFO - Created Permission View: can delete on DAG:first_dag_v5
[2023-01-12T03:56:02.184+0000] {logging_mixin.py:137} INFO - [2023-01-12T03:56:02.184+0000] {dag.py:2676} INFO - Sync 1 DAGs
[2023-01-12T03:56:02.217+0000] {logging_mixin.py:137} INFO - [2023-01-12T03:56:02.217+0000] {dag.py:2697} INFO - Creating ORM DAG for first_dag_v5
[2023-01-12T03:56:02.253+0000] {logging_mixin.py:137} INFO - [2023-01-12T03:56:02.252+0000] {dag.py:3427} INFO - Setting next_dagrun for first_dag_v5 to 2023-01-11T00:00:00+00:00, run_after=2023-01-12T00:00:00+00:00
[2023-01-12T03:56:02.301+0000] {processor.py:175} INFO - Processing /opt/airflow/dags/first_dag.py took 0.770 seconds
[2023-01-12T03:56:32.805+0000] {processor.py:153} INFO - Started process (PID=92) to work on /opt/airflow/dags/first_dag.py
[2023-01-12T03:56:32.808+0000] {processor.py:743} INFO - Processing file /opt/airflow/dags/first_dag.py for tasks to queue
[2023-01-12T03:56:32.811+0000] {logging_mixin.py:137} INFO - [2023-01-12T03:56:32.810+0000] {dagbag.py:538} INFO - Filling up the DagBag from /opt/airflow/dags/first_dag.py
[2023-01-12T03:56:32.874+0000] {processor.py:753} INFO - DAG(s) dict_keys(['first_dag_v5']) retrieved from /opt/airflow/dags/first_dag.py
[2023-01-12T03:56:33.002+0000] {logging_mixin.py:137} INFO - [2023-01-12T03:56:33.002+0000] {dag.py:2676} INFO - Sync 1 DAGs
[2023-01-12T03:56:33.090+0000] {logging_mixin.py:137} INFO - [2023-01-12T03:56:33.089+0000] {dag.py:3427} INFO - Setting next_dagrun for first_dag_v5 to 2023-01-11T00:00:00+00:00, run_after=2023-01-12T00:00:00+00:00
[2023-01-12T03:56:33.143+0000] {processor.py:175} INFO - Processing /opt/airflow/dags/first_dag.py took 0.347 seconds
[2023-01-12T03:57:03.461+0000] {processor.py:153} INFO - Started process (PID=128) to work on /opt/airflow/dags/first_dag.py
[2023-01-12T03:57:03.463+0000] {processor.py:743} INFO - Processing file /opt/airflow/dags/first_dag.py for tasks to queue
[2023-01-12T03:57:03.465+0000] {logging_mixin.py:137} INFO - [2023-01-12T03:57:03.464+0000] {dagbag.py:538} INFO - Filling up the DagBag from /opt/airflow/dags/first_dag.py
[2023-01-12T03:57:03.527+0000] {processor.py:753} INFO - DAG(s) dict_keys(['first_dag_v5']) retrieved from /opt/airflow/dags/first_dag.py
[2023-01-12T03:57:03.626+0000] {logging_mixin.py:137} INFO - [2023-01-12T03:57:03.626+0000] {dag.py:2676} INFO - Sync 1 DAGs
[2023-01-12T03:57:03.700+0000] {logging_mixin.py:137} INFO - [2023-01-12T03:57:03.700+0000] {dag.py:3427} INFO - Setting next_dagrun for first_dag_v5 to 2023-01-11T00:00:00+00:00, run_after=2023-01-12T00:00:00+00:00
[2023-01-12T03:57:03.756+0000] {processor.py:175} INFO - Processing /opt/airflow/dags/first_dag.py took 0.303 seconds
[2023-01-12T03:57:34.100+0000] {processor.py:153} INFO - Started process (PID=165) to work on /opt/airflow/dags/first_dag.py
[2023-01-12T03:57:34.102+0000] {processor.py:743} INFO - Processing file /opt/airflow/dags/first_dag.py for tasks to queue
[2023-01-12T03:57:34.105+0000] {logging_mixin.py:137} INFO - [2023-01-12T03:57:34.104+0000] {dagbag.py:538} INFO - Filling up the DagBag from /opt/airflow/dags/first_dag.py
[2023-01-12T03:57:34.159+0000] {processor.py:753} INFO - DAG(s) dict_keys(['first_dag_v5']) retrieved from /opt/airflow/dags/first_dag.py
[2023-01-12T03:57:34.263+0000] {logging_mixin.py:137} INFO - [2023-01-12T03:57:34.263+0000] {dag.py:2676} INFO - Sync 1 DAGs
[2023-01-12T03:57:34.335+0000] {logging_mixin.py:137} INFO - [2023-01-12T03:57:34.335+0000] {dag.py:3427} INFO - Setting next_dagrun for first_dag_v5 to 2023-01-11T00:00:00+00:00, run_after=2023-01-12T00:00:00+00:00
[2023-01-12T03:57:34.385+0000] {processor.py:175} INFO - Processing /opt/airflow/dags/first_dag.py took 0.295 seconds
[2023-01-12T03:58:04.747+0000] {processor.py:153} INFO - Started process (PID=201) to work on /opt/airflow/dags/first_dag.py
[2023-01-12T03:58:04.749+0000] {processor.py:743} INFO - Processing file /opt/airflow/dags/first_dag.py for tasks to queue
[2023-01-12T03:58:04.750+0000] {logging_mixin.py:137} INFO - [2023-01-12T03:58:04.750+0000] {dagbag.py:538} INFO - Filling up the DagBag from /opt/airflow/dags/first_dag.py
[2023-01-12T03:58:04.801+0000] {processor.py:753} INFO - DAG(s) dict_keys(['first_dag_v5']) retrieved from /opt/airflow/dags/first_dag.py
[2023-01-12T03:58:04.895+0000] {logging_mixin.py:137} INFO - [2023-01-12T03:58:04.895+0000] {dag.py:2676} INFO - Sync 1 DAGs
[2023-01-12T03:58:04.966+0000] {logging_mixin.py:137} INFO - [2023-01-12T03:58:04.966+0000] {dag.py:3427} INFO - Setting next_dagrun for first_dag_v5 to 2023-01-11T00:00:00+00:00, run_after=2023-01-12T00:00:00+00:00
[2023-01-12T03:58:05.015+0000] {processor.py:175} INFO - Processing /opt/airflow/dags/first_dag.py took 0.277 seconds
[2023-01-12T03:58:35.378+0000] {processor.py:153} INFO - Started process (PID=237) to work on /opt/airflow/dags/first_dag.py
[2023-01-12T03:58:35.380+0000] {processor.py:743} INFO - Processing file /opt/airflow/dags/first_dag.py for tasks to queue
[2023-01-12T03:58:35.383+0000] {logging_mixin.py:137} INFO - [2023-01-12T03:58:35.383+0000] {dagbag.py:538} INFO - Filling up the DagBag from /opt/airflow/dags/first_dag.py
[2023-01-12T03:58:35.431+0000] {processor.py:753} INFO - DAG(s) dict_keys(['first_dag_v5']) retrieved from /opt/airflow/dags/first_dag.py
[2023-01-12T03:58:35.540+0000] {logging_mixin.py:137} INFO - [2023-01-12T03:58:35.540+0000] {dag.py:2676} INFO - Sync 1 DAGs
[2023-01-12T03:58:35.610+0000] {logging_mixin.py:137} INFO - [2023-01-12T03:58:35.610+0000] {dag.py:3427} INFO - Setting next_dagrun for first_dag_v5 to 2023-01-11T00:00:00+00:00, run_after=2023-01-12T00:00:00+00:00
[2023-01-12T03:58:35.668+0000] {processor.py:175} INFO - Processing /opt/airflow/dags/first_dag.py took 0.300 seconds
[2023-01-12T03:59:05.995+0000] {processor.py:153} INFO - Started process (PID=273) to work on /opt/airflow/dags/first_dag.py
[2023-01-12T03:59:05.998+0000] {processor.py:743} INFO - Processing file /opt/airflow/dags/first_dag.py for tasks to queue
[2023-01-12T03:59:06.001+0000] {logging_mixin.py:137} INFO - [2023-01-12T03:59:06.001+0000] {dagbag.py:538} INFO - Filling up the DagBag from /opt/airflow/dags/first_dag.py
[2023-01-12T03:59:06.049+0000] {processor.py:753} INFO - DAG(s) dict_keys(['first_dag_v5']) retrieved from /opt/airflow/dags/first_dag.py
[2023-01-12T03:59:06.307+0000] {logging_mixin.py:137} INFO - [2023-01-12T03:59:06.304+0000] {dag.py:2676} INFO - Sync 1 DAGs
[2023-01-12T03:59:06.419+0000] {logging_mixin.py:137} INFO - [2023-01-12T03:59:06.419+0000] {dag.py:3427} INFO - Setting next_dagrun for first_dag_v5 to 2023-01-11T00:00:00+00:00, run_after=2023-01-12T00:00:00+00:00
[2023-01-12T03:59:06.488+0000] {processor.py:175} INFO - Processing /opt/airflow/dags/first_dag.py took 0.501 seconds
[2023-01-12T03:59:37.167+0000] {processor.py:153} INFO - Started process (PID=310) to work on /opt/airflow/dags/first_dag.py
[2023-01-12T03:59:37.169+0000] {processor.py:743} INFO - Processing file /opt/airflow/dags/first_dag.py for tasks to queue
[2023-01-12T03:59:37.172+0000] {logging_mixin.py:137} INFO - [2023-01-12T03:59:37.171+0000] {dagbag.py:538} INFO - Filling up the DagBag from /opt/airflow/dags/first_dag.py
[2023-01-12T03:59:37.218+0000] {processor.py:753} INFO - DAG(s) dict_keys(['first_dag_v5']) retrieved from /opt/airflow/dags/first_dag.py
[2023-01-12T03:59:37.314+0000] {logging_mixin.py:137} INFO - [2023-01-12T03:59:37.313+0000] {dag.py:2676} INFO - Sync 1 DAGs
[2023-01-12T03:59:37.382+0000] {logging_mixin.py:137} INFO - [2023-01-12T03:59:37.382+0000] {dag.py:3427} INFO - Setting next_dagrun for first_dag_v5 to 2023-01-11T00:00:00+00:00, run_after=2023-01-12T00:00:00+00:00
[2023-01-12T03:59:37.439+0000] {processor.py:175} INFO - Processing /opt/airflow/dags/first_dag.py took 0.280 seconds
[2023-01-12T04:00:07.767+0000] {processor.py:153} INFO - Started process (PID=346) to work on /opt/airflow/dags/first_dag.py
[2023-01-12T04:00:07.770+0000] {processor.py:743} INFO - Processing file /opt/airflow/dags/first_dag.py for tasks to queue
[2023-01-12T04:00:07.772+0000] {logging_mixin.py:137} INFO - [2023-01-12T04:00:07.772+0000] {dagbag.py:538} INFO - Filling up the DagBag from /opt/airflow/dags/first_dag.py
[2023-01-12T04:00:07.822+0000] {processor.py:753} INFO - DAG(s) dict_keys(['first_dag_v5']) retrieved from /opt/airflow/dags/first_dag.py
[2023-01-12T04:00:07.939+0000] {logging_mixin.py:137} INFO - [2023-01-12T04:00:07.938+0000] {dag.py:2676} INFO - Sync 1 DAGs
[2023-01-12T04:00:08.026+0000] {logging_mixin.py:137} INFO - [2023-01-12T04:00:08.026+0000] {dag.py:3427} INFO - Setting next_dagrun for first_dag_v5 to 2023-01-11T00:00:00+00:00, run_after=2023-01-12T00:00:00+00:00
[2023-01-12T04:00:08.074+0000] {processor.py:175} INFO - Processing /opt/airflow/dags/first_dag.py took 0.315 seconds
[2023-01-12T04:00:38.488+0000] {processor.py:153} INFO - Started process (PID=383) to work on /opt/airflow/dags/first_dag.py
[2023-01-12T04:00:38.490+0000] {processor.py:743} INFO - Processing file /opt/airflow/dags/first_dag.py for tasks to queue
[2023-01-12T04:00:38.492+0000] {logging_mixin.py:137} INFO - [2023-01-12T04:00:38.491+0000] {dagbag.py:538} INFO - Filling up the DagBag from /opt/airflow/dags/first_dag.py
[2023-01-12T04:00:38.541+0000] {processor.py:753} INFO - DAG(s) dict_keys(['first_dag_v5']) retrieved from /opt/airflow/dags/first_dag.py
[2023-01-12T04:00:38.648+0000] {logging_mixin.py:137} INFO - [2023-01-12T04:00:38.647+0000] {dag.py:2676} INFO - Sync 1 DAGs
[2023-01-12T04:00:38.728+0000] {logging_mixin.py:137} INFO - [2023-01-12T04:00:38.727+0000] {dag.py:3427} INFO - Setting next_dagrun for first_dag_v5 to 2023-01-11T00:00:00+00:00, run_after=2023-01-12T00:00:00+00:00
[2023-01-12T04:00:38.792+0000] {processor.py:175} INFO - Processing /opt/airflow/dags/first_dag.py took 0.312 seconds
[2023-01-12T04:01:09.142+0000] {processor.py:153} INFO - Started process (PID=420) to work on /opt/airflow/dags/first_dag.py
[2023-01-12T04:01:09.145+0000] {processor.py:743} INFO - Processing file /opt/airflow/dags/first_dag.py for tasks to queue
[2023-01-12T04:01:09.147+0000] {logging_mixin.py:137} INFO - [2023-01-12T04:01:09.147+0000] {dagbag.py:538} INFO - Filling up the DagBag from /opt/airflow/dags/first_dag.py
[2023-01-12T04:01:09.193+0000] {processor.py:753} INFO - DAG(s) dict_keys(['first_dag_v5']) retrieved from /opt/airflow/dags/first_dag.py
[2023-01-12T04:01:09.287+0000] {logging_mixin.py:137} INFO - [2023-01-12T04:01:09.287+0000] {dag.py:2676} INFO - Sync 1 DAGs
[2023-01-12T04:01:09.354+0000] {logging_mixin.py:137} INFO - [2023-01-12T04:01:09.353+0000] {dag.py:3427} INFO - Setting next_dagrun for first_dag_v5 to 2023-01-11T00:00:00+00:00, run_after=2023-01-12T00:00:00+00:00
[2023-01-12T04:01:09.401+0000] {processor.py:175} INFO - Processing /opt/airflow/dags/first_dag.py took 0.269 seconds
[2023-01-12T04:01:39.767+0000] {processor.py:153} INFO - Started process (PID=456) to work on /opt/airflow/dags/first_dag.py
[2023-01-12T04:01:39.769+0000] {processor.py:743} INFO - Processing file /opt/airflow/dags/first_dag.py for tasks to queue
[2023-01-12T04:01:39.771+0000] {logging_mixin.py:137} INFO - [2023-01-12T04:01:39.771+0000] {dagbag.py:538} INFO - Filling up the DagBag from /opt/airflow/dags/first_dag.py
[2023-01-12T04:01:39.816+0000] {processor.py:753} INFO - DAG(s) dict_keys(['first_dag_v5']) retrieved from /opt/airflow/dags/first_dag.py
[2023-01-12T04:01:39.911+0000] {logging_mixin.py:137} INFO - [2023-01-12T04:01:39.911+0000] {dag.py:2676} INFO - Sync 1 DAGs
[2023-01-12T04:01:39.982+0000] {logging_mixin.py:137} INFO - [2023-01-12T04:01:39.981+0000] {dag.py:3427} INFO - Setting next_dagrun for first_dag_v5 to 2023-01-11T00:00:00+00:00, run_after=2023-01-12T00:00:00+00:00
[2023-01-12T04:01:40.037+0000] {processor.py:175} INFO - Processing /opt/airflow/dags/first_dag.py took 0.278 seconds
[2023-01-12T04:02:10.422+0000] {processor.py:153} INFO - Started process (PID=493) to work on /opt/airflow/dags/first_dag.py
[2023-01-12T04:02:10.424+0000] {processor.py:743} INFO - Processing file /opt/airflow/dags/first_dag.py for tasks to queue
[2023-01-12T04:02:10.426+0000] {logging_mixin.py:137} INFO - [2023-01-12T04:02:10.426+0000] {dagbag.py:538} INFO - Filling up the DagBag from /opt/airflow/dags/first_dag.py
[2023-01-12T04:02:10.501+0000] {processor.py:753} INFO - DAG(s) dict_keys(['first_dag_v5']) retrieved from /opt/airflow/dags/first_dag.py
[2023-01-12T04:02:10.634+0000] {logging_mixin.py:137} INFO - [2023-01-12T04:02:10.633+0000] {dag.py:2676} INFO - Sync 1 DAGs
[2023-01-12T04:02:10.721+0000] {logging_mixin.py:137} INFO - [2023-01-12T04:02:10.721+0000] {dag.py:3427} INFO - Setting next_dagrun for first_dag_v5 to 2023-01-11T00:00:00+00:00, run_after=2023-01-12T00:00:00+00:00
[2023-01-12T04:02:10.791+0000] {processor.py:175} INFO - Processing /opt/airflow/dags/first_dag.py took 0.378 seconds
[2023-01-12T04:02:41.114+0000] {processor.py:153} INFO - Started process (PID=529) to work on /opt/airflow/dags/first_dag.py
[2023-01-12T04:02:41.116+0000] {processor.py:743} INFO - Processing file /opt/airflow/dags/first_dag.py for tasks to queue
[2023-01-12T04:02:41.117+0000] {logging_mixin.py:137} INFO - [2023-01-12T04:02:41.117+0000] {dagbag.py:538} INFO - Filling up the DagBag from /opt/airflow/dags/first_dag.py
[2023-01-12T04:02:41.171+0000] {processor.py:753} INFO - DAG(s) dict_keys(['first_dag_v5']) retrieved from /opt/airflow/dags/first_dag.py
[2023-01-12T04:02:41.274+0000] {logging_mixin.py:137} INFO - [2023-01-12T04:02:41.274+0000] {dag.py:2676} INFO - Sync 1 DAGs
[2023-01-12T04:02:41.345+0000] {logging_mixin.py:137} INFO - [2023-01-12T04:02:41.345+0000] {dag.py:3427} INFO - Setting next_dagrun for first_dag_v5 to 2023-01-11T00:00:00+00:00, run_after=2023-01-12T00:00:00+00:00
[2023-01-12T04:02:41.410+0000] {processor.py:175} INFO - Processing /opt/airflow/dags/first_dag.py took 0.304 seconds
[2023-01-12T04:03:11.832+0000] {processor.py:153} INFO - Started process (PID=558) to work on /opt/airflow/dags/first_dag.py
[2023-01-12T04:03:11.834+0000] {processor.py:743} INFO - Processing file /opt/airflow/dags/first_dag.py for tasks to queue
[2023-01-12T04:03:11.836+0000] {logging_mixin.py:137} INFO - [2023-01-12T04:03:11.836+0000] {dagbag.py:538} INFO - Filling up the DagBag from /opt/airflow/dags/first_dag.py
[2023-01-12T04:03:11.893+0000] {processor.py:753} INFO - DAG(s) dict_keys(['first_dag_v5']) retrieved from /opt/airflow/dags/first_dag.py
[2023-01-12T04:03:12.023+0000] {logging_mixin.py:137} INFO - [2023-01-12T04:03:12.023+0000] {dag.py:2676} INFO - Sync 1 DAGs
[2023-01-12T04:03:12.111+0000] {logging_mixin.py:137} INFO - [2023-01-12T04:03:12.111+0000] {dag.py:3427} INFO - Setting next_dagrun for first_dag_v5 to 2023-01-11T00:00:00+00:00, run_after=2023-01-12T00:00:00+00:00
[2023-01-12T04:03:12.168+0000] {processor.py:175} INFO - Processing /opt/airflow/dags/first_dag.py took 0.344 seconds
[2023-01-12T04:03:42.521+0000] {processor.py:153} INFO - Started process (PID=594) to work on /opt/airflow/dags/first_dag.py
[2023-01-12T04:03:42.524+0000] {processor.py:743} INFO - Processing file /opt/airflow/dags/first_dag.py for tasks to queue
[2023-01-12T04:03:42.526+0000] {logging_mixin.py:137} INFO - [2023-01-12T04:03:42.525+0000] {dagbag.py:538} INFO - Filling up the DagBag from /opt/airflow/dags/first_dag.py
[2023-01-12T04:03:42.591+0000] {processor.py:753} INFO - DAG(s) dict_keys(['first_dag_v5']) retrieved from /opt/airflow/dags/first_dag.py
[2023-01-12T04:03:42.701+0000] {logging_mixin.py:137} INFO - [2023-01-12T04:03:42.701+0000] {dag.py:2676} INFO - Sync 1 DAGs
[2023-01-12T04:03:42.805+0000] {logging_mixin.py:137} INFO - [2023-01-12T04:03:42.804+0000] {dag.py:3427} INFO - Setting next_dagrun for first_dag_v5 to 2023-01-11T00:00:00+00:00, run_after=2023-01-12T00:00:00+00:00
[2023-01-12T04:03:42.865+0000] {processor.py:175} INFO - Processing /opt/airflow/dags/first_dag.py took 0.356 seconds
[2023-01-12T04:04:13.300+0000] {processor.py:153} INFO - Started process (PID=630) to work on /opt/airflow/dags/first_dag.py
[2023-01-12T04:04:13.302+0000] {processor.py:743} INFO - Processing file /opt/airflow/dags/first_dag.py for tasks to queue
[2023-01-12T04:04:13.305+0000] {logging_mixin.py:137} INFO - [2023-01-12T04:04:13.305+0000] {dagbag.py:538} INFO - Filling up the DagBag from /opt/airflow/dags/first_dag.py
[2023-01-12T04:04:13.371+0000] {processor.py:753} INFO - DAG(s) dict_keys(['first_dag_v5']) retrieved from /opt/airflow/dags/first_dag.py
[2023-01-12T04:04:13.515+0000] {logging_mixin.py:137} INFO - [2023-01-12T04:04:13.515+0000] {dag.py:2676} INFO - Sync 1 DAGs
[2023-01-12T04:04:13.601+0000] {logging_mixin.py:137} INFO - [2023-01-12T04:04:13.601+0000] {dag.py:3427} INFO - Setting next_dagrun for first_dag_v5 to 2023-01-11T00:00:00+00:00, run_after=2023-01-12T00:00:00+00:00
[2023-01-12T04:04:13.656+0000] {processor.py:175} INFO - Processing /opt/airflow/dags/first_dag.py took 0.369 seconds
[2023-01-12T04:04:44.002+0000] {processor.py:153} INFO - Started process (PID=657) to work on /opt/airflow/dags/first_dag.py
[2023-01-12T04:04:44.005+0000] {processor.py:743} INFO - Processing file /opt/airflow/dags/first_dag.py for tasks to queue
[2023-01-12T04:04:44.008+0000] {logging_mixin.py:137} INFO - [2023-01-12T04:04:44.007+0000] {dagbag.py:538} INFO - Filling up the DagBag from /opt/airflow/dags/first_dag.py
[2023-01-12T04:04:44.055+0000] {processor.py:753} INFO - DAG(s) dict_keys(['first_dag_v5']) retrieved from /opt/airflow/dags/first_dag.py
[2023-01-12T04:04:44.167+0000] {logging_mixin.py:137} INFO - [2023-01-12T04:04:44.167+0000] {dag.py:2676} INFO - Sync 1 DAGs
[2023-01-12T04:04:44.243+0000] {logging_mixin.py:137} INFO - [2023-01-12T04:04:44.242+0000] {dag.py:3427} INFO - Setting next_dagrun for first_dag_v5 to 2023-01-11T00:00:00+00:00, run_after=2023-01-12T00:00:00+00:00
[2023-01-12T04:04:44.304+0000] {processor.py:175} INFO - Processing /opt/airflow/dags/first_dag.py took 0.310 seconds
[2023-01-12T04:05:14.662+0000] {processor.py:153} INFO - Started process (PID=693) to work on /opt/airflow/dags/first_dag.py
[2023-01-12T04:05:14.664+0000] {processor.py:743} INFO - Processing file /opt/airflow/dags/first_dag.py for tasks to queue
[2023-01-12T04:05:14.665+0000] {logging_mixin.py:137} INFO - [2023-01-12T04:05:14.665+0000] {dagbag.py:538} INFO - Filling up the DagBag from /opt/airflow/dags/first_dag.py
[2023-01-12T04:05:14.711+0000] {processor.py:753} INFO - DAG(s) dict_keys(['first_dag_v5']) retrieved from /opt/airflow/dags/first_dag.py
[2023-01-12T04:05:14.811+0000] {logging_mixin.py:137} INFO - [2023-01-12T04:05:14.810+0000] {dag.py:2676} INFO - Sync 1 DAGs
[2023-01-12T04:05:14.884+0000] {logging_mixin.py:137} INFO - [2023-01-12T04:05:14.883+0000] {dag.py:3427} INFO - Setting next_dagrun for first_dag_v5 to 2023-01-11T00:00:00+00:00, run_after=2023-01-12T00:00:00+00:00
[2023-01-12T04:05:14.943+0000] {processor.py:175} INFO - Processing /opt/airflow/dags/first_dag.py took 0.290 seconds
[2023-01-12T04:05:45.305+0000] {processor.py:153} INFO - Started process (PID=729) to work on /opt/airflow/dags/first_dag.py
[2023-01-12T04:05:45.307+0000] {processor.py:743} INFO - Processing file /opt/airflow/dags/first_dag.py for tasks to queue
[2023-01-12T04:05:45.309+0000] {logging_mixin.py:137} INFO - [2023-01-12T04:05:45.309+0000] {dagbag.py:538} INFO - Filling up the DagBag from /opt/airflow/dags/first_dag.py
[2023-01-12T04:05:45.366+0000] {processor.py:753} INFO - DAG(s) dict_keys(['first_dag_v5']) retrieved from /opt/airflow/dags/first_dag.py
[2023-01-12T04:05:45.469+0000] {logging_mixin.py:137} INFO - [2023-01-12T04:05:45.469+0000] {dag.py:2676} INFO - Sync 1 DAGs
[2023-01-12T04:05:45.536+0000] {logging_mixin.py:137} INFO - [2023-01-12T04:05:45.536+0000] {dag.py:3427} INFO - Setting next_dagrun for first_dag_v5 to 2023-01-11T00:00:00+00:00, run_after=2023-01-12T00:00:00+00:00
[2023-01-12T04:05:45.590+0000] {processor.py:175} INFO - Processing /opt/airflow/dags/first_dag.py took 0.293 seconds
[2023-01-12T04:06:16.008+0000] {processor.py:153} INFO - Started process (PID=765) to work on /opt/airflow/dags/first_dag.py
[2023-01-12T04:06:16.012+0000] {processor.py:743} INFO - Processing file /opt/airflow/dags/first_dag.py for tasks to queue
[2023-01-12T04:06:16.016+0000] {logging_mixin.py:137} INFO - [2023-01-12T04:06:16.016+0000] {dagbag.py:538} INFO - Filling up the DagBag from /opt/airflow/dags/first_dag.py
[2023-01-12T04:06:16.073+0000] {processor.py:753} INFO - DAG(s) dict_keys(['first_dag_v5']) retrieved from /opt/airflow/dags/first_dag.py
[2023-01-12T04:06:16.199+0000] {logging_mixin.py:137} INFO - [2023-01-12T04:06:16.198+0000] {dag.py:2676} INFO - Sync 1 DAGs
[2023-01-12T04:06:16.284+0000] {logging_mixin.py:137} INFO - [2023-01-12T04:06:16.284+0000] {dag.py:3427} INFO - Setting next_dagrun for first_dag_v5 to 2023-01-11T00:00:00+00:00, run_after=2023-01-12T00:00:00+00:00
[2023-01-12T04:06:16.346+0000] {processor.py:175} INFO - Processing /opt/airflow/dags/first_dag.py took 0.351 seconds
[2023-01-12T04:06:46.694+0000] {processor.py:153} INFO - Started process (PID=801) to work on /opt/airflow/dags/first_dag.py
[2023-01-12T04:06:46.697+0000] {processor.py:743} INFO - Processing file /opt/airflow/dags/first_dag.py for tasks to queue
[2023-01-12T04:06:46.699+0000] {logging_mixin.py:137} INFO - [2023-01-12T04:06:46.698+0000] {dagbag.py:538} INFO - Filling up the DagBag from /opt/airflow/dags/first_dag.py
[2023-01-12T04:06:46.746+0000] {processor.py:753} INFO - DAG(s) dict_keys(['first_dag_v5']) retrieved from /opt/airflow/dags/first_dag.py
[2023-01-12T04:06:46.842+0000] {logging_mixin.py:137} INFO - [2023-01-12T04:06:46.841+0000] {dag.py:2676} INFO - Sync 1 DAGs
[2023-01-12T04:06:46.910+0000] {logging_mixin.py:137} INFO - [2023-01-12T04:06:46.909+0000] {dag.py:3427} INFO - Setting next_dagrun for first_dag_v5 to 2023-01-11T00:00:00+00:00, run_after=2023-01-12T00:00:00+00:00
[2023-01-12T04:06:46.962+0000] {processor.py:175} INFO - Processing /opt/airflow/dags/first_dag.py took 0.278 seconds
[2023-01-12T04:07:17.294+0000] {processor.py:153} INFO - Started process (PID=837) to work on /opt/airflow/dags/first_dag.py
[2023-01-12T04:07:17.296+0000] {processor.py:743} INFO - Processing file /opt/airflow/dags/first_dag.py for tasks to queue
[2023-01-12T04:07:17.298+0000] {logging_mixin.py:137} INFO - [2023-01-12T04:07:17.298+0000] {dagbag.py:538} INFO - Filling up the DagBag from /opt/airflow/dags/first_dag.py
[2023-01-12T04:07:17.346+0000] {processor.py:753} INFO - DAG(s) dict_keys(['first_dag_v5']) retrieved from /opt/airflow/dags/first_dag.py
[2023-01-12T04:07:17.442+0000] {logging_mixin.py:137} INFO - [2023-01-12T04:07:17.441+0000] {dag.py:2676} INFO - Sync 1 DAGs
[2023-01-12T04:07:17.519+0000] {logging_mixin.py:137} INFO - [2023-01-12T04:07:17.519+0000] {dag.py:3427} INFO - Setting next_dagrun for first_dag_v5 to 2023-01-11T00:00:00+00:00, run_after=2023-01-12T00:00:00+00:00
[2023-01-12T04:07:17.572+0000] {processor.py:175} INFO - Processing /opt/airflow/dags/first_dag.py took 0.286 seconds
[2023-01-12T04:07:47.962+0000] {processor.py:153} INFO - Started process (PID=873) to work on /opt/airflow/dags/first_dag.py
[2023-01-12T04:07:47.965+0000] {processor.py:743} INFO - Processing file /opt/airflow/dags/first_dag.py for tasks to queue
[2023-01-12T04:07:47.968+0000] {logging_mixin.py:137} INFO - [2023-01-12T04:07:47.968+0000] {dagbag.py:538} INFO - Filling up the DagBag from /opt/airflow/dags/first_dag.py
[2023-01-12T04:07:48.020+0000] {processor.py:753} INFO - DAG(s) dict_keys(['first_dag_v5']) retrieved from /opt/airflow/dags/first_dag.py
[2023-01-12T04:07:48.123+0000] {logging_mixin.py:137} INFO - [2023-01-12T04:07:48.123+0000] {dag.py:2676} INFO - Sync 1 DAGs
[2023-01-12T04:07:48.199+0000] {logging_mixin.py:137} INFO - [2023-01-12T04:07:48.199+0000] {dag.py:3427} INFO - Setting next_dagrun for first_dag_v5 to 2023-01-11T00:00:00+00:00, run_after=2023-01-12T00:00:00+00:00
[2023-01-12T04:07:48.263+0000] {processor.py:175} INFO - Processing /opt/airflow/dags/first_dag.py took 0.310 seconds
[2023-01-12T04:08:18.639+0000] {processor.py:153} INFO - Started process (PID=909) to work on /opt/airflow/dags/first_dag.py
[2023-01-12T04:08:18.642+0000] {processor.py:743} INFO - Processing file /opt/airflow/dags/first_dag.py for tasks to queue
[2023-01-12T04:08:18.644+0000] {logging_mixin.py:137} INFO - [2023-01-12T04:08:18.643+0000] {dagbag.py:538} INFO - Filling up the DagBag from /opt/airflow/dags/first_dag.py
[2023-01-12T04:08:18.718+0000] {processor.py:753} INFO - DAG(s) dict_keys(['first_dag_v5']) retrieved from /opt/airflow/dags/first_dag.py
[2023-01-12T04:08:18.867+0000] {logging_mixin.py:137} INFO - [2023-01-12T04:08:18.866+0000] {dag.py:2676} INFO - Sync 1 DAGs
[2023-01-12T04:08:18.963+0000] {logging_mixin.py:137} INFO - [2023-01-12T04:08:18.962+0000] {dag.py:3427} INFO - Setting next_dagrun for first_dag_v5 to 2023-01-11T00:00:00+00:00, run_after=2023-01-12T00:00:00+00:00
[2023-01-12T04:08:19.022+0000] {processor.py:175} INFO - Processing /opt/airflow/dags/first_dag.py took 0.393 seconds
[2023-01-12T04:08:49.339+0000] {processor.py:153} INFO - Started process (PID=945) to work on /opt/airflow/dags/first_dag.py
[2023-01-12T04:08:49.341+0000] {processor.py:743} INFO - Processing file /opt/airflow/dags/first_dag.py for tasks to queue
[2023-01-12T04:08:49.343+0000] {logging_mixin.py:137} INFO - [2023-01-12T04:08:49.342+0000] {dagbag.py:538} INFO - Filling up the DagBag from /opt/airflow/dags/first_dag.py
[2023-01-12T04:08:49.387+0000] {processor.py:753} INFO - DAG(s) dict_keys(['first_dag_v5']) retrieved from /opt/airflow/dags/first_dag.py
[2023-01-12T04:08:49.479+0000] {logging_mixin.py:137} INFO - [2023-01-12T04:08:49.478+0000] {dag.py:2676} INFO - Sync 1 DAGs
[2023-01-12T04:08:49.563+0000] {logging_mixin.py:137} INFO - [2023-01-12T04:08:49.563+0000] {dag.py:3427} INFO - Setting next_dagrun for first_dag_v5 to 2023-01-11T00:00:00+00:00, run_after=2023-01-12T00:00:00+00:00
[2023-01-12T04:08:49.619+0000] {processor.py:175} INFO - Processing /opt/airflow/dags/first_dag.py took 0.288 seconds
[2023-01-12T04:09:19.987+0000] {processor.py:153} INFO - Started process (PID=982) to work on /opt/airflow/dags/first_dag.py
[2023-01-12T04:09:19.990+0000] {processor.py:743} INFO - Processing file /opt/airflow/dags/first_dag.py for tasks to queue
[2023-01-12T04:09:19.993+0000] {logging_mixin.py:137} INFO - [2023-01-12T04:09:19.992+0000] {dagbag.py:538} INFO - Filling up the DagBag from /opt/airflow/dags/first_dag.py
[2023-01-12T04:09:20.051+0000] {processor.py:753} INFO - DAG(s) dict_keys(['first_dag_v5']) retrieved from /opt/airflow/dags/first_dag.py
[2023-01-12T04:09:20.157+0000] {logging_mixin.py:137} INFO - [2023-01-12T04:09:20.157+0000] {dag.py:2676} INFO - Sync 1 DAGs
[2023-01-12T04:09:20.238+0000] {logging_mixin.py:137} INFO - [2023-01-12T04:09:20.237+0000] {dag.py:3427} INFO - Setting next_dagrun for first_dag_v5 to 2023-01-11T00:00:00+00:00, run_after=2023-01-12T00:00:00+00:00
[2023-01-12T04:09:20.294+0000] {processor.py:175} INFO - Processing /opt/airflow/dags/first_dag.py took 0.318 seconds
[2023-01-12T04:09:50.659+0000] {processor.py:153} INFO - Started process (PID=1018) to work on /opt/airflow/dags/first_dag.py
[2023-01-12T04:09:50.661+0000] {processor.py:743} INFO - Processing file /opt/airflow/dags/first_dag.py for tasks to queue
[2023-01-12T04:09:50.663+0000] {logging_mixin.py:137} INFO - [2023-01-12T04:09:50.663+0000] {dagbag.py:538} INFO - Filling up the DagBag from /opt/airflow/dags/first_dag.py
[2023-01-12T04:09:50.708+0000] {processor.py:753} INFO - DAG(s) dict_keys(['first_dag_v5']) retrieved from /opt/airflow/dags/first_dag.py
[2023-01-12T04:09:50.799+0000] {logging_mixin.py:137} INFO - [2023-01-12T04:09:50.798+0000] {dag.py:2676} INFO - Sync 1 DAGs
[2023-01-12T04:09:50.866+0000] {logging_mixin.py:137} INFO - [2023-01-12T04:09:50.866+0000] {dag.py:3427} INFO - Setting next_dagrun for first_dag_v5 to 2023-01-11T00:00:00+00:00, run_after=2023-01-12T00:00:00+00:00
[2023-01-12T04:09:50.924+0000] {processor.py:175} INFO - Processing /opt/airflow/dags/first_dag.py took 0.273 seconds
[2023-01-12T04:10:21.333+0000] {processor.py:153} INFO - Started process (PID=1054) to work on /opt/airflow/dags/first_dag.py
[2023-01-12T04:10:21.335+0000] {processor.py:743} INFO - Processing file /opt/airflow/dags/first_dag.py for tasks to queue
[2023-01-12T04:10:21.337+0000] {logging_mixin.py:137} INFO - [2023-01-12T04:10:21.336+0000] {dagbag.py:538} INFO - Filling up the DagBag from /opt/airflow/dags/first_dag.py
[2023-01-12T04:10:21.384+0000] {processor.py:753} INFO - DAG(s) dict_keys(['first_dag_v5']) retrieved from /opt/airflow/dags/first_dag.py
[2023-01-12T04:10:21.486+0000] {logging_mixin.py:137} INFO - [2023-01-12T04:10:21.486+0000] {dag.py:2676} INFO - Sync 1 DAGs
[2023-01-12T04:10:21.563+0000] {logging_mixin.py:137} INFO - [2023-01-12T04:10:21.563+0000] {dag.py:3427} INFO - Setting next_dagrun for first_dag_v5 to 2023-01-11T00:00:00+00:00, run_after=2023-01-12T00:00:00+00:00
[2023-01-12T04:10:21.627+0000] {processor.py:175} INFO - Processing /opt/airflow/dags/first_dag.py took 0.302 seconds
[2023-01-12T04:10:51.977+0000] {processor.py:153} INFO - Started process (PID=1090) to work on /opt/airflow/dags/first_dag.py
[2023-01-12T04:10:51.980+0000] {processor.py:743} INFO - Processing file /opt/airflow/dags/first_dag.py for tasks to queue
[2023-01-12T04:10:51.983+0000] {logging_mixin.py:137} INFO - [2023-01-12T04:10:51.982+0000] {dagbag.py:538} INFO - Filling up the DagBag from /opt/airflow/dags/first_dag.py
[2023-01-12T04:10:52.032+0000] {processor.py:753} INFO - DAG(s) dict_keys(['first_dag_v5']) retrieved from /opt/airflow/dags/first_dag.py
[2023-01-12T04:10:52.168+0000] {logging_mixin.py:137} INFO - [2023-01-12T04:10:52.168+0000] {dag.py:2676} INFO - Sync 1 DAGs
[2023-01-12T04:10:52.265+0000] {logging_mixin.py:137} INFO - [2023-01-12T04:10:52.265+0000] {dag.py:3427} INFO - Setting next_dagrun for first_dag_v5 to 2023-01-11T00:00:00+00:00, run_after=2023-01-12T00:00:00+00:00
[2023-01-12T04:10:52.332+0000] {processor.py:175} INFO - Processing /opt/airflow/dags/first_dag.py took 0.364 seconds
[2023-01-12T04:11:23.162+0000] {processor.py:153} INFO - Started process (PID=1126) to work on /opt/airflow/dags/first_dag.py
[2023-01-12T04:11:23.165+0000] {processor.py:743} INFO - Processing file /opt/airflow/dags/first_dag.py for tasks to queue
[2023-01-12T04:11:23.167+0000] {logging_mixin.py:137} INFO - [2023-01-12T04:11:23.167+0000] {dagbag.py:538} INFO - Filling up the DagBag from /opt/airflow/dags/first_dag.py
[2023-01-12T04:11:23.220+0000] {processor.py:753} INFO - DAG(s) dict_keys(['first_dag_v5']) retrieved from /opt/airflow/dags/first_dag.py
[2023-01-12T04:11:23.329+0000] {logging_mixin.py:137} INFO - [2023-01-12T04:11:23.329+0000] {dag.py:2676} INFO - Sync 1 DAGs
[2023-01-12T04:11:23.418+0000] {logging_mixin.py:137} INFO - [2023-01-12T04:11:23.417+0000] {dag.py:3427} INFO - Setting next_dagrun for first_dag_v5 to 2023-01-11T00:00:00+00:00, run_after=2023-01-12T00:00:00+00:00
[2023-01-12T04:11:23.475+0000] {processor.py:175} INFO - Processing /opt/airflow/dags/first_dag.py took 0.324 seconds
