[2023-01-12T03:56:01.371+0000] {processor.py:153} INFO - Started process (PID=53) to work on /opt/airflow/dags/postgres_quarterly_dag.py
[2023-01-12T03:56:01.373+0000] {processor.py:743} INFO - Processing file /opt/airflow/dags/postgres_quarterly_dag.py for tasks to queue
[2023-01-12T03:56:01.375+0000] {logging_mixin.py:137} INFO - [2023-01-12T03:56:01.375+0000] {dagbag.py:538} INFO - Filling up the DagBag from /opt/airflow/dags/postgres_quarterly_dag.py
[2023-01-12T03:56:01.626+0000] {processor.py:753} INFO - DAG(s) dict_keys(['postgres_quarterly_dag']) retrieved from /opt/airflow/dags/postgres_quarterly_dag.py
[2023-01-12T03:56:02.127+0000] {logging_mixin.py:137} INFO - [2023-01-12T03:56:02.127+0000] {manager.py:504} INFO - Created Permission View: can edit on DAG:postgres_quarterly_dag
[2023-01-12T03:56:02.154+0000] {logging_mixin.py:137} INFO - [2023-01-12T03:56:02.154+0000] {manager.py:504} INFO - Created Permission View: can read on DAG:postgres_quarterly_dag
[2023-01-12T03:56:02.178+0000] {logging_mixin.py:137} INFO - [2023-01-12T03:56:02.177+0000] {manager.py:504} INFO - Created Permission View: can delete on DAG:postgres_quarterly_dag
[2023-01-12T03:56:02.179+0000] {logging_mixin.py:137} INFO - [2023-01-12T03:56:02.179+0000] {dag.py:2676} INFO - Sync 1 DAGs
[2023-01-12T03:56:02.216+0000] {logging_mixin.py:137} INFO - [2023-01-12T03:56:02.216+0000] {dag.py:2697} INFO - Creating ORM DAG for postgres_quarterly_dag
[2023-01-12T03:56:02.246+0000] {logging_mixin.py:137} INFO - [2023-01-12T03:56:02.246+0000] {dag.py:3427} INFO - Setting next_dagrun for postgres_quarterly_dag to 2023-01-11T00:00:00+00:00, run_after=2023-01-11T00:00:00+00:00
[2023-01-12T03:56:02.297+0000] {processor.py:175} INFO - Processing /opt/airflow/dags/postgres_quarterly_dag.py took 0.934 seconds
[2023-01-12T03:56:32.788+0000] {processor.py:153} INFO - Started process (PID=91) to work on /opt/airflow/dags/postgres_quarterly_dag.py
[2023-01-12T03:56:32.792+0000] {processor.py:743} INFO - Processing file /opt/airflow/dags/postgres_quarterly_dag.py for tasks to queue
[2023-01-12T03:56:32.794+0000] {logging_mixin.py:137} INFO - [2023-01-12T03:56:32.794+0000] {dagbag.py:538} INFO - Filling up the DagBag from /opt/airflow/dags/postgres_quarterly_dag.py
[2023-01-12T03:56:32.920+0000] {processor.py:753} INFO - DAG(s) dict_keys(['postgres_quarterly_dag']) retrieved from /opt/airflow/dags/postgres_quarterly_dag.py
[2023-01-12T03:56:33.021+0000] {logging_mixin.py:137} INFO - [2023-01-12T03:56:33.021+0000] {dag.py:2676} INFO - Sync 1 DAGs
[2023-01-12T03:56:33.087+0000] {logging_mixin.py:137} INFO - [2023-01-12T03:56:33.086+0000] {dag.py:3427} INFO - Setting next_dagrun for postgres_quarterly_dag to 2023-01-11T00:00:00+00:00, run_after=2023-01-11T00:00:00+00:00
[2023-01-12T03:56:33.143+0000] {processor.py:175} INFO - Processing /opt/airflow/dags/postgres_quarterly_dag.py took 0.363 seconds
[2023-01-12T03:57:03.440+0000] {processor.py:153} INFO - Started process (PID=127) to work on /opt/airflow/dags/postgres_quarterly_dag.py
[2023-01-12T03:57:03.442+0000] {processor.py:743} INFO - Processing file /opt/airflow/dags/postgres_quarterly_dag.py for tasks to queue
[2023-01-12T03:57:03.445+0000] {logging_mixin.py:137} INFO - [2023-01-12T03:57:03.444+0000] {dagbag.py:538} INFO - Filling up the DagBag from /opt/airflow/dags/postgres_quarterly_dag.py
[2023-01-12T03:57:03.559+0000] {processor.py:753} INFO - DAG(s) dict_keys(['postgres_quarterly_dag']) retrieved from /opt/airflow/dags/postgres_quarterly_dag.py
[2023-01-12T03:57:03.657+0000] {logging_mixin.py:137} INFO - [2023-01-12T03:57:03.656+0000] {dag.py:2676} INFO - Sync 1 DAGs
[2023-01-12T03:57:03.725+0000] {logging_mixin.py:137} INFO - [2023-01-12T03:57:03.725+0000] {dag.py:3427} INFO - Setting next_dagrun for postgres_quarterly_dag to 2023-01-11T00:00:00+00:00, run_after=2023-01-11T00:00:00+00:00
[2023-01-12T03:57:03.777+0000] {processor.py:175} INFO - Processing /opt/airflow/dags/postgres_quarterly_dag.py took 0.346 seconds
[2023-01-12T03:57:34.087+0000] {processor.py:153} INFO - Started process (PID=164) to work on /opt/airflow/dags/postgres_quarterly_dag.py
[2023-01-12T03:57:34.089+0000] {processor.py:743} INFO - Processing file /opt/airflow/dags/postgres_quarterly_dag.py for tasks to queue
[2023-01-12T03:57:34.091+0000] {logging_mixin.py:137} INFO - [2023-01-12T03:57:34.091+0000] {dagbag.py:538} INFO - Filling up the DagBag from /opt/airflow/dags/postgres_quarterly_dag.py
[2023-01-12T03:57:34.196+0000] {processor.py:753} INFO - DAG(s) dict_keys(['postgres_quarterly_dag']) retrieved from /opt/airflow/dags/postgres_quarterly_dag.py
[2023-01-12T03:57:34.315+0000] {logging_mixin.py:137} INFO - [2023-01-12T03:57:34.314+0000] {dag.py:2676} INFO - Sync 1 DAGs
[2023-01-12T03:57:34.381+0000] {logging_mixin.py:137} INFO - [2023-01-12T03:57:34.380+0000] {dag.py:3427} INFO - Setting next_dagrun for postgres_quarterly_dag to 2023-01-11T00:00:00+00:00, run_after=2023-01-11T00:00:00+00:00
[2023-01-12T03:57:34.433+0000] {processor.py:175} INFO - Processing /opt/airflow/dags/postgres_quarterly_dag.py took 0.354 seconds
[2023-01-12T03:58:04.740+0000] {processor.py:153} INFO - Started process (PID=200) to work on /opt/airflow/dags/postgres_quarterly_dag.py
[2023-01-12T03:58:04.742+0000] {processor.py:743} INFO - Processing file /opt/airflow/dags/postgres_quarterly_dag.py for tasks to queue
[2023-01-12T03:58:04.744+0000] {logging_mixin.py:137} INFO - [2023-01-12T03:58:04.743+0000] {dagbag.py:538} INFO - Filling up the DagBag from /opt/airflow/dags/postgres_quarterly_dag.py
[2023-01-12T03:58:04.853+0000] {processor.py:753} INFO - DAG(s) dict_keys(['postgres_quarterly_dag']) retrieved from /opt/airflow/dags/postgres_quarterly_dag.py
[2023-01-12T03:58:04.938+0000] {logging_mixin.py:137} INFO - [2023-01-12T03:58:04.937+0000] {dag.py:2676} INFO - Sync 1 DAGs
[2023-01-12T03:58:05.001+0000] {logging_mixin.py:137} INFO - [2023-01-12T03:58:05.000+0000] {dag.py:3427} INFO - Setting next_dagrun for postgres_quarterly_dag to 2023-01-11T00:00:00+00:00, run_after=2023-01-11T00:00:00+00:00
[2023-01-12T03:58:05.058+0000] {processor.py:175} INFO - Processing /opt/airflow/dags/postgres_quarterly_dag.py took 0.330 seconds
[2023-01-12T03:58:35.365+0000] {processor.py:153} INFO - Started process (PID=236) to work on /opt/airflow/dags/postgres_quarterly_dag.py
[2023-01-12T03:58:35.367+0000] {processor.py:743} INFO - Processing file /opt/airflow/dags/postgres_quarterly_dag.py for tasks to queue
[2023-01-12T03:58:35.368+0000] {logging_mixin.py:137} INFO - [2023-01-12T03:58:35.368+0000] {dagbag.py:538} INFO - Filling up the DagBag from /opt/airflow/dags/postgres_quarterly_dag.py
[2023-01-12T03:58:35.472+0000] {processor.py:753} INFO - DAG(s) dict_keys(['postgres_quarterly_dag']) retrieved from /opt/airflow/dags/postgres_quarterly_dag.py
[2023-01-12T03:58:35.564+0000] {logging_mixin.py:137} INFO - [2023-01-12T03:58:35.564+0000] {dag.py:2676} INFO - Sync 1 DAGs
[2023-01-12T03:58:35.637+0000] {logging_mixin.py:137} INFO - [2023-01-12T03:58:35.636+0000] {dag.py:3427} INFO - Setting next_dagrun for postgres_quarterly_dag to 2023-01-11T00:00:00+00:00, run_after=2023-01-11T00:00:00+00:00
[2023-01-12T03:58:35.694+0000] {processor.py:175} INFO - Processing /opt/airflow/dags/postgres_quarterly_dag.py took 0.337 seconds
[2023-01-12T03:59:05.982+0000] {processor.py:153} INFO - Started process (PID=272) to work on /opt/airflow/dags/postgres_quarterly_dag.py
[2023-01-12T03:59:05.984+0000] {processor.py:743} INFO - Processing file /opt/airflow/dags/postgres_quarterly_dag.py for tasks to queue
[2023-01-12T03:59:05.986+0000] {logging_mixin.py:137} INFO - [2023-01-12T03:59:05.986+0000] {dagbag.py:538} INFO - Filling up the DagBag from /opt/airflow/dags/postgres_quarterly_dag.py
[2023-01-12T03:59:06.086+0000] {processor.py:753} INFO - DAG(s) dict_keys(['postgres_quarterly_dag']) retrieved from /opt/airflow/dags/postgres_quarterly_dag.py
[2023-01-12T03:59:06.374+0000] {logging_mixin.py:137} INFO - [2023-01-12T03:59:06.373+0000] {dag.py:2676} INFO - Sync 1 DAGs
[2023-01-12T03:59:06.454+0000] {logging_mixin.py:137} INFO - [2023-01-12T03:59:06.453+0000] {dag.py:3427} INFO - Setting next_dagrun for postgres_quarterly_dag to 2023-01-11T00:00:00+00:00, run_after=2023-01-11T00:00:00+00:00
[2023-01-12T03:59:06.513+0000] {processor.py:175} INFO - Processing /opt/airflow/dags/postgres_quarterly_dag.py took 0.541 seconds
[2023-01-12T03:59:37.155+0000] {processor.py:153} INFO - Started process (PID=309) to work on /opt/airflow/dags/postgres_quarterly_dag.py
[2023-01-12T03:59:37.157+0000] {processor.py:743} INFO - Processing file /opt/airflow/dags/postgres_quarterly_dag.py for tasks to queue
[2023-01-12T03:59:37.158+0000] {logging_mixin.py:137} INFO - [2023-01-12T03:59:37.158+0000] {dagbag.py:538} INFO - Filling up the DagBag from /opt/airflow/dags/postgres_quarterly_dag.py
[2023-01-12T03:59:37.255+0000] {processor.py:753} INFO - DAG(s) dict_keys(['postgres_quarterly_dag']) retrieved from /opt/airflow/dags/postgres_quarterly_dag.py
[2023-01-12T03:59:37.347+0000] {logging_mixin.py:137} INFO - [2023-01-12T03:59:37.347+0000] {dag.py:2676} INFO - Sync 1 DAGs
[2023-01-12T03:59:37.410+0000] {logging_mixin.py:137} INFO - [2023-01-12T03:59:37.409+0000] {dag.py:3427} INFO - Setting next_dagrun for postgres_quarterly_dag to 2023-01-11T00:00:00+00:00, run_after=2023-01-11T00:00:00+00:00
[2023-01-12T03:59:37.458+0000] {processor.py:175} INFO - Processing /opt/airflow/dags/postgres_quarterly_dag.py took 0.310 seconds
[2023-01-12T04:00:07.754+0000] {processor.py:153} INFO - Started process (PID=345) to work on /opt/airflow/dags/postgres_quarterly_dag.py
[2023-01-12T04:00:07.757+0000] {processor.py:743} INFO - Processing file /opt/airflow/dags/postgres_quarterly_dag.py for tasks to queue
[2023-01-12T04:00:07.759+0000] {logging_mixin.py:137} INFO - [2023-01-12T04:00:07.758+0000] {dagbag.py:538} INFO - Filling up the DagBag from /opt/airflow/dags/postgres_quarterly_dag.py
[2023-01-12T04:00:07.867+0000] {processor.py:753} INFO - DAG(s) dict_keys(['postgres_quarterly_dag']) retrieved from /opt/airflow/dags/postgres_quarterly_dag.py
[2023-01-12T04:00:08.006+0000] {logging_mixin.py:137} INFO - [2023-01-12T04:00:08.005+0000] {dag.py:2676} INFO - Sync 1 DAGs
[2023-01-12T04:00:08.086+0000] {logging_mixin.py:137} INFO - [2023-01-12T04:00:08.086+0000] {dag.py:3427} INFO - Setting next_dagrun for postgres_quarterly_dag to 2023-01-11T00:00:00+00:00, run_after=2023-01-11T00:00:00+00:00
[2023-01-12T04:00:08.144+0000] {processor.py:175} INFO - Processing /opt/airflow/dags/postgres_quarterly_dag.py took 0.398 seconds
[2023-01-12T04:00:38.475+0000] {processor.py:153} INFO - Started process (PID=382) to work on /opt/airflow/dags/postgres_quarterly_dag.py
[2023-01-12T04:00:38.477+0000] {processor.py:743} INFO - Processing file /opt/airflow/dags/postgres_quarterly_dag.py for tasks to queue
[2023-01-12T04:00:38.479+0000] {logging_mixin.py:137} INFO - [2023-01-12T04:00:38.478+0000] {dagbag.py:538} INFO - Filling up the DagBag from /opt/airflow/dags/postgres_quarterly_dag.py
[2023-01-12T04:00:38.580+0000] {processor.py:753} INFO - DAG(s) dict_keys(['postgres_quarterly_dag']) retrieved from /opt/airflow/dags/postgres_quarterly_dag.py
[2023-01-12T04:00:38.684+0000] {logging_mixin.py:137} INFO - [2023-01-12T04:00:38.684+0000] {dag.py:2676} INFO - Sync 1 DAGs
[2023-01-12T04:00:38.753+0000] {logging_mixin.py:137} INFO - [2023-01-12T04:00:38.752+0000] {dag.py:3427} INFO - Setting next_dagrun for postgres_quarterly_dag to 2023-01-11T00:00:00+00:00, run_after=2023-01-11T00:00:00+00:00
[2023-01-12T04:00:38.809+0000] {processor.py:175} INFO - Processing /opt/airflow/dags/postgres_quarterly_dag.py took 0.342 seconds
[2023-01-12T04:01:09.132+0000] {processor.py:153} INFO - Started process (PID=419) to work on /opt/airflow/dags/postgres_quarterly_dag.py
[2023-01-12T04:01:09.134+0000] {processor.py:743} INFO - Processing file /opt/airflow/dags/postgres_quarterly_dag.py for tasks to queue
[2023-01-12T04:01:09.137+0000] {logging_mixin.py:137} INFO - [2023-01-12T04:01:09.136+0000] {dagbag.py:538} INFO - Filling up the DagBag from /opt/airflow/dags/postgres_quarterly_dag.py
[2023-01-12T04:01:09.236+0000] {processor.py:753} INFO - DAG(s) dict_keys(['postgres_quarterly_dag']) retrieved from /opt/airflow/dags/postgres_quarterly_dag.py
[2023-01-12T04:01:09.330+0000] {logging_mixin.py:137} INFO - [2023-01-12T04:01:09.330+0000] {dag.py:2676} INFO - Sync 1 DAGs
[2023-01-12T04:01:09.396+0000] {logging_mixin.py:137} INFO - [2023-01-12T04:01:09.396+0000] {dag.py:3427} INFO - Setting next_dagrun for postgres_quarterly_dag to 2023-01-11T00:00:00+00:00, run_after=2023-01-11T00:00:00+00:00
[2023-01-12T04:01:09.455+0000] {processor.py:175} INFO - Processing /opt/airflow/dags/postgres_quarterly_dag.py took 0.331 seconds
[2023-01-12T04:01:39.759+0000] {processor.py:153} INFO - Started process (PID=455) to work on /opt/airflow/dags/postgres_quarterly_dag.py
[2023-01-12T04:01:39.762+0000] {processor.py:743} INFO - Processing file /opt/airflow/dags/postgres_quarterly_dag.py for tasks to queue
[2023-01-12T04:01:39.764+0000] {logging_mixin.py:137} INFO - [2023-01-12T04:01:39.764+0000] {dagbag.py:538} INFO - Filling up the DagBag from /opt/airflow/dags/postgres_quarterly_dag.py
[2023-01-12T04:01:39.871+0000] {processor.py:753} INFO - DAG(s) dict_keys(['postgres_quarterly_dag']) retrieved from /opt/airflow/dags/postgres_quarterly_dag.py
[2023-01-12T04:01:39.963+0000] {logging_mixin.py:137} INFO - [2023-01-12T04:01:39.963+0000] {dag.py:2676} INFO - Sync 1 DAGs
[2023-01-12T04:01:40.028+0000] {logging_mixin.py:137} INFO - [2023-01-12T04:01:40.027+0000] {dag.py:3427} INFO - Setting next_dagrun for postgres_quarterly_dag to 2023-01-11T00:00:00+00:00, run_after=2023-01-11T00:00:00+00:00
[2023-01-12T04:01:40.077+0000] {processor.py:175} INFO - Processing /opt/airflow/dags/postgres_quarterly_dag.py took 0.329 seconds
[2023-01-12T04:02:10.405+0000] {processor.py:153} INFO - Started process (PID=492) to work on /opt/airflow/dags/postgres_quarterly_dag.py
[2023-01-12T04:02:10.408+0000] {processor.py:743} INFO - Processing file /opt/airflow/dags/postgres_quarterly_dag.py for tasks to queue
[2023-01-12T04:02:10.410+0000] {logging_mixin.py:137} INFO - [2023-01-12T04:02:10.410+0000] {dagbag.py:538} INFO - Filling up the DagBag from /opt/airflow/dags/postgres_quarterly_dag.py
[2023-01-12T04:02:10.532+0000] {processor.py:753} INFO - DAG(s) dict_keys(['postgres_quarterly_dag']) retrieved from /opt/airflow/dags/postgres_quarterly_dag.py
[2023-01-12T04:02:10.639+0000] {logging_mixin.py:137} INFO - [2023-01-12T04:02:10.639+0000] {dag.py:2676} INFO - Sync 1 DAGs
[2023-01-12T04:02:10.734+0000] {logging_mixin.py:137} INFO - [2023-01-12T04:02:10.733+0000] {dag.py:3427} INFO - Setting next_dagrun for postgres_quarterly_dag to 2023-01-11T00:00:00+00:00, run_after=2023-01-11T00:00:00+00:00
[2023-01-12T04:02:10.794+0000] {processor.py:175} INFO - Processing /opt/airflow/dags/postgres_quarterly_dag.py took 0.400 seconds
[2023-01-12T04:02:41.101+0000] {processor.py:153} INFO - Started process (PID=528) to work on /opt/airflow/dags/postgres_quarterly_dag.py
[2023-01-12T04:02:41.104+0000] {processor.py:743} INFO - Processing file /opt/airflow/dags/postgres_quarterly_dag.py for tasks to queue
[2023-01-12T04:02:41.107+0000] {logging_mixin.py:137} INFO - [2023-01-12T04:02:41.107+0000] {dagbag.py:538} INFO - Filling up the DagBag from /opt/airflow/dags/postgres_quarterly_dag.py
[2023-01-12T04:02:41.218+0000] {processor.py:753} INFO - DAG(s) dict_keys(['postgres_quarterly_dag']) retrieved from /opt/airflow/dags/postgres_quarterly_dag.py
[2023-01-12T04:02:41.314+0000] {logging_mixin.py:137} INFO - [2023-01-12T04:02:41.313+0000] {dag.py:2676} INFO - Sync 1 DAGs
[2023-01-12T04:02:41.400+0000] {logging_mixin.py:137} INFO - [2023-01-12T04:02:41.399+0000] {dag.py:3427} INFO - Setting next_dagrun for postgres_quarterly_dag to 2023-01-11T00:00:00+00:00, run_after=2023-01-11T00:00:00+00:00
[2023-01-12T04:02:41.453+0000] {processor.py:175} INFO - Processing /opt/airflow/dags/postgres_quarterly_dag.py took 0.362 seconds
[2023-01-12T04:03:11.808+0000] {processor.py:153} INFO - Started process (PID=557) to work on /opt/airflow/dags/postgres_quarterly_dag.py
[2023-01-12T04:03:11.812+0000] {processor.py:743} INFO - Processing file /opt/airflow/dags/postgres_quarterly_dag.py for tasks to queue
[2023-01-12T04:03:11.817+0000] {logging_mixin.py:137} INFO - [2023-01-12T04:03:11.816+0000] {dagbag.py:538} INFO - Filling up the DagBag from /opt/airflow/dags/postgres_quarterly_dag.py
[2023-01-12T04:03:11.957+0000] {processor.py:753} INFO - DAG(s) dict_keys(['postgres_quarterly_dag']) retrieved from /opt/airflow/dags/postgres_quarterly_dag.py
[2023-01-12T04:03:12.074+0000] {logging_mixin.py:137} INFO - [2023-01-12T04:03:12.074+0000] {dag.py:2676} INFO - Sync 1 DAGs
[2023-01-12T04:03:12.150+0000] {logging_mixin.py:137} INFO - [2023-01-12T04:03:12.150+0000] {dag.py:3427} INFO - Setting next_dagrun for postgres_quarterly_dag to 2023-01-11T00:00:00+00:00, run_after=2023-01-11T00:00:00+00:00
[2023-01-12T04:03:12.210+0000] {processor.py:175} INFO - Processing /opt/airflow/dags/postgres_quarterly_dag.py took 0.414 seconds
[2023-01-12T04:03:42.503+0000] {processor.py:153} INFO - Started process (PID=593) to work on /opt/airflow/dags/postgres_quarterly_dag.py
[2023-01-12T04:03:42.505+0000] {processor.py:743} INFO - Processing file /opt/airflow/dags/postgres_quarterly_dag.py for tasks to queue
[2023-01-12T04:03:42.508+0000] {logging_mixin.py:137} INFO - [2023-01-12T04:03:42.507+0000] {dagbag.py:538} INFO - Filling up the DagBag from /opt/airflow/dags/postgres_quarterly_dag.py
[2023-01-12T04:03:42.619+0000] {processor.py:753} INFO - DAG(s) dict_keys(['postgres_quarterly_dag']) retrieved from /opt/airflow/dags/postgres_quarterly_dag.py
[2023-01-12T04:03:42.748+0000] {logging_mixin.py:137} INFO - [2023-01-12T04:03:42.747+0000] {dag.py:2676} INFO - Sync 1 DAGs
[2023-01-12T04:03:42.832+0000] {logging_mixin.py:137} INFO - [2023-01-12T04:03:42.832+0000] {dag.py:3427} INFO - Setting next_dagrun for postgres_quarterly_dag to 2023-01-11T00:00:00+00:00, run_after=2023-01-11T00:00:00+00:00
[2023-01-12T04:03:42.908+0000] {processor.py:175} INFO - Processing /opt/airflow/dags/postgres_quarterly_dag.py took 0.412 seconds
[2023-01-12T04:04:13.283+0000] {processor.py:153} INFO - Started process (PID=629) to work on /opt/airflow/dags/postgres_quarterly_dag.py
[2023-01-12T04:04:13.286+0000] {processor.py:743} INFO - Processing file /opt/airflow/dags/postgres_quarterly_dag.py for tasks to queue
[2023-01-12T04:04:13.289+0000] {logging_mixin.py:137} INFO - [2023-01-12T04:04:13.288+0000] {dagbag.py:538} INFO - Filling up the DagBag from /opt/airflow/dags/postgres_quarterly_dag.py
[2023-01-12T04:04:13.420+0000] {processor.py:753} INFO - DAG(s) dict_keys(['postgres_quarterly_dag']) retrieved from /opt/airflow/dags/postgres_quarterly_dag.py
[2023-01-12T04:04:13.545+0000] {logging_mixin.py:137} INFO - [2023-01-12T04:04:13.545+0000] {dag.py:2676} INFO - Sync 1 DAGs
[2023-01-12T04:04:13.617+0000] {logging_mixin.py:137} INFO - [2023-01-12T04:04:13.617+0000] {dag.py:3427} INFO - Setting next_dagrun for postgres_quarterly_dag to 2023-01-11T00:00:00+00:00, run_after=2023-01-11T00:00:00+00:00
[2023-01-12T04:04:13.678+0000] {processor.py:175} INFO - Processing /opt/airflow/dags/postgres_quarterly_dag.py took 0.411 seconds
[2023-01-12T04:04:43.995+0000] {processor.py:153} INFO - Started process (PID=656) to work on /opt/airflow/dags/postgres_quarterly_dag.py
[2023-01-12T04:04:43.998+0000] {processor.py:743} INFO - Processing file /opt/airflow/dags/postgres_quarterly_dag.py for tasks to queue
[2023-01-12T04:04:44.001+0000] {logging_mixin.py:137} INFO - [2023-01-12T04:04:44.000+0000] {dagbag.py:538} INFO - Filling up the DagBag from /opt/airflow/dags/postgres_quarterly_dag.py
[2023-01-12T04:04:44.113+0000] {processor.py:753} INFO - DAG(s) dict_keys(['postgres_quarterly_dag']) retrieved from /opt/airflow/dags/postgres_quarterly_dag.py
[2023-01-12T04:04:44.206+0000] {logging_mixin.py:137} INFO - [2023-01-12T04:04:44.206+0000] {dag.py:2676} INFO - Sync 1 DAGs
[2023-01-12T04:04:44.285+0000] {logging_mixin.py:137} INFO - [2023-01-12T04:04:44.285+0000] {dag.py:3427} INFO - Setting next_dagrun for postgres_quarterly_dag to 2023-01-11T00:00:00+00:00, run_after=2023-01-11T00:00:00+00:00
[2023-01-12T04:04:44.338+0000] {processor.py:175} INFO - Processing /opt/airflow/dags/postgres_quarterly_dag.py took 0.358 seconds
[2023-01-12T04:05:14.653+0000] {processor.py:153} INFO - Started process (PID=692) to work on /opt/airflow/dags/postgres_quarterly_dag.py
[2023-01-12T04:05:14.656+0000] {processor.py:743} INFO - Processing file /opt/airflow/dags/postgres_quarterly_dag.py for tasks to queue
[2023-01-12T04:05:14.660+0000] {logging_mixin.py:137} INFO - [2023-01-12T04:05:14.658+0000] {dagbag.py:538} INFO - Filling up the DagBag from /opt/airflow/dags/postgres_quarterly_dag.py
[2023-01-12T04:05:14.768+0000] {processor.py:753} INFO - DAG(s) dict_keys(['postgres_quarterly_dag']) retrieved from /opt/airflow/dags/postgres_quarterly_dag.py
[2023-01-12T04:05:14.861+0000] {logging_mixin.py:137} INFO - [2023-01-12T04:05:14.861+0000] {dag.py:2676} INFO - Sync 1 DAGs
[2023-01-12T04:05:14.941+0000] {logging_mixin.py:137} INFO - [2023-01-12T04:05:14.941+0000] {dag.py:3427} INFO - Setting next_dagrun for postgres_quarterly_dag to 2023-01-11T00:00:00+00:00, run_after=2023-01-11T00:00:00+00:00
[2023-01-12T04:05:14.994+0000] {processor.py:175} INFO - Processing /opt/airflow/dags/postgres_quarterly_dag.py took 0.352 seconds
[2023-01-12T04:05:45.290+0000] {processor.py:153} INFO - Started process (PID=728) to work on /opt/airflow/dags/postgres_quarterly_dag.py
[2023-01-12T04:05:45.292+0000] {processor.py:743} INFO - Processing file /opt/airflow/dags/postgres_quarterly_dag.py for tasks to queue
[2023-01-12T04:05:45.294+0000] {logging_mixin.py:137} INFO - [2023-01-12T04:05:45.294+0000] {dagbag.py:538} INFO - Filling up the DagBag from /opt/airflow/dags/postgres_quarterly_dag.py
[2023-01-12T04:05:45.403+0000] {processor.py:753} INFO - DAG(s) dict_keys(['postgres_quarterly_dag']) retrieved from /opt/airflow/dags/postgres_quarterly_dag.py
[2023-01-12T04:05:45.492+0000] {logging_mixin.py:137} INFO - [2023-01-12T04:05:45.492+0000] {dag.py:2676} INFO - Sync 1 DAGs
[2023-01-12T04:05:45.556+0000] {logging_mixin.py:137} INFO - [2023-01-12T04:05:45.556+0000] {dag.py:3427} INFO - Setting next_dagrun for postgres_quarterly_dag to 2023-01-11T00:00:00+00:00, run_after=2023-01-11T00:00:00+00:00
[2023-01-12T04:05:45.604+0000] {processor.py:175} INFO - Processing /opt/airflow/dags/postgres_quarterly_dag.py took 0.321 seconds
[2023-01-12T04:06:15.967+0000] {processor.py:153} INFO - Started process (PID=764) to work on /opt/airflow/dags/postgres_quarterly_dag.py
[2023-01-12T04:06:15.969+0000] {processor.py:743} INFO - Processing file /opt/airflow/dags/postgres_quarterly_dag.py for tasks to queue
[2023-01-12T04:06:15.972+0000] {logging_mixin.py:137} INFO - [2023-01-12T04:06:15.971+0000] {dagbag.py:538} INFO - Filling up the DagBag from /opt/airflow/dags/postgres_quarterly_dag.py
[2023-01-12T04:06:16.110+0000] {processor.py:753} INFO - DAG(s) dict_keys(['postgres_quarterly_dag']) retrieved from /opt/airflow/dags/postgres_quarterly_dag.py
[2023-01-12T04:06:16.238+0000] {logging_mixin.py:137} INFO - [2023-01-12T04:06:16.237+0000] {dag.py:2676} INFO - Sync 1 DAGs
[2023-01-12T04:06:16.322+0000] {logging_mixin.py:137} INFO - [2023-01-12T04:06:16.321+0000] {dag.py:3427} INFO - Setting next_dagrun for postgres_quarterly_dag to 2023-01-11T00:00:00+00:00, run_after=2023-01-11T00:00:00+00:00
[2023-01-12T04:06:16.383+0000] {processor.py:175} INFO - Processing /opt/airflow/dags/postgres_quarterly_dag.py took 0.429 seconds
[2023-01-12T04:06:46.677+0000] {processor.py:153} INFO - Started process (PID=800) to work on /opt/airflow/dags/postgres_quarterly_dag.py
[2023-01-12T04:06:46.682+0000] {processor.py:743} INFO - Processing file /opt/airflow/dags/postgres_quarterly_dag.py for tasks to queue
[2023-01-12T04:06:46.685+0000] {logging_mixin.py:137} INFO - [2023-01-12T04:06:46.685+0000] {dagbag.py:538} INFO - Filling up the DagBag from /opt/airflow/dags/postgres_quarterly_dag.py
[2023-01-12T04:06:46.779+0000] {processor.py:753} INFO - DAG(s) dict_keys(['postgres_quarterly_dag']) retrieved from /opt/airflow/dags/postgres_quarterly_dag.py
[2023-01-12T04:06:46.870+0000] {logging_mixin.py:137} INFO - [2023-01-12T04:06:46.870+0000] {dag.py:2676} INFO - Sync 1 DAGs
[2023-01-12T04:06:46.933+0000] {logging_mixin.py:137} INFO - [2023-01-12T04:06:46.933+0000] {dag.py:3427} INFO - Setting next_dagrun for postgres_quarterly_dag to 2023-01-11T00:00:00+00:00, run_after=2023-01-11T00:00:00+00:00
[2023-01-12T04:06:46.981+0000] {processor.py:175} INFO - Processing /opt/airflow/dags/postgres_quarterly_dag.py took 0.316 seconds
[2023-01-12T04:07:17.280+0000] {processor.py:153} INFO - Started process (PID=836) to work on /opt/airflow/dags/postgres_quarterly_dag.py
[2023-01-12T04:07:17.283+0000] {processor.py:743} INFO - Processing file /opt/airflow/dags/postgres_quarterly_dag.py for tasks to queue
[2023-01-12T04:07:17.285+0000] {logging_mixin.py:137} INFO - [2023-01-12T04:07:17.285+0000] {dagbag.py:538} INFO - Filling up the DagBag from /opt/airflow/dags/postgres_quarterly_dag.py
[2023-01-12T04:07:17.400+0000] {processor.py:753} INFO - DAG(s) dict_keys(['postgres_quarterly_dag']) retrieved from /opt/airflow/dags/postgres_quarterly_dag.py
[2023-01-12T04:07:17.503+0000] {logging_mixin.py:137} INFO - [2023-01-12T04:07:17.503+0000] {dag.py:2676} INFO - Sync 1 DAGs
[2023-01-12T04:07:17.572+0000] {logging_mixin.py:137} INFO - [2023-01-12T04:07:17.572+0000] {dag.py:3427} INFO - Setting next_dagrun for postgres_quarterly_dag to 2023-01-11T00:00:00+00:00, run_after=2023-01-11T00:00:00+00:00
[2023-01-12T04:07:17.631+0000] {processor.py:175} INFO - Processing /opt/airflow/dags/postgres_quarterly_dag.py took 0.359 seconds
[2023-01-12T04:07:47.946+0000] {processor.py:153} INFO - Started process (PID=872) to work on /opt/airflow/dags/postgres_quarterly_dag.py
[2023-01-12T04:07:47.949+0000] {processor.py:743} INFO - Processing file /opt/airflow/dags/postgres_quarterly_dag.py for tasks to queue
[2023-01-12T04:07:47.951+0000] {logging_mixin.py:137} INFO - [2023-01-12T04:07:47.950+0000] {dagbag.py:538} INFO - Filling up the DagBag from /opt/airflow/dags/postgres_quarterly_dag.py
[2023-01-12T04:07:48.056+0000] {processor.py:753} INFO - DAG(s) dict_keys(['postgres_quarterly_dag']) retrieved from /opt/airflow/dags/postgres_quarterly_dag.py
[2023-01-12T04:07:48.149+0000] {logging_mixin.py:137} INFO - [2023-01-12T04:07:48.149+0000] {dag.py:2676} INFO - Sync 1 DAGs
[2023-01-12T04:07:48.221+0000] {logging_mixin.py:137} INFO - [2023-01-12T04:07:48.221+0000] {dag.py:3427} INFO - Setting next_dagrun for postgres_quarterly_dag to 2023-01-11T00:00:00+00:00, run_after=2023-01-11T00:00:00+00:00
[2023-01-12T04:07:48.286+0000] {processor.py:175} INFO - Processing /opt/airflow/dags/postgres_quarterly_dag.py took 0.347 seconds
[2023-01-12T04:08:18.626+0000] {processor.py:153} INFO - Started process (PID=908) to work on /opt/airflow/dags/postgres_quarterly_dag.py
[2023-01-12T04:08:18.629+0000] {processor.py:743} INFO - Processing file /opt/airflow/dags/postgres_quarterly_dag.py for tasks to queue
[2023-01-12T04:08:18.631+0000] {logging_mixin.py:137} INFO - [2023-01-12T04:08:18.631+0000] {dagbag.py:538} INFO - Filling up the DagBag from /opt/airflow/dags/postgres_quarterly_dag.py
[2023-01-12T04:08:18.753+0000] {processor.py:753} INFO - DAG(s) dict_keys(['postgres_quarterly_dag']) retrieved from /opt/airflow/dags/postgres_quarterly_dag.py
[2023-01-12T04:08:18.867+0000] {logging_mixin.py:137} INFO - [2023-01-12T04:08:18.867+0000] {dag.py:2676} INFO - Sync 1 DAGs
[2023-01-12T04:08:18.959+0000] {logging_mixin.py:137} INFO - [2023-01-12T04:08:18.958+0000] {dag.py:3427} INFO - Setting next_dagrun for postgres_quarterly_dag to 2023-01-11T00:00:00+00:00, run_after=2023-01-11T00:00:00+00:00
[2023-01-12T04:08:19.016+0000] {processor.py:175} INFO - Processing /opt/airflow/dags/postgres_quarterly_dag.py took 0.399 seconds
[2023-01-12T04:08:49.328+0000] {processor.py:153} INFO - Started process (PID=944) to work on /opt/airflow/dags/postgres_quarterly_dag.py
[2023-01-12T04:08:49.330+0000] {processor.py:743} INFO - Processing file /opt/airflow/dags/postgres_quarterly_dag.py for tasks to queue
[2023-01-12T04:08:49.331+0000] {logging_mixin.py:137} INFO - [2023-01-12T04:08:49.331+0000] {dagbag.py:538} INFO - Filling up the DagBag from /opt/airflow/dags/postgres_quarterly_dag.py
[2023-01-12T04:08:49.422+0000] {processor.py:753} INFO - DAG(s) dict_keys(['postgres_quarterly_dag']) retrieved from /opt/airflow/dags/postgres_quarterly_dag.py
[2023-01-12T04:08:49.516+0000] {logging_mixin.py:137} INFO - [2023-01-12T04:08:49.515+0000] {dag.py:2676} INFO - Sync 1 DAGs
[2023-01-12T04:08:49.590+0000] {logging_mixin.py:137} INFO - [2023-01-12T04:08:49.589+0000] {dag.py:3427} INFO - Setting next_dagrun for postgres_quarterly_dag to 2023-01-11T00:00:00+00:00, run_after=2023-01-11T00:00:00+00:00
[2023-01-12T04:08:49.647+0000] {processor.py:175} INFO - Processing /opt/airflow/dags/postgres_quarterly_dag.py took 0.328 seconds
[2023-01-12T04:09:19.965+0000] {processor.py:153} INFO - Started process (PID=981) to work on /opt/airflow/dags/postgres_quarterly_dag.py
[2023-01-12T04:09:19.968+0000] {processor.py:743} INFO - Processing file /opt/airflow/dags/postgres_quarterly_dag.py for tasks to queue
[2023-01-12T04:09:19.970+0000] {logging_mixin.py:137} INFO - [2023-01-12T04:09:19.970+0000] {dagbag.py:538} INFO - Filling up the DagBag from /opt/airflow/dags/postgres_quarterly_dag.py
[2023-01-12T04:09:20.076+0000] {processor.py:753} INFO - DAG(s) dict_keys(['postgres_quarterly_dag']) retrieved from /opt/airflow/dags/postgres_quarterly_dag.py
[2023-01-12T04:09:20.178+0000] {logging_mixin.py:137} INFO - [2023-01-12T04:09:20.177+0000] {dag.py:2676} INFO - Sync 1 DAGs
[2023-01-12T04:09:20.271+0000] {logging_mixin.py:137} INFO - [2023-01-12T04:09:20.270+0000] {dag.py:3427} INFO - Setting next_dagrun for postgres_quarterly_dag to 2023-01-11T00:00:00+00:00, run_after=2023-01-11T00:00:00+00:00
[2023-01-12T04:09:20.331+0000] {processor.py:175} INFO - Processing /opt/airflow/dags/postgres_quarterly_dag.py took 0.374 seconds
[2023-01-12T04:09:50.647+0000] {processor.py:153} INFO - Started process (PID=1017) to work on /opt/airflow/dags/postgres_quarterly_dag.py
[2023-01-12T04:09:50.649+0000] {processor.py:743} INFO - Processing file /opt/airflow/dags/postgres_quarterly_dag.py for tasks to queue
[2023-01-12T04:09:50.651+0000] {logging_mixin.py:137} INFO - [2023-01-12T04:09:50.651+0000] {dagbag.py:538} INFO - Filling up the DagBag from /opt/airflow/dags/postgres_quarterly_dag.py
[2023-01-12T04:09:50.745+0000] {processor.py:753} INFO - DAG(s) dict_keys(['postgres_quarterly_dag']) retrieved from /opt/airflow/dags/postgres_quarterly_dag.py
[2023-01-12T04:09:50.845+0000] {logging_mixin.py:137} INFO - [2023-01-12T04:09:50.844+0000] {dag.py:2676} INFO - Sync 1 DAGs
[2023-01-12T04:09:50.919+0000] {logging_mixin.py:137} INFO - [2023-01-12T04:09:50.918+0000] {dag.py:3427} INFO - Setting next_dagrun for postgres_quarterly_dag to 2023-01-11T00:00:00+00:00, run_after=2023-01-11T00:00:00+00:00
[2023-01-12T04:09:50.975+0000] {processor.py:175} INFO - Processing /opt/airflow/dags/postgres_quarterly_dag.py took 0.339 seconds
[2023-01-12T04:10:21.321+0000] {processor.py:153} INFO - Started process (PID=1053) to work on /opt/airflow/dags/postgres_quarterly_dag.py
[2023-01-12T04:10:21.323+0000] {processor.py:743} INFO - Processing file /opt/airflow/dags/postgres_quarterly_dag.py for tasks to queue
[2023-01-12T04:10:21.325+0000] {logging_mixin.py:137} INFO - [2023-01-12T04:10:21.325+0000] {dagbag.py:538} INFO - Filling up the DagBag from /opt/airflow/dags/postgres_quarterly_dag.py
[2023-01-12T04:10:21.433+0000] {processor.py:753} INFO - DAG(s) dict_keys(['postgres_quarterly_dag']) retrieved from /opt/airflow/dags/postgres_quarterly_dag.py
[2023-01-12T04:10:21.532+0000] {logging_mixin.py:137} INFO - [2023-01-12T04:10:21.532+0000] {dag.py:2676} INFO - Sync 1 DAGs
[2023-01-12T04:10:21.612+0000] {logging_mixin.py:137} INFO - [2023-01-12T04:10:21.611+0000] {dag.py:3427} INFO - Setting next_dagrun for postgres_quarterly_dag to 2023-01-11T00:00:00+00:00, run_after=2023-01-11T00:00:00+00:00
[2023-01-12T04:10:21.662+0000] {processor.py:175} INFO - Processing /opt/airflow/dags/postgres_quarterly_dag.py took 0.353 seconds
[2023-01-12T04:10:51.964+0000] {processor.py:153} INFO - Started process (PID=1089) to work on /opt/airflow/dags/postgres_quarterly_dag.py
[2023-01-12T04:10:51.967+0000] {processor.py:743} INFO - Processing file /opt/airflow/dags/postgres_quarterly_dag.py for tasks to queue
[2023-01-12T04:10:51.970+0000] {logging_mixin.py:137} INFO - [2023-01-12T04:10:51.970+0000] {dagbag.py:538} INFO - Filling up the DagBag from /opt/airflow/dags/postgres_quarterly_dag.py
[2023-01-12T04:10:52.088+0000] {processor.py:753} INFO - DAG(s) dict_keys(['postgres_quarterly_dag']) retrieved from /opt/airflow/dags/postgres_quarterly_dag.py
[2023-01-12T04:10:52.197+0000] {logging_mixin.py:137} INFO - [2023-01-12T04:10:52.197+0000] {dag.py:2676} INFO - Sync 1 DAGs
[2023-01-12T04:10:52.275+0000] {logging_mixin.py:137} INFO - [2023-01-12T04:10:52.275+0000] {dag.py:3427} INFO - Setting next_dagrun for postgres_quarterly_dag to 2023-01-11T00:00:00+00:00, run_after=2023-01-11T00:00:00+00:00
[2023-01-12T04:10:52.348+0000] {processor.py:175} INFO - Processing /opt/airflow/dags/postgres_quarterly_dag.py took 0.397 seconds
[2023-01-12T04:11:23.144+0000] {processor.py:153} INFO - Started process (PID=1125) to work on /opt/airflow/dags/postgres_quarterly_dag.py
[2023-01-12T04:11:23.146+0000] {processor.py:743} INFO - Processing file /opt/airflow/dags/postgres_quarterly_dag.py for tasks to queue
[2023-01-12T04:11:23.149+0000] {logging_mixin.py:137} INFO - [2023-01-12T04:11:23.148+0000] {dagbag.py:538} INFO - Filling up the DagBag from /opt/airflow/dags/postgres_quarterly_dag.py
[2023-01-12T04:11:23.264+0000] {processor.py:753} INFO - DAG(s) dict_keys(['postgres_quarterly_dag']) retrieved from /opt/airflow/dags/postgres_quarterly_dag.py
[2023-01-12T04:11:23.375+0000] {logging_mixin.py:137} INFO - [2023-01-12T04:11:23.374+0000] {dag.py:2676} INFO - Sync 1 DAGs
[2023-01-12T04:11:23.466+0000] {logging_mixin.py:137} INFO - [2023-01-12T04:11:23.465+0000] {dag.py:3427} INFO - Setting next_dagrun for postgres_quarterly_dag to 2023-01-11T00:00:00+00:00, run_after=2023-01-11T00:00:00+00:00
[2023-01-12T04:11:23.519+0000] {processor.py:175} INFO - Processing /opt/airflow/dags/postgres_quarterly_dag.py took 0.385 seconds
