[2023-01-12T03:56:02.373+0000] {processor.py:153} INFO - Started process (PID=56) to work on /opt/airflow/dags/python_operator_dag.py
[2023-01-12T03:56:02.376+0000] {processor.py:743} INFO - Processing file /opt/airflow/dags/python_operator_dag.py for tasks to queue
[2023-01-12T03:56:02.379+0000] {logging_mixin.py:137} INFO - [2023-01-12T03:56:02.378+0000] {dagbag.py:538} INFO - Filling up the DagBag from /opt/airflow/dags/python_operator_dag.py
[2023-01-12T03:56:02.434+0000] {processor.py:753} INFO - DAG(s) dict_keys(['python_operator_dag_v6']) retrieved from /opt/airflow/dags/python_operator_dag.py
[2023-01-12T03:56:02.758+0000] {logging_mixin.py:137} INFO - [2023-01-12T03:56:02.757+0000] {manager.py:504} INFO - Created Permission View: can edit on DAG:python_operator_dag_v6
[2023-01-12T03:56:02.783+0000] {logging_mixin.py:137} INFO - [2023-01-12T03:56:02.783+0000] {manager.py:504} INFO - Created Permission View: can read on DAG:python_operator_dag_v6
[2023-01-12T03:56:02.804+0000] {logging_mixin.py:137} INFO - [2023-01-12T03:56:02.803+0000] {manager.py:504} INFO - Created Permission View: can delete on DAG:python_operator_dag_v6
[2023-01-12T03:56:02.805+0000] {logging_mixin.py:137} INFO - [2023-01-12T03:56:02.805+0000] {dag.py:2676} INFO - Sync 1 DAGs
[2023-01-12T03:56:02.852+0000] {logging_mixin.py:137} INFO - [2023-01-12T03:56:02.852+0000] {dag.py:2697} INFO - Creating ORM DAG for python_operator_dag_v6
[2023-01-12T03:56:02.889+0000] {logging_mixin.py:137} INFO - [2023-01-12T03:56:02.889+0000] {dag.py:3427} INFO - Setting next_dagrun for python_operator_dag_v6 to 2023-01-11T00:00:00+00:00, run_after=2023-01-12T00:00:00+00:00
[2023-01-12T03:56:02.937+0000] {processor.py:175} INFO - Processing /opt/airflow/dags/python_operator_dag.py took 0.575 seconds
[2023-01-12T03:56:33.201+0000] {processor.py:153} INFO - Started process (PID=93) to work on /opt/airflow/dags/python_operator_dag.py
[2023-01-12T03:56:33.203+0000] {processor.py:743} INFO - Processing file /opt/airflow/dags/python_operator_dag.py for tasks to queue
[2023-01-12T03:56:33.204+0000] {logging_mixin.py:137} INFO - [2023-01-12T03:56:33.204+0000] {dagbag.py:538} INFO - Filling up the DagBag from /opt/airflow/dags/python_operator_dag.py
[2023-01-12T03:56:33.255+0000] {processor.py:753} INFO - DAG(s) dict_keys(['python_operator_dag_v6']) retrieved from /opt/airflow/dags/python_operator_dag.py
[2023-01-12T03:56:33.346+0000] {logging_mixin.py:137} INFO - [2023-01-12T03:56:33.345+0000] {dag.py:2676} INFO - Sync 1 DAGs
[2023-01-12T03:56:33.410+0000] {logging_mixin.py:137} INFO - [2023-01-12T03:56:33.410+0000] {dag.py:3427} INFO - Setting next_dagrun for python_operator_dag_v6 to 2023-01-11T00:00:00+00:00, run_after=2023-01-12T00:00:00+00:00
[2023-01-12T03:56:33.464+0000] {processor.py:175} INFO - Processing /opt/airflow/dags/python_operator_dag.py took 0.270 seconds
[2023-01-12T03:57:03.823+0000] {processor.py:153} INFO - Started process (PID=129) to work on /opt/airflow/dags/python_operator_dag.py
[2023-01-12T03:57:03.826+0000] {processor.py:743} INFO - Processing file /opt/airflow/dags/python_operator_dag.py for tasks to queue
[2023-01-12T03:57:03.828+0000] {logging_mixin.py:137} INFO - [2023-01-12T03:57:03.827+0000] {dagbag.py:538} INFO - Filling up the DagBag from /opt/airflow/dags/python_operator_dag.py
[2023-01-12T03:57:03.877+0000] {processor.py:753} INFO - DAG(s) dict_keys(['python_operator_dag_v6']) retrieved from /opt/airflow/dags/python_operator_dag.py
[2023-01-12T03:57:03.975+0000] {logging_mixin.py:137} INFO - [2023-01-12T03:57:03.974+0000] {dag.py:2676} INFO - Sync 1 DAGs
[2023-01-12T03:57:04.051+0000] {logging_mixin.py:137} INFO - [2023-01-12T03:57:04.050+0000] {dag.py:3427} INFO - Setting next_dagrun for python_operator_dag_v6 to 2023-01-11T00:00:00+00:00, run_after=2023-01-12T00:00:00+00:00
[2023-01-12T03:57:04.105+0000] {processor.py:175} INFO - Processing /opt/airflow/dags/python_operator_dag.py took 0.293 seconds
[2023-01-12T03:57:34.445+0000] {processor.py:153} INFO - Started process (PID=166) to work on /opt/airflow/dags/python_operator_dag.py
[2023-01-12T03:57:34.447+0000] {processor.py:743} INFO - Processing file /opt/airflow/dags/python_operator_dag.py for tasks to queue
[2023-01-12T03:57:34.449+0000] {logging_mixin.py:137} INFO - [2023-01-12T03:57:34.449+0000] {dagbag.py:538} INFO - Filling up the DagBag from /opt/airflow/dags/python_operator_dag.py
[2023-01-12T03:57:34.501+0000] {processor.py:753} INFO - DAG(s) dict_keys(['python_operator_dag_v6']) retrieved from /opt/airflow/dags/python_operator_dag.py
[2023-01-12T03:57:34.592+0000] {logging_mixin.py:137} INFO - [2023-01-12T03:57:34.591+0000] {dag.py:2676} INFO - Sync 1 DAGs
[2023-01-12T03:57:34.659+0000] {logging_mixin.py:137} INFO - [2023-01-12T03:57:34.658+0000] {dag.py:3427} INFO - Setting next_dagrun for python_operator_dag_v6 to 2023-01-11T00:00:00+00:00, run_after=2023-01-12T00:00:00+00:00
[2023-01-12T03:57:34.708+0000] {processor.py:175} INFO - Processing /opt/airflow/dags/python_operator_dag.py took 0.271 seconds
[2023-01-12T03:58:05.080+0000] {processor.py:153} INFO - Started process (PID=202) to work on /opt/airflow/dags/python_operator_dag.py
[2023-01-12T03:58:05.083+0000] {processor.py:743} INFO - Processing file /opt/airflow/dags/python_operator_dag.py for tasks to queue
[2023-01-12T03:58:05.087+0000] {logging_mixin.py:137} INFO - [2023-01-12T03:58:05.087+0000] {dagbag.py:538} INFO - Filling up the DagBag from /opt/airflow/dags/python_operator_dag.py
[2023-01-12T03:58:05.138+0000] {processor.py:753} INFO - DAG(s) dict_keys(['python_operator_dag_v6']) retrieved from /opt/airflow/dags/python_operator_dag.py
[2023-01-12T03:58:05.227+0000] {logging_mixin.py:137} INFO - [2023-01-12T03:58:05.227+0000] {dag.py:2676} INFO - Sync 1 DAGs
[2023-01-12T03:58:05.297+0000] {logging_mixin.py:137} INFO - [2023-01-12T03:58:05.297+0000] {dag.py:3427} INFO - Setting next_dagrun for python_operator_dag_v6 to 2023-01-11T00:00:00+00:00, run_after=2023-01-12T00:00:00+00:00
[2023-01-12T03:58:05.345+0000] {processor.py:175} INFO - Processing /opt/airflow/dags/python_operator_dag.py took 0.273 seconds
[2023-01-12T03:58:35.732+0000] {processor.py:153} INFO - Started process (PID=238) to work on /opt/airflow/dags/python_operator_dag.py
[2023-01-12T03:58:35.734+0000] {processor.py:743} INFO - Processing file /opt/airflow/dags/python_operator_dag.py for tasks to queue
[2023-01-12T03:58:35.735+0000] {logging_mixin.py:137} INFO - [2023-01-12T03:58:35.735+0000] {dagbag.py:538} INFO - Filling up the DagBag from /opt/airflow/dags/python_operator_dag.py
[2023-01-12T03:58:35.782+0000] {processor.py:753} INFO - DAG(s) dict_keys(['python_operator_dag_v6']) retrieved from /opt/airflow/dags/python_operator_dag.py
[2023-01-12T03:58:35.875+0000] {logging_mixin.py:137} INFO - [2023-01-12T03:58:35.875+0000] {dag.py:2676} INFO - Sync 1 DAGs
[2023-01-12T03:58:35.941+0000] {logging_mixin.py:137} INFO - [2023-01-12T03:58:35.941+0000] {dag.py:3427} INFO - Setting next_dagrun for python_operator_dag_v6 to 2023-01-11T00:00:00+00:00, run_after=2023-01-12T00:00:00+00:00
[2023-01-12T03:58:35.999+0000] {processor.py:175} INFO - Processing /opt/airflow/dags/python_operator_dag.py took 0.274 seconds
[2023-01-12T03:59:06.587+0000] {processor.py:153} INFO - Started process (PID=274) to work on /opt/airflow/dags/python_operator_dag.py
[2023-01-12T03:59:06.590+0000] {processor.py:743} INFO - Processing file /opt/airflow/dags/python_operator_dag.py for tasks to queue
[2023-01-12T03:59:06.592+0000] {logging_mixin.py:137} INFO - [2023-01-12T03:59:06.592+0000] {dagbag.py:538} INFO - Filling up the DagBag from /opt/airflow/dags/python_operator_dag.py
[2023-01-12T03:59:06.653+0000] {processor.py:753} INFO - DAG(s) dict_keys(['python_operator_dag_v6']) retrieved from /opt/airflow/dags/python_operator_dag.py
[2023-01-12T03:59:06.761+0000] {logging_mixin.py:137} INFO - [2023-01-12T03:59:06.761+0000] {dag.py:2676} INFO - Sync 1 DAGs
[2023-01-12T03:59:06.825+0000] {logging_mixin.py:137} INFO - [2023-01-12T03:59:06.825+0000] {dag.py:3427} INFO - Setting next_dagrun for python_operator_dag_v6 to 2023-01-11T00:00:00+00:00, run_after=2023-01-12T00:00:00+00:00
[2023-01-12T03:59:06.879+0000] {processor.py:175} INFO - Processing /opt/airflow/dags/python_operator_dag.py took 0.302 seconds
[2023-01-12T03:59:37.496+0000] {processor.py:153} INFO - Started process (PID=311) to work on /opt/airflow/dags/python_operator_dag.py
[2023-01-12T03:59:37.497+0000] {processor.py:743} INFO - Processing file /opt/airflow/dags/python_operator_dag.py for tasks to queue
[2023-01-12T03:59:37.500+0000] {logging_mixin.py:137} INFO - [2023-01-12T03:59:37.500+0000] {dagbag.py:538} INFO - Filling up the DagBag from /opt/airflow/dags/python_operator_dag.py
[2023-01-12T03:59:37.547+0000] {processor.py:753} INFO - DAG(s) dict_keys(['python_operator_dag_v6']) retrieved from /opt/airflow/dags/python_operator_dag.py
[2023-01-12T03:59:37.639+0000] {logging_mixin.py:137} INFO - [2023-01-12T03:59:37.638+0000] {dag.py:2676} INFO - Sync 1 DAGs
[2023-01-12T03:59:37.712+0000] {logging_mixin.py:137} INFO - [2023-01-12T03:59:37.712+0000] {dag.py:3427} INFO - Setting next_dagrun for python_operator_dag_v6 to 2023-01-11T00:00:00+00:00, run_after=2023-01-12T00:00:00+00:00
[2023-01-12T03:59:37.761+0000] {processor.py:175} INFO - Processing /opt/airflow/dags/python_operator_dag.py took 0.272 seconds
[2023-01-12T04:00:08.138+0000] {processor.py:153} INFO - Started process (PID=347) to work on /opt/airflow/dags/python_operator_dag.py
[2023-01-12T04:00:08.141+0000] {processor.py:743} INFO - Processing file /opt/airflow/dags/python_operator_dag.py for tasks to queue
[2023-01-12T04:00:08.143+0000] {logging_mixin.py:137} INFO - [2023-01-12T04:00:08.142+0000] {dagbag.py:538} INFO - Filling up the DagBag from /opt/airflow/dags/python_operator_dag.py
[2023-01-12T04:00:08.196+0000] {processor.py:753} INFO - DAG(s) dict_keys(['python_operator_dag_v6']) retrieved from /opt/airflow/dags/python_operator_dag.py
[2023-01-12T04:00:08.285+0000] {logging_mixin.py:137} INFO - [2023-01-12T04:00:08.284+0000] {dag.py:2676} INFO - Sync 1 DAGs
[2023-01-12T04:00:08.353+0000] {logging_mixin.py:137} INFO - [2023-01-12T04:00:08.353+0000] {dag.py:3427} INFO - Setting next_dagrun for python_operator_dag_v6 to 2023-01-11T00:00:00+00:00, run_after=2023-01-12T00:00:00+00:00
[2023-01-12T04:00:08.408+0000] {processor.py:175} INFO - Processing /opt/airflow/dags/python_operator_dag.py took 0.278 seconds
[2023-01-12T04:00:38.854+0000] {processor.py:153} INFO - Started process (PID=384) to work on /opt/airflow/dags/python_operator_dag.py
[2023-01-12T04:00:38.856+0000] {processor.py:743} INFO - Processing file /opt/airflow/dags/python_operator_dag.py for tasks to queue
[2023-01-12T04:00:38.858+0000] {logging_mixin.py:137} INFO - [2023-01-12T04:00:38.858+0000] {dagbag.py:538} INFO - Filling up the DagBag from /opt/airflow/dags/python_operator_dag.py
[2023-01-12T04:00:38.907+0000] {processor.py:753} INFO - DAG(s) dict_keys(['python_operator_dag_v6']) retrieved from /opt/airflow/dags/python_operator_dag.py
[2023-01-12T04:00:38.995+0000] {logging_mixin.py:137} INFO - [2023-01-12T04:00:38.995+0000] {dag.py:2676} INFO - Sync 1 DAGs
[2023-01-12T04:00:39.062+0000] {logging_mixin.py:137} INFO - [2023-01-12T04:00:39.061+0000] {dag.py:3427} INFO - Setting next_dagrun for python_operator_dag_v6 to 2023-01-11T00:00:00+00:00, run_after=2023-01-12T00:00:00+00:00
[2023-01-12T04:00:39.109+0000] {processor.py:175} INFO - Processing /opt/airflow/dags/python_operator_dag.py took 0.262 seconds
[2023-01-12T04:01:09.466+0000] {processor.py:153} INFO - Started process (PID=421) to work on /opt/airflow/dags/python_operator_dag.py
[2023-01-12T04:01:09.468+0000] {processor.py:743} INFO - Processing file /opt/airflow/dags/python_operator_dag.py for tasks to queue
[2023-01-12T04:01:09.470+0000] {logging_mixin.py:137} INFO - [2023-01-12T04:01:09.469+0000] {dagbag.py:538} INFO - Filling up the DagBag from /opt/airflow/dags/python_operator_dag.py
[2023-01-12T04:01:09.517+0000] {processor.py:753} INFO - DAG(s) dict_keys(['python_operator_dag_v6']) retrieved from /opt/airflow/dags/python_operator_dag.py
[2023-01-12T04:01:09.604+0000] {logging_mixin.py:137} INFO - [2023-01-12T04:01:09.603+0000] {dag.py:2676} INFO - Sync 1 DAGs
[2023-01-12T04:01:09.667+0000] {logging_mixin.py:137} INFO - [2023-01-12T04:01:09.667+0000] {dag.py:3427} INFO - Setting next_dagrun for python_operator_dag_v6 to 2023-01-11T00:00:00+00:00, run_after=2023-01-12T00:00:00+00:00
[2023-01-12T04:01:09.720+0000] {processor.py:175} INFO - Processing /opt/airflow/dags/python_operator_dag.py took 0.261 seconds
[2023-01-12T04:01:40.097+0000] {processor.py:153} INFO - Started process (PID=457) to work on /opt/airflow/dags/python_operator_dag.py
[2023-01-12T04:01:40.099+0000] {processor.py:743} INFO - Processing file /opt/airflow/dags/python_operator_dag.py for tasks to queue
[2023-01-12T04:01:40.101+0000] {logging_mixin.py:137} INFO - [2023-01-12T04:01:40.101+0000] {dagbag.py:538} INFO - Filling up the DagBag from /opt/airflow/dags/python_operator_dag.py
[2023-01-12T04:01:40.153+0000] {processor.py:753} INFO - DAG(s) dict_keys(['python_operator_dag_v6']) retrieved from /opt/airflow/dags/python_operator_dag.py
[2023-01-12T04:01:40.243+0000] {logging_mixin.py:137} INFO - [2023-01-12T04:01:40.243+0000] {dag.py:2676} INFO - Sync 1 DAGs
[2023-01-12T04:01:40.307+0000] {logging_mixin.py:137} INFO - [2023-01-12T04:01:40.306+0000] {dag.py:3427} INFO - Setting next_dagrun for python_operator_dag_v6 to 2023-01-11T00:00:00+00:00, run_after=2023-01-12T00:00:00+00:00
[2023-01-12T04:01:40.359+0000] {processor.py:175} INFO - Processing /opt/airflow/dags/python_operator_dag.py took 0.271 seconds
[2023-01-12T04:02:10.862+0000] {processor.py:153} INFO - Started process (PID=494) to work on /opt/airflow/dags/python_operator_dag.py
[2023-01-12T04:02:10.865+0000] {processor.py:743} INFO - Processing file /opt/airflow/dags/python_operator_dag.py for tasks to queue
[2023-01-12T04:02:10.867+0000] {logging_mixin.py:137} INFO - [2023-01-12T04:02:10.867+0000] {dagbag.py:538} INFO - Filling up the DagBag from /opt/airflow/dags/python_operator_dag.py
[2023-01-12T04:02:10.918+0000] {processor.py:753} INFO - DAG(s) dict_keys(['python_operator_dag_v6']) retrieved from /opt/airflow/dags/python_operator_dag.py
[2023-01-12T04:02:11.022+0000] {logging_mixin.py:137} INFO - [2023-01-12T04:02:11.021+0000] {dag.py:2676} INFO - Sync 1 DAGs
[2023-01-12T04:02:11.105+0000] {logging_mixin.py:137} INFO - [2023-01-12T04:02:11.105+0000] {dag.py:3427} INFO - Setting next_dagrun for python_operator_dag_v6 to 2023-01-11T00:00:00+00:00, run_after=2023-01-12T00:00:00+00:00
[2023-01-12T04:02:11.164+0000] {processor.py:175} INFO - Processing /opt/airflow/dags/python_operator_dag.py took 0.314 seconds
[2023-01-12T04:02:41.474+0000] {processor.py:153} INFO - Started process (PID=530) to work on /opt/airflow/dags/python_operator_dag.py
[2023-01-12T04:02:41.477+0000] {processor.py:743} INFO - Processing file /opt/airflow/dags/python_operator_dag.py for tasks to queue
[2023-01-12T04:02:41.479+0000] {logging_mixin.py:137} INFO - [2023-01-12T04:02:41.479+0000] {dagbag.py:538} INFO - Filling up the DagBag from /opt/airflow/dags/python_operator_dag.py
[2023-01-12T04:02:41.534+0000] {processor.py:753} INFO - DAG(s) dict_keys(['python_operator_dag_v6']) retrieved from /opt/airflow/dags/python_operator_dag.py
[2023-01-12T04:02:41.643+0000] {logging_mixin.py:137} INFO - [2023-01-12T04:02:41.643+0000] {dag.py:2676} INFO - Sync 1 DAGs
[2023-01-12T04:02:41.721+0000] {logging_mixin.py:137} INFO - [2023-01-12T04:02:41.721+0000] {dag.py:3427} INFO - Setting next_dagrun for python_operator_dag_v6 to 2023-01-11T00:00:00+00:00, run_after=2023-01-12T00:00:00+00:00
[2023-01-12T04:02:41.786+0000] {processor.py:175} INFO - Processing /opt/airflow/dags/python_operator_dag.py took 0.320 seconds
[2023-01-12T04:03:12.231+0000] {processor.py:153} INFO - Started process (PID=559) to work on /opt/airflow/dags/python_operator_dag.py
[2023-01-12T04:03:12.234+0000] {processor.py:743} INFO - Processing file /opt/airflow/dags/python_operator_dag.py for tasks to queue
[2023-01-12T04:03:12.236+0000] {logging_mixin.py:137} INFO - [2023-01-12T04:03:12.235+0000] {dagbag.py:538} INFO - Filling up the DagBag from /opt/airflow/dags/python_operator_dag.py
[2023-01-12T04:03:12.287+0000] {processor.py:753} INFO - DAG(s) dict_keys(['python_operator_dag_v6']) retrieved from /opt/airflow/dags/python_operator_dag.py
[2023-01-12T04:03:12.377+0000] {logging_mixin.py:137} INFO - [2023-01-12T04:03:12.377+0000] {dag.py:2676} INFO - Sync 1 DAGs
[2023-01-12T04:03:12.458+0000] {logging_mixin.py:137} INFO - [2023-01-12T04:03:12.458+0000] {dag.py:3427} INFO - Setting next_dagrun for python_operator_dag_v6 to 2023-01-11T00:00:00+00:00, run_after=2023-01-12T00:00:00+00:00
[2023-01-12T04:03:12.533+0000] {processor.py:175} INFO - Processing /opt/airflow/dags/python_operator_dag.py took 0.310 seconds
[2023-01-12T04:03:42.933+0000] {processor.py:153} INFO - Started process (PID=595) to work on /opt/airflow/dags/python_operator_dag.py
[2023-01-12T04:03:42.936+0000] {processor.py:743} INFO - Processing file /opt/airflow/dags/python_operator_dag.py for tasks to queue
[2023-01-12T04:03:42.939+0000] {logging_mixin.py:137} INFO - [2023-01-12T04:03:42.938+0000] {dagbag.py:538} INFO - Filling up the DagBag from /opt/airflow/dags/python_operator_dag.py
[2023-01-12T04:03:42.998+0000] {processor.py:753} INFO - DAG(s) dict_keys(['python_operator_dag_v6']) retrieved from /opt/airflow/dags/python_operator_dag.py
[2023-01-12T04:03:43.102+0000] {logging_mixin.py:137} INFO - [2023-01-12T04:03:43.102+0000] {dag.py:2676} INFO - Sync 1 DAGs
[2023-01-12T04:03:43.184+0000] {logging_mixin.py:137} INFO - [2023-01-12T04:03:43.184+0000] {dag.py:3427} INFO - Setting next_dagrun for python_operator_dag_v6 to 2023-01-11T00:00:00+00:00, run_after=2023-01-12T00:00:00+00:00
[2023-01-12T04:03:43.238+0000] {processor.py:175} INFO - Processing /opt/airflow/dags/python_operator_dag.py took 0.313 seconds
[2023-01-12T04:04:13.719+0000] {processor.py:153} INFO - Started process (PID=631) to work on /opt/airflow/dags/python_operator_dag.py
[2023-01-12T04:04:13.721+0000] {processor.py:743} INFO - Processing file /opt/airflow/dags/python_operator_dag.py for tasks to queue
[2023-01-12T04:04:13.723+0000] {logging_mixin.py:137} INFO - [2023-01-12T04:04:13.722+0000] {dagbag.py:538} INFO - Filling up the DagBag from /opt/airflow/dags/python_operator_dag.py
[2023-01-12T04:04:13.775+0000] {processor.py:753} INFO - DAG(s) dict_keys(['python_operator_dag_v6']) retrieved from /opt/airflow/dags/python_operator_dag.py
[2023-01-12T04:04:13.893+0000] {logging_mixin.py:137} INFO - [2023-01-12T04:04:13.892+0000] {dag.py:2676} INFO - Sync 1 DAGs
[2023-01-12T04:04:13.972+0000] {logging_mixin.py:137} INFO - [2023-01-12T04:04:13.972+0000] {dag.py:3427} INFO - Setting next_dagrun for python_operator_dag_v6 to 2023-01-11T00:00:00+00:00, run_after=2023-01-12T00:00:00+00:00
[2023-01-12T04:04:14.044+0000] {processor.py:175} INFO - Processing /opt/airflow/dags/python_operator_dag.py took 0.332 seconds
[2023-01-12T04:04:44.374+0000] {processor.py:153} INFO - Started process (PID=665) to work on /opt/airflow/dags/python_operator_dag.py
[2023-01-12T04:04:44.376+0000] {processor.py:743} INFO - Processing file /opt/airflow/dags/python_operator_dag.py for tasks to queue
[2023-01-12T04:04:44.378+0000] {logging_mixin.py:137} INFO - [2023-01-12T04:04:44.377+0000] {dagbag.py:538} INFO - Filling up the DagBag from /opt/airflow/dags/python_operator_dag.py
[2023-01-12T04:04:44.426+0000] {processor.py:753} INFO - DAG(s) dict_keys(['python_operator_dag_v6']) retrieved from /opt/airflow/dags/python_operator_dag.py
[2023-01-12T04:04:44.515+0000] {logging_mixin.py:137} INFO - [2023-01-12T04:04:44.515+0000] {dag.py:2676} INFO - Sync 1 DAGs
[2023-01-12T04:04:44.586+0000] {logging_mixin.py:137} INFO - [2023-01-12T04:04:44.586+0000] {dag.py:3427} INFO - Setting next_dagrun for python_operator_dag_v6 to 2023-01-11T00:00:00+00:00, run_after=2023-01-12T00:00:00+00:00
[2023-01-12T04:04:44.638+0000] {processor.py:175} INFO - Processing /opt/airflow/dags/python_operator_dag.py took 0.272 seconds
[2023-01-12T04:05:15.009+0000] {processor.py:153} INFO - Started process (PID=694) to work on /opt/airflow/dags/python_operator_dag.py
[2023-01-12T04:05:15.011+0000] {processor.py:743} INFO - Processing file /opt/airflow/dags/python_operator_dag.py for tasks to queue
[2023-01-12T04:05:15.013+0000] {logging_mixin.py:137} INFO - [2023-01-12T04:05:15.013+0000] {dagbag.py:538} INFO - Filling up the DagBag from /opt/airflow/dags/python_operator_dag.py
[2023-01-12T04:05:15.063+0000] {processor.py:753} INFO - DAG(s) dict_keys(['python_operator_dag_v6']) retrieved from /opt/airflow/dags/python_operator_dag.py
[2023-01-12T04:05:15.153+0000] {logging_mixin.py:137} INFO - [2023-01-12T04:05:15.153+0000] {dag.py:2676} INFO - Sync 1 DAGs
[2023-01-12T04:05:15.218+0000] {logging_mixin.py:137} INFO - [2023-01-12T04:05:15.217+0000] {dag.py:3427} INFO - Setting next_dagrun for python_operator_dag_v6 to 2023-01-11T00:00:00+00:00, run_after=2023-01-12T00:00:00+00:00
[2023-01-12T04:05:15.267+0000] {processor.py:175} INFO - Processing /opt/airflow/dags/python_operator_dag.py took 0.269 seconds
[2023-01-12T04:05:45.650+0000] {processor.py:153} INFO - Started process (PID=730) to work on /opt/airflow/dags/python_operator_dag.py
[2023-01-12T04:05:45.653+0000] {processor.py:743} INFO - Processing file /opt/airflow/dags/python_operator_dag.py for tasks to queue
[2023-01-12T04:05:45.655+0000] {logging_mixin.py:137} INFO - [2023-01-12T04:05:45.654+0000] {dagbag.py:538} INFO - Filling up the DagBag from /opt/airflow/dags/python_operator_dag.py
[2023-01-12T04:05:45.703+0000] {processor.py:753} INFO - DAG(s) dict_keys(['python_operator_dag_v6']) retrieved from /opt/airflow/dags/python_operator_dag.py
[2023-01-12T04:05:45.802+0000] {logging_mixin.py:137} INFO - [2023-01-12T04:05:45.801+0000] {dag.py:2676} INFO - Sync 1 DAGs
[2023-01-12T04:05:45.866+0000] {logging_mixin.py:137} INFO - [2023-01-12T04:05:45.866+0000] {dag.py:3427} INFO - Setting next_dagrun for python_operator_dag_v6 to 2023-01-11T00:00:00+00:00, run_after=2023-01-12T00:00:00+00:00
[2023-01-12T04:05:45.922+0000] {processor.py:175} INFO - Processing /opt/airflow/dags/python_operator_dag.py took 0.281 seconds
[2023-01-12T04:06:16.421+0000] {processor.py:153} INFO - Started process (PID=766) to work on /opt/airflow/dags/python_operator_dag.py
[2023-01-12T04:06:16.423+0000] {processor.py:743} INFO - Processing file /opt/airflow/dags/python_operator_dag.py for tasks to queue
[2023-01-12T04:06:16.426+0000] {logging_mixin.py:137} INFO - [2023-01-12T04:06:16.425+0000] {dagbag.py:538} INFO - Filling up the DagBag from /opt/airflow/dags/python_operator_dag.py
[2023-01-12T04:06:16.478+0000] {processor.py:753} INFO - DAG(s) dict_keys(['python_operator_dag_v6']) retrieved from /opt/airflow/dags/python_operator_dag.py
[2023-01-12T04:06:16.575+0000] {logging_mixin.py:137} INFO - [2023-01-12T04:06:16.574+0000] {dag.py:2676} INFO - Sync 1 DAGs
[2023-01-12T04:06:16.650+0000] {logging_mixin.py:137} INFO - [2023-01-12T04:06:16.649+0000] {dag.py:3427} INFO - Setting next_dagrun for python_operator_dag_v6 to 2023-01-11T00:00:00+00:00, run_after=2023-01-12T00:00:00+00:00
[2023-01-12T04:06:16.702+0000] {processor.py:175} INFO - Processing /opt/airflow/dags/python_operator_dag.py took 0.291 seconds
[2023-01-12T04:06:47.020+0000] {processor.py:153} INFO - Started process (PID=802) to work on /opt/airflow/dags/python_operator_dag.py
[2023-01-12T04:06:47.022+0000] {processor.py:743} INFO - Processing file /opt/airflow/dags/python_operator_dag.py for tasks to queue
[2023-01-12T04:06:47.023+0000] {logging_mixin.py:137} INFO - [2023-01-12T04:06:47.023+0000] {dagbag.py:538} INFO - Filling up the DagBag from /opt/airflow/dags/python_operator_dag.py
[2023-01-12T04:06:47.070+0000] {processor.py:753} INFO - DAG(s) dict_keys(['python_operator_dag_v6']) retrieved from /opt/airflow/dags/python_operator_dag.py
[2023-01-12T04:06:47.160+0000] {logging_mixin.py:137} INFO - [2023-01-12T04:06:47.160+0000] {dag.py:2676} INFO - Sync 1 DAGs
[2023-01-12T04:06:47.233+0000] {logging_mixin.py:137} INFO - [2023-01-12T04:06:47.233+0000] {dag.py:3427} INFO - Setting next_dagrun for python_operator_dag_v6 to 2023-01-11T00:00:00+00:00, run_after=2023-01-12T00:00:00+00:00
[2023-01-12T04:06:47.284+0000] {processor.py:175} INFO - Processing /opt/airflow/dags/python_operator_dag.py took 0.272 seconds
[2023-01-12T04:07:17.641+0000] {processor.py:153} INFO - Started process (PID=838) to work on /opt/airflow/dags/python_operator_dag.py
[2023-01-12T04:07:17.644+0000] {processor.py:743} INFO - Processing file /opt/airflow/dags/python_operator_dag.py for tasks to queue
[2023-01-12T04:07:17.646+0000] {logging_mixin.py:137} INFO - [2023-01-12T04:07:17.645+0000] {dagbag.py:538} INFO - Filling up the DagBag from /opt/airflow/dags/python_operator_dag.py
[2023-01-12T04:07:17.703+0000] {processor.py:753} INFO - DAG(s) dict_keys(['python_operator_dag_v6']) retrieved from /opt/airflow/dags/python_operator_dag.py
[2023-01-12T04:07:17.800+0000] {logging_mixin.py:137} INFO - [2023-01-12T04:07:17.800+0000] {dag.py:2676} INFO - Sync 1 DAGs
[2023-01-12T04:07:17.873+0000] {logging_mixin.py:137} INFO - [2023-01-12T04:07:17.872+0000] {dag.py:3427} INFO - Setting next_dagrun for python_operator_dag_v6 to 2023-01-11T00:00:00+00:00, run_after=2023-01-12T00:00:00+00:00
[2023-01-12T04:07:17.928+0000] {processor.py:175} INFO - Processing /opt/airflow/dags/python_operator_dag.py took 0.296 seconds
[2023-01-12T04:07:48.335+0000] {processor.py:153} INFO - Started process (PID=874) to work on /opt/airflow/dags/python_operator_dag.py
[2023-01-12T04:07:48.337+0000] {processor.py:743} INFO - Processing file /opt/airflow/dags/python_operator_dag.py for tasks to queue
[2023-01-12T04:07:48.338+0000] {logging_mixin.py:137} INFO - [2023-01-12T04:07:48.338+0000] {dagbag.py:538} INFO - Filling up the DagBag from /opt/airflow/dags/python_operator_dag.py
[2023-01-12T04:07:48.391+0000] {processor.py:753} INFO - DAG(s) dict_keys(['python_operator_dag_v6']) retrieved from /opt/airflow/dags/python_operator_dag.py
[2023-01-12T04:07:48.511+0000] {logging_mixin.py:137} INFO - [2023-01-12T04:07:48.511+0000] {dag.py:2676} INFO - Sync 1 DAGs
[2023-01-12T04:07:48.586+0000] {logging_mixin.py:137} INFO - [2023-01-12T04:07:48.586+0000] {dag.py:3427} INFO - Setting next_dagrun for python_operator_dag_v6 to 2023-01-11T00:00:00+00:00, run_after=2023-01-12T00:00:00+00:00
[2023-01-12T04:07:48.643+0000] {processor.py:175} INFO - Processing /opt/airflow/dags/python_operator_dag.py took 0.315 seconds
[2023-01-12T04:08:19.081+0000] {processor.py:153} INFO - Started process (PID=910) to work on /opt/airflow/dags/python_operator_dag.py
[2023-01-12T04:08:19.084+0000] {processor.py:743} INFO - Processing file /opt/airflow/dags/python_operator_dag.py for tasks to queue
[2023-01-12T04:08:19.085+0000] {logging_mixin.py:137} INFO - [2023-01-12T04:08:19.085+0000] {dagbag.py:538} INFO - Filling up the DagBag from /opt/airflow/dags/python_operator_dag.py
[2023-01-12T04:08:19.140+0000] {processor.py:753} INFO - DAG(s) dict_keys(['python_operator_dag_v6']) retrieved from /opt/airflow/dags/python_operator_dag.py
[2023-01-12T04:08:19.237+0000] {logging_mixin.py:137} INFO - [2023-01-12T04:08:19.237+0000] {dag.py:2676} INFO - Sync 1 DAGs
[2023-01-12T04:08:19.308+0000] {logging_mixin.py:137} INFO - [2023-01-12T04:08:19.308+0000] {dag.py:3427} INFO - Setting next_dagrun for python_operator_dag_v6 to 2023-01-11T00:00:00+00:00, run_after=2023-01-12T00:00:00+00:00
[2023-01-12T04:08:19.362+0000] {processor.py:175} INFO - Processing /opt/airflow/dags/python_operator_dag.py took 0.288 seconds
[2023-01-12T04:08:49.682+0000] {processor.py:153} INFO - Started process (PID=946) to work on /opt/airflow/dags/python_operator_dag.py
[2023-01-12T04:08:49.684+0000] {processor.py:743} INFO - Processing file /opt/airflow/dags/python_operator_dag.py for tasks to queue
[2023-01-12T04:08:49.687+0000] {logging_mixin.py:137} INFO - [2023-01-12T04:08:49.686+0000] {dagbag.py:538} INFO - Filling up the DagBag from /opt/airflow/dags/python_operator_dag.py
[2023-01-12T04:08:49.740+0000] {processor.py:753} INFO - DAG(s) dict_keys(['python_operator_dag_v6']) retrieved from /opt/airflow/dags/python_operator_dag.py
[2023-01-12T04:08:49.833+0000] {logging_mixin.py:137} INFO - [2023-01-12T04:08:49.833+0000] {dag.py:2676} INFO - Sync 1 DAGs
[2023-01-12T04:08:49.901+0000] {logging_mixin.py:137} INFO - [2023-01-12T04:08:49.901+0000] {dag.py:3427} INFO - Setting next_dagrun for python_operator_dag_v6 to 2023-01-11T00:00:00+00:00, run_after=2023-01-12T00:00:00+00:00
[2023-01-12T04:08:49.961+0000] {processor.py:175} INFO - Processing /opt/airflow/dags/python_operator_dag.py took 0.287 seconds
[2023-01-12T04:09:20.365+0000] {processor.py:153} INFO - Started process (PID=983) to work on /opt/airflow/dags/python_operator_dag.py
[2023-01-12T04:09:20.368+0000] {processor.py:743} INFO - Processing file /opt/airflow/dags/python_operator_dag.py for tasks to queue
[2023-01-12T04:09:20.370+0000] {logging_mixin.py:137} INFO - [2023-01-12T04:09:20.370+0000] {dagbag.py:538} INFO - Filling up the DagBag from /opt/airflow/dags/python_operator_dag.py
[2023-01-12T04:09:20.427+0000] {processor.py:753} INFO - DAG(s) dict_keys(['python_operator_dag_v6']) retrieved from /opt/airflow/dags/python_operator_dag.py
[2023-01-12T04:09:20.546+0000] {logging_mixin.py:137} INFO - [2023-01-12T04:09:20.546+0000] {dag.py:2676} INFO - Sync 1 DAGs
[2023-01-12T04:09:20.640+0000] {logging_mixin.py:137} INFO - [2023-01-12T04:09:20.639+0000] {dag.py:3427} INFO - Setting next_dagrun for python_operator_dag_v6 to 2023-01-11T00:00:00+00:00, run_after=2023-01-12T00:00:00+00:00
[2023-01-12T04:09:20.705+0000] {processor.py:175} INFO - Processing /opt/airflow/dags/python_operator_dag.py took 0.338 seconds
[2023-01-12T04:09:51.011+0000] {processor.py:153} INFO - Started process (PID=1019) to work on /opt/airflow/dags/python_operator_dag.py
[2023-01-12T04:09:51.013+0000] {processor.py:743} INFO - Processing file /opt/airflow/dags/python_operator_dag.py for tasks to queue
[2023-01-12T04:09:51.015+0000] {logging_mixin.py:137} INFO - [2023-01-12T04:09:51.015+0000] {dagbag.py:538} INFO - Filling up the DagBag from /opt/airflow/dags/python_operator_dag.py
[2023-01-12T04:09:51.072+0000] {processor.py:753} INFO - DAG(s) dict_keys(['python_operator_dag_v6']) retrieved from /opt/airflow/dags/python_operator_dag.py
[2023-01-12T04:09:51.178+0000] {logging_mixin.py:137} INFO - [2023-01-12T04:09:51.178+0000] {dag.py:2676} INFO - Sync 1 DAGs
[2023-01-12T04:09:51.251+0000] {logging_mixin.py:137} INFO - [2023-01-12T04:09:51.250+0000] {dag.py:3427} INFO - Setting next_dagrun for python_operator_dag_v6 to 2023-01-11T00:00:00+00:00, run_after=2023-01-12T00:00:00+00:00
[2023-01-12T04:09:51.306+0000] {processor.py:175} INFO - Processing /opt/airflow/dags/python_operator_dag.py took 0.304 seconds
[2023-01-12T04:10:21.703+0000] {processor.py:153} INFO - Started process (PID=1055) to work on /opt/airflow/dags/python_operator_dag.py
[2023-01-12T04:10:21.705+0000] {processor.py:743} INFO - Processing file /opt/airflow/dags/python_operator_dag.py for tasks to queue
[2023-01-12T04:10:21.707+0000] {logging_mixin.py:137} INFO - [2023-01-12T04:10:21.707+0000] {dagbag.py:538} INFO - Filling up the DagBag from /opt/airflow/dags/python_operator_dag.py
[2023-01-12T04:10:21.768+0000] {processor.py:753} INFO - DAG(s) dict_keys(['python_operator_dag_v6']) retrieved from /opt/airflow/dags/python_operator_dag.py
[2023-01-12T04:10:21.871+0000] {logging_mixin.py:137} INFO - [2023-01-12T04:10:21.871+0000] {dag.py:2676} INFO - Sync 1 DAGs
[2023-01-12T04:10:21.956+0000] {logging_mixin.py:137} INFO - [2023-01-12T04:10:21.955+0000] {dag.py:3427} INFO - Setting next_dagrun for python_operator_dag_v6 to 2023-01-11T00:00:00+00:00, run_after=2023-01-12T00:00:00+00:00
[2023-01-12T04:10:22.016+0000] {processor.py:175} INFO - Processing /opt/airflow/dags/python_operator_dag.py took 0.323 seconds
[2023-01-12T04:10:52.419+0000] {processor.py:153} INFO - Started process (PID=1091) to work on /opt/airflow/dags/python_operator_dag.py
[2023-01-12T04:10:52.422+0000] {processor.py:743} INFO - Processing file /opt/airflow/dags/python_operator_dag.py for tasks to queue
[2023-01-12T04:10:52.425+0000] {logging_mixin.py:137} INFO - [2023-01-12T04:10:52.424+0000] {dagbag.py:538} INFO - Filling up the DagBag from /opt/airflow/dags/python_operator_dag.py
[2023-01-12T04:10:52.480+0000] {processor.py:753} INFO - DAG(s) dict_keys(['python_operator_dag_v6']) retrieved from /opt/airflow/dags/python_operator_dag.py
[2023-01-12T04:10:52.604+0000] {logging_mixin.py:137} INFO - [2023-01-12T04:10:52.603+0000] {dag.py:2676} INFO - Sync 1 DAGs
[2023-01-12T04:10:52.720+0000] {logging_mixin.py:137} INFO - [2023-01-12T04:10:52.719+0000] {dag.py:3427} INFO - Setting next_dagrun for python_operator_dag_v6 to 2023-01-11T00:00:00+00:00, run_after=2023-01-12T00:00:00+00:00
[2023-01-12T04:10:52.791+0000] {processor.py:175} INFO - Processing /opt/airflow/dags/python_operator_dag.py took 0.384 seconds
[2023-01-12T04:11:23.542+0000] {processor.py:153} INFO - Started process (PID=1127) to work on /opt/airflow/dags/python_operator_dag.py
[2023-01-12T04:11:23.545+0000] {processor.py:743} INFO - Processing file /opt/airflow/dags/python_operator_dag.py for tasks to queue
[2023-01-12T04:11:23.547+0000] {logging_mixin.py:137} INFO - [2023-01-12T04:11:23.546+0000] {dagbag.py:538} INFO - Filling up the DagBag from /opt/airflow/dags/python_operator_dag.py
[2023-01-12T04:11:23.595+0000] {processor.py:753} INFO - DAG(s) dict_keys(['python_operator_dag_v6']) retrieved from /opt/airflow/dags/python_operator_dag.py
[2023-01-12T04:11:23.709+0000] {logging_mixin.py:137} INFO - [2023-01-12T04:11:23.709+0000] {dag.py:2676} INFO - Sync 1 DAGs
[2023-01-12T04:11:23.791+0000] {logging_mixin.py:137} INFO - [2023-01-12T04:11:23.790+0000] {dag.py:3427} INFO - Setting next_dagrun for python_operator_dag_v6 to 2023-01-11T00:00:00+00:00, run_after=2023-01-12T00:00:00+00:00
[2023-01-12T04:11:23.849+0000] {processor.py:175} INFO - Processing /opt/airflow/dags/python_operator_dag.py took 0.315 seconds
