[2023-01-12T03:56:01.387+0000] {processor.py:153} INFO - Started process (PID=54) to work on /opt/airflow/dags/task_flow_api_dag.py
[2023-01-12T03:56:01.389+0000] {processor.py:743} INFO - Processing file /opt/airflow/dags/task_flow_api_dag.py for tasks to queue
[2023-01-12T03:56:01.392+0000] {logging_mixin.py:137} INFO - [2023-01-12T03:56:01.391+0000] {dagbag.py:538} INFO - Filling up the DagBag from /opt/airflow/dags/task_flow_api_dag.py
[2023-01-12T03:56:01.420+0000] {processor.py:755} WARNING - No viable dags retrieved from /opt/airflow/dags/task_flow_api_dag.py
[2023-01-12T03:56:01.474+0000] {processor.py:175} INFO - Processing /opt/airflow/dags/task_flow_api_dag.py took 0.096 seconds
[2023-01-12T03:56:31.753+0000] {processor.py:153} INFO - Started process (PID=90) to work on /opt/airflow/dags/task_flow_api_dag.py
[2023-01-12T03:56:31.754+0000] {processor.py:743} INFO - Processing file /opt/airflow/dags/task_flow_api_dag.py for tasks to queue
[2023-01-12T03:56:31.756+0000] {logging_mixin.py:137} INFO - [2023-01-12T03:56:31.756+0000] {dagbag.py:538} INFO - Filling up the DagBag from /opt/airflow/dags/task_flow_api_dag.py
[2023-01-12T03:56:31.763+0000] {processor.py:755} WARNING - No viable dags retrieved from /opt/airflow/dags/task_flow_api_dag.py
[2023-01-12T03:56:31.802+0000] {processor.py:175} INFO - Processing /opt/airflow/dags/task_flow_api_dag.py took 0.057 seconds
[2023-01-12T03:57:02.414+0000] {processor.py:153} INFO - Started process (PID=126) to work on /opt/airflow/dags/task_flow_api_dag.py
[2023-01-12T03:57:02.416+0000] {processor.py:743} INFO - Processing file /opt/airflow/dags/task_flow_api_dag.py for tasks to queue
[2023-01-12T03:57:02.417+0000] {logging_mixin.py:137} INFO - [2023-01-12T03:57:02.417+0000] {dagbag.py:538} INFO - Filling up the DagBag from /opt/airflow/dags/task_flow_api_dag.py
[2023-01-12T03:57:02.425+0000] {processor.py:755} WARNING - No viable dags retrieved from /opt/airflow/dags/task_flow_api_dag.py
[2023-01-12T03:57:02.460+0000] {processor.py:175} INFO - Processing /opt/airflow/dags/task_flow_api_dag.py took 0.054 seconds
[2023-01-12T03:57:33.063+0000] {processor.py:153} INFO - Started process (PID=163) to work on /opt/airflow/dags/task_flow_api_dag.py
[2023-01-12T03:57:33.065+0000] {processor.py:743} INFO - Processing file /opt/airflow/dags/task_flow_api_dag.py for tasks to queue
[2023-01-12T03:57:33.067+0000] {logging_mixin.py:137} INFO - [2023-01-12T03:57:33.066+0000] {dagbag.py:538} INFO - Filling up the DagBag from /opt/airflow/dags/task_flow_api_dag.py
[2023-01-12T03:57:33.073+0000] {processor.py:755} WARNING - No viable dags retrieved from /opt/airflow/dags/task_flow_api_dag.py
[2023-01-12T03:57:33.117+0000] {processor.py:175} INFO - Processing /opt/airflow/dags/task_flow_api_dag.py took 0.062 seconds
[2023-01-12T03:58:03.711+0000] {processor.py:153} INFO - Started process (PID=199) to work on /opt/airflow/dags/task_flow_api_dag.py
[2023-01-12T03:58:03.713+0000] {processor.py:743} INFO - Processing file /opt/airflow/dags/task_flow_api_dag.py for tasks to queue
[2023-01-12T03:58:03.714+0000] {logging_mixin.py:137} INFO - [2023-01-12T03:58:03.714+0000] {dagbag.py:538} INFO - Filling up the DagBag from /opt/airflow/dags/task_flow_api_dag.py
[2023-01-12T03:58:03.720+0000] {processor.py:755} WARNING - No viable dags retrieved from /opt/airflow/dags/task_flow_api_dag.py
[2023-01-12T03:58:03.755+0000] {processor.py:175} INFO - Processing /opt/airflow/dags/task_flow_api_dag.py took 0.052 seconds
[2023-01-12T03:58:34.340+0000] {processor.py:153} INFO - Started process (PID=235) to work on /opt/airflow/dags/task_flow_api_dag.py
[2023-01-12T03:58:34.342+0000] {processor.py:743} INFO - Processing file /opt/airflow/dags/task_flow_api_dag.py for tasks to queue
[2023-01-12T03:58:34.345+0000] {logging_mixin.py:137} INFO - [2023-01-12T03:58:34.345+0000] {dagbag.py:538} INFO - Filling up the DagBag from /opt/airflow/dags/task_flow_api_dag.py
[2023-01-12T03:58:34.352+0000] {processor.py:755} WARNING - No viable dags retrieved from /opt/airflow/dags/task_flow_api_dag.py
[2023-01-12T03:58:34.386+0000] {processor.py:175} INFO - Processing /opt/airflow/dags/task_flow_api_dag.py took 0.054 seconds
[2023-01-12T03:59:04.952+0000] {processor.py:153} INFO - Started process (PID=271) to work on /opt/airflow/dags/task_flow_api_dag.py
[2023-01-12T03:59:04.954+0000] {processor.py:743} INFO - Processing file /opt/airflow/dags/task_flow_api_dag.py for tasks to queue
[2023-01-12T03:59:04.956+0000] {logging_mixin.py:137} INFO - [2023-01-12T03:59:04.955+0000] {dagbag.py:538} INFO - Filling up the DagBag from /opt/airflow/dags/task_flow_api_dag.py
[2023-01-12T03:59:04.963+0000] {processor.py:755} WARNING - No viable dags retrieved from /opt/airflow/dags/task_flow_api_dag.py
[2023-01-12T03:59:04.998+0000] {processor.py:175} INFO - Processing /opt/airflow/dags/task_flow_api_dag.py took 0.055 seconds
[2023-01-12T03:59:35.124+0000] {processor.py:153} INFO - Started process (PID=308) to work on /opt/airflow/dags/task_flow_api_dag.py
[2023-01-12T03:59:35.126+0000] {processor.py:743} INFO - Processing file /opt/airflow/dags/task_flow_api_dag.py for tasks to queue
[2023-01-12T03:59:35.128+0000] {logging_mixin.py:137} INFO - [2023-01-12T03:59:35.128+0000] {dagbag.py:538} INFO - Filling up the DagBag from /opt/airflow/dags/task_flow_api_dag.py
[2023-01-12T03:59:35.133+0000] {processor.py:755} WARNING - No viable dags retrieved from /opt/airflow/dags/task_flow_api_dag.py
[2023-01-12T03:59:35.175+0000] {processor.py:175} INFO - Processing /opt/airflow/dags/task_flow_api_dag.py took 0.060 seconds
[2023-01-12T04:00:05.724+0000] {processor.py:153} INFO - Started process (PID=344) to work on /opt/airflow/dags/task_flow_api_dag.py
[2023-01-12T04:00:05.726+0000] {processor.py:743} INFO - Processing file /opt/airflow/dags/task_flow_api_dag.py for tasks to queue
[2023-01-12T04:00:05.729+0000] {logging_mixin.py:137} INFO - [2023-01-12T04:00:05.729+0000] {dagbag.py:538} INFO - Filling up the DagBag from /opt/airflow/dags/task_flow_api_dag.py
[2023-01-12T04:00:05.737+0000] {processor.py:755} WARNING - No viable dags retrieved from /opt/airflow/dags/task_flow_api_dag.py
[2023-01-12T04:00:05.787+0000] {processor.py:175} INFO - Processing /opt/airflow/dags/task_flow_api_dag.py took 0.072 seconds
[2023-01-12T04:00:36.447+0000] {processor.py:153} INFO - Started process (PID=381) to work on /opt/airflow/dags/task_flow_api_dag.py
[2023-01-12T04:00:36.449+0000] {processor.py:743} INFO - Processing file /opt/airflow/dags/task_flow_api_dag.py for tasks to queue
[2023-01-12T04:00:36.452+0000] {logging_mixin.py:137} INFO - [2023-01-12T04:00:36.451+0000] {dagbag.py:538} INFO - Filling up the DagBag from /opt/airflow/dags/task_flow_api_dag.py
[2023-01-12T04:00:36.459+0000] {processor.py:755} WARNING - No viable dags retrieved from /opt/airflow/dags/task_flow_api_dag.py
[2023-01-12T04:00:36.504+0000] {processor.py:175} INFO - Processing /opt/airflow/dags/task_flow_api_dag.py took 0.066 seconds
[2023-01-12T04:01:07.085+0000] {processor.py:153} INFO - Started process (PID=418) to work on /opt/airflow/dags/task_flow_api_dag.py
[2023-01-12T04:01:07.087+0000] {processor.py:743} INFO - Processing file /opt/airflow/dags/task_flow_api_dag.py for tasks to queue
[2023-01-12T04:01:07.090+0000] {logging_mixin.py:137} INFO - [2023-01-12T04:01:07.089+0000] {dagbag.py:538} INFO - Filling up the DagBag from /opt/airflow/dags/task_flow_api_dag.py
[2023-01-12T04:01:07.096+0000] {processor.py:755} WARNING - No viable dags retrieved from /opt/airflow/dags/task_flow_api_dag.py
[2023-01-12T04:01:07.133+0000] {processor.py:175} INFO - Processing /opt/airflow/dags/task_flow_api_dag.py took 0.058 seconds
[2023-01-12T04:01:37.721+0000] {processor.py:153} INFO - Started process (PID=454) to work on /opt/airflow/dags/task_flow_api_dag.py
[2023-01-12T04:01:37.722+0000] {processor.py:743} INFO - Processing file /opt/airflow/dags/task_flow_api_dag.py for tasks to queue
[2023-01-12T04:01:37.724+0000] {logging_mixin.py:137} INFO - [2023-01-12T04:01:37.724+0000] {dagbag.py:538} INFO - Filling up the DagBag from /opt/airflow/dags/task_flow_api_dag.py
[2023-01-12T04:01:37.730+0000] {processor.py:755} WARNING - No viable dags retrieved from /opt/airflow/dags/task_flow_api_dag.py
[2023-01-12T04:01:37.770+0000] {processor.py:175} INFO - Processing /opt/airflow/dags/task_flow_api_dag.py took 0.057 seconds
[2023-01-12T04:02:08.360+0000] {processor.py:153} INFO - Started process (PID=484) to work on /opt/airflow/dags/task_flow_api_dag.py
[2023-01-12T04:02:08.361+0000] {processor.py:743} INFO - Processing file /opt/airflow/dags/task_flow_api_dag.py for tasks to queue
[2023-01-12T04:02:08.363+0000] {logging_mixin.py:137} INFO - [2023-01-12T04:02:08.363+0000] {dagbag.py:538} INFO - Filling up the DagBag from /opt/airflow/dags/task_flow_api_dag.py
[2023-01-12T04:02:08.369+0000] {processor.py:755} WARNING - No viable dags retrieved from /opt/airflow/dags/task_flow_api_dag.py
[2023-01-12T04:02:08.415+0000] {processor.py:175} INFO - Processing /opt/airflow/dags/task_flow_api_dag.py took 0.063 seconds
[2023-01-12T04:02:39.071+0000] {processor.py:153} INFO - Started process (PID=520) to work on /opt/airflow/dags/task_flow_api_dag.py
[2023-01-12T04:02:39.073+0000] {processor.py:743} INFO - Processing file /opt/airflow/dags/task_flow_api_dag.py for tasks to queue
[2023-01-12T04:02:39.075+0000] {logging_mixin.py:137} INFO - [2023-01-12T04:02:39.075+0000] {dagbag.py:538} INFO - Filling up the DagBag from /opt/airflow/dags/task_flow_api_dag.py
[2023-01-12T04:02:39.084+0000] {processor.py:755} WARNING - No viable dags retrieved from /opt/airflow/dags/task_flow_api_dag.py
[2023-01-12T04:02:39.127+0000] {processor.py:175} INFO - Processing /opt/airflow/dags/task_flow_api_dag.py took 0.065 seconds
[2023-01-12T04:03:09.778+0000] {processor.py:153} INFO - Started process (PID=547) to work on /opt/airflow/dags/task_flow_api_dag.py
[2023-01-12T04:03:09.781+0000] {processor.py:743} INFO - Processing file /opt/airflow/dags/task_flow_api_dag.py for tasks to queue
[2023-01-12T04:03:09.784+0000] {logging_mixin.py:137} INFO - [2023-01-12T04:03:09.783+0000] {dagbag.py:538} INFO - Filling up the DagBag from /opt/airflow/dags/task_flow_api_dag.py
[2023-01-12T04:03:09.794+0000] {processor.py:755} WARNING - No viable dags retrieved from /opt/airflow/dags/task_flow_api_dag.py
[2023-01-12T04:03:09.841+0000] {processor.py:175} INFO - Processing /opt/airflow/dags/task_flow_api_dag.py took 0.073 seconds
[2023-01-12T04:03:40.478+0000] {processor.py:153} INFO - Started process (PID=583) to work on /opt/airflow/dags/task_flow_api_dag.py
[2023-01-12T04:03:40.480+0000] {processor.py:743} INFO - Processing file /opt/airflow/dags/task_flow_api_dag.py for tasks to queue
[2023-01-12T04:03:40.482+0000] {logging_mixin.py:137} INFO - [2023-01-12T04:03:40.481+0000] {dagbag.py:538} INFO - Filling up the DagBag from /opt/airflow/dags/task_flow_api_dag.py
[2023-01-12T04:03:40.486+0000] {processor.py:755} WARNING - No viable dags retrieved from /opt/airflow/dags/task_flow_api_dag.py
[2023-01-12T04:03:40.519+0000] {processor.py:175} INFO - Processing /opt/airflow/dags/task_flow_api_dag.py took 0.050 seconds
[2023-01-12T04:04:11.199+0000] {processor.py:153} INFO - Started process (PID=619) to work on /opt/airflow/dags/task_flow_api_dag.py
[2023-01-12T04:04:11.201+0000] {processor.py:743} INFO - Processing file /opt/airflow/dags/task_flow_api_dag.py for tasks to queue
[2023-01-12T04:04:11.203+0000] {logging_mixin.py:137} INFO - [2023-01-12T04:04:11.203+0000] {dagbag.py:538} INFO - Filling up the DagBag from /opt/airflow/dags/task_flow_api_dag.py
[2023-01-12T04:04:11.210+0000] {processor.py:755} WARNING - No viable dags retrieved from /opt/airflow/dags/task_flow_api_dag.py
[2023-01-12T04:04:11.254+0000] {processor.py:175} INFO - Processing /opt/airflow/dags/task_flow_api_dag.py took 0.066 seconds
[2023-01-12T04:04:41.956+0000] {processor.py:153} INFO - Started process (PID=655) to work on /opt/airflow/dags/task_flow_api_dag.py
[2023-01-12T04:04:41.958+0000] {processor.py:743} INFO - Processing file /opt/airflow/dags/task_flow_api_dag.py for tasks to queue
[2023-01-12T04:04:41.960+0000] {logging_mixin.py:137} INFO - [2023-01-12T04:04:41.960+0000] {dagbag.py:538} INFO - Filling up the DagBag from /opt/airflow/dags/task_flow_api_dag.py
[2023-01-12T04:04:41.968+0000] {processor.py:755} WARNING - No viable dags retrieved from /opt/airflow/dags/task_flow_api_dag.py
[2023-01-12T04:04:42.005+0000] {processor.py:175} INFO - Processing /opt/airflow/dags/task_flow_api_dag.py took 0.058 seconds
[2023-01-12T04:05:12.616+0000] {processor.py:153} INFO - Started process (PID=691) to work on /opt/airflow/dags/task_flow_api_dag.py
[2023-01-12T04:05:12.619+0000] {processor.py:743} INFO - Processing file /opt/airflow/dags/task_flow_api_dag.py for tasks to queue
[2023-01-12T04:05:12.620+0000] {logging_mixin.py:137} INFO - [2023-01-12T04:05:12.620+0000] {dagbag.py:538} INFO - Filling up the DagBag from /opt/airflow/dags/task_flow_api_dag.py
[2023-01-12T04:05:12.628+0000] {processor.py:755} WARNING - No viable dags retrieved from /opt/airflow/dags/task_flow_api_dag.py
[2023-01-12T04:05:12.665+0000] {processor.py:175} INFO - Processing /opt/airflow/dags/task_flow_api_dag.py took 0.057 seconds
[2023-01-12T04:05:43.259+0000] {processor.py:153} INFO - Started process (PID=727) to work on /opt/airflow/dags/task_flow_api_dag.py
[2023-01-12T04:05:43.261+0000] {processor.py:743} INFO - Processing file /opt/airflow/dags/task_flow_api_dag.py for tasks to queue
[2023-01-12T04:05:43.263+0000] {logging_mixin.py:137} INFO - [2023-01-12T04:05:43.263+0000] {dagbag.py:538} INFO - Filling up the DagBag from /opt/airflow/dags/task_flow_api_dag.py
[2023-01-12T04:05:43.270+0000] {processor.py:755} WARNING - No viable dags retrieved from /opt/airflow/dags/task_flow_api_dag.py
[2023-01-12T04:05:43.307+0000] {processor.py:175} INFO - Processing /opt/airflow/dags/task_flow_api_dag.py took 0.056 seconds
[2023-01-12T04:06:13.930+0000] {processor.py:153} INFO - Started process (PID=763) to work on /opt/airflow/dags/task_flow_api_dag.py
[2023-01-12T04:06:13.932+0000] {processor.py:743} INFO - Processing file /opt/airflow/dags/task_flow_api_dag.py for tasks to queue
[2023-01-12T04:06:13.934+0000] {logging_mixin.py:137} INFO - [2023-01-12T04:06:13.934+0000] {dagbag.py:538} INFO - Filling up the DagBag from /opt/airflow/dags/task_flow_api_dag.py
[2023-01-12T04:06:13.941+0000] {processor.py:755} WARNING - No viable dags retrieved from /opt/airflow/dags/task_flow_api_dag.py
[2023-01-12T04:06:13.985+0000] {processor.py:175} INFO - Processing /opt/airflow/dags/task_flow_api_dag.py took 0.064 seconds
[2023-01-12T04:06:44.649+0000] {processor.py:153} INFO - Started process (PID=799) to work on /opt/airflow/dags/task_flow_api_dag.py
[2023-01-12T04:06:44.652+0000] {processor.py:743} INFO - Processing file /opt/airflow/dags/task_flow_api_dag.py for tasks to queue
[2023-01-12T04:06:44.653+0000] {logging_mixin.py:137} INFO - [2023-01-12T04:06:44.653+0000] {dagbag.py:538} INFO - Filling up the DagBag from /opt/airflow/dags/task_flow_api_dag.py
[2023-01-12T04:06:44.658+0000] {processor.py:755} WARNING - No viable dags retrieved from /opt/airflow/dags/task_flow_api_dag.py
[2023-01-12T04:06:44.693+0000] {processor.py:175} INFO - Processing /opt/airflow/dags/task_flow_api_dag.py took 0.052 seconds
[2023-01-12T04:07:15.257+0000] {processor.py:153} INFO - Started process (PID=835) to work on /opt/airflow/dags/task_flow_api_dag.py
[2023-01-12T04:07:15.259+0000] {processor.py:743} INFO - Processing file /opt/airflow/dags/task_flow_api_dag.py for tasks to queue
[2023-01-12T04:07:15.261+0000] {logging_mixin.py:137} INFO - [2023-01-12T04:07:15.260+0000] {dagbag.py:538} INFO - Filling up the DagBag from /opt/airflow/dags/task_flow_api_dag.py
[2023-01-12T04:07:15.268+0000] {processor.py:755} WARNING - No viable dags retrieved from /opt/airflow/dags/task_flow_api_dag.py
[2023-01-12T04:07:15.305+0000] {processor.py:175} INFO - Processing /opt/airflow/dags/task_flow_api_dag.py took 0.057 seconds
[2023-01-12T04:07:45.921+0000] {processor.py:153} INFO - Started process (PID=871) to work on /opt/airflow/dags/task_flow_api_dag.py
[2023-01-12T04:07:45.924+0000] {processor.py:743} INFO - Processing file /opt/airflow/dags/task_flow_api_dag.py for tasks to queue
[2023-01-12T04:07:45.926+0000] {logging_mixin.py:137} INFO - [2023-01-12T04:07:45.925+0000] {dagbag.py:538} INFO - Filling up the DagBag from /opt/airflow/dags/task_flow_api_dag.py
[2023-01-12T04:07:45.933+0000] {processor.py:755} WARNING - No viable dags retrieved from /opt/airflow/dags/task_flow_api_dag.py
[2023-01-12T04:07:45.972+0000] {processor.py:175} INFO - Processing /opt/airflow/dags/task_flow_api_dag.py took 0.058 seconds
[2023-01-12T04:08:16.600+0000] {processor.py:153} INFO - Started process (PID=907) to work on /opt/airflow/dags/task_flow_api_dag.py
[2023-01-12T04:08:16.602+0000] {processor.py:743} INFO - Processing file /opt/airflow/dags/task_flow_api_dag.py for tasks to queue
[2023-01-12T04:08:16.604+0000] {logging_mixin.py:137} INFO - [2023-01-12T04:08:16.603+0000] {dagbag.py:538} INFO - Filling up the DagBag from /opt/airflow/dags/task_flow_api_dag.py
[2023-01-12T04:08:16.611+0000] {processor.py:755} WARNING - No viable dags retrieved from /opt/airflow/dags/task_flow_api_dag.py
[2023-01-12T04:08:16.654+0000] {processor.py:175} INFO - Processing /opt/airflow/dags/task_flow_api_dag.py took 0.064 seconds
[2023-01-12T04:08:47.303+0000] {processor.py:153} INFO - Started process (PID=943) to work on /opt/airflow/dags/task_flow_api_dag.py
[2023-01-12T04:08:47.305+0000] {processor.py:743} INFO - Processing file /opt/airflow/dags/task_flow_api_dag.py for tasks to queue
[2023-01-12T04:08:47.306+0000] {logging_mixin.py:137} INFO - [2023-01-12T04:08:47.306+0000] {dagbag.py:538} INFO - Filling up the DagBag from /opt/airflow/dags/task_flow_api_dag.py
[2023-01-12T04:08:47.313+0000] {processor.py:755} WARNING - No viable dags retrieved from /opt/airflow/dags/task_flow_api_dag.py
[2023-01-12T04:08:47.348+0000] {processor.py:175} INFO - Processing /opt/airflow/dags/task_flow_api_dag.py took 0.053 seconds
[2023-01-12T04:09:17.939+0000] {processor.py:153} INFO - Started process (PID=980) to work on /opt/airflow/dags/task_flow_api_dag.py
[2023-01-12T04:09:17.941+0000] {processor.py:743} INFO - Processing file /opt/airflow/dags/task_flow_api_dag.py for tasks to queue
[2023-01-12T04:09:17.943+0000] {logging_mixin.py:137} INFO - [2023-01-12T04:09:17.942+0000] {dagbag.py:538} INFO - Filling up the DagBag from /opt/airflow/dags/task_flow_api_dag.py
[2023-01-12T04:09:17.947+0000] {processor.py:755} WARNING - No viable dags retrieved from /opt/airflow/dags/task_flow_api_dag.py
[2023-01-12T04:09:17.990+0000] {processor.py:175} INFO - Processing /opt/airflow/dags/task_flow_api_dag.py took 0.060 seconds
[2023-01-12T04:09:48.638+0000] {processor.py:153} INFO - Started process (PID=1016) to work on /opt/airflow/dags/task_flow_api_dag.py
[2023-01-12T04:09:48.640+0000] {processor.py:743} INFO - Processing file /opt/airflow/dags/task_flow_api_dag.py for tasks to queue
[2023-01-12T04:09:48.643+0000] {logging_mixin.py:137} INFO - [2023-01-12T04:09:48.642+0000] {dagbag.py:538} INFO - Filling up the DagBag from /opt/airflow/dags/task_flow_api_dag.py
[2023-01-12T04:09:48.652+0000] {processor.py:755} WARNING - No viable dags retrieved from /opt/airflow/dags/task_flow_api_dag.py
[2023-01-12T04:09:48.703+0000] {processor.py:175} INFO - Processing /opt/airflow/dags/task_flow_api_dag.py took 0.085 seconds
[2023-01-12T04:10:19.269+0000] {processor.py:153} INFO - Started process (PID=1052) to work on /opt/airflow/dags/task_flow_api_dag.py
[2023-01-12T04:10:19.272+0000] {processor.py:743} INFO - Processing file /opt/airflow/dags/task_flow_api_dag.py for tasks to queue
[2023-01-12T04:10:19.274+0000] {logging_mixin.py:137} INFO - [2023-01-12T04:10:19.273+0000] {dagbag.py:538} INFO - Filling up the DagBag from /opt/airflow/dags/task_flow_api_dag.py
[2023-01-12T04:10:19.280+0000] {processor.py:755} WARNING - No viable dags retrieved from /opt/airflow/dags/task_flow_api_dag.py
[2023-01-12T04:10:19.318+0000] {processor.py:175} INFO - Processing /opt/airflow/dags/task_flow_api_dag.py took 0.058 seconds
[2023-01-12T04:10:49.952+0000] {processor.py:153} INFO - Started process (PID=1088) to work on /opt/airflow/dags/task_flow_api_dag.py
[2023-01-12T04:10:49.954+0000] {processor.py:743} INFO - Processing file /opt/airflow/dags/task_flow_api_dag.py for tasks to queue
[2023-01-12T04:10:49.956+0000] {logging_mixin.py:137} INFO - [2023-01-12T04:10:49.956+0000] {dagbag.py:538} INFO - Filling up the DagBag from /opt/airflow/dags/task_flow_api_dag.py
[2023-01-12T04:10:49.963+0000] {processor.py:755} WARNING - No viable dags retrieved from /opt/airflow/dags/task_flow_api_dag.py
[2023-01-12T04:10:50.003+0000] {processor.py:175} INFO - Processing /opt/airflow/dags/task_flow_api_dag.py took 0.061 seconds
[2023-01-12T04:11:20.099+0000] {processor.py:153} INFO - Started process (PID=1117) to work on /opt/airflow/dags/task_flow_api_dag.py
[2023-01-12T04:11:20.101+0000] {processor.py:743} INFO - Processing file /opt/airflow/dags/task_flow_api_dag.py for tasks to queue
[2023-01-12T04:11:20.103+0000] {logging_mixin.py:137} INFO - [2023-01-12T04:11:20.103+0000] {dagbag.py:538} INFO - Filling up the DagBag from /opt/airflow/dags/task_flow_api_dag.py
[2023-01-12T04:11:20.109+0000] {processor.py:755} WARNING - No viable dags retrieved from /opt/airflow/dags/task_flow_api_dag.py
[2023-01-12T04:11:20.147+0000] {processor.py:175} INFO - Processing /opt/airflow/dags/task_flow_api_dag.py took 0.058 seconds
