[2022-12-28T02:35:13.731+0000] {taskinstance.py:1087} INFO - Dependencies all met for <TaskInstance: new_table_and_data_import_dag_v1.get_cash_flow_data manual__2022-12-28T02:34:50.513173+00:00 [queued]>
[2022-12-28T02:35:13.742+0000] {taskinstance.py:1087} INFO - Dependencies all met for <TaskInstance: new_table_and_data_import_dag_v1.get_cash_flow_data manual__2022-12-28T02:34:50.513173+00:00 [queued]>
[2022-12-28T02:35:13.742+0000] {taskinstance.py:1283} INFO - 
--------------------------------------------------------------------------------
[2022-12-28T02:35:13.743+0000] {taskinstance.py:1284} INFO - Starting attempt 1 of 1
[2022-12-28T02:35:13.743+0000] {taskinstance.py:1285} INFO - 
--------------------------------------------------------------------------------
[2022-12-28T02:35:13.788+0000] {taskinstance.py:1304} INFO - Executing <Task(PythonOperator): get_cash_flow_data> on 2022-12-28 02:34:50.513173+00:00
[2022-12-28T02:35:13.792+0000] {standard_task_runner.py:55} INFO - Started process 8993 to run task
[2022-12-28T02:35:13.795+0000] {standard_task_runner.py:82} INFO - Running: ['***', 'tasks', 'run', 'new_table_and_data_import_dag_v1', 'get_cash_flow_data', 'manual__2022-12-28T02:34:50.513173+00:00', '--job-id', '102', '--raw', '--subdir', 'DAGS_FOLDER/new_table_and_data_import_dag.py', '--cfg-path', '/tmp/tmpugfmyc5u']
[2022-12-28T02:35:13.797+0000] {standard_task_runner.py:83} INFO - Job 102: Subtask get_cash_flow_data
[2022-12-28T02:35:13.878+0000] {task_command.py:389} INFO - Running <TaskInstance: new_table_and_data_import_dag_v1.get_cash_flow_data manual__2022-12-28T02:34:50.513173+00:00 [running]> on host 64867ca07077
[2022-12-28T02:35:14.038+0000] {taskinstance.py:1513} INFO - Exporting the following env vars:
AIRFLOW_CTX_DAG_OWNER=***
AIRFLOW_CTX_DAG_ID=new_table_and_data_import_dag_v1
AIRFLOW_CTX_TASK_ID=get_cash_flow_data
AIRFLOW_CTX_EXECUTION_DATE=2022-12-28T02:34:50.513173+00:00
AIRFLOW_CTX_TRY_NUMBER=1
AIRFLOW_CTX_DAG_RUN_ID=manual__2022-12-28T02:34:50.513173+00:00
[2022-12-28T02:35:36.447+0000] {logging_mixin.py:137} INFO - data created!
[2022-12-28T02:35:36.447+0000] {python.py:177} INFO - Done. Returned value was: None
[2022-12-28T02:35:36.458+0000] {taskinstance.py:1327} INFO - Marking task as SUCCESS. dag_id=new_table_and_data_import_dag_v1, task_id=get_cash_flow_data, execution_date=20221228T023450, start_date=20221228T023513, end_date=20221228T023536
[2022-12-28T02:35:37.052+0000] {local_task_job.py:159} INFO - Task exited with return code 0
[2022-12-28T02:35:37.071+0000] {taskinstance.py:2582} INFO - 1 downstream tasks scheduled from follow-on schedule check
