[2022-12-28T08:42:39.368+0000] {taskinstance.py:1087} INFO - Dependencies all met for <TaskInstance: import_through_csv_v1.create_table scheduled__2022-12-27T00:00:00+00:00 [queued]>
[2022-12-28T08:42:39.376+0000] {taskinstance.py:1087} INFO - Dependencies all met for <TaskInstance: import_through_csv_v1.create_table scheduled__2022-12-27T00:00:00+00:00 [queued]>
[2022-12-28T08:42:39.376+0000] {taskinstance.py:1283} INFO - 
--------------------------------------------------------------------------------
[2022-12-28T08:42:39.376+0000] {taskinstance.py:1284} INFO - Starting attempt 1 of 1
[2022-12-28T08:42:39.376+0000] {taskinstance.py:1285} INFO - 
--------------------------------------------------------------------------------
[2022-12-28T08:42:39.695+0000] {taskinstance.py:1304} INFO - Executing <Task(PostgresOperator): create_table> on 2022-12-27 00:00:00+00:00
[2022-12-28T08:42:39.837+0000] {standard_task_runner.py:55} INFO - Started process 477 to run task
[2022-12-28T08:42:39.841+0000] {standard_task_runner.py:82} INFO - Running: ['***', 'tasks', 'run', 'import_through_csv_v1', 'create_table', 'scheduled__2022-12-27T00:00:00+00:00', '--job-id', '108', '--raw', '--subdir', 'DAGS_FOLDER/import_by_csv.py', '--cfg-path', '/tmp/tmpo050b302']
[2022-12-28T08:42:39.843+0000] {standard_task_runner.py:83} INFO - Job 108: Subtask create_table
[2022-12-28T08:42:40.228+0000] {task_command.py:389} INFO - Running <TaskInstance: import_through_csv_v1.create_table scheduled__2022-12-27T00:00:00+00:00 [running]> on host f68f12b30799
[2022-12-28T08:42:40.919+0000] {taskinstance.py:1513} INFO - Exporting the following env vars:
AIRFLOW_CTX_DAG_OWNER=***
AIRFLOW_CTX_DAG_ID=import_through_csv_v1
AIRFLOW_CTX_TASK_ID=create_table
AIRFLOW_CTX_EXECUTION_DATE=2022-12-27T00:00:00+00:00
AIRFLOW_CTX_TRY_NUMBER=1
AIRFLOW_CTX_DAG_RUN_ID=scheduled__2022-12-27T00:00:00+00:00
[2022-12-28T08:42:40.920+0000] {sql.py:253} INFO - Executing: 
            CREATE TABLE IF NOT EXISTS test_table (
                ticker varchar(3),
                year integer,
                quarter integer,
                invest_cost integer,
                from_invest integer,
                from_financial integer,
                from_sale integer,
                free_cash_flow double precision,
                PRIMARY KEY (ticker, year, quarter),
                FOREIGN KEY (ticker) REFERENCES listing_companies (ticker)
            );
        
[2022-12-28T08:42:40.930+0000] {base.py:73} INFO - Using connection ID 'financial_database' for task execution.
[2022-12-28T08:42:41.216+0000] {base.py:73} INFO - Using connection ID 'financial_database' for task execution.
[2022-12-28T08:42:41.229+0000] {sql.py:364} INFO - Running statement: 
            CREATE TABLE IF NOT EXISTS test_table (
                ticker varchar(3),
                year integer,
                quarter integer,
                invest_cost integer,
                from_invest integer,
                from_financial integer,
                from_sale integer,
                free_cash_flow double precision,
                PRIMARY KEY (ticker, year, quarter),
                FOREIGN KEY (ticker) REFERENCES listing_companies (ticker)
            );
        , parameters: None
[2022-12-28T08:42:42.076+0000] {taskinstance.py:1327} INFO - Marking task as SUCCESS. dag_id=import_through_csv_v1, task_id=create_table, execution_date=20221227T000000, start_date=20221228T084239, end_date=20221228T084242
[2022-12-28T08:42:42.336+0000] {local_task_job.py:159} INFO - Task exited with return code 0
[2022-12-28T08:42:42.380+0000] {taskinstance.py:2582} INFO - 1 downstream tasks scheduled from follow-on schedule check
