[2022-12-28T08:06:08.211+0000] {taskinstance.py:1087} INFO - Dependencies all met for <TaskInstance: new_table_and_data_import_dag_v1.get_cash_flow_data manual__2022-12-28T08:05:53.830871+00:00 [queued]>
[2022-12-28T08:06:08.256+0000] {taskinstance.py:1087} INFO - Dependencies all met for <TaskInstance: new_table_and_data_import_dag_v1.get_cash_flow_data manual__2022-12-28T08:05:53.830871+00:00 [queued]>
[2022-12-28T08:06:08.258+0000] {taskinstance.py:1283} INFO - 
--------------------------------------------------------------------------------
[2022-12-28T08:06:08.259+0000] {taskinstance.py:1284} INFO - Starting attempt 1 of 1
[2022-12-28T08:06:08.260+0000] {taskinstance.py:1285} INFO - 
--------------------------------------------------------------------------------
[2022-12-28T08:06:08.709+0000] {taskinstance.py:1304} INFO - Executing <Task(PythonOperator): get_cash_flow_data> on 2022-12-28 08:05:53.830871+00:00
[2022-12-28T08:06:08.730+0000] {standard_task_runner.py:55} INFO - Started process 3340 to run task
[2022-12-28T08:06:08.745+0000] {standard_task_runner.py:82} INFO - Running: ['***', 'tasks', 'run', 'new_table_and_data_import_dag_v1', 'get_cash_flow_data', 'manual__2022-12-28T08:05:53.830871+00:00', '--job-id', '17', '--raw', '--subdir', 'DAGS_FOLDER/new_table_and_data_import_dag.py', '--cfg-path', '/tmp/tmp6i2pqrc9']
[2022-12-28T08:06:08.752+0000] {standard_task_runner.py:83} INFO - Job 17: Subtask get_cash_flow_data
[2022-12-28T08:06:09.235+0000] {task_command.py:389} INFO - Running <TaskInstance: new_table_and_data_import_dag_v1.get_cash_flow_data manual__2022-12-28T08:05:53.830871+00:00 [running]> on host 016cb28b89a1
[2022-12-28T08:06:10.072+0000] {taskinstance.py:1513} INFO - Exporting the following env vars:
AIRFLOW_CTX_DAG_OWNER=***
AIRFLOW_CTX_DAG_ID=new_table_and_data_import_dag_v1
AIRFLOW_CTX_TASK_ID=get_cash_flow_data
AIRFLOW_CTX_EXECUTION_DATE=2022-12-28T08:05:53.830871+00:00
AIRFLOW_CTX_TRY_NUMBER=1
AIRFLOW_CTX_DAG_RUN_ID=manual__2022-12-28T08:05:53.830871+00:00
[2022-12-28T08:06:19.852+0000] {python.py:177} INFO - Done. Returned value was: None
[2022-12-28T08:06:19.902+0000] {taskinstance.py:1327} INFO - Marking task as SUCCESS. dag_id=new_table_and_data_import_dag_v1, task_id=get_cash_flow_data, execution_date=20221228T080553, start_date=20221228T080608, end_date=20221228T080619
[2022-12-28T08:06:20.202+0000] {local_task_job.py:159} INFO - Task exited with return code 0
[2022-12-28T08:06:20.278+0000] {taskinstance.py:2582} INFO - 0 downstream tasks scheduled from follow-on schedule check
