[2022-12-10T03:14:59.764+0000] {taskinstance.py:1087} INFO - Dependencies all met for <TaskInstance: python_operator_dag_v6.get_shit scheduled__2022-12-09T00:00:00+00:00 [queued]>
[2022-12-10T03:14:59.787+0000] {taskinstance.py:1087} INFO - Dependencies all met for <TaskInstance: python_operator_dag_v6.get_shit scheduled__2022-12-09T00:00:00+00:00 [queued]>
[2022-12-10T03:14:59.788+0000] {taskinstance.py:1283} INFO - 
--------------------------------------------------------------------------------
[2022-12-10T03:14:59.788+0000] {taskinstance.py:1284} INFO - Starting attempt 1 of 1
[2022-12-10T03:14:59.788+0000] {taskinstance.py:1285} INFO - 
--------------------------------------------------------------------------------
[2022-12-10T03:14:59.848+0000] {taskinstance.py:1304} INFO - Executing <Task(PythonOperator): get_shit> on 2022-12-09 00:00:00+00:00
[2022-12-10T03:14:59.853+0000] {standard_task_runner.py:55} INFO - Started process 82469 to run task
[2022-12-10T03:14:59.856+0000] {standard_task_runner.py:82} INFO - Running: ['***', 'tasks', 'run', 'python_operator_dag_v6', 'get_shit', 'scheduled__2022-12-09T00:00:00+00:00', '--job-id', '35', '--raw', '--subdir', 'DAGS_FOLDER/python_operator_dag.py', '--cfg-path', '/tmp/tmps6xqght8']
[2022-12-10T03:14:59.857+0000] {standard_task_runner.py:83} INFO - Job 35: Subtask get_shit
[2022-12-10T03:14:59.994+0000] {task_command.py:389} INFO - Running <TaskInstance: python_operator_dag_v6.get_shit scheduled__2022-12-09T00:00:00+00:00 [running]> on host 4f590d7fc3b1
[2022-12-10T03:15:00.436+0000] {taskinstance.py:1513} INFO - Exporting the following env vars:
AIRFLOW_CTX_DAG_OWNER=***
AIRFLOW_CTX_DAG_ID=python_operator_dag_v6
AIRFLOW_CTX_TASK_ID=get_shit
AIRFLOW_CTX_EXECUTION_DATE=2022-12-09T00:00:00+00:00
AIRFLOW_CTX_TRY_NUMBER=1
AIRFLOW_CTX_DAG_RUN_ID=scheduled__2022-12-09T00:00:00+00:00
[2022-12-10T03:15:00.551+0000] {python.py:177} INFO - Done. Returned value was: None
[2022-12-10T03:15:00.564+0000] {taskinstance.py:1327} INFO - Marking task as SUCCESS. dag_id=python_operator_dag_v6, task_id=get_shit, execution_date=20221209T000000, start_date=20221210T031459, end_date=20221210T031500
[2022-12-10T03:15:00.691+0000] {local_task_job.py:159} INFO - Task exited with return code 0
[2022-12-10T03:15:00.733+0000] {taskinstance.py:2582} INFO - 1 downstream tasks scheduled from follow-on schedule check
