[2023-01-05T08:14:48.317+0000] {taskinstance.py:1087} INFO - Dependencies all met for <TaskInstance: ticker_to_txt.ticker_to_txt manual__2023-01-05T08:14:45.486527+00:00 [queued]>
[2023-01-05T08:14:48.324+0000] {taskinstance.py:1087} INFO - Dependencies all met for <TaskInstance: ticker_to_txt.ticker_to_txt manual__2023-01-05T08:14:45.486527+00:00 [queued]>
[2023-01-05T08:14:48.324+0000] {taskinstance.py:1283} INFO - 
--------------------------------------------------------------------------------
[2023-01-05T08:14:48.324+0000] {taskinstance.py:1284} INFO - Starting attempt 1 of 1
[2023-01-05T08:14:48.324+0000] {taskinstance.py:1285} INFO - 
--------------------------------------------------------------------------------
[2023-01-05T08:14:48.370+0000] {taskinstance.py:1304} INFO - Executing <Task(PythonOperator): ticker_to_txt> on 2023-01-05 08:14:45.486527+00:00
[2023-01-05T08:14:48.375+0000] {standard_task_runner.py:55} INFO - Started process 408 to run task
[2023-01-05T08:14:48.377+0000] {standard_task_runner.py:82} INFO - Running: ['***', 'tasks', 'run', 'ticker_to_txt', 'ticker_to_txt', 'manual__2023-01-05T08:14:45.486527+00:00', '--job-id', '197', '--raw', '--subdir', 'DAGS_FOLDER/ticker.py', '--cfg-path', '/tmp/tmpb4oy9csu']
[2023-01-05T08:14:48.379+0000] {standard_task_runner.py:83} INFO - Job 197: Subtask ticker_to_txt
[2023-01-05T08:14:48.458+0000] {task_command.py:389} INFO - Running <TaskInstance: ticker_to_txt.ticker_to_txt manual__2023-01-05T08:14:45.486527+00:00 [running]> on host d84d515babd0
[2023-01-05T08:14:48.976+0000] {taskinstance.py:1513} INFO - Exporting the following env vars:
AIRFLOW_CTX_DAG_OWNER=***
AIRFLOW_CTX_DAG_ID=ticker_to_txt
AIRFLOW_CTX_TASK_ID=ticker_to_txt
AIRFLOW_CTX_EXECUTION_DATE=2023-01-05T08:14:45.486527+00:00
AIRFLOW_CTX_TRY_NUMBER=1
AIRFLOW_CTX_DAG_RUN_ID=manual__2023-01-05T08:14:45.486527+00:00
[2023-01-05T08:14:50.028+0000] {logging_mixin.py:137} INFO - Save ticker successfully!
[2023-01-05T08:14:50.028+0000] {python.py:177} INFO - Done. Returned value was: None
[2023-01-05T08:14:50.036+0000] {taskinstance.py:1327} INFO - Marking task as SUCCESS. dag_id=ticker_to_txt, task_id=ticker_to_txt, execution_date=20230105T081445, start_date=20230105T081448, end_date=20230105T081450
[2023-01-05T08:14:50.120+0000] {local_task_job.py:159} INFO - Task exited with return code 0
[2023-01-05T08:14:50.134+0000] {taskinstance.py:2582} INFO - 0 downstream tasks scheduled from follow-on schedule check
