[2022-12-26T04:19:43.468+0000] {taskinstance.py:1087} INFO - Dependencies all met for <TaskInstance: new_table_and_data_import_dag_v1.get_cash_flow_data manual__2022-12-26T04:19:38.518312+00:00 [queued]>
[2022-12-26T04:19:43.480+0000] {taskinstance.py:1087} INFO - Dependencies all met for <TaskInstance: new_table_and_data_import_dag_v1.get_cash_flow_data manual__2022-12-26T04:19:38.518312+00:00 [queued]>
[2022-12-26T04:19:43.480+0000] {taskinstance.py:1283} INFO - 
--------------------------------------------------------------------------------
[2022-12-26T04:19:43.480+0000] {taskinstance.py:1284} INFO - Starting attempt 1 of 1
[2022-12-26T04:19:43.481+0000] {taskinstance.py:1285} INFO - 
--------------------------------------------------------------------------------
[2022-12-26T04:19:43.519+0000] {taskinstance.py:1304} INFO - Executing <Task(PythonOperator): get_cash_flow_data> on 2022-12-26 04:19:38.518312+00:00
[2022-12-26T04:19:43.524+0000] {standard_task_runner.py:55} INFO - Started process 1562 to run task
[2022-12-26T04:19:43.527+0000] {standard_task_runner.py:82} INFO - Running: ['***', 'tasks', 'run', 'new_table_and_data_import_dag_v1', 'get_cash_flow_data', 'manual__2022-12-26T04:19:38.518312+00:00', '--job-id', '83', '--raw', '--subdir', 'DAGS_FOLDER/new_table_and_data_import_dag.py', '--cfg-path', '/tmp/tmpsttimg9s']
[2022-12-26T04:19:43.528+0000] {standard_task_runner.py:83} INFO - Job 83: Subtask get_cash_flow_data
[2022-12-26T04:19:43.611+0000] {task_command.py:389} INFO - Running <TaskInstance: new_table_and_data_import_dag_v1.get_cash_flow_data manual__2022-12-26T04:19:38.518312+00:00 [running]> on host 3a7da4d7a43a
[2022-12-26T04:19:44.348+0000] {taskinstance.py:1513} INFO - Exporting the following env vars:
AIRFLOW_CTX_DAG_OWNER=***
AIRFLOW_CTX_DAG_ID=new_table_and_data_import_dag_v1
AIRFLOW_CTX_TASK_ID=get_cash_flow_data
AIRFLOW_CTX_EXECUTION_DATE=2022-12-26T04:19:38.518312+00:00
AIRFLOW_CTX_TRY_NUMBER=1
AIRFLOW_CTX_DAG_RUN_ID=manual__2022-12-26T04:19:38.518312+00:00
[2022-12-26T04:19:49.900+0000] {python.py:177} INFO - Done. Returned value was: None
[2022-12-26T04:19:49.917+0000] {taskinstance.py:1327} INFO - Marking task as SUCCESS. dag_id=new_table_and_data_import_dag_v1, task_id=get_cash_flow_data, execution_date=20221226T041938, start_date=20221226T041943, end_date=20221226T041949
[2022-12-26T04:19:50.189+0000] {local_task_job.py:159} INFO - Task exited with return code 0
[2022-12-26T04:19:50.213+0000] {taskinstance.py:2582} INFO - 1 downstream tasks scheduled from follow-on schedule check
