[2023-01-18T04:16:01.038+0000] {processor.py:156} INFO - Started process (PID=80) to work on /opt/airflow/dags/repo/Airflow/dags/first_dag.py
[2023-01-18T04:16:01.042+0000] {processor.py:758} INFO - Processing file /opt/airflow/dags/repo/Airflow/dags/first_dag.py for tasks to queue
[2023-01-18T04:16:01.045+0000] {logging_mixin.py:117} INFO - [2023-01-18T04:16:01.044+0000] {dagbag.py:525} INFO - Filling up the DagBag from /opt/airflow/dags/repo/Airflow/dags/first_dag.py
[2023-01-18T04:16:01.147+0000] {processor.py:768} INFO - DAG(s) dict_keys(['first_dag_v5']) retrieved from /opt/airflow/dags/repo/Airflow/dags/first_dag.py
[2023-01-18T04:16:01.478+0000] {logging_mixin.py:117} INFO - [2023-01-18T04:16:01.478+0000] {dag.py:2573} INFO - Sync 1 DAGs
[2023-01-18T04:16:02.062+0000] {logging_mixin.py:117} INFO - [2023-01-18T04:16:02.062+0000] {dag.py:3328} INFO - Setting next_dagrun for first_dag_v5 to 2023-01-18T00:00:00+00:00, run_after=2023-01-19T00:00:00+00:00
[2023-01-18T04:16:02.139+0000] {processor.py:178} INFO - Processing /opt/airflow/dags/repo/Airflow/dags/first_dag.py took 1.115 seconds
[2023-01-18T04:16:32.552+0000] {processor.py:156} INFO - Started process (PID=123) to work on /opt/airflow/dags/repo/Airflow/dags/first_dag.py
[2023-01-18T04:16:32.555+0000] {processor.py:758} INFO - Processing file /opt/airflow/dags/repo/Airflow/dags/first_dag.py for tasks to queue
[2023-01-18T04:16:32.557+0000] {logging_mixin.py:117} INFO - [2023-01-18T04:16:32.557+0000] {dagbag.py:525} INFO - Filling up the DagBag from /opt/airflow/dags/repo/Airflow/dags/first_dag.py
[2023-01-18T04:16:32.608+0000] {processor.py:768} INFO - DAG(s) dict_keys(['first_dag_v5']) retrieved from /opt/airflow/dags/repo/Airflow/dags/first_dag.py
[2023-01-18T04:16:32.716+0000] {logging_mixin.py:117} INFO - [2023-01-18T04:16:32.716+0000] {dag.py:2573} INFO - Sync 1 DAGs
[2023-01-18T04:16:33.044+0000] {logging_mixin.py:117} INFO - [2023-01-18T04:16:33.044+0000] {dag.py:3328} INFO - Setting next_dagrun for first_dag_v5 to 2023-01-18T00:00:00+00:00, run_after=2023-01-19T00:00:00+00:00
[2023-01-18T04:16:33.102+0000] {processor.py:178} INFO - Processing /opt/airflow/dags/repo/Airflow/dags/first_dag.py took 0.562 seconds
[2023-01-18T04:17:03.585+0000] {processor.py:156} INFO - Started process (PID=159) to work on /opt/airflow/dags/repo/Airflow/dags/first_dag.py
[2023-01-18T04:17:03.587+0000] {processor.py:758} INFO - Processing file /opt/airflow/dags/repo/Airflow/dags/first_dag.py for tasks to queue
[2023-01-18T04:17:03.589+0000] {logging_mixin.py:117} INFO - [2023-01-18T04:17:03.589+0000] {dagbag.py:525} INFO - Filling up the DagBag from /opt/airflow/dags/repo/Airflow/dags/first_dag.py
[2023-01-18T04:17:03.651+0000] {processor.py:768} INFO - DAG(s) dict_keys(['first_dag_v5']) retrieved from /opt/airflow/dags/repo/Airflow/dags/first_dag.py
[2023-01-18T04:17:03.791+0000] {logging_mixin.py:117} INFO - [2023-01-18T04:17:03.791+0000] {dag.py:2573} INFO - Sync 1 DAGs
[2023-01-18T04:17:04.208+0000] {logging_mixin.py:117} INFO - [2023-01-18T04:17:04.207+0000] {dag.py:3328} INFO - Setting next_dagrun for first_dag_v5 to 2023-01-18T00:00:00+00:00, run_after=2023-01-19T00:00:00+00:00
[2023-01-18T04:17:04.271+0000] {processor.py:178} INFO - Processing /opt/airflow/dags/repo/Airflow/dags/first_dag.py took 0.694 seconds
[2023-01-18T04:17:34.713+0000] {processor.py:156} INFO - Started process (PID=205) to work on /opt/airflow/dags/repo/Airflow/dags/first_dag.py
[2023-01-18T04:17:34.723+0000] {processor.py:758} INFO - Processing file /opt/airflow/dags/repo/Airflow/dags/first_dag.py for tasks to queue
[2023-01-18T04:17:34.731+0000] {logging_mixin.py:117} INFO - [2023-01-18T04:17:34.728+0000] {dagbag.py:525} INFO - Filling up the DagBag from /opt/airflow/dags/repo/Airflow/dags/first_dag.py
[2023-01-18T04:17:34.794+0000] {processor.py:768} INFO - DAG(s) dict_keys(['first_dag_v5']) retrieved from /opt/airflow/dags/repo/Airflow/dags/first_dag.py
[2023-01-18T04:17:35.282+0000] {logging_mixin.py:117} INFO - [2023-01-18T04:17:35.281+0000] {dag.py:2573} INFO - Sync 1 DAGs
[2023-01-18T04:17:35.462+0000] {logging_mixin.py:117} INFO - [2023-01-18T04:17:35.462+0000] {dag.py:3328} INFO - Setting next_dagrun for first_dag_v5 to 2023-01-18T00:00:00+00:00, run_after=2023-01-19T00:00:00+00:00
[2023-01-18T04:17:35.621+0000] {processor.py:178} INFO - Processing /opt/airflow/dags/repo/Airflow/dags/first_dag.py took 0.920 seconds
[2023-01-18T04:18:06.634+0000] {processor.py:156} INFO - Started process (PID=241) to work on /opt/airflow/dags/repo/Airflow/dags/first_dag.py
[2023-01-18T04:18:06.659+0000] {processor.py:758} INFO - Processing file /opt/airflow/dags/repo/Airflow/dags/first_dag.py for tasks to queue
[2023-01-18T04:18:06.663+0000] {logging_mixin.py:117} INFO - [2023-01-18T04:18:06.662+0000] {dagbag.py:525} INFO - Filling up the DagBag from /opt/airflow/dags/repo/Airflow/dags/first_dag.py
[2023-01-18T04:18:06.807+0000] {processor.py:768} INFO - DAG(s) dict_keys(['first_dag_v5']) retrieved from /opt/airflow/dags/repo/Airflow/dags/first_dag.py
[2023-01-18T04:18:08.501+0000] {logging_mixin.py:117} INFO - [2023-01-18T04:18:08.501+0000] {dag.py:2573} INFO - Sync 1 DAGs
[2023-01-18T04:18:08.665+0000] {logging_mixin.py:117} INFO - [2023-01-18T04:18:08.665+0000] {dag.py:3328} INFO - Setting next_dagrun for first_dag_v5 to 2023-01-18T00:00:00+00:00, run_after=2023-01-19T00:00:00+00:00
[2023-01-18T04:18:08.950+0000] {processor.py:178} INFO - Processing /opt/airflow/dags/repo/Airflow/dags/first_dag.py took 2.213 seconds
[2023-01-18T04:18:39.754+0000] {processor.py:156} INFO - Started process (PID=293) to work on /opt/airflow/dags/repo/Airflow/dags/first_dag.py
[2023-01-18T04:18:39.768+0000] {processor.py:758} INFO - Processing file /opt/airflow/dags/repo/Airflow/dags/first_dag.py for tasks to queue
[2023-01-18T04:18:39.776+0000] {logging_mixin.py:117} INFO - [2023-01-18T04:18:39.775+0000] {dagbag.py:525} INFO - Filling up the DagBag from /opt/airflow/dags/repo/Airflow/dags/first_dag.py
[2023-01-18T04:18:39.841+0000] {processor.py:768} INFO - DAG(s) dict_keys(['first_dag_v5']) retrieved from /opt/airflow/dags/repo/Airflow/dags/first_dag.py
[2023-01-18T04:18:40.320+0000] {logging_mixin.py:117} INFO - [2023-01-18T04:18:40.319+0000] {dag.py:2573} INFO - Sync 1 DAGs
[2023-01-18T04:18:40.433+0000] {logging_mixin.py:117} INFO - [2023-01-18T04:18:40.432+0000] {dag.py:3328} INFO - Setting next_dagrun for first_dag_v5 to 2023-01-18T00:00:00+00:00, run_after=2023-01-19T00:00:00+00:00
[2023-01-18T04:18:40.562+0000] {processor.py:178} INFO - Processing /opt/airflow/dags/repo/Airflow/dags/first_dag.py took 0.817 seconds
[2023-01-18T04:19:11.365+0000] {processor.py:156} INFO - Started process (PID=329) to work on /opt/airflow/dags/repo/Airflow/dags/first_dag.py
[2023-01-18T04:19:11.378+0000] {processor.py:758} INFO - Processing file /opt/airflow/dags/repo/Airflow/dags/first_dag.py for tasks to queue
[2023-01-18T04:19:11.380+0000] {logging_mixin.py:117} INFO - [2023-01-18T04:19:11.380+0000] {dagbag.py:525} INFO - Filling up the DagBag from /opt/airflow/dags/repo/Airflow/dags/first_dag.py
[2023-01-18T04:19:11.831+0000] {processor.py:768} INFO - DAG(s) dict_keys(['first_dag_v5']) retrieved from /opt/airflow/dags/repo/Airflow/dags/first_dag.py
[2023-01-18T04:19:11.988+0000] {logging_mixin.py:117} INFO - [2023-01-18T04:19:11.988+0000] {dag.py:2573} INFO - Sync 1 DAGs
[2023-01-18T04:19:12.108+0000] {logging_mixin.py:117} INFO - [2023-01-18T04:19:12.108+0000] {dag.py:3328} INFO - Setting next_dagrun for first_dag_v5 to 2023-01-18T00:00:00+00:00, run_after=2023-01-19T00:00:00+00:00
[2023-01-18T04:19:12.282+0000] {processor.py:178} INFO - Processing /opt/airflow/dags/repo/Airflow/dags/first_dag.py took 0.925 seconds
[2023-01-18T04:19:42.835+0000] {processor.py:156} INFO - Started process (PID=378) to work on /opt/airflow/dags/repo/Airflow/dags/first_dag.py
[2023-01-18T04:19:42.845+0000] {processor.py:758} INFO - Processing file /opt/airflow/dags/repo/Airflow/dags/first_dag.py for tasks to queue
[2023-01-18T04:19:42.847+0000] {logging_mixin.py:117} INFO - [2023-01-18T04:19:42.847+0000] {dagbag.py:525} INFO - Filling up the DagBag from /opt/airflow/dags/repo/Airflow/dags/first_dag.py
[2023-01-18T04:19:43.265+0000] {processor.py:768} INFO - DAG(s) dict_keys(['first_dag_v5']) retrieved from /opt/airflow/dags/repo/Airflow/dags/first_dag.py
[2023-01-18T04:19:43.449+0000] {logging_mixin.py:117} INFO - [2023-01-18T04:19:43.448+0000] {dag.py:2573} INFO - Sync 1 DAGs
[2023-01-18T04:19:43.576+0000] {logging_mixin.py:117} INFO - [2023-01-18T04:19:43.576+0000] {dag.py:3328} INFO - Setting next_dagrun for first_dag_v5 to 2023-01-18T00:00:00+00:00, run_after=2023-01-19T00:00:00+00:00
[2023-01-18T04:19:43.701+0000] {processor.py:178} INFO - Processing /opt/airflow/dags/repo/Airflow/dags/first_dag.py took 0.877 seconds
[2023-01-18T04:20:14.444+0000] {processor.py:156} INFO - Started process (PID=414) to work on /opt/airflow/dags/repo/Airflow/dags/first_dag.py
[2023-01-18T04:20:14.448+0000] {processor.py:758} INFO - Processing file /opt/airflow/dags/repo/Airflow/dags/first_dag.py for tasks to queue
[2023-01-18T04:20:14.452+0000] {logging_mixin.py:117} INFO - [2023-01-18T04:20:14.451+0000] {dagbag.py:525} INFO - Filling up the DagBag from /opt/airflow/dags/repo/Airflow/dags/first_dag.py
[2023-01-18T04:20:14.513+0000] {processor.py:768} INFO - DAG(s) dict_keys(['first_dag_v5']) retrieved from /opt/airflow/dags/repo/Airflow/dags/first_dag.py
[2023-01-18T04:20:14.643+0000] {logging_mixin.py:117} INFO - [2023-01-18T04:20:14.643+0000] {dag.py:2573} INFO - Sync 1 DAGs
[2023-01-18T04:20:14.739+0000] {logging_mixin.py:117} INFO - [2023-01-18T04:20:14.739+0000] {dag.py:3328} INFO - Setting next_dagrun for first_dag_v5 to 2023-01-18T00:00:00+00:00, run_after=2023-01-19T00:00:00+00:00
[2023-01-18T04:20:14.802+0000] {processor.py:178} INFO - Processing /opt/airflow/dags/repo/Airflow/dags/first_dag.py took 0.367 seconds
[2023-01-18T04:20:45.532+0000] {processor.py:156} INFO - Started process (PID=462) to work on /opt/airflow/dags/repo/Airflow/dags/first_dag.py
[2023-01-18T04:20:45.538+0000] {processor.py:758} INFO - Processing file /opt/airflow/dags/repo/Airflow/dags/first_dag.py for tasks to queue
[2023-01-18T04:20:45.541+0000] {logging_mixin.py:117} INFO - [2023-01-18T04:20:45.540+0000] {dagbag.py:525} INFO - Filling up the DagBag from /opt/airflow/dags/repo/Airflow/dags/first_dag.py
[2023-01-18T04:20:45.607+0000] {processor.py:768} INFO - DAG(s) dict_keys(['first_dag_v5']) retrieved from /opt/airflow/dags/repo/Airflow/dags/first_dag.py
[2023-01-18T04:20:45.742+0000] {logging_mixin.py:117} INFO - [2023-01-18T04:20:45.741+0000] {dag.py:2573} INFO - Sync 1 DAGs
[2023-01-18T04:20:45.870+0000] {logging_mixin.py:117} INFO - [2023-01-18T04:20:45.869+0000] {dag.py:3328} INFO - Setting next_dagrun for first_dag_v5 to 2023-01-18T00:00:00+00:00, run_after=2023-01-19T00:00:00+00:00
[2023-01-18T04:20:46.022+0000] {processor.py:178} INFO - Processing /opt/airflow/dags/repo/Airflow/dags/first_dag.py took 0.499 seconds
[2023-01-18T04:21:16.545+0000] {processor.py:156} INFO - Started process (PID=498) to work on /opt/airflow/dags/repo/Airflow/dags/first_dag.py
[2023-01-18T04:21:16.579+0000] {processor.py:758} INFO - Processing file /opt/airflow/dags/repo/Airflow/dags/first_dag.py for tasks to queue
[2023-01-18T04:21:16.587+0000] {logging_mixin.py:117} INFO - [2023-01-18T04:21:16.586+0000] {dagbag.py:525} INFO - Filling up the DagBag from /opt/airflow/dags/repo/Airflow/dags/first_dag.py
[2023-01-18T04:21:16.646+0000] {processor.py:768} INFO - DAG(s) dict_keys(['first_dag_v5']) retrieved from /opt/airflow/dags/repo/Airflow/dags/first_dag.py
[2023-01-18T04:21:16.800+0000] {logging_mixin.py:117} INFO - [2023-01-18T04:21:16.799+0000] {dag.py:2573} INFO - Sync 1 DAGs
[2023-01-18T04:21:16.913+0000] {logging_mixin.py:117} INFO - [2023-01-18T04:21:16.913+0000] {dag.py:3328} INFO - Setting next_dagrun for first_dag_v5 to 2023-01-18T00:00:00+00:00, run_after=2023-01-19T00:00:00+00:00
[2023-01-18T04:21:17.017+0000] {processor.py:178} INFO - Processing /opt/airflow/dags/repo/Airflow/dags/first_dag.py took 0.484 seconds
[2023-01-18T04:21:47.175+0000] {processor.py:156} INFO - Started process (PID=546) to work on /opt/airflow/dags/repo/Airflow/dags/first_dag.py
[2023-01-18T04:21:47.201+0000] {processor.py:758} INFO - Processing file /opt/airflow/dags/repo/Airflow/dags/first_dag.py for tasks to queue
[2023-01-18T04:21:47.204+0000] {logging_mixin.py:117} INFO - [2023-01-18T04:21:47.203+0000] {dagbag.py:525} INFO - Filling up the DagBag from /opt/airflow/dags/repo/Airflow/dags/first_dag.py
[2023-01-18T04:21:47.268+0000] {processor.py:768} INFO - DAG(s) dict_keys(['first_dag_v5']) retrieved from /opt/airflow/dags/repo/Airflow/dags/first_dag.py
[2023-01-18T04:21:47.446+0000] {logging_mixin.py:117} INFO - [2023-01-18T04:21:47.446+0000] {dag.py:2573} INFO - Sync 1 DAGs
[2023-01-18T04:21:47.594+0000] {logging_mixin.py:117} INFO - [2023-01-18T04:21:47.594+0000] {dag.py:3328} INFO - Setting next_dagrun for first_dag_v5 to 2023-01-18T00:00:00+00:00, run_after=2023-01-19T00:00:00+00:00
[2023-01-18T04:21:47.685+0000] {processor.py:178} INFO - Processing /opt/airflow/dags/repo/Airflow/dags/first_dag.py took 0.520 seconds
[2023-01-18T04:22:18.336+0000] {processor.py:156} INFO - Started process (PID=582) to work on /opt/airflow/dags/repo/Airflow/dags/first_dag.py
[2023-01-18T04:22:18.342+0000] {processor.py:758} INFO - Processing file /opt/airflow/dags/repo/Airflow/dags/first_dag.py for tasks to queue
[2023-01-18T04:22:18.345+0000] {logging_mixin.py:117} INFO - [2023-01-18T04:22:18.344+0000] {dagbag.py:525} INFO - Filling up the DagBag from /opt/airflow/dags/repo/Airflow/dags/first_dag.py
[2023-01-18T04:22:18.411+0000] {processor.py:768} INFO - DAG(s) dict_keys(['first_dag_v5']) retrieved from /opt/airflow/dags/repo/Airflow/dags/first_dag.py
[2023-01-18T04:22:18.558+0000] {logging_mixin.py:117} INFO - [2023-01-18T04:22:18.557+0000] {dag.py:2573} INFO - Sync 1 DAGs
[2023-01-18T04:22:18.661+0000] {logging_mixin.py:117} INFO - [2023-01-18T04:22:18.661+0000] {dag.py:3328} INFO - Setting next_dagrun for first_dag_v5 to 2023-01-18T00:00:00+00:00, run_after=2023-01-19T00:00:00+00:00
[2023-01-18T04:22:18.787+0000] {processor.py:178} INFO - Processing /opt/airflow/dags/repo/Airflow/dags/first_dag.py took 0.461 seconds
[2023-01-18T04:22:49.253+0000] {processor.py:156} INFO - Started process (PID=630) to work on /opt/airflow/dags/repo/Airflow/dags/first_dag.py
[2023-01-18T04:22:49.264+0000] {processor.py:758} INFO - Processing file /opt/airflow/dags/repo/Airflow/dags/first_dag.py for tasks to queue
[2023-01-18T04:22:49.270+0000] {logging_mixin.py:117} INFO - [2023-01-18T04:22:49.270+0000] {dagbag.py:525} INFO - Filling up the DagBag from /opt/airflow/dags/repo/Airflow/dags/first_dag.py
[2023-01-18T04:22:49.332+0000] {processor.py:768} INFO - DAG(s) dict_keys(['first_dag_v5']) retrieved from /opt/airflow/dags/repo/Airflow/dags/first_dag.py
[2023-01-18T04:22:49.471+0000] {logging_mixin.py:117} INFO - [2023-01-18T04:22:49.471+0000] {dag.py:2573} INFO - Sync 1 DAGs
[2023-01-18T04:22:49.606+0000] {logging_mixin.py:117} INFO - [2023-01-18T04:22:49.605+0000] {dag.py:3328} INFO - Setting next_dagrun for first_dag_v5 to 2023-01-18T00:00:00+00:00, run_after=2023-01-19T00:00:00+00:00
[2023-01-18T04:22:49.723+0000] {processor.py:178} INFO - Processing /opt/airflow/dags/repo/Airflow/dags/first_dag.py took 0.480 seconds
[2023-01-18T04:23:20.421+0000] {processor.py:156} INFO - Started process (PID=666) to work on /opt/airflow/dags/repo/Airflow/dags/first_dag.py
[2023-01-18T04:23:20.431+0000] {processor.py:758} INFO - Processing file /opt/airflow/dags/repo/Airflow/dags/first_dag.py for tasks to queue
[2023-01-18T04:23:20.435+0000] {logging_mixin.py:117} INFO - [2023-01-18T04:23:20.434+0000] {dagbag.py:525} INFO - Filling up the DagBag from /opt/airflow/dags/repo/Airflow/dags/first_dag.py
[2023-01-18T04:23:20.503+0000] {processor.py:768} INFO - DAG(s) dict_keys(['first_dag_v5']) retrieved from /opt/airflow/dags/repo/Airflow/dags/first_dag.py
[2023-01-18T04:23:20.680+0000] {logging_mixin.py:117} INFO - [2023-01-18T04:23:20.680+0000] {dag.py:2573} INFO - Sync 1 DAGs
[2023-01-18T04:23:20.828+0000] {logging_mixin.py:117} INFO - [2023-01-18T04:23:20.828+0000] {dag.py:3328} INFO - Setting next_dagrun for first_dag_v5 to 2023-01-18T00:00:00+00:00, run_after=2023-01-19T00:00:00+00:00
[2023-01-18T04:23:20.998+0000] {processor.py:178} INFO - Processing /opt/airflow/dags/repo/Airflow/dags/first_dag.py took 0.591 seconds
[2023-01-18T04:23:51.436+0000] {processor.py:156} INFO - Started process (PID=714) to work on /opt/airflow/dags/repo/Airflow/dags/first_dag.py
[2023-01-18T04:23:51.451+0000] {processor.py:758} INFO - Processing file /opt/airflow/dags/repo/Airflow/dags/first_dag.py for tasks to queue
[2023-01-18T04:23:51.454+0000] {logging_mixin.py:117} INFO - [2023-01-18T04:23:51.453+0000] {dagbag.py:525} INFO - Filling up the DagBag from /opt/airflow/dags/repo/Airflow/dags/first_dag.py
[2023-01-18T04:23:51.522+0000] {processor.py:768} INFO - DAG(s) dict_keys(['first_dag_v5']) retrieved from /opt/airflow/dags/repo/Airflow/dags/first_dag.py
[2023-01-18T04:23:51.696+0000] {logging_mixin.py:117} INFO - [2023-01-18T04:23:51.696+0000] {dag.py:2573} INFO - Sync 1 DAGs
[2023-01-18T04:23:51.826+0000] {logging_mixin.py:117} INFO - [2023-01-18T04:23:51.826+0000] {dag.py:3328} INFO - Setting next_dagrun for first_dag_v5 to 2023-01-18T00:00:00+00:00, run_after=2023-01-19T00:00:00+00:00
[2023-01-18T04:23:51.921+0000] {processor.py:178} INFO - Processing /opt/airflow/dags/repo/Airflow/dags/first_dag.py took 0.496 seconds
[2023-01-18T04:24:22.140+0000] {processor.py:156} INFO - Started process (PID=750) to work on /opt/airflow/dags/repo/Airflow/dags/first_dag.py
[2023-01-18T04:24:22.154+0000] {processor.py:758} INFO - Processing file /opt/airflow/dags/repo/Airflow/dags/first_dag.py for tasks to queue
[2023-01-18T04:24:22.157+0000] {logging_mixin.py:117} INFO - [2023-01-18T04:24:22.156+0000] {dagbag.py:525} INFO - Filling up the DagBag from /opt/airflow/dags/repo/Airflow/dags/first_dag.py
[2023-01-18T04:24:22.223+0000] {processor.py:768} INFO - DAG(s) dict_keys(['first_dag_v5']) retrieved from /opt/airflow/dags/repo/Airflow/dags/first_dag.py
[2023-01-18T04:24:22.371+0000] {logging_mixin.py:117} INFO - [2023-01-18T04:24:22.371+0000] {dag.py:2573} INFO - Sync 1 DAGs
[2023-01-18T04:24:22.520+0000] {logging_mixin.py:117} INFO - [2023-01-18T04:24:22.520+0000] {dag.py:3328} INFO - Setting next_dagrun for first_dag_v5 to 2023-01-18T00:00:00+00:00, run_after=2023-01-19T00:00:00+00:00
[2023-01-18T04:24:22.638+0000] {processor.py:178} INFO - Processing /opt/airflow/dags/repo/Airflow/dags/first_dag.py took 0.510 seconds
[2023-01-18T04:24:52.852+0000] {processor.py:156} INFO - Started process (PID=797) to work on /opt/airflow/dags/repo/Airflow/dags/first_dag.py
[2023-01-18T04:24:52.873+0000] {processor.py:758} INFO - Processing file /opt/airflow/dags/repo/Airflow/dags/first_dag.py for tasks to queue
[2023-01-18T04:24:52.881+0000] {logging_mixin.py:117} INFO - [2023-01-18T04:24:52.881+0000] {dagbag.py:525} INFO - Filling up the DagBag from /opt/airflow/dags/repo/Airflow/dags/first_dag.py
[2023-01-18T04:24:52.959+0000] {processor.py:768} INFO - DAG(s) dict_keys(['first_dag_v5']) retrieved from /opt/airflow/dags/repo/Airflow/dags/first_dag.py
[2023-01-18T04:24:53.132+0000] {logging_mixin.py:117} INFO - [2023-01-18T04:24:53.131+0000] {dag.py:2573} INFO - Sync 1 DAGs
[2023-01-18T04:24:53.278+0000] {logging_mixin.py:117} INFO - [2023-01-18T04:24:53.277+0000] {dag.py:3328} INFO - Setting next_dagrun for first_dag_v5 to 2023-01-18T00:00:00+00:00, run_after=2023-01-19T00:00:00+00:00
[2023-01-18T04:24:53.411+0000] {processor.py:178} INFO - Processing /opt/airflow/dags/repo/Airflow/dags/first_dag.py took 0.574 seconds
[2023-01-18T04:25:23.708+0000] {processor.py:156} INFO - Started process (PID=833) to work on /opt/airflow/dags/repo/Airflow/dags/first_dag.py
[2023-01-18T04:25:23.789+0000] {processor.py:758} INFO - Processing file /opt/airflow/dags/repo/Airflow/dags/first_dag.py for tasks to queue
[2023-01-18T04:25:23.838+0000] {logging_mixin.py:117} INFO - [2023-01-18T04:25:23.837+0000] {dagbag.py:525} INFO - Filling up the DagBag from /opt/airflow/dags/repo/Airflow/dags/first_dag.py
[2023-01-18T04:25:23.912+0000] {processor.py:768} INFO - DAG(s) dict_keys(['first_dag_v5']) retrieved from /opt/airflow/dags/repo/Airflow/dags/first_dag.py
[2023-01-18T04:25:24.238+0000] {logging_mixin.py:117} INFO - [2023-01-18T04:25:24.227+0000] {dag.py:2573} INFO - Sync 1 DAGs
[2023-01-18T04:25:24.402+0000] {logging_mixin.py:117} INFO - [2023-01-18T04:25:24.401+0000] {dag.py:3328} INFO - Setting next_dagrun for first_dag_v5 to 2023-01-18T00:00:00+00:00, run_after=2023-01-19T00:00:00+00:00
[2023-01-18T04:25:24.568+0000] {processor.py:178} INFO - Processing /opt/airflow/dags/repo/Airflow/dags/first_dag.py took 0.870 seconds
[2023-01-18T04:30:34.168+0000] {processor.py:156} INFO - Started process (PID=91) to work on /opt/airflow/dags/repo/Airflow/dags/first_dag.py
[2023-01-18T04:30:34.170+0000] {processor.py:758} INFO - Processing file /opt/airflow/dags/repo/Airflow/dags/first_dag.py for tasks to queue
[2023-01-18T04:30:34.172+0000] {logging_mixin.py:117} INFO - [2023-01-18T04:30:34.172+0000] {dagbag.py:525} INFO - Filling up the DagBag from /opt/airflow/dags/repo/Airflow/dags/first_dag.py
[2023-01-18T04:30:34.229+0000] {processor.py:768} INFO - DAG(s) dict_keys(['first_dag_v5']) retrieved from /opt/airflow/dags/repo/Airflow/dags/first_dag.py
[2023-01-18T04:30:34.338+0000] {logging_mixin.py:117} INFO - [2023-01-18T04:30:34.338+0000] {dag.py:2573} INFO - Sync 1 DAGs
[2023-01-18T04:30:34.413+0000] {logging_mixin.py:117} INFO - [2023-01-18T04:30:34.413+0000] {dag.py:3328} INFO - Setting next_dagrun for first_dag_v5 to 2023-01-18T00:00:00+00:00, run_after=2023-01-19T00:00:00+00:00
[2023-01-18T04:30:34.832+0000] {processor.py:178} INFO - Processing /opt/airflow/dags/repo/Airflow/dags/first_dag.py took 0.672 seconds
[2023-01-18T04:31:05.813+0000] {processor.py:156} INFO - Started process (PID=122) to work on /opt/airflow/dags/repo/Airflow/dags/first_dag.py
[2023-01-18T04:31:05.815+0000] {processor.py:758} INFO - Processing file /opt/airflow/dags/repo/Airflow/dags/first_dag.py for tasks to queue
[2023-01-18T04:31:05.817+0000] {logging_mixin.py:117} INFO - [2023-01-18T04:31:05.817+0000] {dagbag.py:525} INFO - Filling up the DagBag from /opt/airflow/dags/repo/Airflow/dags/first_dag.py
[2023-01-18T04:31:05.860+0000] {processor.py:768} INFO - DAG(s) dict_keys(['first_dag_v5']) retrieved from /opt/airflow/dags/repo/Airflow/dags/first_dag.py
[2023-01-18T04:31:05.950+0000] {logging_mixin.py:117} INFO - [2023-01-18T04:31:05.950+0000] {dag.py:2573} INFO - Sync 1 DAGs
[2023-01-18T04:31:06.230+0000] {logging_mixin.py:117} INFO - [2023-01-18T04:31:06.230+0000] {dag.py:3328} INFO - Setting next_dagrun for first_dag_v5 to 2023-01-18T00:00:00+00:00, run_after=2023-01-19T00:00:00+00:00
[2023-01-18T04:31:06.279+0000] {processor.py:178} INFO - Processing /opt/airflow/dags/repo/Airflow/dags/first_dag.py took 0.473 seconds
[2023-01-18T04:31:36.859+0000] {processor.py:156} INFO - Started process (PID=170) to work on /opt/airflow/dags/repo/Airflow/dags/first_dag.py
[2023-01-18T04:31:36.861+0000] {processor.py:758} INFO - Processing file /opt/airflow/dags/repo/Airflow/dags/first_dag.py for tasks to queue
[2023-01-18T04:31:36.862+0000] {logging_mixin.py:117} INFO - [2023-01-18T04:31:36.862+0000] {dagbag.py:525} INFO - Filling up the DagBag from /opt/airflow/dags/repo/Airflow/dags/first_dag.py
[2023-01-18T04:31:36.901+0000] {processor.py:768} INFO - DAG(s) dict_keys(['first_dag_v5']) retrieved from /opt/airflow/dags/repo/Airflow/dags/first_dag.py
[2023-01-18T04:31:36.992+0000] {logging_mixin.py:117} INFO - [2023-01-18T04:31:36.992+0000] {dag.py:2573} INFO - Sync 1 DAGs
[2023-01-18T04:31:37.260+0000] {logging_mixin.py:117} INFO - [2023-01-18T04:31:37.259+0000] {dag.py:3328} INFO - Setting next_dagrun for first_dag_v5 to 2023-01-18T00:00:00+00:00, run_after=2023-01-19T00:00:00+00:00
[2023-01-18T04:31:37.306+0000] {processor.py:178} INFO - Processing /opt/airflow/dags/repo/Airflow/dags/first_dag.py took 0.454 seconds
[2023-01-18T04:32:07.753+0000] {processor.py:156} INFO - Started process (PID=206) to work on /opt/airflow/dags/repo/Airflow/dags/first_dag.py
[2023-01-18T04:32:07.756+0000] {processor.py:758} INFO - Processing file /opt/airflow/dags/repo/Airflow/dags/first_dag.py for tasks to queue
[2023-01-18T04:32:07.759+0000] {logging_mixin.py:117} INFO - [2023-01-18T04:32:07.759+0000] {dagbag.py:525} INFO - Filling up the DagBag from /opt/airflow/dags/repo/Airflow/dags/first_dag.py
[2023-01-18T04:32:07.800+0000] {processor.py:768} INFO - DAG(s) dict_keys(['first_dag_v5']) retrieved from /opt/airflow/dags/repo/Airflow/dags/first_dag.py
[2023-01-18T04:32:08.105+0000] {logging_mixin.py:117} INFO - [2023-01-18T04:32:08.105+0000] {dag.py:2573} INFO - Sync 1 DAGs
[2023-01-18T04:32:08.163+0000] {logging_mixin.py:117} INFO - [2023-01-18T04:32:08.163+0000] {dag.py:3328} INFO - Setting next_dagrun for first_dag_v5 to 2023-01-18T00:00:00+00:00, run_after=2023-01-19T00:00:00+00:00
[2023-01-18T04:32:08.210+0000] {processor.py:178} INFO - Processing /opt/airflow/dags/repo/Airflow/dags/first_dag.py took 0.467 seconds
[2023-01-18T04:32:38.685+0000] {processor.py:156} INFO - Started process (PID=254) to work on /opt/airflow/dags/repo/Airflow/dags/first_dag.py
[2023-01-18T04:32:38.687+0000] {processor.py:758} INFO - Processing file /opt/airflow/dags/repo/Airflow/dags/first_dag.py for tasks to queue
[2023-01-18T04:32:38.688+0000] {logging_mixin.py:117} INFO - [2023-01-18T04:32:38.688+0000] {dagbag.py:525} INFO - Filling up the DagBag from /opt/airflow/dags/repo/Airflow/dags/first_dag.py
[2023-01-18T04:32:38.726+0000] {processor.py:768} INFO - DAG(s) dict_keys(['first_dag_v5']) retrieved from /opt/airflow/dags/repo/Airflow/dags/first_dag.py
[2023-01-18T04:32:39.017+0000] {logging_mixin.py:117} INFO - [2023-01-18T04:32:39.017+0000] {dag.py:2573} INFO - Sync 1 DAGs
[2023-01-18T04:32:39.075+0000] {logging_mixin.py:117} INFO - [2023-01-18T04:32:39.075+0000] {dag.py:3328} INFO - Setting next_dagrun for first_dag_v5 to 2023-01-18T00:00:00+00:00, run_after=2023-01-19T00:00:00+00:00
[2023-01-18T04:32:39.130+0000] {processor.py:178} INFO - Processing /opt/airflow/dags/repo/Airflow/dags/first_dag.py took 0.451 seconds
[2023-01-18T04:33:10.049+0000] {processor.py:156} INFO - Started process (PID=290) to work on /opt/airflow/dags/repo/Airflow/dags/first_dag.py
[2023-01-18T04:33:10.051+0000] {processor.py:758} INFO - Processing file /opt/airflow/dags/repo/Airflow/dags/first_dag.py for tasks to queue
[2023-01-18T04:33:10.052+0000] {logging_mixin.py:117} INFO - [2023-01-18T04:33:10.052+0000] {dagbag.py:525} INFO - Filling up the DagBag from /opt/airflow/dags/repo/Airflow/dags/first_dag.py
[2023-01-18T04:33:10.091+0000] {processor.py:768} INFO - DAG(s) dict_keys(['first_dag_v5']) retrieved from /opt/airflow/dags/repo/Airflow/dags/first_dag.py
[2023-01-18T04:33:10.382+0000] {logging_mixin.py:117} INFO - [2023-01-18T04:33:10.381+0000] {dag.py:2573} INFO - Sync 1 DAGs
[2023-01-18T04:33:10.440+0000] {logging_mixin.py:117} INFO - [2023-01-18T04:33:10.440+0000] {dag.py:3328} INFO - Setting next_dagrun for first_dag_v5 to 2023-01-18T00:00:00+00:00, run_after=2023-01-19T00:00:00+00:00
[2023-01-18T04:33:10.491+0000] {processor.py:178} INFO - Processing /opt/airflow/dags/repo/Airflow/dags/first_dag.py took 0.450 seconds
[2023-01-18T04:33:41.487+0000] {processor.py:156} INFO - Started process (PID=338) to work on /opt/airflow/dags/repo/Airflow/dags/first_dag.py
[2023-01-18T04:33:41.490+0000] {processor.py:758} INFO - Processing file /opt/airflow/dags/repo/Airflow/dags/first_dag.py for tasks to queue
[2023-01-18T04:33:41.493+0000] {logging_mixin.py:117} INFO - [2023-01-18T04:33:41.492+0000] {dagbag.py:525} INFO - Filling up the DagBag from /opt/airflow/dags/repo/Airflow/dags/first_dag.py
[2023-01-18T04:33:41.754+0000] {processor.py:768} INFO - DAG(s) dict_keys(['first_dag_v5']) retrieved from /opt/airflow/dags/repo/Airflow/dags/first_dag.py
[2023-01-18T04:33:41.838+0000] {logging_mixin.py:117} INFO - [2023-01-18T04:33:41.838+0000] {dag.py:2573} INFO - Sync 1 DAGs
[2023-01-18T04:33:41.896+0000] {logging_mixin.py:117} INFO - [2023-01-18T04:33:41.896+0000] {dag.py:3328} INFO - Setting next_dagrun for first_dag_v5 to 2023-01-18T00:00:00+00:00, run_after=2023-01-19T00:00:00+00:00
[2023-01-18T04:33:41.947+0000] {processor.py:178} INFO - Processing /opt/airflow/dags/repo/Airflow/dags/first_dag.py took 0.469 seconds
[2023-01-18T04:34:12.392+0000] {processor.py:156} INFO - Started process (PID=374) to work on /opt/airflow/dags/repo/Airflow/dags/first_dag.py
[2023-01-18T04:34:12.394+0000] {processor.py:758} INFO - Processing file /opt/airflow/dags/repo/Airflow/dags/first_dag.py for tasks to queue
[2023-01-18T04:34:12.396+0000] {logging_mixin.py:117} INFO - [2023-01-18T04:34:12.396+0000] {dagbag.py:525} INFO - Filling up the DagBag from /opt/airflow/dags/repo/Airflow/dags/first_dag.py
[2023-01-18T04:34:12.661+0000] {processor.py:768} INFO - DAG(s) dict_keys(['first_dag_v5']) retrieved from /opt/airflow/dags/repo/Airflow/dags/first_dag.py
[2023-01-18T04:34:12.739+0000] {logging_mixin.py:117} INFO - [2023-01-18T04:34:12.739+0000] {dag.py:2573} INFO - Sync 1 DAGs
[2023-01-18T04:34:12.800+0000] {logging_mixin.py:117} INFO - [2023-01-18T04:34:12.799+0000] {dag.py:3328} INFO - Setting next_dagrun for first_dag_v5 to 2023-01-18T00:00:00+00:00, run_after=2023-01-19T00:00:00+00:00
[2023-01-18T04:34:12.848+0000] {processor.py:178} INFO - Processing /opt/airflow/dags/repo/Airflow/dags/first_dag.py took 0.463 seconds
[2023-01-18T04:34:43.809+0000] {processor.py:156} INFO - Started process (PID=422) to work on /opt/airflow/dags/repo/Airflow/dags/first_dag.py
[2023-01-18T04:34:43.811+0000] {processor.py:758} INFO - Processing file /opt/airflow/dags/repo/Airflow/dags/first_dag.py for tasks to queue
[2023-01-18T04:34:43.813+0000] {logging_mixin.py:117} INFO - [2023-01-18T04:34:43.812+0000] {dagbag.py:525} INFO - Filling up the DagBag from /opt/airflow/dags/repo/Airflow/dags/first_dag.py
[2023-01-18T04:34:43.857+0000] {processor.py:768} INFO - DAG(s) dict_keys(['first_dag_v5']) retrieved from /opt/airflow/dags/repo/Airflow/dags/first_dag.py
[2023-01-18T04:34:43.966+0000] {logging_mixin.py:117} INFO - [2023-01-18T04:34:43.965+0000] {dag.py:2573} INFO - Sync 1 DAGs
[2023-01-18T04:34:44.030+0000] {logging_mixin.py:117} INFO - [2023-01-18T04:34:44.030+0000] {dag.py:3328} INFO - Setting next_dagrun for first_dag_v5 to 2023-01-18T00:00:00+00:00, run_after=2023-01-19T00:00:00+00:00
[2023-01-18T04:34:44.080+0000] {processor.py:178} INFO - Processing /opt/airflow/dags/repo/Airflow/dags/first_dag.py took 0.279 seconds
[2023-01-18T04:35:14.777+0000] {processor.py:156} INFO - Started process (PID=458) to work on /opt/airflow/dags/repo/Airflow/dags/first_dag.py
[2023-01-18T04:35:14.779+0000] {processor.py:758} INFO - Processing file /opt/airflow/dags/repo/Airflow/dags/first_dag.py for tasks to queue
[2023-01-18T04:35:14.782+0000] {logging_mixin.py:117} INFO - [2023-01-18T04:35:14.781+0000] {dagbag.py:525} INFO - Filling up the DagBag from /opt/airflow/dags/repo/Airflow/dags/first_dag.py
[2023-01-18T04:35:14.827+0000] {processor.py:768} INFO - DAG(s) dict_keys(['first_dag_v5']) retrieved from /opt/airflow/dags/repo/Airflow/dags/first_dag.py
[2023-01-18T04:35:14.918+0000] {logging_mixin.py:117} INFO - [2023-01-18T04:35:14.918+0000] {dag.py:2573} INFO - Sync 1 DAGs
[2023-01-18T04:35:14.983+0000] {logging_mixin.py:117} INFO - [2023-01-18T04:35:14.983+0000] {dag.py:3328} INFO - Setting next_dagrun for first_dag_v5 to 2023-01-18T00:00:00+00:00, run_after=2023-01-19T00:00:00+00:00
[2023-01-18T04:35:15.030+0000] {processor.py:178} INFO - Processing /opt/airflow/dags/repo/Airflow/dags/first_dag.py took 0.263 seconds
[2023-01-18T04:35:45.358+0000] {processor.py:156} INFO - Started process (PID=506) to work on /opt/airflow/dags/repo/Airflow/dags/first_dag.py
[2023-01-18T04:35:45.360+0000] {processor.py:758} INFO - Processing file /opt/airflow/dags/repo/Airflow/dags/first_dag.py for tasks to queue
[2023-01-18T04:35:45.362+0000] {logging_mixin.py:117} INFO - [2023-01-18T04:35:45.361+0000] {dagbag.py:525} INFO - Filling up the DagBag from /opt/airflow/dags/repo/Airflow/dags/first_dag.py
[2023-01-18T04:35:45.402+0000] {processor.py:768} INFO - DAG(s) dict_keys(['first_dag_v5']) retrieved from /opt/airflow/dags/repo/Airflow/dags/first_dag.py
[2023-01-18T04:35:45.493+0000] {logging_mixin.py:117} INFO - [2023-01-18T04:35:45.493+0000] {dag.py:2573} INFO - Sync 1 DAGs
[2023-01-18T04:35:45.558+0000] {logging_mixin.py:117} INFO - [2023-01-18T04:35:45.558+0000] {dag.py:3328} INFO - Setting next_dagrun for first_dag_v5 to 2023-01-18T00:00:00+00:00, run_after=2023-01-19T00:00:00+00:00
[2023-01-18T04:35:45.605+0000] {processor.py:178} INFO - Processing /opt/airflow/dags/repo/Airflow/dags/first_dag.py took 0.254 seconds
[2023-01-18T04:36:15.911+0000] {processor.py:156} INFO - Started process (PID=542) to work on /opt/airflow/dags/repo/Airflow/dags/first_dag.py
[2023-01-18T04:36:15.913+0000] {processor.py:758} INFO - Processing file /opt/airflow/dags/repo/Airflow/dags/first_dag.py for tasks to queue
[2023-01-18T04:36:15.915+0000] {logging_mixin.py:117} INFO - [2023-01-18T04:36:15.915+0000] {dagbag.py:525} INFO - Filling up the DagBag from /opt/airflow/dags/repo/Airflow/dags/first_dag.py
[2023-01-18T04:36:15.956+0000] {processor.py:768} INFO - DAG(s) dict_keys(['first_dag_v5']) retrieved from /opt/airflow/dags/repo/Airflow/dags/first_dag.py
[2023-01-18T04:36:16.047+0000] {logging_mixin.py:117} INFO - [2023-01-18T04:36:16.047+0000] {dag.py:2573} INFO - Sync 1 DAGs
[2023-01-18T04:36:16.113+0000] {logging_mixin.py:117} INFO - [2023-01-18T04:36:16.112+0000] {dag.py:3328} INFO - Setting next_dagrun for first_dag_v5 to 2023-01-18T00:00:00+00:00, run_after=2023-01-19T00:00:00+00:00
[2023-01-18T04:36:16.160+0000] {processor.py:178} INFO - Processing /opt/airflow/dags/repo/Airflow/dags/first_dag.py took 0.256 seconds
[2023-01-18T04:36:46.590+0000] {processor.py:156} INFO - Started process (PID=590) to work on /opt/airflow/dags/repo/Airflow/dags/first_dag.py
[2023-01-18T04:36:46.592+0000] {processor.py:758} INFO - Processing file /opt/airflow/dags/repo/Airflow/dags/first_dag.py for tasks to queue
[2023-01-18T04:36:46.594+0000] {logging_mixin.py:117} INFO - [2023-01-18T04:36:46.594+0000] {dagbag.py:525} INFO - Filling up the DagBag from /opt/airflow/dags/repo/Airflow/dags/first_dag.py
[2023-01-18T04:36:46.642+0000] {processor.py:768} INFO - DAG(s) dict_keys(['first_dag_v5']) retrieved from /opt/airflow/dags/repo/Airflow/dags/first_dag.py
[2023-01-18T04:36:46.742+0000] {logging_mixin.py:117} INFO - [2023-01-18T04:36:46.741+0000] {dag.py:2573} INFO - Sync 1 DAGs
[2023-01-18T04:36:46.819+0000] {logging_mixin.py:117} INFO - [2023-01-18T04:36:46.818+0000] {dag.py:3328} INFO - Setting next_dagrun for first_dag_v5 to 2023-01-18T00:00:00+00:00, run_after=2023-01-19T00:00:00+00:00
[2023-01-18T04:36:46.873+0000] {processor.py:178} INFO - Processing /opt/airflow/dags/repo/Airflow/dags/first_dag.py took 0.290 seconds
[2023-01-18T04:37:17.185+0000] {processor.py:156} INFO - Started process (PID=626) to work on /opt/airflow/dags/repo/Airflow/dags/first_dag.py
[2023-01-18T04:37:17.186+0000] {processor.py:758} INFO - Processing file /opt/airflow/dags/repo/Airflow/dags/first_dag.py for tasks to queue
[2023-01-18T04:37:17.188+0000] {logging_mixin.py:117} INFO - [2023-01-18T04:37:17.188+0000] {dagbag.py:525} INFO - Filling up the DagBag from /opt/airflow/dags/repo/Airflow/dags/first_dag.py
[2023-01-18T04:37:17.231+0000] {processor.py:768} INFO - DAG(s) dict_keys(['first_dag_v5']) retrieved from /opt/airflow/dags/repo/Airflow/dags/first_dag.py
[2023-01-18T04:37:17.322+0000] {logging_mixin.py:117} INFO - [2023-01-18T04:37:17.322+0000] {dag.py:2573} INFO - Sync 1 DAGs
[2023-01-18T04:37:17.388+0000] {logging_mixin.py:117} INFO - [2023-01-18T04:37:17.388+0000] {dag.py:3328} INFO - Setting next_dagrun for first_dag_v5 to 2023-01-18T00:00:00+00:00, run_after=2023-01-19T00:00:00+00:00
[2023-01-18T04:37:17.439+0000] {processor.py:178} INFO - Processing /opt/airflow/dags/repo/Airflow/dags/first_dag.py took 0.261 seconds
[2023-01-18T04:37:47.730+0000] {processor.py:156} INFO - Started process (PID=674) to work on /opt/airflow/dags/repo/Airflow/dags/first_dag.py
[2023-01-18T04:37:47.732+0000] {processor.py:758} INFO - Processing file /opt/airflow/dags/repo/Airflow/dags/first_dag.py for tasks to queue
[2023-01-18T04:37:47.734+0000] {logging_mixin.py:117} INFO - [2023-01-18T04:37:47.733+0000] {dagbag.py:525} INFO - Filling up the DagBag from /opt/airflow/dags/repo/Airflow/dags/first_dag.py
[2023-01-18T04:37:47.773+0000] {processor.py:768} INFO - DAG(s) dict_keys(['first_dag_v5']) retrieved from /opt/airflow/dags/repo/Airflow/dags/first_dag.py
[2023-01-18T04:37:47.860+0000] {logging_mixin.py:117} INFO - [2023-01-18T04:37:47.859+0000] {dag.py:2573} INFO - Sync 1 DAGs
[2023-01-18T04:37:47.925+0000] {logging_mixin.py:117} INFO - [2023-01-18T04:37:47.925+0000] {dag.py:3328} INFO - Setting next_dagrun for first_dag_v5 to 2023-01-18T00:00:00+00:00, run_after=2023-01-19T00:00:00+00:00
[2023-01-18T04:37:47.976+0000] {processor.py:178} INFO - Processing /opt/airflow/dags/repo/Airflow/dags/first_dag.py took 0.253 seconds
[2023-01-18T04:38:18.405+0000] {processor.py:156} INFO - Started process (PID=710) to work on /opt/airflow/dags/repo/Airflow/dags/first_dag.py
[2023-01-18T04:38:18.407+0000] {processor.py:758} INFO - Processing file /opt/airflow/dags/repo/Airflow/dags/first_dag.py for tasks to queue
[2023-01-18T04:38:18.409+0000] {logging_mixin.py:117} INFO - [2023-01-18T04:38:18.408+0000] {dagbag.py:525} INFO - Filling up the DagBag from /opt/airflow/dags/repo/Airflow/dags/first_dag.py
[2023-01-18T04:38:18.452+0000] {processor.py:768} INFO - DAG(s) dict_keys(['first_dag_v5']) retrieved from /opt/airflow/dags/repo/Airflow/dags/first_dag.py
[2023-01-18T04:38:18.550+0000] {logging_mixin.py:117} INFO - [2023-01-18T04:38:18.550+0000] {dag.py:2573} INFO - Sync 1 DAGs
[2023-01-18T04:38:18.633+0000] {logging_mixin.py:117} INFO - [2023-01-18T04:38:18.633+0000] {dag.py:3328} INFO - Setting next_dagrun for first_dag_v5 to 2023-01-18T00:00:00+00:00, run_after=2023-01-19T00:00:00+00:00
[2023-01-18T04:38:18.687+0000] {processor.py:178} INFO - Processing /opt/airflow/dags/repo/Airflow/dags/first_dag.py took 0.290 seconds
[2023-01-18T04:38:49.062+0000] {processor.py:156} INFO - Started process (PID=758) to work on /opt/airflow/dags/repo/Airflow/dags/first_dag.py
[2023-01-18T04:38:49.064+0000] {processor.py:758} INFO - Processing file /opt/airflow/dags/repo/Airflow/dags/first_dag.py for tasks to queue
[2023-01-18T04:38:49.066+0000] {logging_mixin.py:117} INFO - [2023-01-18T04:38:49.066+0000] {dagbag.py:525} INFO - Filling up the DagBag from /opt/airflow/dags/repo/Airflow/dags/first_dag.py
[2023-01-18T04:38:49.110+0000] {processor.py:768} INFO - DAG(s) dict_keys(['first_dag_v5']) retrieved from /opt/airflow/dags/repo/Airflow/dags/first_dag.py
[2023-01-18T04:38:49.204+0000] {logging_mixin.py:117} INFO - [2023-01-18T04:38:49.204+0000] {dag.py:2573} INFO - Sync 1 DAGs
[2023-01-18T04:38:49.269+0000] {logging_mixin.py:117} INFO - [2023-01-18T04:38:49.268+0000] {dag.py:3328} INFO - Setting next_dagrun for first_dag_v5 to 2023-01-18T00:00:00+00:00, run_after=2023-01-19T00:00:00+00:00
[2023-01-18T04:38:49.317+0000] {processor.py:178} INFO - Processing /opt/airflow/dags/repo/Airflow/dags/first_dag.py took 0.263 seconds
[2023-01-18T04:39:19.769+0000] {processor.py:156} INFO - Started process (PID=794) to work on /opt/airflow/dags/repo/Airflow/dags/first_dag.py
[2023-01-18T04:39:19.771+0000] {processor.py:758} INFO - Processing file /opt/airflow/dags/repo/Airflow/dags/first_dag.py for tasks to queue
[2023-01-18T04:39:19.773+0000] {logging_mixin.py:117} INFO - [2023-01-18T04:39:19.773+0000] {dagbag.py:525} INFO - Filling up the DagBag from /opt/airflow/dags/repo/Airflow/dags/first_dag.py
[2023-01-18T04:39:19.819+0000] {processor.py:768} INFO - DAG(s) dict_keys(['first_dag_v5']) retrieved from /opt/airflow/dags/repo/Airflow/dags/first_dag.py
[2023-01-18T04:39:19.911+0000] {logging_mixin.py:117} INFO - [2023-01-18T04:39:19.911+0000] {dag.py:2573} INFO - Sync 1 DAGs
[2023-01-18T04:39:19.975+0000] {logging_mixin.py:117} INFO - [2023-01-18T04:39:19.975+0000] {dag.py:3328} INFO - Setting next_dagrun for first_dag_v5 to 2023-01-18T00:00:00+00:00, run_after=2023-01-19T00:00:00+00:00
[2023-01-18T04:39:20.028+0000] {processor.py:178} INFO - Processing /opt/airflow/dags/repo/Airflow/dags/first_dag.py took 0.267 seconds
[2023-01-18T04:39:50.377+0000] {processor.py:156} INFO - Started process (PID=843) to work on /opt/airflow/dags/repo/Airflow/dags/first_dag.py
[2023-01-18T04:39:50.379+0000] {processor.py:758} INFO - Processing file /opt/airflow/dags/repo/Airflow/dags/first_dag.py for tasks to queue
[2023-01-18T04:39:50.381+0000] {logging_mixin.py:117} INFO - [2023-01-18T04:39:50.381+0000] {dagbag.py:525} INFO - Filling up the DagBag from /opt/airflow/dags/repo/Airflow/dags/first_dag.py
[2023-01-18T04:39:50.421+0000] {processor.py:768} INFO - DAG(s) dict_keys(['first_dag_v5']) retrieved from /opt/airflow/dags/repo/Airflow/dags/first_dag.py
[2023-01-18T04:39:50.513+0000] {logging_mixin.py:117} INFO - [2023-01-18T04:39:50.513+0000] {dag.py:2573} INFO - Sync 1 DAGs
[2023-01-18T04:39:50.577+0000] {logging_mixin.py:117} INFO - [2023-01-18T04:39:50.576+0000] {dag.py:3328} INFO - Setting next_dagrun for first_dag_v5 to 2023-01-18T00:00:00+00:00, run_after=2023-01-19T00:00:00+00:00
[2023-01-18T04:39:50.631+0000] {processor.py:178} INFO - Processing /opt/airflow/dags/repo/Airflow/dags/first_dag.py took 0.263 seconds
[2023-01-18T04:40:21.029+0000] {processor.py:156} INFO - Started process (PID=879) to work on /opt/airflow/dags/repo/Airflow/dags/first_dag.py
[2023-01-18T04:40:21.031+0000] {processor.py:758} INFO - Processing file /opt/airflow/dags/repo/Airflow/dags/first_dag.py for tasks to queue
[2023-01-18T04:40:21.034+0000] {logging_mixin.py:117} INFO - [2023-01-18T04:40:21.033+0000] {dagbag.py:525} INFO - Filling up the DagBag from /opt/airflow/dags/repo/Airflow/dags/first_dag.py
[2023-01-18T04:40:21.094+0000] {processor.py:768} INFO - DAG(s) dict_keys(['first_dag_v5']) retrieved from /opt/airflow/dags/repo/Airflow/dags/first_dag.py
[2023-01-18T04:40:21.194+0000] {logging_mixin.py:117} INFO - [2023-01-18T04:40:21.194+0000] {dag.py:2573} INFO - Sync 1 DAGs
[2023-01-18T04:40:21.272+0000] {logging_mixin.py:117} INFO - [2023-01-18T04:40:21.272+0000] {dag.py:3328} INFO - Setting next_dagrun for first_dag_v5 to 2023-01-18T00:00:00+00:00, run_after=2023-01-19T00:00:00+00:00
[2023-01-18T04:40:21.327+0000] {processor.py:178} INFO - Processing /opt/airflow/dags/repo/Airflow/dags/first_dag.py took 0.306 seconds
[2023-01-18T04:40:52.065+0000] {processor.py:156} INFO - Started process (PID=927) to work on /opt/airflow/dags/repo/Airflow/dags/first_dag.py
[2023-01-18T04:40:52.067+0000] {processor.py:758} INFO - Processing file /opt/airflow/dags/repo/Airflow/dags/first_dag.py for tasks to queue
[2023-01-18T04:40:52.069+0000] {logging_mixin.py:117} INFO - [2023-01-18T04:40:52.069+0000] {dagbag.py:525} INFO - Filling up the DagBag from /opt/airflow/dags/repo/Airflow/dags/first_dag.py
[2023-01-18T04:40:52.113+0000] {processor.py:768} INFO - DAG(s) dict_keys(['first_dag_v5']) retrieved from /opt/airflow/dags/repo/Airflow/dags/first_dag.py
[2023-01-18T04:40:52.219+0000] {logging_mixin.py:117} INFO - [2023-01-18T04:40:52.219+0000] {dag.py:2573} INFO - Sync 1 DAGs
[2023-01-18T04:40:52.293+0000] {logging_mixin.py:117} INFO - [2023-01-18T04:40:52.292+0000] {dag.py:3328} INFO - Setting next_dagrun for first_dag_v5 to 2023-01-18T00:00:00+00:00, run_after=2023-01-19T00:00:00+00:00
[2023-01-18T04:40:52.347+0000] {processor.py:178} INFO - Processing /opt/airflow/dags/repo/Airflow/dags/first_dag.py took 0.290 seconds
[2023-01-18T04:41:22.760+0000] {processor.py:156} INFO - Started process (PID=963) to work on /opt/airflow/dags/repo/Airflow/dags/first_dag.py
[2023-01-18T04:41:22.762+0000] {processor.py:758} INFO - Processing file /opt/airflow/dags/repo/Airflow/dags/first_dag.py for tasks to queue
[2023-01-18T04:41:22.764+0000] {logging_mixin.py:117} INFO - [2023-01-18T04:41:22.763+0000] {dagbag.py:525} INFO - Filling up the DagBag from /opt/airflow/dags/repo/Airflow/dags/first_dag.py
[2023-01-18T04:41:22.810+0000] {processor.py:768} INFO - DAG(s) dict_keys(['first_dag_v5']) retrieved from /opt/airflow/dags/repo/Airflow/dags/first_dag.py
[2023-01-18T04:41:22.914+0000] {logging_mixin.py:117} INFO - [2023-01-18T04:41:22.914+0000] {dag.py:2573} INFO - Sync 1 DAGs
[2023-01-18T04:41:22.987+0000] {logging_mixin.py:117} INFO - [2023-01-18T04:41:22.986+0000] {dag.py:3328} INFO - Setting next_dagrun for first_dag_v5 to 2023-01-18T00:00:00+00:00, run_after=2023-01-19T00:00:00+00:00
[2023-01-18T04:41:23.034+0000] {processor.py:178} INFO - Processing /opt/airflow/dags/repo/Airflow/dags/first_dag.py took 0.282 seconds
[2023-01-18T04:41:53.404+0000] {processor.py:156} INFO - Started process (PID=1011) to work on /opt/airflow/dags/repo/Airflow/dags/first_dag.py
[2023-01-18T04:41:53.406+0000] {processor.py:758} INFO - Processing file /opt/airflow/dags/repo/Airflow/dags/first_dag.py for tasks to queue
[2023-01-18T04:41:53.408+0000] {logging_mixin.py:117} INFO - [2023-01-18T04:41:53.407+0000] {dagbag.py:525} INFO - Filling up the DagBag from /opt/airflow/dags/repo/Airflow/dags/first_dag.py
[2023-01-18T04:41:53.452+0000] {processor.py:768} INFO - DAG(s) dict_keys(['first_dag_v5']) retrieved from /opt/airflow/dags/repo/Airflow/dags/first_dag.py
[2023-01-18T04:41:53.545+0000] {logging_mixin.py:117} INFO - [2023-01-18T04:41:53.545+0000] {dag.py:2573} INFO - Sync 1 DAGs
[2023-01-18T04:41:53.610+0000] {logging_mixin.py:117} INFO - [2023-01-18T04:41:53.610+0000] {dag.py:3328} INFO - Setting next_dagrun for first_dag_v5 to 2023-01-18T00:00:00+00:00, run_after=2023-01-19T00:00:00+00:00
[2023-01-18T04:41:53.663+0000] {processor.py:178} INFO - Processing /opt/airflow/dags/repo/Airflow/dags/first_dag.py took 0.267 seconds
[2023-01-18T04:42:24.031+0000] {processor.py:156} INFO - Started process (PID=1047) to work on /opt/airflow/dags/repo/Airflow/dags/first_dag.py
[2023-01-18T04:42:24.034+0000] {processor.py:758} INFO - Processing file /opt/airflow/dags/repo/Airflow/dags/first_dag.py for tasks to queue
[2023-01-18T04:42:24.036+0000] {logging_mixin.py:117} INFO - [2023-01-18T04:42:24.036+0000] {dagbag.py:525} INFO - Filling up the DagBag from /opt/airflow/dags/repo/Airflow/dags/first_dag.py
[2023-01-18T04:42:24.078+0000] {processor.py:768} INFO - DAG(s) dict_keys(['first_dag_v5']) retrieved from /opt/airflow/dags/repo/Airflow/dags/first_dag.py
[2023-01-18T04:42:24.175+0000] {logging_mixin.py:117} INFO - [2023-01-18T04:42:24.175+0000] {dag.py:2573} INFO - Sync 1 DAGs
[2023-01-18T04:42:24.246+0000] {logging_mixin.py:117} INFO - [2023-01-18T04:42:24.245+0000] {dag.py:3328} INFO - Setting next_dagrun for first_dag_v5 to 2023-01-18T00:00:00+00:00, run_after=2023-01-19T00:00:00+00:00
[2023-01-18T04:42:24.294+0000] {processor.py:178} INFO - Processing /opt/airflow/dags/repo/Airflow/dags/first_dag.py took 0.274 seconds
[2023-01-18T04:42:54.741+0000] {processor.py:156} INFO - Started process (PID=1095) to work on /opt/airflow/dags/repo/Airflow/dags/first_dag.py
[2023-01-18T04:42:54.743+0000] {processor.py:758} INFO - Processing file /opt/airflow/dags/repo/Airflow/dags/first_dag.py for tasks to queue
[2023-01-18T04:42:54.745+0000] {logging_mixin.py:117} INFO - [2023-01-18T04:42:54.745+0000] {dagbag.py:525} INFO - Filling up the DagBag from /opt/airflow/dags/repo/Airflow/dags/first_dag.py
[2023-01-18T04:42:54.785+0000] {processor.py:768} INFO - DAG(s) dict_keys(['first_dag_v5']) retrieved from /opt/airflow/dags/repo/Airflow/dags/first_dag.py
[2023-01-18T04:42:54.879+0000] {logging_mixin.py:117} INFO - [2023-01-18T04:42:54.879+0000] {dag.py:2573} INFO - Sync 1 DAGs
[2023-01-18T04:42:54.949+0000] {logging_mixin.py:117} INFO - [2023-01-18T04:42:54.948+0000] {dag.py:3328} INFO - Setting next_dagrun for first_dag_v5 to 2023-01-18T00:00:00+00:00, run_after=2023-01-19T00:00:00+00:00
[2023-01-18T04:42:54.999+0000] {processor.py:178} INFO - Processing /opt/airflow/dags/repo/Airflow/dags/first_dag.py took 0.267 seconds
[2023-01-18T04:43:25.355+0000] {processor.py:156} INFO - Started process (PID=1131) to work on /opt/airflow/dags/repo/Airflow/dags/first_dag.py
[2023-01-18T04:43:25.357+0000] {processor.py:758} INFO - Processing file /opt/airflow/dags/repo/Airflow/dags/first_dag.py for tasks to queue
[2023-01-18T04:43:25.358+0000] {logging_mixin.py:117} INFO - [2023-01-18T04:43:25.358+0000] {dagbag.py:525} INFO - Filling up the DagBag from /opt/airflow/dags/repo/Airflow/dags/first_dag.py
[2023-01-18T04:43:25.397+0000] {processor.py:768} INFO - DAG(s) dict_keys(['first_dag_v5']) retrieved from /opt/airflow/dags/repo/Airflow/dags/first_dag.py
[2023-01-18T04:43:25.496+0000] {logging_mixin.py:117} INFO - [2023-01-18T04:43:25.495+0000] {dag.py:2573} INFO - Sync 1 DAGs
[2023-01-18T04:43:25.565+0000] {logging_mixin.py:117} INFO - [2023-01-18T04:43:25.565+0000] {dag.py:3328} INFO - Setting next_dagrun for first_dag_v5 to 2023-01-18T00:00:00+00:00, run_after=2023-01-19T00:00:00+00:00
[2023-01-18T04:43:25.613+0000] {processor.py:178} INFO - Processing /opt/airflow/dags/repo/Airflow/dags/first_dag.py took 0.268 seconds
[2023-01-18T04:43:55.956+0000] {processor.py:156} INFO - Started process (PID=1179) to work on /opt/airflow/dags/repo/Airflow/dags/first_dag.py
[2023-01-18T04:43:55.958+0000] {processor.py:758} INFO - Processing file /opt/airflow/dags/repo/Airflow/dags/first_dag.py for tasks to queue
[2023-01-18T04:43:55.959+0000] {logging_mixin.py:117} INFO - [2023-01-18T04:43:55.959+0000] {dagbag.py:525} INFO - Filling up the DagBag from /opt/airflow/dags/repo/Airflow/dags/first_dag.py
[2023-01-18T04:43:55.999+0000] {processor.py:768} INFO - DAG(s) dict_keys(['first_dag_v5']) retrieved from /opt/airflow/dags/repo/Airflow/dags/first_dag.py
[2023-01-18T04:43:56.088+0000] {logging_mixin.py:117} INFO - [2023-01-18T04:43:56.087+0000] {dag.py:2573} INFO - Sync 1 DAGs
[2023-01-18T04:43:56.152+0000] {logging_mixin.py:117} INFO - [2023-01-18T04:43:56.152+0000] {dag.py:3328} INFO - Setting next_dagrun for first_dag_v5 to 2023-01-18T00:00:00+00:00, run_after=2023-01-19T00:00:00+00:00
[2023-01-18T04:43:56.202+0000] {processor.py:178} INFO - Processing /opt/airflow/dags/repo/Airflow/dags/first_dag.py took 0.253 seconds
[2023-01-18T04:44:26.593+0000] {processor.py:156} INFO - Started process (PID=1215) to work on /opt/airflow/dags/repo/Airflow/dags/first_dag.py
[2023-01-18T04:44:26.595+0000] {processor.py:758} INFO - Processing file /opt/airflow/dags/repo/Airflow/dags/first_dag.py for tasks to queue
[2023-01-18T04:44:26.597+0000] {logging_mixin.py:117} INFO - [2023-01-18T04:44:26.597+0000] {dagbag.py:525} INFO - Filling up the DagBag from /opt/airflow/dags/repo/Airflow/dags/first_dag.py
[2023-01-18T04:44:26.641+0000] {processor.py:768} INFO - DAG(s) dict_keys(['first_dag_v5']) retrieved from /opt/airflow/dags/repo/Airflow/dags/first_dag.py
[2023-01-18T04:44:26.738+0000] {logging_mixin.py:117} INFO - [2023-01-18T04:44:26.738+0000] {dag.py:2573} INFO - Sync 1 DAGs
[2023-01-18T04:44:26.812+0000] {logging_mixin.py:117} INFO - [2023-01-18T04:44:26.811+0000] {dag.py:3328} INFO - Setting next_dagrun for first_dag_v5 to 2023-01-18T00:00:00+00:00, run_after=2023-01-19T00:00:00+00:00
[2023-01-18T04:44:26.871+0000] {processor.py:178} INFO - Processing /opt/airflow/dags/repo/Airflow/dags/first_dag.py took 0.286 seconds
[2023-01-18T04:44:57.162+0000] {processor.py:156} INFO - Started process (PID=1263) to work on /opt/airflow/dags/repo/Airflow/dags/first_dag.py
[2023-01-18T04:44:57.164+0000] {processor.py:758} INFO - Processing file /opt/airflow/dags/repo/Airflow/dags/first_dag.py for tasks to queue
[2023-01-18T04:44:57.166+0000] {logging_mixin.py:117} INFO - [2023-01-18T04:44:57.165+0000] {dagbag.py:525} INFO - Filling up the DagBag from /opt/airflow/dags/repo/Airflow/dags/first_dag.py
[2023-01-18T04:44:57.214+0000] {processor.py:768} INFO - DAG(s) dict_keys(['first_dag_v5']) retrieved from /opt/airflow/dags/repo/Airflow/dags/first_dag.py
[2023-01-18T04:44:57.308+0000] {logging_mixin.py:117} INFO - [2023-01-18T04:44:57.308+0000] {dag.py:2573} INFO - Sync 1 DAGs
[2023-01-18T04:44:57.373+0000] {logging_mixin.py:117} INFO - [2023-01-18T04:44:57.372+0000] {dag.py:3328} INFO - Setting next_dagrun for first_dag_v5 to 2023-01-18T00:00:00+00:00, run_after=2023-01-19T00:00:00+00:00
[2023-01-18T04:44:57.428+0000] {processor.py:178} INFO - Processing /opt/airflow/dags/repo/Airflow/dags/first_dag.py took 0.274 seconds
[2023-01-18T04:45:27.747+0000] {processor.py:156} INFO - Started process (PID=1299) to work on /opt/airflow/dags/repo/Airflow/dags/first_dag.py
[2023-01-18T04:45:27.750+0000] {processor.py:758} INFO - Processing file /opt/airflow/dags/repo/Airflow/dags/first_dag.py for tasks to queue
[2023-01-18T04:45:27.751+0000] {logging_mixin.py:117} INFO - [2023-01-18T04:45:27.751+0000] {dagbag.py:525} INFO - Filling up the DagBag from /opt/airflow/dags/repo/Airflow/dags/first_dag.py
[2023-01-18T04:45:27.790+0000] {processor.py:768} INFO - DAG(s) dict_keys(['first_dag_v5']) retrieved from /opt/airflow/dags/repo/Airflow/dags/first_dag.py
[2023-01-18T04:45:27.882+0000] {logging_mixin.py:117} INFO - [2023-01-18T04:45:27.882+0000] {dag.py:2573} INFO - Sync 1 DAGs
[2023-01-18T04:45:27.944+0000] {logging_mixin.py:117} INFO - [2023-01-18T04:45:27.944+0000] {dag.py:3328} INFO - Setting next_dagrun for first_dag_v5 to 2023-01-18T00:00:00+00:00, run_after=2023-01-19T00:00:00+00:00
[2023-01-18T04:45:27.994+0000] {processor.py:178} INFO - Processing /opt/airflow/dags/repo/Airflow/dags/first_dag.py took 0.254 seconds
[2023-01-18T04:45:58.341+0000] {processor.py:156} INFO - Started process (PID=1347) to work on /opt/airflow/dags/repo/Airflow/dags/first_dag.py
[2023-01-18T04:45:58.343+0000] {processor.py:758} INFO - Processing file /opt/airflow/dags/repo/Airflow/dags/first_dag.py for tasks to queue
[2023-01-18T04:45:58.345+0000] {logging_mixin.py:117} INFO - [2023-01-18T04:45:58.344+0000] {dagbag.py:525} INFO - Filling up the DagBag from /opt/airflow/dags/repo/Airflow/dags/first_dag.py
[2023-01-18T04:45:58.385+0000] {processor.py:768} INFO - DAG(s) dict_keys(['first_dag_v5']) retrieved from /opt/airflow/dags/repo/Airflow/dags/first_dag.py
[2023-01-18T04:45:58.473+0000] {logging_mixin.py:117} INFO - [2023-01-18T04:45:58.473+0000] {dag.py:2573} INFO - Sync 1 DAGs
[2023-01-18T04:45:58.537+0000] {logging_mixin.py:117} INFO - [2023-01-18T04:45:58.536+0000] {dag.py:3328} INFO - Setting next_dagrun for first_dag_v5 to 2023-01-18T00:00:00+00:00, run_after=2023-01-19T00:00:00+00:00
[2023-01-18T04:45:58.590+0000] {processor.py:178} INFO - Processing /opt/airflow/dags/repo/Airflow/dags/first_dag.py took 0.256 seconds
[2023-01-18T04:46:29.016+0000] {processor.py:156} INFO - Started process (PID=1383) to work on /opt/airflow/dags/repo/Airflow/dags/first_dag.py
[2023-01-18T04:46:29.018+0000] {processor.py:758} INFO - Processing file /opt/airflow/dags/repo/Airflow/dags/first_dag.py for tasks to queue
[2023-01-18T04:46:29.020+0000] {logging_mixin.py:117} INFO - [2023-01-18T04:46:29.019+0000] {dagbag.py:525} INFO - Filling up the DagBag from /opt/airflow/dags/repo/Airflow/dags/first_dag.py
[2023-01-18T04:46:29.065+0000] {processor.py:768} INFO - DAG(s) dict_keys(['first_dag_v5']) retrieved from /opt/airflow/dags/repo/Airflow/dags/first_dag.py
[2023-01-18T04:46:29.158+0000] {logging_mixin.py:117} INFO - [2023-01-18T04:46:29.157+0000] {dag.py:2573} INFO - Sync 1 DAGs
[2023-01-18T04:46:29.235+0000] {logging_mixin.py:117} INFO - [2023-01-18T04:46:29.235+0000] {dag.py:3328} INFO - Setting next_dagrun for first_dag_v5 to 2023-01-18T00:00:00+00:00, run_after=2023-01-19T00:00:00+00:00
[2023-01-18T04:46:29.293+0000] {processor.py:178} INFO - Processing /opt/airflow/dags/repo/Airflow/dags/first_dag.py took 0.285 seconds
[2023-01-18T04:46:59.643+0000] {processor.py:156} INFO - Started process (PID=1431) to work on /opt/airflow/dags/repo/Airflow/dags/first_dag.py
[2023-01-18T04:46:59.645+0000] {processor.py:758} INFO - Processing file /opt/airflow/dags/repo/Airflow/dags/first_dag.py for tasks to queue
[2023-01-18T04:46:59.647+0000] {logging_mixin.py:117} INFO - [2023-01-18T04:46:59.647+0000] {dagbag.py:525} INFO - Filling up the DagBag from /opt/airflow/dags/repo/Airflow/dags/first_dag.py
[2023-01-18T04:46:59.691+0000] {processor.py:768} INFO - DAG(s) dict_keys(['first_dag_v5']) retrieved from /opt/airflow/dags/repo/Airflow/dags/first_dag.py
[2023-01-18T04:46:59.794+0000] {logging_mixin.py:117} INFO - [2023-01-18T04:46:59.794+0000] {dag.py:2573} INFO - Sync 1 DAGs
[2023-01-18T04:46:59.873+0000] {logging_mixin.py:117} INFO - [2023-01-18T04:46:59.872+0000] {dag.py:3328} INFO - Setting next_dagrun for first_dag_v5 to 2023-01-18T00:00:00+00:00, run_after=2023-01-19T00:00:00+00:00
[2023-01-18T04:46:59.923+0000] {processor.py:178} INFO - Processing /opt/airflow/dags/repo/Airflow/dags/first_dag.py took 0.289 seconds
[2023-01-18T04:47:30.254+0000] {processor.py:156} INFO - Started process (PID=1467) to work on /opt/airflow/dags/repo/Airflow/dags/first_dag.py
[2023-01-18T04:47:30.256+0000] {processor.py:758} INFO - Processing file /opt/airflow/dags/repo/Airflow/dags/first_dag.py for tasks to queue
[2023-01-18T04:47:30.258+0000] {logging_mixin.py:117} INFO - [2023-01-18T04:47:30.258+0000] {dagbag.py:525} INFO - Filling up the DagBag from /opt/airflow/dags/repo/Airflow/dags/first_dag.py
[2023-01-18T04:47:30.300+0000] {processor.py:768} INFO - DAG(s) dict_keys(['first_dag_v5']) retrieved from /opt/airflow/dags/repo/Airflow/dags/first_dag.py
[2023-01-18T04:47:30.404+0000] {logging_mixin.py:117} INFO - [2023-01-18T04:47:30.403+0000] {dag.py:2573} INFO - Sync 1 DAGs
[2023-01-18T04:47:30.479+0000] {logging_mixin.py:117} INFO - [2023-01-18T04:47:30.479+0000] {dag.py:3328} INFO - Setting next_dagrun for first_dag_v5 to 2023-01-18T00:00:00+00:00, run_after=2023-01-19T00:00:00+00:00
[2023-01-18T04:47:30.539+0000] {processor.py:178} INFO - Processing /opt/airflow/dags/repo/Airflow/dags/first_dag.py took 0.291 seconds
[2023-01-18T04:48:00.823+0000] {processor.py:156} INFO - Started process (PID=1515) to work on /opt/airflow/dags/repo/Airflow/dags/first_dag.py
[2023-01-18T04:48:00.825+0000] {processor.py:758} INFO - Processing file /opt/airflow/dags/repo/Airflow/dags/first_dag.py for tasks to queue
[2023-01-18T04:48:00.826+0000] {logging_mixin.py:117} INFO - [2023-01-18T04:48:00.826+0000] {dagbag.py:525} INFO - Filling up the DagBag from /opt/airflow/dags/repo/Airflow/dags/first_dag.py
[2023-01-18T04:48:00.869+0000] {processor.py:768} INFO - DAG(s) dict_keys(['first_dag_v5']) retrieved from /opt/airflow/dags/repo/Airflow/dags/first_dag.py
[2023-01-18T04:48:00.963+0000] {logging_mixin.py:117} INFO - [2023-01-18T04:48:00.962+0000] {dag.py:2573} INFO - Sync 1 DAGs
[2023-01-18T04:48:01.029+0000] {logging_mixin.py:117} INFO - [2023-01-18T04:48:01.029+0000] {dag.py:3328} INFO - Setting next_dagrun for first_dag_v5 to 2023-01-18T00:00:00+00:00, run_after=2023-01-19T00:00:00+00:00
[2023-01-18T04:48:01.087+0000] {processor.py:178} INFO - Processing /opt/airflow/dags/repo/Airflow/dags/first_dag.py took 0.272 seconds
[2023-01-18T04:48:31.421+0000] {processor.py:156} INFO - Started process (PID=1551) to work on /opt/airflow/dags/repo/Airflow/dags/first_dag.py
[2023-01-18T04:48:31.423+0000] {processor.py:758} INFO - Processing file /opt/airflow/dags/repo/Airflow/dags/first_dag.py for tasks to queue
[2023-01-18T04:48:31.425+0000] {logging_mixin.py:117} INFO - [2023-01-18T04:48:31.424+0000] {dagbag.py:525} INFO - Filling up the DagBag from /opt/airflow/dags/repo/Airflow/dags/first_dag.py
[2023-01-18T04:48:31.480+0000] {processor.py:768} INFO - DAG(s) dict_keys(['first_dag_v5']) retrieved from /opt/airflow/dags/repo/Airflow/dags/first_dag.py
[2023-01-18T04:48:31.591+0000] {logging_mixin.py:117} INFO - [2023-01-18T04:48:31.591+0000] {dag.py:2573} INFO - Sync 1 DAGs
[2023-01-18T04:48:31.657+0000] {logging_mixin.py:117} INFO - [2023-01-18T04:48:31.657+0000] {dag.py:3328} INFO - Setting next_dagrun for first_dag_v5 to 2023-01-18T00:00:00+00:00, run_after=2023-01-19T00:00:00+00:00
[2023-01-18T04:48:31.710+0000] {processor.py:178} INFO - Processing /opt/airflow/dags/repo/Airflow/dags/first_dag.py took 0.298 seconds
[2023-01-18T04:49:02.093+0000] {processor.py:156} INFO - Started process (PID=1599) to work on /opt/airflow/dags/repo/Airflow/dags/first_dag.py
[2023-01-18T04:49:02.095+0000] {processor.py:758} INFO - Processing file /opt/airflow/dags/repo/Airflow/dags/first_dag.py for tasks to queue
[2023-01-18T04:49:02.096+0000] {logging_mixin.py:117} INFO - [2023-01-18T04:49:02.096+0000] {dagbag.py:525} INFO - Filling up the DagBag from /opt/airflow/dags/repo/Airflow/dags/first_dag.py
[2023-01-18T04:49:02.141+0000] {processor.py:768} INFO - DAG(s) dict_keys(['first_dag_v5']) retrieved from /opt/airflow/dags/repo/Airflow/dags/first_dag.py
[2023-01-18T04:49:02.239+0000] {logging_mixin.py:117} INFO - [2023-01-18T04:49:02.239+0000] {dag.py:2573} INFO - Sync 1 DAGs
[2023-01-18T04:49:02.310+0000] {logging_mixin.py:117} INFO - [2023-01-18T04:49:02.309+0000] {dag.py:3328} INFO - Setting next_dagrun for first_dag_v5 to 2023-01-18T00:00:00+00:00, run_after=2023-01-19T00:00:00+00:00
[2023-01-18T04:49:02.364+0000] {processor.py:178} INFO - Processing /opt/airflow/dags/repo/Airflow/dags/first_dag.py took 0.280 seconds
[2023-01-18T04:49:28.701+0000] {processor.py:156} INFO - Started process (PID=1624) to work on /opt/airflow/dags/repo/Airflow/dags/first_dag.py
[2023-01-18T04:49:28.704+0000] {processor.py:758} INFO - Processing file /opt/airflow/dags/repo/Airflow/dags/first_dag.py for tasks to queue
[2023-01-18T04:49:28.706+0000] {logging_mixin.py:117} INFO - [2023-01-18T04:49:28.705+0000] {dagbag.py:525} INFO - Filling up the DagBag from /opt/airflow/dags/repo/Airflow/dags/first_dag.py
[2023-01-18T04:49:28.752+0000] {processor.py:768} INFO - DAG(s) dict_keys(['first_dag_v5']) retrieved from /opt/airflow/dags/repo/Airflow/dags/first_dag.py
[2023-01-18T04:49:28.849+0000] {logging_mixin.py:117} INFO - [2023-01-18T04:49:28.848+0000] {dag.py:2573} INFO - Sync 1 DAGs
[2023-01-18T04:49:28.917+0000] {logging_mixin.py:117} INFO - [2023-01-18T04:49:28.916+0000] {dag.py:3328} INFO - Setting next_dagrun for first_dag_v5 to 2023-01-18T00:00:00+00:00, run_after=2023-01-19T00:00:00+00:00
[2023-01-18T04:49:28.976+0000] {processor.py:178} INFO - Processing /opt/airflow/dags/repo/Airflow/dags/first_dag.py took 0.285 seconds
[2023-01-18T04:49:59.347+0000] {processor.py:156} INFO - Started process (PID=1672) to work on /opt/airflow/dags/repo/Airflow/dags/first_dag.py
[2023-01-18T04:49:59.349+0000] {processor.py:758} INFO - Processing file /opt/airflow/dags/repo/Airflow/dags/first_dag.py for tasks to queue
[2023-01-18T04:49:59.351+0000] {logging_mixin.py:117} INFO - [2023-01-18T04:49:59.350+0000] {dagbag.py:525} INFO - Filling up the DagBag from /opt/airflow/dags/repo/Airflow/dags/first_dag.py
[2023-01-18T04:49:59.393+0000] {processor.py:768} INFO - DAG(s) dict_keys(['first_dag_v5']) retrieved from /opt/airflow/dags/repo/Airflow/dags/first_dag.py
[2023-01-18T04:49:59.486+0000] {logging_mixin.py:117} INFO - [2023-01-18T04:49:59.485+0000] {dag.py:2573} INFO - Sync 1 DAGs
[2023-01-18T04:49:59.554+0000] {logging_mixin.py:117} INFO - [2023-01-18T04:49:59.554+0000] {dag.py:3328} INFO - Setting next_dagrun for first_dag_v5 to 2023-01-18T00:00:00+00:00, run_after=2023-01-19T00:00:00+00:00
[2023-01-18T04:49:59.609+0000] {processor.py:178} INFO - Processing /opt/airflow/dags/repo/Airflow/dags/first_dag.py took 0.270 seconds
[2023-01-18T04:50:29.923+0000] {processor.py:156} INFO - Started process (PID=1708) to work on /opt/airflow/dags/repo/Airflow/dags/first_dag.py
[2023-01-18T04:50:29.925+0000] {processor.py:758} INFO - Processing file /opt/airflow/dags/repo/Airflow/dags/first_dag.py for tasks to queue
[2023-01-18T04:50:29.927+0000] {logging_mixin.py:117} INFO - [2023-01-18T04:50:29.926+0000] {dagbag.py:525} INFO - Filling up the DagBag from /opt/airflow/dags/repo/Airflow/dags/first_dag.py
[2023-01-18T04:50:29.968+0000] {processor.py:768} INFO - DAG(s) dict_keys(['first_dag_v5']) retrieved from /opt/airflow/dags/repo/Airflow/dags/first_dag.py
[2023-01-18T04:50:30.058+0000] {logging_mixin.py:117} INFO - [2023-01-18T04:50:30.058+0000] {dag.py:2573} INFO - Sync 1 DAGs
[2023-01-18T04:50:30.124+0000] {logging_mixin.py:117} INFO - [2023-01-18T04:50:30.124+0000] {dag.py:3328} INFO - Setting next_dagrun for first_dag_v5 to 2023-01-18T00:00:00+00:00, run_after=2023-01-19T00:00:00+00:00
[2023-01-18T04:50:30.175+0000] {processor.py:178} INFO - Processing /opt/airflow/dags/repo/Airflow/dags/first_dag.py took 0.260 seconds
[2023-01-18T04:51:00.580+0000] {processor.py:156} INFO - Started process (PID=1756) to work on /opt/airflow/dags/repo/Airflow/dags/first_dag.py
[2023-01-18T04:51:00.583+0000] {processor.py:758} INFO - Processing file /opt/airflow/dags/repo/Airflow/dags/first_dag.py for tasks to queue
[2023-01-18T04:51:00.585+0000] {logging_mixin.py:117} INFO - [2023-01-18T04:51:00.585+0000] {dagbag.py:525} INFO - Filling up the DagBag from /opt/airflow/dags/repo/Airflow/dags/first_dag.py
[2023-01-18T04:51:00.630+0000] {processor.py:768} INFO - DAG(s) dict_keys(['first_dag_v5']) retrieved from /opt/airflow/dags/repo/Airflow/dags/first_dag.py
[2023-01-18T04:51:00.721+0000] {logging_mixin.py:117} INFO - [2023-01-18T04:51:00.720+0000] {dag.py:2573} INFO - Sync 1 DAGs
[2023-01-18T04:51:00.784+0000] {logging_mixin.py:117} INFO - [2023-01-18T04:51:00.784+0000] {dag.py:3328} INFO - Setting next_dagrun for first_dag_v5 to 2023-01-18T00:00:00+00:00, run_after=2023-01-19T00:00:00+00:00
[2023-01-18T04:51:00.832+0000] {processor.py:178} INFO - Processing /opt/airflow/dags/repo/Airflow/dags/first_dag.py took 0.259 seconds
[2023-01-18T04:51:31.221+0000] {processor.py:156} INFO - Started process (PID=1792) to work on /opt/airflow/dags/repo/Airflow/dags/first_dag.py
[2023-01-18T04:51:31.223+0000] {processor.py:758} INFO - Processing file /opt/airflow/dags/repo/Airflow/dags/first_dag.py for tasks to queue
[2023-01-18T04:51:31.225+0000] {logging_mixin.py:117} INFO - [2023-01-18T04:51:31.225+0000] {dagbag.py:525} INFO - Filling up the DagBag from /opt/airflow/dags/repo/Airflow/dags/first_dag.py
[2023-01-18T04:51:31.271+0000] {processor.py:768} INFO - DAG(s) dict_keys(['first_dag_v5']) retrieved from /opt/airflow/dags/repo/Airflow/dags/first_dag.py
[2023-01-18T04:51:31.369+0000] {logging_mixin.py:117} INFO - [2023-01-18T04:51:31.368+0000] {dag.py:2573} INFO - Sync 1 DAGs
[2023-01-18T04:51:31.435+0000] {logging_mixin.py:117} INFO - [2023-01-18T04:51:31.435+0000] {dag.py:3328} INFO - Setting next_dagrun for first_dag_v5 to 2023-01-18T00:00:00+00:00, run_after=2023-01-19T00:00:00+00:00
[2023-01-18T04:51:31.491+0000] {processor.py:178} INFO - Processing /opt/airflow/dags/repo/Airflow/dags/first_dag.py took 0.279 seconds
[2023-01-18T04:52:01.963+0000] {processor.py:156} INFO - Started process (PID=1843) to work on /opt/airflow/dags/repo/Airflow/dags/first_dag.py
[2023-01-18T04:52:01.965+0000] {processor.py:758} INFO - Processing file /opt/airflow/dags/repo/Airflow/dags/first_dag.py for tasks to queue
[2023-01-18T04:52:01.967+0000] {logging_mixin.py:117} INFO - [2023-01-18T04:52:01.966+0000] {dagbag.py:525} INFO - Filling up the DagBag from /opt/airflow/dags/repo/Airflow/dags/first_dag.py
[2023-01-18T04:52:02.012+0000] {processor.py:768} INFO - DAG(s) dict_keys(['first_dag_v5']) retrieved from /opt/airflow/dags/repo/Airflow/dags/first_dag.py
[2023-01-18T04:52:02.117+0000] {logging_mixin.py:117} INFO - [2023-01-18T04:52:02.116+0000] {dag.py:2573} INFO - Sync 1 DAGs
[2023-01-18T04:52:02.181+0000] {logging_mixin.py:117} INFO - [2023-01-18T04:52:02.181+0000] {dag.py:3328} INFO - Setting next_dagrun for first_dag_v5 to 2023-01-18T00:00:00+00:00, run_after=2023-01-19T00:00:00+00:00
[2023-01-18T04:52:02.232+0000] {processor.py:178} INFO - Processing /opt/airflow/dags/repo/Airflow/dags/first_dag.py took 0.278 seconds
[2023-01-18T04:52:32.707+0000] {processor.py:156} INFO - Started process (PID=1889) to work on /opt/airflow/dags/repo/Airflow/dags/first_dag.py
[2023-01-18T04:52:32.709+0000] {processor.py:758} INFO - Processing file /opt/airflow/dags/repo/Airflow/dags/first_dag.py for tasks to queue
[2023-01-18T04:52:32.711+0000] {logging_mixin.py:117} INFO - [2023-01-18T04:52:32.711+0000] {dagbag.py:525} INFO - Filling up the DagBag from /opt/airflow/dags/repo/Airflow/dags/first_dag.py
[2023-01-18T04:52:32.756+0000] {processor.py:768} INFO - DAG(s) dict_keys(['first_dag_v5']) retrieved from /opt/airflow/dags/repo/Airflow/dags/first_dag.py
[2023-01-18T04:52:32.853+0000] {logging_mixin.py:117} INFO - [2023-01-18T04:52:32.852+0000] {dag.py:2573} INFO - Sync 1 DAGs
[2023-01-18T04:52:32.923+0000] {logging_mixin.py:117} INFO - [2023-01-18T04:52:32.923+0000] {dag.py:3328} INFO - Setting next_dagrun for first_dag_v5 to 2023-01-18T00:00:00+00:00, run_after=2023-01-19T00:00:00+00:00
[2023-01-18T04:52:32.977+0000] {processor.py:178} INFO - Processing /opt/airflow/dags/repo/Airflow/dags/first_dag.py took 0.279 seconds
[2023-01-18T04:53:03.796+0000] {processor.py:156} INFO - Started process (PID=1925) to work on /opt/airflow/dags/repo/Airflow/dags/first_dag.py
[2023-01-18T04:53:03.799+0000] {processor.py:758} INFO - Processing file /opt/airflow/dags/repo/Airflow/dags/first_dag.py for tasks to queue
[2023-01-18T04:53:03.801+0000] {logging_mixin.py:117} INFO - [2023-01-18T04:53:03.800+0000] {dagbag.py:525} INFO - Filling up the DagBag from /opt/airflow/dags/repo/Airflow/dags/first_dag.py
[2023-01-18T04:53:03.846+0000] {processor.py:768} INFO - DAG(s) dict_keys(['first_dag_v5']) retrieved from /opt/airflow/dags/repo/Airflow/dags/first_dag.py
[2023-01-18T04:53:03.947+0000] {logging_mixin.py:117} INFO - [2023-01-18T04:53:03.947+0000] {dag.py:2573} INFO - Sync 1 DAGs
[2023-01-18T04:53:04.017+0000] {logging_mixin.py:117} INFO - [2023-01-18T04:53:04.017+0000] {dag.py:3328} INFO - Setting next_dagrun for first_dag_v5 to 2023-01-18T00:00:00+00:00, run_after=2023-01-19T00:00:00+00:00
[2023-01-18T04:53:04.070+0000] {processor.py:178} INFO - Processing /opt/airflow/dags/repo/Airflow/dags/first_dag.py took 0.282 seconds
[2023-01-18T04:53:34.500+0000] {processor.py:156} INFO - Started process (PID=1974) to work on /opt/airflow/dags/repo/Airflow/dags/first_dag.py
[2023-01-18T04:53:34.502+0000] {processor.py:758} INFO - Processing file /opt/airflow/dags/repo/Airflow/dags/first_dag.py for tasks to queue
[2023-01-18T04:53:34.504+0000] {logging_mixin.py:117} INFO - [2023-01-18T04:53:34.504+0000] {dagbag.py:525} INFO - Filling up the DagBag from /opt/airflow/dags/repo/Airflow/dags/first_dag.py
[2023-01-18T04:53:34.548+0000] {processor.py:768} INFO - DAG(s) dict_keys(['first_dag_v5']) retrieved from /opt/airflow/dags/repo/Airflow/dags/first_dag.py
[2023-01-18T04:53:34.648+0000] {logging_mixin.py:117} INFO - [2023-01-18T04:53:34.648+0000] {dag.py:2573} INFO - Sync 1 DAGs
[2023-01-18T04:53:34.723+0000] {logging_mixin.py:117} INFO - [2023-01-18T04:53:34.723+0000] {dag.py:3328} INFO - Setting next_dagrun for first_dag_v5 to 2023-01-18T00:00:00+00:00, run_after=2023-01-19T00:00:00+00:00
[2023-01-18T04:53:34.775+0000] {processor.py:178} INFO - Processing /opt/airflow/dags/repo/Airflow/dags/first_dag.py took 0.285 seconds
[2023-01-18T04:54:05.182+0000] {processor.py:156} INFO - Started process (PID=2011) to work on /opt/airflow/dags/repo/Airflow/dags/first_dag.py
[2023-01-18T04:54:05.185+0000] {processor.py:758} INFO - Processing file /opt/airflow/dags/repo/Airflow/dags/first_dag.py for tasks to queue
[2023-01-18T04:54:05.187+0000] {logging_mixin.py:117} INFO - [2023-01-18T04:54:05.186+0000] {dagbag.py:525} INFO - Filling up the DagBag from /opt/airflow/dags/repo/Airflow/dags/first_dag.py
[2023-01-18T04:54:05.228+0000] {processor.py:768} INFO - DAG(s) dict_keys(['first_dag_v5']) retrieved from /opt/airflow/dags/repo/Airflow/dags/first_dag.py
[2023-01-18T04:54:05.325+0000] {logging_mixin.py:117} INFO - [2023-01-18T04:54:05.325+0000] {dag.py:2573} INFO - Sync 1 DAGs
[2023-01-18T04:54:05.392+0000] {logging_mixin.py:117} INFO - [2023-01-18T04:54:05.392+0000] {dag.py:3328} INFO - Setting next_dagrun for first_dag_v5 to 2023-01-18T00:00:00+00:00, run_after=2023-01-19T00:00:00+00:00
[2023-01-18T04:54:05.440+0000] {processor.py:178} INFO - Processing /opt/airflow/dags/repo/Airflow/dags/first_dag.py took 0.266 seconds
[2023-01-18T04:54:35.844+0000] {processor.py:156} INFO - Started process (PID=2058) to work on /opt/airflow/dags/repo/Airflow/dags/first_dag.py
[2023-01-18T04:54:35.847+0000] {processor.py:758} INFO - Processing file /opt/airflow/dags/repo/Airflow/dags/first_dag.py for tasks to queue
[2023-01-18T04:54:35.849+0000] {logging_mixin.py:117} INFO - [2023-01-18T04:54:35.849+0000] {dagbag.py:525} INFO - Filling up the DagBag from /opt/airflow/dags/repo/Airflow/dags/first_dag.py
[2023-01-18T04:54:35.893+0000] {processor.py:768} INFO - DAG(s) dict_keys(['first_dag_v5']) retrieved from /opt/airflow/dags/repo/Airflow/dags/first_dag.py
[2023-01-18T04:54:36.009+0000] {logging_mixin.py:117} INFO - [2023-01-18T04:54:36.008+0000] {dag.py:2573} INFO - Sync 1 DAGs
[2023-01-18T04:54:36.086+0000] {logging_mixin.py:117} INFO - [2023-01-18T04:54:36.086+0000] {dag.py:3328} INFO - Setting next_dagrun for first_dag_v5 to 2023-01-18T00:00:00+00:00, run_after=2023-01-19T00:00:00+00:00
[2023-01-18T04:54:36.145+0000] {processor.py:178} INFO - Processing /opt/airflow/dags/repo/Airflow/dags/first_dag.py took 0.312 seconds
[2023-01-18T04:55:06.544+0000] {processor.py:156} INFO - Started process (PID=2094) to work on /opt/airflow/dags/repo/Airflow/dags/first_dag.py
[2023-01-18T04:55:06.546+0000] {processor.py:758} INFO - Processing file /opt/airflow/dags/repo/Airflow/dags/first_dag.py for tasks to queue
[2023-01-18T04:55:06.549+0000] {logging_mixin.py:117} INFO - [2023-01-18T04:55:06.548+0000] {dagbag.py:525} INFO - Filling up the DagBag from /opt/airflow/dags/repo/Airflow/dags/first_dag.py
[2023-01-18T04:55:06.598+0000] {processor.py:768} INFO - DAG(s) dict_keys(['first_dag_v5']) retrieved from /opt/airflow/dags/repo/Airflow/dags/first_dag.py
[2023-01-18T04:55:06.698+0000] {logging_mixin.py:117} INFO - [2023-01-18T04:55:06.698+0000] {dag.py:2573} INFO - Sync 1 DAGs
[2023-01-18T04:55:06.781+0000] {logging_mixin.py:117} INFO - [2023-01-18T04:55:06.780+0000] {dag.py:3328} INFO - Setting next_dagrun for first_dag_v5 to 2023-01-18T00:00:00+00:00, run_after=2023-01-19T00:00:00+00:00
[2023-01-18T04:55:06.846+0000] {processor.py:178} INFO - Processing /opt/airflow/dags/repo/Airflow/dags/first_dag.py took 0.313 seconds
[2023-01-18T04:55:37.245+0000] {processor.py:156} INFO - Started process (PID=2142) to work on /opt/airflow/dags/repo/Airflow/dags/first_dag.py
[2023-01-18T04:55:37.247+0000] {processor.py:758} INFO - Processing file /opt/airflow/dags/repo/Airflow/dags/first_dag.py for tasks to queue
[2023-01-18T04:55:37.248+0000] {logging_mixin.py:117} INFO - [2023-01-18T04:55:37.248+0000] {dagbag.py:525} INFO - Filling up the DagBag from /opt/airflow/dags/repo/Airflow/dags/first_dag.py
[2023-01-18T04:55:37.292+0000] {processor.py:768} INFO - DAG(s) dict_keys(['first_dag_v5']) retrieved from /opt/airflow/dags/repo/Airflow/dags/first_dag.py
[2023-01-18T04:55:37.385+0000] {logging_mixin.py:117} INFO - [2023-01-18T04:55:37.384+0000] {dag.py:2573} INFO - Sync 1 DAGs
[2023-01-18T04:55:37.453+0000] {logging_mixin.py:117} INFO - [2023-01-18T04:55:37.453+0000] {dag.py:3328} INFO - Setting next_dagrun for first_dag_v5 to 2023-01-18T00:00:00+00:00, run_after=2023-01-19T00:00:00+00:00
[2023-01-18T04:55:37.511+0000] {processor.py:178} INFO - Processing /opt/airflow/dags/repo/Airflow/dags/first_dag.py took 0.274 seconds
[2023-01-18T04:56:07.969+0000] {processor.py:156} INFO - Started process (PID=2178) to work on /opt/airflow/dags/repo/Airflow/dags/first_dag.py
[2023-01-18T04:56:07.971+0000] {processor.py:758} INFO - Processing file /opt/airflow/dags/repo/Airflow/dags/first_dag.py for tasks to queue
[2023-01-18T04:56:07.973+0000] {logging_mixin.py:117} INFO - [2023-01-18T04:56:07.973+0000] {dagbag.py:525} INFO - Filling up the DagBag from /opt/airflow/dags/repo/Airflow/dags/first_dag.py
[2023-01-18T04:56:08.029+0000] {processor.py:768} INFO - DAG(s) dict_keys(['first_dag_v5']) retrieved from /opt/airflow/dags/repo/Airflow/dags/first_dag.py
[2023-01-18T04:56:08.139+0000] {logging_mixin.py:117} INFO - [2023-01-18T04:56:08.139+0000] {dag.py:2573} INFO - Sync 1 DAGs
[2023-01-18T04:56:08.210+0000] {logging_mixin.py:117} INFO - [2023-01-18T04:56:08.209+0000] {dag.py:3328} INFO - Setting next_dagrun for first_dag_v5 to 2023-01-18T00:00:00+00:00, run_after=2023-01-19T00:00:00+00:00
[2023-01-18T04:56:08.262+0000] {processor.py:178} INFO - Processing /opt/airflow/dags/repo/Airflow/dags/first_dag.py took 0.301 seconds
[2023-01-18T04:56:38.678+0000] {processor.py:156} INFO - Started process (PID=2229) to work on /opt/airflow/dags/repo/Airflow/dags/first_dag.py
[2023-01-18T04:56:38.680+0000] {processor.py:758} INFO - Processing file /opt/airflow/dags/repo/Airflow/dags/first_dag.py for tasks to queue
[2023-01-18T04:56:38.683+0000] {logging_mixin.py:117} INFO - [2023-01-18T04:56:38.682+0000] {dagbag.py:525} INFO - Filling up the DagBag from /opt/airflow/dags/repo/Airflow/dags/first_dag.py
[2023-01-18T04:56:38.729+0000] {processor.py:768} INFO - DAG(s) dict_keys(['first_dag_v5']) retrieved from /opt/airflow/dags/repo/Airflow/dags/first_dag.py
[2023-01-18T04:56:38.836+0000] {logging_mixin.py:117} INFO - [2023-01-18T04:56:38.835+0000] {dag.py:2573} INFO - Sync 1 DAGs
[2023-01-18T04:56:38.907+0000] {logging_mixin.py:117} INFO - [2023-01-18T04:56:38.907+0000] {dag.py:3328} INFO - Setting next_dagrun for first_dag_v5 to 2023-01-18T00:00:00+00:00, run_after=2023-01-19T00:00:00+00:00
[2023-01-18T04:56:38.961+0000] {processor.py:178} INFO - Processing /opt/airflow/dags/repo/Airflow/dags/first_dag.py took 0.293 seconds
