[2023-01-18T04:15:59.511+0000] {processor.py:156} INFO - Started process (PID=72) to work on /opt/airflow/dags/repo/Airflow/dags/postgres_quarterly_dag.py
[2023-01-18T04:15:59.514+0000] {processor.py:758} INFO - Processing file /opt/airflow/dags/repo/Airflow/dags/postgres_quarterly_dag.py for tasks to queue
[2023-01-18T04:15:59.517+0000] {logging_mixin.py:117} INFO - [2023-01-18T04:15:59.516+0000] {dagbag.py:525} INFO - Filling up the DagBag from /opt/airflow/dags/repo/Airflow/dags/postgres_quarterly_dag.py
[2023-01-18T04:15:59.781+0000] {processor.py:768} INFO - DAG(s) dict_keys(['postgres_quarterly_dag']) retrieved from /opt/airflow/dags/repo/Airflow/dags/postgres_quarterly_dag.py
[2023-01-18T04:16:00.616+0000] {logging_mixin.py:117} INFO - [2023-01-18T04:16:00.615+0000] {dag.py:2573} INFO - Sync 1 DAGs
[2023-01-18T04:16:00.729+0000] {logging_mixin.py:117} INFO - [2023-01-18T04:16:00.729+0000] {dag.py:3328} INFO - Setting next_dagrun for postgres_quarterly_dag to 2023-01-17T00:00:00+00:00, run_after=2023-01-17T00:00:00+00:00
[2023-01-18T04:16:00.815+0000] {processor.py:178} INFO - Processing /opt/airflow/dags/repo/Airflow/dags/postgres_quarterly_dag.py took 1.316 seconds
[2023-01-18T04:16:31.247+0000] {processor.py:156} INFO - Started process (PID=116) to work on /opt/airflow/dags/repo/Airflow/dags/postgres_quarterly_dag.py
[2023-01-18T04:16:31.250+0000] {processor.py:758} INFO - Processing file /opt/airflow/dags/repo/Airflow/dags/postgres_quarterly_dag.py for tasks to queue
[2023-01-18T04:16:31.252+0000] {logging_mixin.py:117} INFO - [2023-01-18T04:16:31.252+0000] {dagbag.py:525} INFO - Filling up the DagBag from /opt/airflow/dags/repo/Airflow/dags/postgres_quarterly_dag.py
[2023-01-18T04:16:31.373+0000] {processor.py:768} INFO - DAG(s) dict_keys(['postgres_quarterly_dag']) retrieved from /opt/airflow/dags/repo/Airflow/dags/postgres_quarterly_dag.py
[2023-01-18T04:16:31.778+0000] {logging_mixin.py:117} INFO - [2023-01-18T04:16:31.778+0000] {dag.py:2573} INFO - Sync 1 DAGs
[2023-01-18T04:16:31.863+0000] {logging_mixin.py:117} INFO - [2023-01-18T04:16:31.863+0000] {dag.py:3328} INFO - Setting next_dagrun for postgres_quarterly_dag to 2023-01-17T00:00:00+00:00, run_after=2023-01-17T00:00:00+00:00
[2023-01-18T04:16:31.983+0000] {processor.py:178} INFO - Processing /opt/airflow/dags/repo/Airflow/dags/postgres_quarterly_dag.py took 0.743 seconds
[2023-01-18T04:17:02.802+0000] {processor.py:156} INFO - Started process (PID=152) to work on /opt/airflow/dags/repo/Airflow/dags/postgres_quarterly_dag.py
[2023-01-18T04:17:02.806+0000] {processor.py:758} INFO - Processing file /opt/airflow/dags/repo/Airflow/dags/postgres_quarterly_dag.py for tasks to queue
[2023-01-18T04:17:02.808+0000] {logging_mixin.py:117} INFO - [2023-01-18T04:17:02.807+0000] {dagbag.py:525} INFO - Filling up the DagBag from /opt/airflow/dags/repo/Airflow/dags/postgres_quarterly_dag.py
[2023-01-18T04:17:02.928+0000] {processor.py:768} INFO - DAG(s) dict_keys(['postgres_quarterly_dag']) retrieved from /opt/airflow/dags/repo/Airflow/dags/postgres_quarterly_dag.py
[2023-01-18T04:17:03.331+0000] {logging_mixin.py:117} INFO - [2023-01-18T04:17:03.330+0000] {dag.py:2573} INFO - Sync 1 DAGs
[2023-01-18T04:17:03.424+0000] {logging_mixin.py:117} INFO - [2023-01-18T04:17:03.423+0000] {dag.py:3328} INFO - Setting next_dagrun for postgres_quarterly_dag to 2023-01-17T00:00:00+00:00, run_after=2023-01-17T00:00:00+00:00
[2023-01-18T04:17:03.481+0000] {processor.py:178} INFO - Processing /opt/airflow/dags/repo/Airflow/dags/postgres_quarterly_dag.py took 0.690 seconds
[2023-01-18T04:17:33.717+0000] {processor.py:156} INFO - Started process (PID=201) to work on /opt/airflow/dags/repo/Airflow/dags/postgres_quarterly_dag.py
[2023-01-18T04:17:33.728+0000] {processor.py:758} INFO - Processing file /opt/airflow/dags/repo/Airflow/dags/postgres_quarterly_dag.py for tasks to queue
[2023-01-18T04:17:33.731+0000] {logging_mixin.py:117} INFO - [2023-01-18T04:17:33.730+0000] {dagbag.py:525} INFO - Filling up the DagBag from /opt/airflow/dags/repo/Airflow/dags/postgres_quarterly_dag.py
[2023-01-18T04:17:33.868+0000] {processor.py:768} INFO - DAG(s) dict_keys(['postgres_quarterly_dag']) retrieved from /opt/airflow/dags/repo/Airflow/dags/postgres_quarterly_dag.py
[2023-01-18T04:17:34.422+0000] {logging_mixin.py:117} INFO - [2023-01-18T04:17:34.420+0000] {dag.py:2573} INFO - Sync 1 DAGs
[2023-01-18T04:17:34.589+0000] {logging_mixin.py:117} INFO - [2023-01-18T04:17:34.588+0000] {dag.py:3328} INFO - Setting next_dagrun for postgres_quarterly_dag to 2023-01-17T00:00:00+00:00, run_after=2023-01-17T00:00:00+00:00
[2023-01-18T04:17:34.717+0000] {processor.py:178} INFO - Processing /opt/airflow/dags/repo/Airflow/dags/postgres_quarterly_dag.py took 1.014 seconds
[2023-01-18T04:18:05.516+0000] {processor.py:156} INFO - Started process (PID=237) to work on /opt/airflow/dags/repo/Airflow/dags/postgres_quarterly_dag.py
[2023-01-18T04:18:05.538+0000] {processor.py:758} INFO - Processing file /opt/airflow/dags/repo/Airflow/dags/postgres_quarterly_dag.py for tasks to queue
[2023-01-18T04:18:05.541+0000] {logging_mixin.py:117} INFO - [2023-01-18T04:18:05.540+0000] {dagbag.py:525} INFO - Filling up the DagBag from /opt/airflow/dags/repo/Airflow/dags/postgres_quarterly_dag.py
[2023-01-18T04:18:06.064+0000] {processor.py:768} INFO - DAG(s) dict_keys(['postgres_quarterly_dag']) retrieved from /opt/airflow/dags/repo/Airflow/dags/postgres_quarterly_dag.py
[2023-01-18T04:18:06.729+0000] {logging_mixin.py:117} INFO - [2023-01-18T04:18:06.729+0000] {dag.py:2573} INFO - Sync 1 DAGs
[2023-01-18T04:18:06.877+0000] {logging_mixin.py:117} INFO - [2023-01-18T04:18:06.876+0000] {dag.py:3328} INFO - Setting next_dagrun for postgres_quarterly_dag to 2023-01-17T00:00:00+00:00, run_after=2023-01-17T00:00:00+00:00
[2023-01-18T04:18:07.033+0000] {processor.py:178} INFO - Processing /opt/airflow/dags/repo/Airflow/dags/postgres_quarterly_dag.py took 1.528 seconds
[2023-01-18T04:18:37.835+0000] {processor.py:156} INFO - Started process (PID=286) to work on /opt/airflow/dags/repo/Airflow/dags/postgres_quarterly_dag.py
[2023-01-18T04:18:37.858+0000] {processor.py:758} INFO - Processing file /opt/airflow/dags/repo/Airflow/dags/postgres_quarterly_dag.py for tasks to queue
[2023-01-18T04:18:37.861+0000] {logging_mixin.py:117} INFO - [2023-01-18T04:18:37.860+0000] {dagbag.py:525} INFO - Filling up the DagBag from /opt/airflow/dags/repo/Airflow/dags/postgres_quarterly_dag.py
[2023-01-18T04:18:38.328+0000] {processor.py:768} INFO - DAG(s) dict_keys(['postgres_quarterly_dag']) retrieved from /opt/airflow/dags/repo/Airflow/dags/postgres_quarterly_dag.py
[2023-01-18T04:18:38.467+0000] {logging_mixin.py:117} INFO - [2023-01-18T04:18:38.466+0000] {dag.py:2573} INFO - Sync 1 DAGs
[2023-01-18T04:18:38.558+0000] {logging_mixin.py:117} INFO - [2023-01-18T04:18:38.558+0000] {dag.py:3328} INFO - Setting next_dagrun for postgres_quarterly_dag to 2023-01-17T00:00:00+00:00, run_after=2023-01-17T00:00:00+00:00
[2023-01-18T04:18:38.634+0000] {processor.py:178} INFO - Processing /opt/airflow/dags/repo/Airflow/dags/postgres_quarterly_dag.py took 0.812 seconds
[2023-01-18T04:19:09.396+0000] {processor.py:156} INFO - Started process (PID=322) to work on /opt/airflow/dags/repo/Airflow/dags/postgres_quarterly_dag.py
[2023-01-18T04:19:09.403+0000] {processor.py:758} INFO - Processing file /opt/airflow/dags/repo/Airflow/dags/postgres_quarterly_dag.py for tasks to queue
[2023-01-18T04:19:09.405+0000] {logging_mixin.py:117} INFO - [2023-01-18T04:19:09.405+0000] {dagbag.py:525} INFO - Filling up the DagBag from /opt/airflow/dags/repo/Airflow/dags/postgres_quarterly_dag.py
[2023-01-18T04:19:09.839+0000] {processor.py:768} INFO - DAG(s) dict_keys(['postgres_quarterly_dag']) retrieved from /opt/airflow/dags/repo/Airflow/dags/postgres_quarterly_dag.py
[2023-01-18T04:19:09.980+0000] {logging_mixin.py:117} INFO - [2023-01-18T04:19:09.980+0000] {dag.py:2573} INFO - Sync 1 DAGs
[2023-01-18T04:19:10.097+0000] {logging_mixin.py:117} INFO - [2023-01-18T04:19:10.097+0000] {dag.py:3328} INFO - Setting next_dagrun for postgres_quarterly_dag to 2023-01-17T00:00:00+00:00, run_after=2023-01-17T00:00:00+00:00
[2023-01-18T04:19:10.181+0000] {processor.py:178} INFO - Processing /opt/airflow/dags/repo/Airflow/dags/postgres_quarterly_dag.py took 0.865 seconds
[2023-01-18T04:19:40.472+0000] {processor.py:156} INFO - Started process (PID=371) to work on /opt/airflow/dags/repo/Airflow/dags/postgres_quarterly_dag.py
[2023-01-18T04:19:40.488+0000] {processor.py:758} INFO - Processing file /opt/airflow/dags/repo/Airflow/dags/postgres_quarterly_dag.py for tasks to queue
[2023-01-18T04:19:40.491+0000] {logging_mixin.py:117} INFO - [2023-01-18T04:19:40.490+0000] {dagbag.py:525} INFO - Filling up the DagBag from /opt/airflow/dags/repo/Airflow/dags/postgres_quarterly_dag.py
[2023-01-18T04:19:40.948+0000] {processor.py:768} INFO - DAG(s) dict_keys(['postgres_quarterly_dag']) retrieved from /opt/airflow/dags/repo/Airflow/dags/postgres_quarterly_dag.py
[2023-01-18T04:19:41.095+0000] {logging_mixin.py:117} INFO - [2023-01-18T04:19:41.095+0000] {dag.py:2573} INFO - Sync 1 DAGs
[2023-01-18T04:19:41.198+0000] {logging_mixin.py:117} INFO - [2023-01-18T04:19:41.198+0000] {dag.py:3328} INFO - Setting next_dagrun for postgres_quarterly_dag to 2023-01-17T00:00:00+00:00, run_after=2023-01-17T00:00:00+00:00
[2023-01-18T04:19:41.278+0000] {processor.py:178} INFO - Processing /opt/airflow/dags/repo/Airflow/dags/postgres_quarterly_dag.py took 0.824 seconds
[2023-01-18T04:20:11.943+0000] {processor.py:156} INFO - Started process (PID=407) to work on /opt/airflow/dags/repo/Airflow/dags/postgres_quarterly_dag.py
[2023-01-18T04:20:11.947+0000] {processor.py:758} INFO - Processing file /opt/airflow/dags/repo/Airflow/dags/postgres_quarterly_dag.py for tasks to queue
[2023-01-18T04:20:11.950+0000] {logging_mixin.py:117} INFO - [2023-01-18T04:20:11.949+0000] {dagbag.py:525} INFO - Filling up the DagBag from /opt/airflow/dags/repo/Airflow/dags/postgres_quarterly_dag.py
[2023-01-18T04:20:12.075+0000] {processor.py:768} INFO - DAG(s) dict_keys(['postgres_quarterly_dag']) retrieved from /opt/airflow/dags/repo/Airflow/dags/postgres_quarterly_dag.py
[2023-01-18T04:20:12.205+0000] {logging_mixin.py:117} INFO - [2023-01-18T04:20:12.204+0000] {dag.py:2573} INFO - Sync 1 DAGs
[2023-01-18T04:20:12.289+0000] {logging_mixin.py:117} INFO - [2023-01-18T04:20:12.288+0000] {dag.py:3328} INFO - Setting next_dagrun for postgres_quarterly_dag to 2023-01-17T00:00:00+00:00, run_after=2023-01-17T00:00:00+00:00
[2023-01-18T04:20:12.361+0000] {processor.py:178} INFO - Processing /opt/airflow/dags/repo/Airflow/dags/postgres_quarterly_dag.py took 0.427 seconds
[2023-01-18T04:20:43.078+0000] {processor.py:156} INFO - Started process (PID=455) to work on /opt/airflow/dags/repo/Airflow/dags/postgres_quarterly_dag.py
[2023-01-18T04:20:43.093+0000] {processor.py:758} INFO - Processing file /opt/airflow/dags/repo/Airflow/dags/postgres_quarterly_dag.py for tasks to queue
[2023-01-18T04:20:43.096+0000] {logging_mixin.py:117} INFO - [2023-01-18T04:20:43.095+0000] {dagbag.py:525} INFO - Filling up the DagBag from /opt/airflow/dags/repo/Airflow/dags/postgres_quarterly_dag.py
[2023-01-18T04:20:43.234+0000] {processor.py:768} INFO - DAG(s) dict_keys(['postgres_quarterly_dag']) retrieved from /opt/airflow/dags/repo/Airflow/dags/postgres_quarterly_dag.py
[2023-01-18T04:20:43.405+0000] {logging_mixin.py:117} INFO - [2023-01-18T04:20:43.404+0000] {dag.py:2573} INFO - Sync 1 DAGs
[2023-01-18T04:20:43.524+0000] {logging_mixin.py:117} INFO - [2023-01-18T04:20:43.523+0000] {dag.py:3328} INFO - Setting next_dagrun for postgres_quarterly_dag to 2023-01-17T00:00:00+00:00, run_after=2023-01-17T00:00:00+00:00
[2023-01-18T04:20:43.627+0000] {processor.py:178} INFO - Processing /opt/airflow/dags/repo/Airflow/dags/postgres_quarterly_dag.py took 0.560 seconds
[2023-01-18T04:21:13.787+0000] {processor.py:156} INFO - Started process (PID=491) to work on /opt/airflow/dags/repo/Airflow/dags/postgres_quarterly_dag.py
[2023-01-18T04:21:13.793+0000] {processor.py:758} INFO - Processing file /opt/airflow/dags/repo/Airflow/dags/postgres_quarterly_dag.py for tasks to queue
[2023-01-18T04:21:13.799+0000] {logging_mixin.py:117} INFO - [2023-01-18T04:21:13.798+0000] {dagbag.py:525} INFO - Filling up the DagBag from /opt/airflow/dags/repo/Airflow/dags/postgres_quarterly_dag.py
[2023-01-18T04:21:13.959+0000] {processor.py:768} INFO - DAG(s) dict_keys(['postgres_quarterly_dag']) retrieved from /opt/airflow/dags/repo/Airflow/dags/postgres_quarterly_dag.py
[2023-01-18T04:21:14.107+0000] {logging_mixin.py:117} INFO - [2023-01-18T04:21:14.105+0000] {dag.py:2573} INFO - Sync 1 DAGs
[2023-01-18T04:21:14.230+0000] {logging_mixin.py:117} INFO - [2023-01-18T04:21:14.230+0000] {dag.py:3328} INFO - Setting next_dagrun for postgres_quarterly_dag to 2023-01-17T00:00:00+00:00, run_after=2023-01-17T00:00:00+00:00
[2023-01-18T04:21:14.324+0000] {processor.py:178} INFO - Processing /opt/airflow/dags/repo/Airflow/dags/postgres_quarterly_dag.py took 0.547 seconds
[2023-01-18T04:21:44.646+0000] {processor.py:156} INFO - Started process (PID=539) to work on /opt/airflow/dags/repo/Airflow/dags/postgres_quarterly_dag.py
[2023-01-18T04:21:44.672+0000] {processor.py:758} INFO - Processing file /opt/airflow/dags/repo/Airflow/dags/postgres_quarterly_dag.py for tasks to queue
[2023-01-18T04:21:44.675+0000] {logging_mixin.py:117} INFO - [2023-01-18T04:21:44.674+0000] {dagbag.py:525} INFO - Filling up the DagBag from /opt/airflow/dags/repo/Airflow/dags/postgres_quarterly_dag.py
[2023-01-18T04:21:44.805+0000] {processor.py:768} INFO - DAG(s) dict_keys(['postgres_quarterly_dag']) retrieved from /opt/airflow/dags/repo/Airflow/dags/postgres_quarterly_dag.py
[2023-01-18T04:21:44.961+0000] {logging_mixin.py:117} INFO - [2023-01-18T04:21:44.961+0000] {dag.py:2573} INFO - Sync 1 DAGs
[2023-01-18T04:21:45.082+0000] {logging_mixin.py:117} INFO - [2023-01-18T04:21:45.081+0000] {dag.py:3328} INFO - Setting next_dagrun for postgres_quarterly_dag to 2023-01-17T00:00:00+00:00, run_after=2023-01-17T00:00:00+00:00
[2023-01-18T04:21:45.223+0000] {processor.py:178} INFO - Processing /opt/airflow/dags/repo/Airflow/dags/postgres_quarterly_dag.py took 0.588 seconds
[2023-01-18T04:22:15.700+0000] {processor.py:156} INFO - Started process (PID=575) to work on /opt/airflow/dags/repo/Airflow/dags/postgres_quarterly_dag.py
[2023-01-18T04:22:15.712+0000] {processor.py:758} INFO - Processing file /opt/airflow/dags/repo/Airflow/dags/postgres_quarterly_dag.py for tasks to queue
[2023-01-18T04:22:15.714+0000] {logging_mixin.py:117} INFO - [2023-01-18T04:22:15.714+0000] {dagbag.py:525} INFO - Filling up the DagBag from /opt/airflow/dags/repo/Airflow/dags/postgres_quarterly_dag.py
[2023-01-18T04:22:15.854+0000] {processor.py:768} INFO - DAG(s) dict_keys(['postgres_quarterly_dag']) retrieved from /opt/airflow/dags/repo/Airflow/dags/postgres_quarterly_dag.py
[2023-01-18T04:22:16.019+0000] {logging_mixin.py:117} INFO - [2023-01-18T04:22:16.019+0000] {dag.py:2573} INFO - Sync 1 DAGs
[2023-01-18T04:22:16.150+0000] {logging_mixin.py:117} INFO - [2023-01-18T04:22:16.149+0000] {dag.py:3328} INFO - Setting next_dagrun for postgres_quarterly_dag to 2023-01-17T00:00:00+00:00, run_after=2023-01-17T00:00:00+00:00
[2023-01-18T04:22:16.288+0000] {processor.py:178} INFO - Processing /opt/airflow/dags/repo/Airflow/dags/postgres_quarterly_dag.py took 0.599 seconds
[2023-01-18T04:22:46.652+0000] {processor.py:156} INFO - Started process (PID=623) to work on /opt/airflow/dags/repo/Airflow/dags/postgres_quarterly_dag.py
[2023-01-18T04:22:46.657+0000] {processor.py:758} INFO - Processing file /opt/airflow/dags/repo/Airflow/dags/postgres_quarterly_dag.py for tasks to queue
[2023-01-18T04:22:46.659+0000] {logging_mixin.py:117} INFO - [2023-01-18T04:22:46.659+0000] {dagbag.py:525} INFO - Filling up the DagBag from /opt/airflow/dags/repo/Airflow/dags/postgres_quarterly_dag.py
[2023-01-18T04:22:46.792+0000] {processor.py:768} INFO - DAG(s) dict_keys(['postgres_quarterly_dag']) retrieved from /opt/airflow/dags/repo/Airflow/dags/postgres_quarterly_dag.py
[2023-01-18T04:22:46.957+0000] {logging_mixin.py:117} INFO - [2023-01-18T04:22:46.956+0000] {dag.py:2573} INFO - Sync 1 DAGs
[2023-01-18T04:22:47.073+0000] {logging_mixin.py:117} INFO - [2023-01-18T04:22:47.072+0000] {dag.py:3328} INFO - Setting next_dagrun for postgres_quarterly_dag to 2023-01-17T00:00:00+00:00, run_after=2023-01-17T00:00:00+00:00
[2023-01-18T04:22:47.241+0000] {processor.py:178} INFO - Processing /opt/airflow/dags/repo/Airflow/dags/postgres_quarterly_dag.py took 0.604 seconds
[2023-01-18T04:23:18.027+0000] {processor.py:156} INFO - Started process (PID=659) to work on /opt/airflow/dags/repo/Airflow/dags/postgres_quarterly_dag.py
[2023-01-18T04:23:18.031+0000] {processor.py:758} INFO - Processing file /opt/airflow/dags/repo/Airflow/dags/postgres_quarterly_dag.py for tasks to queue
[2023-01-18T04:23:18.034+0000] {logging_mixin.py:117} INFO - [2023-01-18T04:23:18.033+0000] {dagbag.py:525} INFO - Filling up the DagBag from /opt/airflow/dags/repo/Airflow/dags/postgres_quarterly_dag.py
[2023-01-18T04:23:18.160+0000] {processor.py:768} INFO - DAG(s) dict_keys(['postgres_quarterly_dag']) retrieved from /opt/airflow/dags/repo/Airflow/dags/postgres_quarterly_dag.py
[2023-01-18T04:23:18.326+0000] {logging_mixin.py:117} INFO - [2023-01-18T04:23:18.325+0000] {dag.py:2573} INFO - Sync 1 DAGs
[2023-01-18T04:23:18.494+0000] {logging_mixin.py:117} INFO - [2023-01-18T04:23:18.494+0000] {dag.py:3328} INFO - Setting next_dagrun for postgres_quarterly_dag to 2023-01-17T00:00:00+00:00, run_after=2023-01-17T00:00:00+00:00
[2023-01-18T04:23:18.623+0000] {processor.py:178} INFO - Processing /opt/airflow/dags/repo/Airflow/dags/postgres_quarterly_dag.py took 0.606 seconds
[2023-01-18T04:23:48.932+0000] {processor.py:156} INFO - Started process (PID=707) to work on /opt/airflow/dags/repo/Airflow/dags/postgres_quarterly_dag.py
[2023-01-18T04:23:48.946+0000] {processor.py:758} INFO - Processing file /opt/airflow/dags/repo/Airflow/dags/postgres_quarterly_dag.py for tasks to queue
[2023-01-18T04:23:48.949+0000] {logging_mixin.py:117} INFO - [2023-01-18T04:23:48.948+0000] {dagbag.py:525} INFO - Filling up the DagBag from /opt/airflow/dags/repo/Airflow/dags/postgres_quarterly_dag.py
[2023-01-18T04:23:49.082+0000] {processor.py:768} INFO - DAG(s) dict_keys(['postgres_quarterly_dag']) retrieved from /opt/airflow/dags/repo/Airflow/dags/postgres_quarterly_dag.py
[2023-01-18T04:23:49.241+0000] {logging_mixin.py:117} INFO - [2023-01-18T04:23:49.241+0000] {dag.py:2573} INFO - Sync 1 DAGs
[2023-01-18T04:23:49.379+0000] {logging_mixin.py:117} INFO - [2023-01-18T04:23:49.378+0000] {dag.py:3328} INFO - Setting next_dagrun for postgres_quarterly_dag to 2023-01-17T00:00:00+00:00, run_after=2023-01-17T00:00:00+00:00
[2023-01-18T04:23:49.497+0000] {processor.py:178} INFO - Processing /opt/airflow/dags/repo/Airflow/dags/postgres_quarterly_dag.py took 0.580 seconds
[2023-01-18T04:24:20.255+0000] {processor.py:156} INFO - Started process (PID=743) to work on /opt/airflow/dags/repo/Airflow/dags/postgres_quarterly_dag.py
[2023-01-18T04:24:20.286+0000] {processor.py:758} INFO - Processing file /opt/airflow/dags/repo/Airflow/dags/postgres_quarterly_dag.py for tasks to queue
[2023-01-18T04:24:20.288+0000] {logging_mixin.py:117} INFO - [2023-01-18T04:24:20.288+0000] {dagbag.py:525} INFO - Filling up the DagBag from /opt/airflow/dags/repo/Airflow/dags/postgres_quarterly_dag.py
[2023-01-18T04:24:20.420+0000] {processor.py:768} INFO - DAG(s) dict_keys(['postgres_quarterly_dag']) retrieved from /opt/airflow/dags/repo/Airflow/dags/postgres_quarterly_dag.py
[2023-01-18T04:24:20.594+0000] {logging_mixin.py:117} INFO - [2023-01-18T04:24:20.594+0000] {dag.py:2573} INFO - Sync 1 DAGs
[2023-01-18T04:24:20.747+0000] {logging_mixin.py:117} INFO - [2023-01-18T04:24:20.747+0000] {dag.py:3328} INFO - Setting next_dagrun for postgres_quarterly_dag to 2023-01-17T00:00:00+00:00, run_after=2023-01-17T00:00:00+00:00
[2023-01-18T04:24:20.952+0000] {processor.py:178} INFO - Processing /opt/airflow/dags/repo/Airflow/dags/postgres_quarterly_dag.py took 0.713 seconds
[2023-01-18T04:24:51.330+0000] {processor.py:156} INFO - Started process (PID=790) to work on /opt/airflow/dags/repo/Airflow/dags/postgres_quarterly_dag.py
[2023-01-18T04:24:51.336+0000] {processor.py:758} INFO - Processing file /opt/airflow/dags/repo/Airflow/dags/postgres_quarterly_dag.py for tasks to queue
[2023-01-18T04:24:51.342+0000] {logging_mixin.py:117} INFO - [2023-01-18T04:24:51.341+0000] {dagbag.py:525} INFO - Filling up the DagBag from /opt/airflow/dags/repo/Airflow/dags/postgres_quarterly_dag.py
[2023-01-18T04:24:51.480+0000] {processor.py:768} INFO - DAG(s) dict_keys(['postgres_quarterly_dag']) retrieved from /opt/airflow/dags/repo/Airflow/dags/postgres_quarterly_dag.py
[2023-01-18T04:24:51.663+0000] {logging_mixin.py:117} INFO - [2023-01-18T04:24:51.662+0000] {dag.py:2573} INFO - Sync 1 DAGs
[2023-01-18T04:24:51.780+0000] {logging_mixin.py:117} INFO - [2023-01-18T04:24:51.780+0000] {dag.py:3328} INFO - Setting next_dagrun for postgres_quarterly_dag to 2023-01-17T00:00:00+00:00, run_after=2023-01-17T00:00:00+00:00
[2023-01-18T04:24:51.863+0000] {processor.py:178} INFO - Processing /opt/airflow/dags/repo/Airflow/dags/postgres_quarterly_dag.py took 0.548 seconds
[2023-01-18T04:25:22.709+0000] {processor.py:156} INFO - Started process (PID=826) to work on /opt/airflow/dags/repo/Airflow/dags/postgres_quarterly_dag.py
[2023-01-18T04:25:22.717+0000] {processor.py:758} INFO - Processing file /opt/airflow/dags/repo/Airflow/dags/postgres_quarterly_dag.py for tasks to queue
[2023-01-18T04:25:22.725+0000] {logging_mixin.py:117} INFO - [2023-01-18T04:25:22.724+0000] {dagbag.py:525} INFO - Filling up the DagBag from /opt/airflow/dags/repo/Airflow/dags/postgres_quarterly_dag.py
[2023-01-18T04:25:22.881+0000] {processor.py:768} INFO - DAG(s) dict_keys(['postgres_quarterly_dag']) retrieved from /opt/airflow/dags/repo/Airflow/dags/postgres_quarterly_dag.py
[2023-01-18T04:25:23.069+0000] {logging_mixin.py:117} INFO - [2023-01-18T04:25:23.068+0000] {dag.py:2573} INFO - Sync 1 DAGs
[2023-01-18T04:25:23.219+0000] {logging_mixin.py:117} INFO - [2023-01-18T04:25:23.218+0000] {dag.py:3328} INFO - Setting next_dagrun for postgres_quarterly_dag to 2023-01-17T00:00:00+00:00, run_after=2023-01-17T00:00:00+00:00
[2023-01-18T04:25:23.374+0000] {processor.py:178} INFO - Processing /opt/airflow/dags/repo/Airflow/dags/postgres_quarterly_dag.py took 0.677 seconds
[2023-01-18T04:30:33.214+0000] {processor.py:156} INFO - Started process (PID=81) to work on /opt/airflow/dags/repo/Airflow/dags/postgres_quarterly_dag.py
[2023-01-18T04:30:33.218+0000] {processor.py:758} INFO - Processing file /opt/airflow/dags/repo/Airflow/dags/postgres_quarterly_dag.py for tasks to queue
[2023-01-18T04:30:33.220+0000] {logging_mixin.py:117} INFO - [2023-01-18T04:30:33.219+0000] {dagbag.py:525} INFO - Filling up the DagBag from /opt/airflow/dags/repo/Airflow/dags/postgres_quarterly_dag.py
[2023-01-18T04:30:33.546+0000] {processor.py:768} INFO - DAG(s) dict_keys(['postgres_quarterly_dag']) retrieved from /opt/airflow/dags/repo/Airflow/dags/postgres_quarterly_dag.py
[2023-01-18T04:30:33.656+0000] {logging_mixin.py:117} INFO - [2023-01-18T04:30:33.656+0000] {dag.py:2573} INFO - Sync 1 DAGs
[2023-01-18T04:30:34.008+0000] {logging_mixin.py:117} INFO - [2023-01-18T04:30:34.007+0000] {dag.py:3328} INFO - Setting next_dagrun for postgres_quarterly_dag to 2023-01-17T00:00:00+00:00, run_after=2023-01-17T00:00:00+00:00
[2023-01-18T04:30:34.077+0000] {processor.py:178} INFO - Processing /opt/airflow/dags/repo/Airflow/dags/postgres_quarterly_dag.py took 0.874 seconds
[2023-01-18T04:31:04.255+0000] {processor.py:156} INFO - Started process (PID=115) to work on /opt/airflow/dags/repo/Airflow/dags/postgres_quarterly_dag.py
[2023-01-18T04:31:04.257+0000] {processor.py:758} INFO - Processing file /opt/airflow/dags/repo/Airflow/dags/postgres_quarterly_dag.py for tasks to queue
[2023-01-18T04:31:04.259+0000] {logging_mixin.py:117} INFO - [2023-01-18T04:31:04.258+0000] {dagbag.py:525} INFO - Filling up the DagBag from /opt/airflow/dags/repo/Airflow/dags/postgres_quarterly_dag.py
[2023-01-18T04:31:04.345+0000] {processor.py:768} INFO - DAG(s) dict_keys(['postgres_quarterly_dag']) retrieved from /opt/airflow/dags/repo/Airflow/dags/postgres_quarterly_dag.py
[2023-01-18T04:31:04.665+0000] {logging_mixin.py:117} INFO - [2023-01-18T04:31:04.664+0000] {dag.py:2573} INFO - Sync 1 DAGs
[2023-01-18T04:31:04.720+0000] {logging_mixin.py:117} INFO - [2023-01-18T04:31:04.720+0000] {dag.py:3328} INFO - Setting next_dagrun for postgres_quarterly_dag to 2023-01-17T00:00:00+00:00, run_after=2023-01-17T00:00:00+00:00
[2023-01-18T04:31:04.769+0000] {processor.py:178} INFO - Processing /opt/airflow/dags/repo/Airflow/dags/postgres_quarterly_dag.py took 0.521 seconds
[2023-01-18T04:31:35.367+0000] {processor.py:156} INFO - Started process (PID=163) to work on /opt/airflow/dags/repo/Airflow/dags/postgres_quarterly_dag.py
[2023-01-18T04:31:35.369+0000] {processor.py:758} INFO - Processing file /opt/airflow/dags/repo/Airflow/dags/postgres_quarterly_dag.py for tasks to queue
[2023-01-18T04:31:35.370+0000] {logging_mixin.py:117} INFO - [2023-01-18T04:31:35.370+0000] {dagbag.py:525} INFO - Filling up the DagBag from /opt/airflow/dags/repo/Airflow/dags/postgres_quarterly_dag.py
[2023-01-18T04:31:35.453+0000] {processor.py:768} INFO - DAG(s) dict_keys(['postgres_quarterly_dag']) retrieved from /opt/airflow/dags/repo/Airflow/dags/postgres_quarterly_dag.py
[2023-01-18T04:31:35.790+0000] {logging_mixin.py:117} INFO - [2023-01-18T04:31:35.790+0000] {dag.py:2573} INFO - Sync 1 DAGs
[2023-01-18T04:31:35.847+0000] {logging_mixin.py:117} INFO - [2023-01-18T04:31:35.846+0000] {dag.py:3328} INFO - Setting next_dagrun for postgres_quarterly_dag to 2023-01-17T00:00:00+00:00, run_after=2023-01-17T00:00:00+00:00
[2023-01-18T04:31:35.898+0000] {processor.py:178} INFO - Processing /opt/airflow/dags/repo/Airflow/dags/postgres_quarterly_dag.py took 0.538 seconds
[2023-01-18T04:32:06.217+0000] {processor.py:156} INFO - Started process (PID=199) to work on /opt/airflow/dags/repo/Airflow/dags/postgres_quarterly_dag.py
[2023-01-18T04:32:06.220+0000] {processor.py:758} INFO - Processing file /opt/airflow/dags/repo/Airflow/dags/postgres_quarterly_dag.py for tasks to queue
[2023-01-18T04:32:06.222+0000] {logging_mixin.py:117} INFO - [2023-01-18T04:32:06.221+0000] {dagbag.py:525} INFO - Filling up the DagBag from /opt/airflow/dags/repo/Airflow/dags/postgres_quarterly_dag.py
[2023-01-18T04:32:06.304+0000] {processor.py:768} INFO - DAG(s) dict_keys(['postgres_quarterly_dag']) retrieved from /opt/airflow/dags/repo/Airflow/dags/postgres_quarterly_dag.py
[2023-01-18T04:32:06.607+0000] {logging_mixin.py:117} INFO - [2023-01-18T04:32:06.606+0000] {dag.py:2573} INFO - Sync 1 DAGs
[2023-01-18T04:32:06.665+0000] {logging_mixin.py:117} INFO - [2023-01-18T04:32:06.665+0000] {dag.py:3328} INFO - Setting next_dagrun for postgres_quarterly_dag to 2023-01-17T00:00:00+00:00, run_after=2023-01-17T00:00:00+00:00
[2023-01-18T04:32:06.723+0000] {processor.py:178} INFO - Processing /opt/airflow/dags/repo/Airflow/dags/postgres_quarterly_dag.py took 0.512 seconds
[2023-01-18T04:32:37.136+0000] {processor.py:156} INFO - Started process (PID=244) to work on /opt/airflow/dags/repo/Airflow/dags/postgres_quarterly_dag.py
[2023-01-18T04:32:37.138+0000] {processor.py:758} INFO - Processing file /opt/airflow/dags/repo/Airflow/dags/postgres_quarterly_dag.py for tasks to queue
[2023-01-18T04:32:37.140+0000] {logging_mixin.py:117} INFO - [2023-01-18T04:32:37.139+0000] {dagbag.py:525} INFO - Filling up the DagBag from /opt/airflow/dags/repo/Airflow/dags/postgres_quarterly_dag.py
[2023-01-18T04:32:37.436+0000] {processor.py:768} INFO - DAG(s) dict_keys(['postgres_quarterly_dag']) retrieved from /opt/airflow/dags/repo/Airflow/dags/postgres_quarterly_dag.py
[2023-01-18T04:32:37.519+0000] {logging_mixin.py:117} INFO - [2023-01-18T04:32:37.518+0000] {dag.py:2573} INFO - Sync 1 DAGs
[2023-01-18T04:32:37.575+0000] {logging_mixin.py:117} INFO - [2023-01-18T04:32:37.575+0000] {dag.py:3328} INFO - Setting next_dagrun for postgres_quarterly_dag to 2023-01-17T00:00:00+00:00, run_after=2023-01-17T00:00:00+00:00
[2023-01-18T04:32:37.624+0000] {processor.py:178} INFO - Processing /opt/airflow/dags/repo/Airflow/dags/postgres_quarterly_dag.py took 0.493 seconds
[2023-01-18T04:33:08.486+0000] {processor.py:156} INFO - Started process (PID=280) to work on /opt/airflow/dags/repo/Airflow/dags/postgres_quarterly_dag.py
[2023-01-18T04:33:08.488+0000] {processor.py:758} INFO - Processing file /opt/airflow/dags/repo/Airflow/dags/postgres_quarterly_dag.py for tasks to queue
[2023-01-18T04:33:08.491+0000] {logging_mixin.py:117} INFO - [2023-01-18T04:33:08.490+0000] {dagbag.py:525} INFO - Filling up the DagBag from /opt/airflow/dags/repo/Airflow/dags/postgres_quarterly_dag.py
[2023-01-18T04:33:08.812+0000] {processor.py:768} INFO - DAG(s) dict_keys(['postgres_quarterly_dag']) retrieved from /opt/airflow/dags/repo/Airflow/dags/postgres_quarterly_dag.py
[2023-01-18T04:33:08.888+0000] {logging_mixin.py:117} INFO - [2023-01-18T04:33:08.888+0000] {dag.py:2573} INFO - Sync 1 DAGs
[2023-01-18T04:33:08.948+0000] {logging_mixin.py:117} INFO - [2023-01-18T04:33:08.948+0000] {dag.py:3328} INFO - Setting next_dagrun for postgres_quarterly_dag to 2023-01-17T00:00:00+00:00, run_after=2023-01-17T00:00:00+00:00
[2023-01-18T04:33:08.996+0000] {processor.py:178} INFO - Processing /opt/airflow/dags/repo/Airflow/dags/postgres_quarterly_dag.py took 0.521 seconds
[2023-01-18T04:33:39.907+0000] {processor.py:156} INFO - Started process (PID=328) to work on /opt/airflow/dags/repo/Airflow/dags/postgres_quarterly_dag.py
[2023-01-18T04:33:39.909+0000] {processor.py:758} INFO - Processing file /opt/airflow/dags/repo/Airflow/dags/postgres_quarterly_dag.py for tasks to queue
[2023-01-18T04:33:39.910+0000] {logging_mixin.py:117} INFO - [2023-01-18T04:33:39.910+0000] {dagbag.py:525} INFO - Filling up the DagBag from /opt/airflow/dags/repo/Airflow/dags/postgres_quarterly_dag.py
[2023-01-18T04:33:40.250+0000] {processor.py:768} INFO - DAG(s) dict_keys(['postgres_quarterly_dag']) retrieved from /opt/airflow/dags/repo/Airflow/dags/postgres_quarterly_dag.py
[2023-01-18T04:33:40.338+0000] {logging_mixin.py:117} INFO - [2023-01-18T04:33:40.337+0000] {dag.py:2573} INFO - Sync 1 DAGs
[2023-01-18T04:33:40.401+0000] {logging_mixin.py:117} INFO - [2023-01-18T04:33:40.400+0000] {dag.py:3328} INFO - Setting next_dagrun for postgres_quarterly_dag to 2023-01-17T00:00:00+00:00, run_after=2023-01-17T00:00:00+00:00
[2023-01-18T04:33:40.454+0000] {processor.py:178} INFO - Processing /opt/airflow/dags/repo/Airflow/dags/postgres_quarterly_dag.py took 0.553 seconds
[2023-01-18T04:34:11.311+0000] {processor.py:156} INFO - Started process (PID=364) to work on /opt/airflow/dags/repo/Airflow/dags/postgres_quarterly_dag.py
[2023-01-18T04:34:11.313+0000] {processor.py:758} INFO - Processing file /opt/airflow/dags/repo/Airflow/dags/postgres_quarterly_dag.py for tasks to queue
[2023-01-18T04:34:11.314+0000] {logging_mixin.py:117} INFO - [2023-01-18T04:34:11.314+0000] {dagbag.py:525} INFO - Filling up the DagBag from /opt/airflow/dags/repo/Airflow/dags/postgres_quarterly_dag.py
[2023-01-18T04:34:11.607+0000] {processor.py:768} INFO - DAG(s) dict_keys(['postgres_quarterly_dag']) retrieved from /opt/airflow/dags/repo/Airflow/dags/postgres_quarterly_dag.py
[2023-01-18T04:34:11.689+0000] {logging_mixin.py:117} INFO - [2023-01-18T04:34:11.689+0000] {dag.py:2573} INFO - Sync 1 DAGs
[2023-01-18T04:34:11.749+0000] {logging_mixin.py:117} INFO - [2023-01-18T04:34:11.749+0000] {dag.py:3328} INFO - Setting next_dagrun for postgres_quarterly_dag to 2023-01-17T00:00:00+00:00, run_after=2023-01-17T00:00:00+00:00
[2023-01-18T04:34:11.802+0000] {processor.py:178} INFO - Processing /opt/airflow/dags/repo/Airflow/dags/postgres_quarterly_dag.py took 0.498 seconds
[2023-01-18T04:34:42.447+0000] {processor.py:156} INFO - Started process (PID=412) to work on /opt/airflow/dags/repo/Airflow/dags/postgres_quarterly_dag.py
[2023-01-18T04:34:42.450+0000] {processor.py:758} INFO - Processing file /opt/airflow/dags/repo/Airflow/dags/postgres_quarterly_dag.py for tasks to queue
[2023-01-18T04:34:42.452+0000] {logging_mixin.py:117} INFO - [2023-01-18T04:34:42.452+0000] {dagbag.py:525} INFO - Filling up the DagBag from /opt/airflow/dags/repo/Airflow/dags/postgres_quarterly_dag.py
[2023-01-18T04:34:42.549+0000] {processor.py:768} INFO - DAG(s) dict_keys(['postgres_quarterly_dag']) retrieved from /opt/airflow/dags/repo/Airflow/dags/postgres_quarterly_dag.py
[2023-01-18T04:34:42.649+0000] {logging_mixin.py:117} INFO - [2023-01-18T04:34:42.648+0000] {dag.py:2573} INFO - Sync 1 DAGs
[2023-01-18T04:34:42.713+0000] {logging_mixin.py:117} INFO - [2023-01-18T04:34:42.713+0000] {dag.py:3328} INFO - Setting next_dagrun for postgres_quarterly_dag to 2023-01-17T00:00:00+00:00, run_after=2023-01-17T00:00:00+00:00
[2023-01-18T04:34:42.766+0000] {processor.py:178} INFO - Processing /opt/airflow/dags/repo/Airflow/dags/postgres_quarterly_dag.py took 0.329 seconds
[2023-01-18T04:35:13.440+0000] {processor.py:156} INFO - Started process (PID=448) to work on /opt/airflow/dags/repo/Airflow/dags/postgres_quarterly_dag.py
[2023-01-18T04:35:13.442+0000] {processor.py:758} INFO - Processing file /opt/airflow/dags/repo/Airflow/dags/postgres_quarterly_dag.py for tasks to queue
[2023-01-18T04:35:13.444+0000] {logging_mixin.py:117} INFO - [2023-01-18T04:35:13.444+0000] {dagbag.py:525} INFO - Filling up the DagBag from /opt/airflow/dags/repo/Airflow/dags/postgres_quarterly_dag.py
[2023-01-18T04:35:13.531+0000] {processor.py:768} INFO - DAG(s) dict_keys(['postgres_quarterly_dag']) retrieved from /opt/airflow/dags/repo/Airflow/dags/postgres_quarterly_dag.py
[2023-01-18T04:35:13.616+0000] {logging_mixin.py:117} INFO - [2023-01-18T04:35:13.615+0000] {dag.py:2573} INFO - Sync 1 DAGs
[2023-01-18T04:35:13.676+0000] {logging_mixin.py:117} INFO - [2023-01-18T04:35:13.676+0000] {dag.py:3328} INFO - Setting next_dagrun for postgres_quarterly_dag to 2023-01-17T00:00:00+00:00, run_after=2023-01-17T00:00:00+00:00
[2023-01-18T04:35:13.726+0000] {processor.py:178} INFO - Processing /opt/airflow/dags/repo/Airflow/dags/postgres_quarterly_dag.py took 0.293 seconds
[2023-01-18T04:35:44.046+0000] {processor.py:156} INFO - Started process (PID=496) to work on /opt/airflow/dags/repo/Airflow/dags/postgres_quarterly_dag.py
[2023-01-18T04:35:44.048+0000] {processor.py:758} INFO - Processing file /opt/airflow/dags/repo/Airflow/dags/postgres_quarterly_dag.py for tasks to queue
[2023-01-18T04:35:44.050+0000] {logging_mixin.py:117} INFO - [2023-01-18T04:35:44.050+0000] {dagbag.py:525} INFO - Filling up the DagBag from /opt/airflow/dags/repo/Airflow/dags/postgres_quarterly_dag.py
[2023-01-18T04:35:44.134+0000] {processor.py:768} INFO - DAG(s) dict_keys(['postgres_quarterly_dag']) retrieved from /opt/airflow/dags/repo/Airflow/dags/postgres_quarterly_dag.py
[2023-01-18T04:35:44.221+0000] {logging_mixin.py:117} INFO - [2023-01-18T04:35:44.220+0000] {dag.py:2573} INFO - Sync 1 DAGs
[2023-01-18T04:35:44.284+0000] {logging_mixin.py:117} INFO - [2023-01-18T04:35:44.283+0000] {dag.py:3328} INFO - Setting next_dagrun for postgres_quarterly_dag to 2023-01-17T00:00:00+00:00, run_after=2023-01-17T00:00:00+00:00
[2023-01-18T04:35:44.331+0000] {processor.py:178} INFO - Processing /opt/airflow/dags/repo/Airflow/dags/postgres_quarterly_dag.py took 0.292 seconds
[2023-01-18T04:36:14.588+0000] {processor.py:156} INFO - Started process (PID=532) to work on /opt/airflow/dags/repo/Airflow/dags/postgres_quarterly_dag.py
[2023-01-18T04:36:14.590+0000] {processor.py:758} INFO - Processing file /opt/airflow/dags/repo/Airflow/dags/postgres_quarterly_dag.py for tasks to queue
[2023-01-18T04:36:14.592+0000] {logging_mixin.py:117} INFO - [2023-01-18T04:36:14.592+0000] {dagbag.py:525} INFO - Filling up the DagBag from /opt/airflow/dags/repo/Airflow/dags/postgres_quarterly_dag.py
[2023-01-18T04:36:14.676+0000] {processor.py:768} INFO - DAG(s) dict_keys(['postgres_quarterly_dag']) retrieved from /opt/airflow/dags/repo/Airflow/dags/postgres_quarterly_dag.py
[2023-01-18T04:36:14.761+0000] {logging_mixin.py:117} INFO - [2023-01-18T04:36:14.761+0000] {dag.py:2573} INFO - Sync 1 DAGs
[2023-01-18T04:36:14.823+0000] {logging_mixin.py:117} INFO - [2023-01-18T04:36:14.823+0000] {dag.py:3328} INFO - Setting next_dagrun for postgres_quarterly_dag to 2023-01-17T00:00:00+00:00, run_after=2023-01-17T00:00:00+00:00
[2023-01-18T04:36:14.870+0000] {processor.py:178} INFO - Processing /opt/airflow/dags/repo/Airflow/dags/postgres_quarterly_dag.py took 0.289 seconds
[2023-01-18T04:36:45.248+0000] {processor.py:156} INFO - Started process (PID=580) to work on /opt/airflow/dags/repo/Airflow/dags/postgres_quarterly_dag.py
[2023-01-18T04:36:45.250+0000] {processor.py:758} INFO - Processing file /opt/airflow/dags/repo/Airflow/dags/postgres_quarterly_dag.py for tasks to queue
[2023-01-18T04:36:45.251+0000] {logging_mixin.py:117} INFO - [2023-01-18T04:36:45.251+0000] {dagbag.py:525} INFO - Filling up the DagBag from /opt/airflow/dags/repo/Airflow/dags/postgres_quarterly_dag.py
[2023-01-18T04:36:45.338+0000] {processor.py:768} INFO - DAG(s) dict_keys(['postgres_quarterly_dag']) retrieved from /opt/airflow/dags/repo/Airflow/dags/postgres_quarterly_dag.py
[2023-01-18T04:36:45.433+0000] {logging_mixin.py:117} INFO - [2023-01-18T04:36:45.433+0000] {dag.py:2573} INFO - Sync 1 DAGs
[2023-01-18T04:36:45.512+0000] {logging_mixin.py:117} INFO - [2023-01-18T04:36:45.511+0000] {dag.py:3328} INFO - Setting next_dagrun for postgres_quarterly_dag to 2023-01-17T00:00:00+00:00, run_after=2023-01-17T00:00:00+00:00
[2023-01-18T04:36:45.566+0000] {processor.py:178} INFO - Processing /opt/airflow/dags/repo/Airflow/dags/postgres_quarterly_dag.py took 0.326 seconds
[2023-01-18T04:37:15.864+0000] {processor.py:156} INFO - Started process (PID=616) to work on /opt/airflow/dags/repo/Airflow/dags/postgres_quarterly_dag.py
[2023-01-18T04:37:15.866+0000] {processor.py:758} INFO - Processing file /opt/airflow/dags/repo/Airflow/dags/postgres_quarterly_dag.py for tasks to queue
[2023-01-18T04:37:15.868+0000] {logging_mixin.py:117} INFO - [2023-01-18T04:37:15.867+0000] {dagbag.py:525} INFO - Filling up the DagBag from /opt/airflow/dags/repo/Airflow/dags/postgres_quarterly_dag.py
[2023-01-18T04:37:15.952+0000] {processor.py:768} INFO - DAG(s) dict_keys(['postgres_quarterly_dag']) retrieved from /opt/airflow/dags/repo/Airflow/dags/postgres_quarterly_dag.py
[2023-01-18T04:37:16.042+0000] {logging_mixin.py:117} INFO - [2023-01-18T04:37:16.041+0000] {dag.py:2573} INFO - Sync 1 DAGs
[2023-01-18T04:37:16.102+0000] {logging_mixin.py:117} INFO - [2023-01-18T04:37:16.102+0000] {dag.py:3328} INFO - Setting next_dagrun for postgres_quarterly_dag to 2023-01-17T00:00:00+00:00, run_after=2023-01-17T00:00:00+00:00
[2023-01-18T04:37:16.149+0000] {processor.py:178} INFO - Processing /opt/airflow/dags/repo/Airflow/dags/postgres_quarterly_dag.py took 0.293 seconds
[2023-01-18T04:37:46.408+0000] {processor.py:156} INFO - Started process (PID=664) to work on /opt/airflow/dags/repo/Airflow/dags/postgres_quarterly_dag.py
[2023-01-18T04:37:46.410+0000] {processor.py:758} INFO - Processing file /opt/airflow/dags/repo/Airflow/dags/postgres_quarterly_dag.py for tasks to queue
[2023-01-18T04:37:46.412+0000] {logging_mixin.py:117} INFO - [2023-01-18T04:37:46.412+0000] {dagbag.py:525} INFO - Filling up the DagBag from /opt/airflow/dags/repo/Airflow/dags/postgres_quarterly_dag.py
[2023-01-18T04:37:46.505+0000] {processor.py:768} INFO - DAG(s) dict_keys(['postgres_quarterly_dag']) retrieved from /opt/airflow/dags/repo/Airflow/dags/postgres_quarterly_dag.py
[2023-01-18T04:37:46.594+0000] {logging_mixin.py:117} INFO - [2023-01-18T04:37:46.594+0000] {dag.py:2573} INFO - Sync 1 DAGs
[2023-01-18T04:37:46.658+0000] {logging_mixin.py:117} INFO - [2023-01-18T04:37:46.658+0000] {dag.py:3328} INFO - Setting next_dagrun for postgres_quarterly_dag to 2023-01-17T00:00:00+00:00, run_after=2023-01-17T00:00:00+00:00
[2023-01-18T04:37:46.711+0000] {processor.py:178} INFO - Processing /opt/airflow/dags/repo/Airflow/dags/postgres_quarterly_dag.py took 0.311 seconds
[2023-01-18T04:38:17.038+0000] {processor.py:156} INFO - Started process (PID=700) to work on /opt/airflow/dags/repo/Airflow/dags/postgres_quarterly_dag.py
[2023-01-18T04:38:17.040+0000] {processor.py:758} INFO - Processing file /opt/airflow/dags/repo/Airflow/dags/postgres_quarterly_dag.py for tasks to queue
[2023-01-18T04:38:17.043+0000] {logging_mixin.py:117} INFO - [2023-01-18T04:38:17.043+0000] {dagbag.py:525} INFO - Filling up the DagBag from /opt/airflow/dags/repo/Airflow/dags/postgres_quarterly_dag.py
[2023-01-18T04:38:17.141+0000] {processor.py:768} INFO - DAG(s) dict_keys(['postgres_quarterly_dag']) retrieved from /opt/airflow/dags/repo/Airflow/dags/postgres_quarterly_dag.py
[2023-01-18T04:38:17.237+0000] {logging_mixin.py:117} INFO - [2023-01-18T04:38:17.236+0000] {dag.py:2573} INFO - Sync 1 DAGs
[2023-01-18T04:38:17.306+0000] {logging_mixin.py:117} INFO - [2023-01-18T04:38:17.305+0000] {dag.py:3328} INFO - Setting next_dagrun for postgres_quarterly_dag to 2023-01-17T00:00:00+00:00, run_after=2023-01-17T00:00:00+00:00
[2023-01-18T04:38:17.364+0000] {processor.py:178} INFO - Processing /opt/airflow/dags/repo/Airflow/dags/postgres_quarterly_dag.py took 0.336 seconds
[2023-01-18T04:38:47.734+0000] {processor.py:156} INFO - Started process (PID=748) to work on /opt/airflow/dags/repo/Airflow/dags/postgres_quarterly_dag.py
[2023-01-18T04:38:47.736+0000] {processor.py:758} INFO - Processing file /opt/airflow/dags/repo/Airflow/dags/postgres_quarterly_dag.py for tasks to queue
[2023-01-18T04:38:47.738+0000] {logging_mixin.py:117} INFO - [2023-01-18T04:38:47.737+0000] {dagbag.py:525} INFO - Filling up the DagBag from /opt/airflow/dags/repo/Airflow/dags/postgres_quarterly_dag.py
[2023-01-18T04:38:47.839+0000] {processor.py:768} INFO - DAG(s) dict_keys(['postgres_quarterly_dag']) retrieved from /opt/airflow/dags/repo/Airflow/dags/postgres_quarterly_dag.py
[2023-01-18T04:38:47.937+0000] {logging_mixin.py:117} INFO - [2023-01-18T04:38:47.937+0000] {dag.py:2573} INFO - Sync 1 DAGs
[2023-01-18T04:38:48.002+0000] {logging_mixin.py:117} INFO - [2023-01-18T04:38:48.001+0000] {dag.py:3328} INFO - Setting next_dagrun for postgres_quarterly_dag to 2023-01-17T00:00:00+00:00, run_after=2023-01-17T00:00:00+00:00
[2023-01-18T04:38:48.053+0000] {processor.py:178} INFO - Processing /opt/airflow/dags/repo/Airflow/dags/postgres_quarterly_dag.py took 0.329 seconds
[2023-01-18T04:39:18.431+0000] {processor.py:156} INFO - Started process (PID=784) to work on /opt/airflow/dags/repo/Airflow/dags/postgres_quarterly_dag.py
[2023-01-18T04:39:18.433+0000] {processor.py:758} INFO - Processing file /opt/airflow/dags/repo/Airflow/dags/postgres_quarterly_dag.py for tasks to queue
[2023-01-18T04:39:18.435+0000] {logging_mixin.py:117} INFO - [2023-01-18T04:39:18.434+0000] {dagbag.py:525} INFO - Filling up the DagBag from /opt/airflow/dags/repo/Airflow/dags/postgres_quarterly_dag.py
[2023-01-18T04:39:18.530+0000] {processor.py:768} INFO - DAG(s) dict_keys(['postgres_quarterly_dag']) retrieved from /opt/airflow/dags/repo/Airflow/dags/postgres_quarterly_dag.py
[2023-01-18T04:39:18.625+0000] {logging_mixin.py:117} INFO - [2023-01-18T04:39:18.625+0000] {dag.py:2573} INFO - Sync 1 DAGs
[2023-01-18T04:39:18.692+0000] {logging_mixin.py:117} INFO - [2023-01-18T04:39:18.692+0000] {dag.py:3328} INFO - Setting next_dagrun for postgres_quarterly_dag to 2023-01-17T00:00:00+00:00, run_after=2023-01-17T00:00:00+00:00
[2023-01-18T04:39:18.741+0000] {processor.py:178} INFO - Processing /opt/airflow/dags/repo/Airflow/dags/postgres_quarterly_dag.py took 0.317 seconds
[2023-01-18T04:39:49.025+0000] {processor.py:156} INFO - Started process (PID=833) to work on /opt/airflow/dags/repo/Airflow/dags/postgres_quarterly_dag.py
[2023-01-18T04:39:49.027+0000] {processor.py:758} INFO - Processing file /opt/airflow/dags/repo/Airflow/dags/postgres_quarterly_dag.py for tasks to queue
[2023-01-18T04:39:49.029+0000] {logging_mixin.py:117} INFO - [2023-01-18T04:39:49.029+0000] {dagbag.py:525} INFO - Filling up the DagBag from /opt/airflow/dags/repo/Airflow/dags/postgres_quarterly_dag.py
[2023-01-18T04:39:49.116+0000] {processor.py:768} INFO - DAG(s) dict_keys(['postgres_quarterly_dag']) retrieved from /opt/airflow/dags/repo/Airflow/dags/postgres_quarterly_dag.py
[2023-01-18T04:39:49.209+0000] {logging_mixin.py:117} INFO - [2023-01-18T04:39:49.209+0000] {dag.py:2573} INFO - Sync 1 DAGs
[2023-01-18T04:39:49.270+0000] {logging_mixin.py:117} INFO - [2023-01-18T04:39:49.270+0000] {dag.py:3328} INFO - Setting next_dagrun for postgres_quarterly_dag to 2023-01-17T00:00:00+00:00, run_after=2023-01-17T00:00:00+00:00
[2023-01-18T04:39:49.326+0000] {processor.py:178} INFO - Processing /opt/airflow/dags/repo/Airflow/dags/postgres_quarterly_dag.py took 0.308 seconds
[2023-01-18T04:40:19.666+0000] {processor.py:156} INFO - Started process (PID=869) to work on /opt/airflow/dags/repo/Airflow/dags/postgres_quarterly_dag.py
[2023-01-18T04:40:19.669+0000] {processor.py:758} INFO - Processing file /opt/airflow/dags/repo/Airflow/dags/postgres_quarterly_dag.py for tasks to queue
[2023-01-18T04:40:19.671+0000] {logging_mixin.py:117} INFO - [2023-01-18T04:40:19.671+0000] {dagbag.py:525} INFO - Filling up the DagBag from /opt/airflow/dags/repo/Airflow/dags/postgres_quarterly_dag.py
[2023-01-18T04:40:19.766+0000] {processor.py:768} INFO - DAG(s) dict_keys(['postgres_quarterly_dag']) retrieved from /opt/airflow/dags/repo/Airflow/dags/postgres_quarterly_dag.py
[2023-01-18T04:40:19.867+0000] {logging_mixin.py:117} INFO - [2023-01-18T04:40:19.866+0000] {dag.py:2573} INFO - Sync 1 DAGs
[2023-01-18T04:40:19.931+0000] {logging_mixin.py:117} INFO - [2023-01-18T04:40:19.930+0000] {dag.py:3328} INFO - Setting next_dagrun for postgres_quarterly_dag to 2023-01-17T00:00:00+00:00, run_after=2023-01-17T00:00:00+00:00
[2023-01-18T04:40:19.984+0000] {processor.py:178} INFO - Processing /opt/airflow/dags/repo/Airflow/dags/postgres_quarterly_dag.py took 0.326 seconds
[2023-01-18T04:40:50.729+0000] {processor.py:156} INFO - Started process (PID=917) to work on /opt/airflow/dags/repo/Airflow/dags/postgres_quarterly_dag.py
[2023-01-18T04:40:50.731+0000] {processor.py:758} INFO - Processing file /opt/airflow/dags/repo/Airflow/dags/postgres_quarterly_dag.py for tasks to queue
[2023-01-18T04:40:50.733+0000] {logging_mixin.py:117} INFO - [2023-01-18T04:40:50.732+0000] {dagbag.py:525} INFO - Filling up the DagBag from /opt/airflow/dags/repo/Airflow/dags/postgres_quarterly_dag.py
[2023-01-18T04:40:50.824+0000] {processor.py:768} INFO - DAG(s) dict_keys(['postgres_quarterly_dag']) retrieved from /opt/airflow/dags/repo/Airflow/dags/postgres_quarterly_dag.py
[2023-01-18T04:40:50.922+0000] {logging_mixin.py:117} INFO - [2023-01-18T04:40:50.921+0000] {dag.py:2573} INFO - Sync 1 DAGs
[2023-01-18T04:40:50.986+0000] {logging_mixin.py:117} INFO - [2023-01-18T04:40:50.985+0000] {dag.py:3328} INFO - Setting next_dagrun for postgres_quarterly_dag to 2023-01-17T00:00:00+00:00, run_after=2023-01-17T00:00:00+00:00
[2023-01-18T04:40:51.040+0000] {processor.py:178} INFO - Processing /opt/airflow/dags/repo/Airflow/dags/postgres_quarterly_dag.py took 0.319 seconds
[2023-01-18T04:41:21.423+0000] {processor.py:156} INFO - Started process (PID=953) to work on /opt/airflow/dags/repo/Airflow/dags/postgres_quarterly_dag.py
[2023-01-18T04:41:21.425+0000] {processor.py:758} INFO - Processing file /opt/airflow/dags/repo/Airflow/dags/postgres_quarterly_dag.py for tasks to queue
[2023-01-18T04:41:21.427+0000] {logging_mixin.py:117} INFO - [2023-01-18T04:41:21.426+0000] {dagbag.py:525} INFO - Filling up the DagBag from /opt/airflow/dags/repo/Airflow/dags/postgres_quarterly_dag.py
[2023-01-18T04:41:21.520+0000] {processor.py:768} INFO - DAG(s) dict_keys(['postgres_quarterly_dag']) retrieved from /opt/airflow/dags/repo/Airflow/dags/postgres_quarterly_dag.py
[2023-01-18T04:41:21.612+0000] {logging_mixin.py:117} INFO - [2023-01-18T04:41:21.611+0000] {dag.py:2573} INFO - Sync 1 DAGs
[2023-01-18T04:41:21.681+0000] {logging_mixin.py:117} INFO - [2023-01-18T04:41:21.681+0000] {dag.py:3328} INFO - Setting next_dagrun for postgres_quarterly_dag to 2023-01-17T00:00:00+00:00, run_after=2023-01-17T00:00:00+00:00
[2023-01-18T04:41:21.742+0000] {processor.py:178} INFO - Processing /opt/airflow/dags/repo/Airflow/dags/postgres_quarterly_dag.py took 0.327 seconds
[2023-01-18T04:41:52.079+0000] {processor.py:156} INFO - Started process (PID=999) to work on /opt/airflow/dags/repo/Airflow/dags/postgres_quarterly_dag.py
[2023-01-18T04:41:52.081+0000] {processor.py:758} INFO - Processing file /opt/airflow/dags/repo/Airflow/dags/postgres_quarterly_dag.py for tasks to queue
[2023-01-18T04:41:52.083+0000] {logging_mixin.py:117} INFO - [2023-01-18T04:41:52.083+0000] {dagbag.py:525} INFO - Filling up the DagBag from /opt/airflow/dags/repo/Airflow/dags/postgres_quarterly_dag.py
[2023-01-18T04:41:52.171+0000] {processor.py:768} INFO - DAG(s) dict_keys(['postgres_quarterly_dag']) retrieved from /opt/airflow/dags/repo/Airflow/dags/postgres_quarterly_dag.py
[2023-01-18T04:41:52.259+0000] {logging_mixin.py:117} INFO - [2023-01-18T04:41:52.259+0000] {dag.py:2573} INFO - Sync 1 DAGs
[2023-01-18T04:41:52.319+0000] {logging_mixin.py:117} INFO - [2023-01-18T04:41:52.319+0000] {dag.py:3328} INFO - Setting next_dagrun for postgres_quarterly_dag to 2023-01-17T00:00:00+00:00, run_after=2023-01-17T00:00:00+00:00
[2023-01-18T04:41:52.372+0000] {processor.py:178} INFO - Processing /opt/airflow/dags/repo/Airflow/dags/postgres_quarterly_dag.py took 0.302 seconds
[2023-01-18T04:42:22.659+0000] {processor.py:156} INFO - Started process (PID=1037) to work on /opt/airflow/dags/repo/Airflow/dags/postgres_quarterly_dag.py
[2023-01-18T04:42:22.661+0000] {processor.py:758} INFO - Processing file /opt/airflow/dags/repo/Airflow/dags/postgres_quarterly_dag.py for tasks to queue
[2023-01-18T04:42:22.662+0000] {logging_mixin.py:117} INFO - [2023-01-18T04:42:22.662+0000] {dagbag.py:525} INFO - Filling up the DagBag from /opt/airflow/dags/repo/Airflow/dags/postgres_quarterly_dag.py
[2023-01-18T04:42:22.770+0000] {processor.py:768} INFO - DAG(s) dict_keys(['postgres_quarterly_dag']) retrieved from /opt/airflow/dags/repo/Airflow/dags/postgres_quarterly_dag.py
[2023-01-18T04:42:22.876+0000] {logging_mixin.py:117} INFO - [2023-01-18T04:42:22.875+0000] {dag.py:2573} INFO - Sync 1 DAGs
[2023-01-18T04:42:22.945+0000] {logging_mixin.py:117} INFO - [2023-01-18T04:42:22.945+0000] {dag.py:3328} INFO - Setting next_dagrun for postgres_quarterly_dag to 2023-01-17T00:00:00+00:00, run_after=2023-01-17T00:00:00+00:00
[2023-01-18T04:42:22.997+0000] {processor.py:178} INFO - Processing /opt/airflow/dags/repo/Airflow/dags/postgres_quarterly_dag.py took 0.348 seconds
[2023-01-18T04:42:53.368+0000] {processor.py:156} INFO - Started process (PID=1085) to work on /opt/airflow/dags/repo/Airflow/dags/postgres_quarterly_dag.py
[2023-01-18T04:42:53.370+0000] {processor.py:758} INFO - Processing file /opt/airflow/dags/repo/Airflow/dags/postgres_quarterly_dag.py for tasks to queue
[2023-01-18T04:42:53.372+0000] {logging_mixin.py:117} INFO - [2023-01-18T04:42:53.371+0000] {dagbag.py:525} INFO - Filling up the DagBag from /opt/airflow/dags/repo/Airflow/dags/postgres_quarterly_dag.py
[2023-01-18T04:42:53.466+0000] {processor.py:768} INFO - DAG(s) dict_keys(['postgres_quarterly_dag']) retrieved from /opt/airflow/dags/repo/Airflow/dags/postgres_quarterly_dag.py
[2023-01-18T04:42:53.566+0000] {logging_mixin.py:117} INFO - [2023-01-18T04:42:53.565+0000] {dag.py:2573} INFO - Sync 1 DAGs
[2023-01-18T04:42:53.644+0000] {logging_mixin.py:117} INFO - [2023-01-18T04:42:53.643+0000] {dag.py:3328} INFO - Setting next_dagrun for postgres_quarterly_dag to 2023-01-17T00:00:00+00:00, run_after=2023-01-17T00:00:00+00:00
[2023-01-18T04:42:53.700+0000] {processor.py:178} INFO - Processing /opt/airflow/dags/repo/Airflow/dags/postgres_quarterly_dag.py took 0.342 seconds
[2023-01-18T04:43:24.035+0000] {processor.py:156} INFO - Started process (PID=1121) to work on /opt/airflow/dags/repo/Airflow/dags/postgres_quarterly_dag.py
[2023-01-18T04:43:24.037+0000] {processor.py:758} INFO - Processing file /opt/airflow/dags/repo/Airflow/dags/postgres_quarterly_dag.py for tasks to queue
[2023-01-18T04:43:24.039+0000] {logging_mixin.py:117} INFO - [2023-01-18T04:43:24.039+0000] {dagbag.py:525} INFO - Filling up the DagBag from /opt/airflow/dags/repo/Airflow/dags/postgres_quarterly_dag.py
[2023-01-18T04:43:24.122+0000] {processor.py:768} INFO - DAG(s) dict_keys(['postgres_quarterly_dag']) retrieved from /opt/airflow/dags/repo/Airflow/dags/postgres_quarterly_dag.py
[2023-01-18T04:43:24.211+0000] {logging_mixin.py:117} INFO - [2023-01-18T04:43:24.211+0000] {dag.py:2573} INFO - Sync 1 DAGs
[2023-01-18T04:43:24.271+0000] {logging_mixin.py:117} INFO - [2023-01-18T04:43:24.271+0000] {dag.py:3328} INFO - Setting next_dagrun for postgres_quarterly_dag to 2023-01-17T00:00:00+00:00, run_after=2023-01-17T00:00:00+00:00
[2023-01-18T04:43:24.318+0000] {processor.py:178} INFO - Processing /opt/airflow/dags/repo/Airflow/dags/postgres_quarterly_dag.py took 0.290 seconds
[2023-01-18T04:43:54.632+0000] {processor.py:156} INFO - Started process (PID=1169) to work on /opt/airflow/dags/repo/Airflow/dags/postgres_quarterly_dag.py
[2023-01-18T04:43:54.635+0000] {processor.py:758} INFO - Processing file /opt/airflow/dags/repo/Airflow/dags/postgres_quarterly_dag.py for tasks to queue
[2023-01-18T04:43:54.637+0000] {logging_mixin.py:117} INFO - [2023-01-18T04:43:54.637+0000] {dagbag.py:525} INFO - Filling up the DagBag from /opt/airflow/dags/repo/Airflow/dags/postgres_quarterly_dag.py
[2023-01-18T04:43:54.720+0000] {processor.py:768} INFO - DAG(s) dict_keys(['postgres_quarterly_dag']) retrieved from /opt/airflow/dags/repo/Airflow/dags/postgres_quarterly_dag.py
[2023-01-18T04:43:54.808+0000] {logging_mixin.py:117} INFO - [2023-01-18T04:43:54.808+0000] {dag.py:2573} INFO - Sync 1 DAGs
[2023-01-18T04:43:54.869+0000] {logging_mixin.py:117} INFO - [2023-01-18T04:43:54.868+0000] {dag.py:3328} INFO - Setting next_dagrun for postgres_quarterly_dag to 2023-01-17T00:00:00+00:00, run_after=2023-01-17T00:00:00+00:00
[2023-01-18T04:43:54.917+0000] {processor.py:178} INFO - Processing /opt/airflow/dags/repo/Airflow/dags/postgres_quarterly_dag.py took 0.292 seconds
[2023-01-18T04:44:25.258+0000] {processor.py:156} INFO - Started process (PID=1205) to work on /opt/airflow/dags/repo/Airflow/dags/postgres_quarterly_dag.py
[2023-01-18T04:44:25.260+0000] {processor.py:758} INFO - Processing file /opt/airflow/dags/repo/Airflow/dags/postgres_quarterly_dag.py for tasks to queue
[2023-01-18T04:44:25.261+0000] {logging_mixin.py:117} INFO - [2023-01-18T04:44:25.261+0000] {dagbag.py:525} INFO - Filling up the DagBag from /opt/airflow/dags/repo/Airflow/dags/postgres_quarterly_dag.py
[2023-01-18T04:44:25.344+0000] {processor.py:768} INFO - DAG(s) dict_keys(['postgres_quarterly_dag']) retrieved from /opt/airflow/dags/repo/Airflow/dags/postgres_quarterly_dag.py
[2023-01-18T04:44:25.433+0000] {logging_mixin.py:117} INFO - [2023-01-18T04:44:25.433+0000] {dag.py:2573} INFO - Sync 1 DAGs
[2023-01-18T04:44:25.496+0000] {logging_mixin.py:117} INFO - [2023-01-18T04:44:25.495+0000] {dag.py:3328} INFO - Setting next_dagrun for postgres_quarterly_dag to 2023-01-17T00:00:00+00:00, run_after=2023-01-17T00:00:00+00:00
[2023-01-18T04:44:25.548+0000] {processor.py:178} INFO - Processing /opt/airflow/dags/repo/Airflow/dags/postgres_quarterly_dag.py took 0.298 seconds
[2023-01-18T04:44:55.827+0000] {processor.py:156} INFO - Started process (PID=1253) to work on /opt/airflow/dags/repo/Airflow/dags/postgres_quarterly_dag.py
[2023-01-18T04:44:55.829+0000] {processor.py:758} INFO - Processing file /opt/airflow/dags/repo/Airflow/dags/postgres_quarterly_dag.py for tasks to queue
[2023-01-18T04:44:55.831+0000] {logging_mixin.py:117} INFO - [2023-01-18T04:44:55.831+0000] {dagbag.py:525} INFO - Filling up the DagBag from /opt/airflow/dags/repo/Airflow/dags/postgres_quarterly_dag.py
[2023-01-18T04:44:55.926+0000] {processor.py:768} INFO - DAG(s) dict_keys(['postgres_quarterly_dag']) retrieved from /opt/airflow/dags/repo/Airflow/dags/postgres_quarterly_dag.py
[2023-01-18T04:44:56.018+0000] {logging_mixin.py:117} INFO - [2023-01-18T04:44:56.018+0000] {dag.py:2573} INFO - Sync 1 DAGs
[2023-01-18T04:44:56.089+0000] {logging_mixin.py:117} INFO - [2023-01-18T04:44:56.089+0000] {dag.py:3328} INFO - Setting next_dagrun for postgres_quarterly_dag to 2023-01-17T00:00:00+00:00, run_after=2023-01-17T00:00:00+00:00
[2023-01-18T04:44:56.143+0000] {processor.py:178} INFO - Processing /opt/airflow/dags/repo/Airflow/dags/postgres_quarterly_dag.py took 0.323 seconds
[2023-01-18T04:45:26.415+0000] {processor.py:156} INFO - Started process (PID=1289) to work on /opt/airflow/dags/repo/Airflow/dags/postgres_quarterly_dag.py
[2023-01-18T04:45:26.417+0000] {processor.py:758} INFO - Processing file /opt/airflow/dags/repo/Airflow/dags/postgres_quarterly_dag.py for tasks to queue
[2023-01-18T04:45:26.419+0000] {logging_mixin.py:117} INFO - [2023-01-18T04:45:26.419+0000] {dagbag.py:525} INFO - Filling up the DagBag from /opt/airflow/dags/repo/Airflow/dags/postgres_quarterly_dag.py
[2023-01-18T04:45:26.506+0000] {processor.py:768} INFO - DAG(s) dict_keys(['postgres_quarterly_dag']) retrieved from /opt/airflow/dags/repo/Airflow/dags/postgres_quarterly_dag.py
[2023-01-18T04:45:26.594+0000] {logging_mixin.py:117} INFO - [2023-01-18T04:45:26.593+0000] {dag.py:2573} INFO - Sync 1 DAGs
[2023-01-18T04:45:26.656+0000] {logging_mixin.py:117} INFO - [2023-01-18T04:45:26.656+0000] {dag.py:3328} INFO - Setting next_dagrun for postgres_quarterly_dag to 2023-01-17T00:00:00+00:00, run_after=2023-01-17T00:00:00+00:00
[2023-01-18T04:45:26.709+0000] {processor.py:178} INFO - Processing /opt/airflow/dags/repo/Airflow/dags/postgres_quarterly_dag.py took 0.302 seconds
[2023-01-18T04:45:57.015+0000] {processor.py:156} INFO - Started process (PID=1337) to work on /opt/airflow/dags/repo/Airflow/dags/postgres_quarterly_dag.py
[2023-01-18T04:45:57.017+0000] {processor.py:758} INFO - Processing file /opt/airflow/dags/repo/Airflow/dags/postgres_quarterly_dag.py for tasks to queue
[2023-01-18T04:45:57.019+0000] {logging_mixin.py:117} INFO - [2023-01-18T04:45:57.019+0000] {dagbag.py:525} INFO - Filling up the DagBag from /opt/airflow/dags/repo/Airflow/dags/postgres_quarterly_dag.py
[2023-01-18T04:45:57.104+0000] {processor.py:768} INFO - DAG(s) dict_keys(['postgres_quarterly_dag']) retrieved from /opt/airflow/dags/repo/Airflow/dags/postgres_quarterly_dag.py
[2023-01-18T04:45:57.191+0000] {logging_mixin.py:117} INFO - [2023-01-18T04:45:57.190+0000] {dag.py:2573} INFO - Sync 1 DAGs
[2023-01-18T04:45:57.255+0000] {logging_mixin.py:117} INFO - [2023-01-18T04:45:57.254+0000] {dag.py:3328} INFO - Setting next_dagrun for postgres_quarterly_dag to 2023-01-17T00:00:00+00:00, run_after=2023-01-17T00:00:00+00:00
[2023-01-18T04:45:57.306+0000] {processor.py:178} INFO - Processing /opt/airflow/dags/repo/Airflow/dags/postgres_quarterly_dag.py took 0.298 seconds
[2023-01-18T04:46:27.657+0000] {processor.py:156} INFO - Started process (PID=1373) to work on /opt/airflow/dags/repo/Airflow/dags/postgres_quarterly_dag.py
[2023-01-18T04:46:27.659+0000] {processor.py:758} INFO - Processing file /opt/airflow/dags/repo/Airflow/dags/postgres_quarterly_dag.py for tasks to queue
[2023-01-18T04:46:27.661+0000] {logging_mixin.py:117} INFO - [2023-01-18T04:46:27.660+0000] {dagbag.py:525} INFO - Filling up the DagBag from /opt/airflow/dags/repo/Airflow/dags/postgres_quarterly_dag.py
[2023-01-18T04:46:27.761+0000] {processor.py:768} INFO - DAG(s) dict_keys(['postgres_quarterly_dag']) retrieved from /opt/airflow/dags/repo/Airflow/dags/postgres_quarterly_dag.py
[2023-01-18T04:46:27.863+0000] {logging_mixin.py:117} INFO - [2023-01-18T04:46:27.863+0000] {dag.py:2573} INFO - Sync 1 DAGs
[2023-01-18T04:46:27.934+0000] {logging_mixin.py:117} INFO - [2023-01-18T04:46:27.934+0000] {dag.py:3328} INFO - Setting next_dagrun for postgres_quarterly_dag to 2023-01-17T00:00:00+00:00, run_after=2023-01-17T00:00:00+00:00
[2023-01-18T04:46:27.988+0000] {processor.py:178} INFO - Processing /opt/airflow/dags/repo/Airflow/dags/postgres_quarterly_dag.py took 0.339 seconds
[2023-01-18T04:46:58.293+0000] {processor.py:156} INFO - Started process (PID=1421) to work on /opt/airflow/dags/repo/Airflow/dags/postgres_quarterly_dag.py
[2023-01-18T04:46:58.295+0000] {processor.py:758} INFO - Processing file /opt/airflow/dags/repo/Airflow/dags/postgres_quarterly_dag.py for tasks to queue
[2023-01-18T04:46:58.296+0000] {logging_mixin.py:117} INFO - [2023-01-18T04:46:58.296+0000] {dagbag.py:525} INFO - Filling up the DagBag from /opt/airflow/dags/repo/Airflow/dags/postgres_quarterly_dag.py
[2023-01-18T04:46:58.385+0000] {processor.py:768} INFO - DAG(s) dict_keys(['postgres_quarterly_dag']) retrieved from /opt/airflow/dags/repo/Airflow/dags/postgres_quarterly_dag.py
[2023-01-18T04:46:58.485+0000] {logging_mixin.py:117} INFO - [2023-01-18T04:46:58.485+0000] {dag.py:2573} INFO - Sync 1 DAGs
[2023-01-18T04:46:58.552+0000] {logging_mixin.py:117} INFO - [2023-01-18T04:46:58.552+0000] {dag.py:3328} INFO - Setting next_dagrun for postgres_quarterly_dag to 2023-01-17T00:00:00+00:00, run_after=2023-01-17T00:00:00+00:00
[2023-01-18T04:46:58.611+0000] {processor.py:178} INFO - Processing /opt/airflow/dags/repo/Airflow/dags/postgres_quarterly_dag.py took 0.325 seconds
[2023-01-18T04:47:28.917+0000] {processor.py:156} INFO - Started process (PID=1457) to work on /opt/airflow/dags/repo/Airflow/dags/postgres_quarterly_dag.py
[2023-01-18T04:47:28.919+0000] {processor.py:758} INFO - Processing file /opt/airflow/dags/repo/Airflow/dags/postgres_quarterly_dag.py for tasks to queue
[2023-01-18T04:47:28.921+0000] {logging_mixin.py:117} INFO - [2023-01-18T04:47:28.920+0000] {dagbag.py:525} INFO - Filling up the DagBag from /opt/airflow/dags/repo/Airflow/dags/postgres_quarterly_dag.py
[2023-01-18T04:47:29.005+0000] {processor.py:768} INFO - DAG(s) dict_keys(['postgres_quarterly_dag']) retrieved from /opt/airflow/dags/repo/Airflow/dags/postgres_quarterly_dag.py
[2023-01-18T04:47:29.095+0000] {logging_mixin.py:117} INFO - [2023-01-18T04:47:29.095+0000] {dag.py:2573} INFO - Sync 1 DAGs
[2023-01-18T04:47:29.155+0000] {logging_mixin.py:117} INFO - [2023-01-18T04:47:29.154+0000] {dag.py:3328} INFO - Setting next_dagrun for postgres_quarterly_dag to 2023-01-17T00:00:00+00:00, run_after=2023-01-17T00:00:00+00:00
[2023-01-18T04:47:29.201+0000] {processor.py:178} INFO - Processing /opt/airflow/dags/repo/Airflow/dags/postgres_quarterly_dag.py took 0.292 seconds
[2023-01-18T04:47:59.484+0000] {processor.py:156} INFO - Started process (PID=1505) to work on /opt/airflow/dags/repo/Airflow/dags/postgres_quarterly_dag.py
[2023-01-18T04:47:59.485+0000] {processor.py:758} INFO - Processing file /opt/airflow/dags/repo/Airflow/dags/postgres_quarterly_dag.py for tasks to queue
[2023-01-18T04:47:59.488+0000] {logging_mixin.py:117} INFO - [2023-01-18T04:47:59.487+0000] {dagbag.py:525} INFO - Filling up the DagBag from /opt/airflow/dags/repo/Airflow/dags/postgres_quarterly_dag.py
[2023-01-18T04:47:59.583+0000] {processor.py:768} INFO - DAG(s) dict_keys(['postgres_quarterly_dag']) retrieved from /opt/airflow/dags/repo/Airflow/dags/postgres_quarterly_dag.py
[2023-01-18T04:47:59.675+0000] {logging_mixin.py:117} INFO - [2023-01-18T04:47:59.675+0000] {dag.py:2573} INFO - Sync 1 DAGs
[2023-01-18T04:47:59.738+0000] {logging_mixin.py:117} INFO - [2023-01-18T04:47:59.738+0000] {dag.py:3328} INFO - Setting next_dagrun for postgres_quarterly_dag to 2023-01-17T00:00:00+00:00, run_after=2023-01-17T00:00:00+00:00
[2023-01-18T04:47:59.799+0000] {processor.py:178} INFO - Processing /opt/airflow/dags/repo/Airflow/dags/postgres_quarterly_dag.py took 0.323 seconds
[2023-01-18T04:48:30.082+0000] {processor.py:156} INFO - Started process (PID=1541) to work on /opt/airflow/dags/repo/Airflow/dags/postgres_quarterly_dag.py
[2023-01-18T04:48:30.084+0000] {processor.py:758} INFO - Processing file /opt/airflow/dags/repo/Airflow/dags/postgres_quarterly_dag.py for tasks to queue
[2023-01-18T04:48:30.085+0000] {logging_mixin.py:117} INFO - [2023-01-18T04:48:30.085+0000] {dagbag.py:525} INFO - Filling up the DagBag from /opt/airflow/dags/repo/Airflow/dags/postgres_quarterly_dag.py
[2023-01-18T04:48:30.169+0000] {processor.py:768} INFO - DAG(s) dict_keys(['postgres_quarterly_dag']) retrieved from /opt/airflow/dags/repo/Airflow/dags/postgres_quarterly_dag.py
[2023-01-18T04:48:30.261+0000] {logging_mixin.py:117} INFO - [2023-01-18T04:48:30.260+0000] {dag.py:2573} INFO - Sync 1 DAGs
[2023-01-18T04:48:30.341+0000] {logging_mixin.py:117} INFO - [2023-01-18T04:48:30.340+0000] {dag.py:3328} INFO - Setting next_dagrun for postgres_quarterly_dag to 2023-01-17T00:00:00+00:00, run_after=2023-01-17T00:00:00+00:00
[2023-01-18T04:48:30.401+0000] {processor.py:178} INFO - Processing /opt/airflow/dags/repo/Airflow/dags/postgres_quarterly_dag.py took 0.326 seconds
[2023-01-18T04:49:00.709+0000] {processor.py:156} INFO - Started process (PID=1589) to work on /opt/airflow/dags/repo/Airflow/dags/postgres_quarterly_dag.py
[2023-01-18T04:49:00.711+0000] {processor.py:758} INFO - Processing file /opt/airflow/dags/repo/Airflow/dags/postgres_quarterly_dag.py for tasks to queue
[2023-01-18T04:49:00.714+0000] {logging_mixin.py:117} INFO - [2023-01-18T04:49:00.713+0000] {dagbag.py:525} INFO - Filling up the DagBag from /opt/airflow/dags/repo/Airflow/dags/postgres_quarterly_dag.py
[2023-01-18T04:49:00.819+0000] {processor.py:768} INFO - DAG(s) dict_keys(['postgres_quarterly_dag']) retrieved from /opt/airflow/dags/repo/Airflow/dags/postgres_quarterly_dag.py
[2023-01-18T04:49:00.916+0000] {logging_mixin.py:117} INFO - [2023-01-18T04:49:00.916+0000] {dag.py:2573} INFO - Sync 1 DAGs
[2023-01-18T04:49:00.979+0000] {logging_mixin.py:117} INFO - [2023-01-18T04:49:00.978+0000] {dag.py:3328} INFO - Setting next_dagrun for postgres_quarterly_dag to 2023-01-17T00:00:00+00:00, run_after=2023-01-17T00:00:00+00:00
[2023-01-18T04:49:01.025+0000] {processor.py:178} INFO - Processing /opt/airflow/dags/repo/Airflow/dags/postgres_quarterly_dag.py took 0.324 seconds
[2023-01-18T04:49:28.353+0000] {processor.py:156} INFO - Started process (PID=1617) to work on /opt/airflow/dags/repo/Airflow/dags/postgres_quarterly_dag.py
[2023-01-18T04:49:28.355+0000] {processor.py:758} INFO - Processing file /opt/airflow/dags/repo/Airflow/dags/postgres_quarterly_dag.py for tasks to queue
[2023-01-18T04:49:28.356+0000] {logging_mixin.py:117} INFO - [2023-01-18T04:49:28.356+0000] {dagbag.py:525} INFO - Filling up the DagBag from /opt/airflow/dags/repo/Airflow/dags/postgres_quarterly_dag.py
[2023-01-18T04:49:28.443+0000] {processor.py:768} INFO - DAG(s) dict_keys(['postgres_quarterly_dag']) retrieved from /opt/airflow/dags/repo/Airflow/dags/postgres_quarterly_dag.py
[2023-01-18T04:49:28.550+0000] {logging_mixin.py:117} INFO - [2023-01-18T04:49:28.550+0000] {dag.py:2573} INFO - Sync 1 DAGs
[2023-01-18T04:49:28.619+0000] {logging_mixin.py:117} INFO - [2023-01-18T04:49:28.618+0000] {dag.py:3328} INFO - Setting next_dagrun for postgres_quarterly_dag to 2023-01-17T00:00:00+00:00, run_after=2023-01-17T00:00:00+00:00
[2023-01-18T04:49:28.673+0000] {processor.py:178} INFO - Processing /opt/airflow/dags/repo/Airflow/dags/postgres_quarterly_dag.py took 0.328 seconds
[2023-01-18T04:49:59.020+0000] {processor.py:156} INFO - Started process (PID=1665) to work on /opt/airflow/dags/repo/Airflow/dags/postgres_quarterly_dag.py
[2023-01-18T04:49:59.022+0000] {processor.py:758} INFO - Processing file /opt/airflow/dags/repo/Airflow/dags/postgres_quarterly_dag.py for tasks to queue
[2023-01-18T04:49:59.024+0000] {logging_mixin.py:117} INFO - [2023-01-18T04:49:59.024+0000] {dagbag.py:525} INFO - Filling up the DagBag from /opt/airflow/dags/repo/Airflow/dags/postgres_quarterly_dag.py
[2023-01-18T04:49:59.120+0000] {processor.py:768} INFO - DAG(s) dict_keys(['postgres_quarterly_dag']) retrieved from /opt/airflow/dags/repo/Airflow/dags/postgres_quarterly_dag.py
[2023-01-18T04:49:59.215+0000] {logging_mixin.py:117} INFO - [2023-01-18T04:49:59.215+0000] {dag.py:2573} INFO - Sync 1 DAGs
[2023-01-18T04:49:59.281+0000] {logging_mixin.py:117} INFO - [2023-01-18T04:49:59.281+0000] {dag.py:3328} INFO - Setting next_dagrun for postgres_quarterly_dag to 2023-01-17T00:00:00+00:00, run_after=2023-01-17T00:00:00+00:00
[2023-01-18T04:49:59.330+0000] {processor.py:178} INFO - Processing /opt/airflow/dags/repo/Airflow/dags/postgres_quarterly_dag.py took 0.318 seconds
[2023-01-18T04:50:29.591+0000] {processor.py:156} INFO - Started process (PID=1701) to work on /opt/airflow/dags/repo/Airflow/dags/postgres_quarterly_dag.py
[2023-01-18T04:50:29.593+0000] {processor.py:758} INFO - Processing file /opt/airflow/dags/repo/Airflow/dags/postgres_quarterly_dag.py for tasks to queue
[2023-01-18T04:50:29.595+0000] {logging_mixin.py:117} INFO - [2023-01-18T04:50:29.594+0000] {dagbag.py:525} INFO - Filling up the DagBag from /opt/airflow/dags/repo/Airflow/dags/postgres_quarterly_dag.py
[2023-01-18T04:50:29.687+0000] {processor.py:768} INFO - DAG(s) dict_keys(['postgres_quarterly_dag']) retrieved from /opt/airflow/dags/repo/Airflow/dags/postgres_quarterly_dag.py
[2023-01-18T04:50:29.784+0000] {logging_mixin.py:117} INFO - [2023-01-18T04:50:29.784+0000] {dag.py:2573} INFO - Sync 1 DAGs
[2023-01-18T04:50:29.849+0000] {logging_mixin.py:117} INFO - [2023-01-18T04:50:29.848+0000] {dag.py:3328} INFO - Setting next_dagrun for postgres_quarterly_dag to 2023-01-17T00:00:00+00:00, run_after=2023-01-17T00:00:00+00:00
[2023-01-18T04:50:29.901+0000] {processor.py:178} INFO - Processing /opt/airflow/dags/repo/Airflow/dags/postgres_quarterly_dag.py took 0.317 seconds
[2023-01-18T04:51:00.246+0000] {processor.py:156} INFO - Started process (PID=1749) to work on /opt/airflow/dags/repo/Airflow/dags/postgres_quarterly_dag.py
[2023-01-18T04:51:00.248+0000] {processor.py:758} INFO - Processing file /opt/airflow/dags/repo/Airflow/dags/postgres_quarterly_dag.py for tasks to queue
[2023-01-18T04:51:00.250+0000] {logging_mixin.py:117} INFO - [2023-01-18T04:51:00.250+0000] {dagbag.py:525} INFO - Filling up the DagBag from /opt/airflow/dags/repo/Airflow/dags/postgres_quarterly_dag.py
[2023-01-18T04:51:00.341+0000] {processor.py:768} INFO - DAG(s) dict_keys(['postgres_quarterly_dag']) retrieved from /opt/airflow/dags/repo/Airflow/dags/postgres_quarterly_dag.py
[2023-01-18T04:51:00.436+0000] {logging_mixin.py:117} INFO - [2023-01-18T04:51:00.436+0000] {dag.py:2573} INFO - Sync 1 DAGs
[2023-01-18T04:51:00.512+0000] {logging_mixin.py:117} INFO - [2023-01-18T04:51:00.512+0000] {dag.py:3328} INFO - Setting next_dagrun for postgres_quarterly_dag to 2023-01-17T00:00:00+00:00, run_after=2023-01-17T00:00:00+00:00
[2023-01-18T04:51:00.566+0000] {processor.py:178} INFO - Processing /opt/airflow/dags/repo/Airflow/dags/postgres_quarterly_dag.py took 0.329 seconds
[2023-01-18T04:51:30.876+0000] {processor.py:156} INFO - Started process (PID=1785) to work on /opt/airflow/dags/repo/Airflow/dags/postgres_quarterly_dag.py
[2023-01-18T04:51:30.878+0000] {processor.py:758} INFO - Processing file /opt/airflow/dags/repo/Airflow/dags/postgres_quarterly_dag.py for tasks to queue
[2023-01-18T04:51:30.880+0000] {logging_mixin.py:117} INFO - [2023-01-18T04:51:30.880+0000] {dagbag.py:525} INFO - Filling up the DagBag from /opt/airflow/dags/repo/Airflow/dags/postgres_quarterly_dag.py
[2023-01-18T04:51:30.972+0000] {processor.py:768} INFO - DAG(s) dict_keys(['postgres_quarterly_dag']) retrieved from /opt/airflow/dags/repo/Airflow/dags/postgres_quarterly_dag.py
[2023-01-18T04:51:31.068+0000] {logging_mixin.py:117} INFO - [2023-01-18T04:51:31.068+0000] {dag.py:2573} INFO - Sync 1 DAGs
[2023-01-18T04:51:31.135+0000] {logging_mixin.py:117} INFO - [2023-01-18T04:51:31.135+0000] {dag.py:3328} INFO - Setting next_dagrun for postgres_quarterly_dag to 2023-01-17T00:00:00+00:00, run_after=2023-01-17T00:00:00+00:00
[2023-01-18T04:51:31.191+0000] {processor.py:178} INFO - Processing /opt/airflow/dags/repo/Airflow/dags/postgres_quarterly_dag.py took 0.326 seconds
[2023-01-18T04:52:01.596+0000] {processor.py:156} INFO - Started process (PID=1833) to work on /opt/airflow/dags/repo/Airflow/dags/postgres_quarterly_dag.py
[2023-01-18T04:52:01.598+0000] {processor.py:758} INFO - Processing file /opt/airflow/dags/repo/Airflow/dags/postgres_quarterly_dag.py for tasks to queue
[2023-01-18T04:52:01.600+0000] {logging_mixin.py:117} INFO - [2023-01-18T04:52:01.599+0000] {dagbag.py:525} INFO - Filling up the DagBag from /opt/airflow/dags/repo/Airflow/dags/postgres_quarterly_dag.py
[2023-01-18T04:52:01.699+0000] {processor.py:768} INFO - DAG(s) dict_keys(['postgres_quarterly_dag']) retrieved from /opt/airflow/dags/repo/Airflow/dags/postgres_quarterly_dag.py
[2023-01-18T04:52:01.802+0000] {logging_mixin.py:117} INFO - [2023-01-18T04:52:01.802+0000] {dag.py:2573} INFO - Sync 1 DAGs
[2023-01-18T04:52:01.876+0000] {logging_mixin.py:117} INFO - [2023-01-18T04:52:01.875+0000] {dag.py:3328} INFO - Setting next_dagrun for postgres_quarterly_dag to 2023-01-17T00:00:00+00:00, run_after=2023-01-17T00:00:00+00:00
[2023-01-18T04:52:01.932+0000] {processor.py:178} INFO - Processing /opt/airflow/dags/repo/Airflow/dags/postgres_quarterly_dag.py took 0.344 seconds
[2023-01-18T04:52:32.305+0000] {processor.py:156} INFO - Started process (PID=1869) to work on /opt/airflow/dags/repo/Airflow/dags/postgres_quarterly_dag.py
[2023-01-18T04:52:32.307+0000] {processor.py:758} INFO - Processing file /opt/airflow/dags/repo/Airflow/dags/postgres_quarterly_dag.py for tasks to queue
[2023-01-18T04:52:32.309+0000] {logging_mixin.py:117} INFO - [2023-01-18T04:52:32.308+0000] {dagbag.py:525} INFO - Filling up the DagBag from /opt/airflow/dags/repo/Airflow/dags/postgres_quarterly_dag.py
[2023-01-18T04:52:32.412+0000] {processor.py:768} INFO - DAG(s) dict_keys(['postgres_quarterly_dag']) retrieved from /opt/airflow/dags/repo/Airflow/dags/postgres_quarterly_dag.py
[2023-01-18T04:52:32.521+0000] {logging_mixin.py:117} INFO - [2023-01-18T04:52:32.521+0000] {dag.py:2573} INFO - Sync 1 DAGs
[2023-01-18T04:52:32.596+0000] {logging_mixin.py:117} INFO - [2023-01-18T04:52:32.595+0000] {dag.py:3328} INFO - Setting next_dagrun for postgres_quarterly_dag to 2023-01-17T00:00:00+00:00, run_after=2023-01-17T00:00:00+00:00
[2023-01-18T04:52:32.660+0000] {processor.py:178} INFO - Processing /opt/airflow/dags/repo/Airflow/dags/postgres_quarterly_dag.py took 0.365 seconds
[2023-01-18T04:53:03.471+0000] {processor.py:156} INFO - Started process (PID=1918) to work on /opt/airflow/dags/repo/Airflow/dags/postgres_quarterly_dag.py
[2023-01-18T04:53:03.473+0000] {processor.py:758} INFO - Processing file /opt/airflow/dags/repo/Airflow/dags/postgres_quarterly_dag.py for tasks to queue
[2023-01-18T04:53:03.475+0000] {logging_mixin.py:117} INFO - [2023-01-18T04:53:03.474+0000] {dagbag.py:525} INFO - Filling up the DagBag from /opt/airflow/dags/repo/Airflow/dags/postgres_quarterly_dag.py
[2023-01-18T04:53:03.565+0000] {processor.py:768} INFO - DAG(s) dict_keys(['postgres_quarterly_dag']) retrieved from /opt/airflow/dags/repo/Airflow/dags/postgres_quarterly_dag.py
[2023-01-18T04:53:03.670+0000] {logging_mixin.py:117} INFO - [2023-01-18T04:53:03.669+0000] {dag.py:2573} INFO - Sync 1 DAGs
[2023-01-18T04:53:03.739+0000] {logging_mixin.py:117} INFO - [2023-01-18T04:53:03.739+0000] {dag.py:3328} INFO - Setting next_dagrun for postgres_quarterly_dag to 2023-01-17T00:00:00+00:00, run_after=2023-01-17T00:00:00+00:00
[2023-01-18T04:53:03.794+0000] {processor.py:178} INFO - Processing /opt/airflow/dags/repo/Airflow/dags/postgres_quarterly_dag.py took 0.331 seconds
[2023-01-18T04:53:34.152+0000] {processor.py:156} INFO - Started process (PID=1967) to work on /opt/airflow/dags/repo/Airflow/dags/postgres_quarterly_dag.py
[2023-01-18T04:53:34.154+0000] {processor.py:758} INFO - Processing file /opt/airflow/dags/repo/Airflow/dags/postgres_quarterly_dag.py for tasks to queue
[2023-01-18T04:53:34.155+0000] {logging_mixin.py:117} INFO - [2023-01-18T04:53:34.155+0000] {dagbag.py:525} INFO - Filling up the DagBag from /opt/airflow/dags/repo/Airflow/dags/postgres_quarterly_dag.py
[2023-01-18T04:53:34.249+0000] {processor.py:768} INFO - DAG(s) dict_keys(['postgres_quarterly_dag']) retrieved from /opt/airflow/dags/repo/Airflow/dags/postgres_quarterly_dag.py
[2023-01-18T04:53:34.348+0000] {logging_mixin.py:117} INFO - [2023-01-18T04:53:34.348+0000] {dag.py:2573} INFO - Sync 1 DAGs
[2023-01-18T04:53:34.419+0000] {logging_mixin.py:117} INFO - [2023-01-18T04:53:34.418+0000] {dag.py:3328} INFO - Setting next_dagrun for postgres_quarterly_dag to 2023-01-17T00:00:00+00:00, run_after=2023-01-17T00:00:00+00:00
[2023-01-18T04:53:34.471+0000] {processor.py:178} INFO - Processing /opt/airflow/dags/repo/Airflow/dags/postgres_quarterly_dag.py took 0.328 seconds
[2023-01-18T04:54:04.847+0000] {processor.py:156} INFO - Started process (PID=2003) to work on /opt/airflow/dags/repo/Airflow/dags/postgres_quarterly_dag.py
[2023-01-18T04:54:04.849+0000] {processor.py:758} INFO - Processing file /opt/airflow/dags/repo/Airflow/dags/postgres_quarterly_dag.py for tasks to queue
[2023-01-18T04:54:04.852+0000] {logging_mixin.py:117} INFO - [2023-01-18T04:54:04.851+0000] {dagbag.py:525} INFO - Filling up the DagBag from /opt/airflow/dags/repo/Airflow/dags/postgres_quarterly_dag.py
[2023-01-18T04:54:04.941+0000] {processor.py:768} INFO - DAG(s) dict_keys(['postgres_quarterly_dag']) retrieved from /opt/airflow/dags/repo/Airflow/dags/postgres_quarterly_dag.py
[2023-01-18T04:54:05.036+0000] {logging_mixin.py:117} INFO - [2023-01-18T04:54:05.036+0000] {dag.py:2573} INFO - Sync 1 DAGs
[2023-01-18T04:54:05.103+0000] {logging_mixin.py:117} INFO - [2023-01-18T04:54:05.102+0000] {dag.py:3328} INFO - Setting next_dagrun for postgres_quarterly_dag to 2023-01-17T00:00:00+00:00, run_after=2023-01-17T00:00:00+00:00
[2023-01-18T04:54:05.153+0000] {processor.py:178} INFO - Processing /opt/airflow/dags/repo/Airflow/dags/postgres_quarterly_dag.py took 0.314 seconds
[2023-01-18T04:54:35.508+0000] {processor.py:156} INFO - Started process (PID=2051) to work on /opt/airflow/dags/repo/Airflow/dags/postgres_quarterly_dag.py
[2023-01-18T04:54:35.510+0000] {processor.py:758} INFO - Processing file /opt/airflow/dags/repo/Airflow/dags/postgres_quarterly_dag.py for tasks to queue
[2023-01-18T04:54:35.513+0000] {logging_mixin.py:117} INFO - [2023-01-18T04:54:35.512+0000] {dagbag.py:525} INFO - Filling up the DagBag from /opt/airflow/dags/repo/Airflow/dags/postgres_quarterly_dag.py
[2023-01-18T04:54:35.607+0000] {processor.py:768} INFO - DAG(s) dict_keys(['postgres_quarterly_dag']) retrieved from /opt/airflow/dags/repo/Airflow/dags/postgres_quarterly_dag.py
[2023-01-18T04:54:35.710+0000] {logging_mixin.py:117} INFO - [2023-01-18T04:54:35.709+0000] {dag.py:2573} INFO - Sync 1 DAGs
[2023-01-18T04:54:35.777+0000] {logging_mixin.py:117} INFO - [2023-01-18T04:54:35.777+0000] {dag.py:3328} INFO - Setting next_dagrun for postgres_quarterly_dag to 2023-01-17T00:00:00+00:00, run_after=2023-01-17T00:00:00+00:00
[2023-01-18T04:54:35.830+0000] {processor.py:178} INFO - Processing /opt/airflow/dags/repo/Airflow/dags/postgres_quarterly_dag.py took 0.331 seconds
[2023-01-18T04:55:06.207+0000] {processor.py:156} INFO - Started process (PID=2087) to work on /opt/airflow/dags/repo/Airflow/dags/postgres_quarterly_dag.py
[2023-01-18T04:55:06.209+0000] {processor.py:758} INFO - Processing file /opt/airflow/dags/repo/Airflow/dags/postgres_quarterly_dag.py for tasks to queue
[2023-01-18T04:55:06.211+0000] {logging_mixin.py:117} INFO - [2023-01-18T04:55:06.210+0000] {dagbag.py:525} INFO - Filling up the DagBag from /opt/airflow/dags/repo/Airflow/dags/postgres_quarterly_dag.py
[2023-01-18T04:55:06.304+0000] {processor.py:768} INFO - DAG(s) dict_keys(['postgres_quarterly_dag']) retrieved from /opt/airflow/dags/repo/Airflow/dags/postgres_quarterly_dag.py
[2023-01-18T04:55:06.401+0000] {logging_mixin.py:117} INFO - [2023-01-18T04:55:06.401+0000] {dag.py:2573} INFO - Sync 1 DAGs
[2023-01-18T04:55:06.472+0000] {logging_mixin.py:117} INFO - [2023-01-18T04:55:06.471+0000] {dag.py:3328} INFO - Setting next_dagrun for postgres_quarterly_dag to 2023-01-17T00:00:00+00:00, run_after=2023-01-17T00:00:00+00:00
[2023-01-18T04:55:06.526+0000] {processor.py:178} INFO - Processing /opt/airflow/dags/repo/Airflow/dags/postgres_quarterly_dag.py took 0.328 seconds
[2023-01-18T04:55:36.895+0000] {processor.py:156} INFO - Started process (PID=2135) to work on /opt/airflow/dags/repo/Airflow/dags/postgres_quarterly_dag.py
[2023-01-18T04:55:36.897+0000] {processor.py:758} INFO - Processing file /opt/airflow/dags/repo/Airflow/dags/postgres_quarterly_dag.py for tasks to queue
[2023-01-18T04:55:36.899+0000] {logging_mixin.py:117} INFO - [2023-01-18T04:55:36.898+0000] {dagbag.py:525} INFO - Filling up the DagBag from /opt/airflow/dags/repo/Airflow/dags/postgres_quarterly_dag.py
[2023-01-18T04:55:36.997+0000] {processor.py:768} INFO - DAG(s) dict_keys(['postgres_quarterly_dag']) retrieved from /opt/airflow/dags/repo/Airflow/dags/postgres_quarterly_dag.py
[2023-01-18T04:55:37.093+0000] {logging_mixin.py:117} INFO - [2023-01-18T04:55:37.092+0000] {dag.py:2573} INFO - Sync 1 DAGs
[2023-01-18T04:55:37.164+0000] {logging_mixin.py:117} INFO - [2023-01-18T04:55:37.164+0000] {dag.py:3328} INFO - Setting next_dagrun for postgres_quarterly_dag to 2023-01-17T00:00:00+00:00, run_after=2023-01-17T00:00:00+00:00
[2023-01-18T04:55:37.217+0000] {processor.py:178} INFO - Processing /opt/airflow/dags/repo/Airflow/dags/postgres_quarterly_dag.py took 0.330 seconds
[2023-01-18T04:56:07.585+0000] {processor.py:156} INFO - Started process (PID=2171) to work on /opt/airflow/dags/repo/Airflow/dags/postgres_quarterly_dag.py
[2023-01-18T04:56:07.588+0000] {processor.py:758} INFO - Processing file /opt/airflow/dags/repo/Airflow/dags/postgres_quarterly_dag.py for tasks to queue
[2023-01-18T04:56:07.590+0000] {logging_mixin.py:117} INFO - [2023-01-18T04:56:07.590+0000] {dagbag.py:525} INFO - Filling up the DagBag from /opt/airflow/dags/repo/Airflow/dags/postgres_quarterly_dag.py
[2023-01-18T04:56:07.693+0000] {processor.py:768} INFO - DAG(s) dict_keys(['postgres_quarterly_dag']) retrieved from /opt/airflow/dags/repo/Airflow/dags/postgres_quarterly_dag.py
[2023-01-18T04:56:07.808+0000] {logging_mixin.py:117} INFO - [2023-01-18T04:56:07.807+0000] {dag.py:2573} INFO - Sync 1 DAGs
[2023-01-18T04:56:07.887+0000] {logging_mixin.py:117} INFO - [2023-01-18T04:56:07.887+0000] {dag.py:3328} INFO - Setting next_dagrun for postgres_quarterly_dag to 2023-01-17T00:00:00+00:00, run_after=2023-01-17T00:00:00+00:00
[2023-01-18T04:56:07.952+0000] {processor.py:178} INFO - Processing /opt/airflow/dags/repo/Airflow/dags/postgres_quarterly_dag.py took 0.375 seconds
[2023-01-18T04:56:38.326+0000] {processor.py:156} INFO - Started process (PID=2219) to work on /opt/airflow/dags/repo/Airflow/dags/postgres_quarterly_dag.py
[2023-01-18T04:56:38.327+0000] {processor.py:758} INFO - Processing file /opt/airflow/dags/repo/Airflow/dags/postgres_quarterly_dag.py for tasks to queue
[2023-01-18T04:56:38.329+0000] {logging_mixin.py:117} INFO - [2023-01-18T04:56:38.329+0000] {dagbag.py:525} INFO - Filling up the DagBag from /opt/airflow/dags/repo/Airflow/dags/postgres_quarterly_dag.py
[2023-01-18T04:56:38.419+0000] {processor.py:768} INFO - DAG(s) dict_keys(['postgres_quarterly_dag']) retrieved from /opt/airflow/dags/repo/Airflow/dags/postgres_quarterly_dag.py
[2023-01-18T04:56:38.517+0000] {logging_mixin.py:117} INFO - [2023-01-18T04:56:38.517+0000] {dag.py:2573} INFO - Sync 1 DAGs
[2023-01-18T04:56:38.581+0000] {logging_mixin.py:117} INFO - [2023-01-18T04:56:38.581+0000] {dag.py:3328} INFO - Setting next_dagrun for postgres_quarterly_dag to 2023-01-17T00:00:00+00:00, run_after=2023-01-17T00:00:00+00:00
[2023-01-18T04:56:38.634+0000] {processor.py:178} INFO - Processing /opt/airflow/dags/repo/Airflow/dags/postgres_quarterly_dag.py took 0.316 seconds
