[2023-01-18T04:15:58.309+0000] {processor.py:156} INFO - Started process (PID=52) to work on /opt/airflow/dags/repo/Airflow/dags/python_operator_dag.py
[2023-01-18T04:15:58.313+0000] {processor.py:758} INFO - Processing file /opt/airflow/dags/repo/Airflow/dags/python_operator_dag.py for tasks to queue
[2023-01-18T04:15:58.316+0000] {logging_mixin.py:117} INFO - [2023-01-18T04:15:58.316+0000] {dagbag.py:525} INFO - Filling up the DagBag from /opt/airflow/dags/repo/Airflow/dags/python_operator_dag.py
[2023-01-18T04:15:58.489+0000] {processor.py:768} INFO - DAG(s) dict_keys(['python_operator_dag_v6']) retrieved from /opt/airflow/dags/repo/Airflow/dags/python_operator_dag.py
[2023-01-18T04:15:58.755+0000] {logging_mixin.py:117} INFO - [2023-01-18T04:15:58.755+0000] {dag.py:2573} INFO - Sync 1 DAGs
[2023-01-18T04:15:59.211+0000] {logging_mixin.py:117} INFO - [2023-01-18T04:15:59.210+0000] {dag.py:3328} INFO - Setting next_dagrun for python_operator_dag_v6 to 2023-01-18T00:00:00+00:00, run_after=2023-01-19T00:00:00+00:00
[2023-01-18T04:15:59.296+0000] {processor.py:178} INFO - Processing /opt/airflow/dags/repo/Airflow/dags/python_operator_dag.py took 1.000 seconds
[2023-01-18T04:16:29.444+0000] {processor.py:156} INFO - Started process (PID=106) to work on /opt/airflow/dags/repo/Airflow/dags/python_operator_dag.py
[2023-01-18T04:16:29.447+0000] {processor.py:758} INFO - Processing file /opt/airflow/dags/repo/Airflow/dags/python_operator_dag.py for tasks to queue
[2023-01-18T04:16:29.449+0000] {logging_mixin.py:117} INFO - [2023-01-18T04:16:29.449+0000] {dagbag.py:525} INFO - Filling up the DagBag from /opt/airflow/dags/repo/Airflow/dags/python_operator_dag.py
[2023-01-18T04:16:29.505+0000] {processor.py:768} INFO - DAG(s) dict_keys(['python_operator_dag_v6']) retrieved from /opt/airflow/dags/repo/Airflow/dags/python_operator_dag.py
[2023-01-18T04:16:29.626+0000] {logging_mixin.py:117} INFO - [2023-01-18T04:16:29.626+0000] {dag.py:2573} INFO - Sync 1 DAGs
[2023-01-18T04:16:30.086+0000] {logging_mixin.py:117} INFO - [2023-01-18T04:16:30.086+0000] {dag.py:3328} INFO - Setting next_dagrun for python_operator_dag_v6 to 2023-01-18T00:00:00+00:00, run_after=2023-01-19T00:00:00+00:00
[2023-01-18T04:16:30.143+0000] {processor.py:178} INFO - Processing /opt/airflow/dags/repo/Airflow/dags/python_operator_dag.py took 0.713 seconds
[2023-01-18T04:17:00.825+0000] {processor.py:156} INFO - Started process (PID=145) to work on /opt/airflow/dags/repo/Airflow/dags/python_operator_dag.py
[2023-01-18T04:17:00.828+0000] {processor.py:758} INFO - Processing file /opt/airflow/dags/repo/Airflow/dags/python_operator_dag.py for tasks to queue
[2023-01-18T04:17:00.831+0000] {logging_mixin.py:117} INFO - [2023-01-18T04:17:00.830+0000] {dagbag.py:525} INFO - Filling up the DagBag from /opt/airflow/dags/repo/Airflow/dags/python_operator_dag.py
[2023-01-18T04:17:00.926+0000] {processor.py:768} INFO - DAG(s) dict_keys(['python_operator_dag_v6']) retrieved from /opt/airflow/dags/repo/Airflow/dags/python_operator_dag.py
[2023-01-18T04:17:01.093+0000] {logging_mixin.py:117} INFO - [2023-01-18T04:17:01.093+0000] {dag.py:2573} INFO - Sync 1 DAGs
[2023-01-18T04:17:01.636+0000] {logging_mixin.py:117} INFO - [2023-01-18T04:17:01.635+0000] {dag.py:3328} INFO - Setting next_dagrun for python_operator_dag_v6 to 2023-01-18T00:00:00+00:00, run_after=2023-01-19T00:00:00+00:00
[2023-01-18T04:17:01.690+0000] {processor.py:178} INFO - Processing /opt/airflow/dags/repo/Airflow/dags/python_operator_dag.py took 0.875 seconds
[2023-01-18T04:17:32.404+0000] {processor.py:156} INFO - Started process (PID=194) to work on /opt/airflow/dags/repo/Airflow/dags/python_operator_dag.py
[2023-01-18T04:17:32.409+0000] {processor.py:758} INFO - Processing file /opt/airflow/dags/repo/Airflow/dags/python_operator_dag.py for tasks to queue
[2023-01-18T04:17:32.412+0000] {logging_mixin.py:117} INFO - [2023-01-18T04:17:32.411+0000] {dagbag.py:525} INFO - Filling up the DagBag from /opt/airflow/dags/repo/Airflow/dags/python_operator_dag.py
[2023-01-18T04:17:32.487+0000] {processor.py:768} INFO - DAG(s) dict_keys(['python_operator_dag_v6']) retrieved from /opt/airflow/dags/repo/Airflow/dags/python_operator_dag.py
[2023-01-18T04:17:32.932+0000] {logging_mixin.py:117} INFO - [2023-01-18T04:17:32.932+0000] {dag.py:2573} INFO - Sync 1 DAGs
[2023-01-18T04:17:33.033+0000] {logging_mixin.py:117} INFO - [2023-01-18T04:17:33.032+0000] {dag.py:3328} INFO - Setting next_dagrun for python_operator_dag_v6 to 2023-01-18T00:00:00+00:00, run_after=2023-01-19T00:00:00+00:00
[2023-01-18T04:17:33.114+0000] {processor.py:178} INFO - Processing /opt/airflow/dags/repo/Airflow/dags/python_operator_dag.py took 0.720 seconds
[2023-01-18T04:18:03.308+0000] {processor.py:156} INFO - Started process (PID=230) to work on /opt/airflow/dags/repo/Airflow/dags/python_operator_dag.py
[2023-01-18T04:18:03.326+0000] {processor.py:758} INFO - Processing file /opt/airflow/dags/repo/Airflow/dags/python_operator_dag.py for tasks to queue
[2023-01-18T04:18:03.336+0000] {logging_mixin.py:117} INFO - [2023-01-18T04:18:03.335+0000] {dagbag.py:525} INFO - Filling up the DagBag from /opt/airflow/dags/repo/Airflow/dags/python_operator_dag.py
[2023-01-18T04:18:03.422+0000] {processor.py:768} INFO - DAG(s) dict_keys(['python_operator_dag_v6']) retrieved from /opt/airflow/dags/repo/Airflow/dags/python_operator_dag.py
[2023-01-18T04:18:03.922+0000] {logging_mixin.py:117} INFO - [2023-01-18T04:18:03.922+0000] {dag.py:2573} INFO - Sync 1 DAGs
[2023-01-18T04:18:04.185+0000] {logging_mixin.py:117} INFO - [2023-01-18T04:18:04.185+0000] {dag.py:3328} INFO - Setting next_dagrun for python_operator_dag_v6 to 2023-01-18T00:00:00+00:00, run_after=2023-01-19T00:00:00+00:00
[2023-01-18T04:18:04.391+0000] {processor.py:178} INFO - Processing /opt/airflow/dags/repo/Airflow/dags/python_operator_dag.py took 1.097 seconds
[2023-01-18T04:18:34.816+0000] {processor.py:156} INFO - Started process (PID=279) to work on /opt/airflow/dags/repo/Airflow/dags/python_operator_dag.py
[2023-01-18T04:18:34.821+0000] {processor.py:758} INFO - Processing file /opt/airflow/dags/repo/Airflow/dags/python_operator_dag.py for tasks to queue
[2023-01-18T04:18:34.824+0000] {logging_mixin.py:117} INFO - [2023-01-18T04:18:34.823+0000] {dagbag.py:525} INFO - Filling up the DagBag from /opt/airflow/dags/repo/Airflow/dags/python_operator_dag.py
[2023-01-18T04:18:34.895+0000] {processor.py:768} INFO - DAG(s) dict_keys(['python_operator_dag_v6']) retrieved from /opt/airflow/dags/repo/Airflow/dags/python_operator_dag.py
[2023-01-18T04:18:35.488+0000] {logging_mixin.py:117} INFO - [2023-01-18T04:18:35.488+0000] {dag.py:2573} INFO - Sync 1 DAGs
[2023-01-18T04:18:35.614+0000] {logging_mixin.py:117} INFO - [2023-01-18T04:18:35.613+0000] {dag.py:3328} INFO - Setting next_dagrun for python_operator_dag_v6 to 2023-01-18T00:00:00+00:00, run_after=2023-01-19T00:00:00+00:00
[2023-01-18T04:18:35.711+0000] {processor.py:178} INFO - Processing /opt/airflow/dags/repo/Airflow/dags/python_operator_dag.py took 0.905 seconds
[2023-01-18T04:19:06.316+0000] {processor.py:156} INFO - Started process (PID=315) to work on /opt/airflow/dags/repo/Airflow/dags/python_operator_dag.py
[2023-01-18T04:19:06.323+0000] {processor.py:758} INFO - Processing file /opt/airflow/dags/repo/Airflow/dags/python_operator_dag.py for tasks to queue
[2023-01-18T04:19:06.326+0000] {logging_mixin.py:117} INFO - [2023-01-18T04:19:06.325+0000] {dagbag.py:525} INFO - Filling up the DagBag from /opt/airflow/dags/repo/Airflow/dags/python_operator_dag.py
[2023-01-18T04:19:06.726+0000] {processor.py:768} INFO - DAG(s) dict_keys(['python_operator_dag_v6']) retrieved from /opt/airflow/dags/repo/Airflow/dags/python_operator_dag.py
[2023-01-18T04:19:06.869+0000] {logging_mixin.py:117} INFO - [2023-01-18T04:19:06.868+0000] {dag.py:2573} INFO - Sync 1 DAGs
[2023-01-18T04:19:07.007+0000] {logging_mixin.py:117} INFO - [2023-01-18T04:19:07.006+0000] {dag.py:3328} INFO - Setting next_dagrun for python_operator_dag_v6 to 2023-01-18T00:00:00+00:00, run_after=2023-01-19T00:00:00+00:00
[2023-01-18T04:19:07.177+0000] {processor.py:178} INFO - Processing /opt/airflow/dags/repo/Airflow/dags/python_operator_dag.py took 0.873 seconds
[2023-01-18T04:19:37.488+0000] {processor.py:156} INFO - Started process (PID=364) to work on /opt/airflow/dags/repo/Airflow/dags/python_operator_dag.py
[2023-01-18T04:19:37.492+0000] {processor.py:758} INFO - Processing file /opt/airflow/dags/repo/Airflow/dags/python_operator_dag.py for tasks to queue
[2023-01-18T04:19:37.495+0000] {logging_mixin.py:117} INFO - [2023-01-18T04:19:37.494+0000] {dagbag.py:525} INFO - Filling up the DagBag from /opt/airflow/dags/repo/Airflow/dags/python_operator_dag.py
[2023-01-18T04:19:37.865+0000] {processor.py:768} INFO - DAG(s) dict_keys(['python_operator_dag_v6']) retrieved from /opt/airflow/dags/repo/Airflow/dags/python_operator_dag.py
[2023-01-18T04:19:37.979+0000] {logging_mixin.py:117} INFO - [2023-01-18T04:19:37.978+0000] {dag.py:2573} INFO - Sync 1 DAGs
[2023-01-18T04:19:38.080+0000] {logging_mixin.py:117} INFO - [2023-01-18T04:19:38.080+0000] {dag.py:3328} INFO - Setting next_dagrun for python_operator_dag_v6 to 2023-01-18T00:00:00+00:00, run_after=2023-01-19T00:00:00+00:00
[2023-01-18T04:19:38.178+0000] {processor.py:178} INFO - Processing /opt/airflow/dags/repo/Airflow/dags/python_operator_dag.py took 0.699 seconds
[2023-01-18T04:20:08.450+0000] {processor.py:156} INFO - Started process (PID=400) to work on /opt/airflow/dags/repo/Airflow/dags/python_operator_dag.py
[2023-01-18T04:20:08.459+0000] {processor.py:758} INFO - Processing file /opt/airflow/dags/repo/Airflow/dags/python_operator_dag.py for tasks to queue
[2023-01-18T04:20:08.462+0000] {logging_mixin.py:117} INFO - [2023-01-18T04:20:08.462+0000] {dagbag.py:525} INFO - Filling up the DagBag from /opt/airflow/dags/repo/Airflow/dags/python_operator_dag.py
[2023-01-18T04:20:08.533+0000] {processor.py:768} INFO - DAG(s) dict_keys(['python_operator_dag_v6']) retrieved from /opt/airflow/dags/repo/Airflow/dags/python_operator_dag.py
[2023-01-18T04:20:08.671+0000] {logging_mixin.py:117} INFO - [2023-01-18T04:20:08.670+0000] {dag.py:2573} INFO - Sync 1 DAGs
[2023-01-18T04:20:08.788+0000] {logging_mixin.py:117} INFO - [2023-01-18T04:20:08.787+0000] {dag.py:3328} INFO - Setting next_dagrun for python_operator_dag_v6 to 2023-01-18T00:00:00+00:00, run_after=2023-01-19T00:00:00+00:00
[2023-01-18T04:20:08.861+0000] {processor.py:178} INFO - Processing /opt/airflow/dags/repo/Airflow/dags/python_operator_dag.py took 0.422 seconds
[2023-01-18T04:20:39.664+0000] {processor.py:156} INFO - Started process (PID=448) to work on /opt/airflow/dags/repo/Airflow/dags/python_operator_dag.py
[2023-01-18T04:20:39.669+0000] {processor.py:758} INFO - Processing file /opt/airflow/dags/repo/Airflow/dags/python_operator_dag.py for tasks to queue
[2023-01-18T04:20:39.671+0000] {logging_mixin.py:117} INFO - [2023-01-18T04:20:39.671+0000] {dagbag.py:525} INFO - Filling up the DagBag from /opt/airflow/dags/repo/Airflow/dags/python_operator_dag.py
[2023-01-18T04:20:39.731+0000] {processor.py:768} INFO - DAG(s) dict_keys(['python_operator_dag_v6']) retrieved from /opt/airflow/dags/repo/Airflow/dags/python_operator_dag.py
[2023-01-18T04:20:39.859+0000] {logging_mixin.py:117} INFO - [2023-01-18T04:20:39.858+0000] {dag.py:2573} INFO - Sync 1 DAGs
[2023-01-18T04:20:39.959+0000] {logging_mixin.py:117} INFO - [2023-01-18T04:20:39.958+0000] {dag.py:3328} INFO - Setting next_dagrun for python_operator_dag_v6 to 2023-01-18T00:00:00+00:00, run_after=2023-01-19T00:00:00+00:00
[2023-01-18T04:20:40.036+0000] {processor.py:178} INFO - Processing /opt/airflow/dags/repo/Airflow/dags/python_operator_dag.py took 0.385 seconds
[2023-01-18T04:21:10.828+0000] {processor.py:156} INFO - Started process (PID=484) to work on /opt/airflow/dags/repo/Airflow/dags/python_operator_dag.py
[2023-01-18T04:21:10.838+0000] {processor.py:758} INFO - Processing file /opt/airflow/dags/repo/Airflow/dags/python_operator_dag.py for tasks to queue
[2023-01-18T04:21:10.847+0000] {logging_mixin.py:117} INFO - [2023-01-18T04:21:10.846+0000] {dagbag.py:525} INFO - Filling up the DagBag from /opt/airflow/dags/repo/Airflow/dags/python_operator_dag.py
[2023-01-18T04:21:10.920+0000] {processor.py:768} INFO - DAG(s) dict_keys(['python_operator_dag_v6']) retrieved from /opt/airflow/dags/repo/Airflow/dags/python_operator_dag.py
[2023-01-18T04:21:11.122+0000] {logging_mixin.py:117} INFO - [2023-01-18T04:21:11.122+0000] {dag.py:2573} INFO - Sync 1 DAGs
[2023-01-18T04:21:11.312+0000] {logging_mixin.py:117} INFO - [2023-01-18T04:21:11.312+0000] {dag.py:3328} INFO - Setting next_dagrun for python_operator_dag_v6 to 2023-01-18T00:00:00+00:00, run_after=2023-01-19T00:00:00+00:00
[2023-01-18T04:21:11.520+0000] {processor.py:178} INFO - Processing /opt/airflow/dags/repo/Airflow/dags/python_operator_dag.py took 0.703 seconds
[2023-01-18T04:21:41.984+0000] {processor.py:156} INFO - Started process (PID=532) to work on /opt/airflow/dags/repo/Airflow/dags/python_operator_dag.py
[2023-01-18T04:21:41.993+0000] {processor.py:758} INFO - Processing file /opt/airflow/dags/repo/Airflow/dags/python_operator_dag.py for tasks to queue
[2023-01-18T04:21:41.997+0000] {logging_mixin.py:117} INFO - [2023-01-18T04:21:41.997+0000] {dagbag.py:525} INFO - Filling up the DagBag from /opt/airflow/dags/repo/Airflow/dags/python_operator_dag.py
[2023-01-18T04:21:42.064+0000] {processor.py:768} INFO - DAG(s) dict_keys(['python_operator_dag_v6']) retrieved from /opt/airflow/dags/repo/Airflow/dags/python_operator_dag.py
[2023-01-18T04:21:42.227+0000] {logging_mixin.py:117} INFO - [2023-01-18T04:21:42.227+0000] {dag.py:2573} INFO - Sync 1 DAGs
[2023-01-18T04:21:42.368+0000] {logging_mixin.py:117} INFO - [2023-01-18T04:21:42.367+0000] {dag.py:3328} INFO - Setting next_dagrun for python_operator_dag_v6 to 2023-01-18T00:00:00+00:00, run_after=2023-01-19T00:00:00+00:00
[2023-01-18T04:21:42.498+0000] {processor.py:178} INFO - Processing /opt/airflow/dags/repo/Airflow/dags/python_operator_dag.py took 0.525 seconds
[2023-01-18T04:22:12.674+0000] {processor.py:156} INFO - Started process (PID=568) to work on /opt/airflow/dags/repo/Airflow/dags/python_operator_dag.py
[2023-01-18T04:22:12.710+0000] {processor.py:758} INFO - Processing file /opt/airflow/dags/repo/Airflow/dags/python_operator_dag.py for tasks to queue
[2023-01-18T04:22:12.726+0000] {logging_mixin.py:117} INFO - [2023-01-18T04:22:12.725+0000] {dagbag.py:525} INFO - Filling up the DagBag from /opt/airflow/dags/repo/Airflow/dags/python_operator_dag.py
[2023-01-18T04:22:12.809+0000] {processor.py:768} INFO - DAG(s) dict_keys(['python_operator_dag_v6']) retrieved from /opt/airflow/dags/repo/Airflow/dags/python_operator_dag.py
[2023-01-18T04:22:12.954+0000] {logging_mixin.py:117} INFO - [2023-01-18T04:22:12.953+0000] {dag.py:2573} INFO - Sync 1 DAGs
[2023-01-18T04:22:13.056+0000] {logging_mixin.py:117} INFO - [2023-01-18T04:22:13.056+0000] {dag.py:3328} INFO - Setting next_dagrun for python_operator_dag_v6 to 2023-01-18T00:00:00+00:00, run_after=2023-01-19T00:00:00+00:00
[2023-01-18T04:22:13.151+0000] {processor.py:178} INFO - Processing /opt/airflow/dags/repo/Airflow/dags/python_operator_dag.py took 0.518 seconds
[2023-01-18T04:22:43.518+0000] {processor.py:156} INFO - Started process (PID=616) to work on /opt/airflow/dags/repo/Airflow/dags/python_operator_dag.py
[2023-01-18T04:22:43.522+0000] {processor.py:758} INFO - Processing file /opt/airflow/dags/repo/Airflow/dags/python_operator_dag.py for tasks to queue
[2023-01-18T04:22:43.524+0000] {logging_mixin.py:117} INFO - [2023-01-18T04:22:43.523+0000] {dagbag.py:525} INFO - Filling up the DagBag from /opt/airflow/dags/repo/Airflow/dags/python_operator_dag.py
[2023-01-18T04:22:43.591+0000] {processor.py:768} INFO - DAG(s) dict_keys(['python_operator_dag_v6']) retrieved from /opt/airflow/dags/repo/Airflow/dags/python_operator_dag.py
[2023-01-18T04:22:43.839+0000] {logging_mixin.py:117} INFO - [2023-01-18T04:22:43.838+0000] {dag.py:2573} INFO - Sync 1 DAGs
[2023-01-18T04:22:43.962+0000] {logging_mixin.py:117} INFO - [2023-01-18T04:22:43.962+0000] {dag.py:3328} INFO - Setting next_dagrun for python_operator_dag_v6 to 2023-01-18T00:00:00+00:00, run_after=2023-01-19T00:00:00+00:00
[2023-01-18T04:22:44.038+0000] {processor.py:178} INFO - Processing /opt/airflow/dags/repo/Airflow/dags/python_operator_dag.py took 0.491 seconds
[2023-01-18T04:23:14.663+0000] {processor.py:156} INFO - Started process (PID=652) to work on /opt/airflow/dags/repo/Airflow/dags/python_operator_dag.py
[2023-01-18T04:23:14.670+0000] {processor.py:758} INFO - Processing file /opt/airflow/dags/repo/Airflow/dags/python_operator_dag.py for tasks to queue
[2023-01-18T04:23:14.674+0000] {logging_mixin.py:117} INFO - [2023-01-18T04:23:14.673+0000] {dagbag.py:525} INFO - Filling up the DagBag from /opt/airflow/dags/repo/Airflow/dags/python_operator_dag.py
[2023-01-18T04:23:14.741+0000] {processor.py:768} INFO - DAG(s) dict_keys(['python_operator_dag_v6']) retrieved from /opt/airflow/dags/repo/Airflow/dags/python_operator_dag.py
[2023-01-18T04:23:14.896+0000] {logging_mixin.py:117} INFO - [2023-01-18T04:23:14.896+0000] {dag.py:2573} INFO - Sync 1 DAGs
[2023-01-18T04:23:15.047+0000] {logging_mixin.py:117} INFO - [2023-01-18T04:23:15.047+0000] {dag.py:3328} INFO - Setting next_dagrun for python_operator_dag_v6 to 2023-01-18T00:00:00+00:00, run_after=2023-01-19T00:00:00+00:00
[2023-01-18T04:23:15.182+0000] {processor.py:178} INFO - Processing /opt/airflow/dags/repo/Airflow/dags/python_operator_dag.py took 0.535 seconds
[2023-01-18T04:23:45.555+0000] {processor.py:156} INFO - Started process (PID=700) to work on /opt/airflow/dags/repo/Airflow/dags/python_operator_dag.py
[2023-01-18T04:23:45.560+0000] {processor.py:758} INFO - Processing file /opt/airflow/dags/repo/Airflow/dags/python_operator_dag.py for tasks to queue
[2023-01-18T04:23:45.562+0000] {logging_mixin.py:117} INFO - [2023-01-18T04:23:45.561+0000] {dagbag.py:525} INFO - Filling up the DagBag from /opt/airflow/dags/repo/Airflow/dags/python_operator_dag.py
[2023-01-18T04:23:45.627+0000] {processor.py:768} INFO - DAG(s) dict_keys(['python_operator_dag_v6']) retrieved from /opt/airflow/dags/repo/Airflow/dags/python_operator_dag.py
[2023-01-18T04:23:45.828+0000] {logging_mixin.py:117} INFO - [2023-01-18T04:23:45.828+0000] {dag.py:2573} INFO - Sync 1 DAGs
[2023-01-18T04:23:46.001+0000] {logging_mixin.py:117} INFO - [2023-01-18T04:23:46.000+0000] {dag.py:3328} INFO - Setting next_dagrun for python_operator_dag_v6 to 2023-01-18T00:00:00+00:00, run_after=2023-01-19T00:00:00+00:00
[2023-01-18T04:23:46.186+0000] {processor.py:178} INFO - Processing /opt/airflow/dags/repo/Airflow/dags/python_operator_dag.py took 0.649 seconds
[2023-01-18T04:24:16.717+0000] {processor.py:156} INFO - Started process (PID=736) to work on /opt/airflow/dags/repo/Airflow/dags/python_operator_dag.py
[2023-01-18T04:24:16.729+0000] {processor.py:758} INFO - Processing file /opt/airflow/dags/repo/Airflow/dags/python_operator_dag.py for tasks to queue
[2023-01-18T04:24:16.731+0000] {logging_mixin.py:117} INFO - [2023-01-18T04:24:16.731+0000] {dagbag.py:525} INFO - Filling up the DagBag from /opt/airflow/dags/repo/Airflow/dags/python_operator_dag.py
[2023-01-18T04:24:16.801+0000] {processor.py:768} INFO - DAG(s) dict_keys(['python_operator_dag_v6']) retrieved from /opt/airflow/dags/repo/Airflow/dags/python_operator_dag.py
[2023-01-18T04:24:16.956+0000] {logging_mixin.py:117} INFO - [2023-01-18T04:24:16.956+0000] {dag.py:2573} INFO - Sync 1 DAGs
[2023-01-18T04:24:17.062+0000] {logging_mixin.py:117} INFO - [2023-01-18T04:24:17.061+0000] {dag.py:3328} INFO - Setting next_dagrun for python_operator_dag_v6 to 2023-01-18T00:00:00+00:00, run_after=2023-01-19T00:00:00+00:00
[2023-01-18T04:24:17.168+0000] {processor.py:178} INFO - Processing /opt/airflow/dags/repo/Airflow/dags/python_operator_dag.py took 0.463 seconds
[2023-01-18T04:24:48.062+0000] {processor.py:156} INFO - Started process (PID=783) to work on /opt/airflow/dags/repo/Airflow/dags/python_operator_dag.py
[2023-01-18T04:24:48.069+0000] {processor.py:758} INFO - Processing file /opt/airflow/dags/repo/Airflow/dags/python_operator_dag.py for tasks to queue
[2023-01-18T04:24:48.072+0000] {logging_mixin.py:117} INFO - [2023-01-18T04:24:48.071+0000] {dagbag.py:525} INFO - Filling up the DagBag from /opt/airflow/dags/repo/Airflow/dags/python_operator_dag.py
[2023-01-18T04:24:48.143+0000] {processor.py:768} INFO - DAG(s) dict_keys(['python_operator_dag_v6']) retrieved from /opt/airflow/dags/repo/Airflow/dags/python_operator_dag.py
[2023-01-18T04:24:48.298+0000] {logging_mixin.py:117} INFO - [2023-01-18T04:24:48.298+0000] {dag.py:2573} INFO - Sync 1 DAGs
[2023-01-18T04:24:48.437+0000] {logging_mixin.py:117} INFO - [2023-01-18T04:24:48.437+0000] {dag.py:3328} INFO - Setting next_dagrun for python_operator_dag_v6 to 2023-01-18T00:00:00+00:00, run_after=2023-01-19T00:00:00+00:00
[2023-01-18T04:24:48.603+0000] {processor.py:178} INFO - Processing /opt/airflow/dags/repo/Airflow/dags/python_operator_dag.py took 0.553 seconds
[2023-01-18T04:25:19.125+0000] {processor.py:156} INFO - Started process (PID=819) to work on /opt/airflow/dags/repo/Airflow/dags/python_operator_dag.py
[2023-01-18T04:25:19.132+0000] {processor.py:758} INFO - Processing file /opt/airflow/dags/repo/Airflow/dags/python_operator_dag.py for tasks to queue
[2023-01-18T04:25:19.135+0000] {logging_mixin.py:117} INFO - [2023-01-18T04:25:19.134+0000] {dagbag.py:525} INFO - Filling up the DagBag from /opt/airflow/dags/repo/Airflow/dags/python_operator_dag.py
[2023-01-18T04:25:19.208+0000] {processor.py:768} INFO - DAG(s) dict_keys(['python_operator_dag_v6']) retrieved from /opt/airflow/dags/repo/Airflow/dags/python_operator_dag.py
[2023-01-18T04:25:19.364+0000] {logging_mixin.py:117} INFO - [2023-01-18T04:25:19.363+0000] {dag.py:2573} INFO - Sync 1 DAGs
[2023-01-18T04:25:19.522+0000] {logging_mixin.py:117} INFO - [2023-01-18T04:25:19.521+0000] {dag.py:3328} INFO - Setting next_dagrun for python_operator_dag_v6 to 2023-01-18T00:00:00+00:00, run_after=2023-01-19T00:00:00+00:00
[2023-01-18T04:25:19.660+0000] {processor.py:178} INFO - Processing /opt/airflow/dags/repo/Airflow/dags/python_operator_dag.py took 0.555 seconds
[2023-01-18T04:30:32.715+0000] {processor.py:156} INFO - Started process (PID=57) to work on /opt/airflow/dags/repo/Airflow/dags/python_operator_dag.py
[2023-01-18T04:30:32.718+0000] {processor.py:758} INFO - Processing file /opt/airflow/dags/repo/Airflow/dags/python_operator_dag.py for tasks to queue
[2023-01-18T04:30:32.720+0000] {logging_mixin.py:117} INFO - [2023-01-18T04:30:32.720+0000] {dagbag.py:525} INFO - Filling up the DagBag from /opt/airflow/dags/repo/Airflow/dags/python_operator_dag.py
[2023-01-18T04:30:32.868+0000] {processor.py:768} INFO - DAG(s) dict_keys(['python_operator_dag_v6']) retrieved from /opt/airflow/dags/repo/Airflow/dags/python_operator_dag.py
[2023-01-18T04:30:32.989+0000] {logging_mixin.py:117} INFO - [2023-01-18T04:30:32.989+0000] {dag.py:2573} INFO - Sync 1 DAGs
[2023-01-18T04:30:33.065+0000] {logging_mixin.py:117} INFO - [2023-01-18T04:30:33.065+0000] {dag.py:3328} INFO - Setting next_dagrun for python_operator_dag_v6 to 2023-01-18T00:00:00+00:00, run_after=2023-01-19T00:00:00+00:00
[2023-01-18T04:30:33.121+0000] {processor.py:178} INFO - Processing /opt/airflow/dags/repo/Airflow/dags/python_operator_dag.py took 0.420 seconds
[2023-01-18T04:31:03.237+0000] {processor.py:156} INFO - Started process (PID=108) to work on /opt/airflow/dags/repo/Airflow/dags/python_operator_dag.py
[2023-01-18T04:31:03.239+0000] {processor.py:758} INFO - Processing file /opt/airflow/dags/repo/Airflow/dags/python_operator_dag.py for tasks to queue
[2023-01-18T04:31:03.241+0000] {logging_mixin.py:117} INFO - [2023-01-18T04:31:03.240+0000] {dagbag.py:525} INFO - Filling up the DagBag from /opt/airflow/dags/repo/Airflow/dags/python_operator_dag.py
[2023-01-18T04:31:03.284+0000] {processor.py:768} INFO - DAG(s) dict_keys(['python_operator_dag_v6']) retrieved from /opt/airflow/dags/repo/Airflow/dags/python_operator_dag.py
[2023-01-18T04:31:03.374+0000] {logging_mixin.py:117} INFO - [2023-01-18T04:31:03.374+0000] {dag.py:2573} INFO - Sync 1 DAGs
[2023-01-18T04:31:03.665+0000] {logging_mixin.py:117} INFO - [2023-01-18T04:31:03.665+0000] {dag.py:3328} INFO - Setting next_dagrun for python_operator_dag_v6 to 2023-01-18T00:00:00+00:00, run_after=2023-01-19T00:00:00+00:00
[2023-01-18T04:31:03.714+0000] {processor.py:178} INFO - Processing /opt/airflow/dags/repo/Airflow/dags/python_operator_dag.py took 0.484 seconds
[2023-01-18T04:31:34.267+0000] {processor.py:156} INFO - Started process (PID=156) to work on /opt/airflow/dags/repo/Airflow/dags/python_operator_dag.py
[2023-01-18T04:31:34.270+0000] {processor.py:758} INFO - Processing file /opt/airflow/dags/repo/Airflow/dags/python_operator_dag.py for tasks to queue
[2023-01-18T04:31:34.271+0000] {logging_mixin.py:117} INFO - [2023-01-18T04:31:34.271+0000] {dagbag.py:525} INFO - Filling up the DagBag from /opt/airflow/dags/repo/Airflow/dags/python_operator_dag.py
[2023-01-18T04:31:34.316+0000] {processor.py:768} INFO - DAG(s) dict_keys(['python_operator_dag_v6']) retrieved from /opt/airflow/dags/repo/Airflow/dags/python_operator_dag.py
[2023-01-18T04:31:34.407+0000] {logging_mixin.py:117} INFO - [2023-01-18T04:31:34.407+0000] {dag.py:2573} INFO - Sync 1 DAGs
[2023-01-18T04:31:34.705+0000] {logging_mixin.py:117} INFO - [2023-01-18T04:31:34.705+0000] {dag.py:3328} INFO - Setting next_dagrun for python_operator_dag_v6 to 2023-01-18T00:00:00+00:00, run_after=2023-01-19T00:00:00+00:00
[2023-01-18T04:31:34.757+0000] {processor.py:178} INFO - Processing /opt/airflow/dags/repo/Airflow/dags/python_operator_dag.py took 0.497 seconds
[2023-01-18T04:32:05.688+0000] {processor.py:156} INFO - Started process (PID=192) to work on /opt/airflow/dags/repo/Airflow/dags/python_operator_dag.py
[2023-01-18T04:32:05.690+0000] {processor.py:758} INFO - Processing file /opt/airflow/dags/repo/Airflow/dags/python_operator_dag.py for tasks to queue
[2023-01-18T04:32:05.691+0000] {logging_mixin.py:117} INFO - [2023-01-18T04:32:05.691+0000] {dagbag.py:525} INFO - Filling up the DagBag from /opt/airflow/dags/repo/Airflow/dags/python_operator_dag.py
[2023-01-18T04:32:05.734+0000] {processor.py:768} INFO - DAG(s) dict_keys(['python_operator_dag_v6']) retrieved from /opt/airflow/dags/repo/Airflow/dags/python_operator_dag.py
[2023-01-18T04:32:06.028+0000] {logging_mixin.py:117} INFO - [2023-01-18T04:32:06.027+0000] {dag.py:2573} INFO - Sync 1 DAGs
[2023-01-18T04:32:06.087+0000] {logging_mixin.py:117} INFO - [2023-01-18T04:32:06.086+0000] {dag.py:3328} INFO - Setting next_dagrun for python_operator_dag_v6 to 2023-01-18T00:00:00+00:00, run_after=2023-01-19T00:00:00+00:00
[2023-01-18T04:32:06.138+0000] {processor.py:178} INFO - Processing /opt/airflow/dags/repo/Airflow/dags/python_operator_dag.py took 0.457 seconds
[2023-01-18T04:32:37.127+0000] {processor.py:156} INFO - Started process (PID=240) to work on /opt/airflow/dags/repo/Airflow/dags/python_operator_dag.py
[2023-01-18T04:32:37.129+0000] {processor.py:758} INFO - Processing file /opt/airflow/dags/repo/Airflow/dags/python_operator_dag.py for tasks to queue
[2023-01-18T04:32:37.130+0000] {logging_mixin.py:117} INFO - [2023-01-18T04:32:37.130+0000] {dagbag.py:525} INFO - Filling up the DagBag from /opt/airflow/dags/repo/Airflow/dags/python_operator_dag.py
[2023-01-18T04:32:37.174+0000] {processor.py:768} INFO - DAG(s) dict_keys(['python_operator_dag_v6']) retrieved from /opt/airflow/dags/repo/Airflow/dags/python_operator_dag.py
[2023-01-18T04:32:37.479+0000] {logging_mixin.py:117} INFO - [2023-01-18T04:32:37.479+0000] {dag.py:2573} INFO - Sync 1 DAGs
[2023-01-18T04:32:37.544+0000] {logging_mixin.py:117} INFO - [2023-01-18T04:32:37.544+0000] {dag.py:3328} INFO - Setting next_dagrun for python_operator_dag_v6 to 2023-01-18T00:00:00+00:00, run_after=2023-01-19T00:00:00+00:00
[2023-01-18T04:32:37.596+0000] {processor.py:178} INFO - Processing /opt/airflow/dags/repo/Airflow/dags/python_operator_dag.py took 0.477 seconds
[2023-01-18T04:33:08.468+0000] {processor.py:156} INFO - Started process (PID=276) to work on /opt/airflow/dags/repo/Airflow/dags/python_operator_dag.py
[2023-01-18T04:33:08.471+0000] {processor.py:758} INFO - Processing file /opt/airflow/dags/repo/Airflow/dags/python_operator_dag.py for tasks to queue
[2023-01-18T04:33:08.473+0000] {logging_mixin.py:117} INFO - [2023-01-18T04:33:08.473+0000] {dagbag.py:525} INFO - Filling up the DagBag from /opt/airflow/dags/repo/Airflow/dags/python_operator_dag.py
[2023-01-18T04:33:08.541+0000] {processor.py:768} INFO - DAG(s) dict_keys(['python_operator_dag_v6']) retrieved from /opt/airflow/dags/repo/Airflow/dags/python_operator_dag.py
[2023-01-18T04:33:08.849+0000] {logging_mixin.py:117} INFO - [2023-01-18T04:33:08.848+0000] {dag.py:2573} INFO - Sync 1 DAGs
[2023-01-18T04:33:08.909+0000] {logging_mixin.py:117} INFO - [2023-01-18T04:33:08.908+0000] {dag.py:3328} INFO - Setting next_dagrun for python_operator_dag_v6 to 2023-01-18T00:00:00+00:00, run_after=2023-01-19T00:00:00+00:00
[2023-01-18T04:33:08.959+0000] {processor.py:178} INFO - Processing /opt/airflow/dags/repo/Airflow/dags/python_operator_dag.py took 0.501 seconds
[2023-01-18T04:33:39.898+0000] {processor.py:156} INFO - Started process (PID=324) to work on /opt/airflow/dags/repo/Airflow/dags/python_operator_dag.py
[2023-01-18T04:33:39.900+0000] {processor.py:758} INFO - Processing file /opt/airflow/dags/repo/Airflow/dags/python_operator_dag.py for tasks to queue
[2023-01-18T04:33:39.902+0000] {logging_mixin.py:117} INFO - [2023-01-18T04:33:39.901+0000] {dagbag.py:525} INFO - Filling up the DagBag from /opt/airflow/dags/repo/Airflow/dags/python_operator_dag.py
[2023-01-18T04:33:40.185+0000] {processor.py:768} INFO - DAG(s) dict_keys(['python_operator_dag_v6']) retrieved from /opt/airflow/dags/repo/Airflow/dags/python_operator_dag.py
[2023-01-18T04:33:40.269+0000] {logging_mixin.py:117} INFO - [2023-01-18T04:33:40.269+0000] {dag.py:2573} INFO - Sync 1 DAGs
[2023-01-18T04:33:40.335+0000] {logging_mixin.py:117} INFO - [2023-01-18T04:33:40.335+0000] {dag.py:3328} INFO - Setting next_dagrun for python_operator_dag_v6 to 2023-01-18T00:00:00+00:00, run_after=2023-01-19T00:00:00+00:00
[2023-01-18T04:33:40.390+0000] {processor.py:178} INFO - Processing /opt/airflow/dags/repo/Airflow/dags/python_operator_dag.py took 0.499 seconds
[2023-01-18T04:34:11.299+0000] {processor.py:156} INFO - Started process (PID=360) to work on /opt/airflow/dags/repo/Airflow/dags/python_operator_dag.py
[2023-01-18T04:34:11.302+0000] {processor.py:758} INFO - Processing file /opt/airflow/dags/repo/Airflow/dags/python_operator_dag.py for tasks to queue
[2023-01-18T04:34:11.303+0000] {logging_mixin.py:117} INFO - [2023-01-18T04:34:11.303+0000] {dagbag.py:525} INFO - Filling up the DagBag from /opt/airflow/dags/repo/Airflow/dags/python_operator_dag.py
[2023-01-18T04:34:11.579+0000] {processor.py:768} INFO - DAG(s) dict_keys(['python_operator_dag_v6']) retrieved from /opt/airflow/dags/repo/Airflow/dags/python_operator_dag.py
[2023-01-18T04:34:11.672+0000] {logging_mixin.py:117} INFO - [2023-01-18T04:34:11.671+0000] {dag.py:2573} INFO - Sync 1 DAGs
[2023-01-18T04:34:11.742+0000] {logging_mixin.py:117} INFO - [2023-01-18T04:34:11.741+0000] {dag.py:3328} INFO - Setting next_dagrun for python_operator_dag_v6 to 2023-01-18T00:00:00+00:00, run_after=2023-01-19T00:00:00+00:00
[2023-01-18T04:34:11.794+0000] {processor.py:178} INFO - Processing /opt/airflow/dags/repo/Airflow/dags/python_operator_dag.py took 0.503 seconds
[2023-01-18T04:34:42.429+0000] {processor.py:156} INFO - Started process (PID=408) to work on /opt/airflow/dags/repo/Airflow/dags/python_operator_dag.py
[2023-01-18T04:34:42.432+0000] {processor.py:758} INFO - Processing file /opt/airflow/dags/repo/Airflow/dags/python_operator_dag.py for tasks to queue
[2023-01-18T04:34:42.434+0000] {logging_mixin.py:117} INFO - [2023-01-18T04:34:42.434+0000] {dagbag.py:525} INFO - Filling up the DagBag from /opt/airflow/dags/repo/Airflow/dags/python_operator_dag.py
[2023-01-18T04:34:42.488+0000] {processor.py:768} INFO - DAG(s) dict_keys(['python_operator_dag_v6']) retrieved from /opt/airflow/dags/repo/Airflow/dags/python_operator_dag.py
[2023-01-18T04:34:42.598+0000] {logging_mixin.py:117} INFO - [2023-01-18T04:34:42.598+0000] {dag.py:2573} INFO - Sync 1 DAGs
[2023-01-18T04:34:42.669+0000] {logging_mixin.py:117} INFO - [2023-01-18T04:34:42.669+0000] {dag.py:3328} INFO - Setting next_dagrun for python_operator_dag_v6 to 2023-01-18T00:00:00+00:00, run_after=2023-01-19T00:00:00+00:00
[2023-01-18T04:34:42.727+0000] {processor.py:178} INFO - Processing /opt/airflow/dags/repo/Airflow/dags/python_operator_dag.py took 0.307 seconds
[2023-01-18T04:35:13.427+0000] {processor.py:156} INFO - Started process (PID=444) to work on /opt/airflow/dags/repo/Airflow/dags/python_operator_dag.py
[2023-01-18T04:35:13.428+0000] {processor.py:758} INFO - Processing file /opt/airflow/dags/repo/Airflow/dags/python_operator_dag.py for tasks to queue
[2023-01-18T04:35:13.430+0000] {logging_mixin.py:117} INFO - [2023-01-18T04:35:13.430+0000] {dagbag.py:525} INFO - Filling up the DagBag from /opt/airflow/dags/repo/Airflow/dags/python_operator_dag.py
[2023-01-18T04:35:13.478+0000] {processor.py:768} INFO - DAG(s) dict_keys(['python_operator_dag_v6']) retrieved from /opt/airflow/dags/repo/Airflow/dags/python_operator_dag.py
[2023-01-18T04:35:13.574+0000] {logging_mixin.py:117} INFO - [2023-01-18T04:35:13.573+0000] {dag.py:2573} INFO - Sync 1 DAGs
[2023-01-18T04:35:13.641+0000] {logging_mixin.py:117} INFO - [2023-01-18T04:35:13.640+0000] {dag.py:3328} INFO - Setting next_dagrun for python_operator_dag_v6 to 2023-01-18T00:00:00+00:00, run_after=2023-01-19T00:00:00+00:00
[2023-01-18T04:35:13.695+0000] {processor.py:178} INFO - Processing /opt/airflow/dags/repo/Airflow/dags/python_operator_dag.py took 0.276 seconds
[2023-01-18T04:35:44.034+0000] {processor.py:156} INFO - Started process (PID=492) to work on /opt/airflow/dags/repo/Airflow/dags/python_operator_dag.py
[2023-01-18T04:35:44.036+0000] {processor.py:758} INFO - Processing file /opt/airflow/dags/repo/Airflow/dags/python_operator_dag.py for tasks to queue
[2023-01-18T04:35:44.037+0000] {logging_mixin.py:117} INFO - [2023-01-18T04:35:44.037+0000] {dagbag.py:525} INFO - Filling up the DagBag from /opt/airflow/dags/repo/Airflow/dags/python_operator_dag.py
[2023-01-18T04:35:44.081+0000] {processor.py:768} INFO - DAG(s) dict_keys(['python_operator_dag_v6']) retrieved from /opt/airflow/dags/repo/Airflow/dags/python_operator_dag.py
[2023-01-18T04:35:44.173+0000] {logging_mixin.py:117} INFO - [2023-01-18T04:35:44.172+0000] {dag.py:2573} INFO - Sync 1 DAGs
[2023-01-18T04:35:44.236+0000] {logging_mixin.py:117} INFO - [2023-01-18T04:35:44.236+0000] {dag.py:3328} INFO - Setting next_dagrun for python_operator_dag_v6 to 2023-01-18T00:00:00+00:00, run_after=2023-01-19T00:00:00+00:00
[2023-01-18T04:35:44.283+0000] {processor.py:178} INFO - Processing /opt/airflow/dags/repo/Airflow/dags/python_operator_dag.py took 0.256 seconds
[2023-01-18T04:36:14.575+0000] {processor.py:156} INFO - Started process (PID=528) to work on /opt/airflow/dags/repo/Airflow/dags/python_operator_dag.py
[2023-01-18T04:36:14.577+0000] {processor.py:758} INFO - Processing file /opt/airflow/dags/repo/Airflow/dags/python_operator_dag.py for tasks to queue
[2023-01-18T04:36:14.578+0000] {logging_mixin.py:117} INFO - [2023-01-18T04:36:14.578+0000] {dagbag.py:525} INFO - Filling up the DagBag from /opt/airflow/dags/repo/Airflow/dags/python_operator_dag.py
[2023-01-18T04:36:14.624+0000] {processor.py:768} INFO - DAG(s) dict_keys(['python_operator_dag_v6']) retrieved from /opt/airflow/dags/repo/Airflow/dags/python_operator_dag.py
[2023-01-18T04:36:14.716+0000] {logging_mixin.py:117} INFO - [2023-01-18T04:36:14.715+0000] {dag.py:2573} INFO - Sync 1 DAGs
[2023-01-18T04:36:14.780+0000] {logging_mixin.py:117} INFO - [2023-01-18T04:36:14.780+0000] {dag.py:3328} INFO - Setting next_dagrun for python_operator_dag_v6 to 2023-01-18T00:00:00+00:00, run_after=2023-01-19T00:00:00+00:00
[2023-01-18T04:36:14.834+0000] {processor.py:178} INFO - Processing /opt/airflow/dags/repo/Airflow/dags/python_operator_dag.py took 0.267 seconds
[2023-01-18T04:36:45.235+0000] {processor.py:156} INFO - Started process (PID=576) to work on /opt/airflow/dags/repo/Airflow/dags/python_operator_dag.py
[2023-01-18T04:36:45.237+0000] {processor.py:758} INFO - Processing file /opt/airflow/dags/repo/Airflow/dags/python_operator_dag.py for tasks to queue
[2023-01-18T04:36:45.239+0000] {logging_mixin.py:117} INFO - [2023-01-18T04:36:45.238+0000] {dagbag.py:525} INFO - Filling up the DagBag from /opt/airflow/dags/repo/Airflow/dags/python_operator_dag.py
[2023-01-18T04:36:45.288+0000] {processor.py:768} INFO - DAG(s) dict_keys(['python_operator_dag_v6']) retrieved from /opt/airflow/dags/repo/Airflow/dags/python_operator_dag.py
[2023-01-18T04:36:45.388+0000] {logging_mixin.py:117} INFO - [2023-01-18T04:36:45.388+0000] {dag.py:2573} INFO - Sync 1 DAGs
[2023-01-18T04:36:45.460+0000] {logging_mixin.py:117} INFO - [2023-01-18T04:36:45.459+0000] {dag.py:3328} INFO - Setting next_dagrun for python_operator_dag_v6 to 2023-01-18T00:00:00+00:00, run_after=2023-01-19T00:00:00+00:00
[2023-01-18T04:36:45.511+0000] {processor.py:178} INFO - Processing /opt/airflow/dags/repo/Airflow/dags/python_operator_dag.py took 0.284 seconds
[2023-01-18T04:37:15.851+0000] {processor.py:156} INFO - Started process (PID=612) to work on /opt/airflow/dags/repo/Airflow/dags/python_operator_dag.py
[2023-01-18T04:37:15.853+0000] {processor.py:758} INFO - Processing file /opt/airflow/dags/repo/Airflow/dags/python_operator_dag.py for tasks to queue
[2023-01-18T04:37:15.855+0000] {logging_mixin.py:117} INFO - [2023-01-18T04:37:15.854+0000] {dagbag.py:525} INFO - Filling up the DagBag from /opt/airflow/dags/repo/Airflow/dags/python_operator_dag.py
[2023-01-18T04:37:15.900+0000] {processor.py:768} INFO - DAG(s) dict_keys(['python_operator_dag_v6']) retrieved from /opt/airflow/dags/repo/Airflow/dags/python_operator_dag.py
[2023-01-18T04:37:15.992+0000] {logging_mixin.py:117} INFO - [2023-01-18T04:37:15.991+0000] {dag.py:2573} INFO - Sync 1 DAGs
[2023-01-18T04:37:16.061+0000] {logging_mixin.py:117} INFO - [2023-01-18T04:37:16.061+0000] {dag.py:3328} INFO - Setting next_dagrun for python_operator_dag_v6 to 2023-01-18T00:00:00+00:00, run_after=2023-01-19T00:00:00+00:00
[2023-01-18T04:37:16.109+0000] {processor.py:178} INFO - Processing /opt/airflow/dags/repo/Airflow/dags/python_operator_dag.py took 0.265 seconds
[2023-01-18T04:37:46.395+0000] {processor.py:156} INFO - Started process (PID=660) to work on /opt/airflow/dags/repo/Airflow/dags/python_operator_dag.py
[2023-01-18T04:37:46.397+0000] {processor.py:758} INFO - Processing file /opt/airflow/dags/repo/Airflow/dags/python_operator_dag.py for tasks to queue
[2023-01-18T04:37:46.399+0000] {logging_mixin.py:117} INFO - [2023-01-18T04:37:46.399+0000] {dagbag.py:525} INFO - Filling up the DagBag from /opt/airflow/dags/repo/Airflow/dags/python_operator_dag.py
[2023-01-18T04:37:46.446+0000] {processor.py:768} INFO - DAG(s) dict_keys(['python_operator_dag_v6']) retrieved from /opt/airflow/dags/repo/Airflow/dags/python_operator_dag.py
[2023-01-18T04:37:46.541+0000] {logging_mixin.py:117} INFO - [2023-01-18T04:37:46.540+0000] {dag.py:2573} INFO - Sync 1 DAGs
[2023-01-18T04:37:46.603+0000] {logging_mixin.py:117} INFO - [2023-01-18T04:37:46.602+0000] {dag.py:3328} INFO - Setting next_dagrun for python_operator_dag_v6 to 2023-01-18T00:00:00+00:00, run_after=2023-01-19T00:00:00+00:00
[2023-01-18T04:37:46.653+0000] {processor.py:178} INFO - Processing /opt/airflow/dags/repo/Airflow/dags/python_operator_dag.py took 0.266 seconds
[2023-01-18T04:38:17.019+0000] {processor.py:156} INFO - Started process (PID=696) to work on /opt/airflow/dags/repo/Airflow/dags/python_operator_dag.py
[2023-01-18T04:38:17.022+0000] {processor.py:758} INFO - Processing file /opt/airflow/dags/repo/Airflow/dags/python_operator_dag.py for tasks to queue
[2023-01-18T04:38:17.024+0000] {logging_mixin.py:117} INFO - [2023-01-18T04:38:17.024+0000] {dagbag.py:525} INFO - Filling up the DagBag from /opt/airflow/dags/repo/Airflow/dags/python_operator_dag.py
[2023-01-18T04:38:17.086+0000] {processor.py:768} INFO - DAG(s) dict_keys(['python_operator_dag_v6']) retrieved from /opt/airflow/dags/repo/Airflow/dags/python_operator_dag.py
[2023-01-18T04:38:17.188+0000] {logging_mixin.py:117} INFO - [2023-01-18T04:38:17.187+0000] {dag.py:2573} INFO - Sync 1 DAGs
[2023-01-18T04:38:17.262+0000] {logging_mixin.py:117} INFO - [2023-01-18T04:38:17.262+0000] {dag.py:3328} INFO - Setting next_dagrun for python_operator_dag_v6 to 2023-01-18T00:00:00+00:00, run_after=2023-01-19T00:00:00+00:00
[2023-01-18T04:38:17.323+0000] {processor.py:178} INFO - Processing /opt/airflow/dags/repo/Airflow/dags/python_operator_dag.py took 0.315 seconds
[2023-01-18T04:38:47.719+0000] {processor.py:156} INFO - Started process (PID=744) to work on /opt/airflow/dags/repo/Airflow/dags/python_operator_dag.py
[2023-01-18T04:38:47.722+0000] {processor.py:758} INFO - Processing file /opt/airflow/dags/repo/Airflow/dags/python_operator_dag.py for tasks to queue
[2023-01-18T04:38:47.723+0000] {logging_mixin.py:117} INFO - [2023-01-18T04:38:47.723+0000] {dagbag.py:525} INFO - Filling up the DagBag from /opt/airflow/dags/repo/Airflow/dags/python_operator_dag.py
[2023-01-18T04:38:47.770+0000] {processor.py:768} INFO - DAG(s) dict_keys(['python_operator_dag_v6']) retrieved from /opt/airflow/dags/repo/Airflow/dags/python_operator_dag.py
[2023-01-18T04:38:47.865+0000] {logging_mixin.py:117} INFO - [2023-01-18T04:38:47.865+0000] {dag.py:2573} INFO - Sync 1 DAGs
[2023-01-18T04:38:47.933+0000] {logging_mixin.py:117} INFO - [2023-01-18T04:38:47.933+0000] {dag.py:3328} INFO - Setting next_dagrun for python_operator_dag_v6 to 2023-01-18T00:00:00+00:00, run_after=2023-01-19T00:00:00+00:00
[2023-01-18T04:38:47.984+0000] {processor.py:178} INFO - Processing /opt/airflow/dags/repo/Airflow/dags/python_operator_dag.py took 0.273 seconds
[2023-01-18T04:39:18.420+0000] {processor.py:156} INFO - Started process (PID=780) to work on /opt/airflow/dags/repo/Airflow/dags/python_operator_dag.py
[2023-01-18T04:39:18.422+0000] {processor.py:758} INFO - Processing file /opt/airflow/dags/repo/Airflow/dags/python_operator_dag.py for tasks to queue
[2023-01-18T04:39:18.424+0000] {logging_mixin.py:117} INFO - [2023-01-18T04:39:18.423+0000] {dagbag.py:525} INFO - Filling up the DagBag from /opt/airflow/dags/repo/Airflow/dags/python_operator_dag.py
[2023-01-18T04:39:18.468+0000] {processor.py:768} INFO - DAG(s) dict_keys(['python_operator_dag_v6']) retrieved from /opt/airflow/dags/repo/Airflow/dags/python_operator_dag.py
[2023-01-18T04:39:18.564+0000] {logging_mixin.py:117} INFO - [2023-01-18T04:39:18.564+0000] {dag.py:2573} INFO - Sync 1 DAGs
[2023-01-18T04:39:18.636+0000] {logging_mixin.py:117} INFO - [2023-01-18T04:39:18.635+0000] {dag.py:3328} INFO - Setting next_dagrun for python_operator_dag_v6 to 2023-01-18T00:00:00+00:00, run_after=2023-01-19T00:00:00+00:00
[2023-01-18T04:39:18.693+0000] {processor.py:178} INFO - Processing /opt/airflow/dags/repo/Airflow/dags/python_operator_dag.py took 0.280 seconds
[2023-01-18T04:39:49.013+0000] {processor.py:156} INFO - Started process (PID=829) to work on /opt/airflow/dags/repo/Airflow/dags/python_operator_dag.py
[2023-01-18T04:39:49.015+0000] {processor.py:758} INFO - Processing file /opt/airflow/dags/repo/Airflow/dags/python_operator_dag.py for tasks to queue
[2023-01-18T04:39:49.017+0000] {logging_mixin.py:117} INFO - [2023-01-18T04:39:49.016+0000] {dagbag.py:525} INFO - Filling up the DagBag from /opt/airflow/dags/repo/Airflow/dags/python_operator_dag.py
[2023-01-18T04:39:49.070+0000] {processor.py:768} INFO - DAG(s) dict_keys(['python_operator_dag_v6']) retrieved from /opt/airflow/dags/repo/Airflow/dags/python_operator_dag.py
[2023-01-18T04:39:49.167+0000] {logging_mixin.py:117} INFO - [2023-01-18T04:39:49.167+0000] {dag.py:2573} INFO - Sync 1 DAGs
[2023-01-18T04:39:49.237+0000] {logging_mixin.py:117} INFO - [2023-01-18T04:39:49.237+0000] {dag.py:3328} INFO - Setting next_dagrun for python_operator_dag_v6 to 2023-01-18T00:00:00+00:00, run_after=2023-01-19T00:00:00+00:00
[2023-01-18T04:39:49.292+0000] {processor.py:178} INFO - Processing /opt/airflow/dags/repo/Airflow/dags/python_operator_dag.py took 0.287 seconds
[2023-01-18T04:40:19.652+0000] {processor.py:156} INFO - Started process (PID=865) to work on /opt/airflow/dags/repo/Airflow/dags/python_operator_dag.py
[2023-01-18T04:40:19.654+0000] {processor.py:758} INFO - Processing file /opt/airflow/dags/repo/Airflow/dags/python_operator_dag.py for tasks to queue
[2023-01-18T04:40:19.656+0000] {logging_mixin.py:117} INFO - [2023-01-18T04:40:19.656+0000] {dagbag.py:525} INFO - Filling up the DagBag from /opt/airflow/dags/repo/Airflow/dags/python_operator_dag.py
[2023-01-18T04:40:19.703+0000] {processor.py:768} INFO - DAG(s) dict_keys(['python_operator_dag_v6']) retrieved from /opt/airflow/dags/repo/Airflow/dags/python_operator_dag.py
[2023-01-18T04:40:19.808+0000] {logging_mixin.py:117} INFO - [2023-01-18T04:40:19.807+0000] {dag.py:2573} INFO - Sync 1 DAGs
[2023-01-18T04:40:19.891+0000] {logging_mixin.py:117} INFO - [2023-01-18T04:40:19.891+0000] {dag.py:3328} INFO - Setting next_dagrun for python_operator_dag_v6 to 2023-01-18T00:00:00+00:00, run_after=2023-01-19T00:00:00+00:00
[2023-01-18T04:40:19.946+0000] {processor.py:178} INFO - Processing /opt/airflow/dags/repo/Airflow/dags/python_operator_dag.py took 0.301 seconds
[2023-01-18T04:40:50.716+0000] {processor.py:156} INFO - Started process (PID=913) to work on /opt/airflow/dags/repo/Airflow/dags/python_operator_dag.py
[2023-01-18T04:40:50.718+0000] {processor.py:758} INFO - Processing file /opt/airflow/dags/repo/Airflow/dags/python_operator_dag.py for tasks to queue
[2023-01-18T04:40:50.720+0000] {logging_mixin.py:117} INFO - [2023-01-18T04:40:50.719+0000] {dagbag.py:525} INFO - Filling up the DagBag from /opt/airflow/dags/repo/Airflow/dags/python_operator_dag.py
[2023-01-18T04:40:50.767+0000] {processor.py:768} INFO - DAG(s) dict_keys(['python_operator_dag_v6']) retrieved from /opt/airflow/dags/repo/Airflow/dags/python_operator_dag.py
[2023-01-18T04:40:50.866+0000] {logging_mixin.py:117} INFO - [2023-01-18T04:40:50.866+0000] {dag.py:2573} INFO - Sync 1 DAGs
[2023-01-18T04:40:50.935+0000] {logging_mixin.py:117} INFO - [2023-01-18T04:40:50.935+0000] {dag.py:3328} INFO - Setting next_dagrun for python_operator_dag_v6 to 2023-01-18T00:00:00+00:00, run_after=2023-01-19T00:00:00+00:00
[2023-01-18T04:40:50.987+0000] {processor.py:178} INFO - Processing /opt/airflow/dags/repo/Airflow/dags/python_operator_dag.py took 0.280 seconds
[2023-01-18T04:41:21.411+0000] {processor.py:156} INFO - Started process (PID=949) to work on /opt/airflow/dags/repo/Airflow/dags/python_operator_dag.py
[2023-01-18T04:41:21.413+0000] {processor.py:758} INFO - Processing file /opt/airflow/dags/repo/Airflow/dags/python_operator_dag.py for tasks to queue
[2023-01-18T04:41:21.414+0000] {logging_mixin.py:117} INFO - [2023-01-18T04:41:21.414+0000] {dagbag.py:525} INFO - Filling up the DagBag from /opt/airflow/dags/repo/Airflow/dags/python_operator_dag.py
[2023-01-18T04:41:21.462+0000] {processor.py:768} INFO - DAG(s) dict_keys(['python_operator_dag_v6']) retrieved from /opt/airflow/dags/repo/Airflow/dags/python_operator_dag.py
[2023-01-18T04:41:21.561+0000] {logging_mixin.py:117} INFO - [2023-01-18T04:41:21.560+0000] {dag.py:2573} INFO - Sync 1 DAGs
[2023-01-18T04:41:21.628+0000] {logging_mixin.py:117} INFO - [2023-01-18T04:41:21.628+0000] {dag.py:3328} INFO - Setting next_dagrun for python_operator_dag_v6 to 2023-01-18T00:00:00+00:00, run_after=2023-01-19T00:00:00+00:00
[2023-01-18T04:41:21.679+0000] {processor.py:178} INFO - Processing /opt/airflow/dags/repo/Airflow/dags/python_operator_dag.py took 0.278 seconds
[2023-01-18T04:41:52.067+0000] {processor.py:156} INFO - Started process (PID=997) to work on /opt/airflow/dags/repo/Airflow/dags/python_operator_dag.py
[2023-01-18T04:41:52.069+0000] {processor.py:758} INFO - Processing file /opt/airflow/dags/repo/Airflow/dags/python_operator_dag.py for tasks to queue
[2023-01-18T04:41:52.071+0000] {logging_mixin.py:117} INFO - [2023-01-18T04:41:52.071+0000] {dagbag.py:525} INFO - Filling up the DagBag from /opt/airflow/dags/repo/Airflow/dags/python_operator_dag.py
[2023-01-18T04:41:52.116+0000] {processor.py:768} INFO - DAG(s) dict_keys(['python_operator_dag_v6']) retrieved from /opt/airflow/dags/repo/Airflow/dags/python_operator_dag.py
[2023-01-18T04:41:52.211+0000] {logging_mixin.py:117} INFO - [2023-01-18T04:41:52.211+0000] {dag.py:2573} INFO - Sync 1 DAGs
[2023-01-18T04:41:52.275+0000] {logging_mixin.py:117} INFO - [2023-01-18T04:41:52.275+0000] {dag.py:3328} INFO - Setting next_dagrun for python_operator_dag_v6 to 2023-01-18T00:00:00+00:00, run_after=2023-01-19T00:00:00+00:00
[2023-01-18T04:41:52.326+0000] {processor.py:178} INFO - Processing /opt/airflow/dags/repo/Airflow/dags/python_operator_dag.py took 0.266 seconds
[2023-01-18T04:42:22.644+0000] {processor.py:156} INFO - Started process (PID=1033) to work on /opt/airflow/dags/repo/Airflow/dags/python_operator_dag.py
[2023-01-18T04:42:22.646+0000] {processor.py:758} INFO - Processing file /opt/airflow/dags/repo/Airflow/dags/python_operator_dag.py for tasks to queue
[2023-01-18T04:42:22.648+0000] {logging_mixin.py:117} INFO - [2023-01-18T04:42:22.648+0000] {dagbag.py:525} INFO - Filling up the DagBag from /opt/airflow/dags/repo/Airflow/dags/python_operator_dag.py
[2023-01-18T04:42:22.694+0000] {processor.py:768} INFO - DAG(s) dict_keys(['python_operator_dag_v6']) retrieved from /opt/airflow/dags/repo/Airflow/dags/python_operator_dag.py
[2023-01-18T04:42:22.823+0000] {logging_mixin.py:117} INFO - [2023-01-18T04:42:22.823+0000] {dag.py:2573} INFO - Sync 1 DAGs
[2023-01-18T04:42:22.897+0000] {logging_mixin.py:117} INFO - [2023-01-18T04:42:22.897+0000] {dag.py:3328} INFO - Setting next_dagrun for python_operator_dag_v6 to 2023-01-18T00:00:00+00:00, run_after=2023-01-19T00:00:00+00:00
[2023-01-18T04:42:22.948+0000] {processor.py:178} INFO - Processing /opt/airflow/dags/repo/Airflow/dags/python_operator_dag.py took 0.315 seconds
[2023-01-18T04:42:53.353+0000] {processor.py:156} INFO - Started process (PID=1081) to work on /opt/airflow/dags/repo/Airflow/dags/python_operator_dag.py
[2023-01-18T04:42:53.354+0000] {processor.py:758} INFO - Processing file /opt/airflow/dags/repo/Airflow/dags/python_operator_dag.py for tasks to queue
[2023-01-18T04:42:53.356+0000] {logging_mixin.py:117} INFO - [2023-01-18T04:42:53.356+0000] {dagbag.py:525} INFO - Filling up the DagBag from /opt/airflow/dags/repo/Airflow/dags/python_operator_dag.py
[2023-01-18T04:42:53.403+0000] {processor.py:768} INFO - DAG(s) dict_keys(['python_operator_dag_v6']) retrieved from /opt/airflow/dags/repo/Airflow/dags/python_operator_dag.py
[2023-01-18T04:42:53.513+0000] {logging_mixin.py:117} INFO - [2023-01-18T04:42:53.513+0000] {dag.py:2573} INFO - Sync 1 DAGs
[2023-01-18T04:42:53.590+0000] {logging_mixin.py:117} INFO - [2023-01-18T04:42:53.589+0000] {dag.py:3328} INFO - Setting next_dagrun for python_operator_dag_v6 to 2023-01-18T00:00:00+00:00, run_after=2023-01-19T00:00:00+00:00
[2023-01-18T04:42:53.653+0000] {processor.py:178} INFO - Processing /opt/airflow/dags/repo/Airflow/dags/python_operator_dag.py took 0.308 seconds
[2023-01-18T04:43:24.022+0000] {processor.py:156} INFO - Started process (PID=1117) to work on /opt/airflow/dags/repo/Airflow/dags/python_operator_dag.py
[2023-01-18T04:43:24.024+0000] {processor.py:758} INFO - Processing file /opt/airflow/dags/repo/Airflow/dags/python_operator_dag.py for tasks to queue
[2023-01-18T04:43:24.026+0000] {logging_mixin.py:117} INFO - [2023-01-18T04:43:24.026+0000] {dagbag.py:525} INFO - Filling up the DagBag from /opt/airflow/dags/repo/Airflow/dags/python_operator_dag.py
[2023-01-18T04:43:24.070+0000] {processor.py:768} INFO - DAG(s) dict_keys(['python_operator_dag_v6']) retrieved from /opt/airflow/dags/repo/Airflow/dags/python_operator_dag.py
[2023-01-18T04:43:24.161+0000] {logging_mixin.py:117} INFO - [2023-01-18T04:43:24.161+0000] {dag.py:2573} INFO - Sync 1 DAGs
[2023-01-18T04:43:24.229+0000] {logging_mixin.py:117} INFO - [2023-01-18T04:43:24.229+0000] {dag.py:3328} INFO - Setting next_dagrun for python_operator_dag_v6 to 2023-01-18T00:00:00+00:00, run_after=2023-01-19T00:00:00+00:00
[2023-01-18T04:43:24.277+0000] {processor.py:178} INFO - Processing /opt/airflow/dags/repo/Airflow/dags/python_operator_dag.py took 0.262 seconds
[2023-01-18T04:43:54.621+0000] {processor.py:156} INFO - Started process (PID=1165) to work on /opt/airflow/dags/repo/Airflow/dags/python_operator_dag.py
[2023-01-18T04:43:54.623+0000] {processor.py:758} INFO - Processing file /opt/airflow/dags/repo/Airflow/dags/python_operator_dag.py for tasks to queue
[2023-01-18T04:43:54.625+0000] {logging_mixin.py:117} INFO - [2023-01-18T04:43:54.624+0000] {dagbag.py:525} INFO - Filling up the DagBag from /opt/airflow/dags/repo/Airflow/dags/python_operator_dag.py
[2023-01-18T04:43:54.670+0000] {processor.py:768} INFO - DAG(s) dict_keys(['python_operator_dag_v6']) retrieved from /opt/airflow/dags/repo/Airflow/dags/python_operator_dag.py
[2023-01-18T04:43:54.761+0000] {logging_mixin.py:117} INFO - [2023-01-18T04:43:54.761+0000] {dag.py:2573} INFO - Sync 1 DAGs
[2023-01-18T04:43:54.832+0000] {logging_mixin.py:117} INFO - [2023-01-18T04:43:54.832+0000] {dag.py:3328} INFO - Setting next_dagrun for python_operator_dag_v6 to 2023-01-18T00:00:00+00:00, run_after=2023-01-19T00:00:00+00:00
[2023-01-18T04:43:54.880+0000] {processor.py:178} INFO - Processing /opt/airflow/dags/repo/Airflow/dags/python_operator_dag.py took 0.267 seconds
[2023-01-18T04:44:25.244+0000] {processor.py:156} INFO - Started process (PID=1201) to work on /opt/airflow/dags/repo/Airflow/dags/python_operator_dag.py
[2023-01-18T04:44:25.246+0000] {processor.py:758} INFO - Processing file /opt/airflow/dags/repo/Airflow/dags/python_operator_dag.py for tasks to queue
[2023-01-18T04:44:25.248+0000] {logging_mixin.py:117} INFO - [2023-01-18T04:44:25.248+0000] {dagbag.py:525} INFO - Filling up the DagBag from /opt/airflow/dags/repo/Airflow/dags/python_operator_dag.py
[2023-01-18T04:44:25.300+0000] {processor.py:768} INFO - DAG(s) dict_keys(['python_operator_dag_v6']) retrieved from /opt/airflow/dags/repo/Airflow/dags/python_operator_dag.py
[2023-01-18T04:44:25.397+0000] {logging_mixin.py:117} INFO - [2023-01-18T04:44:25.396+0000] {dag.py:2573} INFO - Sync 1 DAGs
[2023-01-18T04:44:25.464+0000] {logging_mixin.py:117} INFO - [2023-01-18T04:44:25.464+0000] {dag.py:3328} INFO - Setting next_dagrun for python_operator_dag_v6 to 2023-01-18T00:00:00+00:00, run_after=2023-01-19T00:00:00+00:00
[2023-01-18T04:44:25.515+0000] {processor.py:178} INFO - Processing /opt/airflow/dags/repo/Airflow/dags/python_operator_dag.py took 0.279 seconds
[2023-01-18T04:44:55.813+0000] {processor.py:156} INFO - Started process (PID=1249) to work on /opt/airflow/dags/repo/Airflow/dags/python_operator_dag.py
[2023-01-18T04:44:55.815+0000] {processor.py:758} INFO - Processing file /opt/airflow/dags/repo/Airflow/dags/python_operator_dag.py for tasks to queue
[2023-01-18T04:44:55.817+0000] {logging_mixin.py:117} INFO - [2023-01-18T04:44:55.816+0000] {dagbag.py:525} INFO - Filling up the DagBag from /opt/airflow/dags/repo/Airflow/dags/python_operator_dag.py
[2023-01-18T04:44:55.864+0000] {processor.py:768} INFO - DAG(s) dict_keys(['python_operator_dag_v6']) retrieved from /opt/airflow/dags/repo/Airflow/dags/python_operator_dag.py
[2023-01-18T04:44:55.960+0000] {logging_mixin.py:117} INFO - [2023-01-18T04:44:55.960+0000] {dag.py:2573} INFO - Sync 1 DAGs
[2023-01-18T04:44:56.027+0000] {logging_mixin.py:117} INFO - [2023-01-18T04:44:56.027+0000] {dag.py:3328} INFO - Setting next_dagrun for python_operator_dag_v6 to 2023-01-18T00:00:00+00:00, run_after=2023-01-19T00:00:00+00:00
[2023-01-18T04:44:56.082+0000] {processor.py:178} INFO - Processing /opt/airflow/dags/repo/Airflow/dags/python_operator_dag.py took 0.277 seconds
[2023-01-18T04:45:26.402+0000] {processor.py:156} INFO - Started process (PID=1285) to work on /opt/airflow/dags/repo/Airflow/dags/python_operator_dag.py
[2023-01-18T04:45:26.404+0000] {processor.py:758} INFO - Processing file /opt/airflow/dags/repo/Airflow/dags/python_operator_dag.py for tasks to queue
[2023-01-18T04:45:26.406+0000] {logging_mixin.py:117} INFO - [2023-01-18T04:45:26.406+0000] {dagbag.py:525} INFO - Filling up the DagBag from /opt/airflow/dags/repo/Airflow/dags/python_operator_dag.py
[2023-01-18T04:45:26.453+0000] {processor.py:768} INFO - DAG(s) dict_keys(['python_operator_dag_v6']) retrieved from /opt/airflow/dags/repo/Airflow/dags/python_operator_dag.py
[2023-01-18T04:45:26.551+0000] {logging_mixin.py:117} INFO - [2023-01-18T04:45:26.551+0000] {dag.py:2573} INFO - Sync 1 DAGs
[2023-01-18T04:45:26.619+0000] {logging_mixin.py:117} INFO - [2023-01-18T04:45:26.619+0000] {dag.py:3328} INFO - Setting next_dagrun for python_operator_dag_v6 to 2023-01-18T00:00:00+00:00, run_after=2023-01-19T00:00:00+00:00
[2023-01-18T04:45:26.669+0000] {processor.py:178} INFO - Processing /opt/airflow/dags/repo/Airflow/dags/python_operator_dag.py took 0.274 seconds
[2023-01-18T04:45:57.003+0000] {processor.py:156} INFO - Started process (PID=1333) to work on /opt/airflow/dags/repo/Airflow/dags/python_operator_dag.py
[2023-01-18T04:45:57.005+0000] {processor.py:758} INFO - Processing file /opt/airflow/dags/repo/Airflow/dags/python_operator_dag.py for tasks to queue
[2023-01-18T04:45:57.007+0000] {logging_mixin.py:117} INFO - [2023-01-18T04:45:57.006+0000] {dagbag.py:525} INFO - Filling up the DagBag from /opt/airflow/dags/repo/Airflow/dags/python_operator_dag.py
[2023-01-18T04:45:57.052+0000] {processor.py:768} INFO - DAG(s) dict_keys(['python_operator_dag_v6']) retrieved from /opt/airflow/dags/repo/Airflow/dags/python_operator_dag.py
[2023-01-18T04:45:57.145+0000] {logging_mixin.py:117} INFO - [2023-01-18T04:45:57.145+0000] {dag.py:2573} INFO - Sync 1 DAGs
[2023-01-18T04:45:57.211+0000] {logging_mixin.py:117} INFO - [2023-01-18T04:45:57.211+0000] {dag.py:3328} INFO - Setting next_dagrun for python_operator_dag_v6 to 2023-01-18T00:00:00+00:00, run_after=2023-01-19T00:00:00+00:00
[2023-01-18T04:45:57.264+0000] {processor.py:178} INFO - Processing /opt/airflow/dags/repo/Airflow/dags/python_operator_dag.py took 0.268 seconds
[2023-01-18T04:46:27.643+0000] {processor.py:156} INFO - Started process (PID=1369) to work on /opt/airflow/dags/repo/Airflow/dags/python_operator_dag.py
[2023-01-18T04:46:27.645+0000] {processor.py:758} INFO - Processing file /opt/airflow/dags/repo/Airflow/dags/python_operator_dag.py for tasks to queue
[2023-01-18T04:46:27.647+0000] {logging_mixin.py:117} INFO - [2023-01-18T04:46:27.647+0000] {dagbag.py:525} INFO - Filling up the DagBag from /opt/airflow/dags/repo/Airflow/dags/python_operator_dag.py
[2023-01-18T04:46:27.703+0000] {processor.py:768} INFO - DAG(s) dict_keys(['python_operator_dag_v6']) retrieved from /opt/airflow/dags/repo/Airflow/dags/python_operator_dag.py
[2023-01-18T04:46:27.808+0000] {logging_mixin.py:117} INFO - [2023-01-18T04:46:27.808+0000] {dag.py:2573} INFO - Sync 1 DAGs
[2023-01-18T04:46:27.884+0000] {logging_mixin.py:117} INFO - [2023-01-18T04:46:27.884+0000] {dag.py:3328} INFO - Setting next_dagrun for python_operator_dag_v6 to 2023-01-18T00:00:00+00:00, run_after=2023-01-19T00:00:00+00:00
[2023-01-18T04:46:27.936+0000] {processor.py:178} INFO - Processing /opt/airflow/dags/repo/Airflow/dags/python_operator_dag.py took 0.301 seconds
[2023-01-18T04:46:58.283+0000] {processor.py:156} INFO - Started process (PID=1417) to work on /opt/airflow/dags/repo/Airflow/dags/python_operator_dag.py
[2023-01-18T04:46:58.285+0000] {processor.py:758} INFO - Processing file /opt/airflow/dags/repo/Airflow/dags/python_operator_dag.py for tasks to queue
[2023-01-18T04:46:58.287+0000] {logging_mixin.py:117} INFO - [2023-01-18T04:46:58.286+0000] {dagbag.py:525} INFO - Filling up the DagBag from /opt/airflow/dags/repo/Airflow/dags/python_operator_dag.py
[2023-01-18T04:46:58.334+0000] {processor.py:768} INFO - DAG(s) dict_keys(['python_operator_dag_v6']) retrieved from /opt/airflow/dags/repo/Airflow/dags/python_operator_dag.py
[2023-01-18T04:46:58.434+0000] {logging_mixin.py:117} INFO - [2023-01-18T04:46:58.434+0000] {dag.py:2573} INFO - Sync 1 DAGs
[2023-01-18T04:46:58.509+0000] {logging_mixin.py:117} INFO - [2023-01-18T04:46:58.509+0000] {dag.py:3328} INFO - Setting next_dagrun for python_operator_dag_v6 to 2023-01-18T00:00:00+00:00, run_after=2023-01-19T00:00:00+00:00
[2023-01-18T04:46:58.564+0000] {processor.py:178} INFO - Processing /opt/airflow/dags/repo/Airflow/dags/python_operator_dag.py took 0.289 seconds
[2023-01-18T04:47:28.905+0000] {processor.py:156} INFO - Started process (PID=1453) to work on /opt/airflow/dags/repo/Airflow/dags/python_operator_dag.py
[2023-01-18T04:47:28.907+0000] {processor.py:758} INFO - Processing file /opt/airflow/dags/repo/Airflow/dags/python_operator_dag.py for tasks to queue
[2023-01-18T04:47:28.909+0000] {logging_mixin.py:117} INFO - [2023-01-18T04:47:28.908+0000] {dagbag.py:525} INFO - Filling up the DagBag from /opt/airflow/dags/repo/Airflow/dags/python_operator_dag.py
[2023-01-18T04:47:28.953+0000] {processor.py:768} INFO - DAG(s) dict_keys(['python_operator_dag_v6']) retrieved from /opt/airflow/dags/repo/Airflow/dags/python_operator_dag.py
[2023-01-18T04:47:29.046+0000] {logging_mixin.py:117} INFO - [2023-01-18T04:47:29.046+0000] {dag.py:2573} INFO - Sync 1 DAGs
[2023-01-18T04:47:29.123+0000] {logging_mixin.py:117} INFO - [2023-01-18T04:47:29.123+0000] {dag.py:3328} INFO - Setting next_dagrun for python_operator_dag_v6 to 2023-01-18T00:00:00+00:00, run_after=2023-01-19T00:00:00+00:00
[2023-01-18T04:47:29.175+0000] {processor.py:178} INFO - Processing /opt/airflow/dags/repo/Airflow/dags/python_operator_dag.py took 0.278 seconds
[2023-01-18T04:47:59.472+0000] {processor.py:156} INFO - Started process (PID=1501) to work on /opt/airflow/dags/repo/Airflow/dags/python_operator_dag.py
[2023-01-18T04:47:59.473+0000] {processor.py:758} INFO - Processing file /opt/airflow/dags/repo/Airflow/dags/python_operator_dag.py for tasks to queue
[2023-01-18T04:47:59.475+0000] {logging_mixin.py:117} INFO - [2023-01-18T04:47:59.475+0000] {dagbag.py:525} INFO - Filling up the DagBag from /opt/airflow/dags/repo/Airflow/dags/python_operator_dag.py
[2023-01-18T04:47:59.522+0000] {processor.py:768} INFO - DAG(s) dict_keys(['python_operator_dag_v6']) retrieved from /opt/airflow/dags/repo/Airflow/dags/python_operator_dag.py
[2023-01-18T04:47:59.618+0000] {logging_mixin.py:117} INFO - [2023-01-18T04:47:59.617+0000] {dag.py:2573} INFO - Sync 1 DAGs
[2023-01-18T04:47:59.687+0000] {logging_mixin.py:117} INFO - [2023-01-18T04:47:59.687+0000] {dag.py:3328} INFO - Setting next_dagrun for python_operator_dag_v6 to 2023-01-18T00:00:00+00:00, run_after=2023-01-19T00:00:00+00:00
[2023-01-18T04:47:59.737+0000] {processor.py:178} INFO - Processing /opt/airflow/dags/repo/Airflow/dags/python_operator_dag.py took 0.273 seconds
[2023-01-18T04:48:30.066+0000] {processor.py:156} INFO - Started process (PID=1537) to work on /opt/airflow/dags/repo/Airflow/dags/python_operator_dag.py
[2023-01-18T04:48:30.068+0000] {processor.py:758} INFO - Processing file /opt/airflow/dags/repo/Airflow/dags/python_operator_dag.py for tasks to queue
[2023-01-18T04:48:30.070+0000] {logging_mixin.py:117} INFO - [2023-01-18T04:48:30.069+0000] {dagbag.py:525} INFO - Filling up the DagBag from /opt/airflow/dags/repo/Airflow/dags/python_operator_dag.py
[2023-01-18T04:48:30.113+0000] {processor.py:768} INFO - DAG(s) dict_keys(['python_operator_dag_v6']) retrieved from /opt/airflow/dags/repo/Airflow/dags/python_operator_dag.py
[2023-01-18T04:48:30.214+0000] {logging_mixin.py:117} INFO - [2023-01-18T04:48:30.213+0000] {dag.py:2573} INFO - Sync 1 DAGs
[2023-01-18T04:48:30.283+0000] {logging_mixin.py:117} INFO - [2023-01-18T04:48:30.283+0000] {dag.py:3328} INFO - Setting next_dagrun for python_operator_dag_v6 to 2023-01-18T00:00:00+00:00, run_after=2023-01-19T00:00:00+00:00
[2023-01-18T04:48:30.337+0000] {processor.py:178} INFO - Processing /opt/airflow/dags/repo/Airflow/dags/python_operator_dag.py took 0.278 seconds
[2023-01-18T04:49:00.697+0000] {processor.py:156} INFO - Started process (PID=1585) to work on /opt/airflow/dags/repo/Airflow/dags/python_operator_dag.py
[2023-01-18T04:49:00.699+0000] {processor.py:758} INFO - Processing file /opt/airflow/dags/repo/Airflow/dags/python_operator_dag.py for tasks to queue
[2023-01-18T04:49:00.700+0000] {logging_mixin.py:117} INFO - [2023-01-18T04:49:00.700+0000] {dagbag.py:525} INFO - Filling up the DagBag from /opt/airflow/dags/repo/Airflow/dags/python_operator_dag.py
[2023-01-18T04:49:00.761+0000] {processor.py:768} INFO - DAG(s) dict_keys(['python_operator_dag_v6']) retrieved from /opt/airflow/dags/repo/Airflow/dags/python_operator_dag.py
[2023-01-18T04:49:00.878+0000] {logging_mixin.py:117} INFO - [2023-01-18T04:49:00.878+0000] {dag.py:2573} INFO - Sync 1 DAGs
[2023-01-18T04:49:00.953+0000] {logging_mixin.py:117} INFO - [2023-01-18T04:49:00.952+0000] {dag.py:3328} INFO - Setting next_dagrun for python_operator_dag_v6 to 2023-01-18T00:00:00+00:00, run_after=2023-01-19T00:00:00+00:00
[2023-01-18T04:49:01.009+0000] {processor.py:178} INFO - Processing /opt/airflow/dags/repo/Airflow/dags/python_operator_dag.py took 0.320 seconds
[2023-01-18T04:49:28.340+0000] {processor.py:156} INFO - Started process (PID=1613) to work on /opt/airflow/dags/repo/Airflow/dags/python_operator_dag.py
[2023-01-18T04:49:28.342+0000] {processor.py:758} INFO - Processing file /opt/airflow/dags/repo/Airflow/dags/python_operator_dag.py for tasks to queue
[2023-01-18T04:49:28.343+0000] {logging_mixin.py:117} INFO - [2023-01-18T04:49:28.343+0000] {dagbag.py:525} INFO - Filling up the DagBag from /opt/airflow/dags/repo/Airflow/dags/python_operator_dag.py
[2023-01-18T04:49:28.389+0000] {processor.py:768} INFO - DAG(s) dict_keys(['python_operator_dag_v6']) retrieved from /opt/airflow/dags/repo/Airflow/dags/python_operator_dag.py
[2023-01-18T04:49:28.488+0000] {logging_mixin.py:117} INFO - [2023-01-18T04:49:28.488+0000] {dag.py:2573} INFO - Sync 1 DAGs
[2023-01-18T04:49:28.569+0000] {logging_mixin.py:117} INFO - [2023-01-18T04:49:28.569+0000] {dag.py:3328} INFO - Setting next_dagrun for python_operator_dag_v6 to 2023-01-18T00:00:00+00:00, run_after=2023-01-19T00:00:00+00:00
[2023-01-18T04:49:28.628+0000] {processor.py:178} INFO - Processing /opt/airflow/dags/repo/Airflow/dags/python_operator_dag.py took 0.296 seconds
[2023-01-18T04:49:59.007+0000] {processor.py:156} INFO - Started process (PID=1661) to work on /opt/airflow/dags/repo/Airflow/dags/python_operator_dag.py
[2023-01-18T04:49:59.009+0000] {processor.py:758} INFO - Processing file /opt/airflow/dags/repo/Airflow/dags/python_operator_dag.py for tasks to queue
[2023-01-18T04:49:59.011+0000] {logging_mixin.py:117} INFO - [2023-01-18T04:49:59.011+0000] {dagbag.py:525} INFO - Filling up the DagBag from /opt/airflow/dags/repo/Airflow/dags/python_operator_dag.py
[2023-01-18T04:49:59.056+0000] {processor.py:768} INFO - DAG(s) dict_keys(['python_operator_dag_v6']) retrieved from /opt/airflow/dags/repo/Airflow/dags/python_operator_dag.py
[2023-01-18T04:49:59.152+0000] {logging_mixin.py:117} INFO - [2023-01-18T04:49:59.152+0000] {dag.py:2573} INFO - Sync 1 DAGs
[2023-01-18T04:49:59.219+0000] {logging_mixin.py:117} INFO - [2023-01-18T04:49:59.219+0000] {dag.py:3328} INFO - Setting next_dagrun for python_operator_dag_v6 to 2023-01-18T00:00:00+00:00, run_after=2023-01-19T00:00:00+00:00
[2023-01-18T04:49:59.277+0000] {processor.py:178} INFO - Processing /opt/airflow/dags/repo/Airflow/dags/python_operator_dag.py took 0.277 seconds
[2023-01-18T04:50:29.577+0000] {processor.py:156} INFO - Started process (PID=1697) to work on /opt/airflow/dags/repo/Airflow/dags/python_operator_dag.py
[2023-01-18T04:50:29.579+0000] {processor.py:758} INFO - Processing file /opt/airflow/dags/repo/Airflow/dags/python_operator_dag.py for tasks to queue
[2023-01-18T04:50:29.581+0000] {logging_mixin.py:117} INFO - [2023-01-18T04:50:29.581+0000] {dagbag.py:525} INFO - Filling up the DagBag from /opt/airflow/dags/repo/Airflow/dags/python_operator_dag.py
[2023-01-18T04:50:29.625+0000] {processor.py:768} INFO - DAG(s) dict_keys(['python_operator_dag_v6']) retrieved from /opt/airflow/dags/repo/Airflow/dags/python_operator_dag.py
[2023-01-18T04:50:29.724+0000] {logging_mixin.py:117} INFO - [2023-01-18T04:50:29.724+0000] {dag.py:2573} INFO - Sync 1 DAGs
[2023-01-18T04:50:29.794+0000] {logging_mixin.py:117} INFO - [2023-01-18T04:50:29.794+0000] {dag.py:3328} INFO - Setting next_dagrun for python_operator_dag_v6 to 2023-01-18T00:00:00+00:00, run_after=2023-01-19T00:00:00+00:00
[2023-01-18T04:50:29.849+0000] {processor.py:178} INFO - Processing /opt/airflow/dags/repo/Airflow/dags/python_operator_dag.py took 0.279 seconds
[2023-01-18T04:51:00.230+0000] {processor.py:156} INFO - Started process (PID=1745) to work on /opt/airflow/dags/repo/Airflow/dags/python_operator_dag.py
[2023-01-18T04:51:00.233+0000] {processor.py:758} INFO - Processing file /opt/airflow/dags/repo/Airflow/dags/python_operator_dag.py for tasks to queue
[2023-01-18T04:51:00.235+0000] {logging_mixin.py:117} INFO - [2023-01-18T04:51:00.234+0000] {dagbag.py:525} INFO - Filling up the DagBag from /opt/airflow/dags/repo/Airflow/dags/python_operator_dag.py
[2023-01-18T04:51:00.283+0000] {processor.py:768} INFO - DAG(s) dict_keys(['python_operator_dag_v6']) retrieved from /opt/airflow/dags/repo/Airflow/dags/python_operator_dag.py
[2023-01-18T04:51:00.380+0000] {logging_mixin.py:117} INFO - [2023-01-18T04:51:00.380+0000] {dag.py:2573} INFO - Sync 1 DAGs
[2023-01-18T04:51:00.450+0000] {logging_mixin.py:117} INFO - [2023-01-18T04:51:00.450+0000] {dag.py:3328} INFO - Setting next_dagrun for python_operator_dag_v6 to 2023-01-18T00:00:00+00:00, run_after=2023-01-19T00:00:00+00:00
[2023-01-18T04:51:00.507+0000] {processor.py:178} INFO - Processing /opt/airflow/dags/repo/Airflow/dags/python_operator_dag.py took 0.286 seconds
[2023-01-18T04:51:30.864+0000] {processor.py:156} INFO - Started process (PID=1781) to work on /opt/airflow/dags/repo/Airflow/dags/python_operator_dag.py
[2023-01-18T04:51:30.867+0000] {processor.py:758} INFO - Processing file /opt/airflow/dags/repo/Airflow/dags/python_operator_dag.py for tasks to queue
[2023-01-18T04:51:30.869+0000] {logging_mixin.py:117} INFO - [2023-01-18T04:51:30.868+0000] {dagbag.py:525} INFO - Filling up the DagBag from /opt/airflow/dags/repo/Airflow/dags/python_operator_dag.py
[2023-01-18T04:51:30.919+0000] {processor.py:768} INFO - DAG(s) dict_keys(['python_operator_dag_v6']) retrieved from /opt/airflow/dags/repo/Airflow/dags/python_operator_dag.py
[2023-01-18T04:51:31.023+0000] {logging_mixin.py:117} INFO - [2023-01-18T04:51:31.022+0000] {dag.py:2573} INFO - Sync 1 DAGs
[2023-01-18T04:51:31.092+0000] {logging_mixin.py:117} INFO - [2023-01-18T04:51:31.091+0000] {dag.py:3328} INFO - Setting next_dagrun for python_operator_dag_v6 to 2023-01-18T00:00:00+00:00, run_after=2023-01-19T00:00:00+00:00
[2023-01-18T04:51:31.144+0000] {processor.py:178} INFO - Processing /opt/airflow/dags/repo/Airflow/dags/python_operator_dag.py took 0.290 seconds
[2023-01-18T04:52:01.584+0000] {processor.py:156} INFO - Started process (PID=1829) to work on /opt/airflow/dags/repo/Airflow/dags/python_operator_dag.py
[2023-01-18T04:52:01.586+0000] {processor.py:758} INFO - Processing file /opt/airflow/dags/repo/Airflow/dags/python_operator_dag.py for tasks to queue
[2023-01-18T04:52:01.587+0000] {logging_mixin.py:117} INFO - [2023-01-18T04:52:01.587+0000] {dagbag.py:525} INFO - Filling up the DagBag from /opt/airflow/dags/repo/Airflow/dags/python_operator_dag.py
[2023-01-18T04:52:01.640+0000] {processor.py:768} INFO - DAG(s) dict_keys(['python_operator_dag_v6']) retrieved from /opt/airflow/dags/repo/Airflow/dags/python_operator_dag.py
[2023-01-18T04:52:01.752+0000] {logging_mixin.py:117} INFO - [2023-01-18T04:52:01.752+0000] {dag.py:2573} INFO - Sync 1 DAGs
[2023-01-18T04:52:01.831+0000] {logging_mixin.py:117} INFO - [2023-01-18T04:52:01.830+0000] {dag.py:3328} INFO - Setting next_dagrun for python_operator_dag_v6 to 2023-01-18T00:00:00+00:00, run_after=2023-01-19T00:00:00+00:00
[2023-01-18T04:52:01.888+0000] {processor.py:178} INFO - Processing /opt/airflow/dags/repo/Airflow/dags/python_operator_dag.py took 0.313 seconds
[2023-01-18T04:52:32.289+0000] {processor.py:156} INFO - Started process (PID=1865) to work on /opt/airflow/dags/repo/Airflow/dags/python_operator_dag.py
[2023-01-18T04:52:32.292+0000] {processor.py:758} INFO - Processing file /opt/airflow/dags/repo/Airflow/dags/python_operator_dag.py for tasks to queue
[2023-01-18T04:52:32.294+0000] {logging_mixin.py:117} INFO - [2023-01-18T04:52:32.293+0000] {dagbag.py:525} INFO - Filling up the DagBag from /opt/airflow/dags/repo/Airflow/dags/python_operator_dag.py
[2023-01-18T04:52:32.364+0000] {processor.py:768} INFO - DAG(s) dict_keys(['python_operator_dag_v6']) retrieved from /opt/airflow/dags/repo/Airflow/dags/python_operator_dag.py
[2023-01-18T04:52:32.477+0000] {logging_mixin.py:117} INFO - [2023-01-18T04:52:32.476+0000] {dag.py:2573} INFO - Sync 1 DAGs
[2023-01-18T04:52:32.562+0000] {logging_mixin.py:117} INFO - [2023-01-18T04:52:32.561+0000] {dag.py:3328} INFO - Setting next_dagrun for python_operator_dag_v6 to 2023-01-18T00:00:00+00:00, run_after=2023-01-19T00:00:00+00:00
[2023-01-18T04:52:32.621+0000] {processor.py:178} INFO - Processing /opt/airflow/dags/repo/Airflow/dags/python_operator_dag.py took 0.344 seconds
[2023-01-18T04:53:03.455+0000] {processor.py:156} INFO - Started process (PID=1914) to work on /opt/airflow/dags/repo/Airflow/dags/python_operator_dag.py
[2023-01-18T04:53:03.457+0000] {processor.py:758} INFO - Processing file /opt/airflow/dags/repo/Airflow/dags/python_operator_dag.py for tasks to queue
[2023-01-18T04:53:03.458+0000] {logging_mixin.py:117} INFO - [2023-01-18T04:53:03.458+0000] {dagbag.py:525} INFO - Filling up the DagBag from /opt/airflow/dags/repo/Airflow/dags/python_operator_dag.py
[2023-01-18T04:53:03.505+0000] {processor.py:768} INFO - DAG(s) dict_keys(['python_operator_dag_v6']) retrieved from /opt/airflow/dags/repo/Airflow/dags/python_operator_dag.py
[2023-01-18T04:53:03.600+0000] {logging_mixin.py:117} INFO - [2023-01-18T04:53:03.599+0000] {dag.py:2573} INFO - Sync 1 DAGs
[2023-01-18T04:53:03.670+0000] {logging_mixin.py:117} INFO - [2023-01-18T04:53:03.670+0000] {dag.py:3328} INFO - Setting next_dagrun for python_operator_dag_v6 to 2023-01-18T00:00:00+00:00, run_after=2023-01-19T00:00:00+00:00
[2023-01-18T04:53:03.719+0000] {processor.py:178} INFO - Processing /opt/airflow/dags/repo/Airflow/dags/python_operator_dag.py took 0.271 seconds
[2023-01-18T04:53:34.137+0000] {processor.py:156} INFO - Started process (PID=1963) to work on /opt/airflow/dags/repo/Airflow/dags/python_operator_dag.py
[2023-01-18T04:53:34.139+0000] {processor.py:758} INFO - Processing file /opt/airflow/dags/repo/Airflow/dags/python_operator_dag.py for tasks to queue
[2023-01-18T04:53:34.141+0000] {logging_mixin.py:117} INFO - [2023-01-18T04:53:34.140+0000] {dagbag.py:525} INFO - Filling up the DagBag from /opt/airflow/dags/repo/Airflow/dags/python_operator_dag.py
[2023-01-18T04:53:34.189+0000] {processor.py:768} INFO - DAG(s) dict_keys(['python_operator_dag_v6']) retrieved from /opt/airflow/dags/repo/Airflow/dags/python_operator_dag.py
[2023-01-18T04:53:34.295+0000] {logging_mixin.py:117} INFO - [2023-01-18T04:53:34.295+0000] {dag.py:2573} INFO - Sync 1 DAGs
[2023-01-18T04:53:34.366+0000] {logging_mixin.py:117} INFO - [2023-01-18T04:53:34.366+0000] {dag.py:3328} INFO - Setting next_dagrun for python_operator_dag_v6 to 2023-01-18T00:00:00+00:00, run_after=2023-01-19T00:00:00+00:00
[2023-01-18T04:53:34.426+0000] {processor.py:178} INFO - Processing /opt/airflow/dags/repo/Airflow/dags/python_operator_dag.py took 0.297 seconds
[2023-01-18T04:54:04.832+0000] {processor.py:156} INFO - Started process (PID=1999) to work on /opt/airflow/dags/repo/Airflow/dags/python_operator_dag.py
[2023-01-18T04:54:04.835+0000] {processor.py:758} INFO - Processing file /opt/airflow/dags/repo/Airflow/dags/python_operator_dag.py for tasks to queue
[2023-01-18T04:54:04.837+0000] {logging_mixin.py:117} INFO - [2023-01-18T04:54:04.837+0000] {dagbag.py:525} INFO - Filling up the DagBag from /opt/airflow/dags/repo/Airflow/dags/python_operator_dag.py
[2023-01-18T04:54:04.884+0000] {processor.py:768} INFO - DAG(s) dict_keys(['python_operator_dag_v6']) retrieved from /opt/airflow/dags/repo/Airflow/dags/python_operator_dag.py
[2023-01-18T04:54:04.988+0000] {logging_mixin.py:117} INFO - [2023-01-18T04:54:04.988+0000] {dag.py:2573} INFO - Sync 1 DAGs
[2023-01-18T04:54:05.059+0000] {logging_mixin.py:117} INFO - [2023-01-18T04:54:05.058+0000] {dag.py:3328} INFO - Setting next_dagrun for python_operator_dag_v6 to 2023-01-18T00:00:00+00:00, run_after=2023-01-19T00:00:00+00:00
[2023-01-18T04:54:05.111+0000] {processor.py:178} INFO - Processing /opt/airflow/dags/repo/Airflow/dags/python_operator_dag.py took 0.287 seconds
[2023-01-18T04:54:35.492+0000] {processor.py:156} INFO - Started process (PID=2047) to work on /opt/airflow/dags/repo/Airflow/dags/python_operator_dag.py
[2023-01-18T04:54:35.495+0000] {processor.py:758} INFO - Processing file /opt/airflow/dags/repo/Airflow/dags/python_operator_dag.py for tasks to queue
[2023-01-18T04:54:35.497+0000] {logging_mixin.py:117} INFO - [2023-01-18T04:54:35.496+0000] {dagbag.py:525} INFO - Filling up the DagBag from /opt/airflow/dags/repo/Airflow/dags/python_operator_dag.py
[2023-01-18T04:54:35.544+0000] {processor.py:768} INFO - DAG(s) dict_keys(['python_operator_dag_v6']) retrieved from /opt/airflow/dags/repo/Airflow/dags/python_operator_dag.py
[2023-01-18T04:54:35.645+0000] {logging_mixin.py:117} INFO - [2023-01-18T04:54:35.645+0000] {dag.py:2573} INFO - Sync 1 DAGs
[2023-01-18T04:54:35.716+0000] {logging_mixin.py:117} INFO - [2023-01-18T04:54:35.716+0000] {dag.py:3328} INFO - Setting next_dagrun for python_operator_dag_v6 to 2023-01-18T00:00:00+00:00, run_after=2023-01-19T00:00:00+00:00
[2023-01-18T04:54:35.768+0000] {processor.py:178} INFO - Processing /opt/airflow/dags/repo/Airflow/dags/python_operator_dag.py took 0.284 seconds
[2023-01-18T04:55:06.193+0000] {processor.py:156} INFO - Started process (PID=2083) to work on /opt/airflow/dags/repo/Airflow/dags/python_operator_dag.py
[2023-01-18T04:55:06.195+0000] {processor.py:758} INFO - Processing file /opt/airflow/dags/repo/Airflow/dags/python_operator_dag.py for tasks to queue
[2023-01-18T04:55:06.197+0000] {logging_mixin.py:117} INFO - [2023-01-18T04:55:06.197+0000] {dagbag.py:525} INFO - Filling up the DagBag from /opt/airflow/dags/repo/Airflow/dags/python_operator_dag.py
[2023-01-18T04:55:06.246+0000] {processor.py:768} INFO - DAG(s) dict_keys(['python_operator_dag_v6']) retrieved from /opt/airflow/dags/repo/Airflow/dags/python_operator_dag.py
[2023-01-18T04:55:06.344+0000] {logging_mixin.py:117} INFO - [2023-01-18T04:55:06.343+0000] {dag.py:2573} INFO - Sync 1 DAGs
[2023-01-18T04:55:06.415+0000] {logging_mixin.py:117} INFO - [2023-01-18T04:55:06.415+0000] {dag.py:3328} INFO - Setting next_dagrun for python_operator_dag_v6 to 2023-01-18T00:00:00+00:00, run_after=2023-01-19T00:00:00+00:00
[2023-01-18T04:55:06.465+0000] {processor.py:178} INFO - Processing /opt/airflow/dags/repo/Airflow/dags/python_operator_dag.py took 0.281 seconds
[2023-01-18T04:55:36.882+0000] {processor.py:156} INFO - Started process (PID=2131) to work on /opt/airflow/dags/repo/Airflow/dags/python_operator_dag.py
[2023-01-18T04:55:36.884+0000] {processor.py:758} INFO - Processing file /opt/airflow/dags/repo/Airflow/dags/python_operator_dag.py for tasks to queue
[2023-01-18T04:55:36.886+0000] {logging_mixin.py:117} INFO - [2023-01-18T04:55:36.885+0000] {dagbag.py:525} INFO - Filling up the DagBag from /opt/airflow/dags/repo/Airflow/dags/python_operator_dag.py
[2023-01-18T04:55:36.935+0000] {processor.py:768} INFO - DAG(s) dict_keys(['python_operator_dag_v6']) retrieved from /opt/airflow/dags/repo/Airflow/dags/python_operator_dag.py
[2023-01-18T04:55:37.038+0000] {logging_mixin.py:117} INFO - [2023-01-18T04:55:37.037+0000] {dag.py:2573} INFO - Sync 1 DAGs
[2023-01-18T04:55:37.118+0000] {logging_mixin.py:117} INFO - [2023-01-18T04:55:37.117+0000] {dag.py:3328} INFO - Setting next_dagrun for python_operator_dag_v6 to 2023-01-18T00:00:00+00:00, run_after=2023-01-19T00:00:00+00:00
[2023-01-18T04:55:37.171+0000] {processor.py:178} INFO - Processing /opt/airflow/dags/repo/Airflow/dags/python_operator_dag.py took 0.296 seconds
[2023-01-18T04:56:07.570+0000] {processor.py:156} INFO - Started process (PID=2167) to work on /opt/airflow/dags/repo/Airflow/dags/python_operator_dag.py
[2023-01-18T04:56:07.573+0000] {processor.py:758} INFO - Processing file /opt/airflow/dags/repo/Airflow/dags/python_operator_dag.py for tasks to queue
[2023-01-18T04:56:07.575+0000] {logging_mixin.py:117} INFO - [2023-01-18T04:56:07.574+0000] {dagbag.py:525} INFO - Filling up the DagBag from /opt/airflow/dags/repo/Airflow/dags/python_operator_dag.py
[2023-01-18T04:56:07.626+0000] {processor.py:768} INFO - DAG(s) dict_keys(['python_operator_dag_v6']) retrieved from /opt/airflow/dags/repo/Airflow/dags/python_operator_dag.py
[2023-01-18T04:56:07.751+0000] {logging_mixin.py:117} INFO - [2023-01-18T04:56:07.751+0000] {dag.py:2573} INFO - Sync 1 DAGs
[2023-01-18T04:56:07.823+0000] {logging_mixin.py:117} INFO - [2023-01-18T04:56:07.823+0000] {dag.py:3328} INFO - Setting next_dagrun for python_operator_dag_v6 to 2023-01-18T00:00:00+00:00, run_after=2023-01-19T00:00:00+00:00
[2023-01-18T04:56:07.887+0000] {processor.py:178} INFO - Processing /opt/airflow/dags/repo/Airflow/dags/python_operator_dag.py took 0.325 seconds
[2023-01-18T04:56:38.312+0000] {processor.py:156} INFO - Started process (PID=2215) to work on /opt/airflow/dags/repo/Airflow/dags/python_operator_dag.py
[2023-01-18T04:56:38.314+0000] {processor.py:758} INFO - Processing file /opt/airflow/dags/repo/Airflow/dags/python_operator_dag.py for tasks to queue
[2023-01-18T04:56:38.316+0000] {logging_mixin.py:117} INFO - [2023-01-18T04:56:38.316+0000] {dagbag.py:525} INFO - Filling up the DagBag from /opt/airflow/dags/repo/Airflow/dags/python_operator_dag.py
[2023-01-18T04:56:38.362+0000] {processor.py:768} INFO - DAG(s) dict_keys(['python_operator_dag_v6']) retrieved from /opt/airflow/dags/repo/Airflow/dags/python_operator_dag.py
[2023-01-18T04:56:38.461+0000] {logging_mixin.py:117} INFO - [2023-01-18T04:56:38.461+0000] {dag.py:2573} INFO - Sync 1 DAGs
[2023-01-18T04:56:38.540+0000] {logging_mixin.py:117} INFO - [2023-01-18T04:56:38.540+0000] {dag.py:3328} INFO - Setting next_dagrun for python_operator_dag_v6 to 2023-01-18T00:00:00+00:00, run_after=2023-01-19T00:00:00+00:00
[2023-01-18T04:56:38.596+0000] {processor.py:178} INFO - Processing /opt/airflow/dags/repo/Airflow/dags/python_operator_dag.py took 0.291 seconds
