[2023-01-18T13:52:18.745+0000] {processor.py:156} INFO - Started process (PID=30819) to work on /opt/airflow/dags/repo/Airflow/dags/spark_dag_2.py
[2023-01-18T13:52:18.747+0000] {processor.py:758} INFO - Processing file /opt/airflow/dags/repo/Airflow/dags/spark_dag_2.py for tasks to queue
[2023-01-18T13:52:18.749+0000] {logging_mixin.py:117} INFO - [2023-01-18T13:52:18.749+0000] {dagbag.py:525} INFO - Filling up the DagBag from /opt/airflow/dags/repo/Airflow/dags/spark_dag_2.py
[2023-01-18T13:52:19.427+0000] {logging_mixin.py:117} INFO - [2023-01-18T13:52:19.419+0000] {dagbag.py:330} ERROR - Failed to import: /opt/airflow/dags/repo/Airflow/dags/spark_dag_2.py
Traceback (most recent call last):
  File "/home/airflow/.local/lib/python3.7/site-packages/airflow/models/dagbag.py", line 326, in parse
    loader.exec_module(new_module)
  File "<frozen importlib._bootstrap_external>", line 728, in exec_module
  File "<frozen importlib._bootstrap>", line 219, in _call_with_frames_removed
  File "/opt/airflow/dags/repo/Airflow/dags/spark_dag_2.py", line 18, in <module>
    schedule_interval='@daily'
  File "/home/airflow/.local/lib/python3.7/site-packages/airflow/models/dag.py", line 424, in __init__
    validate_key(dag_id)
  File "/home/airflow/.local/lib/python3.7/site-packages/airflow/utils/helpers.py", line 56, in validate_key
    f"The key {k!r} has to be made of alphanumeric characters, dashes, "
airflow.exceptions.AirflowException: The key 'spark postgres test' has to be made of alphanumeric characters, dashes, dots and underscores exclusively
[2023-01-18T13:52:19.428+0000] {processor.py:770} WARNING - No viable dags retrieved from /opt/airflow/dags/repo/Airflow/dags/spark_dag_2.py
[2023-01-18T13:52:19.478+0000] {processor.py:178} INFO - Processing /opt/airflow/dags/repo/Airflow/dags/spark_dag_2.py took 0.740 seconds
[2023-01-18T13:52:50.163+0000] {processor.py:156} INFO - Started process (PID=30882) to work on /opt/airflow/dags/repo/Airflow/dags/spark_dag_2.py
[2023-01-18T13:52:50.166+0000] {processor.py:758} INFO - Processing file /opt/airflow/dags/repo/Airflow/dags/spark_dag_2.py for tasks to queue
[2023-01-18T13:52:50.168+0000] {logging_mixin.py:117} INFO - [2023-01-18T13:52:50.167+0000] {dagbag.py:525} INFO - Filling up the DagBag from /opt/airflow/dags/repo/Airflow/dags/spark_dag_2.py
[2023-01-18T13:52:50.875+0000] {logging_mixin.py:117} INFO - [2023-01-18T13:52:50.870+0000] {dagbag.py:330} ERROR - Failed to import: /opt/airflow/dags/repo/Airflow/dags/spark_dag_2.py
Traceback (most recent call last):
  File "/home/airflow/.local/lib/python3.7/site-packages/airflow/models/dagbag.py", line 326, in parse
    loader.exec_module(new_module)
  File "<frozen importlib._bootstrap_external>", line 728, in exec_module
  File "<frozen importlib._bootstrap>", line 219, in _call_with_frames_removed
  File "/opt/airflow/dags/repo/Airflow/dags/spark_dag_2.py", line 18, in <module>
    schedule_interval='@daily'
  File "/home/airflow/.local/lib/python3.7/site-packages/airflow/models/dag.py", line 424, in __init__
    validate_key(dag_id)
  File "/home/airflow/.local/lib/python3.7/site-packages/airflow/utils/helpers.py", line 56, in validate_key
    f"The key {k!r} has to be made of alphanumeric characters, dashes, "
airflow.exceptions.AirflowException: The key 'spark postgres test' has to be made of alphanumeric characters, dashes, dots and underscores exclusively
[2023-01-18T13:52:50.876+0000] {processor.py:770} WARNING - No viable dags retrieved from /opt/airflow/dags/repo/Airflow/dags/spark_dag_2.py
[2023-01-18T13:52:50.926+0000] {processor.py:178} INFO - Processing /opt/airflow/dags/repo/Airflow/dags/spark_dag_2.py took 0.771 seconds
[2023-01-18T13:53:21.573+0000] {processor.py:156} INFO - Started process (PID=30933) to work on /opt/airflow/dags/repo/Airflow/dags/spark_dag_2.py
[2023-01-18T13:53:21.575+0000] {processor.py:758} INFO - Processing file /opt/airflow/dags/repo/Airflow/dags/spark_dag_2.py for tasks to queue
[2023-01-18T13:53:21.577+0000] {logging_mixin.py:117} INFO - [2023-01-18T13:53:21.577+0000] {dagbag.py:525} INFO - Filling up the DagBag from /opt/airflow/dags/repo/Airflow/dags/spark_dag_2.py
[2023-01-18T13:53:22.237+0000] {logging_mixin.py:117} INFO - [2023-01-18T13:53:22.232+0000] {dagbag.py:330} ERROR - Failed to import: /opt/airflow/dags/repo/Airflow/dags/spark_dag_2.py
Traceback (most recent call last):
  File "/home/airflow/.local/lib/python3.7/site-packages/airflow/models/dagbag.py", line 326, in parse
    loader.exec_module(new_module)
  File "<frozen importlib._bootstrap_external>", line 728, in exec_module
  File "<frozen importlib._bootstrap>", line 219, in _call_with_frames_removed
  File "/opt/airflow/dags/repo/Airflow/dags/spark_dag_2.py", line 18, in <module>
    schedule_interval='@daily'
  File "/home/airflow/.local/lib/python3.7/site-packages/airflow/models/dag.py", line 424, in __init__
    validate_key(dag_id)
  File "/home/airflow/.local/lib/python3.7/site-packages/airflow/utils/helpers.py", line 56, in validate_key
    f"The key {k!r} has to be made of alphanumeric characters, dashes, "
airflow.exceptions.AirflowException: The key 'spark postgres test' has to be made of alphanumeric characters, dashes, dots and underscores exclusively
[2023-01-18T13:53:22.238+0000] {processor.py:770} WARNING - No viable dags retrieved from /opt/airflow/dags/repo/Airflow/dags/spark_dag_2.py
[2023-01-18T13:53:22.282+0000] {processor.py:178} INFO - Processing /opt/airflow/dags/repo/Airflow/dags/spark_dag_2.py took 0.716 seconds
[2023-01-18T13:53:52.783+0000] {processor.py:156} INFO - Started process (PID=30996) to work on /opt/airflow/dags/repo/Airflow/dags/spark_dag_2.py
[2023-01-18T13:53:52.785+0000] {processor.py:758} INFO - Processing file /opt/airflow/dags/repo/Airflow/dags/spark_dag_2.py for tasks to queue
[2023-01-18T13:53:52.786+0000] {logging_mixin.py:117} INFO - [2023-01-18T13:53:52.786+0000] {dagbag.py:525} INFO - Filling up the DagBag from /opt/airflow/dags/repo/Airflow/dags/spark_dag_2.py
[2023-01-18T13:53:53.465+0000] {logging_mixin.py:117} INFO - [2023-01-18T13:53:53.460+0000] {dagbag.py:330} ERROR - Failed to import: /opt/airflow/dags/repo/Airflow/dags/spark_dag_2.py
Traceback (most recent call last):
  File "/home/airflow/.local/lib/python3.7/site-packages/airflow/models/dagbag.py", line 326, in parse
    loader.exec_module(new_module)
  File "<frozen importlib._bootstrap_external>", line 728, in exec_module
  File "<frozen importlib._bootstrap>", line 219, in _call_with_frames_removed
  File "/opt/airflow/dags/repo/Airflow/dags/spark_dag_2.py", line 18, in <module>
    schedule_interval='@daily'
  File "/home/airflow/.local/lib/python3.7/site-packages/airflow/models/dag.py", line 424, in __init__
    validate_key(dag_id)
  File "/home/airflow/.local/lib/python3.7/site-packages/airflow/utils/helpers.py", line 56, in validate_key
    f"The key {k!r} has to be made of alphanumeric characters, dashes, "
airflow.exceptions.AirflowException: The key 'spark postgres test' has to be made of alphanumeric characters, dashes, dots and underscores exclusively
[2023-01-18T13:53:53.467+0000] {processor.py:770} WARNING - No viable dags retrieved from /opt/airflow/dags/repo/Airflow/dags/spark_dag_2.py
[2023-01-18T13:53:53.513+0000] {processor.py:178} INFO - Processing /opt/airflow/dags/repo/Airflow/dags/spark_dag_2.py took 0.738 seconds
[2023-01-18T13:54:02.087+0000] {processor.py:156} INFO - Started process (PID=31025) to work on /opt/airflow/dags/repo/Airflow/dags/spark_dag_2.py
[2023-01-18T13:54:02.089+0000] {processor.py:758} INFO - Processing file /opt/airflow/dags/repo/Airflow/dags/spark_dag_2.py for tasks to queue
[2023-01-18T13:54:02.092+0000] {logging_mixin.py:117} INFO - [2023-01-18T13:54:02.091+0000] {dagbag.py:525} INFO - Filling up the DagBag from /opt/airflow/dags/repo/Airflow/dags/spark_dag_2.py
[2023-01-18T13:54:02.774+0000] {logging_mixin.py:117} INFO - /opt/airflow
[2023-01-18T13:54:03.048+0000] {processor.py:768} INFO - DAG(s) dict_keys(['spark_postgres_test']) retrieved from /opt/airflow/dags/repo/Airflow/dags/spark_dag_2.py
[2023-01-18T13:54:03.327+0000] {logging_mixin.py:117} INFO - [2023-01-18T13:54:03.327+0000] {manager.py:507} INFO - Created Permission View: can delete on DAG:spark_postgres_test
[2023-01-18T13:54:03.351+0000] {logging_mixin.py:117} INFO - [2023-01-18T13:54:03.351+0000] {manager.py:507} INFO - Created Permission View: can read on DAG:spark_postgres_test
[2023-01-18T13:54:03.371+0000] {logging_mixin.py:117} INFO - [2023-01-18T13:54:03.371+0000] {manager.py:507} INFO - Created Permission View: can edit on DAG:spark_postgres_test
[2023-01-18T13:54:03.372+0000] {logging_mixin.py:117} INFO - [2023-01-18T13:54:03.372+0000] {dag.py:2573} INFO - Sync 1 DAGs
[2023-01-18T13:54:03.403+0000] {logging_mixin.py:117} INFO - [2023-01-18T13:54:03.403+0000] {dag.py:2594} INFO - Creating ORM DAG for spark_postgres_test
[2023-01-18T13:54:03.431+0000] {logging_mixin.py:117} INFO - [2023-01-18T13:54:03.431+0000] {dag.py:3328} INFO - Setting next_dagrun for spark_postgres_test to 2023-01-01T00:00:00+00:00, run_after=2023-01-02T00:00:00+00:00
[2023-01-18T13:54:03.479+0000] {processor.py:178} INFO - Processing /opt/airflow/dags/repo/Airflow/dags/spark_dag_2.py took 1.402 seconds
[2023-01-18T13:54:34.384+0000] {processor.py:156} INFO - Started process (PID=31077) to work on /opt/airflow/dags/repo/Airflow/dags/spark_dag_2.py
[2023-01-18T13:54:34.386+0000] {processor.py:758} INFO - Processing file /opt/airflow/dags/repo/Airflow/dags/spark_dag_2.py for tasks to queue
[2023-01-18T13:54:34.388+0000] {logging_mixin.py:117} INFO - [2023-01-18T13:54:34.387+0000] {dagbag.py:525} INFO - Filling up the DagBag from /opt/airflow/dags/repo/Airflow/dags/spark_dag_2.py
[2023-01-18T13:54:35.044+0000] {logging_mixin.py:117} INFO - /opt/airflow
[2023-01-18T13:54:35.094+0000] {processor.py:768} INFO - DAG(s) dict_keys(['spark_postgres_test']) retrieved from /opt/airflow/dags/repo/Airflow/dags/spark_dag_2.py
[2023-01-18T13:54:35.177+0000] {logging_mixin.py:117} INFO - [2023-01-18T13:54:35.176+0000] {dag.py:2573} INFO - Sync 1 DAGs
[2023-01-18T13:54:35.467+0000] {logging_mixin.py:117} INFO - [2023-01-18T13:54:35.466+0000] {dag.py:3328} INFO - Setting next_dagrun for spark_postgres_test to 2023-01-01T00:00:00+00:00, run_after=2023-01-02T00:00:00+00:00
[2023-01-18T13:54:35.515+0000] {processor.py:178} INFO - Processing /opt/airflow/dags/repo/Airflow/dags/spark_dag_2.py took 1.140 seconds
[2023-01-18T13:55:06.392+0000] {processor.py:156} INFO - Started process (PID=31155) to work on /opt/airflow/dags/repo/Airflow/dags/spark_dag_2.py
[2023-01-18T13:55:06.394+0000] {processor.py:758} INFO - Processing file /opt/airflow/dags/repo/Airflow/dags/spark_dag_2.py for tasks to queue
[2023-01-18T13:55:06.396+0000] {logging_mixin.py:117} INFO - [2023-01-18T13:55:06.396+0000] {dagbag.py:525} INFO - Filling up the DagBag from /opt/airflow/dags/repo/Airflow/dags/spark_dag_2.py
[2023-01-18T13:55:07.636+0000] {logging_mixin.py:117} INFO - /opt/airflow
[2023-01-18T13:55:07.791+0000] {processor.py:768} INFO - DAG(s) dict_keys(['spark_postgres_test']) retrieved from /opt/airflow/dags/repo/Airflow/dags/spark_dag_2.py
[2023-01-18T13:55:07.942+0000] {logging_mixin.py:117} INFO - [2023-01-18T13:55:07.942+0000] {dag.py:2573} INFO - Sync 1 DAGs
[2023-01-18T13:55:08.592+0000] {processor.py:178} INFO - Processing /opt/airflow/dags/repo/Airflow/dags/spark_dag_2.py took 2.215 seconds
[2023-01-18T13:55:39.210+0000] {processor.py:156} INFO - Started process (PID=31225) to work on /opt/airflow/dags/repo/Airflow/dags/spark_dag_2.py
[2023-01-18T13:55:39.213+0000] {processor.py:758} INFO - Processing file /opt/airflow/dags/repo/Airflow/dags/spark_dag_2.py for tasks to queue
[2023-01-18T13:55:39.217+0000] {logging_mixin.py:117} INFO - [2023-01-18T13:55:39.216+0000] {dagbag.py:525} INFO - Filling up the DagBag from /opt/airflow/dags/repo/Airflow/dags/spark_dag_2.py
[2023-01-18T13:55:40.303+0000] {logging_mixin.py:117} INFO - /opt/airflow
[2023-01-18T13:55:40.381+0000] {processor.py:768} INFO - DAG(s) dict_keys(['spark_postgres_test']) retrieved from /opt/airflow/dags/repo/Airflow/dags/spark_dag_2.py
[2023-01-18T13:55:40.928+0000] {logging_mixin.py:117} INFO - [2023-01-18T13:55:40.927+0000] {dag.py:2573} INFO - Sync 1 DAGs
[2023-01-18T13:55:41.085+0000] {processor.py:178} INFO - Processing /opt/airflow/dags/repo/Airflow/dags/spark_dag_2.py took 1.888 seconds
[2023-01-18T13:56:11.542+0000] {processor.py:156} INFO - Started process (PID=31276) to work on /opt/airflow/dags/repo/Airflow/dags/spark_dag_2.py
[2023-01-18T13:56:11.544+0000] {processor.py:758} INFO - Processing file /opt/airflow/dags/repo/Airflow/dags/spark_dag_2.py for tasks to queue
[2023-01-18T13:56:11.546+0000] {logging_mixin.py:117} INFO - [2023-01-18T13:56:11.545+0000] {dagbag.py:525} INFO - Filling up the DagBag from /opt/airflow/dags/repo/Airflow/dags/spark_dag_2.py
[2023-01-18T13:56:12.428+0000] {logging_mixin.py:117} INFO - /opt/airflow
[2023-01-18T13:56:12.515+0000] {processor.py:768} INFO - DAG(s) dict_keys(['spark_postgres_test']) retrieved from /opt/airflow/dags/repo/Airflow/dags/spark_dag_2.py
[2023-01-18T13:56:12.971+0000] {logging_mixin.py:117} INFO - [2023-01-18T13:56:12.971+0000] {dag.py:2573} INFO - Sync 1 DAGs
[2023-01-18T13:56:13.114+0000] {processor.py:178} INFO - Processing /opt/airflow/dags/repo/Airflow/dags/spark_dag_2.py took 1.582 seconds
[2023-01-18T13:56:43.644+0000] {processor.py:156} INFO - Started process (PID=31339) to work on /opt/airflow/dags/repo/Airflow/dags/spark_dag_2.py
[2023-01-18T13:56:43.646+0000] {processor.py:758} INFO - Processing file /opt/airflow/dags/repo/Airflow/dags/spark_dag_2.py for tasks to queue
[2023-01-18T13:56:43.648+0000] {logging_mixin.py:117} INFO - [2023-01-18T13:56:43.647+0000] {dagbag.py:525} INFO - Filling up the DagBag from /opt/airflow/dags/repo/Airflow/dags/spark_dag_2.py
[2023-01-18T13:56:44.499+0000] {logging_mixin.py:117} INFO - /opt/airflow
[2023-01-18T13:56:44.545+0000] {processor.py:768} INFO - DAG(s) dict_keys(['spark_postgres_test']) retrieved from /opt/airflow/dags/repo/Airflow/dags/spark_dag_2.py
[2023-01-18T13:56:44.956+0000] {logging_mixin.py:117} INFO - [2023-01-18T13:56:44.955+0000] {dag.py:2573} INFO - Sync 1 DAGs
[2023-01-18T13:56:45.071+0000] {processor.py:178} INFO - Processing /opt/airflow/dags/repo/Airflow/dags/spark_dag_2.py took 1.437 seconds
[2023-01-18T13:57:15.532+0000] {processor.py:156} INFO - Started process (PID=31390) to work on /opt/airflow/dags/repo/Airflow/dags/spark_dag_2.py
[2023-01-18T13:57:15.535+0000] {processor.py:758} INFO - Processing file /opt/airflow/dags/repo/Airflow/dags/spark_dag_2.py for tasks to queue
[2023-01-18T13:57:15.538+0000] {logging_mixin.py:117} INFO - [2023-01-18T13:57:15.537+0000] {dagbag.py:525} INFO - Filling up the DagBag from /opt/airflow/dags/repo/Airflow/dags/spark_dag_2.py
[2023-01-18T13:57:16.403+0000] {logging_mixin.py:117} INFO - /opt/airflow
[2023-01-18T13:57:16.457+0000] {processor.py:768} INFO - DAG(s) dict_keys(['spark_postgres_test']) retrieved from /opt/airflow/dags/repo/Airflow/dags/spark_dag_2.py
[2023-01-18T13:57:16.563+0000] {logging_mixin.py:117} INFO - [2023-01-18T13:57:16.562+0000] {dag.py:2573} INFO - Sync 1 DAGs
[2023-01-18T13:57:16.933+0000] {logging_mixin.py:117} INFO - [2023-01-18T13:57:16.932+0000] {dag.py:3328} INFO - Setting next_dagrun for spark_postgres_test to 2023-01-16T00:00:00+00:00, run_after=2023-01-17T00:00:00+00:00
[2023-01-18T13:57:16.988+0000] {processor.py:178} INFO - Processing /opt/airflow/dags/repo/Airflow/dags/spark_dag_2.py took 1.464 seconds
[2023-01-18T13:57:47.299+0000] {processor.py:156} INFO - Started process (PID=31453) to work on /opt/airflow/dags/repo/Airflow/dags/spark_dag_2.py
[2023-01-18T13:57:47.302+0000] {processor.py:758} INFO - Processing file /opt/airflow/dags/repo/Airflow/dags/spark_dag_2.py for tasks to queue
[2023-01-18T13:57:47.304+0000] {logging_mixin.py:117} INFO - [2023-01-18T13:57:47.304+0000] {dagbag.py:525} INFO - Filling up the DagBag from /opt/airflow/dags/repo/Airflow/dags/spark_dag_2.py
[2023-01-18T13:57:48.170+0000] {logging_mixin.py:117} INFO - /opt/airflow
[2023-01-18T13:57:48.219+0000] {processor.py:768} INFO - DAG(s) dict_keys(['spark_postgres_test']) retrieved from /opt/airflow/dags/repo/Airflow/dags/spark_dag_2.py
[2023-01-18T13:57:48.321+0000] {logging_mixin.py:117} INFO - [2023-01-18T13:57:48.320+0000] {dag.py:2573} INFO - Sync 1 DAGs
[2023-01-18T13:57:48.712+0000] {logging_mixin.py:117} INFO - [2023-01-18T13:57:48.712+0000] {dag.py:3328} INFO - Setting next_dagrun for spark_postgres_test to 2023-01-18T00:00:00+00:00, run_after=2023-01-19T00:00:00+00:00
[2023-01-18T13:57:48.788+0000] {processor.py:178} INFO - Processing /opt/airflow/dags/repo/Airflow/dags/spark_dag_2.py took 1.498 seconds
[2023-01-18T13:58:19.107+0000] {processor.py:156} INFO - Started process (PID=31504) to work on /opt/airflow/dags/repo/Airflow/dags/spark_dag_2.py
[2023-01-18T13:58:19.109+0000] {processor.py:758} INFO - Processing file /opt/airflow/dags/repo/Airflow/dags/spark_dag_2.py for tasks to queue
[2023-01-18T13:58:19.111+0000] {logging_mixin.py:117} INFO - [2023-01-18T13:58:19.111+0000] {dagbag.py:525} INFO - Filling up the DagBag from /opt/airflow/dags/repo/Airflow/dags/spark_dag_2.py
[2023-01-18T13:58:19.860+0000] {logging_mixin.py:117} INFO - /opt/airflow
[2023-01-18T13:58:19.905+0000] {processor.py:768} INFO - DAG(s) dict_keys(['spark_postgres_test']) retrieved from /opt/airflow/dags/repo/Airflow/dags/spark_dag_2.py
[2023-01-18T13:58:20.235+0000] {logging_mixin.py:117} INFO - [2023-01-18T13:58:20.235+0000] {dag.py:2573} INFO - Sync 1 DAGs
[2023-01-18T13:58:20.300+0000] {logging_mixin.py:117} INFO - [2023-01-18T13:58:20.299+0000] {dag.py:3328} INFO - Setting next_dagrun for spark_postgres_test to 2023-01-18T00:00:00+00:00, run_after=2023-01-19T00:00:00+00:00
[2023-01-18T13:58:20.350+0000] {processor.py:178} INFO - Processing /opt/airflow/dags/repo/Airflow/dags/spark_dag_2.py took 1.255 seconds
[2023-01-18T13:58:50.533+0000] {processor.py:156} INFO - Started process (PID=31567) to work on /opt/airflow/dags/repo/Airflow/dags/spark_dag_2.py
[2023-01-18T13:58:50.536+0000] {processor.py:758} INFO - Processing file /opt/airflow/dags/repo/Airflow/dags/spark_dag_2.py for tasks to queue
[2023-01-18T13:58:50.538+0000] {logging_mixin.py:117} INFO - [2023-01-18T13:58:50.538+0000] {dagbag.py:525} INFO - Filling up the DagBag from /opt/airflow/dags/repo/Airflow/dags/spark_dag_2.py
[2023-01-18T13:58:51.279+0000] {logging_mixin.py:117} INFO - /opt/airflow
[2023-01-18T13:58:51.328+0000] {processor.py:768} INFO - DAG(s) dict_keys(['spark_postgres_test']) retrieved from /opt/airflow/dags/repo/Airflow/dags/spark_dag_2.py
[2023-01-18T13:58:51.676+0000] {logging_mixin.py:117} INFO - [2023-01-18T13:58:51.675+0000] {dag.py:2573} INFO - Sync 1 DAGs
[2023-01-18T13:58:51.746+0000] {logging_mixin.py:117} INFO - [2023-01-18T13:58:51.746+0000] {dag.py:3328} INFO - Setting next_dagrun for spark_postgres_test to 2023-01-18T00:00:00+00:00, run_after=2023-01-19T00:00:00+00:00
[2023-01-18T13:58:51.797+0000] {processor.py:178} INFO - Processing /opt/airflow/dags/repo/Airflow/dags/spark_dag_2.py took 1.276 seconds
[2023-01-18T13:59:22.574+0000] {processor.py:156} INFO - Started process (PID=31618) to work on /opt/airflow/dags/repo/Airflow/dags/spark_dag_2.py
[2023-01-18T13:59:22.577+0000] {processor.py:758} INFO - Processing file /opt/airflow/dags/repo/Airflow/dags/spark_dag_2.py for tasks to queue
[2023-01-18T13:59:22.579+0000] {logging_mixin.py:117} INFO - [2023-01-18T13:59:22.579+0000] {dagbag.py:525} INFO - Filling up the DagBag from /opt/airflow/dags/repo/Airflow/dags/spark_dag_2.py
[2023-01-18T13:59:23.279+0000] {logging_mixin.py:117} INFO - /opt/airflow
[2023-01-18T13:59:23.323+0000] {processor.py:768} INFO - DAG(s) dict_keys(['spark_postgres_test']) retrieved from /opt/airflow/dags/repo/Airflow/dags/spark_dag_2.py
[2023-01-18T13:59:23.651+0000] {logging_mixin.py:117} INFO - [2023-01-18T13:59:23.650+0000] {dag.py:2573} INFO - Sync 1 DAGs
[2023-01-18T13:59:23.716+0000] {logging_mixin.py:117} INFO - [2023-01-18T13:59:23.715+0000] {dag.py:3328} INFO - Setting next_dagrun for spark_postgres_test to 2023-01-18T00:00:00+00:00, run_after=2023-01-19T00:00:00+00:00
[2023-01-18T13:59:23.769+0000] {processor.py:178} INFO - Processing /opt/airflow/dags/repo/Airflow/dags/spark_dag_2.py took 1.203 seconds
[2023-01-18T13:59:54.264+0000] {processor.py:156} INFO - Started process (PID=31681) to work on /opt/airflow/dags/repo/Airflow/dags/spark_dag_2.py
[2023-01-18T13:59:54.266+0000] {processor.py:758} INFO - Processing file /opt/airflow/dags/repo/Airflow/dags/spark_dag_2.py for tasks to queue
[2023-01-18T13:59:54.267+0000] {logging_mixin.py:117} INFO - [2023-01-18T13:59:54.267+0000] {dagbag.py:525} INFO - Filling up the DagBag from /opt/airflow/dags/repo/Airflow/dags/spark_dag_2.py
[2023-01-18T13:59:54.960+0000] {logging_mixin.py:117} INFO - /opt/airflow
[2023-01-18T13:59:55.009+0000] {processor.py:768} INFO - DAG(s) dict_keys(['spark_postgres_test']) retrieved from /opt/airflow/dags/repo/Airflow/dags/spark_dag_2.py
[2023-01-18T13:59:55.328+0000] {logging_mixin.py:117} INFO - [2023-01-18T13:59:55.328+0000] {dag.py:2573} INFO - Sync 1 DAGs
[2023-01-18T13:59:55.389+0000] {logging_mixin.py:117} INFO - [2023-01-18T13:59:55.388+0000] {dag.py:3328} INFO - Setting next_dagrun for spark_postgres_test to 2023-01-18T00:00:00+00:00, run_after=2023-01-19T00:00:00+00:00
[2023-01-18T13:59:55.439+0000] {processor.py:178} INFO - Processing /opt/airflow/dags/repo/Airflow/dags/spark_dag_2.py took 1.185 seconds
[2023-01-18T14:00:26.300+0000] {processor.py:156} INFO - Started process (PID=31732) to work on /opt/airflow/dags/repo/Airflow/dags/spark_dag_2.py
[2023-01-18T14:00:26.303+0000] {processor.py:758} INFO - Processing file /opt/airflow/dags/repo/Airflow/dags/spark_dag_2.py for tasks to queue
[2023-01-18T14:00:26.305+0000] {logging_mixin.py:117} INFO - [2023-01-18T14:00:26.305+0000] {dagbag.py:525} INFO - Filling up the DagBag from /opt/airflow/dags/repo/Airflow/dags/spark_dag_2.py
[2023-01-18T14:00:27.005+0000] {logging_mixin.py:117} INFO - /opt/airflow
[2023-01-18T14:00:27.046+0000] {processor.py:768} INFO - DAG(s) dict_keys(['spark_postgres_test']) retrieved from /opt/airflow/dags/repo/Airflow/dags/spark_dag_2.py
[2023-01-18T14:00:27.135+0000] {logging_mixin.py:117} INFO - [2023-01-18T14:00:27.134+0000] {dag.py:2573} INFO - Sync 1 DAGs
[2023-01-18T14:00:27.451+0000] {logging_mixin.py:117} INFO - [2023-01-18T14:00:27.451+0000] {dag.py:3328} INFO - Setting next_dagrun for spark_postgres_test to 2023-01-18T00:00:00+00:00, run_after=2023-01-19T00:00:00+00:00
[2023-01-18T14:00:27.502+0000] {processor.py:178} INFO - Processing /opt/airflow/dags/repo/Airflow/dags/spark_dag_2.py took 1.210 seconds
[2023-01-18T14:00:57.688+0000] {processor.py:156} INFO - Started process (PID=31795) to work on /opt/airflow/dags/repo/Airflow/dags/spark_dag_2.py
[2023-01-18T14:00:57.690+0000] {processor.py:758} INFO - Processing file /opt/airflow/dags/repo/Airflow/dags/spark_dag_2.py for tasks to queue
[2023-01-18T14:00:57.692+0000] {logging_mixin.py:117} INFO - [2023-01-18T14:00:57.691+0000] {dagbag.py:525} INFO - Filling up the DagBag from /opt/airflow/dags/repo/Airflow/dags/spark_dag_2.py
[2023-01-18T14:00:58.416+0000] {logging_mixin.py:117} INFO - /opt/airflow
[2023-01-18T14:00:58.463+0000] {processor.py:768} INFO - DAG(s) dict_keys(['spark_postgres_test']) retrieved from /opt/airflow/dags/repo/Airflow/dags/spark_dag_2.py
[2023-01-18T14:00:58.558+0000] {logging_mixin.py:117} INFO - [2023-01-18T14:00:58.557+0000] {dag.py:2573} INFO - Sync 1 DAGs
[2023-01-18T14:00:58.872+0000] {logging_mixin.py:117} INFO - [2023-01-18T14:00:58.872+0000] {dag.py:3328} INFO - Setting next_dagrun for spark_postgres_test to 2023-01-18T00:00:00+00:00, run_after=2023-01-19T00:00:00+00:00
[2023-01-18T14:00:58.926+0000] {processor.py:178} INFO - Processing /opt/airflow/dags/repo/Airflow/dags/spark_dag_2.py took 1.246 seconds
[2023-01-18T14:01:29.056+0000] {processor.py:156} INFO - Started process (PID=31846) to work on /opt/airflow/dags/repo/Airflow/dags/spark_dag_2.py
[2023-01-18T14:01:29.058+0000] {processor.py:758} INFO - Processing file /opt/airflow/dags/repo/Airflow/dags/spark_dag_2.py for tasks to queue
[2023-01-18T14:01:29.060+0000] {logging_mixin.py:117} INFO - [2023-01-18T14:01:29.060+0000] {dagbag.py:525} INFO - Filling up the DagBag from /opt/airflow/dags/repo/Airflow/dags/spark_dag_2.py
[2023-01-18T14:01:29.738+0000] {logging_mixin.py:117} INFO - /opt/airflow
[2023-01-18T14:01:29.784+0000] {processor.py:768} INFO - DAG(s) dict_keys(['spark_postgres_test']) retrieved from /opt/airflow/dags/repo/Airflow/dags/spark_dag_2.py
[2023-01-18T14:01:30.102+0000] {logging_mixin.py:117} INFO - [2023-01-18T14:01:30.101+0000] {dag.py:2573} INFO - Sync 1 DAGs
[2023-01-18T14:01:30.173+0000] {logging_mixin.py:117} INFO - [2023-01-18T14:01:30.172+0000] {dag.py:3328} INFO - Setting next_dagrun for spark_postgres_test to 2023-01-18T00:00:00+00:00, run_after=2023-01-19T00:00:00+00:00
[2023-01-18T14:01:30.221+0000] {processor.py:178} INFO - Processing /opt/airflow/dags/repo/Airflow/dags/spark_dag_2.py took 1.172 seconds
[2023-01-18T14:02:00.548+0000] {processor.py:156} INFO - Started process (PID=31909) to work on /opt/airflow/dags/repo/Airflow/dags/spark_dag_2.py
[2023-01-18T14:02:00.550+0000] {processor.py:758} INFO - Processing file /opt/airflow/dags/repo/Airflow/dags/spark_dag_2.py for tasks to queue
[2023-01-18T14:02:00.551+0000] {logging_mixin.py:117} INFO - [2023-01-18T14:02:00.551+0000] {dagbag.py:525} INFO - Filling up the DagBag from /opt/airflow/dags/repo/Airflow/dags/spark_dag_2.py
[2023-01-18T14:02:01.281+0000] {logging_mixin.py:117} INFO - /opt/airflow
[2023-01-18T14:02:01.325+0000] {processor.py:768} INFO - DAG(s) dict_keys(['spark_postgres_test']) retrieved from /opt/airflow/dags/repo/Airflow/dags/spark_dag_2.py
[2023-01-18T14:02:01.647+0000] {logging_mixin.py:117} INFO - [2023-01-18T14:02:01.647+0000] {dag.py:2573} INFO - Sync 1 DAGs
[2023-01-18T14:02:01.708+0000] {logging_mixin.py:117} INFO - [2023-01-18T14:02:01.708+0000] {dag.py:3328} INFO - Setting next_dagrun for spark_postgres_test to 2023-01-18T00:00:00+00:00, run_after=2023-01-19T00:00:00+00:00
[2023-01-18T14:02:01.761+0000] {processor.py:178} INFO - Processing /opt/airflow/dags/repo/Airflow/dags/spark_dag_2.py took 1.219 seconds
[2023-01-18T14:02:32.033+0000] {processor.py:156} INFO - Started process (PID=31960) to work on /opt/airflow/dags/repo/Airflow/dags/spark_dag_2.py
[2023-01-18T14:02:32.036+0000] {processor.py:758} INFO - Processing file /opt/airflow/dags/repo/Airflow/dags/spark_dag_2.py for tasks to queue
[2023-01-18T14:02:32.041+0000] {logging_mixin.py:117} INFO - [2023-01-18T14:02:32.040+0000] {dagbag.py:525} INFO - Filling up the DagBag from /opt/airflow/dags/repo/Airflow/dags/spark_dag_2.py
[2023-01-18T14:02:32.743+0000] {logging_mixin.py:117} INFO - /opt/airflow
[2023-01-18T14:02:32.784+0000] {processor.py:768} INFO - DAG(s) dict_keys(['spark_postgres_test']) retrieved from /opt/airflow/dags/repo/Airflow/dags/spark_dag_2.py
[2023-01-18T14:02:33.117+0000] {logging_mixin.py:117} INFO - [2023-01-18T14:02:33.116+0000] {dag.py:2573} INFO - Sync 1 DAGs
[2023-01-18T14:02:33.190+0000] {logging_mixin.py:117} INFO - [2023-01-18T14:02:33.190+0000] {dag.py:3328} INFO - Setting next_dagrun for spark_postgres_test to 2023-01-18T00:00:00+00:00, run_after=2023-01-19T00:00:00+00:00
[2023-01-18T14:02:33.251+0000] {processor.py:178} INFO - Processing /opt/airflow/dags/repo/Airflow/dags/spark_dag_2.py took 1.230 seconds
[2023-01-18T14:03:03.527+0000] {processor.py:156} INFO - Started process (PID=32029) to work on /opt/airflow/dags/repo/Airflow/dags/spark_dag_2.py
[2023-01-18T14:03:03.529+0000] {processor.py:758} INFO - Processing file /opt/airflow/dags/repo/Airflow/dags/spark_dag_2.py for tasks to queue
[2023-01-18T14:03:03.531+0000] {logging_mixin.py:117} INFO - [2023-01-18T14:03:03.530+0000] {dagbag.py:525} INFO - Filling up the DagBag from /opt/airflow/dags/repo/Airflow/dags/spark_dag_2.py
[2023-01-18T14:03:04.228+0000] {logging_mixin.py:117} INFO - /opt/airflow
[2023-01-18T14:03:04.276+0000] {processor.py:768} INFO - DAG(s) dict_keys(['spark_postgres_test']) retrieved from /opt/airflow/dags/repo/Airflow/dags/spark_dag_2.py
[2023-01-18T14:03:04.616+0000] {logging_mixin.py:117} INFO - [2023-01-18T14:03:04.615+0000] {dag.py:2573} INFO - Sync 1 DAGs
[2023-01-18T14:03:04.683+0000] {logging_mixin.py:117} INFO - [2023-01-18T14:03:04.682+0000] {dag.py:3328} INFO - Setting next_dagrun for spark_postgres_test to 2023-01-18T00:00:00+00:00, run_after=2023-01-19T00:00:00+00:00
[2023-01-18T14:03:04.737+0000] {processor.py:178} INFO - Processing /opt/airflow/dags/repo/Airflow/dags/spark_dag_2.py took 1.220 seconds
[2023-01-18T14:03:34.943+0000] {processor.py:156} INFO - Started process (PID=32080) to work on /opt/airflow/dags/repo/Airflow/dags/spark_dag_2.py
[2023-01-18T14:03:34.945+0000] {processor.py:758} INFO - Processing file /opt/airflow/dags/repo/Airflow/dags/spark_dag_2.py for tasks to queue
[2023-01-18T14:03:34.947+0000] {logging_mixin.py:117} INFO - [2023-01-18T14:03:34.947+0000] {dagbag.py:525} INFO - Filling up the DagBag from /opt/airflow/dags/repo/Airflow/dags/spark_dag_2.py
[2023-01-18T14:03:35.664+0000] {logging_mixin.py:117} INFO - /opt/airflow
[2023-01-18T14:03:35.959+0000] {processor.py:768} INFO - DAG(s) dict_keys(['spark_postgres_test']) retrieved from /opt/airflow/dags/repo/Airflow/dags/spark_dag_2.py
[2023-01-18T14:03:36.037+0000] {logging_mixin.py:117} INFO - [2023-01-18T14:03:36.037+0000] {dag.py:2573} INFO - Sync 1 DAGs
[2023-01-18T14:03:36.106+0000] {logging_mixin.py:117} INFO - [2023-01-18T14:03:36.105+0000] {dag.py:3328} INFO - Setting next_dagrun for spark_postgres_test to 2023-01-18T00:00:00+00:00, run_after=2023-01-19T00:00:00+00:00
[2023-01-18T14:03:36.159+0000] {processor.py:178} INFO - Processing /opt/airflow/dags/repo/Airflow/dags/spark_dag_2.py took 1.223 seconds
[2023-01-18T14:04:06.338+0000] {processor.py:156} INFO - Started process (PID=32143) to work on /opt/airflow/dags/repo/Airflow/dags/spark_dag_2.py
[2023-01-18T14:04:06.340+0000] {processor.py:758} INFO - Processing file /opt/airflow/dags/repo/Airflow/dags/spark_dag_2.py for tasks to queue
[2023-01-18T14:04:06.342+0000] {logging_mixin.py:117} INFO - [2023-01-18T14:04:06.342+0000] {dagbag.py:525} INFO - Filling up the DagBag from /opt/airflow/dags/repo/Airflow/dags/spark_dag_2.py
[2023-01-18T14:04:07.038+0000] {logging_mixin.py:117} INFO - /opt/airflow
[2023-01-18T14:04:07.082+0000] {processor.py:768} INFO - DAG(s) dict_keys(['spark_postgres_test']) retrieved from /opt/airflow/dags/repo/Airflow/dags/spark_dag_2.py
[2023-01-18T14:04:07.168+0000] {logging_mixin.py:117} INFO - [2023-01-18T14:04:07.167+0000] {dag.py:2573} INFO - Sync 1 DAGs
[2023-01-18T14:04:07.464+0000] {logging_mixin.py:117} INFO - [2023-01-18T14:04:07.464+0000] {dag.py:3328} INFO - Setting next_dagrun for spark_postgres_test to 2023-01-18T00:00:00+00:00, run_after=2023-01-19T00:00:00+00:00
[2023-01-18T14:04:07.510+0000] {processor.py:178} INFO - Processing /opt/airflow/dags/repo/Airflow/dags/spark_dag_2.py took 1.182 seconds
[2023-01-18T14:04:38.412+0000] {processor.py:156} INFO - Started process (PID=32206) to work on /opt/airflow/dags/repo/Airflow/dags/spark_dag_2.py
[2023-01-18T14:04:38.414+0000] {processor.py:758} INFO - Processing file /opt/airflow/dags/repo/Airflow/dags/spark_dag_2.py for tasks to queue
[2023-01-18T14:04:38.416+0000] {logging_mixin.py:117} INFO - [2023-01-18T14:04:38.416+0000] {dagbag.py:525} INFO - Filling up the DagBag from /opt/airflow/dags/repo/Airflow/dags/spark_dag_2.py
[2023-01-18T14:04:39.163+0000] {logging_mixin.py:117} INFO - /opt/airflow
[2023-01-18T14:04:39.212+0000] {processor.py:768} INFO - DAG(s) dict_keys(['spark_postgres_test']) retrieved from /opt/airflow/dags/repo/Airflow/dags/spark_dag_2.py
[2023-01-18T14:04:39.564+0000] {logging_mixin.py:117} INFO - [2023-01-18T14:04:39.564+0000] {dag.py:2573} INFO - Sync 1 DAGs
[2023-01-18T14:04:39.628+0000] {logging_mixin.py:117} INFO - [2023-01-18T14:04:39.628+0000] {dag.py:3328} INFO - Setting next_dagrun for spark_postgres_test to 2023-01-18T00:00:00+00:00, run_after=2023-01-19T00:00:00+00:00
[2023-01-18T14:04:39.688+0000] {processor.py:178} INFO - Processing /opt/airflow/dags/repo/Airflow/dags/spark_dag_2.py took 1.284 seconds
[2023-01-18T14:05:09.841+0000] {processor.py:156} INFO - Started process (PID=32257) to work on /opt/airflow/dags/repo/Airflow/dags/spark_dag_2.py
[2023-01-18T14:05:09.844+0000] {processor.py:758} INFO - Processing file /opt/airflow/dags/repo/Airflow/dags/spark_dag_2.py for tasks to queue
[2023-01-18T14:05:09.846+0000] {logging_mixin.py:117} INFO - [2023-01-18T14:05:09.846+0000] {dagbag.py:525} INFO - Filling up the DagBag from /opt/airflow/dags/repo/Airflow/dags/spark_dag_2.py
[2023-01-18T14:05:10.570+0000] {logging_mixin.py:117} INFO - /opt/airflow
[2023-01-18T14:05:10.615+0000] {processor.py:768} INFO - DAG(s) dict_keys(['spark_postgres_test']) retrieved from /opt/airflow/dags/repo/Airflow/dags/spark_dag_2.py
[2023-01-18T14:05:10.940+0000] {logging_mixin.py:117} INFO - [2023-01-18T14:05:10.939+0000] {dag.py:2573} INFO - Sync 1 DAGs
[2023-01-18T14:05:11.001+0000] {logging_mixin.py:117} INFO - [2023-01-18T14:05:11.001+0000] {dag.py:3328} INFO - Setting next_dagrun for spark_postgres_test to 2023-01-18T00:00:00+00:00, run_after=2023-01-19T00:00:00+00:00
[2023-01-18T14:05:11.050+0000] {processor.py:178} INFO - Processing /opt/airflow/dags/repo/Airflow/dags/spark_dag_2.py took 1.217 seconds
[2023-01-18T14:05:41.410+0000] {processor.py:156} INFO - Started process (PID=32320) to work on /opt/airflow/dags/repo/Airflow/dags/spark_dag_2.py
[2023-01-18T14:05:41.413+0000] {processor.py:758} INFO - Processing file /opt/airflow/dags/repo/Airflow/dags/spark_dag_2.py for tasks to queue
[2023-01-18T14:05:41.417+0000] {logging_mixin.py:117} INFO - [2023-01-18T14:05:41.416+0000] {dagbag.py:525} INFO - Filling up the DagBag from /opt/airflow/dags/repo/Airflow/dags/spark_dag_2.py
[2023-01-18T14:05:42.304+0000] {logging_mixin.py:117} INFO - /opt/airflow
[2023-01-18T14:05:42.383+0000] {processor.py:768} INFO - DAG(s) dict_keys(['spark_postgres_test']) retrieved from /opt/airflow/dags/repo/Airflow/dags/spark_dag_2.py
[2023-01-18T14:05:42.734+0000] {logging_mixin.py:117} INFO - [2023-01-18T14:05:42.733+0000] {dag.py:2573} INFO - Sync 1 DAGs
[2023-01-18T14:05:42.815+0000] {logging_mixin.py:117} INFO - [2023-01-18T14:05:42.814+0000] {dag.py:3328} INFO - Setting next_dagrun for spark_postgres_test to 2023-01-18T00:00:00+00:00, run_after=2023-01-19T00:00:00+00:00
[2023-01-18T14:05:42.866+0000] {processor.py:178} INFO - Processing /opt/airflow/dags/repo/Airflow/dags/spark_dag_2.py took 1.466 seconds
[2023-01-18T14:06:12.996+0000] {processor.py:156} INFO - Started process (PID=32371) to work on /opt/airflow/dags/repo/Airflow/dags/spark_dag_2.py
[2023-01-18T14:06:12.997+0000] {processor.py:758} INFO - Processing file /opt/airflow/dags/repo/Airflow/dags/spark_dag_2.py for tasks to queue
[2023-01-18T14:06:12.999+0000] {logging_mixin.py:117} INFO - [2023-01-18T14:06:12.999+0000] {dagbag.py:525} INFO - Filling up the DagBag from /opt/airflow/dags/repo/Airflow/dags/spark_dag_2.py
[2023-01-18T14:06:13.738+0000] {logging_mixin.py:117} INFO - /opt/airflow
[2023-01-18T14:06:13.797+0000] {processor.py:768} INFO - DAG(s) dict_keys(['spark_postgres_test']) retrieved from /opt/airflow/dags/repo/Airflow/dags/spark_dag_2.py
[2023-01-18T14:06:14.129+0000] {logging_mixin.py:117} INFO - [2023-01-18T14:06:14.128+0000] {dag.py:2573} INFO - Sync 1 DAGs
[2023-01-18T14:06:14.198+0000] {logging_mixin.py:117} INFO - [2023-01-18T14:06:14.198+0000] {dag.py:3328} INFO - Setting next_dagrun for spark_postgres_test to 2023-01-18T00:00:00+00:00, run_after=2023-01-19T00:00:00+00:00
[2023-01-18T14:06:14.252+0000] {processor.py:178} INFO - Processing /opt/airflow/dags/repo/Airflow/dags/spark_dag_2.py took 1.264 seconds
[2023-01-18T14:06:44.528+0000] {processor.py:156} INFO - Started process (PID=32441) to work on /opt/airflow/dags/repo/Airflow/dags/spark_dag_2.py
[2023-01-18T14:06:44.530+0000] {processor.py:758} INFO - Processing file /opt/airflow/dags/repo/Airflow/dags/spark_dag_2.py for tasks to queue
[2023-01-18T14:06:44.531+0000] {logging_mixin.py:117} INFO - [2023-01-18T14:06:44.531+0000] {dagbag.py:525} INFO - Filling up the DagBag from /opt/airflow/dags/repo/Airflow/dags/spark_dag_2.py
[2023-01-18T14:06:45.228+0000] {logging_mixin.py:117} INFO - /opt/airflow
[2023-01-18T14:06:45.539+0000] {processor.py:768} INFO - DAG(s) dict_keys(['spark_postgres_test']) retrieved from /opt/airflow/dags/repo/Airflow/dags/spark_dag_2.py
[2023-01-18T14:06:45.618+0000] {logging_mixin.py:117} INFO - [2023-01-18T14:06:45.617+0000] {dag.py:2573} INFO - Sync 1 DAGs
[2023-01-18T14:06:45.682+0000] {logging_mixin.py:117} INFO - [2023-01-18T14:06:45.681+0000] {dag.py:3328} INFO - Setting next_dagrun for spark_postgres_test to 2023-01-18T00:00:00+00:00, run_after=2023-01-19T00:00:00+00:00
[2023-01-18T14:06:45.733+0000] {processor.py:178} INFO - Processing /opt/airflow/dags/repo/Airflow/dags/spark_dag_2.py took 1.222 seconds
[2023-01-18T14:07:15.946+0000] {processor.py:156} INFO - Started process (PID=32492) to work on /opt/airflow/dags/repo/Airflow/dags/spark_dag_2.py
[2023-01-18T14:07:15.948+0000] {processor.py:758} INFO - Processing file /opt/airflow/dags/repo/Airflow/dags/spark_dag_2.py for tasks to queue
[2023-01-18T14:07:15.950+0000] {logging_mixin.py:117} INFO - [2023-01-18T14:07:15.950+0000] {dagbag.py:525} INFO - Filling up the DagBag from /opt/airflow/dags/repo/Airflow/dags/spark_dag_2.py
[2023-01-18T14:07:16.737+0000] {logging_mixin.py:117} INFO - /opt/airflow
[2023-01-18T14:07:16.785+0000] {processor.py:768} INFO - DAG(s) dict_keys(['spark_postgres_test']) retrieved from /opt/airflow/dags/repo/Airflow/dags/spark_dag_2.py
[2023-01-18T14:07:16.881+0000] {logging_mixin.py:117} INFO - [2023-01-18T14:07:16.880+0000] {dag.py:2573} INFO - Sync 1 DAGs
[2023-01-18T14:07:17.202+0000] {logging_mixin.py:117} INFO - [2023-01-18T14:07:17.202+0000] {dag.py:3328} INFO - Setting next_dagrun for spark_postgres_test to 2023-01-18T00:00:00+00:00, run_after=2023-01-19T00:00:00+00:00
[2023-01-18T14:07:17.254+0000] {processor.py:178} INFO - Processing /opt/airflow/dags/repo/Airflow/dags/spark_dag_2.py took 1.317 seconds
[2023-01-18T14:07:47.504+0000] {processor.py:156} INFO - Started process (PID=32555) to work on /opt/airflow/dags/repo/Airflow/dags/spark_dag_2.py
[2023-01-18T14:07:47.506+0000] {processor.py:758} INFO - Processing file /opt/airflow/dags/repo/Airflow/dags/spark_dag_2.py for tasks to queue
[2023-01-18T14:07:47.507+0000] {logging_mixin.py:117} INFO - [2023-01-18T14:07:47.507+0000] {dagbag.py:525} INFO - Filling up the DagBag from /opt/airflow/dags/repo/Airflow/dags/spark_dag_2.py
[2023-01-18T14:07:48.170+0000] {logging_mixin.py:117} INFO - /opt/airflow
[2023-01-18T14:07:48.227+0000] {processor.py:768} INFO - DAG(s) dict_keys(['spark_postgres_test']) retrieved from /opt/airflow/dags/repo/Airflow/dags/spark_dag_2.py
[2023-01-18T14:07:48.570+0000] {logging_mixin.py:117} INFO - [2023-01-18T14:07:48.570+0000] {dag.py:2573} INFO - Sync 1 DAGs
[2023-01-18T14:07:48.634+0000] {logging_mixin.py:117} INFO - [2023-01-18T14:07:48.633+0000] {dag.py:3328} INFO - Setting next_dagrun for spark_postgres_test to 2023-01-18T00:00:00+00:00, run_after=2023-01-19T00:00:00+00:00
[2023-01-18T14:07:48.679+0000] {processor.py:178} INFO - Processing /opt/airflow/dags/repo/Airflow/dags/spark_dag_2.py took 1.183 seconds
[2023-01-18T14:08:18.882+0000] {processor.py:156} INFO - Started process (PID=32606) to work on /opt/airflow/dags/repo/Airflow/dags/spark_dag_2.py
[2023-01-18T14:08:18.884+0000] {processor.py:758} INFO - Processing file /opt/airflow/dags/repo/Airflow/dags/spark_dag_2.py for tasks to queue
[2023-01-18T14:08:18.886+0000] {logging_mixin.py:117} INFO - [2023-01-18T14:08:18.885+0000] {dagbag.py:525} INFO - Filling up the DagBag from /opt/airflow/dags/repo/Airflow/dags/spark_dag_2.py
[2023-01-18T14:08:19.560+0000] {logging_mixin.py:117} INFO - /opt/airflow
[2023-01-18T14:08:19.609+0000] {processor.py:768} INFO - DAG(s) dict_keys(['spark_postgres_test']) retrieved from /opt/airflow/dags/repo/Airflow/dags/spark_dag_2.py
[2023-01-18T14:08:19.923+0000] {logging_mixin.py:117} INFO - [2023-01-18T14:08:19.923+0000] {dag.py:2573} INFO - Sync 1 DAGs
[2023-01-18T14:08:19.985+0000] {logging_mixin.py:117} INFO - [2023-01-18T14:08:19.984+0000] {dag.py:3328} INFO - Setting next_dagrun for spark_postgres_test to 2023-01-18T00:00:00+00:00, run_after=2023-01-19T00:00:00+00:00
[2023-01-18T14:08:20.033+0000] {processor.py:178} INFO - Processing /opt/airflow/dags/repo/Airflow/dags/spark_dag_2.py took 1.158 seconds
[2023-01-18T14:08:50.178+0000] {processor.py:156} INFO - Started process (PID=32669) to work on /opt/airflow/dags/repo/Airflow/dags/spark_dag_2.py
[2023-01-18T14:08:50.180+0000] {processor.py:758} INFO - Processing file /opt/airflow/dags/repo/Airflow/dags/spark_dag_2.py for tasks to queue
[2023-01-18T14:08:50.182+0000] {logging_mixin.py:117} INFO - [2023-01-18T14:08:50.181+0000] {dagbag.py:525} INFO - Filling up the DagBag from /opt/airflow/dags/repo/Airflow/dags/spark_dag_2.py
[2023-01-18T14:08:50.857+0000] {logging_mixin.py:117} INFO - /opt/airflow
[2023-01-18T14:08:50.907+0000] {processor.py:768} INFO - DAG(s) dict_keys(['spark_postgres_test']) retrieved from /opt/airflow/dags/repo/Airflow/dags/spark_dag_2.py
[2023-01-18T14:08:51.236+0000] {logging_mixin.py:117} INFO - [2023-01-18T14:08:51.236+0000] {dag.py:2573} INFO - Sync 1 DAGs
[2023-01-18T14:08:51.300+0000] {logging_mixin.py:117} INFO - [2023-01-18T14:08:51.299+0000] {dag.py:3328} INFO - Setting next_dagrun for spark_postgres_test to 2023-01-18T00:00:00+00:00, run_after=2023-01-19T00:00:00+00:00
[2023-01-18T14:08:51.350+0000] {processor.py:178} INFO - Processing /opt/airflow/dags/repo/Airflow/dags/spark_dag_2.py took 1.181 seconds
[2023-01-18T14:09:21.614+0000] {processor.py:156} INFO - Started process (PID=32720) to work on /opt/airflow/dags/repo/Airflow/dags/spark_dag_2.py
[2023-01-18T14:09:21.615+0000] {processor.py:758} INFO - Processing file /opt/airflow/dags/repo/Airflow/dags/spark_dag_2.py for tasks to queue
[2023-01-18T14:09:21.617+0000] {logging_mixin.py:117} INFO - [2023-01-18T14:09:21.616+0000] {dagbag.py:525} INFO - Filling up the DagBag from /opt/airflow/dags/repo/Airflow/dags/spark_dag_2.py
[2023-01-18T14:09:22.324+0000] {logging_mixin.py:117} INFO - /opt/airflow
[2023-01-18T14:09:22.376+0000] {processor.py:768} INFO - DAG(s) dict_keys(['spark_postgres_test']) retrieved from /opt/airflow/dags/repo/Airflow/dags/spark_dag_2.py
[2023-01-18T14:09:22.687+0000] {logging_mixin.py:117} INFO - [2023-01-18T14:09:22.686+0000] {dag.py:2573} INFO - Sync 1 DAGs
[2023-01-18T14:09:22.748+0000] {logging_mixin.py:117} INFO - [2023-01-18T14:09:22.747+0000] {dag.py:3328} INFO - Setting next_dagrun for spark_postgres_test to 2023-01-18T00:00:00+00:00, run_after=2023-01-19T00:00:00+00:00
[2023-01-18T14:09:22.799+0000] {processor.py:178} INFO - Processing /opt/airflow/dags/repo/Airflow/dags/spark_dag_2.py took 1.192 seconds
[2023-01-18T14:09:52.960+0000] {processor.py:156} INFO - Started process (PID=32783) to work on /opt/airflow/dags/repo/Airflow/dags/spark_dag_2.py
[2023-01-18T14:09:52.962+0000] {processor.py:758} INFO - Processing file /opt/airflow/dags/repo/Airflow/dags/spark_dag_2.py for tasks to queue
[2023-01-18T14:09:52.964+0000] {logging_mixin.py:117} INFO - [2023-01-18T14:09:52.964+0000] {dagbag.py:525} INFO - Filling up the DagBag from /opt/airflow/dags/repo/Airflow/dags/spark_dag_2.py
[2023-01-18T14:09:54.065+0000] {logging_mixin.py:117} INFO - /opt/airflow
[2023-01-18T14:09:54.126+0000] {processor.py:768} INFO - DAG(s) dict_keys(['spark_postgres_test']) retrieved from /opt/airflow/dags/repo/Airflow/dags/spark_dag_2.py
[2023-01-18T14:09:54.210+0000] {logging_mixin.py:117} INFO - [2023-01-18T14:09:54.209+0000] {dag.py:2573} INFO - Sync 1 DAGs
[2023-01-18T14:09:54.276+0000] {logging_mixin.py:117} INFO - [2023-01-18T14:09:54.276+0000] {dag.py:3328} INFO - Setting next_dagrun for spark_postgres_test to 2023-01-18T00:00:00+00:00, run_after=2023-01-19T00:00:00+00:00
[2023-01-18T14:09:54.330+0000] {processor.py:178} INFO - Processing /opt/airflow/dags/repo/Airflow/dags/spark_dag_2.py took 1.379 seconds
[2023-01-18T14:10:24.482+0000] {processor.py:156} INFO - Started process (PID=32841) to work on /opt/airflow/dags/repo/Airflow/dags/spark_dag_2.py
[2023-01-18T14:10:24.484+0000] {processor.py:758} INFO - Processing file /opt/airflow/dags/repo/Airflow/dags/spark_dag_2.py for tasks to queue
[2023-01-18T14:10:24.486+0000] {logging_mixin.py:117} INFO - [2023-01-18T14:10:24.485+0000] {dagbag.py:525} INFO - Filling up the DagBag from /opt/airflow/dags/repo/Airflow/dags/spark_dag_2.py
[2023-01-18T14:10:25.179+0000] {logging_mixin.py:117} INFO - /opt/airflow
[2023-01-18T14:10:25.225+0000] {processor.py:768} INFO - DAG(s) dict_keys(['spark_postgres_test']) retrieved from /opt/airflow/dags/repo/Airflow/dags/spark_dag_2.py
[2023-01-18T14:10:25.328+0000] {logging_mixin.py:117} INFO - [2023-01-18T14:10:25.327+0000] {dag.py:2573} INFO - Sync 1 DAGs
[2023-01-18T14:10:25.640+0000] {logging_mixin.py:117} INFO - [2023-01-18T14:10:25.640+0000] {dag.py:3328} INFO - Setting next_dagrun for spark_postgres_test to 2023-01-18T00:00:00+00:00, run_after=2023-01-19T00:00:00+00:00
[2023-01-18T14:10:25.685+0000] {processor.py:178} INFO - Processing /opt/airflow/dags/repo/Airflow/dags/spark_dag_2.py took 1.211 seconds
[2023-01-18T14:10:55.882+0000] {processor.py:156} INFO - Started process (PID=32903) to work on /opt/airflow/dags/repo/Airflow/dags/spark_dag_2.py
[2023-01-18T14:10:55.885+0000] {processor.py:758} INFO - Processing file /opt/airflow/dags/repo/Airflow/dags/spark_dag_2.py for tasks to queue
[2023-01-18T14:10:55.887+0000] {logging_mixin.py:117} INFO - [2023-01-18T14:10:55.887+0000] {dagbag.py:525} INFO - Filling up the DagBag from /opt/airflow/dags/repo/Airflow/dags/spark_dag_2.py
[2023-01-18T14:10:56.646+0000] {logging_mixin.py:117} INFO - /opt/airflow
[2023-01-18T14:10:56.705+0000] {processor.py:768} INFO - DAG(s) dict_keys(['spark_postgres_test']) retrieved from /opt/airflow/dags/repo/Airflow/dags/spark_dag_2.py
[2023-01-18T14:10:57.058+0000] {logging_mixin.py:117} INFO - [2023-01-18T14:10:57.056+0000] {dag.py:2573} INFO - Sync 1 DAGs
[2023-01-18T14:10:57.130+0000] {logging_mixin.py:117} INFO - [2023-01-18T14:10:57.130+0000] {dag.py:3328} INFO - Setting next_dagrun for spark_postgres_test to 2023-01-18T00:00:00+00:00, run_after=2023-01-19T00:00:00+00:00
[2023-01-18T14:10:57.191+0000] {processor.py:178} INFO - Processing /opt/airflow/dags/repo/Airflow/dags/spark_dag_2.py took 1.318 seconds
[2023-01-18T14:11:28.090+0000] {processor.py:156} INFO - Started process (PID=32955) to work on /opt/airflow/dags/repo/Airflow/dags/spark_dag_2.py
[2023-01-18T14:11:28.092+0000] {processor.py:758} INFO - Processing file /opt/airflow/dags/repo/Airflow/dags/spark_dag_2.py for tasks to queue
[2023-01-18T14:11:28.094+0000] {logging_mixin.py:117} INFO - [2023-01-18T14:11:28.093+0000] {dagbag.py:525} INFO - Filling up the DagBag from /opt/airflow/dags/repo/Airflow/dags/spark_dag_2.py
[2023-01-18T14:11:28.768+0000] {logging_mixin.py:117} INFO - /opt/airflow
[2023-01-18T14:11:28.815+0000] {processor.py:768} INFO - DAG(s) dict_keys(['spark_postgres_test']) retrieved from /opt/airflow/dags/repo/Airflow/dags/spark_dag_2.py
[2023-01-18T14:11:29.137+0000] {logging_mixin.py:117} INFO - [2023-01-18T14:11:29.137+0000] {dag.py:2573} INFO - Sync 1 DAGs
[2023-01-18T14:11:29.210+0000] {logging_mixin.py:117} INFO - [2023-01-18T14:11:29.209+0000] {dag.py:3328} INFO - Setting next_dagrun for spark_postgres_test to 2023-01-18T00:00:00+00:00, run_after=2023-01-19T00:00:00+00:00
[2023-01-18T14:11:29.258+0000] {processor.py:178} INFO - Processing /opt/airflow/dags/repo/Airflow/dags/spark_dag_2.py took 1.176 seconds
[2023-01-18T14:11:59.583+0000] {processor.py:156} INFO - Started process (PID=33033) to work on /opt/airflow/dags/repo/Airflow/dags/spark_dag_2.py
[2023-01-18T14:11:59.586+0000] {processor.py:758} INFO - Processing file /opt/airflow/dags/repo/Airflow/dags/spark_dag_2.py for tasks to queue
[2023-01-18T14:11:59.588+0000] {logging_mixin.py:117} INFO - [2023-01-18T14:11:59.588+0000] {dagbag.py:525} INFO - Filling up the DagBag from /opt/airflow/dags/repo/Airflow/dags/spark_dag_2.py
[2023-01-18T14:12:00.339+0000] {logging_mixin.py:117} INFO - /opt/airflow
[2023-01-18T14:12:00.398+0000] {processor.py:768} INFO - DAG(s) dict_keys(['spark_postgres_test']) retrieved from /opt/airflow/dags/repo/Airflow/dags/spark_dag_2.py
[2023-01-18T14:12:00.737+0000] {logging_mixin.py:117} INFO - [2023-01-18T14:12:00.736+0000] {dag.py:2573} INFO - Sync 1 DAGs
[2023-01-18T14:12:00.800+0000] {logging_mixin.py:117} INFO - [2023-01-18T14:12:00.799+0000] {dag.py:3328} INFO - Setting next_dagrun for spark_postgres_test to 2023-01-18T00:00:00+00:00, run_after=2023-01-19T00:00:00+00:00
[2023-01-18T14:12:00.860+0000] {processor.py:178} INFO - Processing /opt/airflow/dags/repo/Airflow/dags/spark_dag_2.py took 1.290 seconds
[2023-01-18T14:12:31.027+0000] {processor.py:156} INFO - Started process (PID=33091) to work on /opt/airflow/dags/repo/Airflow/dags/spark_dag_2.py
[2023-01-18T14:12:31.029+0000] {processor.py:758} INFO - Processing file /opt/airflow/dags/repo/Airflow/dags/spark_dag_2.py for tasks to queue
[2023-01-18T14:12:31.031+0000] {logging_mixin.py:117} INFO - [2023-01-18T14:12:31.031+0000] {dagbag.py:525} INFO - Filling up the DagBag from /opt/airflow/dags/repo/Airflow/dags/spark_dag_2.py
[2023-01-18T14:12:31.722+0000] {logging_mixin.py:117} INFO - /opt/airflow
[2023-01-18T14:12:32.033+0000] {processor.py:768} INFO - DAG(s) dict_keys(['spark_postgres_test']) retrieved from /opt/airflow/dags/repo/Airflow/dags/spark_dag_2.py
[2023-01-18T14:12:32.112+0000] {logging_mixin.py:117} INFO - [2023-01-18T14:12:32.111+0000] {dag.py:2573} INFO - Sync 1 DAGs
[2023-01-18T14:12:32.175+0000] {logging_mixin.py:117} INFO - [2023-01-18T14:12:32.175+0000] {dag.py:3328} INFO - Setting next_dagrun for spark_postgres_test to 2023-01-18T00:00:00+00:00, run_after=2023-01-19T00:00:00+00:00
[2023-01-18T14:12:32.222+0000] {processor.py:178} INFO - Processing /opt/airflow/dags/repo/Airflow/dags/spark_dag_2.py took 1.202 seconds
[2023-01-18T14:13:02.423+0000] {processor.py:156} INFO - Started process (PID=33154) to work on /opt/airflow/dags/repo/Airflow/dags/spark_dag_2.py
[2023-01-18T14:13:02.425+0000] {processor.py:758} INFO - Processing file /opt/airflow/dags/repo/Airflow/dags/spark_dag_2.py for tasks to queue
[2023-01-18T14:13:02.427+0000] {logging_mixin.py:117} INFO - [2023-01-18T14:13:02.427+0000] {dagbag.py:525} INFO - Filling up the DagBag from /opt/airflow/dags/repo/Airflow/dags/spark_dag_2.py
[2023-01-18T14:13:03.315+0000] {logging_mixin.py:117} INFO - /opt/airflow
[2023-01-18T14:13:03.359+0000] {processor.py:768} INFO - DAG(s) dict_keys(['spark_postgres_test']) retrieved from /opt/airflow/dags/repo/Airflow/dags/spark_dag_2.py
[2023-01-18T14:13:03.437+0000] {logging_mixin.py:117} INFO - [2023-01-18T14:13:03.436+0000] {dag.py:2573} INFO - Sync 1 DAGs
[2023-01-18T14:13:03.502+0000] {logging_mixin.py:117} INFO - [2023-01-18T14:13:03.502+0000] {dag.py:3328} INFO - Setting next_dagrun for spark_postgres_test to 2023-01-18T00:00:00+00:00, run_after=2023-01-19T00:00:00+00:00
[2023-01-18T14:13:03.550+0000] {processor.py:178} INFO - Processing /opt/airflow/dags/repo/Airflow/dags/spark_dag_2.py took 1.135 seconds
[2023-01-18T14:13:33.833+0000] {processor.py:156} INFO - Started process (PID=33204) to work on /opt/airflow/dags/repo/Airflow/dags/spark_dag_2.py
[2023-01-18T14:13:33.835+0000] {processor.py:758} INFO - Processing file /opt/airflow/dags/repo/Airflow/dags/spark_dag_2.py for tasks to queue
[2023-01-18T14:13:33.837+0000] {logging_mixin.py:117} INFO - [2023-01-18T14:13:33.837+0000] {dagbag.py:525} INFO - Filling up the DagBag from /opt/airflow/dags/repo/Airflow/dags/spark_dag_2.py
[2023-01-18T14:13:34.560+0000] {logging_mixin.py:117} INFO - /opt/airflow
[2023-01-18T14:13:34.612+0000] {processor.py:768} INFO - DAG(s) dict_keys(['spark_postgres_test']) retrieved from /opt/airflow/dags/repo/Airflow/dags/spark_dag_2.py
[2023-01-18T14:13:34.700+0000] {logging_mixin.py:117} INFO - [2023-01-18T14:13:34.700+0000] {dag.py:2573} INFO - Sync 1 DAGs
[2023-01-18T14:13:35.009+0000] {logging_mixin.py:117} INFO - [2023-01-18T14:13:35.009+0000] {dag.py:3328} INFO - Setting next_dagrun for spark_postgres_test to 2023-01-18T00:00:00+00:00, run_after=2023-01-19T00:00:00+00:00
[2023-01-18T14:13:35.058+0000] {processor.py:178} INFO - Processing /opt/airflow/dags/repo/Airflow/dags/spark_dag_2.py took 1.232 seconds
[2023-01-18T14:14:05.188+0000] {processor.py:156} INFO - Started process (PID=33267) to work on /opt/airflow/dags/repo/Airflow/dags/spark_dag_2.py
[2023-01-18T14:14:05.190+0000] {processor.py:758} INFO - Processing file /opt/airflow/dags/repo/Airflow/dags/spark_dag_2.py for tasks to queue
[2023-01-18T14:14:05.192+0000] {logging_mixin.py:117} INFO - [2023-01-18T14:14:05.191+0000] {dagbag.py:525} INFO - Filling up the DagBag from /opt/airflow/dags/repo/Airflow/dags/spark_dag_2.py
[2023-01-18T14:14:05.858+0000] {logging_mixin.py:117} INFO - /opt/airflow
[2023-01-18T14:14:05.898+0000] {processor.py:768} INFO - DAG(s) dict_keys(['spark_postgres_test']) retrieved from /opt/airflow/dags/repo/Airflow/dags/spark_dag_2.py
[2023-01-18T14:14:06.211+0000] {logging_mixin.py:117} INFO - [2023-01-18T14:14:06.210+0000] {dag.py:2573} INFO - Sync 1 DAGs
[2023-01-18T14:14:06.272+0000] {logging_mixin.py:117} INFO - [2023-01-18T14:14:06.272+0000] {dag.py:3328} INFO - Setting next_dagrun for spark_postgres_test to 2023-01-18T00:00:00+00:00, run_after=2023-01-19T00:00:00+00:00
[2023-01-18T14:14:06.318+0000] {processor.py:178} INFO - Processing /opt/airflow/dags/repo/Airflow/dags/spark_dag_2.py took 1.138 seconds
[2023-01-18T14:14:36.512+0000] {processor.py:156} INFO - Started process (PID=33318) to work on /opt/airflow/dags/repo/Airflow/dags/spark_dag_2.py
[2023-01-18T14:14:36.514+0000] {processor.py:758} INFO - Processing file /opt/airflow/dags/repo/Airflow/dags/spark_dag_2.py for tasks to queue
[2023-01-18T14:14:36.516+0000] {logging_mixin.py:117} INFO - [2023-01-18T14:14:36.515+0000] {dagbag.py:525} INFO - Filling up the DagBag from /opt/airflow/dags/repo/Airflow/dags/spark_dag_2.py
[2023-01-18T14:14:37.211+0000] {logging_mixin.py:117} INFO - /opt/airflow
[2023-01-18T14:14:37.256+0000] {processor.py:768} INFO - DAG(s) dict_keys(['spark_postgres_test']) retrieved from /opt/airflow/dags/repo/Airflow/dags/spark_dag_2.py
[2023-01-18T14:14:37.573+0000] {logging_mixin.py:117} INFO - [2023-01-18T14:14:37.573+0000] {dag.py:2573} INFO - Sync 1 DAGs
[2023-01-18T14:14:37.639+0000] {logging_mixin.py:117} INFO - [2023-01-18T14:14:37.638+0000] {dag.py:3328} INFO - Setting next_dagrun for spark_postgres_test to 2023-01-18T00:00:00+00:00, run_after=2023-01-19T00:00:00+00:00
[2023-01-18T14:14:37.691+0000] {processor.py:178} INFO - Processing /opt/airflow/dags/repo/Airflow/dags/spark_dag_2.py took 1.187 seconds
[2023-01-18T14:15:07.916+0000] {processor.py:156} INFO - Started process (PID=33381) to work on /opt/airflow/dags/repo/Airflow/dags/spark_dag_2.py
[2023-01-18T14:15:07.918+0000] {processor.py:758} INFO - Processing file /opt/airflow/dags/repo/Airflow/dags/spark_dag_2.py for tasks to queue
[2023-01-18T14:15:07.923+0000] {logging_mixin.py:117} INFO - [2023-01-18T14:15:07.923+0000] {dagbag.py:525} INFO - Filling up the DagBag from /opt/airflow/dags/repo/Airflow/dags/spark_dag_2.py
[2023-01-18T14:15:08.622+0000] {logging_mixin.py:117} INFO - /opt/airflow
[2023-01-18T14:15:08.663+0000] {processor.py:768} INFO - DAG(s) dict_keys(['spark_postgres_test']) retrieved from /opt/airflow/dags/repo/Airflow/dags/spark_dag_2.py
[2023-01-18T14:15:08.986+0000] {logging_mixin.py:117} INFO - [2023-01-18T14:15:08.985+0000] {dag.py:2573} INFO - Sync 1 DAGs
[2023-01-18T14:15:09.045+0000] {logging_mixin.py:117} INFO - [2023-01-18T14:15:09.045+0000] {dag.py:3328} INFO - Setting next_dagrun for spark_postgres_test to 2023-01-18T00:00:00+00:00, run_after=2023-01-19T00:00:00+00:00
[2023-01-18T14:15:09.096+0000] {processor.py:178} INFO - Processing /opt/airflow/dags/repo/Airflow/dags/spark_dag_2.py took 1.189 seconds
[2023-01-18T14:15:39.277+0000] {processor.py:156} INFO - Started process (PID=33444) to work on /opt/airflow/dags/repo/Airflow/dags/spark_dag_2.py
[2023-01-18T14:15:39.279+0000] {processor.py:758} INFO - Processing file /opt/airflow/dags/repo/Airflow/dags/spark_dag_2.py for tasks to queue
[2023-01-18T14:15:39.283+0000] {logging_mixin.py:117} INFO - [2023-01-18T14:15:39.283+0000] {dagbag.py:525} INFO - Filling up the DagBag from /opt/airflow/dags/repo/Airflow/dags/spark_dag_2.py
[2023-01-18T14:15:39.944+0000] {logging_mixin.py:117} INFO - /opt/airflow
[2023-01-18T14:15:40.237+0000] {processor.py:768} INFO - DAG(s) dict_keys(['spark_postgres_test']) retrieved from /opt/airflow/dags/repo/Airflow/dags/spark_dag_2.py
[2023-01-18T14:15:40.334+0000] {logging_mixin.py:117} INFO - [2023-01-18T14:15:40.333+0000] {dag.py:2573} INFO - Sync 1 DAGs
[2023-01-18T14:15:40.402+0000] {logging_mixin.py:117} INFO - [2023-01-18T14:15:40.402+0000] {dag.py:3328} INFO - Setting next_dagrun for spark_postgres_test to 2023-01-18T00:00:00+00:00, run_after=2023-01-19T00:00:00+00:00
[2023-01-18T14:15:40.455+0000] {processor.py:178} INFO - Processing /opt/airflow/dags/repo/Airflow/dags/spark_dag_2.py took 1.186 seconds
[2023-01-18T14:16:10.699+0000] {processor.py:156} INFO - Started process (PID=33495) to work on /opt/airflow/dags/repo/Airflow/dags/spark_dag_2.py
[2023-01-18T14:16:10.701+0000] {processor.py:758} INFO - Processing file /opt/airflow/dags/repo/Airflow/dags/spark_dag_2.py for tasks to queue
[2023-01-18T14:16:10.702+0000] {logging_mixin.py:117} INFO - [2023-01-18T14:16:10.702+0000] {dagbag.py:525} INFO - Filling up the DagBag from /opt/airflow/dags/repo/Airflow/dags/spark_dag_2.py
[2023-01-18T14:16:11.611+0000] {logging_mixin.py:117} INFO - /opt/airflow
[2023-01-18T14:16:11.652+0000] {processor.py:768} INFO - DAG(s) dict_keys(['spark_postgres_test']) retrieved from /opt/airflow/dags/repo/Airflow/dags/spark_dag_2.py
[2023-01-18T14:16:11.735+0000] {logging_mixin.py:117} INFO - [2023-01-18T14:16:11.734+0000] {dag.py:2573} INFO - Sync 1 DAGs
[2023-01-18T14:16:11.804+0000] {logging_mixin.py:117} INFO - [2023-01-18T14:16:11.804+0000] {dag.py:3328} INFO - Setting next_dagrun for spark_postgres_test to 2023-01-18T00:00:00+00:00, run_after=2023-01-19T00:00:00+00:00
[2023-01-18T14:16:11.856+0000] {processor.py:178} INFO - Processing /opt/airflow/dags/repo/Airflow/dags/spark_dag_2.py took 1.167 seconds
[2023-01-18T14:16:42.576+0000] {processor.py:156} INFO - Started process (PID=33558) to work on /opt/airflow/dags/repo/Airflow/dags/spark_dag_2.py
[2023-01-18T14:16:42.578+0000] {processor.py:758} INFO - Processing file /opt/airflow/dags/repo/Airflow/dags/spark_dag_2.py for tasks to queue
[2023-01-18T14:16:42.580+0000] {logging_mixin.py:117} INFO - [2023-01-18T14:16:42.580+0000] {dagbag.py:525} INFO - Filling up the DagBag from /opt/airflow/dags/repo/Airflow/dags/spark_dag_2.py
[2023-01-18T14:16:43.485+0000] {logging_mixin.py:117} INFO - /opt/airflow
[2023-01-18T14:16:43.532+0000] {processor.py:768} INFO - DAG(s) dict_keys(['spark_postgres_test']) retrieved from /opt/airflow/dags/repo/Airflow/dags/spark_dag_2.py
[2023-01-18T14:16:43.611+0000] {logging_mixin.py:117} INFO - [2023-01-18T14:16:43.610+0000] {dag.py:2573} INFO - Sync 1 DAGs
[2023-01-18T14:16:43.675+0000] {logging_mixin.py:117} INFO - [2023-01-18T14:16:43.675+0000] {dag.py:3328} INFO - Setting next_dagrun for spark_postgres_test to 2023-01-18T00:00:00+00:00, run_after=2023-01-19T00:00:00+00:00
[2023-01-18T14:16:43.726+0000] {processor.py:178} INFO - Processing /opt/airflow/dags/repo/Airflow/dags/spark_dag_2.py took 1.161 seconds
[2023-01-18T14:17:14.394+0000] {processor.py:156} INFO - Started process (PID=33609) to work on /opt/airflow/dags/repo/Airflow/dags/spark_dag_2.py
[2023-01-18T14:17:14.396+0000] {processor.py:758} INFO - Processing file /opt/airflow/dags/repo/Airflow/dags/spark_dag_2.py for tasks to queue
[2023-01-18T14:17:14.398+0000] {logging_mixin.py:117} INFO - [2023-01-18T14:17:14.398+0000] {dagbag.py:525} INFO - Filling up the DagBag from /opt/airflow/dags/repo/Airflow/dags/spark_dag_2.py
[2023-01-18T14:17:15.103+0000] {logging_mixin.py:117} INFO - /opt/airflow
[2023-01-18T14:17:15.148+0000] {processor.py:768} INFO - DAG(s) dict_keys(['spark_postgres_test']) retrieved from /opt/airflow/dags/repo/Airflow/dags/spark_dag_2.py
[2023-01-18T14:17:15.479+0000] {logging_mixin.py:117} INFO - [2023-01-18T14:17:15.478+0000] {dag.py:2573} INFO - Sync 1 DAGs
[2023-01-18T14:17:15.547+0000] {logging_mixin.py:117} INFO - [2023-01-18T14:17:15.546+0000] {dag.py:3328} INFO - Setting next_dagrun for spark_postgres_test to 2023-01-18T00:00:00+00:00, run_after=2023-01-19T00:00:00+00:00
[2023-01-18T14:17:15.596+0000] {processor.py:178} INFO - Processing /opt/airflow/dags/repo/Airflow/dags/spark_dag_2.py took 1.212 seconds
[2023-01-18T14:17:45.864+0000] {processor.py:156} INFO - Started process (PID=33672) to work on /opt/airflow/dags/repo/Airflow/dags/spark_dag_2.py
[2023-01-18T14:17:45.866+0000] {processor.py:758} INFO - Processing file /opt/airflow/dags/repo/Airflow/dags/spark_dag_2.py for tasks to queue
[2023-01-18T14:17:45.868+0000] {logging_mixin.py:117} INFO - [2023-01-18T14:17:45.868+0000] {dagbag.py:525} INFO - Filling up the DagBag from /opt/airflow/dags/repo/Airflow/dags/spark_dag_2.py
[2023-01-18T14:17:46.634+0000] {logging_mixin.py:117} INFO - /opt/airflow
[2023-01-18T14:17:46.699+0000] {processor.py:768} INFO - DAG(s) dict_keys(['spark_postgres_test']) retrieved from /opt/airflow/dags/repo/Airflow/dags/spark_dag_2.py
[2023-01-18T14:17:47.077+0000] {logging_mixin.py:117} INFO - [2023-01-18T14:17:47.076+0000] {dag.py:2573} INFO - Sync 1 DAGs
[2023-01-18T14:17:47.141+0000] {logging_mixin.py:117} INFO - [2023-01-18T14:17:47.141+0000] {dag.py:3328} INFO - Setting next_dagrun for spark_postgres_test to 2023-01-18T00:00:00+00:00, run_after=2023-01-19T00:00:00+00:00
[2023-01-18T14:17:47.201+0000] {processor.py:178} INFO - Processing /opt/airflow/dags/repo/Airflow/dags/spark_dag_2.py took 1.345 seconds
[2023-01-18T14:18:17.367+0000] {processor.py:156} INFO - Started process (PID=33723) to work on /opt/airflow/dags/repo/Airflow/dags/spark_dag_2.py
[2023-01-18T14:18:17.369+0000] {processor.py:758} INFO - Processing file /opt/airflow/dags/repo/Airflow/dags/spark_dag_2.py for tasks to queue
[2023-01-18T14:18:17.371+0000] {logging_mixin.py:117} INFO - [2023-01-18T14:18:17.371+0000] {dagbag.py:525} INFO - Filling up the DagBag from /opt/airflow/dags/repo/Airflow/dags/spark_dag_2.py
[2023-01-18T14:18:18.073+0000] {logging_mixin.py:117} INFO - /opt/airflow
[2023-01-18T14:18:18.123+0000] {processor.py:768} INFO - DAG(s) dict_keys(['spark_postgres_test']) retrieved from /opt/airflow/dags/repo/Airflow/dags/spark_dag_2.py
[2023-01-18T14:18:18.444+0000] {logging_mixin.py:117} INFO - [2023-01-18T14:18:18.443+0000] {dag.py:2573} INFO - Sync 1 DAGs
[2023-01-18T14:18:18.519+0000] {logging_mixin.py:117} INFO - [2023-01-18T14:18:18.519+0000] {dag.py:3328} INFO - Setting next_dagrun for spark_postgres_test to 2023-01-18T00:00:00+00:00, run_after=2023-01-19T00:00:00+00:00
[2023-01-18T14:18:18.580+0000] {processor.py:178} INFO - Processing /opt/airflow/dags/repo/Airflow/dags/spark_dag_2.py took 1.221 seconds
[2023-01-18T14:18:48.811+0000] {processor.py:156} INFO - Started process (PID=33786) to work on /opt/airflow/dags/repo/Airflow/dags/spark_dag_2.py
[2023-01-18T14:18:48.813+0000] {processor.py:758} INFO - Processing file /opt/airflow/dags/repo/Airflow/dags/spark_dag_2.py for tasks to queue
[2023-01-18T14:18:48.815+0000] {logging_mixin.py:117} INFO - [2023-01-18T14:18:48.815+0000] {dagbag.py:525} INFO - Filling up the DagBag from /opt/airflow/dags/repo/Airflow/dags/spark_dag_2.py
[2023-01-18T14:18:49.528+0000] {logging_mixin.py:117} INFO - /opt/airflow
[2023-01-18T14:18:49.822+0000] {processor.py:768} INFO - DAG(s) dict_keys(['spark_postgres_test']) retrieved from /opt/airflow/dags/repo/Airflow/dags/spark_dag_2.py
[2023-01-18T14:18:49.902+0000] {logging_mixin.py:117} INFO - [2023-01-18T14:18:49.902+0000] {dag.py:2573} INFO - Sync 1 DAGs
[2023-01-18T14:18:49.969+0000] {logging_mixin.py:117} INFO - [2023-01-18T14:18:49.969+0000] {dag.py:3328} INFO - Setting next_dagrun for spark_postgres_test to 2023-01-18T00:00:00+00:00, run_after=2023-01-19T00:00:00+00:00
[2023-01-18T14:18:50.019+0000] {processor.py:178} INFO - Processing /opt/airflow/dags/repo/Airflow/dags/spark_dag_2.py took 1.219 seconds
[2023-01-18T14:19:20.224+0000] {processor.py:156} INFO - Started process (PID=33837) to work on /opt/airflow/dags/repo/Airflow/dags/spark_dag_2.py
[2023-01-18T14:19:20.226+0000] {processor.py:758} INFO - Processing file /opt/airflow/dags/repo/Airflow/dags/spark_dag_2.py for tasks to queue
[2023-01-18T14:19:20.228+0000] {logging_mixin.py:117} INFO - [2023-01-18T14:19:20.228+0000] {dagbag.py:525} INFO - Filling up the DagBag from /opt/airflow/dags/repo/Airflow/dags/spark_dag_2.py
[2023-01-18T14:19:21.177+0000] {logging_mixin.py:117} INFO - /opt/airflow
[2023-01-18T14:19:21.227+0000] {processor.py:768} INFO - DAG(s) dict_keys(['spark_postgres_test']) retrieved from /opt/airflow/dags/repo/Airflow/dags/spark_dag_2.py
[2023-01-18T14:19:21.318+0000] {logging_mixin.py:117} INFO - [2023-01-18T14:19:21.317+0000] {dag.py:2573} INFO - Sync 1 DAGs
[2023-01-18T14:19:21.387+0000] {logging_mixin.py:117} INFO - [2023-01-18T14:19:21.386+0000] {dag.py:3328} INFO - Setting next_dagrun for spark_postgres_test to 2023-01-18T00:00:00+00:00, run_after=2023-01-19T00:00:00+00:00
[2023-01-18T14:19:21.440+0000] {processor.py:178} INFO - Processing /opt/airflow/dags/repo/Airflow/dags/spark_dag_2.py took 1.225 seconds
[2023-01-18T14:19:51.814+0000] {processor.py:156} INFO - Started process (PID=33900) to work on /opt/airflow/dags/repo/Airflow/dags/spark_dag_2.py
[2023-01-18T14:19:51.816+0000] {processor.py:758} INFO - Processing file /opt/airflow/dags/repo/Airflow/dags/spark_dag_2.py for tasks to queue
[2023-01-18T14:19:51.819+0000] {logging_mixin.py:117} INFO - [2023-01-18T14:19:51.818+0000] {dagbag.py:525} INFO - Filling up the DagBag from /opt/airflow/dags/repo/Airflow/dags/spark_dag_2.py
[2023-01-18T14:19:52.805+0000] {logging_mixin.py:117} INFO - /opt/airflow
[2023-01-18T14:19:52.848+0000] {processor.py:768} INFO - DAG(s) dict_keys(['spark_postgres_test']) retrieved from /opt/airflow/dags/repo/Airflow/dags/spark_dag_2.py
[2023-01-18T14:19:52.926+0000] {logging_mixin.py:117} INFO - [2023-01-18T14:19:52.926+0000] {dag.py:2573} INFO - Sync 1 DAGs
[2023-01-18T14:19:52.990+0000] {logging_mixin.py:117} INFO - [2023-01-18T14:19:52.989+0000] {dag.py:3328} INFO - Setting next_dagrun for spark_postgres_test to 2023-01-18T00:00:00+00:00, run_after=2023-01-19T00:00:00+00:00
[2023-01-18T14:19:53.038+0000] {processor.py:178} INFO - Processing /opt/airflow/dags/repo/Airflow/dags/spark_dag_2.py took 1.233 seconds
[2023-01-18T14:20:23.271+0000] {processor.py:156} INFO - Started process (PID=33951) to work on /opt/airflow/dags/repo/Airflow/dags/spark_dag_2.py
[2023-01-18T14:20:23.273+0000] {processor.py:758} INFO - Processing file /opt/airflow/dags/repo/Airflow/dags/spark_dag_2.py for tasks to queue
[2023-01-18T14:20:23.275+0000] {logging_mixin.py:117} INFO - [2023-01-18T14:20:23.275+0000] {dagbag.py:525} INFO - Filling up the DagBag from /opt/airflow/dags/repo/Airflow/dags/spark_dag_2.py
[2023-01-18T14:20:23.998+0000] {logging_mixin.py:117} INFO - /opt/airflow
[2023-01-18T14:20:24.050+0000] {processor.py:768} INFO - DAG(s) dict_keys(['spark_postgres_test']) retrieved from /opt/airflow/dags/repo/Airflow/dags/spark_dag_2.py
[2023-01-18T14:20:24.387+0000] {logging_mixin.py:117} INFO - [2023-01-18T14:20:24.387+0000] {dag.py:2573} INFO - Sync 1 DAGs
[2023-01-18T14:20:24.458+0000] {logging_mixin.py:117} INFO - [2023-01-18T14:20:24.457+0000] {dag.py:3328} INFO - Setting next_dagrun for spark_postgres_test to 2023-01-18T00:00:00+00:00, run_after=2023-01-19T00:00:00+00:00
[2023-01-18T14:20:24.518+0000] {processor.py:178} INFO - Processing /opt/airflow/dags/repo/Airflow/dags/spark_dag_2.py took 1.255 seconds
[2023-01-18T14:20:54.686+0000] {processor.py:156} INFO - Started process (PID=34015) to work on /opt/airflow/dags/repo/Airflow/dags/spark_dag_2.py
[2023-01-18T14:20:54.688+0000] {processor.py:758} INFO - Processing file /opt/airflow/dags/repo/Airflow/dags/spark_dag_2.py for tasks to queue
[2023-01-18T14:20:54.690+0000] {logging_mixin.py:117} INFO - [2023-01-18T14:20:54.690+0000] {dagbag.py:525} INFO - Filling up the DagBag from /opt/airflow/dags/repo/Airflow/dags/spark_dag_2.py
[2023-01-18T14:20:55.355+0000] {logging_mixin.py:117} INFO - /opt/airflow
[2023-01-18T14:20:55.403+0000] {processor.py:768} INFO - DAG(s) dict_keys(['spark_postgres_test']) retrieved from /opt/airflow/dags/repo/Airflow/dags/spark_dag_2.py
[2023-01-18T14:20:55.736+0000] {logging_mixin.py:117} INFO - [2023-01-18T14:20:55.735+0000] {dag.py:2573} INFO - Sync 1 DAGs
[2023-01-18T14:20:55.802+0000] {logging_mixin.py:117} INFO - [2023-01-18T14:20:55.802+0000] {dag.py:3328} INFO - Setting next_dagrun for spark_postgres_test to 2023-01-18T00:00:00+00:00, run_after=2023-01-19T00:00:00+00:00
[2023-01-18T14:20:55.851+0000] {processor.py:178} INFO - Processing /opt/airflow/dags/repo/Airflow/dags/spark_dag_2.py took 1.173 seconds
