[2023-01-18T04:15:58.327+0000] {processor.py:156} INFO - Started process (PID=56) to work on /opt/airflow/dags/repo/Airflow/dags/task_flow_api_dag.py
[2023-01-18T04:15:58.330+0000] {processor.py:758} INFO - Processing file /opt/airflow/dags/repo/Airflow/dags/task_flow_api_dag.py for tasks to queue
[2023-01-18T04:15:58.333+0000] {logging_mixin.py:117} INFO - [2023-01-18T04:15:58.332+0000] {dagbag.py:525} INFO - Filling up the DagBag from /opt/airflow/dags/repo/Airflow/dags/task_flow_api_dag.py
[2023-01-18T04:15:58.338+0000] {processor.py:770} WARNING - No viable dags retrieved from /opt/airflow/dags/repo/Airflow/dags/task_flow_api_dag.py
[2023-01-18T04:15:58.406+0000] {processor.py:178} INFO - Processing /opt/airflow/dags/repo/Airflow/dags/task_flow_api_dag.py took 0.089 seconds
[2023-01-18T04:16:29.367+0000] {processor.py:156} INFO - Started process (PID=102) to work on /opt/airflow/dags/repo/Airflow/dags/task_flow_api_dag.py
[2023-01-18T04:16:29.372+0000] {processor.py:758} INFO - Processing file /opt/airflow/dags/repo/Airflow/dags/task_flow_api_dag.py for tasks to queue
[2023-01-18T04:16:29.374+0000] {logging_mixin.py:117} INFO - [2023-01-18T04:16:29.373+0000] {dagbag.py:525} INFO - Filling up the DagBag from /opt/airflow/dags/repo/Airflow/dags/task_flow_api_dag.py
[2023-01-18T04:16:29.378+0000] {processor.py:770} WARNING - No viable dags retrieved from /opt/airflow/dags/repo/Airflow/dags/task_flow_api_dag.py
[2023-01-18T04:16:29.433+0000] {processor.py:178} INFO - Processing /opt/airflow/dags/repo/Airflow/dags/task_flow_api_dag.py took 0.077 seconds
[2023-01-18T04:16:59.798+0000] {processor.py:156} INFO - Started process (PID=138) to work on /opt/airflow/dags/repo/Airflow/dags/task_flow_api_dag.py
[2023-01-18T04:16:59.800+0000] {processor.py:758} INFO - Processing file /opt/airflow/dags/repo/Airflow/dags/task_flow_api_dag.py for tasks to queue
[2023-01-18T04:16:59.803+0000] {logging_mixin.py:117} INFO - [2023-01-18T04:16:59.803+0000] {dagbag.py:525} INFO - Filling up the DagBag from /opt/airflow/dags/repo/Airflow/dags/task_flow_api_dag.py
[2023-01-18T04:16:59.808+0000] {processor.py:770} WARNING - No viable dags retrieved from /opt/airflow/dags/repo/Airflow/dags/task_flow_api_dag.py
[2023-01-18T04:16:59.871+0000] {processor.py:178} INFO - Processing /opt/airflow/dags/repo/Airflow/dags/task_flow_api_dag.py took 0.081 seconds
[2023-01-18T04:17:30.375+0000] {processor.py:156} INFO - Started process (PID=187) to work on /opt/airflow/dags/repo/Airflow/dags/task_flow_api_dag.py
[2023-01-18T04:17:30.387+0000] {processor.py:758} INFO - Processing file /opt/airflow/dags/repo/Airflow/dags/task_flow_api_dag.py for tasks to queue
[2023-01-18T04:17:30.390+0000] {logging_mixin.py:117} INFO - [2023-01-18T04:17:30.389+0000] {dagbag.py:525} INFO - Filling up the DagBag from /opt/airflow/dags/repo/Airflow/dags/task_flow_api_dag.py
[2023-01-18T04:17:30.396+0000] {processor.py:770} WARNING - No viable dags retrieved from /opt/airflow/dags/repo/Airflow/dags/task_flow_api_dag.py
[2023-01-18T04:17:30.476+0000] {processor.py:178} INFO - Processing /opt/airflow/dags/repo/Airflow/dags/task_flow_api_dag.py took 0.113 seconds
[2023-01-18T04:18:01.189+0000] {processor.py:156} INFO - Started process (PID=223) to work on /opt/airflow/dags/repo/Airflow/dags/task_flow_api_dag.py
[2023-01-18T04:18:01.213+0000] {processor.py:758} INFO - Processing file /opt/airflow/dags/repo/Airflow/dags/task_flow_api_dag.py for tasks to queue
[2023-01-18T04:18:01.229+0000] {logging_mixin.py:117} INFO - [2023-01-18T04:18:01.229+0000] {dagbag.py:525} INFO - Filling up the DagBag from /opt/airflow/dags/repo/Airflow/dags/task_flow_api_dag.py
[2023-01-18T04:18:01.236+0000] {processor.py:770} WARNING - No viable dags retrieved from /opt/airflow/dags/repo/Airflow/dags/task_flow_api_dag.py
[2023-01-18T04:18:01.306+0000] {processor.py:178} INFO - Processing /opt/airflow/dags/repo/Airflow/dags/task_flow_api_dag.py took 0.128 seconds
[2023-01-18T04:18:31.658+0000] {processor.py:156} INFO - Started process (PID=272) to work on /opt/airflow/dags/repo/Airflow/dags/task_flow_api_dag.py
[2023-01-18T04:18:31.684+0000] {processor.py:758} INFO - Processing file /opt/airflow/dags/repo/Airflow/dags/task_flow_api_dag.py for tasks to queue
[2023-01-18T04:18:31.693+0000] {logging_mixin.py:117} INFO - [2023-01-18T04:18:31.686+0000] {dagbag.py:525} INFO - Filling up the DagBag from /opt/airflow/dags/repo/Airflow/dags/task_flow_api_dag.py
[2023-01-18T04:18:31.709+0000] {processor.py:770} WARNING - No viable dags retrieved from /opt/airflow/dags/repo/Airflow/dags/task_flow_api_dag.py
[2023-01-18T04:18:31.779+0000] {processor.py:178} INFO - Processing /opt/airflow/dags/repo/Airflow/dags/task_flow_api_dag.py took 0.140 seconds
[2023-01-18T04:19:02.205+0000] {processor.py:156} INFO - Started process (PID=308) to work on /opt/airflow/dags/repo/Airflow/dags/task_flow_api_dag.py
[2023-01-18T04:19:02.209+0000] {processor.py:758} INFO - Processing file /opt/airflow/dags/repo/Airflow/dags/task_flow_api_dag.py for tasks to queue
[2023-01-18T04:19:02.212+0000] {logging_mixin.py:117} INFO - [2023-01-18T04:19:02.212+0000] {dagbag.py:525} INFO - Filling up the DagBag from /opt/airflow/dags/repo/Airflow/dags/task_flow_api_dag.py
[2023-01-18T04:19:02.217+0000] {processor.py:770} WARNING - No viable dags retrieved from /opt/airflow/dags/repo/Airflow/dags/task_flow_api_dag.py
[2023-01-18T04:19:02.280+0000] {processor.py:178} INFO - Processing /opt/airflow/dags/repo/Airflow/dags/task_flow_api_dag.py took 0.088 seconds
[2023-01-18T04:19:32.426+0000] {processor.py:156} INFO - Started process (PID=357) to work on /opt/airflow/dags/repo/Airflow/dags/task_flow_api_dag.py
[2023-01-18T04:19:32.458+0000] {processor.py:758} INFO - Processing file /opt/airflow/dags/repo/Airflow/dags/task_flow_api_dag.py for tasks to queue
[2023-01-18T04:19:32.464+0000] {logging_mixin.py:117} INFO - [2023-01-18T04:19:32.463+0000] {dagbag.py:525} INFO - Filling up the DagBag from /opt/airflow/dags/repo/Airflow/dags/task_flow_api_dag.py
[2023-01-18T04:19:32.469+0000] {processor.py:770} WARNING - No viable dags retrieved from /opt/airflow/dags/repo/Airflow/dags/task_flow_api_dag.py
[2023-01-18T04:19:32.521+0000] {processor.py:178} INFO - Processing /opt/airflow/dags/repo/Airflow/dags/task_flow_api_dag.py took 0.105 seconds
[2023-01-18T04:20:03.156+0000] {processor.py:156} INFO - Started process (PID=393) to work on /opt/airflow/dags/repo/Airflow/dags/task_flow_api_dag.py
[2023-01-18T04:20:03.173+0000] {processor.py:758} INFO - Processing file /opt/airflow/dags/repo/Airflow/dags/task_flow_api_dag.py for tasks to queue
[2023-01-18T04:20:03.179+0000] {logging_mixin.py:117} INFO - [2023-01-18T04:20:03.178+0000] {dagbag.py:525} INFO - Filling up the DagBag from /opt/airflow/dags/repo/Airflow/dags/task_flow_api_dag.py
[2023-01-18T04:20:03.189+0000] {processor.py:770} WARNING - No viable dags retrieved from /opt/airflow/dags/repo/Airflow/dags/task_flow_api_dag.py
[2023-01-18T04:20:03.254+0000] {processor.py:178} INFO - Processing /opt/airflow/dags/repo/Airflow/dags/task_flow_api_dag.py took 0.110 seconds
[2023-01-18T04:20:33.537+0000] {processor.py:156} INFO - Started process (PID=441) to work on /opt/airflow/dags/repo/Airflow/dags/task_flow_api_dag.py
[2023-01-18T04:20:33.555+0000] {processor.py:758} INFO - Processing file /opt/airflow/dags/repo/Airflow/dags/task_flow_api_dag.py for tasks to queue
[2023-01-18T04:20:33.558+0000] {logging_mixin.py:117} INFO - [2023-01-18T04:20:33.557+0000] {dagbag.py:525} INFO - Filling up the DagBag from /opt/airflow/dags/repo/Airflow/dags/task_flow_api_dag.py
[2023-01-18T04:20:33.562+0000] {processor.py:770} WARNING - No viable dags retrieved from /opt/airflow/dags/repo/Airflow/dags/task_flow_api_dag.py
[2023-01-18T04:20:33.624+0000] {processor.py:178} INFO - Processing /opt/airflow/dags/repo/Airflow/dags/task_flow_api_dag.py took 0.099 seconds
[2023-01-18T04:21:04.571+0000] {processor.py:156} INFO - Started process (PID=477) to work on /opt/airflow/dags/repo/Airflow/dags/task_flow_api_dag.py
[2023-01-18T04:21:04.580+0000] {processor.py:758} INFO - Processing file /opt/airflow/dags/repo/Airflow/dags/task_flow_api_dag.py for tasks to queue
[2023-01-18T04:21:04.583+0000] {logging_mixin.py:117} INFO - [2023-01-18T04:21:04.583+0000] {dagbag.py:525} INFO - Filling up the DagBag from /opt/airflow/dags/repo/Airflow/dags/task_flow_api_dag.py
[2023-01-18T04:21:04.587+0000] {processor.py:770} WARNING - No viable dags retrieved from /opt/airflow/dags/repo/Airflow/dags/task_flow_api_dag.py
[2023-01-18T04:21:04.643+0000] {processor.py:178} INFO - Processing /opt/airflow/dags/repo/Airflow/dags/task_flow_api_dag.py took 0.084 seconds
[2023-01-18T04:21:34.816+0000] {processor.py:156} INFO - Started process (PID=525) to work on /opt/airflow/dags/repo/Airflow/dags/task_flow_api_dag.py
[2023-01-18T04:21:34.825+0000] {processor.py:758} INFO - Processing file /opt/airflow/dags/repo/Airflow/dags/task_flow_api_dag.py for tasks to queue
[2023-01-18T04:21:34.828+0000] {logging_mixin.py:117} INFO - [2023-01-18T04:21:34.828+0000] {dagbag.py:525} INFO - Filling up the DagBag from /opt/airflow/dags/repo/Airflow/dags/task_flow_api_dag.py
[2023-01-18T04:21:34.833+0000] {processor.py:770} WARNING - No viable dags retrieved from /opt/airflow/dags/repo/Airflow/dags/task_flow_api_dag.py
[2023-01-18T04:21:34.902+0000] {processor.py:178} INFO - Processing /opt/airflow/dags/repo/Airflow/dags/task_flow_api_dag.py took 0.095 seconds
[2023-01-18T04:22:05.213+0000] {processor.py:156} INFO - Started process (PID=561) to work on /opt/airflow/dags/repo/Airflow/dags/task_flow_api_dag.py
[2023-01-18T04:22:05.234+0000] {processor.py:758} INFO - Processing file /opt/airflow/dags/repo/Airflow/dags/task_flow_api_dag.py for tasks to queue
[2023-01-18T04:22:05.239+0000] {logging_mixin.py:117} INFO - [2023-01-18T04:22:05.238+0000] {dagbag.py:525} INFO - Filling up the DagBag from /opt/airflow/dags/repo/Airflow/dags/task_flow_api_dag.py
[2023-01-18T04:22:05.245+0000] {processor.py:770} WARNING - No viable dags retrieved from /opt/airflow/dags/repo/Airflow/dags/task_flow_api_dag.py
[2023-01-18T04:22:05.362+0000] {processor.py:178} INFO - Processing /opt/airflow/dags/repo/Airflow/dags/task_flow_api_dag.py took 0.161 seconds
[2023-01-18T04:22:36.216+0000] {processor.py:156} INFO - Started process (PID=609) to work on /opt/airflow/dags/repo/Airflow/dags/task_flow_api_dag.py
[2023-01-18T04:22:36.222+0000] {processor.py:758} INFO - Processing file /opt/airflow/dags/repo/Airflow/dags/task_flow_api_dag.py for tasks to queue
[2023-01-18T04:22:36.227+0000] {logging_mixin.py:117} INFO - [2023-01-18T04:22:36.226+0000] {dagbag.py:525} INFO - Filling up the DagBag from /opt/airflow/dags/repo/Airflow/dags/task_flow_api_dag.py
[2023-01-18T04:22:36.231+0000] {processor.py:770} WARNING - No viable dags retrieved from /opt/airflow/dags/repo/Airflow/dags/task_flow_api_dag.py
[2023-01-18T04:22:36.294+0000] {processor.py:178} INFO - Processing /opt/airflow/dags/repo/Airflow/dags/task_flow_api_dag.py took 0.090 seconds
[2023-01-18T04:23:06.553+0000] {processor.py:156} INFO - Started process (PID=645) to work on /opt/airflow/dags/repo/Airflow/dags/task_flow_api_dag.py
[2023-01-18T04:23:06.590+0000] {processor.py:758} INFO - Processing file /opt/airflow/dags/repo/Airflow/dags/task_flow_api_dag.py for tasks to queue
[2023-01-18T04:23:06.593+0000] {logging_mixin.py:117} INFO - [2023-01-18T04:23:06.592+0000] {dagbag.py:525} INFO - Filling up the DagBag from /opt/airflow/dags/repo/Airflow/dags/task_flow_api_dag.py
[2023-01-18T04:23:06.597+0000] {processor.py:770} WARNING - No viable dags retrieved from /opt/airflow/dags/repo/Airflow/dags/task_flow_api_dag.py
[2023-01-18T04:23:06.687+0000] {processor.py:178} INFO - Processing /opt/airflow/dags/repo/Airflow/dags/task_flow_api_dag.py took 0.143 seconds
[2023-01-18T04:23:37.189+0000] {processor.py:156} INFO - Started process (PID=685) to work on /opt/airflow/dags/repo/Airflow/dags/task_flow_api_dag.py
[2023-01-18T04:23:37.194+0000] {processor.py:758} INFO - Processing file /opt/airflow/dags/repo/Airflow/dags/task_flow_api_dag.py for tasks to queue
[2023-01-18T04:23:37.199+0000] {logging_mixin.py:117} INFO - [2023-01-18T04:23:37.198+0000] {dagbag.py:525} INFO - Filling up the DagBag from /opt/airflow/dags/repo/Airflow/dags/task_flow_api_dag.py
[2023-01-18T04:23:37.210+0000] {processor.py:770} WARNING - No viable dags retrieved from /opt/airflow/dags/repo/Airflow/dags/task_flow_api_dag.py
[2023-01-18T04:23:37.320+0000] {processor.py:178} INFO - Processing /opt/airflow/dags/repo/Airflow/dags/task_flow_api_dag.py took 0.143 seconds
[2023-01-18T04:24:07.937+0000] {processor.py:156} INFO - Started process (PID=721) to work on /opt/airflow/dags/repo/Airflow/dags/task_flow_api_dag.py
[2023-01-18T04:24:07.948+0000] {processor.py:758} INFO - Processing file /opt/airflow/dags/repo/Airflow/dags/task_flow_api_dag.py for tasks to queue
[2023-01-18T04:24:07.951+0000] {logging_mixin.py:117} INFO - [2023-01-18T04:24:07.950+0000] {dagbag.py:525} INFO - Filling up the DagBag from /opt/airflow/dags/repo/Airflow/dags/task_flow_api_dag.py
[2023-01-18T04:24:07.959+0000] {processor.py:770} WARNING - No viable dags retrieved from /opt/airflow/dags/repo/Airflow/dags/task_flow_api_dag.py
[2023-01-18T04:24:08.020+0000] {processor.py:178} INFO - Processing /opt/airflow/dags/repo/Airflow/dags/task_flow_api_dag.py took 0.095 seconds
[2023-01-18T04:24:38.696+0000] {processor.py:156} INFO - Started process (PID=768) to work on /opt/airflow/dags/repo/Airflow/dags/task_flow_api_dag.py
[2023-01-18T04:24:38.702+0000] {processor.py:758} INFO - Processing file /opt/airflow/dags/repo/Airflow/dags/task_flow_api_dag.py for tasks to queue
[2023-01-18T04:24:38.704+0000] {logging_mixin.py:117} INFO - [2023-01-18T04:24:38.704+0000] {dagbag.py:525} INFO - Filling up the DagBag from /opt/airflow/dags/repo/Airflow/dags/task_flow_api_dag.py
[2023-01-18T04:24:38.708+0000] {processor.py:770} WARNING - No viable dags retrieved from /opt/airflow/dags/repo/Airflow/dags/task_flow_api_dag.py
[2023-01-18T04:24:38.787+0000] {processor.py:178} INFO - Processing /opt/airflow/dags/repo/Airflow/dags/task_flow_api_dag.py took 0.105 seconds
[2023-01-18T04:25:09.292+0000] {processor.py:156} INFO - Started process (PID=804) to work on /opt/airflow/dags/repo/Airflow/dags/task_flow_api_dag.py
[2023-01-18T04:25:09.302+0000] {processor.py:758} INFO - Processing file /opt/airflow/dags/repo/Airflow/dags/task_flow_api_dag.py for tasks to queue
[2023-01-18T04:25:09.306+0000] {logging_mixin.py:117} INFO - [2023-01-18T04:25:09.305+0000] {dagbag.py:525} INFO - Filling up the DagBag from /opt/airflow/dags/repo/Airflow/dags/task_flow_api_dag.py
[2023-01-18T04:25:09.313+0000] {processor.py:770} WARNING - No viable dags retrieved from /opt/airflow/dags/repo/Airflow/dags/task_flow_api_dag.py
[2023-01-18T04:25:09.371+0000] {processor.py:178} INFO - Processing /opt/airflow/dags/repo/Airflow/dags/task_flow_api_dag.py took 0.095 seconds
[2023-01-18T04:25:40.132+0000] {processor.py:156} INFO - Started process (PID=852) to work on /opt/airflow/dags/repo/Airflow/dags/task_flow_api_dag.py
[2023-01-18T04:25:40.154+0000] {processor.py:758} INFO - Processing file /opt/airflow/dags/repo/Airflow/dags/task_flow_api_dag.py for tasks to queue
[2023-01-18T04:25:40.172+0000] {logging_mixin.py:117} INFO - [2023-01-18T04:25:40.163+0000] {dagbag.py:525} INFO - Filling up the DagBag from /opt/airflow/dags/repo/Airflow/dags/task_flow_api_dag.py
[2023-01-18T04:25:40.183+0000] {processor.py:770} WARNING - No viable dags retrieved from /opt/airflow/dags/repo/Airflow/dags/task_flow_api_dag.py
[2023-01-18T04:25:40.250+0000] {processor.py:178} INFO - Processing /opt/airflow/dags/repo/Airflow/dags/task_flow_api_dag.py took 0.128 seconds
[2023-01-18T04:30:32.718+0000] {processor.py:156} INFO - Started process (PID=63) to work on /opt/airflow/dags/repo/Airflow/dags/task_flow_api_dag.py
[2023-01-18T04:30:32.720+0000] {processor.py:758} INFO - Processing file /opt/airflow/dags/repo/Airflow/dags/task_flow_api_dag.py for tasks to queue
[2023-01-18T04:30:32.723+0000] {logging_mixin.py:117} INFO - [2023-01-18T04:30:32.722+0000] {dagbag.py:525} INFO - Filling up the DagBag from /opt/airflow/dags/repo/Airflow/dags/task_flow_api_dag.py
[2023-01-18T04:30:32.728+0000] {processor.py:770} WARNING - No viable dags retrieved from /opt/airflow/dags/repo/Airflow/dags/task_flow_api_dag.py
[2023-01-18T04:30:32.778+0000] {processor.py:178} INFO - Processing /opt/airflow/dags/repo/Airflow/dags/task_flow_api_dag.py took 0.069 seconds
[2023-01-18T04:31:03.131+0000] {processor.py:156} INFO - Started process (PID=101) to work on /opt/airflow/dags/repo/Airflow/dags/task_flow_api_dag.py
[2023-01-18T04:31:03.132+0000] {processor.py:758} INFO - Processing file /opt/airflow/dags/repo/Airflow/dags/task_flow_api_dag.py for tasks to queue
[2023-01-18T04:31:03.134+0000] {logging_mixin.py:117} INFO - [2023-01-18T04:31:03.133+0000] {dagbag.py:525} INFO - Filling up the DagBag from /opt/airflow/dags/repo/Airflow/dags/task_flow_api_dag.py
[2023-01-18T04:31:03.137+0000] {processor.py:770} WARNING - No viable dags retrieved from /opt/airflow/dags/repo/Airflow/dags/task_flow_api_dag.py
[2023-01-18T04:31:03.176+0000] {processor.py:178} INFO - Processing /opt/airflow/dags/repo/Airflow/dags/task_flow_api_dag.py took 0.051 seconds
[2023-01-18T04:31:33.242+0000] {processor.py:156} INFO - Started process (PID=149) to work on /opt/airflow/dags/repo/Airflow/dags/task_flow_api_dag.py
[2023-01-18T04:31:33.244+0000] {processor.py:758} INFO - Processing file /opt/airflow/dags/repo/Airflow/dags/task_flow_api_dag.py for tasks to queue
[2023-01-18T04:31:33.245+0000] {logging_mixin.py:117} INFO - [2023-01-18T04:31:33.245+0000] {dagbag.py:525} INFO - Filling up the DagBag from /opt/airflow/dags/repo/Airflow/dags/task_flow_api_dag.py
[2023-01-18T04:31:33.249+0000] {processor.py:770} WARNING - No viable dags retrieved from /opt/airflow/dags/repo/Airflow/dags/task_flow_api_dag.py
[2023-01-18T04:31:33.286+0000] {processor.py:178} INFO - Processing /opt/airflow/dags/repo/Airflow/dags/task_flow_api_dag.py took 0.051 seconds
[2023-01-18T04:32:03.603+0000] {processor.py:156} INFO - Started process (PID=185) to work on /opt/airflow/dags/repo/Airflow/dags/task_flow_api_dag.py
[2023-01-18T04:32:03.604+0000] {processor.py:758} INFO - Processing file /opt/airflow/dags/repo/Airflow/dags/task_flow_api_dag.py for tasks to queue
[2023-01-18T04:32:03.606+0000] {logging_mixin.py:117} INFO - [2023-01-18T04:32:03.606+0000] {dagbag.py:525} INFO - Filling up the DagBag from /opt/airflow/dags/repo/Airflow/dags/task_flow_api_dag.py
[2023-01-18T04:32:03.609+0000] {processor.py:770} WARNING - No viable dags retrieved from /opt/airflow/dags/repo/Airflow/dags/task_flow_api_dag.py
[2023-01-18T04:32:03.650+0000] {processor.py:178} INFO - Processing /opt/airflow/dags/repo/Airflow/dags/task_flow_api_dag.py took 0.054 seconds
[2023-01-18T04:32:34.022+0000] {processor.py:156} INFO - Started process (PID=233) to work on /opt/airflow/dags/repo/Airflow/dags/task_flow_api_dag.py
[2023-01-18T04:32:34.024+0000] {processor.py:758} INFO - Processing file /opt/airflow/dags/repo/Airflow/dags/task_flow_api_dag.py for tasks to queue
[2023-01-18T04:32:34.025+0000] {logging_mixin.py:117} INFO - [2023-01-18T04:32:34.025+0000] {dagbag.py:525} INFO - Filling up the DagBag from /opt/airflow/dags/repo/Airflow/dags/task_flow_api_dag.py
[2023-01-18T04:32:34.029+0000] {processor.py:770} WARNING - No viable dags retrieved from /opt/airflow/dags/repo/Airflow/dags/task_flow_api_dag.py
[2023-01-18T04:32:34.069+0000] {processor.py:178} INFO - Processing /opt/airflow/dags/repo/Airflow/dags/task_flow_api_dag.py took 0.054 seconds
[2023-01-18T04:33:04.417+0000] {processor.py:156} INFO - Started process (PID=269) to work on /opt/airflow/dags/repo/Airflow/dags/task_flow_api_dag.py
[2023-01-18T04:33:04.418+0000] {processor.py:758} INFO - Processing file /opt/airflow/dags/repo/Airflow/dags/task_flow_api_dag.py for tasks to queue
[2023-01-18T04:33:04.419+0000] {logging_mixin.py:117} INFO - [2023-01-18T04:33:04.419+0000] {dagbag.py:525} INFO - Filling up the DagBag from /opt/airflow/dags/repo/Airflow/dags/task_flow_api_dag.py
[2023-01-18T04:33:04.422+0000] {processor.py:770} WARNING - No viable dags retrieved from /opt/airflow/dags/repo/Airflow/dags/task_flow_api_dag.py
[2023-01-18T04:33:04.459+0000] {processor.py:178} INFO - Processing /opt/airflow/dags/repo/Airflow/dags/task_flow_api_dag.py took 0.049 seconds
[2023-01-18T04:33:34.767+0000] {processor.py:156} INFO - Started process (PID=317) to work on /opt/airflow/dags/repo/Airflow/dags/task_flow_api_dag.py
[2023-01-18T04:33:34.769+0000] {processor.py:758} INFO - Processing file /opt/airflow/dags/repo/Airflow/dags/task_flow_api_dag.py for tasks to queue
[2023-01-18T04:33:34.770+0000] {logging_mixin.py:117} INFO - [2023-01-18T04:33:34.770+0000] {dagbag.py:525} INFO - Filling up the DagBag from /opt/airflow/dags/repo/Airflow/dags/task_flow_api_dag.py
[2023-01-18T04:33:34.773+0000] {processor.py:770} WARNING - No viable dags retrieved from /opt/airflow/dags/repo/Airflow/dags/task_flow_api_dag.py
[2023-01-18T04:33:34.813+0000] {processor.py:178} INFO - Processing /opt/airflow/dags/repo/Airflow/dags/task_flow_api_dag.py took 0.053 seconds
[2023-01-18T04:34:05.226+0000] {processor.py:156} INFO - Started process (PID=353) to work on /opt/airflow/dags/repo/Airflow/dags/task_flow_api_dag.py
[2023-01-18T04:34:05.227+0000] {processor.py:758} INFO - Processing file /opt/airflow/dags/repo/Airflow/dags/task_flow_api_dag.py for tasks to queue
[2023-01-18T04:34:05.229+0000] {logging_mixin.py:117} INFO - [2023-01-18T04:34:05.229+0000] {dagbag.py:525} INFO - Filling up the DagBag from /opt/airflow/dags/repo/Airflow/dags/task_flow_api_dag.py
[2023-01-18T04:34:05.233+0000] {processor.py:770} WARNING - No viable dags retrieved from /opt/airflow/dags/repo/Airflow/dags/task_flow_api_dag.py
[2023-01-18T04:34:05.271+0000] {processor.py:178} INFO - Processing /opt/airflow/dags/repo/Airflow/dags/task_flow_api_dag.py took 0.053 seconds
[2023-01-18T04:34:35.330+0000] {processor.py:156} INFO - Started process (PID=401) to work on /opt/airflow/dags/repo/Airflow/dags/task_flow_api_dag.py
[2023-01-18T04:34:35.332+0000] {processor.py:758} INFO - Processing file /opt/airflow/dags/repo/Airflow/dags/task_flow_api_dag.py for tasks to queue
[2023-01-18T04:34:35.334+0000] {logging_mixin.py:117} INFO - [2023-01-18T04:34:35.333+0000] {dagbag.py:525} INFO - Filling up the DagBag from /opt/airflow/dags/repo/Airflow/dags/task_flow_api_dag.py
[2023-01-18T04:34:35.338+0000] {processor.py:770} WARNING - No viable dags retrieved from /opt/airflow/dags/repo/Airflow/dags/task_flow_api_dag.py
[2023-01-18T04:34:35.373+0000] {processor.py:178} INFO - Processing /opt/airflow/dags/repo/Airflow/dags/task_flow_api_dag.py took 0.049 seconds
[2023-01-18T04:35:06.338+0000] {processor.py:156} INFO - Started process (PID=437) to work on /opt/airflow/dags/repo/Airflow/dags/task_flow_api_dag.py
[2023-01-18T04:35:06.339+0000] {processor.py:758} INFO - Processing file /opt/airflow/dags/repo/Airflow/dags/task_flow_api_dag.py for tasks to queue
[2023-01-18T04:35:06.341+0000] {logging_mixin.py:117} INFO - [2023-01-18T04:35:06.341+0000] {dagbag.py:525} INFO - Filling up the DagBag from /opt/airflow/dags/repo/Airflow/dags/task_flow_api_dag.py
[2023-01-18T04:35:06.344+0000] {processor.py:770} WARNING - No viable dags retrieved from /opt/airflow/dags/repo/Airflow/dags/task_flow_api_dag.py
[2023-01-18T04:35:06.377+0000] {processor.py:178} INFO - Processing /opt/airflow/dags/repo/Airflow/dags/task_flow_api_dag.py took 0.047 seconds
[2023-01-18T04:35:36.960+0000] {processor.py:156} INFO - Started process (PID=485) to work on /opt/airflow/dags/repo/Airflow/dags/task_flow_api_dag.py
[2023-01-18T04:35:36.961+0000] {processor.py:758} INFO - Processing file /opt/airflow/dags/repo/Airflow/dags/task_flow_api_dag.py for tasks to queue
[2023-01-18T04:35:36.963+0000] {logging_mixin.py:117} INFO - [2023-01-18T04:35:36.962+0000] {dagbag.py:525} INFO - Filling up the DagBag from /opt/airflow/dags/repo/Airflow/dags/task_flow_api_dag.py
[2023-01-18T04:35:36.966+0000] {processor.py:770} WARNING - No viable dags retrieved from /opt/airflow/dags/repo/Airflow/dags/task_flow_api_dag.py
[2023-01-18T04:35:37.003+0000] {processor.py:178} INFO - Processing /opt/airflow/dags/repo/Airflow/dags/task_flow_api_dag.py took 0.050 seconds
[2023-01-18T04:36:07.496+0000] {processor.py:156} INFO - Started process (PID=521) to work on /opt/airflow/dags/repo/Airflow/dags/task_flow_api_dag.py
[2023-01-18T04:36:07.497+0000] {processor.py:758} INFO - Processing file /opt/airflow/dags/repo/Airflow/dags/task_flow_api_dag.py for tasks to queue
[2023-01-18T04:36:07.499+0000] {logging_mixin.py:117} INFO - [2023-01-18T04:36:07.499+0000] {dagbag.py:525} INFO - Filling up the DagBag from /opt/airflow/dags/repo/Airflow/dags/task_flow_api_dag.py
[2023-01-18T04:36:07.503+0000] {processor.py:770} WARNING - No viable dags retrieved from /opt/airflow/dags/repo/Airflow/dags/task_flow_api_dag.py
[2023-01-18T04:36:07.539+0000] {processor.py:178} INFO - Processing /opt/airflow/dags/repo/Airflow/dags/task_flow_api_dag.py took 0.051 seconds
[2023-01-18T04:36:38.145+0000] {processor.py:156} INFO - Started process (PID=569) to work on /opt/airflow/dags/repo/Airflow/dags/task_flow_api_dag.py
[2023-01-18T04:36:38.146+0000] {processor.py:758} INFO - Processing file /opt/airflow/dags/repo/Airflow/dags/task_flow_api_dag.py for tasks to queue
[2023-01-18T04:36:38.147+0000] {logging_mixin.py:117} INFO - [2023-01-18T04:36:38.147+0000] {dagbag.py:525} INFO - Filling up the DagBag from /opt/airflow/dags/repo/Airflow/dags/task_flow_api_dag.py
[2023-01-18T04:36:38.150+0000] {processor.py:770} WARNING - No viable dags retrieved from /opt/airflow/dags/repo/Airflow/dags/task_flow_api_dag.py
[2023-01-18T04:36:38.184+0000] {processor.py:178} INFO - Processing /opt/airflow/dags/repo/Airflow/dags/task_flow_api_dag.py took 0.046 seconds
[2023-01-18T04:37:08.771+0000] {processor.py:156} INFO - Started process (PID=605) to work on /opt/airflow/dags/repo/Airflow/dags/task_flow_api_dag.py
[2023-01-18T04:37:08.773+0000] {processor.py:758} INFO - Processing file /opt/airflow/dags/repo/Airflow/dags/task_flow_api_dag.py for tasks to queue
[2023-01-18T04:37:08.775+0000] {logging_mixin.py:117} INFO - [2023-01-18T04:37:08.775+0000] {dagbag.py:525} INFO - Filling up the DagBag from /opt/airflow/dags/repo/Airflow/dags/task_flow_api_dag.py
[2023-01-18T04:37:08.778+0000] {processor.py:770} WARNING - No viable dags retrieved from /opt/airflow/dags/repo/Airflow/dags/task_flow_api_dag.py
[2023-01-18T04:37:08.816+0000] {processor.py:178} INFO - Processing /opt/airflow/dags/repo/Airflow/dags/task_flow_api_dag.py took 0.053 seconds
[2023-01-18T04:37:39.315+0000] {processor.py:156} INFO - Started process (PID=653) to work on /opt/airflow/dags/repo/Airflow/dags/task_flow_api_dag.py
[2023-01-18T04:37:39.317+0000] {processor.py:758} INFO - Processing file /opt/airflow/dags/repo/Airflow/dags/task_flow_api_dag.py for tasks to queue
[2023-01-18T04:37:39.318+0000] {logging_mixin.py:117} INFO - [2023-01-18T04:37:39.318+0000] {dagbag.py:525} INFO - Filling up the DagBag from /opt/airflow/dags/repo/Airflow/dags/task_flow_api_dag.py
[2023-01-18T04:37:39.322+0000] {processor.py:770} WARNING - No viable dags retrieved from /opt/airflow/dags/repo/Airflow/dags/task_flow_api_dag.py
[2023-01-18T04:37:39.366+0000] {processor.py:178} INFO - Processing /opt/airflow/dags/repo/Airflow/dags/task_flow_api_dag.py took 0.059 seconds
[2023-01-18T04:38:09.927+0000] {processor.py:156} INFO - Started process (PID=689) to work on /opt/airflow/dags/repo/Airflow/dags/task_flow_api_dag.py
[2023-01-18T04:38:09.928+0000] {processor.py:758} INFO - Processing file /opt/airflow/dags/repo/Airflow/dags/task_flow_api_dag.py for tasks to queue
[2023-01-18T04:38:09.930+0000] {logging_mixin.py:117} INFO - [2023-01-18T04:38:09.930+0000] {dagbag.py:525} INFO - Filling up the DagBag from /opt/airflow/dags/repo/Airflow/dags/task_flow_api_dag.py
[2023-01-18T04:38:09.933+0000] {processor.py:770} WARNING - No viable dags retrieved from /opt/airflow/dags/repo/Airflow/dags/task_flow_api_dag.py
[2023-01-18T04:38:09.970+0000] {processor.py:178} INFO - Processing /opt/airflow/dags/repo/Airflow/dags/task_flow_api_dag.py took 0.053 seconds
[2023-01-18T04:38:40.637+0000] {processor.py:156} INFO - Started process (PID=737) to work on /opt/airflow/dags/repo/Airflow/dags/task_flow_api_dag.py
[2023-01-18T04:38:40.639+0000] {processor.py:758} INFO - Processing file /opt/airflow/dags/repo/Airflow/dags/task_flow_api_dag.py for tasks to queue
[2023-01-18T04:38:40.640+0000] {logging_mixin.py:117} INFO - [2023-01-18T04:38:40.640+0000] {dagbag.py:525} INFO - Filling up the DagBag from /opt/airflow/dags/repo/Airflow/dags/task_flow_api_dag.py
[2023-01-18T04:38:40.643+0000] {processor.py:770} WARNING - No viable dags retrieved from /opt/airflow/dags/repo/Airflow/dags/task_flow_api_dag.py
[2023-01-18T04:38:40.682+0000] {processor.py:178} INFO - Processing /opt/airflow/dags/repo/Airflow/dags/task_flow_api_dag.py took 0.052 seconds
[2023-01-18T04:39:11.345+0000] {processor.py:156} INFO - Started process (PID=773) to work on /opt/airflow/dags/repo/Airflow/dags/task_flow_api_dag.py
[2023-01-18T04:39:11.346+0000] {processor.py:758} INFO - Processing file /opt/airflow/dags/repo/Airflow/dags/task_flow_api_dag.py for tasks to queue
[2023-01-18T04:39:11.348+0000] {logging_mixin.py:117} INFO - [2023-01-18T04:39:11.348+0000] {dagbag.py:525} INFO - Filling up the DagBag from /opt/airflow/dags/repo/Airflow/dags/task_flow_api_dag.py
[2023-01-18T04:39:11.351+0000] {processor.py:770} WARNING - No viable dags retrieved from /opt/airflow/dags/repo/Airflow/dags/task_flow_api_dag.py
[2023-01-18T04:39:11.390+0000] {processor.py:178} INFO - Processing /opt/airflow/dags/repo/Airflow/dags/task_flow_api_dag.py took 0.053 seconds
[2023-01-18T04:39:41.939+0000] {processor.py:156} INFO - Started process (PID=822) to work on /opt/airflow/dags/repo/Airflow/dags/task_flow_api_dag.py
[2023-01-18T04:39:41.941+0000] {processor.py:758} INFO - Processing file /opt/airflow/dags/repo/Airflow/dags/task_flow_api_dag.py for tasks to queue
[2023-01-18T04:39:41.942+0000] {logging_mixin.py:117} INFO - [2023-01-18T04:39:41.942+0000] {dagbag.py:525} INFO - Filling up the DagBag from /opt/airflow/dags/repo/Airflow/dags/task_flow_api_dag.py
[2023-01-18T04:39:41.946+0000] {processor.py:770} WARNING - No viable dags retrieved from /opt/airflow/dags/repo/Airflow/dags/task_flow_api_dag.py
[2023-01-18T04:39:41.996+0000] {processor.py:178} INFO - Processing /opt/airflow/dags/repo/Airflow/dags/task_flow_api_dag.py took 0.064 seconds
[2023-01-18T04:40:12.567+0000] {processor.py:156} INFO - Started process (PID=858) to work on /opt/airflow/dags/repo/Airflow/dags/task_flow_api_dag.py
[2023-01-18T04:40:12.569+0000] {processor.py:758} INFO - Processing file /opt/airflow/dags/repo/Airflow/dags/task_flow_api_dag.py for tasks to queue
[2023-01-18T04:40:12.570+0000] {logging_mixin.py:117} INFO - [2023-01-18T04:40:12.570+0000] {dagbag.py:525} INFO - Filling up the DagBag from /opt/airflow/dags/repo/Airflow/dags/task_flow_api_dag.py
[2023-01-18T04:40:12.573+0000] {processor.py:770} WARNING - No viable dags retrieved from /opt/airflow/dags/repo/Airflow/dags/task_flow_api_dag.py
[2023-01-18T04:40:12.613+0000] {processor.py:178} INFO - Processing /opt/airflow/dags/repo/Airflow/dags/task_flow_api_dag.py took 0.053 seconds
[2023-01-18T04:40:43.597+0000] {processor.py:156} INFO - Started process (PID=906) to work on /opt/airflow/dags/repo/Airflow/dags/task_flow_api_dag.py
[2023-01-18T04:40:43.600+0000] {processor.py:758} INFO - Processing file /opt/airflow/dags/repo/Airflow/dags/task_flow_api_dag.py for tasks to queue
[2023-01-18T04:40:43.601+0000] {logging_mixin.py:117} INFO - [2023-01-18T04:40:43.601+0000] {dagbag.py:525} INFO - Filling up the DagBag from /opt/airflow/dags/repo/Airflow/dags/task_flow_api_dag.py
[2023-01-18T04:40:43.605+0000] {processor.py:770} WARNING - No viable dags retrieved from /opt/airflow/dags/repo/Airflow/dags/task_flow_api_dag.py
[2023-01-18T04:40:43.650+0000] {processor.py:178} INFO - Processing /opt/airflow/dags/repo/Airflow/dags/task_flow_api_dag.py took 0.060 seconds
[2023-01-18T04:41:14.324+0000] {processor.py:156} INFO - Started process (PID=942) to work on /opt/airflow/dags/repo/Airflow/dags/task_flow_api_dag.py
[2023-01-18T04:41:14.325+0000] {processor.py:758} INFO - Processing file /opt/airflow/dags/repo/Airflow/dags/task_flow_api_dag.py for tasks to queue
[2023-01-18T04:41:14.328+0000] {logging_mixin.py:117} INFO - [2023-01-18T04:41:14.327+0000] {dagbag.py:525} INFO - Filling up the DagBag from /opt/airflow/dags/repo/Airflow/dags/task_flow_api_dag.py
[2023-01-18T04:41:14.333+0000] {processor.py:770} WARNING - No viable dags retrieved from /opt/airflow/dags/repo/Airflow/dags/task_flow_api_dag.py
[2023-01-18T04:41:14.372+0000] {processor.py:178} INFO - Processing /opt/airflow/dags/repo/Airflow/dags/task_flow_api_dag.py took 0.055 seconds
[2023-01-18T04:41:44.978+0000] {processor.py:156} INFO - Started process (PID=990) to work on /opt/airflow/dags/repo/Airflow/dags/task_flow_api_dag.py
[2023-01-18T04:41:44.980+0000] {processor.py:758} INFO - Processing file /opt/airflow/dags/repo/Airflow/dags/task_flow_api_dag.py for tasks to queue
[2023-01-18T04:41:44.982+0000] {logging_mixin.py:117} INFO - [2023-01-18T04:41:44.981+0000] {dagbag.py:525} INFO - Filling up the DagBag from /opt/airflow/dags/repo/Airflow/dags/task_flow_api_dag.py
[2023-01-18T04:41:44.986+0000] {processor.py:770} WARNING - No viable dags retrieved from /opt/airflow/dags/repo/Airflow/dags/task_flow_api_dag.py
[2023-01-18T04:41:45.026+0000] {processor.py:178} INFO - Processing /opt/airflow/dags/repo/Airflow/dags/task_flow_api_dag.py took 0.058 seconds
[2023-01-18T04:42:15.578+0000] {processor.py:156} INFO - Started process (PID=1026) to work on /opt/airflow/dags/repo/Airflow/dags/task_flow_api_dag.py
[2023-01-18T04:42:15.580+0000] {processor.py:758} INFO - Processing file /opt/airflow/dags/repo/Airflow/dags/task_flow_api_dag.py for tasks to queue
[2023-01-18T04:42:15.582+0000] {logging_mixin.py:117} INFO - [2023-01-18T04:42:15.581+0000] {dagbag.py:525} INFO - Filling up the DagBag from /opt/airflow/dags/repo/Airflow/dags/task_flow_api_dag.py
[2023-01-18T04:42:15.585+0000] {processor.py:770} WARNING - No viable dags retrieved from /opt/airflow/dags/repo/Airflow/dags/task_flow_api_dag.py
[2023-01-18T04:42:15.623+0000] {processor.py:178} INFO - Processing /opt/airflow/dags/repo/Airflow/dags/task_flow_api_dag.py took 0.053 seconds
[2023-01-18T04:42:46.278+0000] {processor.py:156} INFO - Started process (PID=1074) to work on /opt/airflow/dags/repo/Airflow/dags/task_flow_api_dag.py
[2023-01-18T04:42:46.281+0000] {processor.py:758} INFO - Processing file /opt/airflow/dags/repo/Airflow/dags/task_flow_api_dag.py for tasks to queue
[2023-01-18T04:42:46.283+0000] {logging_mixin.py:117} INFO - [2023-01-18T04:42:46.282+0000] {dagbag.py:525} INFO - Filling up the DagBag from /opt/airflow/dags/repo/Airflow/dags/task_flow_api_dag.py
[2023-01-18T04:42:46.286+0000] {processor.py:770} WARNING - No viable dags retrieved from /opt/airflow/dags/repo/Airflow/dags/task_flow_api_dag.py
[2023-01-18T04:42:46.326+0000] {processor.py:178} INFO - Processing /opt/airflow/dags/repo/Airflow/dags/task_flow_api_dag.py took 0.055 seconds
[2023-01-18T04:43:16.960+0000] {processor.py:156} INFO - Started process (PID=1110) to work on /opt/airflow/dags/repo/Airflow/dags/task_flow_api_dag.py
[2023-01-18T04:43:16.962+0000] {processor.py:758} INFO - Processing file /opt/airflow/dags/repo/Airflow/dags/task_flow_api_dag.py for tasks to queue
[2023-01-18T04:43:16.963+0000] {logging_mixin.py:117} INFO - [2023-01-18T04:43:16.963+0000] {dagbag.py:525} INFO - Filling up the DagBag from /opt/airflow/dags/repo/Airflow/dags/task_flow_api_dag.py
[2023-01-18T04:43:16.967+0000] {processor.py:770} WARNING - No viable dags retrieved from /opt/airflow/dags/repo/Airflow/dags/task_flow_api_dag.py
[2023-01-18T04:43:17.005+0000] {processor.py:178} INFO - Processing /opt/airflow/dags/repo/Airflow/dags/task_flow_api_dag.py took 0.053 seconds
[2023-01-18T04:43:47.556+0000] {processor.py:156} INFO - Started process (PID=1158) to work on /opt/airflow/dags/repo/Airflow/dags/task_flow_api_dag.py
[2023-01-18T04:43:47.558+0000] {processor.py:758} INFO - Processing file /opt/airflow/dags/repo/Airflow/dags/task_flow_api_dag.py for tasks to queue
[2023-01-18T04:43:47.560+0000] {logging_mixin.py:117} INFO - [2023-01-18T04:43:47.560+0000] {dagbag.py:525} INFO - Filling up the DagBag from /opt/airflow/dags/repo/Airflow/dags/task_flow_api_dag.py
[2023-01-18T04:43:47.563+0000] {processor.py:770} WARNING - No viable dags retrieved from /opt/airflow/dags/repo/Airflow/dags/task_flow_api_dag.py
[2023-01-18T04:43:47.602+0000] {processor.py:178} INFO - Processing /opt/airflow/dags/repo/Airflow/dags/task_flow_api_dag.py took 0.054 seconds
[2023-01-18T04:44:18.177+0000] {processor.py:156} INFO - Started process (PID=1194) to work on /opt/airflow/dags/repo/Airflow/dags/task_flow_api_dag.py
[2023-01-18T04:44:18.179+0000] {processor.py:758} INFO - Processing file /opt/airflow/dags/repo/Airflow/dags/task_flow_api_dag.py for tasks to queue
[2023-01-18T04:44:18.181+0000] {logging_mixin.py:117} INFO - [2023-01-18T04:44:18.180+0000] {dagbag.py:525} INFO - Filling up the DagBag from /opt/airflow/dags/repo/Airflow/dags/task_flow_api_dag.py
[2023-01-18T04:44:18.185+0000] {processor.py:770} WARNING - No viable dags retrieved from /opt/airflow/dags/repo/Airflow/dags/task_flow_api_dag.py
[2023-01-18T04:44:18.225+0000] {processor.py:178} INFO - Processing /opt/airflow/dags/repo/Airflow/dags/task_flow_api_dag.py took 0.056 seconds
[2023-01-18T04:44:48.754+0000] {processor.py:156} INFO - Started process (PID=1242) to work on /opt/airflow/dags/repo/Airflow/dags/task_flow_api_dag.py
[2023-01-18T04:44:48.756+0000] {processor.py:758} INFO - Processing file /opt/airflow/dags/repo/Airflow/dags/task_flow_api_dag.py for tasks to queue
[2023-01-18T04:44:48.758+0000] {logging_mixin.py:117} INFO - [2023-01-18T04:44:48.757+0000] {dagbag.py:525} INFO - Filling up the DagBag from /opt/airflow/dags/repo/Airflow/dags/task_flow_api_dag.py
[2023-01-18T04:44:48.761+0000] {processor.py:770} WARNING - No viable dags retrieved from /opt/airflow/dags/repo/Airflow/dags/task_flow_api_dag.py
[2023-01-18T04:44:48.806+0000] {processor.py:178} INFO - Processing /opt/airflow/dags/repo/Airflow/dags/task_flow_api_dag.py took 0.063 seconds
[2023-01-18T04:45:19.337+0000] {processor.py:156} INFO - Started process (PID=1278) to work on /opt/airflow/dags/repo/Airflow/dags/task_flow_api_dag.py
[2023-01-18T04:45:19.339+0000] {processor.py:758} INFO - Processing file /opt/airflow/dags/repo/Airflow/dags/task_flow_api_dag.py for tasks to queue
[2023-01-18T04:45:19.341+0000] {logging_mixin.py:117} INFO - [2023-01-18T04:45:19.340+0000] {dagbag.py:525} INFO - Filling up the DagBag from /opt/airflow/dags/repo/Airflow/dags/task_flow_api_dag.py
[2023-01-18T04:45:19.344+0000] {processor.py:770} WARNING - No viable dags retrieved from /opt/airflow/dags/repo/Airflow/dags/task_flow_api_dag.py
[2023-01-18T04:45:19.381+0000] {processor.py:178} INFO - Processing /opt/airflow/dags/repo/Airflow/dags/task_flow_api_dag.py took 0.053 seconds
[2023-01-18T04:45:50.011+0000] {processor.py:156} INFO - Started process (PID=1318) to work on /opt/airflow/dags/repo/Airflow/dags/task_flow_api_dag.py
[2023-01-18T04:45:50.013+0000] {processor.py:758} INFO - Processing file /opt/airflow/dags/repo/Airflow/dags/task_flow_api_dag.py for tasks to queue
[2023-01-18T04:45:50.015+0000] {logging_mixin.py:117} INFO - [2023-01-18T04:45:50.015+0000] {dagbag.py:525} INFO - Filling up the DagBag from /opt/airflow/dags/repo/Airflow/dags/task_flow_api_dag.py
[2023-01-18T04:45:50.018+0000] {processor.py:770} WARNING - No viable dags retrieved from /opt/airflow/dags/repo/Airflow/dags/task_flow_api_dag.py
[2023-01-18T04:45:50.061+0000] {processor.py:178} INFO - Processing /opt/airflow/dags/repo/Airflow/dags/task_flow_api_dag.py took 0.057 seconds
[2023-01-18T04:46:20.565+0000] {processor.py:156} INFO - Started process (PID=1354) to work on /opt/airflow/dags/repo/Airflow/dags/task_flow_api_dag.py
[2023-01-18T04:46:20.567+0000] {processor.py:758} INFO - Processing file /opt/airflow/dags/repo/Airflow/dags/task_flow_api_dag.py for tasks to queue
[2023-01-18T04:46:20.568+0000] {logging_mixin.py:117} INFO - [2023-01-18T04:46:20.568+0000] {dagbag.py:525} INFO - Filling up the DagBag from /opt/airflow/dags/repo/Airflow/dags/task_flow_api_dag.py
[2023-01-18T04:46:20.572+0000] {processor.py:770} WARNING - No viable dags retrieved from /opt/airflow/dags/repo/Airflow/dags/task_flow_api_dag.py
[2023-01-18T04:46:20.612+0000] {processor.py:178} INFO - Processing /opt/airflow/dags/repo/Airflow/dags/task_flow_api_dag.py took 0.056 seconds
[2023-01-18T04:46:51.253+0000] {processor.py:156} INFO - Started process (PID=1402) to work on /opt/airflow/dags/repo/Airflow/dags/task_flow_api_dag.py
[2023-01-18T04:46:51.255+0000] {processor.py:758} INFO - Processing file /opt/airflow/dags/repo/Airflow/dags/task_flow_api_dag.py for tasks to queue
[2023-01-18T04:46:51.257+0000] {logging_mixin.py:117} INFO - [2023-01-18T04:46:51.256+0000] {dagbag.py:525} INFO - Filling up the DagBag from /opt/airflow/dags/repo/Airflow/dags/task_flow_api_dag.py
[2023-01-18T04:46:51.260+0000] {processor.py:770} WARNING - No viable dags retrieved from /opt/airflow/dags/repo/Airflow/dags/task_flow_api_dag.py
[2023-01-18T04:46:51.298+0000] {processor.py:178} INFO - Processing /opt/airflow/dags/repo/Airflow/dags/task_flow_api_dag.py took 0.054 seconds
[2023-01-18T04:47:21.881+0000] {processor.py:156} INFO - Started process (PID=1438) to work on /opt/airflow/dags/repo/Airflow/dags/task_flow_api_dag.py
[2023-01-18T04:47:21.883+0000] {processor.py:758} INFO - Processing file /opt/airflow/dags/repo/Airflow/dags/task_flow_api_dag.py for tasks to queue
[2023-01-18T04:47:21.885+0000] {logging_mixin.py:117} INFO - [2023-01-18T04:47:21.885+0000] {dagbag.py:525} INFO - Filling up the DagBag from /opt/airflow/dags/repo/Airflow/dags/task_flow_api_dag.py
[2023-01-18T04:47:21.890+0000] {processor.py:770} WARNING - No viable dags retrieved from /opt/airflow/dags/repo/Airflow/dags/task_flow_api_dag.py
[2023-01-18T04:47:21.928+0000] {processor.py:178} INFO - Processing /opt/airflow/dags/repo/Airflow/dags/task_flow_api_dag.py took 0.056 seconds
[2023-01-18T04:47:52.470+0000] {processor.py:156} INFO - Started process (PID=1486) to work on /opt/airflow/dags/repo/Airflow/dags/task_flow_api_dag.py
[2023-01-18T04:47:52.472+0000] {processor.py:758} INFO - Processing file /opt/airflow/dags/repo/Airflow/dags/task_flow_api_dag.py for tasks to queue
[2023-01-18T04:47:52.474+0000] {logging_mixin.py:117} INFO - [2023-01-18T04:47:52.474+0000] {dagbag.py:525} INFO - Filling up the DagBag from /opt/airflow/dags/repo/Airflow/dags/task_flow_api_dag.py
[2023-01-18T04:47:52.477+0000] {processor.py:770} WARNING - No viable dags retrieved from /opt/airflow/dags/repo/Airflow/dags/task_flow_api_dag.py
[2023-01-18T04:47:52.517+0000] {processor.py:178} INFO - Processing /opt/airflow/dags/repo/Airflow/dags/task_flow_api_dag.py took 0.054 seconds
[2023-01-18T04:48:23.065+0000] {processor.py:156} INFO - Started process (PID=1522) to work on /opt/airflow/dags/repo/Airflow/dags/task_flow_api_dag.py
[2023-01-18T04:48:23.067+0000] {processor.py:758} INFO - Processing file /opt/airflow/dags/repo/Airflow/dags/task_flow_api_dag.py for tasks to queue
[2023-01-18T04:48:23.068+0000] {logging_mixin.py:117} INFO - [2023-01-18T04:48:23.068+0000] {dagbag.py:525} INFO - Filling up the DagBag from /opt/airflow/dags/repo/Airflow/dags/task_flow_api_dag.py
[2023-01-18T04:48:23.072+0000] {processor.py:770} WARNING - No viable dags retrieved from /opt/airflow/dags/repo/Airflow/dags/task_flow_api_dag.py
[2023-01-18T04:48:23.111+0000] {processor.py:178} INFO - Processing /opt/airflow/dags/repo/Airflow/dags/task_flow_api_dag.py took 0.054 seconds
[2023-01-18T04:48:53.676+0000] {processor.py:156} INFO - Started process (PID=1570) to work on /opt/airflow/dags/repo/Airflow/dags/task_flow_api_dag.py
[2023-01-18T04:48:53.678+0000] {processor.py:758} INFO - Processing file /opt/airflow/dags/repo/Airflow/dags/task_flow_api_dag.py for tasks to queue
[2023-01-18T04:48:53.680+0000] {logging_mixin.py:117} INFO - [2023-01-18T04:48:53.680+0000] {dagbag.py:525} INFO - Filling up the DagBag from /opt/airflow/dags/repo/Airflow/dags/task_flow_api_dag.py
[2023-01-18T04:48:53.683+0000] {processor.py:770} WARNING - No viable dags retrieved from /opt/airflow/dags/repo/Airflow/dags/task_flow_api_dag.py
[2023-01-18T04:48:53.723+0000] {processor.py:178} INFO - Processing /opt/airflow/dags/repo/Airflow/dags/task_flow_api_dag.py took 0.055 seconds
[2023-01-18T04:49:24.301+0000] {processor.py:156} INFO - Started process (PID=1606) to work on /opt/airflow/dags/repo/Airflow/dags/task_flow_api_dag.py
[2023-01-18T04:49:24.304+0000] {processor.py:758} INFO - Processing file /opt/airflow/dags/repo/Airflow/dags/task_flow_api_dag.py for tasks to queue
[2023-01-18T04:49:24.306+0000] {logging_mixin.py:117} INFO - [2023-01-18T04:49:24.306+0000] {dagbag.py:525} INFO - Filling up the DagBag from /opt/airflow/dags/repo/Airflow/dags/task_flow_api_dag.py
[2023-01-18T04:49:24.310+0000] {processor.py:770} WARNING - No viable dags retrieved from /opt/airflow/dags/repo/Airflow/dags/task_flow_api_dag.py
[2023-01-18T04:49:24.359+0000] {processor.py:178} INFO - Processing /opt/airflow/dags/repo/Airflow/dags/task_flow_api_dag.py took 0.068 seconds
[2023-01-18T04:49:54.966+0000] {processor.py:156} INFO - Started process (PID=1654) to work on /opt/airflow/dags/repo/Airflow/dags/task_flow_api_dag.py
[2023-01-18T04:49:54.968+0000] {processor.py:758} INFO - Processing file /opt/airflow/dags/repo/Airflow/dags/task_flow_api_dag.py for tasks to queue
[2023-01-18T04:49:54.970+0000] {logging_mixin.py:117} INFO - [2023-01-18T04:49:54.970+0000] {dagbag.py:525} INFO - Filling up the DagBag from /opt/airflow/dags/repo/Airflow/dags/task_flow_api_dag.py
[2023-01-18T04:49:54.974+0000] {processor.py:770} WARNING - No viable dags retrieved from /opt/airflow/dags/repo/Airflow/dags/task_flow_api_dag.py
[2023-01-18T04:49:55.020+0000] {processor.py:178} INFO - Processing /opt/airflow/dags/repo/Airflow/dags/task_flow_api_dag.py took 0.061 seconds
[2023-01-18T04:50:25.538+0000] {processor.py:156} INFO - Started process (PID=1690) to work on /opt/airflow/dags/repo/Airflow/dags/task_flow_api_dag.py
[2023-01-18T04:50:25.540+0000] {processor.py:758} INFO - Processing file /opt/airflow/dags/repo/Airflow/dags/task_flow_api_dag.py for tasks to queue
[2023-01-18T04:50:25.542+0000] {logging_mixin.py:117} INFO - [2023-01-18T04:50:25.542+0000] {dagbag.py:525} INFO - Filling up the DagBag from /opt/airflow/dags/repo/Airflow/dags/task_flow_api_dag.py
[2023-01-18T04:50:25.545+0000] {processor.py:770} WARNING - No viable dags retrieved from /opt/airflow/dags/repo/Airflow/dags/task_flow_api_dag.py
[2023-01-18T04:50:25.587+0000] {processor.py:178} INFO - Processing /opt/airflow/dags/repo/Airflow/dags/task_flow_api_dag.py took 0.056 seconds
[2023-01-18T04:50:56.187+0000] {processor.py:156} INFO - Started process (PID=1738) to work on /opt/airflow/dags/repo/Airflow/dags/task_flow_api_dag.py
[2023-01-18T04:50:56.189+0000] {processor.py:758} INFO - Processing file /opt/airflow/dags/repo/Airflow/dags/task_flow_api_dag.py for tasks to queue
[2023-01-18T04:50:56.191+0000] {logging_mixin.py:117} INFO - [2023-01-18T04:50:56.191+0000] {dagbag.py:525} INFO - Filling up the DagBag from /opt/airflow/dags/repo/Airflow/dags/task_flow_api_dag.py
[2023-01-18T04:50:56.194+0000] {processor.py:770} WARNING - No viable dags retrieved from /opt/airflow/dags/repo/Airflow/dags/task_flow_api_dag.py
[2023-01-18T04:50:56.235+0000] {processor.py:178} INFO - Processing /opt/airflow/dags/repo/Airflow/dags/task_flow_api_dag.py took 0.057 seconds
[2023-01-18T04:51:26.814+0000] {processor.py:156} INFO - Started process (PID=1774) to work on /opt/airflow/dags/repo/Airflow/dags/task_flow_api_dag.py
[2023-01-18T04:51:26.816+0000] {processor.py:758} INFO - Processing file /opt/airflow/dags/repo/Airflow/dags/task_flow_api_dag.py for tasks to queue
[2023-01-18T04:51:26.818+0000] {logging_mixin.py:117} INFO - [2023-01-18T04:51:26.818+0000] {dagbag.py:525} INFO - Filling up the DagBag from /opt/airflow/dags/repo/Airflow/dags/task_flow_api_dag.py
[2023-01-18T04:51:26.821+0000] {processor.py:770} WARNING - No viable dags retrieved from /opt/airflow/dags/repo/Airflow/dags/task_flow_api_dag.py
[2023-01-18T04:51:26.865+0000] {processor.py:178} INFO - Processing /opt/airflow/dags/repo/Airflow/dags/task_flow_api_dag.py took 0.059 seconds
[2023-01-18T04:51:57.516+0000] {processor.py:156} INFO - Started process (PID=1822) to work on /opt/airflow/dags/repo/Airflow/dags/task_flow_api_dag.py
[2023-01-18T04:51:57.519+0000] {processor.py:758} INFO - Processing file /opt/airflow/dags/repo/Airflow/dags/task_flow_api_dag.py for tasks to queue
[2023-01-18T04:51:57.521+0000] {logging_mixin.py:117} INFO - [2023-01-18T04:51:57.520+0000] {dagbag.py:525} INFO - Filling up the DagBag from /opt/airflow/dags/repo/Airflow/dags/task_flow_api_dag.py
[2023-01-18T04:51:57.524+0000] {processor.py:770} WARNING - No viable dags retrieved from /opt/airflow/dags/repo/Airflow/dags/task_flow_api_dag.py
[2023-01-18T04:51:57.564+0000] {processor.py:178} INFO - Processing /opt/airflow/dags/repo/Airflow/dags/task_flow_api_dag.py took 0.056 seconds
[2023-01-18T04:52:28.241+0000] {processor.py:156} INFO - Started process (PID=1858) to work on /opt/airflow/dags/repo/Airflow/dags/task_flow_api_dag.py
[2023-01-18T04:52:28.243+0000] {processor.py:758} INFO - Processing file /opt/airflow/dags/repo/Airflow/dags/task_flow_api_dag.py for tasks to queue
[2023-01-18T04:52:28.245+0000] {logging_mixin.py:117} INFO - [2023-01-18T04:52:28.244+0000] {dagbag.py:525} INFO - Filling up the DagBag from /opt/airflow/dags/repo/Airflow/dags/task_flow_api_dag.py
[2023-01-18T04:52:28.248+0000] {processor.py:770} WARNING - No viable dags retrieved from /opt/airflow/dags/repo/Airflow/dags/task_flow_api_dag.py
[2023-01-18T04:52:28.291+0000] {processor.py:178} INFO - Processing /opt/airflow/dags/repo/Airflow/dags/task_flow_api_dag.py took 0.059 seconds
[2023-01-18T04:52:58.407+0000] {processor.py:156} INFO - Started process (PID=1907) to work on /opt/airflow/dags/repo/Airflow/dags/task_flow_api_dag.py
[2023-01-18T04:52:58.409+0000] {processor.py:758} INFO - Processing file /opt/airflow/dags/repo/Airflow/dags/task_flow_api_dag.py for tasks to queue
[2023-01-18T04:52:58.411+0000] {logging_mixin.py:117} INFO - [2023-01-18T04:52:58.411+0000] {dagbag.py:525} INFO - Filling up the DagBag from /opt/airflow/dags/repo/Airflow/dags/task_flow_api_dag.py
[2023-01-18T04:52:58.415+0000] {processor.py:770} WARNING - No viable dags retrieved from /opt/airflow/dags/repo/Airflow/dags/task_flow_api_dag.py
[2023-01-18T04:52:58.455+0000] {processor.py:178} INFO - Processing /opt/airflow/dags/repo/Airflow/dags/task_flow_api_dag.py took 0.056 seconds
[2023-01-18T04:53:29.083+0000] {processor.py:156} INFO - Started process (PID=1943) to work on /opt/airflow/dags/repo/Airflow/dags/task_flow_api_dag.py
[2023-01-18T04:53:29.085+0000] {processor.py:758} INFO - Processing file /opt/airflow/dags/repo/Airflow/dags/task_flow_api_dag.py for tasks to queue
[2023-01-18T04:53:29.086+0000] {logging_mixin.py:117} INFO - [2023-01-18T04:53:29.086+0000] {dagbag.py:525} INFO - Filling up the DagBag from /opt/airflow/dags/repo/Airflow/dags/task_flow_api_dag.py
[2023-01-18T04:53:29.090+0000] {processor.py:770} WARNING - No viable dags retrieved from /opt/airflow/dags/repo/Airflow/dags/task_flow_api_dag.py
[2023-01-18T04:53:29.127+0000] {processor.py:178} INFO - Processing /opt/airflow/dags/repo/Airflow/dags/task_flow_api_dag.py took 0.052 seconds
[2023-01-18T04:53:59.780+0000] {processor.py:156} INFO - Started process (PID=1992) to work on /opt/airflow/dags/repo/Airflow/dags/task_flow_api_dag.py
[2023-01-18T04:53:59.783+0000] {processor.py:758} INFO - Processing file /opt/airflow/dags/repo/Airflow/dags/task_flow_api_dag.py for tasks to queue
[2023-01-18T04:53:59.785+0000] {logging_mixin.py:117} INFO - [2023-01-18T04:53:59.784+0000] {dagbag.py:525} INFO - Filling up the DagBag from /opt/airflow/dags/repo/Airflow/dags/task_flow_api_dag.py
[2023-01-18T04:53:59.789+0000] {processor.py:770} WARNING - No viable dags retrieved from /opt/airflow/dags/repo/Airflow/dags/task_flow_api_dag.py
[2023-01-18T04:53:59.830+0000] {processor.py:178} INFO - Processing /opt/airflow/dags/repo/Airflow/dags/task_flow_api_dag.py took 0.060 seconds
[2023-01-18T04:54:30.443+0000] {processor.py:156} INFO - Started process (PID=2028) to work on /opt/airflow/dags/repo/Airflow/dags/task_flow_api_dag.py
[2023-01-18T04:54:30.445+0000] {processor.py:758} INFO - Processing file /opt/airflow/dags/repo/Airflow/dags/task_flow_api_dag.py for tasks to queue
[2023-01-18T04:54:30.446+0000] {logging_mixin.py:117} INFO - [2023-01-18T04:54:30.446+0000] {dagbag.py:525} INFO - Filling up the DagBag from /opt/airflow/dags/repo/Airflow/dags/task_flow_api_dag.py
[2023-01-18T04:54:30.450+0000] {processor.py:770} WARNING - No viable dags retrieved from /opt/airflow/dags/repo/Airflow/dags/task_flow_api_dag.py
[2023-01-18T04:54:30.491+0000] {processor.py:178} INFO - Processing /opt/airflow/dags/repo/Airflow/dags/task_flow_api_dag.py took 0.059 seconds
[2023-01-18T04:55:01.139+0000] {processor.py:156} INFO - Started process (PID=2076) to work on /opt/airflow/dags/repo/Airflow/dags/task_flow_api_dag.py
[2023-01-18T04:55:01.141+0000] {processor.py:758} INFO - Processing file /opt/airflow/dags/repo/Airflow/dags/task_flow_api_dag.py for tasks to queue
[2023-01-18T04:55:01.143+0000] {logging_mixin.py:117} INFO - [2023-01-18T04:55:01.142+0000] {dagbag.py:525} INFO - Filling up the DagBag from /opt/airflow/dags/repo/Airflow/dags/task_flow_api_dag.py
[2023-01-18T04:55:01.146+0000] {processor.py:770} WARNING - No viable dags retrieved from /opt/airflow/dags/repo/Airflow/dags/task_flow_api_dag.py
[2023-01-18T04:55:01.190+0000] {processor.py:178} INFO - Processing /opt/airflow/dags/repo/Airflow/dags/task_flow_api_dag.py took 0.061 seconds
[2023-01-18T04:55:31.802+0000] {processor.py:156} INFO - Started process (PID=2112) to work on /opt/airflow/dags/repo/Airflow/dags/task_flow_api_dag.py
[2023-01-18T04:55:31.804+0000] {processor.py:758} INFO - Processing file /opt/airflow/dags/repo/Airflow/dags/task_flow_api_dag.py for tasks to queue
[2023-01-18T04:55:31.806+0000] {logging_mixin.py:117} INFO - [2023-01-18T04:55:31.806+0000] {dagbag.py:525} INFO - Filling up the DagBag from /opt/airflow/dags/repo/Airflow/dags/task_flow_api_dag.py
[2023-01-18T04:55:31.810+0000] {processor.py:770} WARNING - No viable dags retrieved from /opt/airflow/dags/repo/Airflow/dags/task_flow_api_dag.py
[2023-01-18T04:55:31.858+0000] {processor.py:178} INFO - Processing /opt/airflow/dags/repo/Airflow/dags/task_flow_api_dag.py took 0.064 seconds
[2023-01-18T04:56:02.510+0000] {processor.py:156} INFO - Started process (PID=2160) to work on /opt/airflow/dags/repo/Airflow/dags/task_flow_api_dag.py
[2023-01-18T04:56:02.512+0000] {processor.py:758} INFO - Processing file /opt/airflow/dags/repo/Airflow/dags/task_flow_api_dag.py for tasks to queue
[2023-01-18T04:56:02.514+0000] {logging_mixin.py:117} INFO - [2023-01-18T04:56:02.513+0000] {dagbag.py:525} INFO - Filling up the DagBag from /opt/airflow/dags/repo/Airflow/dags/task_flow_api_dag.py
[2023-01-18T04:56:02.517+0000] {processor.py:770} WARNING - No viable dags retrieved from /opt/airflow/dags/repo/Airflow/dags/task_flow_api_dag.py
[2023-01-18T04:56:02.556+0000] {processor.py:178} INFO - Processing /opt/airflow/dags/repo/Airflow/dags/task_flow_api_dag.py took 0.057 seconds
[2023-01-18T04:56:33.261+0000] {processor.py:156} INFO - Started process (PID=2208) to work on /opt/airflow/dags/repo/Airflow/dags/task_flow_api_dag.py
[2023-01-18T04:56:33.263+0000] {processor.py:758} INFO - Processing file /opt/airflow/dags/repo/Airflow/dags/task_flow_api_dag.py for tasks to queue
[2023-01-18T04:56:33.265+0000] {logging_mixin.py:117} INFO - [2023-01-18T04:56:33.265+0000] {dagbag.py:525} INFO - Filling up the DagBag from /opt/airflow/dags/repo/Airflow/dags/task_flow_api_dag.py
[2023-01-18T04:56:33.269+0000] {processor.py:770} WARNING - No viable dags retrieved from /opt/airflow/dags/repo/Airflow/dags/task_flow_api_dag.py
[2023-01-18T04:56:33.314+0000] {processor.py:178} INFO - Processing /opt/airflow/dags/repo/Airflow/dags/task_flow_api_dag.py took 0.061 seconds
