[2022-12-26T04:18:13.973+0000] {taskinstance.py:1087} INFO - Dependencies all met for <TaskInstance: new_table_and_data_import_dag_v1.get_cash_flow_data manual__2022-12-26T04:18:10.213040+00:00 [queued]>
[2022-12-26T04:18:13.980+0000] {taskinstance.py:1087} INFO - Dependencies all met for <TaskInstance: new_table_and_data_import_dag_v1.get_cash_flow_data manual__2022-12-26T04:18:10.213040+00:00 [queued]>
[2022-12-26T04:18:13.981+0000] {taskinstance.py:1283} INFO - 
--------------------------------------------------------------------------------
[2022-12-26T04:18:13.981+0000] {taskinstance.py:1284} INFO - Starting attempt 1 of 1
[2022-12-26T04:18:13.981+0000] {taskinstance.py:1285} INFO - 
--------------------------------------------------------------------------------
[2022-12-26T04:18:14.020+0000] {taskinstance.py:1304} INFO - Executing <Task(PythonOperator): get_cash_flow_data> on 2022-12-26 04:18:10.213040+00:00
[2022-12-26T04:18:14.025+0000] {standard_task_runner.py:55} INFO - Started process 1413 to run task
[2022-12-26T04:18:14.028+0000] {standard_task_runner.py:82} INFO - Running: ['***', 'tasks', 'run', 'new_table_and_data_import_dag_v1', 'get_cash_flow_data', 'manual__2022-12-26T04:18:10.213040+00:00', '--job-id', '80', '--raw', '--subdir', 'DAGS_FOLDER/new_table_and_data_import_dag.py', '--cfg-path', '/tmp/tmpbv0ygiz_']
[2022-12-26T04:18:14.029+0000] {standard_task_runner.py:83} INFO - Job 80: Subtask get_cash_flow_data
[2022-12-26T04:18:14.121+0000] {task_command.py:389} INFO - Running <TaskInstance: new_table_and_data_import_dag_v1.get_cash_flow_data manual__2022-12-26T04:18:10.213040+00:00 [running]> on host 3a7da4d7a43a
[2022-12-26T04:18:14.384+0000] {taskinstance.py:1513} INFO - Exporting the following env vars:
AIRFLOW_CTX_DAG_OWNER=***
AIRFLOW_CTX_DAG_ID=new_table_and_data_import_dag_v1
AIRFLOW_CTX_TASK_ID=get_cash_flow_data
AIRFLOW_CTX_EXECUTION_DATE=2022-12-26T04:18:10.213040+00:00
AIRFLOW_CTX_TRY_NUMBER=1
AIRFLOW_CTX_DAG_RUN_ID=manual__2022-12-26T04:18:10.213040+00:00
[2022-12-26T04:18:19.773+0000] {python.py:177} INFO - Done. Returned value was: None
[2022-12-26T04:18:19.782+0000] {taskinstance.py:1327} INFO - Marking task as SUCCESS. dag_id=new_table_and_data_import_dag_v1, task_id=get_cash_flow_data, execution_date=20221226T041810, start_date=20221226T041813, end_date=20221226T041819
[2022-12-26T04:18:19.890+0000] {local_task_job.py:159} INFO - Task exited with return code 0
[2022-12-26T04:18:19.908+0000] {taskinstance.py:2582} INFO - 1 downstream tasks scheduled from follow-on schedule check
