[2022-12-27T04:29:38.513+0000] {taskinstance.py:1087} INFO - Dependencies all met for <TaskInstance: new_table_and_data_import_dag_v1.get_cash_flow_data manual__2022-12-27T04:29:30.190415+00:00 [queued]>
[2022-12-27T04:29:38.526+0000] {taskinstance.py:1087} INFO - Dependencies all met for <TaskInstance: new_table_and_data_import_dag_v1.get_cash_flow_data manual__2022-12-27T04:29:30.190415+00:00 [queued]>
[2022-12-27T04:29:38.526+0000] {taskinstance.py:1283} INFO - 
--------------------------------------------------------------------------------
[2022-12-27T04:29:38.526+0000] {taskinstance.py:1284} INFO - Starting attempt 1 of 1
[2022-12-27T04:29:38.526+0000] {taskinstance.py:1285} INFO - 
--------------------------------------------------------------------------------
[2022-12-27T04:29:38.669+0000] {taskinstance.py:1304} INFO - Executing <Task(PythonOperator): get_cash_flow_data> on 2022-12-27 04:29:30.190415+00:00
[2022-12-27T04:29:38.675+0000] {standard_task_runner.py:55} INFO - Started process 7321 to run task
[2022-12-27T04:29:38.680+0000] {standard_task_runner.py:82} INFO - Running: ['***', 'tasks', 'run', 'new_table_and_data_import_dag_v1', 'get_cash_flow_data', 'manual__2022-12-27T04:29:30.190415+00:00', '--job-id', '97', '--raw', '--subdir', 'DAGS_FOLDER/new_table_and_data_import_dag.py', '--cfg-path', '/tmp/tmpkc67ls2r']
[2022-12-27T04:29:38.683+0000] {standard_task_runner.py:83} INFO - Job 97: Subtask get_cash_flow_data
[2022-12-27T04:29:38.789+0000] {task_command.py:389} INFO - Running <TaskInstance: new_table_and_data_import_dag_v1.get_cash_flow_data manual__2022-12-27T04:29:30.190415+00:00 [running]> on host 64867ca07077
[2022-12-27T04:29:39.296+0000] {taskinstance.py:1513} INFO - Exporting the following env vars:
AIRFLOW_CTX_DAG_OWNER=***
AIRFLOW_CTX_DAG_ID=new_table_and_data_import_dag_v1
AIRFLOW_CTX_TASK_ID=get_cash_flow_data
AIRFLOW_CTX_EXECUTION_DATE=2022-12-27T04:29:30.190415+00:00
AIRFLOW_CTX_TRY_NUMBER=1
AIRFLOW_CTX_DAG_RUN_ID=manual__2022-12-27T04:29:30.190415+00:00
[2022-12-27T04:29:48.919+0000] {logging_mixin.py:137} INFO - data created!
[2022-12-27T04:29:48.919+0000] {python.py:177} INFO - Done. Returned value was: None
[2022-12-27T04:29:48.927+0000] {taskinstance.py:1327} INFO - Marking task as SUCCESS. dag_id=new_table_and_data_import_dag_v1, task_id=get_cash_flow_data, execution_date=20221227T042930, start_date=20221227T042938, end_date=20221227T042948
[2022-12-27T04:29:49.137+0000] {local_task_job.py:159} INFO - Task exited with return code 0
[2022-12-27T04:29:49.172+0000] {taskinstance.py:2582} INFO - 1 downstream tasks scheduled from follow-on schedule check
