[2023-01-17T13:46:35.766+0000] {processor.py:156} INFO - Started process (PID=15349) to work on /opt/airflow/dags/repo/Airflow/dags/spark_dag.py
[2023-01-17T13:46:35.768+0000] {processor.py:758} INFO - Processing file /opt/airflow/dags/repo/Airflow/dags/spark_dag.py for tasks to queue
[2023-01-17T13:46:35.771+0000] {logging_mixin.py:117} INFO - [2023-01-17T13:46:35.770+0000] {dagbag.py:525} INFO - Filling up the DagBag from /opt/airflow/dags/repo/Airflow/dags/spark_dag.py
[2023-01-17T13:46:38.686+0000] {processor.py:768} INFO - DAG(s) dict_keys(['spark']) retrieved from /opt/airflow/dags/repo/Airflow/dags/spark_dag.py
[2023-01-17T13:46:39.317+0000] {logging_mixin.py:117} INFO - [2023-01-17T13:46:39.317+0000] {manager.py:507} INFO - Created Permission View: can edit on DAG:spark
[2023-01-17T13:46:39.349+0000] {logging_mixin.py:117} INFO - [2023-01-17T13:46:39.349+0000] {manager.py:507} INFO - Created Permission View: can delete on DAG:spark
[2023-01-17T13:46:39.373+0000] {logging_mixin.py:117} INFO - [2023-01-17T13:46:39.373+0000] {manager.py:507} INFO - Created Permission View: can read on DAG:spark
[2023-01-17T13:46:39.375+0000] {logging_mixin.py:117} INFO - [2023-01-17T13:46:39.374+0000] {dag.py:2573} INFO - Sync 1 DAGs
[2023-01-17T13:46:39.410+0000] {logging_mixin.py:117} INFO - [2023-01-17T13:46:39.409+0000] {dag.py:2594} INFO - Creating ORM DAG for spark
[2023-01-17T13:46:39.446+0000] {logging_mixin.py:117} INFO - [2023-01-17T13:46:39.446+0000] {dag.py:3328} INFO - Setting next_dagrun for spark to 2023-01-01T00:00:00+00:00, run_after=2023-01-02T00:00:00+00:00
[2023-01-17T13:46:39.496+0000] {processor.py:178} INFO - Processing /opt/airflow/dags/repo/Airflow/dags/spark_dag.py took 3.738 seconds
[2023-01-17T13:47:10.306+0000] {processor.py:156} INFO - Started process (PID=15401) to work on /opt/airflow/dags/repo/Airflow/dags/spark_dag.py
[2023-01-17T13:47:10.308+0000] {processor.py:758} INFO - Processing file /opt/airflow/dags/repo/Airflow/dags/spark_dag.py for tasks to queue
[2023-01-17T13:47:10.310+0000] {logging_mixin.py:117} INFO - [2023-01-17T13:47:10.310+0000] {dagbag.py:525} INFO - Filling up the DagBag from /opt/airflow/dags/repo/Airflow/dags/spark_dag.py
[2023-01-17T13:47:11.163+0000] {processor.py:768} INFO - DAG(s) dict_keys(['spark']) retrieved from /opt/airflow/dags/repo/Airflow/dags/spark_dag.py
[2023-01-17T13:47:11.273+0000] {logging_mixin.py:117} INFO - [2023-01-17T13:47:11.272+0000] {dag.py:2573} INFO - Sync 1 DAGs
[2023-01-17T13:47:11.367+0000] {logging_mixin.py:117} INFO - [2023-01-17T13:47:11.366+0000] {dag.py:3328} INFO - Setting next_dagrun for spark to 2023-01-05T00:00:00+00:00, run_after=2023-01-06T00:00:00+00:00
[2023-01-17T13:47:11.433+0000] {processor.py:178} INFO - Processing /opt/airflow/dags/repo/Airflow/dags/spark_dag.py took 1.134 seconds
[2023-01-17T13:47:41.635+0000] {processor.py:156} INFO - Started process (PID=15433) to work on /opt/airflow/dags/repo/Airflow/dags/spark_dag.py
[2023-01-17T13:47:41.639+0000] {processor.py:758} INFO - Processing file /opt/airflow/dags/repo/Airflow/dags/spark_dag.py for tasks to queue
[2023-01-17T13:47:41.641+0000] {logging_mixin.py:117} INFO - [2023-01-17T13:47:41.641+0000] {dagbag.py:525} INFO - Filling up the DagBag from /opt/airflow/dags/repo/Airflow/dags/spark_dag.py
[2023-01-17T13:47:42.709+0000] {processor.py:768} INFO - DAG(s) dict_keys(['spark']) retrieved from /opt/airflow/dags/repo/Airflow/dags/spark_dag.py
[2023-01-17T13:47:42.836+0000] {logging_mixin.py:117} INFO - [2023-01-17T13:47:42.835+0000] {dag.py:2573} INFO - Sync 1 DAGs
[2023-01-17T13:47:43.450+0000] {processor.py:178} INFO - Processing /opt/airflow/dags/repo/Airflow/dags/spark_dag.py took 1.831 seconds
[2023-01-17T13:48:13.565+0000] {processor.py:156} INFO - Started process (PID=15481) to work on /opt/airflow/dags/repo/Airflow/dags/spark_dag.py
[2023-01-17T13:48:13.568+0000] {processor.py:758} INFO - Processing file /opt/airflow/dags/repo/Airflow/dags/spark_dag.py for tasks to queue
[2023-01-17T13:48:13.570+0000] {logging_mixin.py:117} INFO - [2023-01-17T13:48:13.569+0000] {dagbag.py:525} INFO - Filling up the DagBag from /opt/airflow/dags/repo/Airflow/dags/spark_dag.py
[2023-01-17T13:48:14.397+0000] {processor.py:768} INFO - DAG(s) dict_keys(['spark']) retrieved from /opt/airflow/dags/repo/Airflow/dags/spark_dag.py
[2023-01-17T13:48:14.511+0000] {logging_mixin.py:117} INFO - [2023-01-17T13:48:14.510+0000] {dag.py:2573} INFO - Sync 1 DAGs
[2023-01-17T13:48:14.927+0000] {processor.py:178} INFO - Processing /opt/airflow/dags/repo/Airflow/dags/spark_dag.py took 1.371 seconds
[2023-01-17T13:48:45.748+0000] {processor.py:156} INFO - Started process (PID=15517) to work on /opt/airflow/dags/repo/Airflow/dags/spark_dag.py
[2023-01-17T13:48:45.751+0000] {processor.py:758} INFO - Processing file /opt/airflow/dags/repo/Airflow/dags/spark_dag.py for tasks to queue
[2023-01-17T13:48:45.753+0000] {logging_mixin.py:117} INFO - [2023-01-17T13:48:45.753+0000] {dagbag.py:525} INFO - Filling up the DagBag from /opt/airflow/dags/repo/Airflow/dags/spark_dag.py
[2023-01-17T13:48:46.740+0000] {processor.py:768} INFO - DAG(s) dict_keys(['spark']) retrieved from /opt/airflow/dags/repo/Airflow/dags/spark_dag.py
[2023-01-17T13:48:46.870+0000] {logging_mixin.py:117} INFO - [2023-01-17T13:48:46.869+0000] {dag.py:2573} INFO - Sync 1 DAGs
[2023-01-17T13:48:47.056+0000] {processor.py:178} INFO - Processing /opt/airflow/dags/repo/Airflow/dags/spark_dag.py took 1.322 seconds
[2023-01-17T13:49:18.110+0000] {processor.py:156} INFO - Started process (PID=15569) to work on /opt/airflow/dags/repo/Airflow/dags/spark_dag.py
[2023-01-17T13:49:18.113+0000] {processor.py:758} INFO - Processing file /opt/airflow/dags/repo/Airflow/dags/spark_dag.py for tasks to queue
[2023-01-17T13:49:18.115+0000] {logging_mixin.py:117} INFO - [2023-01-17T13:49:18.114+0000] {dagbag.py:525} INFO - Filling up the DagBag from /opt/airflow/dags/repo/Airflow/dags/spark_dag.py
[2023-01-17T13:49:19.148+0000] {processor.py:768} INFO - DAG(s) dict_keys(['spark']) retrieved from /opt/airflow/dags/repo/Airflow/dags/spark_dag.py
[2023-01-17T13:49:19.258+0000] {logging_mixin.py:117} INFO - [2023-01-17T13:49:19.257+0000] {dag.py:2573} INFO - Sync 1 DAGs
[2023-01-17T13:49:19.392+0000] {processor.py:178} INFO - Processing /opt/airflow/dags/repo/Airflow/dags/spark_dag.py took 1.293 seconds
[2023-01-17T13:49:49.699+0000] {processor.py:156} INFO - Started process (PID=15608) to work on /opt/airflow/dags/repo/Airflow/dags/spark_dag.py
[2023-01-17T13:49:49.702+0000] {processor.py:758} INFO - Processing file /opt/airflow/dags/repo/Airflow/dags/spark_dag.py for tasks to queue
[2023-01-17T13:49:49.704+0000] {logging_mixin.py:117} INFO - [2023-01-17T13:49:49.704+0000] {dagbag.py:525} INFO - Filling up the DagBag from /opt/airflow/dags/repo/Airflow/dags/spark_dag.py
[2023-01-17T13:49:50.657+0000] {processor.py:768} INFO - DAG(s) dict_keys(['spark']) retrieved from /opt/airflow/dags/repo/Airflow/dags/spark_dag.py
[2023-01-17T13:49:55.787+0000] {logging_mixin.py:117} INFO - [2023-01-17T13:49:55.786+0000] {dag.py:2573} INFO - Sync 1 DAGs
[2023-01-17T13:49:55.951+0000] {processor.py:178} INFO - Processing /opt/airflow/dags/repo/Airflow/dags/spark_dag.py took 6.262 seconds
[2023-01-17T13:50:26.349+0000] {processor.py:156} INFO - Started process (PID=15663) to work on /opt/airflow/dags/repo/Airflow/dags/spark_dag.py
[2023-01-17T13:50:26.351+0000] {processor.py:758} INFO - Processing file /opt/airflow/dags/repo/Airflow/dags/spark_dag.py for tasks to queue
[2023-01-17T13:50:26.357+0000] {logging_mixin.py:117} INFO - [2023-01-17T13:50:26.356+0000] {dagbag.py:525} INFO - Filling up the DagBag from /opt/airflow/dags/repo/Airflow/dags/spark_dag.py
[2023-01-17T13:50:27.268+0000] {processor.py:768} INFO - DAG(s) dict_keys(['spark']) retrieved from /opt/airflow/dags/repo/Airflow/dags/spark_dag.py
[2023-01-17T13:50:27.379+0000] {logging_mixin.py:117} INFO - [2023-01-17T13:50:27.378+0000] {dag.py:2573} INFO - Sync 1 DAGs
[2023-01-17T13:50:27.527+0000] {processor.py:178} INFO - Processing /opt/airflow/dags/repo/Airflow/dags/spark_dag.py took 1.189 seconds
[2023-01-17T13:50:57.800+0000] {processor.py:156} INFO - Started process (PID=15696) to work on /opt/airflow/dags/repo/Airflow/dags/spark_dag.py
[2023-01-17T13:50:57.803+0000] {processor.py:758} INFO - Processing file /opt/airflow/dags/repo/Airflow/dags/spark_dag.py for tasks to queue
[2023-01-17T13:50:57.805+0000] {logging_mixin.py:117} INFO - [2023-01-17T13:50:57.804+0000] {dagbag.py:525} INFO - Filling up the DagBag from /opt/airflow/dags/repo/Airflow/dags/spark_dag.py
[2023-01-17T13:50:58.711+0000] {processor.py:768} INFO - DAG(s) dict_keys(['spark']) retrieved from /opt/airflow/dags/repo/Airflow/dags/spark_dag.py
[2023-01-17T13:50:58.840+0000] {logging_mixin.py:117} INFO - [2023-01-17T13:50:58.839+0000] {dag.py:2573} INFO - Sync 1 DAGs
[2023-01-17T13:50:58.946+0000] {logging_mixin.py:117} INFO - [2023-01-17T13:50:58.945+0000] {dag.py:3328} INFO - Setting next_dagrun for spark to 2023-01-17T00:00:00+00:00, run_after=2023-01-18T00:00:00+00:00
[2023-01-17T13:50:59.373+0000] {processor.py:178} INFO - Processing /opt/airflow/dags/repo/Airflow/dags/spark_dag.py took 1.587 seconds
[2023-01-17T13:51:29.537+0000] {processor.py:156} INFO - Started process (PID=15744) to work on /opt/airflow/dags/repo/Airflow/dags/spark_dag.py
[2023-01-17T13:51:29.539+0000] {processor.py:758} INFO - Processing file /opt/airflow/dags/repo/Airflow/dags/spark_dag.py for tasks to queue
[2023-01-17T13:51:29.541+0000] {logging_mixin.py:117} INFO - [2023-01-17T13:51:29.541+0000] {dagbag.py:525} INFO - Filling up the DagBag from /opt/airflow/dags/repo/Airflow/dags/spark_dag.py
[2023-01-17T13:51:30.440+0000] {processor.py:768} INFO - DAG(s) dict_keys(['spark']) retrieved from /opt/airflow/dags/repo/Airflow/dags/spark_dag.py
[2023-01-17T13:51:35.548+0000] {logging_mixin.py:117} INFO - [2023-01-17T13:51:35.547+0000] {dag.py:2573} INFO - Sync 1 DAGs
[2023-01-17T13:51:35.932+0000] {logging_mixin.py:117} INFO - [2023-01-17T13:51:35.932+0000] {dag.py:3328} INFO - Setting next_dagrun for spark to 2023-01-17T00:00:00+00:00, run_after=2023-01-18T00:00:00+00:00
[2023-01-17T13:51:35.997+0000] {processor.py:178} INFO - Processing /opt/airflow/dags/repo/Airflow/dags/spark_dag.py took 6.483 seconds
[2023-01-17T13:52:06.229+0000] {processor.py:156} INFO - Started process (PID=15796) to work on /opt/airflow/dags/repo/Airflow/dags/spark_dag.py
[2023-01-17T13:52:06.231+0000] {processor.py:758} INFO - Processing file /opt/airflow/dags/repo/Airflow/dags/spark_dag.py for tasks to queue
[2023-01-17T13:52:06.233+0000] {logging_mixin.py:117} INFO - [2023-01-17T13:52:06.233+0000] {dagbag.py:525} INFO - Filling up the DagBag from /opt/airflow/dags/repo/Airflow/dags/spark_dag.py
[2023-01-17T13:52:07.007+0000] {processor.py:768} INFO - DAG(s) dict_keys(['spark']) retrieved from /opt/airflow/dags/repo/Airflow/dags/spark_dag.py
[2023-01-17T13:52:07.107+0000] {logging_mixin.py:117} INFO - [2023-01-17T13:52:07.105+0000] {dag.py:2573} INFO - Sync 1 DAGs
[2023-01-17T13:52:07.187+0000] {logging_mixin.py:117} INFO - [2023-01-17T13:52:07.187+0000] {dag.py:3328} INFO - Setting next_dagrun for spark to 2023-01-17T00:00:00+00:00, run_after=2023-01-18T00:00:00+00:00
[2023-01-17T13:52:07.244+0000] {processor.py:178} INFO - Processing /opt/airflow/dags/repo/Airflow/dags/spark_dag.py took 1.024 seconds
[2023-01-17T13:52:37.375+0000] {processor.py:156} INFO - Started process (PID=15832) to work on /opt/airflow/dags/repo/Airflow/dags/spark_dag.py
[2023-01-17T13:52:37.377+0000] {processor.py:758} INFO - Processing file /opt/airflow/dags/repo/Airflow/dags/spark_dag.py for tasks to queue
[2023-01-17T13:52:37.380+0000] {logging_mixin.py:117} INFO - [2023-01-17T13:52:37.379+0000] {dagbag.py:525} INFO - Filling up the DagBag from /opt/airflow/dags/repo/Airflow/dags/spark_dag.py
[2023-01-17T13:52:38.149+0000] {processor.py:768} INFO - DAG(s) dict_keys(['spark']) retrieved from /opt/airflow/dags/repo/Airflow/dags/spark_dag.py
[2023-01-17T13:52:38.244+0000] {logging_mixin.py:117} INFO - [2023-01-17T13:52:38.244+0000] {dag.py:2573} INFO - Sync 1 DAGs
[2023-01-17T13:52:38.320+0000] {logging_mixin.py:117} INFO - [2023-01-17T13:52:38.319+0000] {dag.py:3328} INFO - Setting next_dagrun for spark to 2023-01-17T00:00:00+00:00, run_after=2023-01-18T00:00:00+00:00
[2023-01-17T13:52:38.373+0000] {processor.py:178} INFO - Processing /opt/airflow/dags/repo/Airflow/dags/spark_dag.py took 1.007 seconds
[2023-01-17T13:53:08.688+0000] {processor.py:156} INFO - Started process (PID=15880) to work on /opt/airflow/dags/repo/Airflow/dags/spark_dag.py
[2023-01-17T13:53:08.691+0000] {processor.py:758} INFO - Processing file /opt/airflow/dags/repo/Airflow/dags/spark_dag.py for tasks to queue
[2023-01-17T13:53:08.693+0000] {logging_mixin.py:117} INFO - [2023-01-17T13:53:08.693+0000] {dagbag.py:525} INFO - Filling up the DagBag from /opt/airflow/dags/repo/Airflow/dags/spark_dag.py
[2023-01-17T13:53:09.523+0000] {processor.py:768} INFO - DAG(s) dict_keys(['spark']) retrieved from /opt/airflow/dags/repo/Airflow/dags/spark_dag.py
[2023-01-17T13:53:09.620+0000] {logging_mixin.py:117} INFO - [2023-01-17T13:53:09.620+0000] {dag.py:2573} INFO - Sync 1 DAGs
[2023-01-17T13:53:09.698+0000] {logging_mixin.py:117} INFO - [2023-01-17T13:53:09.697+0000] {dag.py:3328} INFO - Setting next_dagrun for spark to 2023-01-17T00:00:00+00:00, run_after=2023-01-18T00:00:00+00:00
[2023-01-17T13:53:09.769+0000] {processor.py:178} INFO - Processing /opt/airflow/dags/repo/Airflow/dags/spark_dag.py took 1.090 seconds
[2023-01-17T13:53:40.014+0000] {processor.py:156} INFO - Started process (PID=15913) to work on /opt/airflow/dags/repo/Airflow/dags/spark_dag.py
[2023-01-17T13:53:40.017+0000] {processor.py:758} INFO - Processing file /opt/airflow/dags/repo/Airflow/dags/spark_dag.py for tasks to queue
[2023-01-17T13:53:40.020+0000] {logging_mixin.py:117} INFO - [2023-01-17T13:53:40.019+0000] {dagbag.py:525} INFO - Filling up the DagBag from /opt/airflow/dags/repo/Airflow/dags/spark_dag.py
[2023-01-17T13:53:40.987+0000] {processor.py:768} INFO - DAG(s) dict_keys(['spark']) retrieved from /opt/airflow/dags/repo/Airflow/dags/spark_dag.py
[2023-01-17T13:53:41.114+0000] {logging_mixin.py:117} INFO - [2023-01-17T13:53:41.113+0000] {dag.py:2573} INFO - Sync 1 DAGs
[2023-01-17T13:53:41.191+0000] {logging_mixin.py:117} INFO - [2023-01-17T13:53:41.190+0000] {dag.py:3328} INFO - Setting next_dagrun for spark to 2023-01-17T00:00:00+00:00, run_after=2023-01-18T00:00:00+00:00
[2023-01-17T13:53:41.253+0000] {processor.py:178} INFO - Processing /opt/airflow/dags/repo/Airflow/dags/spark_dag.py took 1.250 seconds
[2023-01-17T13:54:11.511+0000] {processor.py:156} INFO - Started process (PID=15957) to work on /opt/airflow/dags/repo/Airflow/dags/spark_dag.py
[2023-01-17T13:54:11.514+0000] {processor.py:758} INFO - Processing file /opt/airflow/dags/repo/Airflow/dags/spark_dag.py for tasks to queue
[2023-01-17T13:54:11.516+0000] {logging_mixin.py:117} INFO - [2023-01-17T13:54:11.516+0000] {dagbag.py:525} INFO - Filling up the DagBag from /opt/airflow/dags/repo/Airflow/dags/spark_dag.py
[2023-01-17T13:54:12.365+0000] {processor.py:768} INFO - DAG(s) dict_keys(['spark']) retrieved from /opt/airflow/dags/repo/Airflow/dags/spark_dag.py
[2023-01-17T13:54:17.476+0000] {logging_mixin.py:117} INFO - [2023-01-17T13:54:17.475+0000] {dag.py:2573} INFO - Sync 1 DAGs
[2023-01-17T13:54:17.555+0000] {logging_mixin.py:117} INFO - [2023-01-17T13:54:17.555+0000] {dag.py:3328} INFO - Setting next_dagrun for spark to 2023-01-17T00:00:00+00:00, run_after=2023-01-18T00:00:00+00:00
[2023-01-17T13:54:17.879+0000] {processor.py:178} INFO - Processing /opt/airflow/dags/repo/Airflow/dags/spark_dag.py took 6.376 seconds
[2023-01-17T13:54:48.080+0000] {processor.py:156} INFO - Started process (PID=16000) to work on /opt/airflow/dags/repo/Airflow/dags/spark_dag.py
[2023-01-17T13:54:48.082+0000] {processor.py:758} INFO - Processing file /opt/airflow/dags/repo/Airflow/dags/spark_dag.py for tasks to queue
[2023-01-17T13:54:48.084+0000] {logging_mixin.py:117} INFO - [2023-01-17T13:54:48.084+0000] {dagbag.py:525} INFO - Filling up the DagBag from /opt/airflow/dags/repo/Airflow/dags/spark_dag.py
[2023-01-17T13:54:48.864+0000] {processor.py:768} INFO - DAG(s) dict_keys(['spark']) retrieved from /opt/airflow/dags/repo/Airflow/dags/spark_dag.py
[2023-01-17T13:54:53.970+0000] {logging_mixin.py:117} INFO - [2023-01-17T13:54:53.970+0000] {dag.py:2573} INFO - Sync 1 DAGs
[2023-01-17T13:54:54.326+0000] {logging_mixin.py:117} INFO - [2023-01-17T13:54:54.326+0000] {dag.py:3328} INFO - Setting next_dagrun for spark to 2023-01-17T00:00:00+00:00, run_after=2023-01-18T00:00:00+00:00
[2023-01-17T13:54:54.384+0000] {processor.py:178} INFO - Processing /opt/airflow/dags/repo/Airflow/dags/spark_dag.py took 6.311 seconds
[2023-01-17T13:55:25.070+0000] {processor.py:156} INFO - Started process (PID=16056) to work on /opt/airflow/dags/repo/Airflow/dags/spark_dag.py
[2023-01-17T13:55:25.072+0000] {processor.py:758} INFO - Processing file /opt/airflow/dags/repo/Airflow/dags/spark_dag.py for tasks to queue
[2023-01-17T13:55:25.075+0000] {logging_mixin.py:117} INFO - [2023-01-17T13:55:25.075+0000] {dagbag.py:525} INFO - Filling up the DagBag from /opt/airflow/dags/repo/Airflow/dags/spark_dag.py
[2023-01-17T13:55:25.885+0000] {processor.py:768} INFO - DAG(s) dict_keys(['spark']) retrieved from /opt/airflow/dags/repo/Airflow/dags/spark_dag.py
[2023-01-17T13:55:25.983+0000] {logging_mixin.py:117} INFO - [2023-01-17T13:55:25.982+0000] {dag.py:2573} INFO - Sync 1 DAGs
[2023-01-17T13:55:26.063+0000] {logging_mixin.py:117} INFO - [2023-01-17T13:55:26.062+0000] {dag.py:3328} INFO - Setting next_dagrun for spark to 2023-01-17T00:00:00+00:00, run_after=2023-01-18T00:00:00+00:00
[2023-01-17T13:55:26.125+0000] {processor.py:178} INFO - Processing /opt/airflow/dags/repo/Airflow/dags/spark_dag.py took 1.063 seconds
[2023-01-17T13:55:56.285+0000] {processor.py:156} INFO - Started process (PID=16092) to work on /opt/airflow/dags/repo/Airflow/dags/spark_dag.py
[2023-01-17T13:55:56.289+0000] {processor.py:758} INFO - Processing file /opt/airflow/dags/repo/Airflow/dags/spark_dag.py for tasks to queue
[2023-01-17T13:55:56.292+0000] {logging_mixin.py:117} INFO - [2023-01-17T13:55:56.292+0000] {dagbag.py:525} INFO - Filling up the DagBag from /opt/airflow/dags/repo/Airflow/dags/spark_dag.py
[2023-01-17T13:55:57.065+0000] {processor.py:768} INFO - DAG(s) dict_keys(['spark']) retrieved from /opt/airflow/dags/repo/Airflow/dags/spark_dag.py
[2023-01-17T13:56:02.168+0000] {logging_mixin.py:117} INFO - [2023-01-17T13:56:02.167+0000] {dag.py:2573} INFO - Sync 1 DAGs
[2023-01-17T13:56:02.243+0000] {logging_mixin.py:117} INFO - [2023-01-17T13:56:02.243+0000] {dag.py:3328} INFO - Setting next_dagrun for spark to 2023-01-17T00:00:00+00:00, run_after=2023-01-18T00:00:00+00:00
[2023-01-17T13:56:02.306+0000] {processor.py:178} INFO - Processing /opt/airflow/dags/repo/Airflow/dags/spark_dag.py took 6.031 seconds
[2023-01-17T13:56:33.075+0000] {processor.py:156} INFO - Started process (PID=16140) to work on /opt/airflow/dags/repo/Airflow/dags/spark_dag.py
[2023-01-17T13:56:33.078+0000] {processor.py:758} INFO - Processing file /opt/airflow/dags/repo/Airflow/dags/spark_dag.py for tasks to queue
[2023-01-17T13:56:33.081+0000] {logging_mixin.py:117} INFO - [2023-01-17T13:56:33.081+0000] {dagbag.py:525} INFO - Filling up the DagBag from /opt/airflow/dags/repo/Airflow/dags/spark_dag.py
[2023-01-17T13:56:34.078+0000] {processor.py:768} INFO - DAG(s) dict_keys(['spark']) retrieved from /opt/airflow/dags/repo/Airflow/dags/spark_dag.py
[2023-01-17T13:56:34.206+0000] {logging_mixin.py:117} INFO - [2023-01-17T13:56:34.205+0000] {dag.py:2573} INFO - Sync 1 DAGs
[2023-01-17T13:56:34.300+0000] {logging_mixin.py:117} INFO - [2023-01-17T13:56:34.300+0000] {dag.py:3328} INFO - Setting next_dagrun for spark to 2023-01-17T00:00:00+00:00, run_after=2023-01-18T00:00:00+00:00
[2023-01-17T13:56:34.357+0000] {processor.py:178} INFO - Processing /opt/airflow/dags/repo/Airflow/dags/spark_dag.py took 1.296 seconds
[2023-01-17T13:57:05.237+0000] {processor.py:156} INFO - Started process (PID=16188) to work on /opt/airflow/dags/repo/Airflow/dags/spark_dag.py
[2023-01-17T13:57:05.240+0000] {processor.py:758} INFO - Processing file /opt/airflow/dags/repo/Airflow/dags/spark_dag.py for tasks to queue
[2023-01-17T13:57:05.242+0000] {logging_mixin.py:117} INFO - [2023-01-17T13:57:05.242+0000] {dagbag.py:525} INFO - Filling up the DagBag from /opt/airflow/dags/repo/Airflow/dags/spark_dag.py
[2023-01-17T13:57:06.231+0000] {processor.py:768} INFO - DAG(s) dict_keys(['spark']) retrieved from /opt/airflow/dags/repo/Airflow/dags/spark_dag.py
[2023-01-17T13:57:11.355+0000] {logging_mixin.py:117} INFO - [2023-01-17T13:57:11.354+0000] {dag.py:2573} INFO - Sync 1 DAGs
[2023-01-17T13:57:11.451+0000] {logging_mixin.py:117} INFO - [2023-01-17T13:57:11.451+0000] {dag.py:3328} INFO - Setting next_dagrun for spark to 2023-01-17T00:00:00+00:00, run_after=2023-01-18T00:00:00+00:00
[2023-01-17T13:57:11.511+0000] {processor.py:178} INFO - Processing /opt/airflow/dags/repo/Airflow/dags/spark_dag.py took 6.284 seconds
[2023-01-17T13:57:41.715+0000] {processor.py:156} INFO - Started process (PID=16231) to work on /opt/airflow/dags/repo/Airflow/dags/spark_dag.py
[2023-01-17T13:57:41.719+0000] {processor.py:758} INFO - Processing file /opt/airflow/dags/repo/Airflow/dags/spark_dag.py for tasks to queue
[2023-01-17T13:57:41.721+0000] {logging_mixin.py:117} INFO - [2023-01-17T13:57:41.721+0000] {dagbag.py:525} INFO - Filling up the DagBag from /opt/airflow/dags/repo/Airflow/dags/spark_dag.py
[2023-01-17T13:57:42.561+0000] {processor.py:768} INFO - DAG(s) dict_keys(['spark']) retrieved from /opt/airflow/dags/repo/Airflow/dags/spark_dag.py
[2023-01-17T13:57:42.674+0000] {logging_mixin.py:117} INFO - [2023-01-17T13:57:42.673+0000] {dag.py:2573} INFO - Sync 1 DAGs
[2023-01-17T13:57:43.059+0000] {logging_mixin.py:117} INFO - [2023-01-17T13:57:43.058+0000] {dag.py:3328} INFO - Setting next_dagrun for spark to 2023-01-17T00:00:00+00:00, run_after=2023-01-18T00:00:00+00:00
[2023-01-17T13:57:43.121+0000] {processor.py:178} INFO - Processing /opt/airflow/dags/repo/Airflow/dags/spark_dag.py took 1.417 seconds
[2023-01-17T13:58:13.489+0000] {processor.py:156} INFO - Started process (PID=16279) to work on /opt/airflow/dags/repo/Airflow/dags/spark_dag.py
[2023-01-17T13:58:13.493+0000] {processor.py:758} INFO - Processing file /opt/airflow/dags/repo/Airflow/dags/spark_dag.py for tasks to queue
[2023-01-17T13:58:13.495+0000] {logging_mixin.py:117} INFO - [2023-01-17T13:58:13.495+0000] {dagbag.py:525} INFO - Filling up the DagBag from /opt/airflow/dags/repo/Airflow/dags/spark_dag.py
[2023-01-17T13:58:14.440+0000] {processor.py:768} INFO - DAG(s) dict_keys(['spark']) retrieved from /opt/airflow/dags/repo/Airflow/dags/spark_dag.py
[2023-01-17T13:58:14.550+0000] {logging_mixin.py:117} INFO - [2023-01-17T13:58:14.549+0000] {dag.py:2573} INFO - Sync 1 DAGs
[2023-01-17T13:58:14.630+0000] {logging_mixin.py:117} INFO - [2023-01-17T13:58:14.629+0000] {dag.py:3328} INFO - Setting next_dagrun for spark to 2023-01-17T00:00:00+00:00, run_after=2023-01-18T00:00:00+00:00
[2023-01-17T13:58:14.686+0000] {processor.py:178} INFO - Processing /opt/airflow/dags/repo/Airflow/dags/spark_dag.py took 1.219 seconds
[2023-01-17T13:58:45.000+0000] {processor.py:156} INFO - Started process (PID=16315) to work on /opt/airflow/dags/repo/Airflow/dags/spark_dag.py
[2023-01-17T13:58:45.003+0000] {processor.py:758} INFO - Processing file /opt/airflow/dags/repo/Airflow/dags/spark_dag.py for tasks to queue
[2023-01-17T13:58:45.006+0000] {logging_mixin.py:117} INFO - [2023-01-17T13:58:45.005+0000] {dagbag.py:525} INFO - Filling up the DagBag from /opt/airflow/dags/repo/Airflow/dags/spark_dag.py
[2023-01-17T13:58:45.912+0000] {processor.py:768} INFO - DAG(s) dict_keys(['spark']) retrieved from /opt/airflow/dags/repo/Airflow/dags/spark_dag.py
[2023-01-17T13:58:46.023+0000] {logging_mixin.py:117} INFO - [2023-01-17T13:58:46.022+0000] {dag.py:2573} INFO - Sync 1 DAGs
[2023-01-17T13:58:46.134+0000] {logging_mixin.py:117} INFO - [2023-01-17T13:58:46.133+0000] {dag.py:3328} INFO - Setting next_dagrun for spark to 2023-01-17T00:00:00+00:00, run_after=2023-01-18T00:00:00+00:00
[2023-01-17T13:58:46.202+0000] {processor.py:178} INFO - Processing /opt/airflow/dags/repo/Airflow/dags/spark_dag.py took 1.214 seconds
[2023-01-17T13:59:16.394+0000] {processor.py:156} INFO - Started process (PID=16363) to work on /opt/airflow/dags/repo/Airflow/dags/spark_dag.py
[2023-01-17T13:59:16.396+0000] {processor.py:758} INFO - Processing file /opt/airflow/dags/repo/Airflow/dags/spark_dag.py for tasks to queue
[2023-01-17T13:59:16.398+0000] {logging_mixin.py:117} INFO - [2023-01-17T13:59:16.397+0000] {dagbag.py:525} INFO - Filling up the DagBag from /opt/airflow/dags/repo/Airflow/dags/spark_dag.py
[2023-01-17T13:59:17.137+0000] {processor.py:768} INFO - DAG(s) dict_keys(['spark']) retrieved from /opt/airflow/dags/repo/Airflow/dags/spark_dag.py
[2023-01-17T13:59:17.233+0000] {logging_mixin.py:117} INFO - [2023-01-17T13:59:17.232+0000] {dag.py:2573} INFO - Sync 1 DAGs
[2023-01-17T13:59:17.304+0000] {logging_mixin.py:117} INFO - [2023-01-17T13:59:17.304+0000] {dag.py:3328} INFO - Setting next_dagrun for spark to 2023-01-17T00:00:00+00:00, run_after=2023-01-18T00:00:00+00:00
[2023-01-17T13:59:17.356+0000] {processor.py:178} INFO - Processing /opt/airflow/dags/repo/Airflow/dags/spark_dag.py took 0.971 seconds
[2023-01-17T13:59:47.466+0000] {processor.py:156} INFO - Started process (PID=16399) to work on /opt/airflow/dags/repo/Airflow/dags/spark_dag.py
[2023-01-17T13:59:47.469+0000] {processor.py:758} INFO - Processing file /opt/airflow/dags/repo/Airflow/dags/spark_dag.py for tasks to queue
[2023-01-17T13:59:47.471+0000] {logging_mixin.py:117} INFO - [2023-01-17T13:59:47.471+0000] {dagbag.py:525} INFO - Filling up the DagBag from /opt/airflow/dags/repo/Airflow/dags/spark_dag.py
[2023-01-17T13:59:48.209+0000] {processor.py:768} INFO - DAG(s) dict_keys(['spark']) retrieved from /opt/airflow/dags/repo/Airflow/dags/spark_dag.py
[2023-01-17T13:59:48.318+0000] {logging_mixin.py:117} INFO - [2023-01-17T13:59:48.318+0000] {dag.py:2573} INFO - Sync 1 DAGs
[2023-01-17T13:59:48.411+0000] {logging_mixin.py:117} INFO - [2023-01-17T13:59:48.410+0000] {dag.py:3328} INFO - Setting next_dagrun for spark to 2023-01-17T00:00:00+00:00, run_after=2023-01-18T00:00:00+00:00
[2023-01-17T13:59:48.472+0000] {processor.py:178} INFO - Processing /opt/airflow/dags/repo/Airflow/dags/spark_dag.py took 1.016 seconds
[2023-01-17T14:00:19.216+0000] {processor.py:156} INFO - Started process (PID=16447) to work on /opt/airflow/dags/repo/Airflow/dags/spark_dag.py
[2023-01-17T14:00:19.218+0000] {processor.py:758} INFO - Processing file /opt/airflow/dags/repo/Airflow/dags/spark_dag.py for tasks to queue
[2023-01-17T14:00:19.220+0000] {logging_mixin.py:117} INFO - [2023-01-17T14:00:19.219+0000] {dagbag.py:525} INFO - Filling up the DagBag from /opt/airflow/dags/repo/Airflow/dags/spark_dag.py
[2023-01-17T14:00:19.944+0000] {processor.py:768} INFO - DAG(s) dict_keys(['spark']) retrieved from /opt/airflow/dags/repo/Airflow/dags/spark_dag.py
[2023-01-17T14:00:20.057+0000] {logging_mixin.py:117} INFO - [2023-01-17T14:00:20.056+0000] {dag.py:2573} INFO - Sync 1 DAGs
[2023-01-17T14:00:20.131+0000] {logging_mixin.py:117} INFO - [2023-01-17T14:00:20.131+0000] {dag.py:3328} INFO - Setting next_dagrun for spark to 2023-01-17T00:00:00+00:00, run_after=2023-01-18T00:00:00+00:00
[2023-01-17T14:00:20.192+0000] {processor.py:178} INFO - Processing /opt/airflow/dags/repo/Airflow/dags/spark_dag.py took 0.985 seconds
[2023-01-17T14:00:50.993+0000] {processor.py:156} INFO - Started process (PID=16483) to work on /opt/airflow/dags/repo/Airflow/dags/spark_dag.py
[2023-01-17T14:00:50.996+0000] {processor.py:758} INFO - Processing file /opt/airflow/dags/repo/Airflow/dags/spark_dag.py for tasks to queue
[2023-01-17T14:00:50.998+0000] {logging_mixin.py:117} INFO - [2023-01-17T14:00:50.997+0000] {dagbag.py:525} INFO - Filling up the DagBag from /opt/airflow/dags/repo/Airflow/dags/spark_dag.py
[2023-01-17T14:00:51.803+0000] {processor.py:768} INFO - DAG(s) dict_keys(['spark']) retrieved from /opt/airflow/dags/repo/Airflow/dags/spark_dag.py
[2023-01-17T14:00:51.914+0000] {logging_mixin.py:117} INFO - [2023-01-17T14:00:51.913+0000] {dag.py:2573} INFO - Sync 1 DAGs
[2023-01-17T14:00:52.002+0000] {logging_mixin.py:117} INFO - [2023-01-17T14:00:52.001+0000] {dag.py:3328} INFO - Setting next_dagrun for spark to 2023-01-17T00:00:00+00:00, run_after=2023-01-18T00:00:00+00:00
[2023-01-17T14:00:52.466+0000] {processor.py:178} INFO - Processing /opt/airflow/dags/repo/Airflow/dags/spark_dag.py took 1.482 seconds
[2023-01-17T14:01:22.669+0000] {processor.py:156} INFO - Started process (PID=16531) to work on /opt/airflow/dags/repo/Airflow/dags/spark_dag.py
[2023-01-17T14:01:22.672+0000] {processor.py:758} INFO - Processing file /opt/airflow/dags/repo/Airflow/dags/spark_dag.py for tasks to queue
[2023-01-17T14:01:22.674+0000] {logging_mixin.py:117} INFO - [2023-01-17T14:01:22.674+0000] {dagbag.py:525} INFO - Filling up the DagBag from /opt/airflow/dags/repo/Airflow/dags/spark_dag.py
[2023-01-17T14:01:23.444+0000] {processor.py:768} INFO - DAG(s) dict_keys(['spark']) retrieved from /opt/airflow/dags/repo/Airflow/dags/spark_dag.py
[2023-01-17T14:01:23.535+0000] {logging_mixin.py:117} INFO - [2023-01-17T14:01:23.535+0000] {dag.py:2573} INFO - Sync 1 DAGs
[2023-01-17T14:01:23.858+0000] {logging_mixin.py:117} INFO - [2023-01-17T14:01:23.858+0000] {dag.py:3328} INFO - Setting next_dagrun for spark to 2023-01-17T00:00:00+00:00, run_after=2023-01-18T00:00:00+00:00
[2023-01-17T14:01:23.906+0000] {processor.py:178} INFO - Processing /opt/airflow/dags/repo/Airflow/dags/spark_dag.py took 1.245 seconds
[2023-01-17T14:01:54.355+0000] {processor.py:156} INFO - Started process (PID=16567) to work on /opt/airflow/dags/repo/Airflow/dags/spark_dag.py
[2023-01-17T14:01:54.358+0000] {processor.py:758} INFO - Processing file /opt/airflow/dags/repo/Airflow/dags/spark_dag.py for tasks to queue
[2023-01-17T14:01:54.360+0000] {logging_mixin.py:117} INFO - [2023-01-17T14:01:54.360+0000] {dagbag.py:525} INFO - Filling up the DagBag from /opt/airflow/dags/repo/Airflow/dags/spark_dag.py
[2023-01-17T14:01:55.246+0000] {processor.py:768} INFO - DAG(s) dict_keys(['spark']) retrieved from /opt/airflow/dags/repo/Airflow/dags/spark_dag.py
[2023-01-17T14:01:55.352+0000] {logging_mixin.py:117} INFO - [2023-01-17T14:01:55.351+0000] {dag.py:2573} INFO - Sync 1 DAGs
[2023-01-17T14:01:55.458+0000] {logging_mixin.py:117} INFO - [2023-01-17T14:01:55.458+0000] {dag.py:3328} INFO - Setting next_dagrun for spark to 2023-01-17T00:00:00+00:00, run_after=2023-01-18T00:00:00+00:00
[2023-01-17T14:01:55.538+0000] {processor.py:178} INFO - Processing /opt/airflow/dags/repo/Airflow/dags/spark_dag.py took 1.194 seconds
[2023-01-17T14:02:25.911+0000] {processor.py:156} INFO - Started process (PID=16615) to work on /opt/airflow/dags/repo/Airflow/dags/spark_dag.py
[2023-01-17T14:02:25.913+0000] {processor.py:758} INFO - Processing file /opt/airflow/dags/repo/Airflow/dags/spark_dag.py for tasks to queue
[2023-01-17T14:02:25.915+0000] {logging_mixin.py:117} INFO - [2023-01-17T14:02:25.915+0000] {dagbag.py:525} INFO - Filling up the DagBag from /opt/airflow/dags/repo/Airflow/dags/spark_dag.py
[2023-01-17T14:02:26.604+0000] {processor.py:768} INFO - DAG(s) dict_keys(['spark']) retrieved from /opt/airflow/dags/repo/Airflow/dags/spark_dag.py
[2023-01-17T14:02:26.696+0000] {logging_mixin.py:117} INFO - [2023-01-17T14:02:26.696+0000] {dag.py:2573} INFO - Sync 1 DAGs
[2023-01-17T14:02:26.762+0000] {logging_mixin.py:117} INFO - [2023-01-17T14:02:26.762+0000] {dag.py:3328} INFO - Setting next_dagrun for spark to 2023-01-17T00:00:00+00:00, run_after=2023-01-18T00:00:00+00:00
[2023-01-17T14:02:26.814+0000] {processor.py:178} INFO - Processing /opt/airflow/dags/repo/Airflow/dags/spark_dag.py took 0.911 seconds
[2023-01-17T14:02:57.578+0000] {processor.py:156} INFO - Started process (PID=16651) to work on /opt/airflow/dags/repo/Airflow/dags/spark_dag.py
[2023-01-17T14:02:57.580+0000] {processor.py:758} INFO - Processing file /opt/airflow/dags/repo/Airflow/dags/spark_dag.py for tasks to queue
[2023-01-17T14:02:57.583+0000] {logging_mixin.py:117} INFO - [2023-01-17T14:02:57.582+0000] {dagbag.py:525} INFO - Filling up the DagBag from /opt/airflow/dags/repo/Airflow/dags/spark_dag.py
[2023-01-17T14:02:58.312+0000] {processor.py:768} INFO - DAG(s) dict_keys(['spark']) retrieved from /opt/airflow/dags/repo/Airflow/dags/spark_dag.py
[2023-01-17T14:03:03.407+0000] {logging_mixin.py:117} INFO - [2023-01-17T14:03:03.407+0000] {dag.py:2573} INFO - Sync 1 DAGs
[2023-01-17T14:03:03.477+0000] {logging_mixin.py:117} INFO - [2023-01-17T14:03:03.477+0000] {dag.py:3328} INFO - Setting next_dagrun for spark to 2023-01-17T00:00:00+00:00, run_after=2023-01-18T00:00:00+00:00
[2023-01-17T14:03:03.530+0000] {processor.py:178} INFO - Processing /opt/airflow/dags/repo/Airflow/dags/spark_dag.py took 5.958 seconds
[2023-01-17T14:03:33.686+0000] {processor.py:156} INFO - Started process (PID=16706) to work on /opt/airflow/dags/repo/Airflow/dags/spark_dag.py
[2023-01-17T14:03:33.688+0000] {processor.py:758} INFO - Processing file /opt/airflow/dags/repo/Airflow/dags/spark_dag.py for tasks to queue
[2023-01-17T14:03:33.690+0000] {logging_mixin.py:117} INFO - [2023-01-17T14:03:33.689+0000] {dagbag.py:525} INFO - Filling up the DagBag from /opt/airflow/dags/repo/Airflow/dags/spark_dag.py
[2023-01-17T14:03:34.419+0000] {processor.py:768} INFO - DAG(s) dict_keys(['spark']) retrieved from /opt/airflow/dags/repo/Airflow/dags/spark_dag.py
[2023-01-17T14:03:34.506+0000] {logging_mixin.py:117} INFO - [2023-01-17T14:03:34.505+0000] {dag.py:2573} INFO - Sync 1 DAGs
[2023-01-17T14:03:34.573+0000] {logging_mixin.py:117} INFO - [2023-01-17T14:03:34.573+0000] {dag.py:3328} INFO - Setting next_dagrun for spark to 2023-01-17T00:00:00+00:00, run_after=2023-01-18T00:00:00+00:00
[2023-01-17T14:03:34.861+0000] {processor.py:178} INFO - Processing /opt/airflow/dags/repo/Airflow/dags/spark_dag.py took 1.183 seconds
[2023-01-17T14:04:05.129+0000] {processor.py:156} INFO - Started process (PID=16758) to work on /opt/airflow/dags/repo/Airflow/dags/spark_dag.py
[2023-01-17T14:04:05.131+0000] {processor.py:758} INFO - Processing file /opt/airflow/dags/repo/Airflow/dags/spark_dag.py for tasks to queue
[2023-01-17T14:04:05.133+0000] {logging_mixin.py:117} INFO - [2023-01-17T14:04:05.133+0000] {dagbag.py:525} INFO - Filling up the DagBag from /opt/airflow/dags/repo/Airflow/dags/spark_dag.py
[2023-01-17T14:04:05.823+0000] {processor.py:768} INFO - DAG(s) dict_keys(['spark']) retrieved from /opt/airflow/dags/repo/Airflow/dags/spark_dag.py
[2023-01-17T14:04:05.917+0000] {logging_mixin.py:117} INFO - [2023-01-17T14:04:05.916+0000] {dag.py:2573} INFO - Sync 1 DAGs
[2023-01-17T14:04:06.241+0000] {logging_mixin.py:117} INFO - [2023-01-17T14:04:06.240+0000] {dag.py:3328} INFO - Setting next_dagrun for spark to 2023-01-17T00:00:00+00:00, run_after=2023-01-18T00:00:00+00:00
[2023-01-17T14:04:06.291+0000] {processor.py:178} INFO - Processing /opt/airflow/dags/repo/Airflow/dags/spark_dag.py took 1.170 seconds
[2023-01-17T14:04:37.270+0000] {processor.py:156} INFO - Started process (PID=16797) to work on /opt/airflow/dags/repo/Airflow/dags/spark_dag.py
[2023-01-17T14:04:37.272+0000] {processor.py:758} INFO - Processing file /opt/airflow/dags/repo/Airflow/dags/spark_dag.py for tasks to queue
[2023-01-17T14:04:37.274+0000] {logging_mixin.py:117} INFO - [2023-01-17T14:04:37.274+0000] {dagbag.py:525} INFO - Filling up the DagBag from /opt/airflow/dags/repo/Airflow/dags/spark_dag.py
[2023-01-17T14:04:37.970+0000] {processor.py:768} INFO - DAG(s) dict_keys(['spark']) retrieved from /opt/airflow/dags/repo/Airflow/dags/spark_dag.py
[2023-01-17T14:04:38.057+0000] {logging_mixin.py:117} INFO - [2023-01-17T14:04:38.056+0000] {dag.py:2573} INFO - Sync 1 DAGs
[2023-01-17T14:04:38.382+0000] {logging_mixin.py:117} INFO - [2023-01-17T14:04:38.381+0000] {dag.py:3328} INFO - Setting next_dagrun for spark to 2023-01-17T00:00:00+00:00, run_after=2023-01-18T00:00:00+00:00
[2023-01-17T14:04:38.431+0000] {processor.py:178} INFO - Processing /opt/airflow/dags/repo/Airflow/dags/spark_dag.py took 1.170 seconds
[2023-01-17T14:05:08.599+0000] {processor.py:156} INFO - Started process (PID=16845) to work on /opt/airflow/dags/repo/Airflow/dags/spark_dag.py
[2023-01-17T14:05:08.601+0000] {processor.py:758} INFO - Processing file /opt/airflow/dags/repo/Airflow/dags/spark_dag.py for tasks to queue
[2023-01-17T14:05:08.604+0000] {logging_mixin.py:117} INFO - [2023-01-17T14:05:08.603+0000] {dagbag.py:525} INFO - Filling up the DagBag from /opt/airflow/dags/repo/Airflow/dags/spark_dag.py
[2023-01-17T14:05:09.389+0000] {processor.py:768} INFO - DAG(s) dict_keys(['spark']) retrieved from /opt/airflow/dags/repo/Airflow/dags/spark_dag.py
[2023-01-17T14:05:09.479+0000] {logging_mixin.py:117} INFO - [2023-01-17T14:05:09.478+0000] {dag.py:2573} INFO - Sync 1 DAGs
[2023-01-17T14:05:09.570+0000] {logging_mixin.py:117} INFO - [2023-01-17T14:05:09.569+0000] {dag.py:3328} INFO - Setting next_dagrun for spark to 2023-01-17T00:00:00+00:00, run_after=2023-01-18T00:00:00+00:00
[2023-01-17T14:05:09.633+0000] {processor.py:178} INFO - Processing /opt/airflow/dags/repo/Airflow/dags/spark_dag.py took 1.042 seconds
[2023-01-17T14:05:40.363+0000] {processor.py:156} INFO - Started process (PID=16881) to work on /opt/airflow/dags/repo/Airflow/dags/spark_dag.py
[2023-01-17T14:05:40.365+0000] {processor.py:758} INFO - Processing file /opt/airflow/dags/repo/Airflow/dags/spark_dag.py for tasks to queue
[2023-01-17T14:05:40.367+0000] {logging_mixin.py:117} INFO - [2023-01-17T14:05:40.367+0000] {dagbag.py:525} INFO - Filling up the DagBag from /opt/airflow/dags/repo/Airflow/dags/spark_dag.py
[2023-01-17T14:05:41.139+0000] {processor.py:768} INFO - DAG(s) dict_keys(['spark']) retrieved from /opt/airflow/dags/repo/Airflow/dags/spark_dag.py
[2023-01-17T14:05:46.244+0000] {logging_mixin.py:117} INFO - [2023-01-17T14:05:46.243+0000] {dag.py:2573} INFO - Sync 1 DAGs
[2023-01-17T14:05:46.344+0000] {logging_mixin.py:117} INFO - [2023-01-17T14:05:46.343+0000] {dag.py:3328} INFO - Setting next_dagrun for spark to 2023-01-17T00:00:00+00:00, run_after=2023-01-18T00:00:00+00:00
[2023-01-17T14:05:46.397+0000] {processor.py:178} INFO - Processing /opt/airflow/dags/repo/Airflow/dags/spark_dag.py took 6.044 seconds
[2023-01-17T14:06:16.865+0000] {processor.py:156} INFO - Started process (PID=16929) to work on /opt/airflow/dags/repo/Airflow/dags/spark_dag.py
[2023-01-17T14:06:16.867+0000] {processor.py:758} INFO - Processing file /opt/airflow/dags/repo/Airflow/dags/spark_dag.py for tasks to queue
[2023-01-17T14:06:16.870+0000] {logging_mixin.py:117} INFO - [2023-01-17T14:06:16.869+0000] {dagbag.py:525} INFO - Filling up the DagBag from /opt/airflow/dags/repo/Airflow/dags/spark_dag.py
[2023-01-17T14:06:17.610+0000] {processor.py:768} INFO - DAG(s) dict_keys(['spark']) retrieved from /opt/airflow/dags/repo/Airflow/dags/spark_dag.py
[2023-01-17T14:06:17.700+0000] {logging_mixin.py:117} INFO - [2023-01-17T14:06:17.700+0000] {dag.py:2573} INFO - Sync 1 DAGs
[2023-01-17T14:06:17.767+0000] {logging_mixin.py:117} INFO - [2023-01-17T14:06:17.767+0000] {dag.py:3328} INFO - Setting next_dagrun for spark to 2023-01-17T00:00:00+00:00, run_after=2023-01-18T00:00:00+00:00
[2023-01-17T14:06:17.822+0000] {processor.py:178} INFO - Processing /opt/airflow/dags/repo/Airflow/dags/spark_dag.py took 0.966 seconds
[2023-01-17T14:06:47.930+0000] {processor.py:156} INFO - Started process (PID=16965) to work on /opt/airflow/dags/repo/Airflow/dags/spark_dag.py
[2023-01-17T14:06:47.931+0000] {processor.py:758} INFO - Processing file /opt/airflow/dags/repo/Airflow/dags/spark_dag.py for tasks to queue
[2023-01-17T14:06:47.933+0000] {logging_mixin.py:117} INFO - [2023-01-17T14:06:47.933+0000] {dagbag.py:525} INFO - Filling up the DagBag from /opt/airflow/dags/repo/Airflow/dags/spark_dag.py
[2023-01-17T14:06:48.676+0000] {processor.py:768} INFO - DAG(s) dict_keys(['spark']) retrieved from /opt/airflow/dags/repo/Airflow/dags/spark_dag.py
[2023-01-17T14:06:48.761+0000] {logging_mixin.py:117} INFO - [2023-01-17T14:06:48.760+0000] {dag.py:2573} INFO - Sync 1 DAGs
[2023-01-17T14:06:48.827+0000] {logging_mixin.py:117} INFO - [2023-01-17T14:06:48.826+0000] {dag.py:3328} INFO - Setting next_dagrun for spark to 2023-01-17T00:00:00+00:00, run_after=2023-01-18T00:00:00+00:00
[2023-01-17T14:06:49.147+0000] {processor.py:178} INFO - Processing /opt/airflow/dags/repo/Airflow/dags/spark_dag.py took 1.227 seconds
