[2022-12-11T00:00:03.761+0000] {taskinstance.py:1087} INFO - Dependencies all met for <TaskInstance: python_operator_dag_v6.get_shit scheduled__2022-12-10T00:00:00+00:00 [queued]>
[2022-12-11T00:00:03.768+0000] {taskinstance.py:1087} INFO - Dependencies all met for <TaskInstance: python_operator_dag_v6.get_shit scheduled__2022-12-10T00:00:00+00:00 [queued]>
[2022-12-11T00:00:03.768+0000] {taskinstance.py:1283} INFO - 
--------------------------------------------------------------------------------
[2022-12-11T00:00:03.768+0000] {taskinstance.py:1284} INFO - Starting attempt 1 of 1
[2022-12-11T00:00:03.768+0000] {taskinstance.py:1285} INFO - 
--------------------------------------------------------------------------------
[2022-12-11T00:00:03.947+0000] {taskinstance.py:1304} INFO - Executing <Task(PythonOperator): get_shit> on 2022-12-10 00:00:00+00:00
[2022-12-11T00:00:03.951+0000] {standard_task_runner.py:55} INFO - Started process 3631 to run task
[2022-12-11T00:00:03.954+0000] {standard_task_runner.py:82} INFO - Running: ['***', 'tasks', 'run', 'python_operator_dag_v6', 'get_shit', 'scheduled__2022-12-10T00:00:00+00:00', '--job-id', '41', '--raw', '--subdir', 'DAGS_FOLDER/python_operator_dag.py', '--cfg-path', '/tmp/tmpbaq7z0x_']
[2022-12-11T00:00:03.954+0000] {standard_task_runner.py:83} INFO - Job 41: Subtask get_shit
[2022-12-11T00:00:04.257+0000] {task_command.py:389} INFO - Running <TaskInstance: python_operator_dag_v6.get_shit scheduled__2022-12-10T00:00:00+00:00 [running]> on host 4f590d7fc3b1
[2022-12-11T00:00:04.949+0000] {taskinstance.py:1513} INFO - Exporting the following env vars:
AIRFLOW_CTX_DAG_OWNER=***
AIRFLOW_CTX_DAG_ID=python_operator_dag_v6
AIRFLOW_CTX_TASK_ID=get_shit
AIRFLOW_CTX_EXECUTION_DATE=2022-12-10T00:00:00+00:00
AIRFLOW_CTX_TRY_NUMBER=1
AIRFLOW_CTX_DAG_RUN_ID=scheduled__2022-12-10T00:00:00+00:00
[2022-12-11T00:00:05.081+0000] {python.py:177} INFO - Done. Returned value was: None
[2022-12-11T00:00:05.089+0000] {taskinstance.py:1327} INFO - Marking task as SUCCESS. dag_id=python_operator_dag_v6, task_id=get_shit, execution_date=20221210T000000, start_date=20221211T000003, end_date=20221211T000005
[2022-12-11T00:00:05.258+0000] {local_task_job.py:159} INFO - Task exited with return code 0
[2022-12-11T00:00:05.403+0000] {taskinstance.py:2582} INFO - 1 downstream tasks scheduled from follow-on schedule check
