[2023-01-05T09:33:31.127+0000] {taskinstance.py:1087} INFO - Dependencies all met for <TaskInstance: cash_flow_v1.truncate_table manual__2023-01-05T09:33:29.414711+00:00 [queued]>
[2023-01-05T09:33:31.143+0000] {taskinstance.py:1087} INFO - Dependencies all met for <TaskInstance: cash_flow_v1.truncate_table manual__2023-01-05T09:33:29.414711+00:00 [queued]>
[2023-01-05T09:33:31.143+0000] {taskinstance.py:1283} INFO - 
--------------------------------------------------------------------------------
[2023-01-05T09:33:31.144+0000] {taskinstance.py:1284} INFO - Starting attempt 1 of 1
[2023-01-05T09:33:31.144+0000] {taskinstance.py:1285} INFO - 
--------------------------------------------------------------------------------
[2023-01-05T09:33:31.194+0000] {taskinstance.py:1304} INFO - Executing <Task(PostgresOperator): truncate_table> on 2023-01-05 09:33:29.414711+00:00
[2023-01-05T09:33:31.200+0000] {standard_task_runner.py:55} INFO - Started process 8132 to run task
[2023-01-05T09:33:31.204+0000] {standard_task_runner.py:82} INFO - Running: ['***', 'tasks', 'run', 'cash_flow_v1', 'truncate_table', 'manual__2023-01-05T09:33:29.414711+00:00', '--job-id', '207', '--raw', '--subdir', 'DAGS_FOLDER/cash_flow.py', '--cfg-path', '/tmp/tmp66w2w5qd']
[2023-01-05T09:33:31.206+0000] {standard_task_runner.py:83} INFO - Job 207: Subtask truncate_table
[2023-01-05T09:33:31.318+0000] {task_command.py:389} INFO - Running <TaskInstance: cash_flow_v1.truncate_table manual__2023-01-05T09:33:29.414711+00:00 [running]> on host d84d515babd0
[2023-01-05T09:33:31.518+0000] {taskinstance.py:1513} INFO - Exporting the following env vars:
AIRFLOW_CTX_DAG_OWNER=***
AIRFLOW_CTX_DAG_ID=cash_flow_v1
AIRFLOW_CTX_TASK_ID=truncate_table
AIRFLOW_CTX_EXECUTION_DATE=2023-01-05T09:33:29.414711+00:00
AIRFLOW_CTX_TRY_NUMBER=1
AIRFLOW_CTX_DAG_RUN_ID=manual__2023-01-05T09:33:29.414711+00:00
[2023-01-05T09:33:31.519+0000] {sql.py:253} INFO - Executing: 
            TRUNCATE table cash_flow cascade;
        
[2023-01-05T09:33:31.531+0000] {base.py:73} INFO - Using connection ID 'financial_database' for task execution.
[2023-01-05T09:33:31.847+0000] {base.py:73} INFO - Using connection ID 'financial_database' for task execution.
[2023-01-05T09:33:31.859+0000] {sql.py:364} INFO - Running statement: 
            TRUNCATE table cash_flow cascade;
        , parameters: None
[2023-01-05T09:33:32.503+0000] {taskinstance.py:1327} INFO - Marking task as SUCCESS. dag_id=cash_flow_v1, task_id=truncate_table, execution_date=20230105T093329, start_date=20230105T093331, end_date=20230105T093332
[2023-01-05T09:33:32.818+0000] {local_task_job.py:159} INFO - Task exited with return code 0
[2023-01-05T09:33:32.851+0000] {taskinstance.py:2582} INFO - 1 downstream tasks scheduled from follow-on schedule check
