[2022-12-28T08:42:44.435+0000] {taskinstance.py:1087} INFO - Dependencies all met for <TaskInstance: import_through_csv_v1.get_cash_flow_data scheduled__2022-12-27T00:00:00+00:00 [queued]>
[2022-12-28T08:42:44.444+0000] {taskinstance.py:1087} INFO - Dependencies all met for <TaskInstance: import_through_csv_v1.get_cash_flow_data scheduled__2022-12-27T00:00:00+00:00 [queued]>
[2022-12-28T08:42:44.444+0000] {taskinstance.py:1283} INFO - 
--------------------------------------------------------------------------------
[2022-12-28T08:42:44.444+0000] {taskinstance.py:1284} INFO - Starting attempt 1 of 1
[2022-12-28T08:42:44.444+0000] {taskinstance.py:1285} INFO - 
--------------------------------------------------------------------------------
[2022-12-28T08:42:44.483+0000] {taskinstance.py:1304} INFO - Executing <Task(PythonOperator): get_cash_flow_data> on 2022-12-27 00:00:00+00:00
[2022-12-28T08:42:44.488+0000] {standard_task_runner.py:55} INFO - Started process 481 to run task
[2022-12-28T08:42:44.490+0000] {standard_task_runner.py:82} INFO - Running: ['***', 'tasks', 'run', 'import_through_csv_v1', 'get_cash_flow_data', 'scheduled__2022-12-27T00:00:00+00:00', '--job-id', '110', '--raw', '--subdir', 'DAGS_FOLDER/import_by_csv.py', '--cfg-path', '/tmp/tmpde8s14af']
[2022-12-28T08:42:44.492+0000] {standard_task_runner.py:83} INFO - Job 110: Subtask get_cash_flow_data
[2022-12-28T08:42:44.571+0000] {task_command.py:389} INFO - Running <TaskInstance: import_through_csv_v1.get_cash_flow_data scheduled__2022-12-27T00:00:00+00:00 [running]> on host f68f12b30799
[2022-12-28T08:42:44.800+0000] {taskinstance.py:1513} INFO - Exporting the following env vars:
AIRFLOW_CTX_DAG_OWNER=***
AIRFLOW_CTX_DAG_ID=import_through_csv_v1
AIRFLOW_CTX_TASK_ID=get_cash_flow_data
AIRFLOW_CTX_EXECUTION_DATE=2022-12-27T00:00:00+00:00
AIRFLOW_CTX_TRY_NUMBER=1
AIRFLOW_CTX_DAG_RUN_ID=scheduled__2022-12-27T00:00:00+00:00
[2022-12-28T08:42:51.925+0000] {python.py:177} INFO - Done. Returned value was: None
[2022-12-28T08:42:51.937+0000] {taskinstance.py:1327} INFO - Marking task as SUCCESS. dag_id=import_through_csv_v1, task_id=get_cash_flow_data, execution_date=20221227T000000, start_date=20221228T084244, end_date=20221228T084251
[2022-12-28T08:42:51.999+0000] {local_task_job.py:159} INFO - Task exited with return code 0
[2022-12-28T08:42:52.024+0000] {taskinstance.py:2582} INFO - 1 downstream tasks scheduled from follow-on schedule check
