[2022-12-07T10:40:30.997+0000] {taskinstance.py:1087} INFO - Dependencies all met for <TaskInstance: dataset_consumes_1.consuming_1 manual__2022-12-07T10:40:18.281036+00:00 [queued]>
[2022-12-07T10:40:31.011+0000] {taskinstance.py:1087} INFO - Dependencies all met for <TaskInstance: dataset_consumes_1.consuming_1 manual__2022-12-07T10:40:18.281036+00:00 [queued]>
[2022-12-07T10:40:31.011+0000] {taskinstance.py:1283} INFO - 
--------------------------------------------------------------------------------
[2022-12-07T10:40:31.012+0000] {taskinstance.py:1284} INFO - Starting attempt 1 of 1
[2022-12-07T10:40:31.012+0000] {taskinstance.py:1285} INFO - 
--------------------------------------------------------------------------------
[2022-12-07T10:40:31.133+0000] {taskinstance.py:1304} INFO - Executing <Task(BashOperator): consuming_1> on 2022-12-07 10:40:18.281036+00:00
[2022-12-07T10:40:31.137+0000] {standard_task_runner.py:55} INFO - Started process 1920 to run task
[2022-12-07T10:40:31.141+0000] {standard_task_runner.py:82} INFO - Running: ['***', 'tasks', 'run', 'dataset_consumes_1', 'consuming_1', 'manual__2022-12-07T10:40:18.281036+00:00', '--job-id', '11', '--raw', '--subdir', '/home/***/.local/lib/python3.7/site-packages/***/example_dags/example_datasets.py', '--cfg-path', '/tmp/tmpcewzl4c9']
[2022-12-07T10:40:31.142+0000] {standard_task_runner.py:83} INFO - Job 11: Subtask consuming_1
[2022-12-07T10:40:31.371+0000] {task_command.py:389} INFO - Running <TaskInstance: dataset_consumes_1.consuming_1 manual__2022-12-07T10:40:18.281036+00:00 [running]> on host aa42d17eb5f6
[2022-12-07T10:40:32.039+0000] {taskinstance.py:1513} INFO - Exporting the following env vars:
AIRFLOW_CTX_DAG_OWNER=***
AIRFLOW_CTX_DAG_ID=dataset_consumes_1
AIRFLOW_CTX_TASK_ID=consuming_1
AIRFLOW_CTX_EXECUTION_DATE=2022-12-07T10:40:18.281036+00:00
AIRFLOW_CTX_TRY_NUMBER=1
AIRFLOW_CTX_DAG_RUN_ID=manual__2022-12-07T10:40:18.281036+00:00
[2022-12-07T10:40:32.042+0000] {subprocess.py:63} INFO - Tmp dir root location: 
 /tmp
[2022-12-07T10:40:32.042+0000] {subprocess.py:75} INFO - Running command: ['/bin/bash', '-c', 'sleep 5']
[2022-12-07T10:40:32.054+0000] {subprocess.py:86} INFO - Output:
[2022-12-07T10:40:37.058+0000] {subprocess.py:97} INFO - Command exited with return code 0
[2022-12-07T10:40:37.375+0000] {warnings.py:110} WARNING - /home/***/.local/lib/python3.7/site-packages/***/models/baseoperator.py:1393: RemovedInAirflow3Warning: Passing 'execution_date' to 'TaskInstance.xcom_push()' is deprecated.
  context["ti"].xcom_push(key=key, value=value, execution_date=execution_date)

[2022-12-07T10:40:37.530+0000] {taskinstance.py:1327} INFO - Marking task as SUCCESS. dag_id=dataset_consumes_1, task_id=consuming_1, execution_date=20221207T104018, start_date=20221207T104030, end_date=20221207T104037
[2022-12-07T10:40:37.937+0000] {local_task_job.py:159} INFO - Task exited with return code 0
[2022-12-07T10:40:37.962+0000] {taskinstance.py:2582} INFO - 0 downstream tasks scheduled from follow-on schedule check
