[2022-12-09T03:22:51.575+0000] {taskinstance.py:1087} INFO - Dependencies all met for <TaskInstance: python_operator_dag_v6.greet scheduled__2022-12-08T00:00:00+00:00 [queued]>
[2022-12-09T03:22:51.591+0000] {taskinstance.py:1087} INFO - Dependencies all met for <TaskInstance: python_operator_dag_v6.greet scheduled__2022-12-08T00:00:00+00:00 [queued]>
[2022-12-09T03:22:51.592+0000] {taskinstance.py:1283} INFO - 
--------------------------------------------------------------------------------
[2022-12-09T03:22:51.592+0000] {taskinstance.py:1284} INFO - Starting attempt 1 of 1
[2022-12-09T03:22:51.592+0000] {taskinstance.py:1285} INFO - 
--------------------------------------------------------------------------------
[2022-12-09T03:22:51.659+0000] {taskinstance.py:1304} INFO - Executing <Task(PythonOperator): greet> on 2022-12-08 00:00:00+00:00
[2022-12-09T03:22:51.664+0000] {standard_task_runner.py:55} INFO - Started process 35201 to run task
[2022-12-09T03:22:51.668+0000] {standard_task_runner.py:82} INFO - Running: ['***', 'tasks', 'run', 'python_operator_dag_v6', 'greet', 'scheduled__2022-12-08T00:00:00+00:00', '--job-id', '32', '--raw', '--subdir', 'DAGS_FOLDER/python_operator_dag.py', '--cfg-path', '/tmp/tmpq6uwvb7h']
[2022-12-09T03:22:51.668+0000] {standard_task_runner.py:83} INFO - Job 32: Subtask greet
[2022-12-09T03:22:51.866+0000] {task_command.py:389} INFO - Running <TaskInstance: python_operator_dag_v6.greet scheduled__2022-12-08T00:00:00+00:00 [running]> on host 4f590d7fc3b1
[2022-12-09T03:22:52.904+0000] {taskinstance.py:1513} INFO - Exporting the following env vars:
AIRFLOW_CTX_DAG_OWNER=***
AIRFLOW_CTX_DAG_ID=python_operator_dag_v6
AIRFLOW_CTX_TASK_ID=greet
AIRFLOW_CTX_EXECUTION_DATE=2022-12-08T00:00:00+00:00
AIRFLOW_CTX_TRY_NUMBER=1
AIRFLOW_CTX_DAG_RUN_ID=scheduled__2022-12-08T00:00:00+00:00
[2022-12-09T03:22:52.946+0000] {logging_mixin.py:137} INFO - Hello World! My name is Dung jazz, and I am 21 years old!
[2022-12-09T03:22:52.946+0000] {python.py:177} INFO - Done. Returned value was: None
[2022-12-09T03:22:52.965+0000] {taskinstance.py:1327} INFO - Marking task as SUCCESS. dag_id=python_operator_dag_v6, task_id=greet, execution_date=20221208T000000, start_date=20221209T032251, end_date=20221209T032252
[2022-12-09T03:22:53.083+0000] {local_task_job.py:159} INFO - Task exited with return code 0
[2022-12-09T03:22:53.124+0000] {taskinstance.py:2582} INFO - 0 downstream tasks scheduled from follow-on schedule check
