[2023-01-18T04:17:01.652+0000] {taskinstance.py:1165} INFO - Dependencies all met for <TaskInstance: spark.spark_job scheduled__2023-01-17T00:00:00+00:00 [queued]>
[2023-01-18T04:17:01.678+0000] {taskinstance.py:1165} INFO - Dependencies all met for <TaskInstance: spark.spark_job scheduled__2023-01-17T00:00:00+00:00 [queued]>
[2023-01-18T04:17:01.679+0000] {taskinstance.py:1362} INFO - 
--------------------------------------------------------------------------------
[2023-01-18T04:17:01.680+0000] {taskinstance.py:1363} INFO - Starting attempt 1 of 1
[2023-01-18T04:17:01.680+0000] {taskinstance.py:1364} INFO - 
--------------------------------------------------------------------------------
[2023-01-18T04:17:01.726+0000] {taskinstance.py:1383} INFO - Executing <Task(SparkSubmitOperator): spark_job> on 2023-01-17 00:00:00+00:00
[2023-01-18T04:17:01.734+0000] {standard_task_runner.py:54} INFO - Started process 21 to run task
[2023-01-18T04:17:01.741+0000] {standard_task_runner.py:82} INFO - Running: ['airflow', 'tasks', 'run', 'spark', 'spark_job', 'scheduled__2023-01-17T00:00:00+00:00', '--job-id', '32', '--raw', '--subdir', 'DAGS_FOLDER/spark_dag.py', '--cfg-path', '/tmp/tmpbrrueciv']
[2023-01-18T04:17:01.744+0000] {standard_task_runner.py:83} INFO - Job 32: Subtask spark_job
[2023-01-18T04:17:01.748+0000] {dagbag.py:525} INFO - Filling up the DagBag from /opt/airflow/dags/repo/Airflow/dags/spark_dag.py
[2023-01-18T04:17:10.821+0000] {task_command.py:384} INFO - Running <TaskInstance: spark.spark_job scheduled__2023-01-17T00:00:00+00:00 [running]> on host sparksparkjob-cd12cc3a4e37422d9a88ebef8d634906
[2023-01-18T04:17:11.144+0000] {taskinstance.py:1592} INFO - Exporting the following env vars:
AIRFLOW_CTX_DAG_OWNER=airflow
AIRFLOW_CTX_DAG_ID=spark
AIRFLOW_CTX_TASK_ID=spark_job
AIRFLOW_CTX_EXECUTION_DATE=2023-01-17T00:00:00+00:00
AIRFLOW_CTX_TRY_NUMBER=1
AIRFLOW_CTX_DAG_RUN_ID=scheduled__2023-01-17T00:00:00+00:00
[2023-01-18T04:17:11.174+0000] {base.py:71} INFO - Using connection ID 'spark_default' for task execution.
[2023-01-18T04:17:11.176+0000] {spark_submit.py:344} INFO - Spark-Submit cmd: spark-submit --master spark://10.96.144.83 :7077 --name arrow-spark spark-app.py
[2023-01-18T04:17:11.517+0000] {spark_submit.py:495} INFO - /home/airflow/.local/lib/python3.7/site-packages/pyspark/bin/load-spark-env.sh: line 68: ps: command not found
[2023-01-18T04:17:19.281+0000] {spark_submit.py:495} INFO - python3: can't open file '/opt/airflow/spark-app.py': [Errno 2] No such file or directory
[2023-01-18T04:17:19.311+0000] {spark_submit.py:495} INFO - 23/01/18 04:17:19 INFO ShutdownHookManager: Shutdown hook called
[2023-01-18T04:17:19.318+0000] {spark_submit.py:495} INFO - 23/01/18 04:17:19 INFO ShutdownHookManager: Deleting directory /tmp/spark-02fbc540-d3ab-418f-8b9e-d4ec6b63bd5f
[2023-01-18T04:17:19.496+0000] {taskinstance.py:1851} ERROR - Task failed with exception
Traceback (most recent call last):
  File "/home/airflow/.local/lib/python3.7/site-packages/airflow/providers/apache/spark/operators/spark_submit.py", line 157, in execute
    self._hook.submit(self._application)
  File "/home/airflow/.local/lib/python3.7/site-packages/airflow/providers/apache/spark/hooks/spark_submit.py", line 427, in submit
    f"Cannot execute: {self._mask_cmd(spark_submit_cmd)}. Error code is: {returncode}."
airflow.exceptions.AirflowException: Cannot execute: spark-submit --master spark://10.96.144.83 :7077 --name arrow-spark spark-app.py. Error code is: 2.
[2023-01-18T04:17:19.513+0000] {taskinstance.py:1406} INFO - Marking task as FAILED. dag_id=spark, task_id=spark_job, execution_date=20230117T000000, start_date=20230118T041701, end_date=20230118T041719
[2023-01-18T04:17:19.597+0000] {standard_task_runner.py:107} ERROR - Failed to execute job 32 for task spark_job (Cannot execute: spark-submit --master spark://10.96.144.83 :7077 --name arrow-spark spark-app.py. Error code is: 2.; 21)
[2023-01-18T04:17:19.699+0000] {local_task_job.py:164} INFO - Task exited with return code 1
[2023-01-18T04:17:19.802+0000] {local_task_job.py:273} INFO - 0 downstream tasks scheduled from follow-on schedule check
