[2023-01-17T09:52:09.499+0000] {taskinstance.py:1165} INFO - Dependencies all met for <TaskInstance: first_dag_v5.first_task scheduled__2023-01-16T00:00:00+00:00 [queued]>
[2023-01-17T09:52:09.525+0000] {taskinstance.py:1165} INFO - Dependencies all met for <TaskInstance: first_dag_v5.first_task scheduled__2023-01-16T00:00:00+00:00 [queued]>
[2023-01-17T09:52:09.525+0000] {taskinstance.py:1362} INFO - 
--------------------------------------------------------------------------------
[2023-01-17T09:52:09.526+0000] {taskinstance.py:1363} INFO - Starting attempt 1 of 1
[2023-01-17T09:52:09.527+0000] {taskinstance.py:1364} INFO - 
--------------------------------------------------------------------------------
[2023-01-17T09:52:09.566+0000] {taskinstance.py:1383} INFO - Executing <Task(BashOperator): first_task> on 2023-01-16 00:00:00+00:00
[2023-01-17T09:52:09.573+0000] {standard_task_runner.py:54} INFO - Started process 21 to run task
[2023-01-17T09:52:09.579+0000] {standard_task_runner.py:82} INFO - Running: ['airflow', 'tasks', 'run', 'first_dag_v5', 'first_task', 'scheduled__2023-01-16T00:00:00+00:00', '--job-id', '16', '--raw', '--subdir', 'DAGS_FOLDER/first_dag.py', '--cfg-path', '/tmp/tmp3d_uxblg']
[2023-01-17T09:52:09.582+0000] {standard_task_runner.py:83} INFO - Job 16: Subtask first_task
[2023-01-17T09:52:09.585+0000] {dagbag.py:525} INFO - Filling up the DagBag from /opt/airflow/dags/repo/Airflow/dags/first_dag.py
[2023-01-17T09:52:09.845+0000] {task_command.py:384} INFO - Running <TaskInstance: first_dag_v5.first_task scheduled__2023-01-16T00:00:00+00:00 [running]> on host firstdagv5firsttask-c1c287ad4bb3461eb3f77f6d82251eb8
[2023-01-17T09:52:12.736+0000] {taskinstance.py:1592} INFO - Exporting the following env vars:
AIRFLOW_CTX_DAG_OWNER=airflow
AIRFLOW_CTX_DAG_ID=first_dag_v5
AIRFLOW_CTX_TASK_ID=first_task
AIRFLOW_CTX_EXECUTION_DATE=2023-01-16T00:00:00+00:00
AIRFLOW_CTX_TRY_NUMBER=1
AIRFLOW_CTX_DAG_RUN_ID=scheduled__2023-01-16T00:00:00+00:00
[2023-01-17T09:52:12.738+0000] {subprocess.py:63} INFO - Tmp dir root location: 
 /tmp
[2023-01-17T09:52:12.739+0000] {subprocess.py:75} INFO - Running command: ['/bin/bash', '-c', 'echo hello world, lmao yeet']
[2023-01-17T09:52:12.760+0000] {subprocess.py:86} INFO - Output:
[2023-01-17T09:52:12.764+0000] {subprocess.py:93} INFO - hello world, lmao yeet
[2023-01-17T09:52:12.765+0000] {subprocess.py:97} INFO - Command exited with return code 0
[2023-01-17T09:52:12.832+0000] {taskinstance.py:1406} INFO - Marking task as SUCCESS. dag_id=first_dag_v5, task_id=first_task, execution_date=20230116T000000, start_date=20230117T095209, end_date=20230117T095212
[2023-01-17T09:52:12.929+0000] {local_task_job.py:164} INFO - Task exited with return code 0
[2023-01-17T09:52:12.989+0000] {local_task_job.py:273} INFO - 2 downstream tasks scheduled from follow-on schedule check
