[2023-01-11T13:29:20.836+0000] {processor.py:153} INFO - Started process (PID=142) to work on /opt/airflow/dags/balance_sheet.py
[2023-01-11T13:29:20.837+0000] {processor.py:743} INFO - Processing file /opt/airflow/dags/balance_sheet.py for tasks to queue
[2023-01-11T13:29:20.837+0000] {logging_mixin.py:137} INFO - [2023-01-11T13:29:20.837+0000] {dagbag.py:538} INFO - Filling up the DagBag from /opt/airflow/dags/balance_sheet.py
[2023-01-11T13:29:21.158+0000] {processor.py:753} INFO - DAG(s) dict_keys(['balance_sheet']) retrieved from /opt/airflow/dags/balance_sheet.py
[2023-01-11T13:29:21.493+0000] {logging_mixin.py:137} INFO - [2023-01-11T13:29:21.493+0000] {manager.py:504} INFO - Created Permission View: can read on DAG:balance_sheet
[2023-01-11T13:29:21.793+0000] {logging_mixin.py:137} INFO - [2023-01-11T13:29:21.793+0000] {manager.py:504} INFO - Created Permission View: can edit on DAG:balance_sheet
[2023-01-11T13:29:22.099+0000] {logging_mixin.py:137} INFO - [2023-01-11T13:29:22.099+0000] {manager.py:504} INFO - Created Permission View: can delete on DAG:balance_sheet
[2023-01-11T13:29:22.099+0000] {logging_mixin.py:137} INFO - [2023-01-11T13:29:22.099+0000] {dag.py:2676} INFO - Sync 1 DAGs
[2023-01-11T13:29:22.113+0000] {logging_mixin.py:137} INFO - [2023-01-11T13:29:22.113+0000] {dag.py:2697} INFO - Creating ORM DAG for balance_sheet
[2023-01-11T13:29:22.126+0000] {logging_mixin.py:137} INFO - [2023-01-11T13:29:22.126+0000] {dag.py:3427} INFO - Setting next_dagrun for balance_sheet to 2023-02-01T10:00:00+00:00, run_after=2023-05-01T10:00:00+00:00
[2023-01-11T13:29:22.330+0000] {processor.py:175} INFO - Processing /opt/airflow/dags/balance_sheet.py took 1.497 seconds
[2023-01-11T13:29:52.400+0000] {processor.py:153} INFO - Started process (PID=220) to work on /opt/airflow/dags/balance_sheet.py
[2023-01-11T13:29:52.401+0000] {processor.py:743} INFO - Processing file /opt/airflow/dags/balance_sheet.py for tasks to queue
[2023-01-11T13:29:52.401+0000] {logging_mixin.py:137} INFO - [2023-01-11T13:29:52.401+0000] {dagbag.py:538} INFO - Filling up the DagBag from /opt/airflow/dags/balance_sheet.py
[2023-01-11T13:29:52.658+0000] {processor.py:753} INFO - DAG(s) dict_keys(['balance_sheet']) retrieved from /opt/airflow/dags/balance_sheet.py
[2023-01-11T13:29:52.693+0000] {logging_mixin.py:137} INFO - [2023-01-11T13:29:52.693+0000] {dag.py:2676} INFO - Sync 1 DAGs
[2023-01-11T13:29:52.720+0000] {logging_mixin.py:137} INFO - [2023-01-11T13:29:52.720+0000] {dag.py:3427} INFO - Setting next_dagrun for balance_sheet to 2023-02-01T10:00:00+00:00, run_after=2023-05-01T10:00:00+00:00
[2023-01-11T13:29:52.781+0000] {processor.py:175} INFO - Processing /opt/airflow/dags/balance_sheet.py took 0.384 seconds
[2023-01-11T13:30:23.386+0000] {processor.py:153} INFO - Started process (PID=288) to work on /opt/airflow/dags/balance_sheet.py
[2023-01-11T13:30:23.388+0000] {processor.py:743} INFO - Processing file /opt/airflow/dags/balance_sheet.py for tasks to queue
[2023-01-11T13:30:23.389+0000] {logging_mixin.py:137} INFO - [2023-01-11T13:30:23.389+0000] {dagbag.py:538} INFO - Filling up the DagBag from /opt/airflow/dags/balance_sheet.py
[2023-01-11T13:30:23.640+0000] {processor.py:753} INFO - DAG(s) dict_keys(['balance_sheet']) retrieved from /opt/airflow/dags/balance_sheet.py
[2023-01-11T13:30:23.683+0000] {logging_mixin.py:137} INFO - [2023-01-11T13:30:23.683+0000] {dag.py:2676} INFO - Sync 1 DAGs
[2023-01-11T13:30:23.718+0000] {logging_mixin.py:137} INFO - [2023-01-11T13:30:23.718+0000] {dag.py:3427} INFO - Setting next_dagrun for balance_sheet to 2023-02-01T10:00:00+00:00, run_after=2023-05-01T10:00:00+00:00
[2023-01-11T13:30:23.781+0000] {processor.py:175} INFO - Processing /opt/airflow/dags/balance_sheet.py took 0.397 seconds
[2023-01-11T13:30:54.053+0000] {processor.py:153} INFO - Started process (PID=376) to work on /opt/airflow/dags/balance_sheet.py
[2023-01-11T13:30:54.054+0000] {processor.py:743} INFO - Processing file /opt/airflow/dags/balance_sheet.py for tasks to queue
[2023-01-11T13:30:54.055+0000] {logging_mixin.py:137} INFO - [2023-01-11T13:30:54.055+0000] {dagbag.py:538} INFO - Filling up the DagBag from /opt/airflow/dags/balance_sheet.py
[2023-01-11T13:30:54.348+0000] {processor.py:753} INFO - DAG(s) dict_keys(['balance_sheet']) retrieved from /opt/airflow/dags/balance_sheet.py
[2023-01-11T13:30:54.382+0000] {logging_mixin.py:137} INFO - [2023-01-11T13:30:54.382+0000] {dag.py:2676} INFO - Sync 1 DAGs
[2023-01-11T13:30:54.410+0000] {logging_mixin.py:137} INFO - [2023-01-11T13:30:54.410+0000] {dag.py:3427} INFO - Setting next_dagrun for balance_sheet to 2023-02-01T10:00:00+00:00, run_after=2023-05-01T10:00:00+00:00
[2023-01-11T13:30:54.450+0000] {processor.py:175} INFO - Processing /opt/airflow/dags/balance_sheet.py took 0.399 seconds
[2023-01-11T13:31:24.471+0000] {processor.py:153} INFO - Started process (PID=444) to work on /opt/airflow/dags/balance_sheet.py
[2023-01-11T13:31:24.472+0000] {processor.py:743} INFO - Processing file /opt/airflow/dags/balance_sheet.py for tasks to queue
[2023-01-11T13:31:24.473+0000] {logging_mixin.py:137} INFO - [2023-01-11T13:31:24.473+0000] {dagbag.py:538} INFO - Filling up the DagBag from /opt/airflow/dags/balance_sheet.py
[2023-01-11T13:31:24.841+0000] {processor.py:753} INFO - DAG(s) dict_keys(['balance_sheet']) retrieved from /opt/airflow/dags/balance_sheet.py
[2023-01-11T13:31:24.878+0000] {logging_mixin.py:137} INFO - [2023-01-11T13:31:24.878+0000] {dag.py:2676} INFO - Sync 1 DAGs
[2023-01-11T13:31:24.904+0000] {logging_mixin.py:137} INFO - [2023-01-11T13:31:24.904+0000] {dag.py:3427} INFO - Setting next_dagrun for balance_sheet to 2023-02-01T10:00:00+00:00, run_after=2023-05-01T10:00:00+00:00
[2023-01-11T13:31:24.962+0000] {processor.py:175} INFO - Processing /opt/airflow/dags/balance_sheet.py took 0.494 seconds
[2023-01-11T13:31:55.241+0000] {processor.py:153} INFO - Started process (PID=532) to work on /opt/airflow/dags/balance_sheet.py
[2023-01-11T13:31:55.242+0000] {processor.py:743} INFO - Processing file /opt/airflow/dags/balance_sheet.py for tasks to queue
[2023-01-11T13:31:55.243+0000] {logging_mixin.py:137} INFO - [2023-01-11T13:31:55.243+0000] {dagbag.py:538} INFO - Filling up the DagBag from /opt/airflow/dags/balance_sheet.py
[2023-01-11T13:31:55.608+0000] {processor.py:753} INFO - DAG(s) dict_keys(['balance_sheet']) retrieved from /opt/airflow/dags/balance_sheet.py
[2023-01-11T13:31:55.653+0000] {logging_mixin.py:137} INFO - [2023-01-11T13:31:55.652+0000] {dag.py:2676} INFO - Sync 1 DAGs
[2023-01-11T13:31:55.695+0000] {logging_mixin.py:137} INFO - [2023-01-11T13:31:55.695+0000] {dag.py:3427} INFO - Setting next_dagrun for balance_sheet to 2023-02-01T10:00:00+00:00, run_after=2023-05-01T10:00:00+00:00
[2023-01-11T13:31:55.760+0000] {processor.py:175} INFO - Processing /opt/airflow/dags/balance_sheet.py took 0.523 seconds
[2023-01-11T13:32:26.409+0000] {processor.py:153} INFO - Started process (PID=601) to work on /opt/airflow/dags/balance_sheet.py
[2023-01-11T13:32:26.410+0000] {processor.py:743} INFO - Processing file /opt/airflow/dags/balance_sheet.py for tasks to queue
[2023-01-11T13:32:26.410+0000] {logging_mixin.py:137} INFO - [2023-01-11T13:32:26.410+0000] {dagbag.py:538} INFO - Filling up the DagBag from /opt/airflow/dags/balance_sheet.py
[2023-01-11T13:32:26.632+0000] {processor.py:753} INFO - DAG(s) dict_keys(['balance_sheet']) retrieved from /opt/airflow/dags/balance_sheet.py
[2023-01-11T13:32:26.661+0000] {logging_mixin.py:137} INFO - [2023-01-11T13:32:26.661+0000] {dag.py:2676} INFO - Sync 1 DAGs
[2023-01-11T13:32:26.684+0000] {logging_mixin.py:137} INFO - [2023-01-11T13:32:26.684+0000] {dag.py:3427} INFO - Setting next_dagrun for balance_sheet to 2023-02-01T10:00:00+00:00, run_after=2023-05-01T10:00:00+00:00
[2023-01-11T13:32:26.740+0000] {processor.py:175} INFO - Processing /opt/airflow/dags/balance_sheet.py took 0.333 seconds
[2023-01-11T13:32:57.704+0000] {processor.py:153} INFO - Started process (PID=676) to work on /opt/airflow/dags/balance_sheet.py
[2023-01-11T13:32:57.705+0000] {processor.py:743} INFO - Processing file /opt/airflow/dags/balance_sheet.py for tasks to queue
[2023-01-11T13:32:57.706+0000] {logging_mixin.py:137} INFO - [2023-01-11T13:32:57.706+0000] {dagbag.py:538} INFO - Filling up the DagBag from /opt/airflow/dags/balance_sheet.py
[2023-01-11T13:32:57.994+0000] {processor.py:753} INFO - DAG(s) dict_keys(['balance_sheet']) retrieved from /opt/airflow/dags/balance_sheet.py
[2023-01-11T13:32:58.029+0000] {logging_mixin.py:137} INFO - [2023-01-11T13:32:58.029+0000] {dag.py:2676} INFO - Sync 1 DAGs
[2023-01-11T13:32:58.054+0000] {logging_mixin.py:137} INFO - [2023-01-11T13:32:58.054+0000] {dag.py:3427} INFO - Setting next_dagrun for balance_sheet to 2023-02-01T10:00:00+00:00, run_after=2023-05-01T10:00:00+00:00
[2023-01-11T13:32:58.091+0000] {processor.py:175} INFO - Processing /opt/airflow/dags/balance_sheet.py took 0.390 seconds
[2023-01-11T13:33:28.163+0000] {processor.py:153} INFO - Started process (PID=756) to work on /opt/airflow/dags/balance_sheet.py
[2023-01-11T13:33:28.180+0000] {processor.py:743} INFO - Processing file /opt/airflow/dags/balance_sheet.py for tasks to queue
[2023-01-11T13:33:28.180+0000] {logging_mixin.py:137} INFO - [2023-01-11T13:33:28.180+0000] {dagbag.py:538} INFO - Filling up the DagBag from /opt/airflow/dags/balance_sheet.py
[2023-01-11T13:33:28.438+0000] {processor.py:753} INFO - DAG(s) dict_keys(['balance_sheet']) retrieved from /opt/airflow/dags/balance_sheet.py
[2023-01-11T13:33:28.472+0000] {logging_mixin.py:137} INFO - [2023-01-11T13:33:28.472+0000] {dag.py:2676} INFO - Sync 1 DAGs
[2023-01-11T13:33:28.502+0000] {logging_mixin.py:137} INFO - [2023-01-11T13:33:28.502+0000] {dag.py:3427} INFO - Setting next_dagrun for balance_sheet to 2023-02-01T10:00:00+00:00, run_after=2023-05-01T10:00:00+00:00
[2023-01-11T13:33:28.551+0000] {processor.py:175} INFO - Processing /opt/airflow/dags/balance_sheet.py took 0.391 seconds
[2023-01-11T13:33:59.473+0000] {processor.py:153} INFO - Started process (PID=825) to work on /opt/airflow/dags/balance_sheet.py
[2023-01-11T13:33:59.493+0000] {processor.py:743} INFO - Processing file /opt/airflow/dags/balance_sheet.py for tasks to queue
[2023-01-11T13:33:59.494+0000] {logging_mixin.py:137} INFO - [2023-01-11T13:33:59.494+0000] {dagbag.py:538} INFO - Filling up the DagBag from /opt/airflow/dags/balance_sheet.py
[2023-01-11T13:33:59.766+0000] {processor.py:753} INFO - DAG(s) dict_keys(['balance_sheet']) retrieved from /opt/airflow/dags/balance_sheet.py
[2023-01-11T13:33:59.799+0000] {logging_mixin.py:137} INFO - [2023-01-11T13:33:59.798+0000] {dag.py:2676} INFO - Sync 1 DAGs
[2023-01-11T13:33:59.826+0000] {logging_mixin.py:137} INFO - [2023-01-11T13:33:59.826+0000] {dag.py:3427} INFO - Setting next_dagrun for balance_sheet to 2023-02-01T10:00:00+00:00, run_after=2023-05-01T10:00:00+00:00
[2023-01-11T13:33:59.908+0000] {processor.py:175} INFO - Processing /opt/airflow/dags/balance_sheet.py took 0.437 seconds
[2023-01-11T13:34:30.014+0000] {processor.py:153} INFO - Started process (PID=914) to work on /opt/airflow/dags/balance_sheet.py
[2023-01-11T13:34:30.015+0000] {processor.py:743} INFO - Processing file /opt/airflow/dags/balance_sheet.py for tasks to queue
[2023-01-11T13:34:30.016+0000] {logging_mixin.py:137} INFO - [2023-01-11T13:34:30.016+0000] {dagbag.py:538} INFO - Filling up the DagBag from /opt/airflow/dags/balance_sheet.py
[2023-01-11T13:34:30.261+0000] {processor.py:753} INFO - DAG(s) dict_keys(['balance_sheet']) retrieved from /opt/airflow/dags/balance_sheet.py
[2023-01-11T13:34:30.290+0000] {logging_mixin.py:137} INFO - [2023-01-11T13:34:30.290+0000] {dag.py:2676} INFO - Sync 1 DAGs
[2023-01-11T13:34:30.315+0000] {logging_mixin.py:137} INFO - [2023-01-11T13:34:30.315+0000] {dag.py:3427} INFO - Setting next_dagrun for balance_sheet to 2023-02-01T10:00:00+00:00, run_after=2023-05-01T10:00:00+00:00
[2023-01-11T13:34:30.376+0000] {processor.py:175} INFO - Processing /opt/airflow/dags/balance_sheet.py took 0.364 seconds
[2023-01-11T13:36:37.208+0000] {processor.py:153} INFO - Started process (PID=111) to work on /opt/airflow/dags/balance_sheet.py
[2023-01-11T13:36:37.209+0000] {processor.py:743} INFO - Processing file /opt/airflow/dags/balance_sheet.py for tasks to queue
[2023-01-11T13:36:37.210+0000] {logging_mixin.py:137} INFO - [2023-01-11T13:36:37.209+0000] {dagbag.py:538} INFO - Filling up the DagBag from /opt/airflow/dags/balance_sheet.py
[2023-01-11T13:36:37.564+0000] {processor.py:753} INFO - DAG(s) dict_keys(['balance_sheet']) retrieved from /opt/airflow/dags/balance_sheet.py
[2023-01-11T13:36:37.646+0000] {logging_mixin.py:137} INFO - [2023-01-11T13:36:37.646+0000] {dag.py:2676} INFO - Sync 1 DAGs
[2023-01-11T13:36:37.675+0000] {logging_mixin.py:137} INFO - [2023-01-11T13:36:37.674+0000] {dag.py:3427} INFO - Setting next_dagrun for balance_sheet to 2023-02-01T10:00:00+00:00, run_after=2023-05-01T10:00:00+00:00
[2023-01-11T13:36:37.735+0000] {processor.py:175} INFO - Processing /opt/airflow/dags/balance_sheet.py took 0.531 seconds
[2023-01-11T13:37:09.129+0000] {processor.py:153} INFO - Started process (PID=180) to work on /opt/airflow/dags/balance_sheet.py
[2023-01-11T13:37:09.133+0000] {processor.py:743} INFO - Processing file /opt/airflow/dags/balance_sheet.py for tasks to queue
[2023-01-11T13:37:09.134+0000] {logging_mixin.py:137} INFO - [2023-01-11T13:37:09.134+0000] {dagbag.py:538} INFO - Filling up the DagBag from /opt/airflow/dags/balance_sheet.py
[2023-01-11T13:37:09.432+0000] {processor.py:753} INFO - DAG(s) dict_keys(['balance_sheet']) retrieved from /opt/airflow/dags/balance_sheet.py
[2023-01-11T13:37:09.468+0000] {logging_mixin.py:137} INFO - [2023-01-11T13:37:09.468+0000] {dag.py:2676} INFO - Sync 1 DAGs
[2023-01-11T13:37:09.497+0000] {logging_mixin.py:137} INFO - [2023-01-11T13:37:09.497+0000] {dag.py:3427} INFO - Setting next_dagrun for balance_sheet to 2023-02-01T10:00:00+00:00, run_after=2023-05-01T10:00:00+00:00
[2023-01-11T13:37:09.559+0000] {processor.py:175} INFO - Processing /opt/airflow/dags/balance_sheet.py took 0.434 seconds
[2023-01-11T13:37:39.934+0000] {processor.py:153} INFO - Started process (PID=266) to work on /opt/airflow/dags/balance_sheet.py
[2023-01-11T13:37:39.943+0000] {processor.py:743} INFO - Processing file /opt/airflow/dags/balance_sheet.py for tasks to queue
[2023-01-11T13:37:39.943+0000] {logging_mixin.py:137} INFO - [2023-01-11T13:37:39.943+0000] {dagbag.py:538} INFO - Filling up the DagBag from /opt/airflow/dags/balance_sheet.py
[2023-01-11T13:37:40.254+0000] {processor.py:753} INFO - DAG(s) dict_keys(['balance_sheet']) retrieved from /opt/airflow/dags/balance_sheet.py
[2023-01-11T13:37:40.294+0000] {logging_mixin.py:137} INFO - [2023-01-11T13:37:40.294+0000] {dag.py:2676} INFO - Sync 1 DAGs
[2023-01-11T13:37:40.330+0000] {logging_mixin.py:137} INFO - [2023-01-11T13:37:40.330+0000] {dag.py:3427} INFO - Setting next_dagrun for balance_sheet to 2023-02-01T10:00:00+00:00, run_after=2023-05-01T10:00:00+00:00
[2023-01-11T13:37:40.541+0000] {processor.py:175} INFO - Processing /opt/airflow/dags/balance_sheet.py took 0.610 seconds
[2023-01-11T13:38:10.643+0000] {processor.py:153} INFO - Started process (PID=333) to work on /opt/airflow/dags/balance_sheet.py
[2023-01-11T13:38:10.644+0000] {processor.py:743} INFO - Processing file /opt/airflow/dags/balance_sheet.py for tasks to queue
[2023-01-11T13:38:10.644+0000] {logging_mixin.py:137} INFO - [2023-01-11T13:38:10.644+0000] {dagbag.py:538} INFO - Filling up the DagBag from /opt/airflow/dags/balance_sheet.py
[2023-01-11T13:38:10.859+0000] {processor.py:753} INFO - DAG(s) dict_keys(['balance_sheet']) retrieved from /opt/airflow/dags/balance_sheet.py
[2023-01-11T13:38:10.888+0000] {logging_mixin.py:137} INFO - [2023-01-11T13:38:10.888+0000] {dag.py:2676} INFO - Sync 1 DAGs
[2023-01-11T13:38:10.910+0000] {logging_mixin.py:137} INFO - [2023-01-11T13:38:10.910+0000] {dag.py:3427} INFO - Setting next_dagrun for balance_sheet to 2023-02-01T10:00:00+00:00, run_after=2023-05-01T10:00:00+00:00
[2023-01-11T13:38:10.980+0000] {processor.py:175} INFO - Processing /opt/airflow/dags/balance_sheet.py took 0.339 seconds
[2023-01-11T13:40:09.097+0000] {processor.py:153} INFO - Started process (PID=91) to work on /opt/airflow/dags/balance_sheet.py
[2023-01-11T13:40:09.115+0000] {processor.py:743} INFO - Processing file /opt/airflow/dags/balance_sheet.py for tasks to queue
[2023-01-11T13:40:09.116+0000] {logging_mixin.py:137} INFO - [2023-01-11T13:40:09.116+0000] {dagbag.py:538} INFO - Filling up the DagBag from /opt/airflow/dags/balance_sheet.py
[2023-01-11T13:40:09.399+0000] {processor.py:753} INFO - DAG(s) dict_keys(['balance_sheet']) retrieved from /opt/airflow/dags/balance_sheet.py
[2023-01-11T13:40:09.479+0000] {logging_mixin.py:137} INFO - [2023-01-11T13:40:09.479+0000] {dag.py:2676} INFO - Sync 1 DAGs
[2023-01-11T13:40:09.509+0000] {logging_mixin.py:137} INFO - [2023-01-11T13:40:09.509+0000] {dag.py:3427} INFO - Setting next_dagrun for balance_sheet to 2023-02-01T10:00:00+00:00, run_after=2023-05-01T10:00:00+00:00
[2023-01-11T13:40:09.594+0000] {processor.py:175} INFO - Processing /opt/airflow/dags/balance_sheet.py took 0.499 seconds
[2023-01-11T13:40:40.550+0000] {processor.py:153} INFO - Started process (PID=179) to work on /opt/airflow/dags/balance_sheet.py
[2023-01-11T13:40:40.550+0000] {processor.py:743} INFO - Processing file /opt/airflow/dags/balance_sheet.py for tasks to queue
[2023-01-11T13:40:40.551+0000] {logging_mixin.py:137} INFO - [2023-01-11T13:40:40.551+0000] {dagbag.py:538} INFO - Filling up the DagBag from /opt/airflow/dags/balance_sheet.py
[2023-01-11T13:40:40.785+0000] {processor.py:753} INFO - DAG(s) dict_keys(['balance_sheet']) retrieved from /opt/airflow/dags/balance_sheet.py
[2023-01-11T13:40:40.813+0000] {logging_mixin.py:137} INFO - [2023-01-11T13:40:40.813+0000] {dag.py:2676} INFO - Sync 1 DAGs
[2023-01-11T13:40:40.835+0000] {logging_mixin.py:137} INFO - [2023-01-11T13:40:40.835+0000] {dag.py:3427} INFO - Setting next_dagrun for balance_sheet to 2023-02-01T10:00:00+00:00, run_after=2023-05-01T10:00:00+00:00
[2023-01-11T13:40:40.871+0000] {processor.py:175} INFO - Processing /opt/airflow/dags/balance_sheet.py took 0.324 seconds
[2023-01-11T13:41:11.571+0000] {processor.py:153} INFO - Started process (PID=247) to work on /opt/airflow/dags/balance_sheet.py
[2023-01-11T13:41:11.591+0000] {processor.py:743} INFO - Processing file /opt/airflow/dags/balance_sheet.py for tasks to queue
[2023-01-11T13:41:11.592+0000] {logging_mixin.py:137} INFO - [2023-01-11T13:41:11.592+0000] {dagbag.py:538} INFO - Filling up the DagBag from /opt/airflow/dags/balance_sheet.py
[2023-01-11T13:41:11.813+0000] {processor.py:753} INFO - DAG(s) dict_keys(['balance_sheet']) retrieved from /opt/airflow/dags/balance_sheet.py
[2023-01-11T13:41:11.842+0000] {logging_mixin.py:137} INFO - [2023-01-11T13:41:11.841+0000] {dag.py:2676} INFO - Sync 1 DAGs
[2023-01-11T13:41:11.863+0000] {logging_mixin.py:137} INFO - [2023-01-11T13:41:11.863+0000] {dag.py:3427} INFO - Setting next_dagrun for balance_sheet to 2023-02-01T10:00:00+00:00, run_after=2023-05-01T10:00:00+00:00
[2023-01-11T13:41:11.911+0000] {processor.py:175} INFO - Processing /opt/airflow/dags/balance_sheet.py took 0.341 seconds
[2023-01-11T13:41:43.152+0000] {processor.py:153} INFO - Started process (PID=335) to work on /opt/airflow/dags/balance_sheet.py
[2023-01-11T13:41:43.152+0000] {processor.py:743} INFO - Processing file /opt/airflow/dags/balance_sheet.py for tasks to queue
[2023-01-11T13:41:43.153+0000] {logging_mixin.py:137} INFO - [2023-01-11T13:41:43.153+0000] {dagbag.py:538} INFO - Filling up the DagBag from /opt/airflow/dags/balance_sheet.py
[2023-01-11T13:41:43.396+0000] {processor.py:753} INFO - DAG(s) dict_keys(['balance_sheet']) retrieved from /opt/airflow/dags/balance_sheet.py
[2023-01-11T13:41:43.428+0000] {logging_mixin.py:137} INFO - [2023-01-11T13:41:43.428+0000] {dag.py:2676} INFO - Sync 1 DAGs
[2023-01-11T13:41:43.454+0000] {logging_mixin.py:137} INFO - [2023-01-11T13:41:43.454+0000] {dag.py:3427} INFO - Setting next_dagrun for balance_sheet to 2023-02-01T10:00:00+00:00, run_after=2023-05-01T10:00:00+00:00
[2023-01-11T13:41:43.527+0000] {processor.py:175} INFO - Processing /opt/airflow/dags/balance_sheet.py took 0.378 seconds
[2023-01-11T13:42:14.126+0000] {processor.py:153} INFO - Started process (PID=403) to work on /opt/airflow/dags/balance_sheet.py
[2023-01-11T13:42:14.138+0000] {processor.py:743} INFO - Processing file /opt/airflow/dags/balance_sheet.py for tasks to queue
[2023-01-11T13:42:14.139+0000] {logging_mixin.py:137} INFO - [2023-01-11T13:42:14.139+0000] {dagbag.py:538} INFO - Filling up the DagBag from /opt/airflow/dags/balance_sheet.py
[2023-01-11T13:42:14.464+0000] {processor.py:753} INFO - DAG(s) dict_keys(['balance_sheet']) retrieved from /opt/airflow/dags/balance_sheet.py
[2023-01-11T13:42:14.500+0000] {logging_mixin.py:137} INFO - [2023-01-11T13:42:14.500+0000] {dag.py:2676} INFO - Sync 1 DAGs
[2023-01-11T13:42:14.526+0000] {logging_mixin.py:137} INFO - [2023-01-11T13:42:14.526+0000] {dag.py:3427} INFO - Setting next_dagrun for balance_sheet to 2023-02-01T10:00:00+00:00, run_after=2023-05-01T10:00:00+00:00
[2023-01-11T13:42:14.575+0000] {processor.py:175} INFO - Processing /opt/airflow/dags/balance_sheet.py took 0.451 seconds
[2023-01-11T13:42:45.470+0000] {processor.py:153} INFO - Started process (PID=480) to work on /opt/airflow/dags/balance_sheet.py
[2023-01-11T13:42:45.482+0000] {processor.py:743} INFO - Processing file /opt/airflow/dags/balance_sheet.py for tasks to queue
[2023-01-11T13:42:45.483+0000] {logging_mixin.py:137} INFO - [2023-01-11T13:42:45.483+0000] {dagbag.py:538} INFO - Filling up the DagBag from /opt/airflow/dags/balance_sheet.py
[2023-01-11T13:42:45.801+0000] {processor.py:753} INFO - DAG(s) dict_keys(['balance_sheet']) retrieved from /opt/airflow/dags/balance_sheet.py
[2023-01-11T13:42:45.875+0000] {logging_mixin.py:137} INFO - [2023-01-11T13:42:45.874+0000] {dag.py:2676} INFO - Sync 1 DAGs
[2023-01-11T13:42:45.929+0000] {logging_mixin.py:137} INFO - [2023-01-11T13:42:45.929+0000] {dag.py:3427} INFO - Setting next_dagrun for balance_sheet to 2023-02-01T10:00:00+00:00, run_after=2023-05-01T10:00:00+00:00
[2023-01-11T13:42:45.976+0000] {processor.py:175} INFO - Processing /opt/airflow/dags/balance_sheet.py took 0.509 seconds
[2023-01-11T23:20:36.078+0000] {processor.py:153} INFO - Started process (PID=151) to work on /opt/airflow/dags/balance_sheet.py
[2023-01-11T23:20:36.271+0000] {processor.py:743} INFO - Processing file /opt/airflow/dags/balance_sheet.py for tasks to queue
[2023-01-11T23:20:36.271+0000] {logging_mixin.py:137} INFO - [2023-01-11T23:20:36.271+0000] {dagbag.py:538} INFO - Filling up the DagBag from /opt/airflow/dags/balance_sheet.py
[2023-01-11T23:20:36.782+0000] {processor.py:753} INFO - DAG(s) dict_keys(['balance_sheet']) retrieved from /opt/airflow/dags/balance_sheet.py
[2023-01-11T23:20:36.870+0000] {logging_mixin.py:137} INFO - [2023-01-11T23:20:36.870+0000] {dag.py:2676} INFO - Sync 1 DAGs
[2023-01-11T23:20:36.897+0000] {logging_mixin.py:137} INFO - [2023-01-11T23:20:36.897+0000] {dag.py:3427} INFO - Setting next_dagrun for balance_sheet to 2023-02-01T10:00:00+00:00, run_after=2023-05-01T10:00:00+00:00
[2023-01-11T23:20:37.288+0000] {processor.py:175} INFO - Processing /opt/airflow/dags/balance_sheet.py took 1.212 seconds
[2023-01-11T23:21:07.332+0000] {processor.py:153} INFO - Started process (PID=219) to work on /opt/airflow/dags/balance_sheet.py
[2023-01-11T23:21:07.333+0000] {processor.py:743} INFO - Processing file /opt/airflow/dags/balance_sheet.py for tasks to queue
[2023-01-11T23:21:07.334+0000] {logging_mixin.py:137} INFO - [2023-01-11T23:21:07.334+0000] {dagbag.py:538} INFO - Filling up the DagBag from /opt/airflow/dags/balance_sheet.py
[2023-01-11T23:21:07.785+0000] {processor.py:753} INFO - DAG(s) dict_keys(['balance_sheet']) retrieved from /opt/airflow/dags/balance_sheet.py
[2023-01-11T23:21:07.821+0000] {logging_mixin.py:137} INFO - [2023-01-11T23:21:07.820+0000] {dag.py:2676} INFO - Sync 1 DAGs
[2023-01-11T23:21:07.851+0000] {logging_mixin.py:137} INFO - [2023-01-11T23:21:07.851+0000] {dag.py:3427} INFO - Setting next_dagrun for balance_sheet to 2023-02-01T10:00:00+00:00, run_after=2023-05-01T10:00:00+00:00
[2023-01-11T23:21:07.970+0000] {processor.py:175} INFO - Processing /opt/airflow/dags/balance_sheet.py took 0.642 seconds
[2023-01-11T23:21:38.150+0000] {processor.py:153} INFO - Started process (PID=306) to work on /opt/airflow/dags/balance_sheet.py
[2023-01-11T23:21:38.211+0000] {processor.py:743} INFO - Processing file /opt/airflow/dags/balance_sheet.py for tasks to queue
[2023-01-11T23:21:38.212+0000] {logging_mixin.py:137} INFO - [2023-01-11T23:21:38.212+0000] {dagbag.py:538} INFO - Filling up the DagBag from /opt/airflow/dags/balance_sheet.py
[2023-01-11T23:21:38.557+0000] {processor.py:753} INFO - DAG(s) dict_keys(['balance_sheet']) retrieved from /opt/airflow/dags/balance_sheet.py
[2023-01-11T23:21:38.597+0000] {logging_mixin.py:137} INFO - [2023-01-11T23:21:38.596+0000] {dag.py:2676} INFO - Sync 1 DAGs
[2023-01-11T23:21:38.625+0000] {logging_mixin.py:137} INFO - [2023-01-11T23:21:38.625+0000] {dag.py:3427} INFO - Setting next_dagrun for balance_sheet to 2023-02-01T10:00:00+00:00, run_after=2023-05-01T10:00:00+00:00
[2023-01-11T23:21:38.854+0000] {processor.py:175} INFO - Processing /opt/airflow/dags/balance_sheet.py took 0.707 seconds
[2023-01-11T23:22:09.590+0000] {processor.py:153} INFO - Started process (PID=374) to work on /opt/airflow/dags/balance_sheet.py
[2023-01-11T23:22:09.591+0000] {processor.py:743} INFO - Processing file /opt/airflow/dags/balance_sheet.py for tasks to queue
[2023-01-11T23:22:09.592+0000] {logging_mixin.py:137} INFO - [2023-01-11T23:22:09.591+0000] {dagbag.py:538} INFO - Filling up the DagBag from /opt/airflow/dags/balance_sheet.py
[2023-01-11T23:22:09.875+0000] {processor.py:753} INFO - DAG(s) dict_keys(['balance_sheet']) retrieved from /opt/airflow/dags/balance_sheet.py
[2023-01-11T23:22:09.920+0000] {logging_mixin.py:137} INFO - [2023-01-11T23:22:09.919+0000] {dag.py:2676} INFO - Sync 1 DAGs
[2023-01-11T23:22:09.963+0000] {logging_mixin.py:137} INFO - [2023-01-11T23:22:09.963+0000] {dag.py:3427} INFO - Setting next_dagrun for balance_sheet to 2023-02-01T10:00:00+00:00, run_after=2023-05-01T10:00:00+00:00
[2023-01-11T23:22:10.011+0000] {processor.py:175} INFO - Processing /opt/airflow/dags/balance_sheet.py took 0.424 seconds
[2023-01-11T23:22:40.158+0000] {processor.py:153} INFO - Started process (PID=462) to work on /opt/airflow/dags/balance_sheet.py
[2023-01-11T23:22:40.197+0000] {processor.py:743} INFO - Processing file /opt/airflow/dags/balance_sheet.py for tasks to queue
[2023-01-11T23:22:40.198+0000] {logging_mixin.py:137} INFO - [2023-01-11T23:22:40.198+0000] {dagbag.py:538} INFO - Filling up the DagBag from /opt/airflow/dags/balance_sheet.py
[2023-01-11T23:22:40.436+0000] {processor.py:753} INFO - DAG(s) dict_keys(['balance_sheet']) retrieved from /opt/airflow/dags/balance_sheet.py
[2023-01-11T23:22:40.466+0000] {logging_mixin.py:137} INFO - [2023-01-11T23:22:40.465+0000] {dag.py:2676} INFO - Sync 1 DAGs
[2023-01-11T23:22:40.488+0000] {logging_mixin.py:137} INFO - [2023-01-11T23:22:40.488+0000] {dag.py:3427} INFO - Setting next_dagrun for balance_sheet to 2023-02-01T10:00:00+00:00, run_after=2023-05-01T10:00:00+00:00
[2023-01-11T23:22:40.593+0000] {processor.py:175} INFO - Processing /opt/airflow/dags/balance_sheet.py took 0.437 seconds
[2023-01-11T23:23:10.794+0000] {processor.py:153} INFO - Started process (PID=530) to work on /opt/airflow/dags/balance_sheet.py
[2023-01-11T23:23:10.833+0000] {processor.py:743} INFO - Processing file /opt/airflow/dags/balance_sheet.py for tasks to queue
[2023-01-11T23:23:10.834+0000] {logging_mixin.py:137} INFO - [2023-01-11T23:23:10.834+0000] {dagbag.py:538} INFO - Filling up the DagBag from /opt/airflow/dags/balance_sheet.py
[2023-01-11T23:23:11.125+0000] {processor.py:753} INFO - DAG(s) dict_keys(['balance_sheet']) retrieved from /opt/airflow/dags/balance_sheet.py
[2023-01-11T23:23:11.161+0000] {logging_mixin.py:137} INFO - [2023-01-11T23:23:11.161+0000] {dag.py:2676} INFO - Sync 1 DAGs
[2023-01-11T23:23:11.189+0000] {logging_mixin.py:137} INFO - [2023-01-11T23:23:11.189+0000] {dag.py:3427} INFO - Setting next_dagrun for balance_sheet to 2023-02-01T10:00:00+00:00, run_after=2023-05-01T10:00:00+00:00
[2023-01-11T23:23:11.252+0000] {processor.py:175} INFO - Processing /opt/airflow/dags/balance_sheet.py took 0.461 seconds
[2023-01-11T23:23:41.363+0000] {processor.py:153} INFO - Started process (PID=607) to work on /opt/airflow/dags/balance_sheet.py
[2023-01-11T23:23:41.363+0000] {processor.py:743} INFO - Processing file /opt/airflow/dags/balance_sheet.py for tasks to queue
[2023-01-11T23:23:41.364+0000] {logging_mixin.py:137} INFO - [2023-01-11T23:23:41.364+0000] {dagbag.py:538} INFO - Filling up the DagBag from /opt/airflow/dags/balance_sheet.py
[2023-01-11T23:23:41.695+0000] {processor.py:753} INFO - DAG(s) dict_keys(['balance_sheet']) retrieved from /opt/airflow/dags/balance_sheet.py
[2023-01-11T23:23:41.726+0000] {logging_mixin.py:137} INFO - [2023-01-11T23:23:41.725+0000] {dag.py:2676} INFO - Sync 1 DAGs
[2023-01-11T23:23:41.753+0000] {logging_mixin.py:137} INFO - [2023-01-11T23:23:41.753+0000] {dag.py:3427} INFO - Setting next_dagrun for balance_sheet to 2023-02-01T10:00:00+00:00, run_after=2023-05-01T10:00:00+00:00
[2023-01-11T23:23:41.872+0000] {processor.py:175} INFO - Processing /opt/airflow/dags/balance_sheet.py took 0.511 seconds
[2023-01-11T23:24:11.931+0000] {processor.py:153} INFO - Started process (PID=686) to work on /opt/airflow/dags/balance_sheet.py
[2023-01-11T23:24:11.969+0000] {processor.py:743} INFO - Processing file /opt/airflow/dags/balance_sheet.py for tasks to queue
[2023-01-11T23:24:11.969+0000] {logging_mixin.py:137} INFO - [2023-01-11T23:24:11.969+0000] {dagbag.py:538} INFO - Filling up the DagBag from /opt/airflow/dags/balance_sheet.py
[2023-01-11T23:24:12.252+0000] {processor.py:753} INFO - DAG(s) dict_keys(['balance_sheet']) retrieved from /opt/airflow/dags/balance_sheet.py
[2023-01-11T23:24:12.288+0000] {logging_mixin.py:137} INFO - [2023-01-11T23:24:12.287+0000] {dag.py:2676} INFO - Sync 1 DAGs
[2023-01-11T23:24:12.317+0000] {logging_mixin.py:137} INFO - [2023-01-11T23:24:12.317+0000] {dag.py:3427} INFO - Setting next_dagrun for balance_sheet to 2023-02-01T10:00:00+00:00, run_after=2023-05-01T10:00:00+00:00
[2023-01-11T23:24:12.359+0000] {processor.py:175} INFO - Processing /opt/airflow/dags/balance_sheet.py took 0.430 seconds
[2023-01-11T23:24:42.839+0000] {processor.py:153} INFO - Started process (PID=754) to work on /opt/airflow/dags/balance_sheet.py
[2023-01-11T23:24:42.840+0000] {processor.py:743} INFO - Processing file /opt/airflow/dags/balance_sheet.py for tasks to queue
[2023-01-11T23:24:42.841+0000] {logging_mixin.py:137} INFO - [2023-01-11T23:24:42.841+0000] {dagbag.py:538} INFO - Filling up the DagBag from /opt/airflow/dags/balance_sheet.py
[2023-01-11T23:24:43.155+0000] {processor.py:753} INFO - DAG(s) dict_keys(['balance_sheet']) retrieved from /opt/airflow/dags/balance_sheet.py
[2023-01-11T23:24:43.188+0000] {logging_mixin.py:137} INFO - [2023-01-11T23:24:43.187+0000] {dag.py:2676} INFO - Sync 1 DAGs
[2023-01-11T23:24:43.215+0000] {logging_mixin.py:137} INFO - [2023-01-11T23:24:43.215+0000] {dag.py:3427} INFO - Setting next_dagrun for balance_sheet to 2023-02-01T10:00:00+00:00, run_after=2023-05-01T10:00:00+00:00
[2023-01-11T23:24:43.575+0000] {processor.py:175} INFO - Processing /opt/airflow/dags/balance_sheet.py took 0.741 seconds
[2023-01-11T23:25:13.944+0000] {processor.py:153} INFO - Started process (PID=842) to work on /opt/airflow/dags/balance_sheet.py
[2023-01-11T23:25:14.026+0000] {processor.py:743} INFO - Processing file /opt/airflow/dags/balance_sheet.py for tasks to queue
[2023-01-11T23:25:14.026+0000] {logging_mixin.py:137} INFO - [2023-01-11T23:25:14.026+0000] {dagbag.py:538} INFO - Filling up the DagBag from /opt/airflow/dags/balance_sheet.py
[2023-01-11T23:25:14.292+0000] {processor.py:753} INFO - DAG(s) dict_keys(['balance_sheet']) retrieved from /opt/airflow/dags/balance_sheet.py
[2023-01-11T23:25:14.328+0000] {logging_mixin.py:137} INFO - [2023-01-11T23:25:14.328+0000] {dag.py:2676} INFO - Sync 1 DAGs
[2023-01-11T23:25:14.368+0000] {logging_mixin.py:137} INFO - [2023-01-11T23:25:14.368+0000] {dag.py:3427} INFO - Setting next_dagrun for balance_sheet to 2023-02-01T10:00:00+00:00, run_after=2023-05-01T10:00:00+00:00
[2023-01-11T23:25:14.467+0000] {processor.py:175} INFO - Processing /opt/airflow/dags/balance_sheet.py took 0.526 seconds
[2023-01-11T23:25:45.094+0000] {processor.py:153} INFO - Started process (PID=910) to work on /opt/airflow/dags/balance_sheet.py
[2023-01-11T23:25:45.094+0000] {processor.py:743} INFO - Processing file /opt/airflow/dags/balance_sheet.py for tasks to queue
[2023-01-11T23:25:45.095+0000] {logging_mixin.py:137} INFO - [2023-01-11T23:25:45.095+0000] {dagbag.py:538} INFO - Filling up the DagBag from /opt/airflow/dags/balance_sheet.py
[2023-01-11T23:25:45.429+0000] {processor.py:753} INFO - DAG(s) dict_keys(['balance_sheet']) retrieved from /opt/airflow/dags/balance_sheet.py
[2023-01-11T23:25:45.481+0000] {logging_mixin.py:137} INFO - [2023-01-11T23:25:45.480+0000] {dag.py:2676} INFO - Sync 1 DAGs
[2023-01-11T23:25:45.533+0000] {logging_mixin.py:137} INFO - [2023-01-11T23:25:45.533+0000] {dag.py:3427} INFO - Setting next_dagrun for balance_sheet to 2023-02-01T10:00:00+00:00, run_after=2023-05-01T10:00:00+00:00
[2023-01-11T23:25:45.906+0000] {processor.py:175} INFO - Processing /opt/airflow/dags/balance_sheet.py took 0.816 seconds
[2023-01-11T23:26:16.723+0000] {processor.py:153} INFO - Started process (PID=999) to work on /opt/airflow/dags/balance_sheet.py
[2023-01-11T23:26:16.910+0000] {processor.py:743} INFO - Processing file /opt/airflow/dags/balance_sheet.py for tasks to queue
[2023-01-11T23:26:16.910+0000] {logging_mixin.py:137} INFO - [2023-01-11T23:26:16.910+0000] {dagbag.py:538} INFO - Filling up the DagBag from /opt/airflow/dags/balance_sheet.py
[2023-01-11T23:26:17.181+0000] {processor.py:753} INFO - DAG(s) dict_keys(['balance_sheet']) retrieved from /opt/airflow/dags/balance_sheet.py
[2023-01-11T23:26:17.217+0000] {logging_mixin.py:137} INFO - [2023-01-11T23:26:17.216+0000] {dag.py:2676} INFO - Sync 1 DAGs
[2023-01-11T23:26:17.278+0000] {logging_mixin.py:137} INFO - [2023-01-11T23:26:17.278+0000] {dag.py:3427} INFO - Setting next_dagrun for balance_sheet to 2023-02-01T10:00:00+00:00, run_after=2023-05-01T10:00:00+00:00
[2023-01-11T23:26:17.380+0000] {processor.py:175} INFO - Processing /opt/airflow/dags/balance_sheet.py took 0.660 seconds
[2023-01-11T23:26:47.864+0000] {processor.py:153} INFO - Started process (PID=1067) to work on /opt/airflow/dags/balance_sheet.py
[2023-01-11T23:26:47.891+0000] {processor.py:743} INFO - Processing file /opt/airflow/dags/balance_sheet.py for tasks to queue
[2023-01-11T23:26:47.891+0000] {logging_mixin.py:137} INFO - [2023-01-11T23:26:47.891+0000] {dagbag.py:538} INFO - Filling up the DagBag from /opt/airflow/dags/balance_sheet.py
[2023-01-11T23:26:48.144+0000] {processor.py:753} INFO - DAG(s) dict_keys(['balance_sheet']) retrieved from /opt/airflow/dags/balance_sheet.py
[2023-01-11T23:26:48.173+0000] {logging_mixin.py:137} INFO - [2023-01-11T23:26:48.173+0000] {dag.py:2676} INFO - Sync 1 DAGs
[2023-01-11T23:26:48.196+0000] {logging_mixin.py:137} INFO - [2023-01-11T23:26:48.195+0000] {dag.py:3427} INFO - Setting next_dagrun for balance_sheet to 2023-02-01T10:00:00+00:00, run_after=2023-05-01T10:00:00+00:00
[2023-01-11T23:26:48.248+0000] {processor.py:175} INFO - Processing /opt/airflow/dags/balance_sheet.py took 0.386 seconds
[2023-01-11T23:27:18.498+0000] {processor.py:153} INFO - Started process (PID=1155) to work on /opt/airflow/dags/balance_sheet.py
[2023-01-11T23:27:18.499+0000] {processor.py:743} INFO - Processing file /opt/airflow/dags/balance_sheet.py for tasks to queue
[2023-01-11T23:27:18.500+0000] {logging_mixin.py:137} INFO - [2023-01-11T23:27:18.500+0000] {dagbag.py:538} INFO - Filling up the DagBag from /opt/airflow/dags/balance_sheet.py
[2023-01-11T23:27:18.831+0000] {processor.py:753} INFO - DAG(s) dict_keys(['balance_sheet']) retrieved from /opt/airflow/dags/balance_sheet.py
[2023-01-11T23:27:18.869+0000] {logging_mixin.py:137} INFO - [2023-01-11T23:27:18.868+0000] {dag.py:2676} INFO - Sync 1 DAGs
[2023-01-11T23:27:18.896+0000] {logging_mixin.py:137} INFO - [2023-01-11T23:27:18.896+0000] {dag.py:3427} INFO - Setting next_dagrun for balance_sheet to 2023-02-01T10:00:00+00:00, run_after=2023-05-01T10:00:00+00:00
[2023-01-11T23:27:18.951+0000] {processor.py:175} INFO - Processing /opt/airflow/dags/balance_sheet.py took 0.457 seconds
[2023-01-11T23:27:49.727+0000] {processor.py:153} INFO - Started process (PID=1223) to work on /opt/airflow/dags/balance_sheet.py
[2023-01-11T23:27:49.788+0000] {processor.py:743} INFO - Processing file /opt/airflow/dags/balance_sheet.py for tasks to queue
[2023-01-11T23:27:49.788+0000] {logging_mixin.py:137} INFO - [2023-01-11T23:27:49.788+0000] {dagbag.py:538} INFO - Filling up the DagBag from /opt/airflow/dags/balance_sheet.py
[2023-01-11T23:27:50.058+0000] {processor.py:753} INFO - DAG(s) dict_keys(['balance_sheet']) retrieved from /opt/airflow/dags/balance_sheet.py
[2023-01-11T23:27:50.089+0000] {logging_mixin.py:137} INFO - [2023-01-11T23:27:50.089+0000] {dag.py:2676} INFO - Sync 1 DAGs
[2023-01-11T23:27:50.111+0000] {logging_mixin.py:137} INFO - [2023-01-11T23:27:50.111+0000] {dag.py:3427} INFO - Setting next_dagrun for balance_sheet to 2023-02-01T10:00:00+00:00, run_after=2023-05-01T10:00:00+00:00
[2023-01-11T23:27:50.342+0000] {processor.py:175} INFO - Processing /opt/airflow/dags/balance_sheet.py took 0.618 seconds
[2023-01-11T23:28:20.373+0000] {processor.py:153} INFO - Started process (PID=1291) to work on /opt/airflow/dags/balance_sheet.py
[2023-01-11T23:28:20.374+0000] {processor.py:743} INFO - Processing file /opt/airflow/dags/balance_sheet.py for tasks to queue
[2023-01-11T23:28:20.375+0000] {logging_mixin.py:137} INFO - [2023-01-11T23:28:20.375+0000] {dagbag.py:538} INFO - Filling up the DagBag from /opt/airflow/dags/balance_sheet.py
[2023-01-11T23:28:20.639+0000] {processor.py:753} INFO - DAG(s) dict_keys(['balance_sheet']) retrieved from /opt/airflow/dags/balance_sheet.py
[2023-01-11T23:28:20.669+0000] {logging_mixin.py:137} INFO - [2023-01-11T23:28:20.669+0000] {dag.py:2676} INFO - Sync 1 DAGs
[2023-01-11T23:28:20.692+0000] {logging_mixin.py:137} INFO - [2023-01-11T23:28:20.692+0000] {dag.py:3427} INFO - Setting next_dagrun for balance_sheet to 2023-02-01T10:00:00+00:00, run_after=2023-05-01T10:00:00+00:00
[2023-01-11T23:28:20.744+0000] {processor.py:175} INFO - Processing /opt/airflow/dags/balance_sheet.py took 0.373 seconds
[2023-01-11T23:28:51.274+0000] {processor.py:153} INFO - Started process (PID=1379) to work on /opt/airflow/dags/balance_sheet.py
[2023-01-11T23:28:51.304+0000] {processor.py:743} INFO - Processing file /opt/airflow/dags/balance_sheet.py for tasks to queue
[2023-01-11T23:28:51.305+0000] {logging_mixin.py:137} INFO - [2023-01-11T23:28:51.305+0000] {dagbag.py:538} INFO - Filling up the DagBag from /opt/airflow/dags/balance_sheet.py
[2023-01-11T23:28:51.567+0000] {processor.py:753} INFO - DAG(s) dict_keys(['balance_sheet']) retrieved from /opt/airflow/dags/balance_sheet.py
[2023-01-11T23:28:51.597+0000] {logging_mixin.py:137} INFO - [2023-01-11T23:28:51.597+0000] {dag.py:2676} INFO - Sync 1 DAGs
[2023-01-11T23:28:51.619+0000] {logging_mixin.py:137} INFO - [2023-01-11T23:28:51.619+0000] {dag.py:3427} INFO - Setting next_dagrun for balance_sheet to 2023-02-01T10:00:00+00:00, run_after=2023-05-01T10:00:00+00:00
[2023-01-11T23:28:51.660+0000] {processor.py:175} INFO - Processing /opt/airflow/dags/balance_sheet.py took 0.388 seconds
[2023-01-11T23:29:22.038+0000] {processor.py:153} INFO - Started process (PID=1447) to work on /opt/airflow/dags/balance_sheet.py
[2023-01-11T23:29:22.039+0000] {processor.py:743} INFO - Processing file /opt/airflow/dags/balance_sheet.py for tasks to queue
[2023-01-11T23:29:22.040+0000] {logging_mixin.py:137} INFO - [2023-01-11T23:29:22.040+0000] {dagbag.py:538} INFO - Filling up the DagBag from /opt/airflow/dags/balance_sheet.py
[2023-01-11T23:29:22.302+0000] {processor.py:753} INFO - DAG(s) dict_keys(['balance_sheet']) retrieved from /opt/airflow/dags/balance_sheet.py
[2023-01-11T23:29:22.336+0000] {logging_mixin.py:137} INFO - [2023-01-11T23:29:22.336+0000] {dag.py:2676} INFO - Sync 1 DAGs
[2023-01-11T23:29:22.364+0000] {logging_mixin.py:137} INFO - [2023-01-11T23:29:22.364+0000] {dag.py:3427} INFO - Setting next_dagrun for balance_sheet to 2023-02-01T10:00:00+00:00, run_after=2023-05-01T10:00:00+00:00
[2023-01-11T23:29:22.408+0000] {processor.py:175} INFO - Processing /opt/airflow/dags/balance_sheet.py took 0.373 seconds
[2023-01-11T23:29:53.000+0000] {processor.py:153} INFO - Started process (PID=1535) to work on /opt/airflow/dags/balance_sheet.py
[2023-01-11T23:29:53.013+0000] {processor.py:743} INFO - Processing file /opt/airflow/dags/balance_sheet.py for tasks to queue
[2023-01-11T23:29:53.013+0000] {logging_mixin.py:137} INFO - [2023-01-11T23:29:53.013+0000] {dagbag.py:538} INFO - Filling up the DagBag from /opt/airflow/dags/balance_sheet.py
[2023-01-11T23:29:53.333+0000] {processor.py:753} INFO - DAG(s) dict_keys(['balance_sheet']) retrieved from /opt/airflow/dags/balance_sheet.py
[2023-01-11T23:29:53.367+0000] {logging_mixin.py:137} INFO - [2023-01-11T23:29:53.366+0000] {dag.py:2676} INFO - Sync 1 DAGs
[2023-01-11T23:29:53.404+0000] {logging_mixin.py:137} INFO - [2023-01-11T23:29:53.404+0000] {dag.py:3427} INFO - Setting next_dagrun for balance_sheet to 2023-02-01T10:00:00+00:00, run_after=2023-05-01T10:00:00+00:00
[2023-01-11T23:29:53.455+0000] {processor.py:175} INFO - Processing /opt/airflow/dags/balance_sheet.py took 0.458 seconds
[2023-01-11T23:30:24.236+0000] {processor.py:153} INFO - Started process (PID=1603) to work on /opt/airflow/dags/balance_sheet.py
[2023-01-11T23:30:24.236+0000] {processor.py:743} INFO - Processing file /opt/airflow/dags/balance_sheet.py for tasks to queue
[2023-01-11T23:30:24.237+0000] {logging_mixin.py:137} INFO - [2023-01-11T23:30:24.237+0000] {dagbag.py:538} INFO - Filling up the DagBag from /opt/airflow/dags/balance_sheet.py
[2023-01-11T23:30:24.519+0000] {processor.py:753} INFO - DAG(s) dict_keys(['balance_sheet']) retrieved from /opt/airflow/dags/balance_sheet.py
[2023-01-11T23:30:24.563+0000] {logging_mixin.py:137} INFO - [2023-01-11T23:30:24.562+0000] {dag.py:2676} INFO - Sync 1 DAGs
[2023-01-11T23:30:24.600+0000] {logging_mixin.py:137} INFO - [2023-01-11T23:30:24.600+0000] {dag.py:3427} INFO - Setting next_dagrun for balance_sheet to 2023-02-01T10:00:00+00:00, run_after=2023-05-01T10:00:00+00:00
[2023-01-11T23:30:24.910+0000] {processor.py:175} INFO - Processing /opt/airflow/dags/balance_sheet.py took 0.677 seconds
[2023-01-11T23:30:55.120+0000] {processor.py:153} INFO - Started process (PID=1671) to work on /opt/airflow/dags/balance_sheet.py
[2023-01-11T23:30:55.130+0000] {processor.py:743} INFO - Processing file /opt/airflow/dags/balance_sheet.py for tasks to queue
[2023-01-11T23:30:55.131+0000] {logging_mixin.py:137} INFO - [2023-01-11T23:30:55.131+0000] {dagbag.py:538} INFO - Filling up the DagBag from /opt/airflow/dags/balance_sheet.py
[2023-01-11T23:30:55.499+0000] {processor.py:753} INFO - DAG(s) dict_keys(['balance_sheet']) retrieved from /opt/airflow/dags/balance_sheet.py
[2023-01-11T23:30:55.540+0000] {logging_mixin.py:137} INFO - [2023-01-11T23:30:55.539+0000] {dag.py:2676} INFO - Sync 1 DAGs
[2023-01-11T23:30:55.562+0000] {logging_mixin.py:137} INFO - [2023-01-11T23:30:55.562+0000] {dag.py:3427} INFO - Setting next_dagrun for balance_sheet to 2023-02-01T10:00:00+00:00, run_after=2023-05-01T10:00:00+00:00
[2023-01-11T23:30:55.635+0000] {processor.py:175} INFO - Processing /opt/airflow/dags/balance_sheet.py took 0.517 seconds
[2023-01-11T23:31:26.220+0000] {processor.py:153} INFO - Started process (PID=1760) to work on /opt/airflow/dags/balance_sheet.py
[2023-01-11T23:31:26.221+0000] {processor.py:743} INFO - Processing file /opt/airflow/dags/balance_sheet.py for tasks to queue
[2023-01-11T23:31:26.221+0000] {logging_mixin.py:137} INFO - [2023-01-11T23:31:26.221+0000] {dagbag.py:538} INFO - Filling up the DagBag from /opt/airflow/dags/balance_sheet.py
[2023-01-11T23:31:26.485+0000] {processor.py:753} INFO - DAG(s) dict_keys(['balance_sheet']) retrieved from /opt/airflow/dags/balance_sheet.py
[2023-01-11T23:31:26.518+0000] {logging_mixin.py:137} INFO - [2023-01-11T23:31:26.517+0000] {dag.py:2676} INFO - Sync 1 DAGs
[2023-01-11T23:31:26.543+0000] {logging_mixin.py:137} INFO - [2023-01-11T23:31:26.543+0000] {dag.py:3427} INFO - Setting next_dagrun for balance_sheet to 2023-02-01T10:00:00+00:00, run_after=2023-05-01T10:00:00+00:00
[2023-01-11T23:31:26.587+0000] {processor.py:175} INFO - Processing /opt/airflow/dags/balance_sheet.py took 0.369 seconds
[2023-01-11T23:31:57.009+0000] {processor.py:153} INFO - Started process (PID=1828) to work on /opt/airflow/dags/balance_sheet.py
[2023-01-11T23:31:57.145+0000] {processor.py:743} INFO - Processing file /opt/airflow/dags/balance_sheet.py for tasks to queue
[2023-01-11T23:31:57.146+0000] {logging_mixin.py:137} INFO - [2023-01-11T23:31:57.146+0000] {dagbag.py:538} INFO - Filling up the DagBag from /opt/airflow/dags/balance_sheet.py
[2023-01-11T23:31:57.372+0000] {processor.py:753} INFO - DAG(s) dict_keys(['balance_sheet']) retrieved from /opt/airflow/dags/balance_sheet.py
[2023-01-11T23:31:57.401+0000] {logging_mixin.py:137} INFO - [2023-01-11T23:31:57.400+0000] {dag.py:2676} INFO - Sync 1 DAGs
[2023-01-11T23:31:57.421+0000] {logging_mixin.py:137} INFO - [2023-01-11T23:31:57.421+0000] {dag.py:3427} INFO - Setting next_dagrun for balance_sheet to 2023-02-01T10:00:00+00:00, run_after=2023-05-01T10:00:00+00:00
[2023-01-11T23:31:57.475+0000] {processor.py:175} INFO - Processing /opt/airflow/dags/balance_sheet.py took 0.468 seconds
[2023-01-11T23:32:27.767+0000] {processor.py:153} INFO - Started process (PID=1915) to work on /opt/airflow/dags/balance_sheet.py
[2023-01-11T23:32:27.768+0000] {processor.py:743} INFO - Processing file /opt/airflow/dags/balance_sheet.py for tasks to queue
[2023-01-11T23:32:27.768+0000] {logging_mixin.py:137} INFO - [2023-01-11T23:32:27.768+0000] {dagbag.py:538} INFO - Filling up the DagBag from /opt/airflow/dags/balance_sheet.py
[2023-01-11T23:32:28.010+0000] {processor.py:753} INFO - DAG(s) dict_keys(['balance_sheet']) retrieved from /opt/airflow/dags/balance_sheet.py
[2023-01-11T23:32:28.039+0000] {logging_mixin.py:137} INFO - [2023-01-11T23:32:28.038+0000] {dag.py:2676} INFO - Sync 1 DAGs
[2023-01-11T23:32:28.064+0000] {logging_mixin.py:137} INFO - [2023-01-11T23:32:28.064+0000] {dag.py:3427} INFO - Setting next_dagrun for balance_sheet to 2023-02-01T10:00:00+00:00, run_after=2023-05-01T10:00:00+00:00
[2023-01-11T23:32:28.215+0000] {processor.py:175} INFO - Processing /opt/airflow/dags/balance_sheet.py took 0.450 seconds
[2023-01-11T23:32:58.541+0000] {processor.py:153} INFO - Started process (PID=1983) to work on /opt/airflow/dags/balance_sheet.py
[2023-01-11T23:32:58.541+0000] {processor.py:743} INFO - Processing file /opt/airflow/dags/balance_sheet.py for tasks to queue
[2023-01-11T23:32:58.542+0000] {logging_mixin.py:137} INFO - [2023-01-11T23:32:58.542+0000] {dagbag.py:538} INFO - Filling up the DagBag from /opt/airflow/dags/balance_sheet.py
[2023-01-11T23:32:58.837+0000] {processor.py:753} INFO - DAG(s) dict_keys(['balance_sheet']) retrieved from /opt/airflow/dags/balance_sheet.py
[2023-01-11T23:32:58.873+0000] {logging_mixin.py:137} INFO - [2023-01-11T23:32:58.872+0000] {dag.py:2676} INFO - Sync 1 DAGs
[2023-01-11T23:32:58.901+0000] {logging_mixin.py:137} INFO - [2023-01-11T23:32:58.901+0000] {dag.py:3427} INFO - Setting next_dagrun for balance_sheet to 2023-02-01T10:00:00+00:00, run_after=2023-05-01T10:00:00+00:00
[2023-01-11T23:32:58.968+0000] {processor.py:175} INFO - Processing /opt/airflow/dags/balance_sheet.py took 0.430 seconds
