[2023-01-11T13:29:20.010+0000] {processor.py:153} INFO - Started process (PID=129) to work on /opt/airflow/dags/business_operation_rating.py
[2023-01-11T13:29:20.010+0000] {processor.py:743} INFO - Processing file /opt/airflow/dags/business_operation_rating.py for tasks to queue
[2023-01-11T13:29:20.011+0000] {logging_mixin.py:137} INFO - [2023-01-11T13:29:20.011+0000] {dagbag.py:538} INFO - Filling up the DagBag from /opt/airflow/dags/business_operation_rating.py
[2023-01-11T13:29:20.296+0000] {processor.py:753} INFO - DAG(s) dict_keys(['business_operation_rating_v1']) retrieved from /opt/airflow/dags/business_operation_rating.py
[2023-01-11T13:29:20.585+0000] {logging_mixin.py:137} INFO - [2023-01-11T13:29:20.585+0000] {manager.py:504} INFO - Created Permission View: can read on DAG:business_operation_rating_v1
[2023-01-11T13:29:20.632+0000] {logging_mixin.py:137} INFO - [2023-01-11T13:29:20.632+0000] {manager.py:504} INFO - Created Permission View: can edit on DAG:business_operation_rating_v1
[2023-01-11T13:29:20.712+0000] {logging_mixin.py:137} INFO - [2023-01-11T13:29:20.712+0000] {manager.py:504} INFO - Created Permission View: can delete on DAG:business_operation_rating_v1
[2023-01-11T13:29:20.713+0000] {logging_mixin.py:137} INFO - [2023-01-11T13:29:20.713+0000] {dag.py:2676} INFO - Sync 1 DAGs
[2023-01-11T13:29:20.727+0000] {logging_mixin.py:137} INFO - [2023-01-11T13:29:20.726+0000] {dag.py:2697} INFO - Creating ORM DAG for business_operation_rating_v1
[2023-01-11T13:29:20.740+0000] {logging_mixin.py:137} INFO - [2023-01-11T13:29:20.739+0000] {dag.py:3427} INFO - Setting next_dagrun for business_operation_rating_v1 to 2023-02-01T10:00:00+00:00, run_after=2023-05-01T10:00:00+00:00
[2023-01-11T13:29:20.812+0000] {processor.py:175} INFO - Processing /opt/airflow/dags/business_operation_rating.py took 0.804 seconds
[2023-01-11T13:29:50.918+0000] {processor.py:153} INFO - Started process (PID=216) to work on /opt/airflow/dags/business_operation_rating.py
[2023-01-11T13:29:50.919+0000] {processor.py:743} INFO - Processing file /opt/airflow/dags/business_operation_rating.py for tasks to queue
[2023-01-11T13:29:50.920+0000] {logging_mixin.py:137} INFO - [2023-01-11T13:29:50.920+0000] {dagbag.py:538} INFO - Filling up the DagBag from /opt/airflow/dags/business_operation_rating.py
[2023-01-11T13:29:51.305+0000] {processor.py:753} INFO - DAG(s) dict_keys(['business_operation_rating_v1']) retrieved from /opt/airflow/dags/business_operation_rating.py
[2023-01-11T13:29:51.340+0000] {logging_mixin.py:137} INFO - [2023-01-11T13:29:51.340+0000] {dag.py:2676} INFO - Sync 1 DAGs
[2023-01-11T13:29:51.374+0000] {logging_mixin.py:137} INFO - [2023-01-11T13:29:51.374+0000] {dag.py:3427} INFO - Setting next_dagrun for business_operation_rating_v1 to 2023-02-01T10:00:00+00:00, run_after=2023-05-01T10:00:00+00:00
[2023-01-11T13:29:51.427+0000] {processor.py:175} INFO - Processing /opt/airflow/dags/business_operation_rating.py took 0.511 seconds
[2023-01-11T13:30:21.967+0000] {processor.py:153} INFO - Started process (PID=284) to work on /opt/airflow/dags/business_operation_rating.py
[2023-01-11T13:30:21.967+0000] {processor.py:743} INFO - Processing file /opt/airflow/dags/business_operation_rating.py for tasks to queue
[2023-01-11T13:30:21.968+0000] {logging_mixin.py:137} INFO - [2023-01-11T13:30:21.968+0000] {dagbag.py:538} INFO - Filling up the DagBag from /opt/airflow/dags/business_operation_rating.py
[2023-01-11T13:30:22.224+0000] {processor.py:753} INFO - DAG(s) dict_keys(['business_operation_rating_v1']) retrieved from /opt/airflow/dags/business_operation_rating.py
[2023-01-11T13:30:22.258+0000] {logging_mixin.py:137} INFO - [2023-01-11T13:30:22.257+0000] {dag.py:2676} INFO - Sync 1 DAGs
[2023-01-11T13:30:22.284+0000] {logging_mixin.py:137} INFO - [2023-01-11T13:30:22.283+0000] {dag.py:3427} INFO - Setting next_dagrun for business_operation_rating_v1 to 2023-02-01T10:00:00+00:00, run_after=2023-05-01T10:00:00+00:00
[2023-01-11T13:30:22.382+0000] {processor.py:175} INFO - Processing /opt/airflow/dags/business_operation_rating.py took 0.418 seconds
[2023-01-11T13:30:53.602+0000] {processor.py:153} INFO - Started process (PID=373) to work on /opt/airflow/dags/business_operation_rating.py
[2023-01-11T13:30:53.603+0000] {processor.py:743} INFO - Processing file /opt/airflow/dags/business_operation_rating.py for tasks to queue
[2023-01-11T13:30:53.604+0000] {logging_mixin.py:137} INFO - [2023-01-11T13:30:53.604+0000] {dagbag.py:538} INFO - Filling up the DagBag from /opt/airflow/dags/business_operation_rating.py
[2023-01-11T13:30:53.921+0000] {processor.py:753} INFO - DAG(s) dict_keys(['business_operation_rating_v1']) retrieved from /opt/airflow/dags/business_operation_rating.py
[2023-01-11T13:30:53.955+0000] {logging_mixin.py:137} INFO - [2023-01-11T13:30:53.954+0000] {dag.py:2676} INFO - Sync 1 DAGs
[2023-01-11T13:30:53.981+0000] {logging_mixin.py:137} INFO - [2023-01-11T13:30:53.981+0000] {dag.py:3427} INFO - Setting next_dagrun for business_operation_rating_v1 to 2023-02-01T10:00:00+00:00, run_after=2023-05-01T10:00:00+00:00
[2023-01-11T13:30:54.029+0000] {processor.py:175} INFO - Processing /opt/airflow/dags/business_operation_rating.py took 0.429 seconds
[2023-01-11T13:31:24.075+0000] {processor.py:153} INFO - Started process (PID=441) to work on /opt/airflow/dags/business_operation_rating.py
[2023-01-11T13:31:24.076+0000] {processor.py:743} INFO - Processing file /opt/airflow/dags/business_operation_rating.py for tasks to queue
[2023-01-11T13:31:24.076+0000] {logging_mixin.py:137} INFO - [2023-01-11T13:31:24.076+0000] {dagbag.py:538} INFO - Filling up the DagBag from /opt/airflow/dags/business_operation_rating.py
[2023-01-11T13:31:24.346+0000] {processor.py:753} INFO - DAG(s) dict_keys(['business_operation_rating_v1']) retrieved from /opt/airflow/dags/business_operation_rating.py
[2023-01-11T13:31:24.380+0000] {logging_mixin.py:137} INFO - [2023-01-11T13:31:24.379+0000] {dag.py:2676} INFO - Sync 1 DAGs
[2023-01-11T13:31:24.408+0000] {logging_mixin.py:137} INFO - [2023-01-11T13:31:24.407+0000] {dag.py:3427} INFO - Setting next_dagrun for business_operation_rating_v1 to 2023-02-01T10:00:00+00:00, run_after=2023-05-01T10:00:00+00:00
[2023-01-11T13:31:24.449+0000] {processor.py:175} INFO - Processing /opt/airflow/dags/business_operation_rating.py took 0.377 seconds
[2023-01-11T13:31:54.739+0000] {processor.py:153} INFO - Started process (PID=529) to work on /opt/airflow/dags/business_operation_rating.py
[2023-01-11T13:31:54.754+0000] {processor.py:743} INFO - Processing file /opt/airflow/dags/business_operation_rating.py for tasks to queue
[2023-01-11T13:31:54.754+0000] {logging_mixin.py:137} INFO - [2023-01-11T13:31:54.754+0000] {dagbag.py:538} INFO - Filling up the DagBag from /opt/airflow/dags/business_operation_rating.py
[2023-01-11T13:31:55.167+0000] {processor.py:753} INFO - DAG(s) dict_keys(['business_operation_rating_v1']) retrieved from /opt/airflow/dags/business_operation_rating.py
[2023-01-11T13:31:55.214+0000] {logging_mixin.py:137} INFO - [2023-01-11T13:31:55.213+0000] {dag.py:2676} INFO - Sync 1 DAGs
[2023-01-11T13:31:55.249+0000] {logging_mixin.py:137} INFO - [2023-01-11T13:31:55.249+0000] {dag.py:3427} INFO - Setting next_dagrun for business_operation_rating_v1 to 2023-02-01T10:00:00+00:00, run_after=2023-05-01T10:00:00+00:00
[2023-01-11T13:31:55.299+0000] {processor.py:175} INFO - Processing /opt/airflow/dags/business_operation_rating.py took 0.563 seconds
[2023-01-11T13:32:26.055+0000] {processor.py:153} INFO - Started process (PID=597) to work on /opt/airflow/dags/business_operation_rating.py
[2023-01-11T13:32:26.055+0000] {processor.py:743} INFO - Processing file /opt/airflow/dags/business_operation_rating.py for tasks to queue
[2023-01-11T13:32:26.056+0000] {logging_mixin.py:137} INFO - [2023-01-11T13:32:26.056+0000] {dagbag.py:538} INFO - Filling up the DagBag from /opt/airflow/dags/business_operation_rating.py
[2023-01-11T13:32:26.285+0000] {processor.py:753} INFO - DAG(s) dict_keys(['business_operation_rating_v1']) retrieved from /opt/airflow/dags/business_operation_rating.py
[2023-01-11T13:32:26.314+0000] {logging_mixin.py:137} INFO - [2023-01-11T13:32:26.314+0000] {dag.py:2676} INFO - Sync 1 DAGs
[2023-01-11T13:32:26.336+0000] {logging_mixin.py:137} INFO - [2023-01-11T13:32:26.336+0000] {dag.py:3427} INFO - Setting next_dagrun for business_operation_rating_v1 to 2023-02-01T10:00:00+00:00, run_after=2023-05-01T10:00:00+00:00
[2023-01-11T13:32:26.389+0000] {processor.py:175} INFO - Processing /opt/airflow/dags/business_operation_rating.py took 0.337 seconds
[2023-01-11T13:32:57.205+0000] {processor.py:153} INFO - Started process (PID=665) to work on /opt/airflow/dags/business_operation_rating.py
[2023-01-11T13:32:57.206+0000] {processor.py:743} INFO - Processing file /opt/airflow/dags/business_operation_rating.py for tasks to queue
[2023-01-11T13:32:57.207+0000] {logging_mixin.py:137} INFO - [2023-01-11T13:32:57.207+0000] {dagbag.py:538} INFO - Filling up the DagBag from /opt/airflow/dags/business_operation_rating.py
[2023-01-11T13:32:57.539+0000] {processor.py:753} INFO - DAG(s) dict_keys(['business_operation_rating_v1']) retrieved from /opt/airflow/dags/business_operation_rating.py
[2023-01-11T13:32:57.577+0000] {logging_mixin.py:137} INFO - [2023-01-11T13:32:57.577+0000] {dag.py:2676} INFO - Sync 1 DAGs
[2023-01-11T13:32:57.606+0000] {logging_mixin.py:137} INFO - [2023-01-11T13:32:57.606+0000] {dag.py:3427} INFO - Setting next_dagrun for business_operation_rating_v1 to 2023-02-01T10:00:00+00:00, run_after=2023-05-01T10:00:00+00:00
[2023-01-11T13:32:57.650+0000] {processor.py:175} INFO - Processing /opt/airflow/dags/business_operation_rating.py took 0.448 seconds
[2023-01-11T13:33:27.763+0000] {processor.py:153} INFO - Started process (PID=753) to work on /opt/airflow/dags/business_operation_rating.py
[2023-01-11T13:33:27.776+0000] {processor.py:743} INFO - Processing file /opt/airflow/dags/business_operation_rating.py for tasks to queue
[2023-01-11T13:33:27.777+0000] {logging_mixin.py:137} INFO - [2023-01-11T13:33:27.777+0000] {dagbag.py:538} INFO - Filling up the DagBag from /opt/airflow/dags/business_operation_rating.py
[2023-01-11T13:33:28.081+0000] {processor.py:753} INFO - DAG(s) dict_keys(['business_operation_rating_v1']) retrieved from /opt/airflow/dags/business_operation_rating.py
[2023-01-11T13:33:28.115+0000] {logging_mixin.py:137} INFO - [2023-01-11T13:33:28.114+0000] {dag.py:2676} INFO - Sync 1 DAGs
[2023-01-11T13:33:28.142+0000] {logging_mixin.py:137} INFO - [2023-01-11T13:33:28.142+0000] {dag.py:3427} INFO - Setting next_dagrun for business_operation_rating_v1 to 2023-02-01T10:00:00+00:00, run_after=2023-05-01T10:00:00+00:00
[2023-01-11T13:33:28.186+0000] {processor.py:175} INFO - Processing /opt/airflow/dags/business_operation_rating.py took 0.426 seconds
[2023-01-11T13:33:59.011+0000] {processor.py:153} INFO - Started process (PID=821) to work on /opt/airflow/dags/business_operation_rating.py
[2023-01-11T13:33:59.018+0000] {processor.py:743} INFO - Processing file /opt/airflow/dags/business_operation_rating.py for tasks to queue
[2023-01-11T13:33:59.019+0000] {logging_mixin.py:137} INFO - [2023-01-11T13:33:59.018+0000] {dagbag.py:538} INFO - Filling up the DagBag from /opt/airflow/dags/business_operation_rating.py
[2023-01-11T13:33:59.295+0000] {processor.py:753} INFO - DAG(s) dict_keys(['business_operation_rating_v1']) retrieved from /opt/airflow/dags/business_operation_rating.py
[2023-01-11T13:33:59.349+0000] {logging_mixin.py:137} INFO - [2023-01-11T13:33:59.348+0000] {dag.py:2676} INFO - Sync 1 DAGs
[2023-01-11T13:33:59.390+0000] {logging_mixin.py:137} INFO - [2023-01-11T13:33:59.389+0000] {dag.py:3427} INFO - Setting next_dagrun for business_operation_rating_v1 to 2023-02-01T10:00:00+00:00, run_after=2023-05-01T10:00:00+00:00
[2023-01-11T13:33:59.450+0000] {processor.py:175} INFO - Processing /opt/airflow/dags/business_operation_rating.py took 0.442 seconds
[2023-01-11T13:34:29.624+0000] {processor.py:153} INFO - Started process (PID=910) to work on /opt/airflow/dags/business_operation_rating.py
[2023-01-11T13:34:29.625+0000] {processor.py:743} INFO - Processing file /opt/airflow/dags/business_operation_rating.py for tasks to queue
[2023-01-11T13:34:29.625+0000] {logging_mixin.py:137} INFO - [2023-01-11T13:34:29.625+0000] {dagbag.py:538} INFO - Filling up the DagBag from /opt/airflow/dags/business_operation_rating.py
[2023-01-11T13:34:29.885+0000] {processor.py:753} INFO - DAG(s) dict_keys(['business_operation_rating_v1']) retrieved from /opt/airflow/dags/business_operation_rating.py
[2023-01-11T13:34:29.916+0000] {logging_mixin.py:137} INFO - [2023-01-11T13:34:29.916+0000] {dag.py:2676} INFO - Sync 1 DAGs
[2023-01-11T13:34:29.941+0000] {logging_mixin.py:137} INFO - [2023-01-11T13:34:29.940+0000] {dag.py:3427} INFO - Setting next_dagrun for business_operation_rating_v1 to 2023-02-01T10:00:00+00:00, run_after=2023-05-01T10:00:00+00:00
[2023-01-11T13:34:29.992+0000] {processor.py:175} INFO - Processing /opt/airflow/dags/business_operation_rating.py took 0.370 seconds
[2023-01-11T13:36:36.577+0000] {processor.py:153} INFO - Started process (PID=107) to work on /opt/airflow/dags/business_operation_rating.py
[2023-01-11T13:36:36.579+0000] {processor.py:743} INFO - Processing file /opt/airflow/dags/business_operation_rating.py for tasks to queue
[2023-01-11T13:36:36.580+0000] {logging_mixin.py:137} INFO - [2023-01-11T13:36:36.580+0000] {dagbag.py:538} INFO - Filling up the DagBag from /opt/airflow/dags/business_operation_rating.py
[2023-01-11T13:36:36.881+0000] {processor.py:753} INFO - DAG(s) dict_keys(['business_operation_rating_v1']) retrieved from /opt/airflow/dags/business_operation_rating.py
[2023-01-11T13:36:36.992+0000] {logging_mixin.py:137} INFO - [2023-01-11T13:36:36.992+0000] {dag.py:2676} INFO - Sync 1 DAGs
[2023-01-11T13:36:37.019+0000] {logging_mixin.py:137} INFO - [2023-01-11T13:36:37.019+0000] {dag.py:3427} INFO - Setting next_dagrun for business_operation_rating_v1 to 2023-02-01T10:00:00+00:00, run_after=2023-05-01T10:00:00+00:00
[2023-01-11T13:36:37.180+0000] {processor.py:175} INFO - Processing /opt/airflow/dags/business_operation_rating.py took 0.607 seconds
[2023-01-11T13:37:08.099+0000] {processor.py:153} INFO - Started process (PID=175) to work on /opt/airflow/dags/business_operation_rating.py
[2023-01-11T13:37:08.191+0000] {processor.py:743} INFO - Processing file /opt/airflow/dags/business_operation_rating.py for tasks to queue
[2023-01-11T13:37:08.192+0000] {logging_mixin.py:137} INFO - [2023-01-11T13:37:08.192+0000] {dagbag.py:538} INFO - Filling up the DagBag from /opt/airflow/dags/business_operation_rating.py
[2023-01-11T13:37:08.463+0000] {processor.py:753} INFO - DAG(s) dict_keys(['business_operation_rating_v1']) retrieved from /opt/airflow/dags/business_operation_rating.py
[2023-01-11T13:37:08.539+0000] {logging_mixin.py:137} INFO - [2023-01-11T13:37:08.538+0000] {dag.py:2676} INFO - Sync 1 DAGs
[2023-01-11T13:37:08.574+0000] {logging_mixin.py:137} INFO - [2023-01-11T13:37:08.574+0000] {dag.py:3427} INFO - Setting next_dagrun for business_operation_rating_v1 to 2023-02-01T10:00:00+00:00, run_after=2023-05-01T10:00:00+00:00
[2023-01-11T13:37:08.644+0000] {processor.py:175} INFO - Processing /opt/airflow/dags/business_operation_rating.py took 0.547 seconds
[2023-01-11T13:37:39.064+0000] {processor.py:153} INFO - Started process (PID=261) to work on /opt/airflow/dags/business_operation_rating.py
[2023-01-11T13:37:39.065+0000] {processor.py:743} INFO - Processing file /opt/airflow/dags/business_operation_rating.py for tasks to queue
[2023-01-11T13:37:39.066+0000] {logging_mixin.py:137} INFO - [2023-01-11T13:37:39.066+0000] {dagbag.py:538} INFO - Filling up the DagBag from /opt/airflow/dags/business_operation_rating.py
[2023-01-11T13:37:39.327+0000] {processor.py:753} INFO - DAG(s) dict_keys(['business_operation_rating_v1']) retrieved from /opt/airflow/dags/business_operation_rating.py
[2023-01-11T13:37:39.359+0000] {logging_mixin.py:137} INFO - [2023-01-11T13:37:39.358+0000] {dag.py:2676} INFO - Sync 1 DAGs
[2023-01-11T13:37:39.382+0000] {logging_mixin.py:137} INFO - [2023-01-11T13:37:39.382+0000] {dag.py:3427} INFO - Setting next_dagrun for business_operation_rating_v1 to 2023-02-01T10:00:00+00:00, run_after=2023-05-01T10:00:00+00:00
[2023-01-11T13:37:39.419+0000] {processor.py:175} INFO - Processing /opt/airflow/dags/business_operation_rating.py took 0.359 seconds
[2023-01-11T13:38:10.312+0000] {processor.py:153} INFO - Started process (PID=330) to work on /opt/airflow/dags/business_operation_rating.py
[2023-01-11T13:38:10.313+0000] {processor.py:743} INFO - Processing file /opt/airflow/dags/business_operation_rating.py for tasks to queue
[2023-01-11T13:38:10.313+0000] {logging_mixin.py:137} INFO - [2023-01-11T13:38:10.313+0000] {dagbag.py:538} INFO - Filling up the DagBag from /opt/airflow/dags/business_operation_rating.py
[2023-01-11T13:38:10.526+0000] {processor.py:753} INFO - DAG(s) dict_keys(['business_operation_rating_v1']) retrieved from /opt/airflow/dags/business_operation_rating.py
[2023-01-11T13:38:10.554+0000] {logging_mixin.py:137} INFO - [2023-01-11T13:38:10.554+0000] {dag.py:2676} INFO - Sync 1 DAGs
[2023-01-11T13:38:10.576+0000] {logging_mixin.py:137} INFO - [2023-01-11T13:38:10.576+0000] {dag.py:3427} INFO - Setting next_dagrun for business_operation_rating_v1 to 2023-02-01T10:00:00+00:00, run_after=2023-05-01T10:00:00+00:00
[2023-01-11T13:38:10.620+0000] {processor.py:175} INFO - Processing /opt/airflow/dags/business_operation_rating.py took 0.310 seconds
[2023-01-11T13:40:08.591+0000] {processor.py:153} INFO - Started process (PID=87) to work on /opt/airflow/dags/business_operation_rating.py
[2023-01-11T13:40:08.609+0000] {processor.py:743} INFO - Processing file /opt/airflow/dags/business_operation_rating.py for tasks to queue
[2023-01-11T13:40:08.610+0000] {logging_mixin.py:137} INFO - [2023-01-11T13:40:08.610+0000] {dagbag.py:538} INFO - Filling up the DagBag from /opt/airflow/dags/business_operation_rating.py
[2023-01-11T13:40:08.912+0000] {processor.py:753} INFO - DAG(s) dict_keys(['business_operation_rating_v1']) retrieved from /opt/airflow/dags/business_operation_rating.py
[2023-01-11T13:40:08.989+0000] {logging_mixin.py:137} INFO - [2023-01-11T13:40:08.988+0000] {dag.py:2676} INFO - Sync 1 DAGs
[2023-01-11T13:40:09.017+0000] {logging_mixin.py:137} INFO - [2023-01-11T13:40:09.017+0000] {dag.py:3427} INFO - Setting next_dagrun for business_operation_rating_v1 to 2023-02-01T10:00:00+00:00, run_after=2023-05-01T10:00:00+00:00
[2023-01-11T13:40:09.067+0000] {processor.py:175} INFO - Processing /opt/airflow/dags/business_operation_rating.py took 0.478 seconds
[2023-01-11T13:40:40.045+0000] {processor.py:153} INFO - Started process (PID=175) to work on /opt/airflow/dags/business_operation_rating.py
[2023-01-11T13:40:40.046+0000] {processor.py:743} INFO - Processing file /opt/airflow/dags/business_operation_rating.py for tasks to queue
[2023-01-11T13:40:40.047+0000] {logging_mixin.py:137} INFO - [2023-01-11T13:40:40.046+0000] {dagbag.py:538} INFO - Filling up the DagBag from /opt/airflow/dags/business_operation_rating.py
[2023-01-11T13:40:40.321+0000] {processor.py:753} INFO - DAG(s) dict_keys(['business_operation_rating_v1']) retrieved from /opt/airflow/dags/business_operation_rating.py
[2023-01-11T13:40:40.362+0000] {logging_mixin.py:137} INFO - [2023-01-11T13:40:40.361+0000] {dag.py:2676} INFO - Sync 1 DAGs
[2023-01-11T13:40:40.410+0000] {logging_mixin.py:137} INFO - [2023-01-11T13:40:40.409+0000] {dag.py:3427} INFO - Setting next_dagrun for business_operation_rating_v1 to 2023-02-01T10:00:00+00:00, run_after=2023-05-01T10:00:00+00:00
[2023-01-11T13:40:40.478+0000] {processor.py:175} INFO - Processing /opt/airflow/dags/business_operation_rating.py took 0.436 seconds
[2023-01-11T13:41:11.165+0000] {processor.py:153} INFO - Started process (PID=243) to work on /opt/airflow/dags/business_operation_rating.py
[2023-01-11T13:41:11.182+0000] {processor.py:743} INFO - Processing file /opt/airflow/dags/business_operation_rating.py for tasks to queue
[2023-01-11T13:41:11.182+0000] {logging_mixin.py:137} INFO - [2023-01-11T13:41:11.182+0000] {dagbag.py:538} INFO - Filling up the DagBag from /opt/airflow/dags/business_operation_rating.py
[2023-01-11T13:41:11.417+0000] {processor.py:753} INFO - DAG(s) dict_keys(['business_operation_rating_v1']) retrieved from /opt/airflow/dags/business_operation_rating.py
[2023-01-11T13:41:11.446+0000] {logging_mixin.py:137} INFO - [2023-01-11T13:41:11.446+0000] {dag.py:2676} INFO - Sync 1 DAGs
[2023-01-11T13:41:11.469+0000] {logging_mixin.py:137} INFO - [2023-01-11T13:41:11.469+0000] {dag.py:3427} INFO - Setting next_dagrun for business_operation_rating_v1 to 2023-02-01T10:00:00+00:00, run_after=2023-05-01T10:00:00+00:00
[2023-01-11T13:41:11.552+0000] {processor.py:175} INFO - Processing /opt/airflow/dags/business_operation_rating.py took 0.389 seconds
[2023-01-11T13:41:42.725+0000] {processor.py:153} INFO - Started process (PID=332) to work on /opt/airflow/dags/business_operation_rating.py
[2023-01-11T13:41:42.726+0000] {processor.py:743} INFO - Processing file /opt/airflow/dags/business_operation_rating.py for tasks to queue
[2023-01-11T13:41:42.726+0000] {logging_mixin.py:137} INFO - [2023-01-11T13:41:42.726+0000] {dagbag.py:538} INFO - Filling up the DagBag from /opt/airflow/dags/business_operation_rating.py
[2023-01-11T13:41:42.992+0000] {processor.py:753} INFO - DAG(s) dict_keys(['business_operation_rating_v1']) retrieved from /opt/airflow/dags/business_operation_rating.py
[2023-01-11T13:41:43.027+0000] {logging_mixin.py:137} INFO - [2023-01-11T13:41:43.026+0000] {dag.py:2676} INFO - Sync 1 DAGs
[2023-01-11T13:41:43.070+0000] {logging_mixin.py:137} INFO - [2023-01-11T13:41:43.070+0000] {dag.py:3427} INFO - Setting next_dagrun for business_operation_rating_v1 to 2023-02-01T10:00:00+00:00, run_after=2023-05-01T10:00:00+00:00
[2023-01-11T13:41:43.128+0000] {processor.py:175} INFO - Processing /opt/airflow/dags/business_operation_rating.py took 0.407 seconds
[2023-01-11T13:42:13.712+0000] {processor.py:153} INFO - Started process (PID=399) to work on /opt/airflow/dags/business_operation_rating.py
[2023-01-11T13:42:13.716+0000] {processor.py:743} INFO - Processing file /opt/airflow/dags/business_operation_rating.py for tasks to queue
[2023-01-11T13:42:13.717+0000] {logging_mixin.py:137} INFO - [2023-01-11T13:42:13.717+0000] {dagbag.py:538} INFO - Filling up the DagBag from /opt/airflow/dags/business_operation_rating.py
[2023-01-11T13:42:14.015+0000] {processor.py:753} INFO - DAG(s) dict_keys(['business_operation_rating_v1']) retrieved from /opt/airflow/dags/business_operation_rating.py
[2023-01-11T13:42:14.043+0000] {logging_mixin.py:137} INFO - [2023-01-11T13:42:14.042+0000] {dag.py:2676} INFO - Sync 1 DAGs
[2023-01-11T13:42:14.063+0000] {logging_mixin.py:137} INFO - [2023-01-11T13:42:14.063+0000] {dag.py:3427} INFO - Setting next_dagrun for business_operation_rating_v1 to 2023-02-01T10:00:00+00:00, run_after=2023-05-01T10:00:00+00:00
[2023-01-11T13:42:14.101+0000] {processor.py:175} INFO - Processing /opt/airflow/dags/business_operation_rating.py took 0.391 seconds
[2023-01-11T13:42:44.936+0000] {processor.py:153} INFO - Started process (PID=476) to work on /opt/airflow/dags/business_operation_rating.py
[2023-01-11T13:42:44.961+0000] {processor.py:743} INFO - Processing file /opt/airflow/dags/business_operation_rating.py for tasks to queue
[2023-01-11T13:42:44.961+0000] {logging_mixin.py:137} INFO - [2023-01-11T13:42:44.961+0000] {dagbag.py:538} INFO - Filling up the DagBag from /opt/airflow/dags/business_operation_rating.py
[2023-01-11T13:42:45.290+0000] {processor.py:753} INFO - DAG(s) dict_keys(['business_operation_rating_v1']) retrieved from /opt/airflow/dags/business_operation_rating.py
[2023-01-11T13:42:45.325+0000] {logging_mixin.py:137} INFO - [2023-01-11T13:42:45.324+0000] {dag.py:2676} INFO - Sync 1 DAGs
[2023-01-11T13:42:45.369+0000] {logging_mixin.py:137} INFO - [2023-01-11T13:42:45.369+0000] {dag.py:3427} INFO - Setting next_dagrun for business_operation_rating_v1 to 2023-02-01T10:00:00+00:00, run_after=2023-05-01T10:00:00+00:00
[2023-01-11T13:42:45.445+0000] {processor.py:175} INFO - Processing /opt/airflow/dags/business_operation_rating.py took 0.512 seconds
[2023-01-11T23:20:35.221+0000] {processor.py:153} INFO - Started process (PID=147) to work on /opt/airflow/dags/business_operation_rating.py
[2023-01-11T23:20:35.368+0000] {processor.py:743} INFO - Processing file /opt/airflow/dags/business_operation_rating.py for tasks to queue
[2023-01-11T23:20:35.369+0000] {logging_mixin.py:137} INFO - [2023-01-11T23:20:35.369+0000] {dagbag.py:538} INFO - Filling up the DagBag from /opt/airflow/dags/business_operation_rating.py
[2023-01-11T23:20:35.646+0000] {processor.py:753} INFO - DAG(s) dict_keys(['business_operation_rating_v1']) retrieved from /opt/airflow/dags/business_operation_rating.py
[2023-01-11T23:20:35.719+0000] {logging_mixin.py:137} INFO - [2023-01-11T23:20:35.719+0000] {dag.py:2676} INFO - Sync 1 DAGs
[2023-01-11T23:20:35.745+0000] {logging_mixin.py:137} INFO - [2023-01-11T23:20:35.744+0000] {dag.py:3427} INFO - Setting next_dagrun for business_operation_rating_v1 to 2023-02-01T10:00:00+00:00, run_after=2023-05-01T10:00:00+00:00
[2023-01-11T23:20:36.054+0000] {processor.py:175} INFO - Processing /opt/airflow/dags/business_operation_rating.py took 0.836 seconds
[2023-01-11T23:21:06.095+0000] {processor.py:153} INFO - Started process (PID=215) to work on /opt/airflow/dags/business_operation_rating.py
[2023-01-11T23:21:06.096+0000] {processor.py:743} INFO - Processing file /opt/airflow/dags/business_operation_rating.py for tasks to queue
[2023-01-11T23:21:06.096+0000] {logging_mixin.py:137} INFO - [2023-01-11T23:21:06.096+0000] {dagbag.py:538} INFO - Filling up the DagBag from /opt/airflow/dags/business_operation_rating.py
[2023-01-11T23:21:06.460+0000] {processor.py:753} INFO - DAG(s) dict_keys(['business_operation_rating_v1']) retrieved from /opt/airflow/dags/business_operation_rating.py
[2023-01-11T23:21:06.495+0000] {logging_mixin.py:137} INFO - [2023-01-11T23:21:06.494+0000] {dag.py:2676} INFO - Sync 1 DAGs
[2023-01-11T23:21:06.526+0000] {logging_mixin.py:137} INFO - [2023-01-11T23:21:06.525+0000] {dag.py:3427} INFO - Setting next_dagrun for business_operation_rating_v1 to 2023-02-01T10:00:00+00:00, run_after=2023-05-01T10:00:00+00:00
[2023-01-11T23:21:06.649+0000] {processor.py:175} INFO - Processing /opt/airflow/dags/business_operation_rating.py took 0.557 seconds
[2023-01-11T23:21:36.724+0000] {processor.py:153} INFO - Started process (PID=302) to work on /opt/airflow/dags/business_operation_rating.py
[2023-01-11T23:21:36.732+0000] {processor.py:743} INFO - Processing file /opt/airflow/dags/business_operation_rating.py for tasks to queue
[2023-01-11T23:21:36.732+0000] {logging_mixin.py:137} INFO - [2023-01-11T23:21:36.732+0000] {dagbag.py:538} INFO - Filling up the DagBag from /opt/airflow/dags/business_operation_rating.py
[2023-01-11T23:21:37.006+0000] {processor.py:753} INFO - DAG(s) dict_keys(['business_operation_rating_v1']) retrieved from /opt/airflow/dags/business_operation_rating.py
[2023-01-11T23:21:37.040+0000] {logging_mixin.py:137} INFO - [2023-01-11T23:21:37.040+0000] {dag.py:2676} INFO - Sync 1 DAGs
[2023-01-11T23:21:37.067+0000] {logging_mixin.py:137} INFO - [2023-01-11T23:21:37.067+0000] {dag.py:3427} INFO - Setting next_dagrun for business_operation_rating_v1 to 2023-02-01T10:00:00+00:00, run_after=2023-05-01T10:00:00+00:00
[2023-01-11T23:21:37.136+0000] {processor.py:175} INFO - Processing /opt/airflow/dags/business_operation_rating.py took 0.415 seconds
[2023-01-11T23:22:07.186+0000] {processor.py:153} INFO - Started process (PID=370) to work on /opt/airflow/dags/business_operation_rating.py
[2023-01-11T23:22:07.186+0000] {processor.py:743} INFO - Processing file /opt/airflow/dags/business_operation_rating.py for tasks to queue
[2023-01-11T23:22:07.187+0000] {logging_mixin.py:137} INFO - [2023-01-11T23:22:07.187+0000] {dagbag.py:538} INFO - Filling up the DagBag from /opt/airflow/dags/business_operation_rating.py
[2023-01-11T23:22:07.440+0000] {processor.py:753} INFO - DAG(s) dict_keys(['business_operation_rating_v1']) retrieved from /opt/airflow/dags/business_operation_rating.py
[2023-01-11T23:22:07.473+0000] {logging_mixin.py:137} INFO - [2023-01-11T23:22:07.473+0000] {dag.py:2676} INFO - Sync 1 DAGs
[2023-01-11T23:22:07.499+0000] {logging_mixin.py:137} INFO - [2023-01-11T23:22:07.499+0000] {dag.py:3427} INFO - Setting next_dagrun for business_operation_rating_v1 to 2023-02-01T10:00:00+00:00, run_after=2023-05-01T10:00:00+00:00
[2023-01-11T23:22:07.555+0000] {processor.py:175} INFO - Processing /opt/airflow/dags/business_operation_rating.py took 0.372 seconds
[2023-01-11T23:22:37.764+0000] {processor.py:153} INFO - Started process (PID=438) to work on /opt/airflow/dags/business_operation_rating.py
[2023-01-11T23:22:37.774+0000] {processor.py:743} INFO - Processing file /opt/airflow/dags/business_operation_rating.py for tasks to queue
[2023-01-11T23:22:37.774+0000] {logging_mixin.py:137} INFO - [2023-01-11T23:22:37.774+0000] {dagbag.py:538} INFO - Filling up the DagBag from /opt/airflow/dags/business_operation_rating.py
[2023-01-11T23:22:38.055+0000] {processor.py:753} INFO - DAG(s) dict_keys(['business_operation_rating_v1']) retrieved from /opt/airflow/dags/business_operation_rating.py
[2023-01-11T23:22:38.092+0000] {logging_mixin.py:137} INFO - [2023-01-11T23:22:38.092+0000] {dag.py:2676} INFO - Sync 1 DAGs
[2023-01-11T23:22:38.115+0000] {logging_mixin.py:137} INFO - [2023-01-11T23:22:38.114+0000] {dag.py:3427} INFO - Setting next_dagrun for business_operation_rating_v1 to 2023-02-01T10:00:00+00:00, run_after=2023-05-01T10:00:00+00:00
[2023-01-11T23:22:38.174+0000] {processor.py:175} INFO - Processing /opt/airflow/dags/business_operation_rating.py took 0.413 seconds
[2023-01-11T23:23:08.301+0000] {processor.py:153} INFO - Started process (PID=526) to work on /opt/airflow/dags/business_operation_rating.py
[2023-01-11T23:23:08.308+0000] {processor.py:743} INFO - Processing file /opt/airflow/dags/business_operation_rating.py for tasks to queue
[2023-01-11T23:23:08.308+0000] {logging_mixin.py:137} INFO - [2023-01-11T23:23:08.308+0000] {dagbag.py:538} INFO - Filling up the DagBag from /opt/airflow/dags/business_operation_rating.py
[2023-01-11T23:23:08.603+0000] {processor.py:753} INFO - DAG(s) dict_keys(['business_operation_rating_v1']) retrieved from /opt/airflow/dags/business_operation_rating.py
[2023-01-11T23:23:08.655+0000] {logging_mixin.py:137} INFO - [2023-01-11T23:23:08.654+0000] {dag.py:2676} INFO - Sync 1 DAGs
[2023-01-11T23:23:08.691+0000] {logging_mixin.py:137} INFO - [2023-01-11T23:23:08.691+0000] {dag.py:3427} INFO - Setting next_dagrun for business_operation_rating_v1 to 2023-02-01T10:00:00+00:00, run_after=2023-05-01T10:00:00+00:00
[2023-01-11T23:23:08.784+0000] {processor.py:175} INFO - Processing /opt/airflow/dags/business_operation_rating.py took 0.486 seconds
[2023-01-11T23:23:39.926+0000] {processor.py:153} INFO - Started process (PID=595) to work on /opt/airflow/dags/business_operation_rating.py
[2023-01-11T23:23:39.926+0000] {processor.py:743} INFO - Processing file /opt/airflow/dags/business_operation_rating.py for tasks to queue
[2023-01-11T23:23:39.927+0000] {logging_mixin.py:137} INFO - [2023-01-11T23:23:39.927+0000] {dagbag.py:538} INFO - Filling up the DagBag from /opt/airflow/dags/business_operation_rating.py
[2023-01-11T23:23:40.215+0000] {processor.py:753} INFO - DAG(s) dict_keys(['business_operation_rating_v1']) retrieved from /opt/airflow/dags/business_operation_rating.py
[2023-01-11T23:23:40.247+0000] {logging_mixin.py:137} INFO - [2023-01-11T23:23:40.247+0000] {dag.py:2676} INFO - Sync 1 DAGs
[2023-01-11T23:23:40.273+0000] {logging_mixin.py:137} INFO - [2023-01-11T23:23:40.273+0000] {dag.py:3427} INFO - Setting next_dagrun for business_operation_rating_v1 to 2023-02-01T10:00:00+00:00, run_after=2023-05-01T10:00:00+00:00
[2023-01-11T23:23:40.326+0000] {processor.py:175} INFO - Processing /opt/airflow/dags/business_operation_rating.py took 0.403 seconds
[2023-01-11T23:24:10.610+0000] {processor.py:153} INFO - Started process (PID=683) to work on /opt/airflow/dags/business_operation_rating.py
[2023-01-11T23:24:10.643+0000] {processor.py:743} INFO - Processing file /opt/airflow/dags/business_operation_rating.py for tasks to queue
[2023-01-11T23:24:10.643+0000] {logging_mixin.py:137} INFO - [2023-01-11T23:24:10.643+0000] {dagbag.py:538} INFO - Filling up the DagBag from /opt/airflow/dags/business_operation_rating.py
[2023-01-11T23:24:10.921+0000] {processor.py:753} INFO - DAG(s) dict_keys(['business_operation_rating_v1']) retrieved from /opt/airflow/dags/business_operation_rating.py
[2023-01-11T23:24:10.953+0000] {logging_mixin.py:137} INFO - [2023-01-11T23:24:10.953+0000] {dag.py:2676} INFO - Sync 1 DAGs
[2023-01-11T23:24:10.978+0000] {logging_mixin.py:137} INFO - [2023-01-11T23:24:10.978+0000] {dag.py:3427} INFO - Setting next_dagrun for business_operation_rating_v1 to 2023-02-01T10:00:00+00:00, run_after=2023-05-01T10:00:00+00:00
[2023-01-11T23:24:11.051+0000] {processor.py:175} INFO - Processing /opt/airflow/dags/business_operation_rating.py took 0.444 seconds
[2023-01-11T23:24:41.133+0000] {processor.py:153} INFO - Started process (PID=750) to work on /opt/airflow/dags/business_operation_rating.py
[2023-01-11T23:24:41.134+0000] {processor.py:743} INFO - Processing file /opt/airflow/dags/business_operation_rating.py for tasks to queue
[2023-01-11T23:24:41.134+0000] {logging_mixin.py:137} INFO - [2023-01-11T23:24:41.134+0000] {dagbag.py:538} INFO - Filling up the DagBag from /opt/airflow/dags/business_operation_rating.py
[2023-01-11T23:24:41.418+0000] {processor.py:753} INFO - DAG(s) dict_keys(['business_operation_rating_v1']) retrieved from /opt/airflow/dags/business_operation_rating.py
[2023-01-11T23:24:41.488+0000] {logging_mixin.py:137} INFO - [2023-01-11T23:24:41.488+0000] {dag.py:2676} INFO - Sync 1 DAGs
[2023-01-11T23:24:41.520+0000] {logging_mixin.py:137} INFO - [2023-01-11T23:24:41.520+0000] {dag.py:3427} INFO - Setting next_dagrun for business_operation_rating_v1 to 2023-02-01T10:00:00+00:00, run_after=2023-05-01T10:00:00+00:00
[2023-01-11T23:24:42.036+0000] {processor.py:175} INFO - Processing /opt/airflow/dags/business_operation_rating.py took 0.905 seconds
[2023-01-11T23:25:12.408+0000] {processor.py:153} INFO - Started process (PID=838) to work on /opt/airflow/dags/business_operation_rating.py
[2023-01-11T23:25:12.439+0000] {processor.py:743} INFO - Processing file /opt/airflow/dags/business_operation_rating.py for tasks to queue
[2023-01-11T23:25:12.439+0000] {logging_mixin.py:137} INFO - [2023-01-11T23:25:12.439+0000] {dagbag.py:538} INFO - Filling up the DagBag from /opt/airflow/dags/business_operation_rating.py
[2023-01-11T23:25:12.797+0000] {processor.py:753} INFO - DAG(s) dict_keys(['business_operation_rating_v1']) retrieved from /opt/airflow/dags/business_operation_rating.py
[2023-01-11T23:25:12.844+0000] {logging_mixin.py:137} INFO - [2023-01-11T23:25:12.844+0000] {dag.py:2676} INFO - Sync 1 DAGs
[2023-01-11T23:25:12.882+0000] {logging_mixin.py:137} INFO - [2023-01-11T23:25:12.882+0000] {dag.py:3427} INFO - Setting next_dagrun for business_operation_rating_v1 to 2023-02-01T10:00:00+00:00, run_after=2023-05-01T10:00:00+00:00
[2023-01-11T23:25:12.933+0000] {processor.py:175} INFO - Processing /opt/airflow/dags/business_operation_rating.py took 0.528 seconds
[2023-01-11T23:25:44.406+0000] {processor.py:153} INFO - Started process (PID=907) to work on /opt/airflow/dags/business_operation_rating.py
[2023-01-11T23:25:44.431+0000] {processor.py:743} INFO - Processing file /opt/airflow/dags/business_operation_rating.py for tasks to queue
[2023-01-11T23:25:44.432+0000] {logging_mixin.py:137} INFO - [2023-01-11T23:25:44.432+0000] {dagbag.py:538} INFO - Filling up the DagBag from /opt/airflow/dags/business_operation_rating.py
[2023-01-11T23:25:44.799+0000] {processor.py:753} INFO - DAG(s) dict_keys(['business_operation_rating_v1']) retrieved from /opt/airflow/dags/business_operation_rating.py
[2023-01-11T23:25:44.848+0000] {logging_mixin.py:137} INFO - [2023-01-11T23:25:44.847+0000] {dag.py:2676} INFO - Sync 1 DAGs
[2023-01-11T23:25:44.885+0000] {logging_mixin.py:137} INFO - [2023-01-11T23:25:44.885+0000] {dag.py:3427} INFO - Setting next_dagrun for business_operation_rating_v1 to 2023-02-01T10:00:00+00:00, run_after=2023-05-01T10:00:00+00:00
[2023-01-11T23:25:45.062+0000] {processor.py:175} INFO - Processing /opt/airflow/dags/business_operation_rating.py took 0.659 seconds
[2023-01-11T23:26:15.853+0000] {processor.py:153} INFO - Started process (PID=995) to work on /opt/airflow/dags/business_operation_rating.py
[2023-01-11T23:26:15.928+0000] {processor.py:743} INFO - Processing file /opt/airflow/dags/business_operation_rating.py for tasks to queue
[2023-01-11T23:26:15.929+0000] {logging_mixin.py:137} INFO - [2023-01-11T23:26:15.929+0000] {dagbag.py:538} INFO - Filling up the DagBag from /opt/airflow/dags/business_operation_rating.py
[2023-01-11T23:26:16.236+0000] {processor.py:753} INFO - DAG(s) dict_keys(['business_operation_rating_v1']) retrieved from /opt/airflow/dags/business_operation_rating.py
[2023-01-11T23:26:16.282+0000] {logging_mixin.py:137} INFO - [2023-01-11T23:26:16.281+0000] {dag.py:2676} INFO - Sync 1 DAGs
[2023-01-11T23:26:16.312+0000] {logging_mixin.py:137} INFO - [2023-01-11T23:26:16.312+0000] {dag.py:3427} INFO - Setting next_dagrun for business_operation_rating_v1 to 2023-02-01T10:00:00+00:00, run_after=2023-05-01T10:00:00+00:00
[2023-01-11T23:26:16.694+0000] {processor.py:175} INFO - Processing /opt/airflow/dags/business_operation_rating.py took 0.844 seconds
[2023-01-11T23:26:46.903+0000] {processor.py:153} INFO - Started process (PID=1063) to work on /opt/airflow/dags/business_operation_rating.py
[2023-01-11T23:26:46.904+0000] {processor.py:743} INFO - Processing file /opt/airflow/dags/business_operation_rating.py for tasks to queue
[2023-01-11T23:26:46.905+0000] {logging_mixin.py:137} INFO - [2023-01-11T23:26:46.904+0000] {dagbag.py:538} INFO - Filling up the DagBag from /opt/airflow/dags/business_operation_rating.py
[2023-01-11T23:26:47.195+0000] {processor.py:753} INFO - DAG(s) dict_keys(['business_operation_rating_v1']) retrieved from /opt/airflow/dags/business_operation_rating.py
[2023-01-11T23:26:47.228+0000] {logging_mixin.py:137} INFO - [2023-01-11T23:26:47.227+0000] {dag.py:2676} INFO - Sync 1 DAGs
[2023-01-11T23:26:47.254+0000] {logging_mixin.py:137} INFO - [2023-01-11T23:26:47.254+0000] {dag.py:3427} INFO - Setting next_dagrun for business_operation_rating_v1 to 2023-02-01T10:00:00+00:00, run_after=2023-05-01T10:00:00+00:00
[2023-01-11T23:26:47.297+0000] {processor.py:175} INFO - Processing /opt/airflow/dags/business_operation_rating.py took 0.396 seconds
[2023-01-11T23:27:17.366+0000] {processor.py:153} INFO - Started process (PID=1140) to work on /opt/airflow/dags/business_operation_rating.py
[2023-01-11T23:27:17.367+0000] {processor.py:743} INFO - Processing file /opt/airflow/dags/business_operation_rating.py for tasks to queue
[2023-01-11T23:27:17.368+0000] {logging_mixin.py:137} INFO - [2023-01-11T23:27:17.368+0000] {dagbag.py:538} INFO - Filling up the DagBag from /opt/airflow/dags/business_operation_rating.py
[2023-01-11T23:27:17.723+0000] {processor.py:753} INFO - DAG(s) dict_keys(['business_operation_rating_v1']) retrieved from /opt/airflow/dags/business_operation_rating.py
[2023-01-11T23:27:17.755+0000] {logging_mixin.py:137} INFO - [2023-01-11T23:27:17.754+0000] {dag.py:2676} INFO - Sync 1 DAGs
[2023-01-11T23:27:17.782+0000] {logging_mixin.py:137} INFO - [2023-01-11T23:27:17.782+0000] {dag.py:3427} INFO - Setting next_dagrun for business_operation_rating_v1 to 2023-02-01T10:00:00+00:00, run_after=2023-05-01T10:00:00+00:00
[2023-01-11T23:27:17.901+0000] {processor.py:175} INFO - Processing /opt/airflow/dags/business_operation_rating.py took 0.537 seconds
[2023-01-11T23:27:48.814+0000] {processor.py:153} INFO - Started process (PID=1219) to work on /opt/airflow/dags/business_operation_rating.py
[2023-01-11T23:27:48.857+0000] {processor.py:743} INFO - Processing file /opt/airflow/dags/business_operation_rating.py for tasks to queue
[2023-01-11T23:27:48.858+0000] {logging_mixin.py:137} INFO - [2023-01-11T23:27:48.858+0000] {dagbag.py:538} INFO - Filling up the DagBag from /opt/airflow/dags/business_operation_rating.py
[2023-01-11T23:27:49.130+0000] {processor.py:753} INFO - DAG(s) dict_keys(['business_operation_rating_v1']) retrieved from /opt/airflow/dags/business_operation_rating.py
[2023-01-11T23:27:49.161+0000] {logging_mixin.py:137} INFO - [2023-01-11T23:27:49.161+0000] {dag.py:2676} INFO - Sync 1 DAGs
[2023-01-11T23:27:49.185+0000] {logging_mixin.py:137} INFO - [2023-01-11T23:27:49.185+0000] {dag.py:3427} INFO - Setting next_dagrun for business_operation_rating_v1 to 2023-02-01T10:00:00+00:00, run_after=2023-05-01T10:00:00+00:00
[2023-01-11T23:27:49.771+0000] {processor.py:175} INFO - Processing /opt/airflow/dags/business_operation_rating.py took 0.960 seconds
[2023-01-11T23:28:19.886+0000] {processor.py:153} INFO - Started process (PID=1287) to work on /opt/airflow/dags/business_operation_rating.py
[2023-01-11T23:28:19.908+0000] {processor.py:743} INFO - Processing file /opt/airflow/dags/business_operation_rating.py for tasks to queue
[2023-01-11T23:28:19.909+0000] {logging_mixin.py:137} INFO - [2023-01-11T23:28:19.909+0000] {dagbag.py:538} INFO - Filling up the DagBag from /opt/airflow/dags/business_operation_rating.py
[2023-01-11T23:28:20.142+0000] {processor.py:753} INFO - DAG(s) dict_keys(['business_operation_rating_v1']) retrieved from /opt/airflow/dags/business_operation_rating.py
[2023-01-11T23:28:20.172+0000] {logging_mixin.py:137} INFO - [2023-01-11T23:28:20.171+0000] {dag.py:2676} INFO - Sync 1 DAGs
[2023-01-11T23:28:20.195+0000] {logging_mixin.py:137} INFO - [2023-01-11T23:28:20.194+0000] {dag.py:3427} INFO - Setting next_dagrun for business_operation_rating_v1 to 2023-02-01T10:00:00+00:00, run_after=2023-05-01T10:00:00+00:00
[2023-01-11T23:28:20.351+0000] {processor.py:175} INFO - Processing /opt/airflow/dags/business_operation_rating.py took 0.468 seconds
[2023-01-11T23:28:50.844+0000] {processor.py:153} INFO - Started process (PID=1375) to work on /opt/airflow/dags/business_operation_rating.py
[2023-01-11T23:28:50.844+0000] {processor.py:743} INFO - Processing file /opt/airflow/dags/business_operation_rating.py for tasks to queue
[2023-01-11T23:28:50.845+0000] {logging_mixin.py:137} INFO - [2023-01-11T23:28:50.845+0000] {dagbag.py:538} INFO - Filling up the DagBag from /opt/airflow/dags/business_operation_rating.py
[2023-01-11T23:28:51.149+0000] {processor.py:753} INFO - DAG(s) dict_keys(['business_operation_rating_v1']) retrieved from /opt/airflow/dags/business_operation_rating.py
[2023-01-11T23:28:51.182+0000] {logging_mixin.py:137} INFO - [2023-01-11T23:28:51.181+0000] {dag.py:2676} INFO - Sync 1 DAGs
[2023-01-11T23:28:51.206+0000] {logging_mixin.py:137} INFO - [2023-01-11T23:28:51.205+0000] {dag.py:3427} INFO - Setting next_dagrun for business_operation_rating_v1 to 2023-02-01T10:00:00+00:00, run_after=2023-05-01T10:00:00+00:00
[2023-01-11T23:28:51.278+0000] {processor.py:175} INFO - Processing /opt/airflow/dags/business_operation_rating.py took 0.437 seconds
[2023-01-11T23:29:21.571+0000] {processor.py:153} INFO - Started process (PID=1443) to work on /opt/airflow/dags/business_operation_rating.py
[2023-01-11T23:29:21.604+0000] {processor.py:743} INFO - Processing file /opt/airflow/dags/business_operation_rating.py for tasks to queue
[2023-01-11T23:29:21.605+0000] {logging_mixin.py:137} INFO - [2023-01-11T23:29:21.604+0000] {dagbag.py:538} INFO - Filling up the DagBag from /opt/airflow/dags/business_operation_rating.py
[2023-01-11T23:29:21.896+0000] {processor.py:753} INFO - DAG(s) dict_keys(['business_operation_rating_v1']) retrieved from /opt/airflow/dags/business_operation_rating.py
[2023-01-11T23:29:21.931+0000] {logging_mixin.py:137} INFO - [2023-01-11T23:29:21.931+0000] {dag.py:2676} INFO - Sync 1 DAGs
[2023-01-11T23:29:21.960+0000] {logging_mixin.py:137} INFO - [2023-01-11T23:29:21.960+0000] {dag.py:3427} INFO - Setting next_dagrun for business_operation_rating_v1 to 2023-02-01T10:00:00+00:00, run_after=2023-05-01T10:00:00+00:00
[2023-01-11T23:29:22.040+0000] {processor.py:175} INFO - Processing /opt/airflow/dags/business_operation_rating.py took 0.474 seconds
[2023-01-11T23:29:52.629+0000] {processor.py:153} INFO - Started process (PID=1531) to work on /opt/airflow/dags/business_operation_rating.py
[2023-01-11T23:29:52.629+0000] {processor.py:743} INFO - Processing file /opt/airflow/dags/business_operation_rating.py for tasks to queue
[2023-01-11T23:29:52.630+0000] {logging_mixin.py:137} INFO - [2023-01-11T23:29:52.630+0000] {dagbag.py:538} INFO - Filling up the DagBag from /opt/airflow/dags/business_operation_rating.py
[2023-01-11T23:29:52.874+0000] {processor.py:753} INFO - DAG(s) dict_keys(['business_operation_rating_v1']) retrieved from /opt/airflow/dags/business_operation_rating.py
[2023-01-11T23:29:52.904+0000] {logging_mixin.py:137} INFO - [2023-01-11T23:29:52.904+0000] {dag.py:2676} INFO - Sync 1 DAGs
[2023-01-11T23:29:52.930+0000] {logging_mixin.py:137} INFO - [2023-01-11T23:29:52.930+0000] {dag.py:3427} INFO - Setting next_dagrun for business_operation_rating_v1 to 2023-02-01T10:00:00+00:00, run_after=2023-05-01T10:00:00+00:00
[2023-01-11T23:29:52.977+0000] {processor.py:175} INFO - Processing /opt/airflow/dags/business_operation_rating.py took 0.351 seconds
[2023-01-11T23:30:23.671+0000] {processor.py:153} INFO - Started process (PID=1599) to work on /opt/airflow/dags/business_operation_rating.py
[2023-01-11T23:30:23.703+0000] {processor.py:743} INFO - Processing file /opt/airflow/dags/business_operation_rating.py for tasks to queue
[2023-01-11T23:30:23.704+0000] {logging_mixin.py:137} INFO - [2023-01-11T23:30:23.704+0000] {dagbag.py:538} INFO - Filling up the DagBag from /opt/airflow/dags/business_operation_rating.py
[2023-01-11T23:30:24.051+0000] {processor.py:753} INFO - DAG(s) dict_keys(['business_operation_rating_v1']) retrieved from /opt/airflow/dags/business_operation_rating.py
[2023-01-11T23:30:24.085+0000] {logging_mixin.py:137} INFO - [2023-01-11T23:30:24.084+0000] {dag.py:2676} INFO - Sync 1 DAGs
[2023-01-11T23:30:24.110+0000] {logging_mixin.py:137} INFO - [2023-01-11T23:30:24.110+0000] {dag.py:3427} INFO - Setting next_dagrun for business_operation_rating_v1 to 2023-02-01T10:00:00+00:00, run_after=2023-05-01T10:00:00+00:00
[2023-01-11T23:30:24.212+0000] {processor.py:175} INFO - Processing /opt/airflow/dags/business_operation_rating.py took 0.544 seconds
[2023-01-11T23:30:54.621+0000] {processor.py:153} INFO - Started process (PID=1667) to work on /opt/airflow/dags/business_operation_rating.py
[2023-01-11T23:30:54.622+0000] {processor.py:743} INFO - Processing file /opt/airflow/dags/business_operation_rating.py for tasks to queue
[2023-01-11T23:30:54.623+0000] {logging_mixin.py:137} INFO - [2023-01-11T23:30:54.622+0000] {dagbag.py:538} INFO - Filling up the DagBag from /opt/airflow/dags/business_operation_rating.py
[2023-01-11T23:30:55.023+0000] {processor.py:753} INFO - DAG(s) dict_keys(['business_operation_rating_v1']) retrieved from /opt/airflow/dags/business_operation_rating.py
[2023-01-11T23:30:55.052+0000] {logging_mixin.py:137} INFO - [2023-01-11T23:30:55.051+0000] {dag.py:2676} INFO - Sync 1 DAGs
[2023-01-11T23:30:55.076+0000] {logging_mixin.py:137} INFO - [2023-01-11T23:30:55.076+0000] {dag.py:3427} INFO - Setting next_dagrun for business_operation_rating_v1 to 2023-02-01T10:00:00+00:00, run_after=2023-05-01T10:00:00+00:00
[2023-01-11T23:30:55.128+0000] {processor.py:175} INFO - Processing /opt/airflow/dags/business_operation_rating.py took 0.510 seconds
[2023-01-11T23:31:25.786+0000] {processor.py:153} INFO - Started process (PID=1756) to work on /opt/airflow/dags/business_operation_rating.py
[2023-01-11T23:31:25.832+0000] {processor.py:743} INFO - Processing file /opt/airflow/dags/business_operation_rating.py for tasks to queue
[2023-01-11T23:31:25.832+0000] {logging_mixin.py:137} INFO - [2023-01-11T23:31:25.832+0000] {dagbag.py:538} INFO - Filling up the DagBag from /opt/airflow/dags/business_operation_rating.py
[2023-01-11T23:31:26.094+0000] {processor.py:753} INFO - DAG(s) dict_keys(['business_operation_rating_v1']) retrieved from /opt/airflow/dags/business_operation_rating.py
[2023-01-11T23:31:26.128+0000] {logging_mixin.py:137} INFO - [2023-01-11T23:31:26.128+0000] {dag.py:2676} INFO - Sync 1 DAGs
[2023-01-11T23:31:26.154+0000] {logging_mixin.py:137} INFO - [2023-01-11T23:31:26.154+0000] {dag.py:3427} INFO - Setting next_dagrun for business_operation_rating_v1 to 2023-02-01T10:00:00+00:00, run_after=2023-05-01T10:00:00+00:00
[2023-01-11T23:31:26.193+0000] {processor.py:175} INFO - Processing /opt/airflow/dags/business_operation_rating.py took 0.410 seconds
[2023-01-11T23:31:56.616+0000] {processor.py:153} INFO - Started process (PID=1824) to work on /opt/airflow/dags/business_operation_rating.py
[2023-01-11T23:31:56.616+0000] {processor.py:743} INFO - Processing file /opt/airflow/dags/business_operation_rating.py for tasks to queue
[2023-01-11T23:31:56.617+0000] {logging_mixin.py:137} INFO - [2023-01-11T23:31:56.617+0000] {dagbag.py:538} INFO - Filling up the DagBag from /opt/airflow/dags/business_operation_rating.py
[2023-01-11T23:31:56.884+0000] {processor.py:753} INFO - DAG(s) dict_keys(['business_operation_rating_v1']) retrieved from /opt/airflow/dags/business_operation_rating.py
[2023-01-11T23:31:56.917+0000] {logging_mixin.py:137} INFO - [2023-01-11T23:31:56.917+0000] {dag.py:2676} INFO - Sync 1 DAGs
[2023-01-11T23:31:56.942+0000] {logging_mixin.py:137} INFO - [2023-01-11T23:31:56.942+0000] {dag.py:3427} INFO - Setting next_dagrun for business_operation_rating_v1 to 2023-02-01T10:00:00+00:00, run_after=2023-05-01T10:00:00+00:00
[2023-01-11T23:31:56.990+0000] {processor.py:175} INFO - Processing /opt/airflow/dags/business_operation_rating.py took 0.376 seconds
[2023-01-11T23:32:27.379+0000] {processor.py:153} INFO - Started process (PID=1911) to work on /opt/airflow/dags/business_operation_rating.py
[2023-01-11T23:32:27.412+0000] {processor.py:743} INFO - Processing file /opt/airflow/dags/business_operation_rating.py for tasks to queue
[2023-01-11T23:32:27.412+0000] {logging_mixin.py:137} INFO - [2023-01-11T23:32:27.412+0000] {dagbag.py:538} INFO - Filling up the DagBag from /opt/airflow/dags/business_operation_rating.py
[2023-01-11T23:32:27.652+0000] {processor.py:753} INFO - DAG(s) dict_keys(['business_operation_rating_v1']) retrieved from /opt/airflow/dags/business_operation_rating.py
[2023-01-11T23:32:27.682+0000] {logging_mixin.py:137} INFO - [2023-01-11T23:32:27.682+0000] {dag.py:2676} INFO - Sync 1 DAGs
[2023-01-11T23:32:27.705+0000] {logging_mixin.py:137} INFO - [2023-01-11T23:32:27.705+0000] {dag.py:3427} INFO - Setting next_dagrun for business_operation_rating_v1 to 2023-02-01T10:00:00+00:00, run_after=2023-05-01T10:00:00+00:00
[2023-01-11T23:32:27.746+0000] {processor.py:175} INFO - Processing /opt/airflow/dags/business_operation_rating.py took 0.370 seconds
[2023-01-11T23:32:58.127+0000] {processor.py:153} INFO - Started process (PID=1979) to work on /opt/airflow/dags/business_operation_rating.py
[2023-01-11T23:32:58.127+0000] {processor.py:743} INFO - Processing file /opt/airflow/dags/business_operation_rating.py for tasks to queue
[2023-01-11T23:32:58.128+0000] {logging_mixin.py:137} INFO - [2023-01-11T23:32:58.128+0000] {dagbag.py:538} INFO - Filling up the DagBag from /opt/airflow/dags/business_operation_rating.py
[2023-01-11T23:32:58.372+0000] {processor.py:753} INFO - DAG(s) dict_keys(['business_operation_rating_v1']) retrieved from /opt/airflow/dags/business_operation_rating.py
[2023-01-11T23:32:58.402+0000] {logging_mixin.py:137} INFO - [2023-01-11T23:32:58.402+0000] {dag.py:2676} INFO - Sync 1 DAGs
[2023-01-11T23:32:58.426+0000] {logging_mixin.py:137} INFO - [2023-01-11T23:32:58.426+0000] {dag.py:3427} INFO - Setting next_dagrun for business_operation_rating_v1 to 2023-02-01T10:00:00+00:00, run_after=2023-05-01T10:00:00+00:00
[2023-01-11T23:32:58.493+0000] {processor.py:175} INFO - Processing /opt/airflow/dags/business_operation_rating.py took 0.369 seconds
