[2023-01-11T13:29:18.729+0000] {processor.py:153} INFO - Started process (PID=119) to work on /opt/airflow/dags/cash_flow.py
[2023-01-11T13:29:18.730+0000] {processor.py:743} INFO - Processing file /opt/airflow/dags/cash_flow.py for tasks to queue
[2023-01-11T13:29:18.730+0000] {logging_mixin.py:137} INFO - [2023-01-11T13:29:18.730+0000] {dagbag.py:538} INFO - Filling up the DagBag from /opt/airflow/dags/cash_flow.py
[2023-01-11T13:29:18.981+0000] {processor.py:753} INFO - DAG(s) dict_keys(['cash_flow_v1']) retrieved from /opt/airflow/dags/cash_flow.py
[2023-01-11T13:29:19.048+0000] {logging_mixin.py:137} INFO - [2023-01-11T13:29:19.048+0000] {dag.py:2676} INFO - Sync 1 DAGs
[2023-01-11T13:29:19.070+0000] {logging_mixin.py:137} INFO - [2023-01-11T13:29:19.070+0000] {dag.py:3427} INFO - Setting next_dagrun for cash_flow_v1 to 2023-02-01T10:00:00+00:00, run_after=2023-05-01T10:00:00+00:00
[2023-01-11T13:29:19.149+0000] {processor.py:175} INFO - Processing /opt/airflow/dags/cash_flow.py took 0.422 seconds
[2023-01-11T13:29:49.853+0000] {processor.py:153} INFO - Started process (PID=207) to work on /opt/airflow/dags/cash_flow.py
[2023-01-11T13:29:49.876+0000] {processor.py:743} INFO - Processing file /opt/airflow/dags/cash_flow.py for tasks to queue
[2023-01-11T13:29:49.877+0000] {logging_mixin.py:137} INFO - [2023-01-11T13:29:49.877+0000] {dagbag.py:538} INFO - Filling up the DagBag from /opt/airflow/dags/cash_flow.py
[2023-01-11T13:29:50.184+0000] {processor.py:753} INFO - DAG(s) dict_keys(['cash_flow_v1']) retrieved from /opt/airflow/dags/cash_flow.py
[2023-01-11T13:29:50.223+0000] {logging_mixin.py:137} INFO - [2023-01-11T13:29:50.222+0000] {dag.py:2676} INFO - Sync 1 DAGs
[2023-01-11T13:29:50.252+0000] {logging_mixin.py:137} INFO - [2023-01-11T13:29:50.252+0000] {dag.py:3427} INFO - Setting next_dagrun for cash_flow_v1 to 2023-02-01T10:00:00+00:00, run_after=2023-05-01T10:00:00+00:00
[2023-01-11T13:29:50.399+0000] {processor.py:175} INFO - Processing /opt/airflow/dags/cash_flow.py took 0.549 seconds
[2023-01-11T13:30:21.074+0000] {processor.py:153} INFO - Started process (PID=275) to work on /opt/airflow/dags/cash_flow.py
[2023-01-11T13:30:21.086+0000] {processor.py:743} INFO - Processing file /opt/airflow/dags/cash_flow.py for tasks to queue
[2023-01-11T13:30:21.087+0000] {logging_mixin.py:137} INFO - [2023-01-11T13:30:21.086+0000] {dagbag.py:538} INFO - Filling up the DagBag from /opt/airflow/dags/cash_flow.py
[2023-01-11T13:30:21.357+0000] {processor.py:753} INFO - DAG(s) dict_keys(['cash_flow_v1']) retrieved from /opt/airflow/dags/cash_flow.py
[2023-01-11T13:30:21.388+0000] {logging_mixin.py:137} INFO - [2023-01-11T13:30:21.388+0000] {dag.py:2676} INFO - Sync 1 DAGs
[2023-01-11T13:30:21.413+0000] {logging_mixin.py:137} INFO - [2023-01-11T13:30:21.413+0000] {dag.py:3427} INFO - Setting next_dagrun for cash_flow_v1 to 2023-02-01T10:00:00+00:00, run_after=2023-05-01T10:00:00+00:00
[2023-01-11T13:30:21.457+0000] {processor.py:175} INFO - Processing /opt/airflow/dags/cash_flow.py took 0.386 seconds
[2023-01-11T13:30:52.369+0000] {processor.py:153} INFO - Started process (PID=363) to work on /opt/airflow/dags/cash_flow.py
[2023-01-11T13:30:52.370+0000] {processor.py:743} INFO - Processing file /opt/airflow/dags/cash_flow.py for tasks to queue
[2023-01-11T13:30:52.371+0000] {logging_mixin.py:137} INFO - [2023-01-11T13:30:52.371+0000] {dagbag.py:538} INFO - Filling up the DagBag from /opt/airflow/dags/cash_flow.py
[2023-01-11T13:30:52.675+0000] {processor.py:753} INFO - DAG(s) dict_keys(['cash_flow_v1']) retrieved from /opt/airflow/dags/cash_flow.py
[2023-01-11T13:30:52.721+0000] {logging_mixin.py:137} INFO - [2023-01-11T13:30:52.720+0000] {dag.py:2676} INFO - Sync 1 DAGs
[2023-01-11T13:30:52.769+0000] {logging_mixin.py:137} INFO - [2023-01-11T13:30:52.769+0000] {dag.py:3427} INFO - Setting next_dagrun for cash_flow_v1 to 2023-02-01T10:00:00+00:00, run_after=2023-05-01T10:00:00+00:00
[2023-01-11T13:30:52.825+0000] {processor.py:175} INFO - Processing /opt/airflow/dags/cash_flow.py took 0.459 seconds
[2023-01-11T13:31:23.224+0000] {processor.py:153} INFO - Started process (PID=432) to work on /opt/airflow/dags/cash_flow.py
[2023-01-11T13:31:23.230+0000] {processor.py:743} INFO - Processing file /opt/airflow/dags/cash_flow.py for tasks to queue
[2023-01-11T13:31:23.230+0000] {logging_mixin.py:137} INFO - [2023-01-11T13:31:23.230+0000] {dagbag.py:538} INFO - Filling up the DagBag from /opt/airflow/dags/cash_flow.py
[2023-01-11T13:31:23.486+0000] {processor.py:753} INFO - DAG(s) dict_keys(['cash_flow_v1']) retrieved from /opt/airflow/dags/cash_flow.py
[2023-01-11T13:31:23.519+0000] {logging_mixin.py:137} INFO - [2023-01-11T13:31:23.518+0000] {dag.py:2676} INFO - Sync 1 DAGs
[2023-01-11T13:31:23.546+0000] {logging_mixin.py:137} INFO - [2023-01-11T13:31:23.546+0000] {dag.py:3427} INFO - Setting next_dagrun for cash_flow_v1 to 2023-02-01T10:00:00+00:00, run_after=2023-05-01T10:00:00+00:00
[2023-01-11T13:31:23.615+0000] {processor.py:175} INFO - Processing /opt/airflow/dags/cash_flow.py took 0.393 seconds
[2023-01-11T13:31:53.698+0000] {processor.py:153} INFO - Started process (PID=507) to work on /opt/airflow/dags/cash_flow.py
[2023-01-11T13:31:53.709+0000] {processor.py:743} INFO - Processing file /opt/airflow/dags/cash_flow.py for tasks to queue
[2023-01-11T13:31:53.709+0000] {logging_mixin.py:137} INFO - [2023-01-11T13:31:53.709+0000] {dagbag.py:538} INFO - Filling up the DagBag from /opt/airflow/dags/cash_flow.py
[2023-01-11T13:31:54.000+0000] {processor.py:753} INFO - DAG(s) dict_keys(['cash_flow_v1']) retrieved from /opt/airflow/dags/cash_flow.py
[2023-01-11T13:31:54.034+0000] {logging_mixin.py:137} INFO - [2023-01-11T13:31:54.034+0000] {dag.py:2676} INFO - Sync 1 DAGs
[2023-01-11T13:31:54.064+0000] {logging_mixin.py:137} INFO - [2023-01-11T13:31:54.064+0000] {dag.py:3427} INFO - Setting next_dagrun for cash_flow_v1 to 2023-02-01T10:00:00+00:00, run_after=2023-05-01T10:00:00+00:00
[2023-01-11T13:31:54.113+0000] {processor.py:175} INFO - Processing /opt/airflow/dags/cash_flow.py took 0.418 seconds
[2023-01-11T13:32:24.295+0000] {processor.py:153} INFO - Started process (PID=588) to work on /opt/airflow/dags/cash_flow.py
[2023-01-11T13:32:24.302+0000] {processor.py:743} INFO - Processing file /opt/airflow/dags/cash_flow.py for tasks to queue
[2023-01-11T13:32:24.302+0000] {logging_mixin.py:137} INFO - [2023-01-11T13:32:24.302+0000] {dagbag.py:538} INFO - Filling up the DagBag from /opt/airflow/dags/cash_flow.py
[2023-01-11T13:32:24.553+0000] {processor.py:753} INFO - DAG(s) dict_keys(['cash_flow_v1']) retrieved from /opt/airflow/dags/cash_flow.py
[2023-01-11T13:32:24.586+0000] {logging_mixin.py:137} INFO - [2023-01-11T13:32:24.585+0000] {dag.py:2676} INFO - Sync 1 DAGs
[2023-01-11T13:32:24.611+0000] {logging_mixin.py:137} INFO - [2023-01-11T13:32:24.611+0000] {dag.py:3427} INFO - Setting next_dagrun for cash_flow_v1 to 2023-02-01T10:00:00+00:00, run_after=2023-05-01T10:00:00+00:00
[2023-01-11T13:32:24.649+0000] {processor.py:175} INFO - Processing /opt/airflow/dags/cash_flow.py took 0.357 seconds
[2023-01-11T13:32:55.215+0000] {processor.py:153} INFO - Started process (PID=656) to work on /opt/airflow/dags/cash_flow.py
[2023-01-11T13:32:55.229+0000] {processor.py:743} INFO - Processing file /opt/airflow/dags/cash_flow.py for tasks to queue
[2023-01-11T13:32:55.229+0000] {logging_mixin.py:137} INFO - [2023-01-11T13:32:55.229+0000] {dagbag.py:538} INFO - Filling up the DagBag from /opt/airflow/dags/cash_flow.py
[2023-01-11T13:32:55.545+0000] {processor.py:753} INFO - DAG(s) dict_keys(['cash_flow_v1']) retrieved from /opt/airflow/dags/cash_flow.py
[2023-01-11T13:32:55.585+0000] {logging_mixin.py:137} INFO - [2023-01-11T13:32:55.585+0000] {dag.py:2676} INFO - Sync 1 DAGs
[2023-01-11T13:32:55.620+0000] {logging_mixin.py:137} INFO - [2023-01-11T13:32:55.620+0000] {dag.py:3427} INFO - Setting next_dagrun for cash_flow_v1 to 2023-02-01T10:00:00+00:00, run_after=2023-05-01T10:00:00+00:00
[2023-01-11T13:32:55.705+0000] {processor.py:175} INFO - Processing /opt/airflow/dags/cash_flow.py took 0.493 seconds
[2023-01-11T13:33:26.778+0000] {processor.py:153} INFO - Started process (PID=744) to work on /opt/airflow/dags/cash_flow.py
[2023-01-11T13:33:26.840+0000] {processor.py:743} INFO - Processing file /opt/airflow/dags/cash_flow.py for tasks to queue
[2023-01-11T13:33:26.841+0000] {logging_mixin.py:137} INFO - [2023-01-11T13:33:26.841+0000] {dagbag.py:538} INFO - Filling up the DagBag from /opt/airflow/dags/cash_flow.py
[2023-01-11T13:33:27.091+0000] {processor.py:753} INFO - DAG(s) dict_keys(['cash_flow_v1']) retrieved from /opt/airflow/dags/cash_flow.py
[2023-01-11T13:33:27.124+0000] {logging_mixin.py:137} INFO - [2023-01-11T13:33:27.123+0000] {dag.py:2676} INFO - Sync 1 DAGs
[2023-01-11T13:33:27.147+0000] {logging_mixin.py:137} INFO - [2023-01-11T13:33:27.146+0000] {dag.py:3427} INFO - Setting next_dagrun for cash_flow_v1 to 2023-02-01T10:00:00+00:00, run_after=2023-05-01T10:00:00+00:00
[2023-01-11T13:33:27.182+0000] {processor.py:175} INFO - Processing /opt/airflow/dags/cash_flow.py took 0.407 seconds
[2023-01-11T13:33:58.018+0000] {processor.py:153} INFO - Started process (PID=812) to work on /opt/airflow/dags/cash_flow.py
[2023-01-11T13:33:58.025+0000] {processor.py:743} INFO - Processing file /opt/airflow/dags/cash_flow.py for tasks to queue
[2023-01-11T13:33:58.025+0000] {logging_mixin.py:137} INFO - [2023-01-11T13:33:58.025+0000] {dagbag.py:538} INFO - Filling up the DagBag from /opt/airflow/dags/cash_flow.py
[2023-01-11T13:33:58.390+0000] {processor.py:753} INFO - DAG(s) dict_keys(['cash_flow_v1']) retrieved from /opt/airflow/dags/cash_flow.py
[2023-01-11T13:33:58.435+0000] {logging_mixin.py:137} INFO - [2023-01-11T13:33:58.434+0000] {dag.py:2676} INFO - Sync 1 DAGs
[2023-01-11T13:33:58.478+0000] {logging_mixin.py:137} INFO - [2023-01-11T13:33:58.478+0000] {dag.py:3427} INFO - Setting next_dagrun for cash_flow_v1 to 2023-02-01T10:00:00+00:00, run_after=2023-05-01T10:00:00+00:00
[2023-01-11T13:33:58.528+0000] {processor.py:175} INFO - Processing /opt/airflow/dags/cash_flow.py took 0.513 seconds
[2023-01-11T13:34:28.825+0000] {processor.py:153} INFO - Started process (PID=901) to work on /opt/airflow/dags/cash_flow.py
[2023-01-11T13:34:28.829+0000] {processor.py:743} INFO - Processing file /opt/airflow/dags/cash_flow.py for tasks to queue
[2023-01-11T13:34:28.830+0000] {logging_mixin.py:137} INFO - [2023-01-11T13:34:28.830+0000] {dagbag.py:538} INFO - Filling up the DagBag from /opt/airflow/dags/cash_flow.py
[2023-01-11T13:34:29.119+0000] {processor.py:753} INFO - DAG(s) dict_keys(['cash_flow_v1']) retrieved from /opt/airflow/dags/cash_flow.py
[2023-01-11T13:34:29.153+0000] {logging_mixin.py:137} INFO - [2023-01-11T13:34:29.152+0000] {dag.py:2676} INFO - Sync 1 DAGs
[2023-01-11T13:34:29.183+0000] {logging_mixin.py:137} INFO - [2023-01-11T13:34:29.182+0000] {dag.py:3427} INFO - Setting next_dagrun for cash_flow_v1 to 2023-02-01T10:00:00+00:00, run_after=2023-05-01T10:00:00+00:00
[2023-01-11T13:34:29.260+0000] {processor.py:175} INFO - Processing /opt/airflow/dags/cash_flow.py took 0.438 seconds
[2023-01-11T13:36:35.330+0000] {processor.py:153} INFO - Started process (PID=98) to work on /opt/airflow/dags/cash_flow.py
[2023-01-11T13:36:35.339+0000] {processor.py:743} INFO - Processing file /opt/airflow/dags/cash_flow.py for tasks to queue
[2023-01-11T13:36:35.339+0000] {logging_mixin.py:137} INFO - [2023-01-11T13:36:35.339+0000] {dagbag.py:538} INFO - Filling up the DagBag from /opt/airflow/dags/cash_flow.py
[2023-01-11T13:36:35.744+0000] {processor.py:753} INFO - DAG(s) dict_keys(['cash_flow_v1']) retrieved from /opt/airflow/dags/cash_flow.py
[2023-01-11T13:36:35.843+0000] {logging_mixin.py:137} INFO - [2023-01-11T13:36:35.842+0000] {dag.py:2676} INFO - Sync 1 DAGs
[2023-01-11T13:36:35.868+0000] {logging_mixin.py:137} INFO - [2023-01-11T13:36:35.868+0000] {dag.py:3427} INFO - Setting next_dagrun for cash_flow_v1 to 2023-02-01T10:00:00+00:00, run_after=2023-05-01T10:00:00+00:00
[2023-01-11T13:36:35.933+0000] {processor.py:175} INFO - Processing /opt/airflow/dags/cash_flow.py took 0.607 seconds
[2023-01-11T13:37:06.226+0000] {processor.py:153} INFO - Started process (PID=166) to work on /opt/airflow/dags/cash_flow.py
[2023-01-11T13:37:06.233+0000] {processor.py:743} INFO - Processing file /opt/airflow/dags/cash_flow.py for tasks to queue
[2023-01-11T13:37:06.233+0000] {logging_mixin.py:137} INFO - [2023-01-11T13:37:06.233+0000] {dagbag.py:538} INFO - Filling up the DagBag from /opt/airflow/dags/cash_flow.py
[2023-01-11T13:37:06.506+0000] {processor.py:753} INFO - DAG(s) dict_keys(['cash_flow_v1']) retrieved from /opt/airflow/dags/cash_flow.py
[2023-01-11T13:37:06.541+0000] {logging_mixin.py:137} INFO - [2023-01-11T13:37:06.541+0000] {dag.py:2676} INFO - Sync 1 DAGs
[2023-01-11T13:37:06.570+0000] {logging_mixin.py:137} INFO - [2023-01-11T13:37:06.570+0000] {dag.py:3427} INFO - Setting next_dagrun for cash_flow_v1 to 2023-02-01T10:00:00+00:00, run_after=2023-05-01T10:00:00+00:00
[2023-01-11T13:37:06.633+0000] {processor.py:175} INFO - Processing /opt/airflow/dags/cash_flow.py took 0.409 seconds
[2023-01-11T13:37:37.553+0000] {processor.py:153} INFO - Started process (PID=252) to work on /opt/airflow/dags/cash_flow.py
[2023-01-11T13:37:37.562+0000] {processor.py:743} INFO - Processing file /opt/airflow/dags/cash_flow.py for tasks to queue
[2023-01-11T13:37:37.563+0000] {logging_mixin.py:137} INFO - [2023-01-11T13:37:37.563+0000] {dagbag.py:538} INFO - Filling up the DagBag from /opt/airflow/dags/cash_flow.py
[2023-01-11T13:37:37.828+0000] {processor.py:753} INFO - DAG(s) dict_keys(['cash_flow_v1']) retrieved from /opt/airflow/dags/cash_flow.py
[2023-01-11T13:37:37.900+0000] {logging_mixin.py:137} INFO - [2023-01-11T13:37:37.899+0000] {dag.py:2676} INFO - Sync 1 DAGs
[2023-01-11T13:37:37.940+0000] {logging_mixin.py:137} INFO - [2023-01-11T13:37:37.940+0000] {dag.py:3427} INFO - Setting next_dagrun for cash_flow_v1 to 2023-02-01T10:00:00+00:00, run_after=2023-05-01T10:00:00+00:00
[2023-01-11T13:37:38.296+0000] {processor.py:175} INFO - Processing /opt/airflow/dags/cash_flow.py took 0.746 seconds
[2023-01-11T13:38:09.086+0000] {processor.py:153} INFO - Started process (PID=320) to work on /opt/airflow/dags/cash_flow.py
[2023-01-11T13:38:09.086+0000] {processor.py:743} INFO - Processing file /opt/airflow/dags/cash_flow.py for tasks to queue
[2023-01-11T13:38:09.087+0000] {logging_mixin.py:137} INFO - [2023-01-11T13:38:09.087+0000] {dagbag.py:538} INFO - Filling up the DagBag from /opt/airflow/dags/cash_flow.py
[2023-01-11T13:38:09.359+0000] {processor.py:753} INFO - DAG(s) dict_keys(['cash_flow_v1']) retrieved from /opt/airflow/dags/cash_flow.py
[2023-01-11T13:38:09.402+0000] {logging_mixin.py:137} INFO - [2023-01-11T13:38:09.402+0000] {dag.py:2676} INFO - Sync 1 DAGs
[2023-01-11T13:38:09.434+0000] {logging_mixin.py:137} INFO - [2023-01-11T13:38:09.434+0000] {dag.py:3427} INFO - Setting next_dagrun for cash_flow_v1 to 2023-02-01T10:00:00+00:00, run_after=2023-05-01T10:00:00+00:00
[2023-01-11T13:38:09.518+0000] {processor.py:175} INFO - Processing /opt/airflow/dags/cash_flow.py took 0.435 seconds
[2023-01-11T13:40:07.428+0000] {processor.py:153} INFO - Started process (PID=78) to work on /opt/airflow/dags/cash_flow.py
[2023-01-11T13:40:07.429+0000] {processor.py:743} INFO - Processing file /opt/airflow/dags/cash_flow.py for tasks to queue
[2023-01-11T13:40:07.430+0000] {logging_mixin.py:137} INFO - [2023-01-11T13:40:07.429+0000] {dagbag.py:538} INFO - Filling up the DagBag from /opt/airflow/dags/cash_flow.py
[2023-01-11T13:40:07.746+0000] {processor.py:753} INFO - DAG(s) dict_keys(['cash_flow_v1']) retrieved from /opt/airflow/dags/cash_flow.py
[2023-01-11T13:40:07.855+0000] {logging_mixin.py:137} INFO - [2023-01-11T13:40:07.855+0000] {dag.py:2676} INFO - Sync 1 DAGs
[2023-01-11T13:40:07.888+0000] {logging_mixin.py:137} INFO - [2023-01-11T13:40:07.888+0000] {dag.py:3427} INFO - Setting next_dagrun for cash_flow_v1 to 2023-02-01T10:00:00+00:00, run_after=2023-05-01T10:00:00+00:00
[2023-01-11T13:40:07.940+0000] {processor.py:175} INFO - Processing /opt/airflow/dags/cash_flow.py took 0.515 seconds
[2023-01-11T13:40:38.021+0000] {processor.py:153} INFO - Started process (PID=153) to work on /opt/airflow/dags/cash_flow.py
[2023-01-11T13:40:38.022+0000] {processor.py:743} INFO - Processing file /opt/airflow/dags/cash_flow.py for tasks to queue
[2023-01-11T13:40:38.023+0000] {logging_mixin.py:137} INFO - [2023-01-11T13:40:38.023+0000] {dagbag.py:538} INFO - Filling up the DagBag from /opt/airflow/dags/cash_flow.py
[2023-01-11T13:40:38.305+0000] {processor.py:753} INFO - DAG(s) dict_keys(['cash_flow_v1']) retrieved from /opt/airflow/dags/cash_flow.py
[2023-01-11T13:40:38.344+0000] {logging_mixin.py:137} INFO - [2023-01-11T13:40:38.343+0000] {dag.py:2676} INFO - Sync 1 DAGs
[2023-01-11T13:40:38.386+0000] {logging_mixin.py:137} INFO - [2023-01-11T13:40:38.386+0000] {dag.py:3427} INFO - Setting next_dagrun for cash_flow_v1 to 2023-02-01T10:00:00+00:00, run_after=2023-05-01T10:00:00+00:00
[2023-01-11T13:40:38.432+0000] {processor.py:175} INFO - Processing /opt/airflow/dags/cash_flow.py took 0.415 seconds
[2023-01-11T13:41:09.356+0000] {processor.py:153} INFO - Started process (PID=234) to work on /opt/airflow/dags/cash_flow.py
[2023-01-11T13:41:09.357+0000] {processor.py:743} INFO - Processing file /opt/airflow/dags/cash_flow.py for tasks to queue
[2023-01-11T13:41:09.358+0000] {logging_mixin.py:137} INFO - [2023-01-11T13:41:09.358+0000] {dagbag.py:538} INFO - Filling up the DagBag from /opt/airflow/dags/cash_flow.py
[2023-01-11T13:41:09.623+0000] {processor.py:753} INFO - DAG(s) dict_keys(['cash_flow_v1']) retrieved from /opt/airflow/dags/cash_flow.py
[2023-01-11T13:41:09.659+0000] {logging_mixin.py:137} INFO - [2023-01-11T13:41:09.658+0000] {dag.py:2676} INFO - Sync 1 DAGs
[2023-01-11T13:41:09.687+0000] {logging_mixin.py:137} INFO - [2023-01-11T13:41:09.687+0000] {dag.py:3427} INFO - Setting next_dagrun for cash_flow_v1 to 2023-02-01T10:00:00+00:00, run_after=2023-05-01T10:00:00+00:00
[2023-01-11T13:41:09.735+0000] {processor.py:175} INFO - Processing /opt/airflow/dags/cash_flow.py took 0.381 seconds
[2023-01-11T13:41:40.554+0000] {processor.py:153} INFO - Started process (PID=302) to work on /opt/airflow/dags/cash_flow.py
[2023-01-11T13:41:40.563+0000] {processor.py:743} INFO - Processing file /opt/airflow/dags/cash_flow.py for tasks to queue
[2023-01-11T13:41:40.564+0000] {logging_mixin.py:137} INFO - [2023-01-11T13:41:40.564+0000] {dagbag.py:538} INFO - Filling up the DagBag from /opt/airflow/dags/cash_flow.py
[2023-01-11T13:41:40.923+0000] {processor.py:753} INFO - DAG(s) dict_keys(['cash_flow_v1']) retrieved from /opt/airflow/dags/cash_flow.py
[2023-01-11T13:41:40.963+0000] {logging_mixin.py:137} INFO - [2023-01-11T13:41:40.963+0000] {dag.py:2676} INFO - Sync 1 DAGs
[2023-01-11T13:41:40.993+0000] {logging_mixin.py:137} INFO - [2023-01-11T13:41:40.993+0000] {dag.py:3427} INFO - Setting next_dagrun for cash_flow_v1 to 2023-02-01T10:00:00+00:00, run_after=2023-05-01T10:00:00+00:00
[2023-01-11T13:41:41.038+0000] {processor.py:175} INFO - Processing /opt/airflow/dags/cash_flow.py took 0.490 seconds
[2023-01-11T13:42:11.867+0000] {processor.py:153} INFO - Started process (PID=390) to work on /opt/airflow/dags/cash_flow.py
[2023-01-11T13:42:11.868+0000] {processor.py:743} INFO - Processing file /opt/airflow/dags/cash_flow.py for tasks to queue
[2023-01-11T13:42:11.868+0000] {logging_mixin.py:137} INFO - [2023-01-11T13:42:11.868+0000] {dagbag.py:538} INFO - Filling up the DagBag from /opt/airflow/dags/cash_flow.py
[2023-01-11T13:42:12.136+0000] {processor.py:753} INFO - DAG(s) dict_keys(['cash_flow_v1']) retrieved from /opt/airflow/dags/cash_flow.py
[2023-01-11T13:42:12.168+0000] {logging_mixin.py:137} INFO - [2023-01-11T13:42:12.168+0000] {dag.py:2676} INFO - Sync 1 DAGs
[2023-01-11T13:42:12.196+0000] {logging_mixin.py:137} INFO - [2023-01-11T13:42:12.196+0000] {dag.py:3427} INFO - Setting next_dagrun for cash_flow_v1 to 2023-02-01T10:00:00+00:00, run_after=2023-05-01T10:00:00+00:00
[2023-01-11T13:42:12.254+0000] {processor.py:175} INFO - Processing /opt/airflow/dags/cash_flow.py took 0.390 seconds
[2023-01-11T13:42:42.826+0000] {processor.py:153} INFO - Started process (PID=458) to work on /opt/airflow/dags/cash_flow.py
[2023-01-11T13:42:42.883+0000] {processor.py:743} INFO - Processing file /opt/airflow/dags/cash_flow.py for tasks to queue
[2023-01-11T13:42:42.883+0000] {logging_mixin.py:137} INFO - [2023-01-11T13:42:42.883+0000] {dagbag.py:538} INFO - Filling up the DagBag from /opt/airflow/dags/cash_flow.py
[2023-01-11T13:42:43.145+0000] {processor.py:753} INFO - DAG(s) dict_keys(['cash_flow_v1']) retrieved from /opt/airflow/dags/cash_flow.py
[2023-01-11T13:42:43.183+0000] {logging_mixin.py:137} INFO - [2023-01-11T13:42:43.183+0000] {dag.py:2676} INFO - Sync 1 DAGs
[2023-01-11T13:42:43.207+0000] {logging_mixin.py:137} INFO - [2023-01-11T13:42:43.207+0000] {dag.py:3427} INFO - Setting next_dagrun for cash_flow_v1 to 2023-02-01T10:00:00+00:00, run_after=2023-05-01T10:00:00+00:00
[2023-01-11T13:42:43.270+0000] {processor.py:175} INFO - Processing /opt/airflow/dags/cash_flow.py took 0.448 seconds
[2023-01-11T23:20:33.287+0000] {processor.py:153} INFO - Started process (PID=136) to work on /opt/airflow/dags/cash_flow.py
[2023-01-11T23:20:33.301+0000] {processor.py:743} INFO - Processing file /opt/airflow/dags/cash_flow.py for tasks to queue
[2023-01-11T23:20:33.313+0000] {logging_mixin.py:137} INFO - [2023-01-11T23:20:33.313+0000] {dagbag.py:538} INFO - Filling up the DagBag from /opt/airflow/dags/cash_flow.py
[2023-01-11T23:20:33.591+0000] {processor.py:753} INFO - DAG(s) dict_keys(['cash_flow_v1']) retrieved from /opt/airflow/dags/cash_flow.py
[2023-01-11T23:20:33.672+0000] {logging_mixin.py:137} INFO - [2023-01-11T23:20:33.671+0000] {dag.py:2676} INFO - Sync 1 DAGs
[2023-01-11T23:20:33.699+0000] {logging_mixin.py:137} INFO - [2023-01-11T23:20:33.698+0000] {dag.py:3427} INFO - Setting next_dagrun for cash_flow_v1 to 2023-02-01T10:00:00+00:00, run_after=2023-05-01T10:00:00+00:00
[2023-01-11T23:20:33.749+0000] {processor.py:175} INFO - Processing /opt/airflow/dags/cash_flow.py took 0.465 seconds
[2023-01-11T23:21:04.235+0000] {processor.py:153} INFO - Started process (PID=204) to work on /opt/airflow/dags/cash_flow.py
[2023-01-11T23:21:04.235+0000] {processor.py:743} INFO - Processing file /opt/airflow/dags/cash_flow.py for tasks to queue
[2023-01-11T23:21:04.236+0000] {logging_mixin.py:137} INFO - [2023-01-11T23:21:04.236+0000] {dagbag.py:538} INFO - Filling up the DagBag from /opt/airflow/dags/cash_flow.py
[2023-01-11T23:21:04.478+0000] {processor.py:753} INFO - DAG(s) dict_keys(['cash_flow_v1']) retrieved from /opt/airflow/dags/cash_flow.py
[2023-01-11T23:21:04.509+0000] {logging_mixin.py:137} INFO - [2023-01-11T23:21:04.509+0000] {dag.py:2676} INFO - Sync 1 DAGs
[2023-01-11T23:21:04.535+0000] {logging_mixin.py:137} INFO - [2023-01-11T23:21:04.535+0000] {dag.py:3427} INFO - Setting next_dagrun for cash_flow_v1 to 2023-02-01T10:00:00+00:00, run_after=2023-05-01T10:00:00+00:00
[2023-01-11T23:21:04.642+0000] {processor.py:175} INFO - Processing /opt/airflow/dags/cash_flow.py took 0.410 seconds
[2023-01-11T23:21:35.261+0000] {processor.py:153} INFO - Started process (PID=280) to work on /opt/airflow/dags/cash_flow.py
[2023-01-11T23:21:35.290+0000] {processor.py:743} INFO - Processing file /opt/airflow/dags/cash_flow.py for tasks to queue
[2023-01-11T23:21:35.291+0000] {logging_mixin.py:137} INFO - [2023-01-11T23:21:35.291+0000] {dagbag.py:538} INFO - Filling up the DagBag from /opt/airflow/dags/cash_flow.py
[2023-01-11T23:21:35.633+0000] {processor.py:753} INFO - DAG(s) dict_keys(['cash_flow_v1']) retrieved from /opt/airflow/dags/cash_flow.py
[2023-01-11T23:21:35.676+0000] {logging_mixin.py:137} INFO - [2023-01-11T23:21:35.675+0000] {dag.py:2676} INFO - Sync 1 DAGs
[2023-01-11T23:21:35.715+0000] {logging_mixin.py:137} INFO - [2023-01-11T23:21:35.715+0000] {dag.py:3427} INFO - Setting next_dagrun for cash_flow_v1 to 2023-02-01T10:00:00+00:00, run_after=2023-05-01T10:00:00+00:00
[2023-01-11T23:21:35.775+0000] {processor.py:175} INFO - Processing /opt/airflow/dags/cash_flow.py took 0.518 seconds
[2023-01-11T23:22:06.044+0000] {processor.py:153} INFO - Started process (PID=361) to work on /opt/airflow/dags/cash_flow.py
[2023-01-11T23:22:06.045+0000] {processor.py:743} INFO - Processing file /opt/airflow/dags/cash_flow.py for tasks to queue
[2023-01-11T23:22:06.045+0000] {logging_mixin.py:137} INFO - [2023-01-11T23:22:06.045+0000] {dagbag.py:538} INFO - Filling up the DagBag from /opt/airflow/dags/cash_flow.py
[2023-01-11T23:22:06.283+0000] {processor.py:753} INFO - DAG(s) dict_keys(['cash_flow_v1']) retrieved from /opt/airflow/dags/cash_flow.py
[2023-01-11T23:22:06.313+0000] {logging_mixin.py:137} INFO - [2023-01-11T23:22:06.312+0000] {dag.py:2676} INFO - Sync 1 DAGs
[2023-01-11T23:22:06.335+0000] {logging_mixin.py:137} INFO - [2023-01-11T23:22:06.334+0000] {dag.py:3427} INFO - Setting next_dagrun for cash_flow_v1 to 2023-02-01T10:00:00+00:00, run_after=2023-05-01T10:00:00+00:00
[2023-01-11T23:22:06.390+0000] {processor.py:175} INFO - Processing /opt/airflow/dags/cash_flow.py took 0.348 seconds
[2023-01-11T23:22:36.893+0000] {processor.py:153} INFO - Started process (PID=429) to work on /opt/airflow/dags/cash_flow.py
[2023-01-11T23:22:36.934+0000] {processor.py:743} INFO - Processing file /opt/airflow/dags/cash_flow.py for tasks to queue
[2023-01-11T23:22:36.935+0000] {logging_mixin.py:137} INFO - [2023-01-11T23:22:36.935+0000] {dagbag.py:538} INFO - Filling up the DagBag from /opt/airflow/dags/cash_flow.py
[2023-01-11T23:22:37.154+0000] {processor.py:753} INFO - DAG(s) dict_keys(['cash_flow_v1']) retrieved from /opt/airflow/dags/cash_flow.py
[2023-01-11T23:22:37.183+0000] {logging_mixin.py:137} INFO - [2023-01-11T23:22:37.182+0000] {dag.py:2676} INFO - Sync 1 DAGs
[2023-01-11T23:22:37.204+0000] {logging_mixin.py:137} INFO - [2023-01-11T23:22:37.204+0000] {dag.py:3427} INFO - Setting next_dagrun for cash_flow_v1 to 2023-02-01T10:00:00+00:00, run_after=2023-05-01T10:00:00+00:00
[2023-01-11T23:22:37.243+0000] {processor.py:175} INFO - Processing /opt/airflow/dags/cash_flow.py took 0.353 seconds
[2023-01-11T23:23:07.415+0000] {processor.py:153} INFO - Started process (PID=517) to work on /opt/airflow/dags/cash_flow.py
[2023-01-11T23:23:07.430+0000] {processor.py:743} INFO - Processing file /opt/airflow/dags/cash_flow.py for tasks to queue
[2023-01-11T23:23:07.431+0000] {logging_mixin.py:137} INFO - [2023-01-11T23:23:07.431+0000] {dagbag.py:538} INFO - Filling up the DagBag from /opt/airflow/dags/cash_flow.py
[2023-01-11T23:23:07.698+0000] {processor.py:753} INFO - DAG(s) dict_keys(['cash_flow_v1']) retrieved from /opt/airflow/dags/cash_flow.py
[2023-01-11T23:23:07.738+0000] {logging_mixin.py:137} INFO - [2023-01-11T23:23:07.738+0000] {dag.py:2676} INFO - Sync 1 DAGs
[2023-01-11T23:23:07.782+0000] {logging_mixin.py:137} INFO - [2023-01-11T23:23:07.782+0000] {dag.py:3427} INFO - Setting next_dagrun for cash_flow_v1 to 2023-02-01T10:00:00+00:00, run_after=2023-05-01T10:00:00+00:00
[2023-01-11T23:23:07.834+0000] {processor.py:175} INFO - Processing /opt/airflow/dags/cash_flow.py took 0.422 seconds
[2023-01-11T23:23:38.267+0000] {processor.py:153} INFO - Started process (PID=584) to work on /opt/airflow/dags/cash_flow.py
[2023-01-11T23:23:38.267+0000] {processor.py:743} INFO - Processing file /opt/airflow/dags/cash_flow.py for tasks to queue
[2023-01-11T23:23:38.268+0000] {logging_mixin.py:137} INFO - [2023-01-11T23:23:38.268+0000] {dagbag.py:538} INFO - Filling up the DagBag from /opt/airflow/dags/cash_flow.py
[2023-01-11T23:23:38.553+0000] {processor.py:753} INFO - DAG(s) dict_keys(['cash_flow_v1']) retrieved from /opt/airflow/dags/cash_flow.py
[2023-01-11T23:23:38.590+0000] {logging_mixin.py:137} INFO - [2023-01-11T23:23:38.589+0000] {dag.py:2676} INFO - Sync 1 DAGs
[2023-01-11T23:23:38.625+0000] {logging_mixin.py:137} INFO - [2023-01-11T23:23:38.625+0000] {dag.py:3427} INFO - Setting next_dagrun for cash_flow_v1 to 2023-02-01T10:00:00+00:00, run_after=2023-05-01T10:00:00+00:00
[2023-01-11T23:23:38.689+0000] {processor.py:175} INFO - Processing /opt/airflow/dags/cash_flow.py took 0.425 seconds
[2023-01-11T23:24:09.107+0000] {processor.py:153} INFO - Started process (PID=672) to work on /opt/airflow/dags/cash_flow.py
[2023-01-11T23:24:09.108+0000] {processor.py:743} INFO - Processing file /opt/airflow/dags/cash_flow.py for tasks to queue
[2023-01-11T23:24:09.109+0000] {logging_mixin.py:137} INFO - [2023-01-11T23:24:09.109+0000] {dagbag.py:538} INFO - Filling up the DagBag from /opt/airflow/dags/cash_flow.py
[2023-01-11T23:24:09.362+0000] {processor.py:753} INFO - DAG(s) dict_keys(['cash_flow_v1']) retrieved from /opt/airflow/dags/cash_flow.py
[2023-01-11T23:24:09.396+0000] {logging_mixin.py:137} INFO - [2023-01-11T23:24:09.395+0000] {dag.py:2676} INFO - Sync 1 DAGs
[2023-01-11T23:24:09.422+0000] {logging_mixin.py:137} INFO - [2023-01-11T23:24:09.422+0000] {dag.py:3427} INFO - Setting next_dagrun for cash_flow_v1 to 2023-02-01T10:00:00+00:00, run_after=2023-05-01T10:00:00+00:00
[2023-01-11T23:24:09.467+0000] {processor.py:175} INFO - Processing /opt/airflow/dags/cash_flow.py took 0.362 seconds
[2023-01-11T23:24:39.818+0000] {processor.py:153} INFO - Started process (PID=740) to work on /opt/airflow/dags/cash_flow.py
[2023-01-11T23:24:39.822+0000] {processor.py:743} INFO - Processing file /opt/airflow/dags/cash_flow.py for tasks to queue
[2023-01-11T23:24:39.823+0000] {logging_mixin.py:137} INFO - [2023-01-11T23:24:39.823+0000] {dagbag.py:538} INFO - Filling up the DagBag from /opt/airflow/dags/cash_flow.py
[2023-01-11T23:24:40.132+0000] {processor.py:753} INFO - DAG(s) dict_keys(['cash_flow_v1']) retrieved from /opt/airflow/dags/cash_flow.py
[2023-01-11T23:24:40.165+0000] {logging_mixin.py:137} INFO - [2023-01-11T23:24:40.164+0000] {dag.py:2676} INFO - Sync 1 DAGs
[2023-01-11T23:24:40.189+0000] {logging_mixin.py:137} INFO - [2023-01-11T23:24:40.188+0000] {dag.py:3427} INFO - Setting next_dagrun for cash_flow_v1 to 2023-02-01T10:00:00+00:00, run_after=2023-05-01T10:00:00+00:00
[2023-01-11T23:24:40.309+0000] {processor.py:175} INFO - Processing /opt/airflow/dags/cash_flow.py took 0.495 seconds
[2023-01-11T23:25:10.768+0000] {processor.py:153} INFO - Started process (PID=828) to work on /opt/airflow/dags/cash_flow.py
[2023-01-11T23:25:10.769+0000] {processor.py:743} INFO - Processing file /opt/airflow/dags/cash_flow.py for tasks to queue
[2023-01-11T23:25:10.770+0000] {logging_mixin.py:137} INFO - [2023-01-11T23:25:10.769+0000] {dagbag.py:538} INFO - Filling up the DagBag from /opt/airflow/dags/cash_flow.py
[2023-01-11T23:25:11.071+0000] {processor.py:753} INFO - DAG(s) dict_keys(['cash_flow_v1']) retrieved from /opt/airflow/dags/cash_flow.py
[2023-01-11T23:25:11.110+0000] {logging_mixin.py:137} INFO - [2023-01-11T23:25:11.109+0000] {dag.py:2676} INFO - Sync 1 DAGs
[2023-01-11T23:25:11.145+0000] {logging_mixin.py:137} INFO - [2023-01-11T23:25:11.145+0000] {dag.py:3427} INFO - Setting next_dagrun for cash_flow_v1 to 2023-02-01T10:00:00+00:00, run_after=2023-05-01T10:00:00+00:00
[2023-01-11T23:25:11.187+0000] {processor.py:175} INFO - Processing /opt/airflow/dags/cash_flow.py took 0.423 seconds
[2023-01-11T23:25:41.821+0000] {processor.py:153} INFO - Started process (PID=896) to work on /opt/airflow/dags/cash_flow.py
[2023-01-11T23:25:41.839+0000] {processor.py:743} INFO - Processing file /opt/airflow/dags/cash_flow.py for tasks to queue
[2023-01-11T23:25:41.841+0000] {logging_mixin.py:137} INFO - [2023-01-11T23:25:41.841+0000] {dagbag.py:538} INFO - Filling up the DagBag from /opt/airflow/dags/cash_flow.py
[2023-01-11T23:25:42.208+0000] {processor.py:753} INFO - DAG(s) dict_keys(['cash_flow_v1']) retrieved from /opt/airflow/dags/cash_flow.py
[2023-01-11T23:25:42.238+0000] {logging_mixin.py:137} INFO - [2023-01-11T23:25:42.238+0000] {dag.py:2676} INFO - Sync 1 DAGs
[2023-01-11T23:25:42.261+0000] {logging_mixin.py:137} INFO - [2023-01-11T23:25:42.261+0000] {dag.py:3427} INFO - Setting next_dagrun for cash_flow_v1 to 2023-02-01T10:00:00+00:00, run_after=2023-05-01T10:00:00+00:00
[2023-01-11T23:25:42.523+0000] {processor.py:175} INFO - Processing /opt/airflow/dags/cash_flow.py took 0.706 seconds
[2023-01-11T23:26:12.623+0000] {processor.py:153} INFO - Started process (PID=973) to work on /opt/airflow/dags/cash_flow.py
[2023-01-11T23:26:12.623+0000] {processor.py:743} INFO - Processing file /opt/airflow/dags/cash_flow.py for tasks to queue
[2023-01-11T23:26:12.624+0000] {logging_mixin.py:137} INFO - [2023-01-11T23:26:12.624+0000] {dagbag.py:538} INFO - Filling up the DagBag from /opt/airflow/dags/cash_flow.py
[2023-01-11T23:26:12.891+0000] {processor.py:753} INFO - DAG(s) dict_keys(['cash_flow_v1']) retrieved from /opt/airflow/dags/cash_flow.py
[2023-01-11T23:26:12.927+0000] {logging_mixin.py:137} INFO - [2023-01-11T23:26:12.927+0000] {dag.py:2676} INFO - Sync 1 DAGs
[2023-01-11T23:26:12.956+0000] {logging_mixin.py:137} INFO - [2023-01-11T23:26:12.956+0000] {dag.py:3427} INFO - Setting next_dagrun for cash_flow_v1 to 2023-02-01T10:00:00+00:00, run_after=2023-05-01T10:00:00+00:00
[2023-01-11T23:26:13.016+0000] {processor.py:175} INFO - Processing /opt/airflow/dags/cash_flow.py took 0.396 seconds
[2023-01-11T23:26:43.259+0000] {processor.py:153} INFO - Started process (PID=1052) to work on /opt/airflow/dags/cash_flow.py
[2023-01-11T23:26:43.286+0000] {processor.py:743} INFO - Processing file /opt/airflow/dags/cash_flow.py for tasks to queue
[2023-01-11T23:26:43.287+0000] {logging_mixin.py:137} INFO - [2023-01-11T23:26:43.287+0000] {dagbag.py:538} INFO - Filling up the DagBag from /opt/airflow/dags/cash_flow.py
[2023-01-11T23:26:43.548+0000] {processor.py:753} INFO - DAG(s) dict_keys(['cash_flow_v1']) retrieved from /opt/airflow/dags/cash_flow.py
[2023-01-11T23:26:43.586+0000] {logging_mixin.py:137} INFO - [2023-01-11T23:26:43.585+0000] {dag.py:2676} INFO - Sync 1 DAGs
[2023-01-11T23:26:43.617+0000] {logging_mixin.py:137} INFO - [2023-01-11T23:26:43.617+0000] {dag.py:3427} INFO - Setting next_dagrun for cash_flow_v1 to 2023-02-01T10:00:00+00:00, run_after=2023-05-01T10:00:00+00:00
[2023-01-11T23:26:43.661+0000] {processor.py:175} INFO - Processing /opt/airflow/dags/cash_flow.py took 0.405 seconds
[2023-01-11T23:27:13.976+0000] {processor.py:153} INFO - Started process (PID=1120) to work on /opt/airflow/dags/cash_flow.py
[2023-01-11T23:27:13.977+0000] {processor.py:743} INFO - Processing file /opt/airflow/dags/cash_flow.py for tasks to queue
[2023-01-11T23:27:13.977+0000] {logging_mixin.py:137} INFO - [2023-01-11T23:27:13.977+0000] {dagbag.py:538} INFO - Filling up the DagBag from /opt/airflow/dags/cash_flow.py
[2023-01-11T23:27:14.206+0000] {processor.py:753} INFO - DAG(s) dict_keys(['cash_flow_v1']) retrieved from /opt/airflow/dags/cash_flow.py
[2023-01-11T23:27:14.237+0000] {logging_mixin.py:137} INFO - [2023-01-11T23:27:14.236+0000] {dag.py:2676} INFO - Sync 1 DAGs
[2023-01-11T23:27:14.261+0000] {logging_mixin.py:137} INFO - [2023-01-11T23:27:14.260+0000] {dag.py:3427} INFO - Setting next_dagrun for cash_flow_v1 to 2023-02-01T10:00:00+00:00, run_after=2023-05-01T10:00:00+00:00
[2023-01-11T23:27:14.416+0000] {processor.py:175} INFO - Processing /opt/airflow/dags/cash_flow.py took 0.442 seconds
[2023-01-11T23:27:45.045+0000] {processor.py:153} INFO - Started process (PID=1208) to work on /opt/airflow/dags/cash_flow.py
[2023-01-11T23:27:45.182+0000] {processor.py:743} INFO - Processing file /opt/airflow/dags/cash_flow.py for tasks to queue
[2023-01-11T23:27:45.183+0000] {logging_mixin.py:137} INFO - [2023-01-11T23:27:45.183+0000] {dagbag.py:538} INFO - Filling up the DagBag from /opt/airflow/dags/cash_flow.py
[2023-01-11T23:27:45.711+0000] {processor.py:753} INFO - DAG(s) dict_keys(['cash_flow_v1']) retrieved from /opt/airflow/dags/cash_flow.py
[2023-01-11T23:27:45.748+0000] {logging_mixin.py:137} INFO - [2023-01-11T23:27:45.747+0000] {dag.py:2676} INFO - Sync 1 DAGs
[2023-01-11T23:27:45.776+0000] {logging_mixin.py:137} INFO - [2023-01-11T23:27:45.776+0000] {dag.py:3427} INFO - Setting next_dagrun for cash_flow_v1 to 2023-02-01T10:00:00+00:00, run_after=2023-05-01T10:00:00+00:00
[2023-01-11T23:27:45.822+0000] {processor.py:175} INFO - Processing /opt/airflow/dags/cash_flow.py took 0.780 seconds
[2023-01-11T23:28:15.914+0000] {processor.py:153} INFO - Started process (PID=1276) to work on /opt/airflow/dags/cash_flow.py
[2023-01-11T23:28:15.914+0000] {processor.py:743} INFO - Processing file /opt/airflow/dags/cash_flow.py for tasks to queue
[2023-01-11T23:28:15.915+0000] {logging_mixin.py:137} INFO - [2023-01-11T23:28:15.915+0000] {dagbag.py:538} INFO - Filling up the DagBag from /opt/airflow/dags/cash_flow.py
[2023-01-11T23:28:16.149+0000] {processor.py:753} INFO - DAG(s) dict_keys(['cash_flow_v1']) retrieved from /opt/airflow/dags/cash_flow.py
[2023-01-11T23:28:16.180+0000] {logging_mixin.py:137} INFO - [2023-01-11T23:28:16.180+0000] {dag.py:2676} INFO - Sync 1 DAGs
[2023-01-11T23:28:16.203+0000] {logging_mixin.py:137} INFO - [2023-01-11T23:28:16.203+0000] {dag.py:3427} INFO - Setting next_dagrun for cash_flow_v1 to 2023-02-01T10:00:00+00:00, run_after=2023-05-01T10:00:00+00:00
[2023-01-11T23:28:16.510+0000] {processor.py:175} INFO - Processing /opt/airflow/dags/cash_flow.py took 0.598 seconds
[2023-01-11T23:28:46.845+0000] {processor.py:153} INFO - Started process (PID=1344) to work on /opt/airflow/dags/cash_flow.py
[2023-01-11T23:28:46.898+0000] {processor.py:743} INFO - Processing file /opt/airflow/dags/cash_flow.py for tasks to queue
[2023-01-11T23:28:46.898+0000] {logging_mixin.py:137} INFO - [2023-01-11T23:28:46.898+0000] {dagbag.py:538} INFO - Filling up the DagBag from /opt/airflow/dags/cash_flow.py
[2023-01-11T23:28:47.150+0000] {processor.py:753} INFO - DAG(s) dict_keys(['cash_flow_v1']) retrieved from /opt/airflow/dags/cash_flow.py
[2023-01-11T23:28:47.183+0000] {logging_mixin.py:137} INFO - [2023-01-11T23:28:47.183+0000] {dag.py:2676} INFO - Sync 1 DAGs
[2023-01-11T23:28:47.213+0000] {logging_mixin.py:137} INFO - [2023-01-11T23:28:47.213+0000] {dag.py:3427} INFO - Setting next_dagrun for cash_flow_v1 to 2023-02-01T10:00:00+00:00, run_after=2023-05-01T10:00:00+00:00
[2023-01-11T23:28:47.305+0000] {processor.py:175} INFO - Processing /opt/airflow/dags/cash_flow.py took 0.464 seconds
[2023-01-11T23:29:17.663+0000] {processor.py:153} INFO - Started process (PID=1432) to work on /opt/airflow/dags/cash_flow.py
[2023-01-11T23:29:17.664+0000] {processor.py:743} INFO - Processing file /opt/airflow/dags/cash_flow.py for tasks to queue
[2023-01-11T23:29:17.664+0000] {logging_mixin.py:137} INFO - [2023-01-11T23:29:17.664+0000] {dagbag.py:538} INFO - Filling up the DagBag from /opt/airflow/dags/cash_flow.py
[2023-01-11T23:29:17.913+0000] {processor.py:753} INFO - DAG(s) dict_keys(['cash_flow_v1']) retrieved from /opt/airflow/dags/cash_flow.py
[2023-01-11T23:29:17.945+0000] {logging_mixin.py:137} INFO - [2023-01-11T23:29:17.945+0000] {dag.py:2676} INFO - Sync 1 DAGs
[2023-01-11T23:29:17.971+0000] {logging_mixin.py:137} INFO - [2023-01-11T23:29:17.971+0000] {dag.py:3427} INFO - Setting next_dagrun for cash_flow_v1 to 2023-02-01T10:00:00+00:00, run_after=2023-05-01T10:00:00+00:00
[2023-01-11T23:29:18.177+0000] {processor.py:175} INFO - Processing /opt/airflow/dags/cash_flow.py took 0.516 seconds
[2023-01-11T23:29:48.269+0000] {processor.py:153} INFO - Started process (PID=1500) to work on /opt/airflow/dags/cash_flow.py
[2023-01-11T23:29:48.294+0000] {processor.py:743} INFO - Processing file /opt/airflow/dags/cash_flow.py for tasks to queue
[2023-01-11T23:29:48.294+0000] {logging_mixin.py:137} INFO - [2023-01-11T23:29:48.294+0000] {dagbag.py:538} INFO - Filling up the DagBag from /opt/airflow/dags/cash_flow.py
[2023-01-11T23:29:48.530+0000] {processor.py:753} INFO - DAG(s) dict_keys(['cash_flow_v1']) retrieved from /opt/airflow/dags/cash_flow.py
[2023-01-11T23:29:48.562+0000] {logging_mixin.py:137} INFO - [2023-01-11T23:29:48.561+0000] {dag.py:2676} INFO - Sync 1 DAGs
[2023-01-11T23:29:48.587+0000] {logging_mixin.py:137} INFO - [2023-01-11T23:29:48.587+0000] {dag.py:3427} INFO - Setting next_dagrun for cash_flow_v1 to 2023-02-01T10:00:00+00:00, run_after=2023-05-01T10:00:00+00:00
[2023-01-11T23:29:48.637+0000] {processor.py:175} INFO - Processing /opt/airflow/dags/cash_flow.py took 0.370 seconds
[2023-01-11T23:30:19.516+0000] {processor.py:153} INFO - Started process (PID=1589) to work on /opt/airflow/dags/cash_flow.py
[2023-01-11T23:30:19.517+0000] {processor.py:743} INFO - Processing file /opt/airflow/dags/cash_flow.py for tasks to queue
[2023-01-11T23:30:19.517+0000] {logging_mixin.py:137} INFO - [2023-01-11T23:30:19.517+0000] {dagbag.py:538} INFO - Filling up the DagBag from /opt/airflow/dags/cash_flow.py
[2023-01-11T23:30:19.773+0000] {processor.py:753} INFO - DAG(s) dict_keys(['cash_flow_v1']) retrieved from /opt/airflow/dags/cash_flow.py
[2023-01-11T23:30:19.805+0000] {logging_mixin.py:137} INFO - [2023-01-11T23:30:19.804+0000] {dag.py:2676} INFO - Sync 1 DAGs
[2023-01-11T23:30:19.829+0000] {logging_mixin.py:137} INFO - [2023-01-11T23:30:19.829+0000] {dag.py:3427} INFO - Setting next_dagrun for cash_flow_v1 to 2023-02-01T10:00:00+00:00, run_after=2023-05-01T10:00:00+00:00
[2023-01-11T23:30:19.871+0000] {processor.py:175} INFO - Processing /opt/airflow/dags/cash_flow.py took 0.358 seconds
[2023-01-11T23:30:50.596+0000] {processor.py:153} INFO - Started process (PID=1657) to work on /opt/airflow/dags/cash_flow.py
[2023-01-11T23:30:50.620+0000] {processor.py:743} INFO - Processing file /opt/airflow/dags/cash_flow.py for tasks to queue
[2023-01-11T23:30:50.621+0000] {logging_mixin.py:137} INFO - [2023-01-11T23:30:50.621+0000] {dagbag.py:538} INFO - Filling up the DagBag from /opt/airflow/dags/cash_flow.py
[2023-01-11T23:30:50.858+0000] {processor.py:753} INFO - DAG(s) dict_keys(['cash_flow_v1']) retrieved from /opt/airflow/dags/cash_flow.py
[2023-01-11T23:30:50.887+0000] {logging_mixin.py:137} INFO - [2023-01-11T23:30:50.886+0000] {dag.py:2676} INFO - Sync 1 DAGs
[2023-01-11T23:30:50.909+0000] {logging_mixin.py:137} INFO - [2023-01-11T23:30:50.909+0000] {dag.py:3427} INFO - Setting next_dagrun for cash_flow_v1 to 2023-02-01T10:00:00+00:00, run_after=2023-05-01T10:00:00+00:00
[2023-01-11T23:30:50.961+0000] {processor.py:175} INFO - Processing /opt/airflow/dags/cash_flow.py took 0.368 seconds
[2023-01-11T23:31:21.149+0000] {processor.py:153} INFO - Started process (PID=1734) to work on /opt/airflow/dags/cash_flow.py
[2023-01-11T23:31:21.150+0000] {processor.py:743} INFO - Processing file /opt/airflow/dags/cash_flow.py for tasks to queue
[2023-01-11T23:31:21.150+0000] {logging_mixin.py:137} INFO - [2023-01-11T23:31:21.150+0000] {dagbag.py:538} INFO - Filling up the DagBag from /opt/airflow/dags/cash_flow.py
[2023-01-11T23:31:21.437+0000] {processor.py:753} INFO - DAG(s) dict_keys(['cash_flow_v1']) retrieved from /opt/airflow/dags/cash_flow.py
[2023-01-11T23:31:21.505+0000] {logging_mixin.py:137} INFO - [2023-01-11T23:31:21.505+0000] {dag.py:2676} INFO - Sync 1 DAGs
[2023-01-11T23:31:21.538+0000] {logging_mixin.py:137} INFO - [2023-01-11T23:31:21.538+0000] {dag.py:3427} INFO - Setting next_dagrun for cash_flow_v1 to 2023-02-01T10:00:00+00:00, run_after=2023-05-01T10:00:00+00:00
[2023-01-11T23:31:21.889+0000] {processor.py:175} INFO - Processing /opt/airflow/dags/cash_flow.py took 0.743 seconds
[2023-01-11T23:31:52.476+0000] {processor.py:153} INFO - Started process (PID=1813) to work on /opt/airflow/dags/cash_flow.py
[2023-01-11T23:31:52.535+0000] {processor.py:743} INFO - Processing file /opt/airflow/dags/cash_flow.py for tasks to queue
[2023-01-11T23:31:52.537+0000] {logging_mixin.py:137} INFO - [2023-01-11T23:31:52.536+0000] {dagbag.py:538} INFO - Filling up the DagBag from /opt/airflow/dags/cash_flow.py
[2023-01-11T23:31:52.854+0000] {processor.py:753} INFO - DAG(s) dict_keys(['cash_flow_v1']) retrieved from /opt/airflow/dags/cash_flow.py
[2023-01-11T23:31:52.887+0000] {logging_mixin.py:137} INFO - [2023-01-11T23:31:52.887+0000] {dag.py:2676} INFO - Sync 1 DAGs
[2023-01-11T23:31:52.917+0000] {logging_mixin.py:137} INFO - [2023-01-11T23:31:52.917+0000] {dag.py:3427} INFO - Setting next_dagrun for cash_flow_v1 to 2023-02-01T10:00:00+00:00, run_after=2023-05-01T10:00:00+00:00
[2023-01-11T23:31:53.095+0000] {processor.py:175} INFO - Processing /opt/airflow/dags/cash_flow.py took 0.620 seconds
[2023-01-11T23:32:23.182+0000] {processor.py:153} INFO - Started process (PID=1890) to work on /opt/airflow/dags/cash_flow.py
[2023-01-11T23:32:23.183+0000] {processor.py:743} INFO - Processing file /opt/airflow/dags/cash_flow.py for tasks to queue
[2023-01-11T23:32:23.184+0000] {logging_mixin.py:137} INFO - [2023-01-11T23:32:23.183+0000] {dagbag.py:538} INFO - Filling up the DagBag from /opt/airflow/dags/cash_flow.py
[2023-01-11T23:32:23.463+0000] {processor.py:753} INFO - DAG(s) dict_keys(['cash_flow_v1']) retrieved from /opt/airflow/dags/cash_flow.py
[2023-01-11T23:32:23.498+0000] {logging_mixin.py:137} INFO - [2023-01-11T23:32:23.498+0000] {dag.py:2676} INFO - Sync 1 DAGs
[2023-01-11T23:32:23.531+0000] {logging_mixin.py:137} INFO - [2023-01-11T23:32:23.531+0000] {dag.py:3427} INFO - Setting next_dagrun for cash_flow_v1 to 2023-02-01T10:00:00+00:00, run_after=2023-05-01T10:00:00+00:00
[2023-01-11T23:32:23.589+0000] {processor.py:175} INFO - Processing /opt/airflow/dags/cash_flow.py took 0.410 seconds
[2023-01-11T23:32:53.874+0000] {processor.py:153} INFO - Started process (PID=1969) to work on /opt/airflow/dags/cash_flow.py
[2023-01-11T23:32:53.875+0000] {processor.py:743} INFO - Processing file /opt/airflow/dags/cash_flow.py for tasks to queue
[2023-01-11T23:32:53.876+0000] {logging_mixin.py:137} INFO - [2023-01-11T23:32:53.876+0000] {dagbag.py:538} INFO - Filling up the DagBag from /opt/airflow/dags/cash_flow.py
[2023-01-11T23:32:54.126+0000] {processor.py:753} INFO - DAG(s) dict_keys(['cash_flow_v1']) retrieved from /opt/airflow/dags/cash_flow.py
[2023-01-11T23:32:54.159+0000] {logging_mixin.py:137} INFO - [2023-01-11T23:32:54.159+0000] {dag.py:2676} INFO - Sync 1 DAGs
[2023-01-11T23:32:54.186+0000] {logging_mixin.py:137} INFO - [2023-01-11T23:32:54.186+0000] {dag.py:3427} INFO - Setting next_dagrun for cash_flow_v1 to 2023-02-01T10:00:00+00:00, run_after=2023-05-01T10:00:00+00:00
[2023-01-11T23:32:54.278+0000] {processor.py:175} INFO - Processing /opt/airflow/dags/cash_flow.py took 0.406 seconds
