[2023-01-11T13:29:19.377+0000] {processor.py:153} INFO - Started process (PID=125) to work on /opt/airflow/dags/financial_ratio.py
[2023-01-11T13:29:19.378+0000] {processor.py:743} INFO - Processing file /opt/airflow/dags/financial_ratio.py for tasks to queue
[2023-01-11T13:29:19.379+0000] {logging_mixin.py:137} INFO - [2023-01-11T13:29:19.378+0000] {dagbag.py:538} INFO - Filling up the DagBag from /opt/airflow/dags/financial_ratio.py
[2023-01-11T13:29:19.649+0000] {processor.py:753} INFO - DAG(s) dict_keys(['financial_ratio']) retrieved from /opt/airflow/dags/financial_ratio.py
[2023-01-11T13:29:19.839+0000] {logging_mixin.py:137} INFO - [2023-01-11T13:29:19.839+0000] {manager.py:504} INFO - Created Permission View: can read on DAG:financial_ratio
[2023-01-11T13:29:19.875+0000] {logging_mixin.py:137} INFO - [2023-01-11T13:29:19.875+0000] {manager.py:504} INFO - Created Permission View: can edit on DAG:financial_ratio
[2023-01-11T13:29:19.910+0000] {logging_mixin.py:137} INFO - [2023-01-11T13:29:19.910+0000] {manager.py:504} INFO - Created Permission View: can delete on DAG:financial_ratio
[2023-01-11T13:29:19.911+0000] {logging_mixin.py:137} INFO - [2023-01-11T13:29:19.911+0000] {dag.py:2676} INFO - Sync 1 DAGs
[2023-01-11T13:29:19.923+0000] {logging_mixin.py:137} INFO - [2023-01-11T13:29:19.922+0000] {dag.py:2697} INFO - Creating ORM DAG for financial_ratio
[2023-01-11T13:29:19.935+0000] {logging_mixin.py:137} INFO - [2023-01-11T13:29:19.934+0000] {dag.py:3427} INFO - Setting next_dagrun for financial_ratio to 2023-02-01T10:00:00+00:00, run_after=2023-05-01T10:00:00+00:00
[2023-01-11T13:29:19.987+0000] {processor.py:175} INFO - Processing /opt/airflow/dags/financial_ratio.py took 0.612 seconds
[2023-01-11T13:29:50.451+0000] {processor.py:153} INFO - Started process (PID=212) to work on /opt/airflow/dags/financial_ratio.py
[2023-01-11T13:29:50.460+0000] {processor.py:743} INFO - Processing file /opt/airflow/dags/financial_ratio.py for tasks to queue
[2023-01-11T13:29:50.461+0000] {logging_mixin.py:137} INFO - [2023-01-11T13:29:50.461+0000] {dagbag.py:538} INFO - Filling up the DagBag from /opt/airflow/dags/financial_ratio.py
[2023-01-11T13:29:50.741+0000] {processor.py:753} INFO - DAG(s) dict_keys(['financial_ratio']) retrieved from /opt/airflow/dags/financial_ratio.py
[2023-01-11T13:29:50.779+0000] {logging_mixin.py:137} INFO - [2023-01-11T13:29:50.779+0000] {dag.py:2676} INFO - Sync 1 DAGs
[2023-01-11T13:29:50.808+0000] {logging_mixin.py:137} INFO - [2023-01-11T13:29:50.808+0000] {dag.py:3427} INFO - Setting next_dagrun for financial_ratio to 2023-02-01T10:00:00+00:00, run_after=2023-05-01T10:00:00+00:00
[2023-01-11T13:29:50.870+0000] {processor.py:175} INFO - Processing /opt/airflow/dags/financial_ratio.py took 0.423 seconds
[2023-01-11T13:30:21.505+0000] {processor.py:153} INFO - Started process (PID=280) to work on /opt/airflow/dags/financial_ratio.py
[2023-01-11T13:30:21.514+0000] {processor.py:743} INFO - Processing file /opt/airflow/dags/financial_ratio.py for tasks to queue
[2023-01-11T13:30:21.515+0000] {logging_mixin.py:137} INFO - [2023-01-11T13:30:21.515+0000] {dagbag.py:538} INFO - Filling up the DagBag from /opt/airflow/dags/financial_ratio.py
[2023-01-11T13:30:21.786+0000] {processor.py:753} INFO - DAG(s) dict_keys(['financial_ratio']) retrieved from /opt/airflow/dags/financial_ratio.py
[2023-01-11T13:30:21.819+0000] {logging_mixin.py:137} INFO - [2023-01-11T13:30:21.819+0000] {dag.py:2676} INFO - Sync 1 DAGs
[2023-01-11T13:30:21.844+0000] {logging_mixin.py:137} INFO - [2023-01-11T13:30:21.843+0000] {dag.py:3427} INFO - Setting next_dagrun for financial_ratio to 2023-02-01T10:00:00+00:00, run_after=2023-05-01T10:00:00+00:00
[2023-01-11T13:30:21.886+0000] {processor.py:175} INFO - Processing /opt/airflow/dags/financial_ratio.py took 0.383 seconds
[2023-01-11T13:30:53.029+0000] {processor.py:153} INFO - Started process (PID=369) to work on /opt/airflow/dags/financial_ratio.py
[2023-01-11T13:30:53.045+0000] {processor.py:743} INFO - Processing file /opt/airflow/dags/financial_ratio.py for tasks to queue
[2023-01-11T13:30:53.045+0000] {logging_mixin.py:137} INFO - [2023-01-11T13:30:53.045+0000] {dagbag.py:538} INFO - Filling up the DagBag from /opt/airflow/dags/financial_ratio.py
[2023-01-11T13:30:53.408+0000] {processor.py:753} INFO - DAG(s) dict_keys(['financial_ratio']) retrieved from /opt/airflow/dags/financial_ratio.py
[2023-01-11T13:30:53.463+0000] {logging_mixin.py:137} INFO - [2023-01-11T13:30:53.462+0000] {dag.py:2676} INFO - Sync 1 DAGs
[2023-01-11T13:30:53.533+0000] {logging_mixin.py:137} INFO - [2023-01-11T13:30:53.533+0000] {dag.py:3427} INFO - Setting next_dagrun for financial_ratio to 2023-02-01T10:00:00+00:00, run_after=2023-05-01T10:00:00+00:00
[2023-01-11T13:30:53.580+0000] {processor.py:175} INFO - Processing /opt/airflow/dags/financial_ratio.py took 0.554 seconds
[2023-01-11T13:31:23.662+0000] {processor.py:153} INFO - Started process (PID=437) to work on /opt/airflow/dags/financial_ratio.py
[2023-01-11T13:31:23.681+0000] {processor.py:743} INFO - Processing file /opt/airflow/dags/financial_ratio.py for tasks to queue
[2023-01-11T13:31:23.682+0000] {logging_mixin.py:137} INFO - [2023-01-11T13:31:23.682+0000] {dagbag.py:538} INFO - Filling up the DagBag from /opt/airflow/dags/financial_ratio.py
[2023-01-11T13:31:23.929+0000] {processor.py:753} INFO - DAG(s) dict_keys(['financial_ratio']) retrieved from /opt/airflow/dags/financial_ratio.py
[2023-01-11T13:31:23.961+0000] {logging_mixin.py:137} INFO - [2023-01-11T13:31:23.960+0000] {dag.py:2676} INFO - Sync 1 DAGs
[2023-01-11T13:31:23.992+0000] {logging_mixin.py:137} INFO - [2023-01-11T13:31:23.992+0000] {dag.py:3427} INFO - Setting next_dagrun for financial_ratio to 2023-02-01T10:00:00+00:00, run_after=2023-05-01T10:00:00+00:00
[2023-01-11T13:31:24.052+0000] {processor.py:175} INFO - Processing /opt/airflow/dags/financial_ratio.py took 0.393 seconds
[2023-01-11T13:31:54.191+0000] {processor.py:153} INFO - Started process (PID=514) to work on /opt/airflow/dags/financial_ratio.py
[2023-01-11T13:31:54.192+0000] {processor.py:743} INFO - Processing file /opt/airflow/dags/financial_ratio.py for tasks to queue
[2023-01-11T13:31:54.192+0000] {logging_mixin.py:137} INFO - [2023-01-11T13:31:54.192+0000] {dagbag.py:538} INFO - Filling up the DagBag from /opt/airflow/dags/financial_ratio.py
[2023-01-11T13:31:54.485+0000] {processor.py:753} INFO - DAG(s) dict_keys(['financial_ratio']) retrieved from /opt/airflow/dags/financial_ratio.py
[2023-01-11T13:31:54.552+0000] {logging_mixin.py:137} INFO - [2023-01-11T13:31:54.551+0000] {dag.py:2676} INFO - Sync 1 DAGs
[2023-01-11T13:31:54.611+0000] {logging_mixin.py:137} INFO - [2023-01-11T13:31:54.611+0000] {dag.py:3427} INFO - Setting next_dagrun for financial_ratio to 2023-02-01T10:00:00+00:00, run_after=2023-05-01T10:00:00+00:00
[2023-01-11T13:31:54.678+0000] {processor.py:175} INFO - Processing /opt/airflow/dags/financial_ratio.py took 0.490 seconds
[2023-01-11T13:32:25.679+0000] {processor.py:153} INFO - Started process (PID=593) to work on /opt/airflow/dags/financial_ratio.py
[2023-01-11T13:32:25.680+0000] {processor.py:743} INFO - Processing file /opt/airflow/dags/financial_ratio.py for tasks to queue
[2023-01-11T13:32:25.680+0000] {logging_mixin.py:137} INFO - [2023-01-11T13:32:25.680+0000] {dagbag.py:538} INFO - Filling up the DagBag from /opt/airflow/dags/financial_ratio.py
[2023-01-11T13:32:25.909+0000] {processor.py:753} INFO - DAG(s) dict_keys(['financial_ratio']) retrieved from /opt/airflow/dags/financial_ratio.py
[2023-01-11T13:32:25.942+0000] {logging_mixin.py:137} INFO - [2023-01-11T13:32:25.941+0000] {dag.py:2676} INFO - Sync 1 DAGs
[2023-01-11T13:32:25.964+0000] {logging_mixin.py:137} INFO - [2023-01-11T13:32:25.964+0000] {dag.py:3427} INFO - Setting next_dagrun for financial_ratio to 2023-02-01T10:00:00+00:00, run_after=2023-05-01T10:00:00+00:00
[2023-01-11T13:32:26.010+0000] {processor.py:175} INFO - Processing /opt/airflow/dags/financial_ratio.py took 0.333 seconds
[2023-01-11T13:32:56.690+0000] {processor.py:153} INFO - Started process (PID=661) to work on /opt/airflow/dags/financial_ratio.py
[2023-01-11T13:32:56.691+0000] {processor.py:743} INFO - Processing file /opt/airflow/dags/financial_ratio.py for tasks to queue
[2023-01-11T13:32:56.692+0000] {logging_mixin.py:137} INFO - [2023-01-11T13:32:56.692+0000] {dagbag.py:538} INFO - Filling up the DagBag from /opt/airflow/dags/financial_ratio.py
[2023-01-11T13:32:56.959+0000] {processor.py:753} INFO - DAG(s) dict_keys(['financial_ratio']) retrieved from /opt/airflow/dags/financial_ratio.py
[2023-01-11T13:32:57.031+0000] {logging_mixin.py:137} INFO - [2023-01-11T13:32:57.030+0000] {dag.py:2676} INFO - Sync 1 DAGs
[2023-01-11T13:32:57.078+0000] {logging_mixin.py:137} INFO - [2023-01-11T13:32:57.078+0000] {dag.py:3427} INFO - Setting next_dagrun for financial_ratio to 2023-02-01T10:00:00+00:00, run_after=2023-05-01T10:00:00+00:00
[2023-01-11T13:32:57.159+0000] {processor.py:175} INFO - Processing /opt/airflow/dags/financial_ratio.py took 0.472 seconds
[2023-01-11T13:33:27.228+0000] {processor.py:153} INFO - Started process (PID=749) to work on /opt/airflow/dags/financial_ratio.py
[2023-01-11T13:33:27.229+0000] {processor.py:743} INFO - Processing file /opt/airflow/dags/financial_ratio.py for tasks to queue
[2023-01-11T13:33:27.229+0000] {logging_mixin.py:137} INFO - [2023-01-11T13:33:27.229+0000] {dagbag.py:538} INFO - Filling up the DagBag from /opt/airflow/dags/financial_ratio.py
[2023-01-11T13:33:27.512+0000] {processor.py:753} INFO - DAG(s) dict_keys(['financial_ratio']) retrieved from /opt/airflow/dags/financial_ratio.py
[2023-01-11T13:33:27.565+0000] {logging_mixin.py:137} INFO - [2023-01-11T13:33:27.564+0000] {dag.py:2676} INFO - Sync 1 DAGs
[2023-01-11T13:33:27.605+0000] {logging_mixin.py:137} INFO - [2023-01-11T13:33:27.604+0000] {dag.py:3427} INFO - Setting next_dagrun for financial_ratio to 2023-02-01T10:00:00+00:00, run_after=2023-05-01T10:00:00+00:00
[2023-01-11T13:33:27.698+0000] {processor.py:175} INFO - Processing /opt/airflow/dags/financial_ratio.py took 0.473 seconds
[2023-01-11T13:33:58.577+0000] {processor.py:153} INFO - Started process (PID=817) to work on /opt/airflow/dags/financial_ratio.py
[2023-01-11T13:33:58.578+0000] {processor.py:743} INFO - Processing file /opt/airflow/dags/financial_ratio.py for tasks to queue
[2023-01-11T13:33:58.578+0000] {logging_mixin.py:137} INFO - [2023-01-11T13:33:58.578+0000] {dagbag.py:538} INFO - Filling up the DagBag from /opt/airflow/dags/financial_ratio.py
[2023-01-11T13:33:58.856+0000] {processor.py:753} INFO - DAG(s) dict_keys(['financial_ratio']) retrieved from /opt/airflow/dags/financial_ratio.py
[2023-01-11T13:33:58.893+0000] {logging_mixin.py:137} INFO - [2023-01-11T13:33:58.892+0000] {dag.py:2676} INFO - Sync 1 DAGs
[2023-01-11T13:33:58.916+0000] {logging_mixin.py:137} INFO - [2023-01-11T13:33:58.916+0000] {dag.py:3427} INFO - Setting next_dagrun for financial_ratio to 2023-02-01T10:00:00+00:00, run_after=2023-05-01T10:00:00+00:00
[2023-01-11T13:33:58.991+0000] {processor.py:175} INFO - Processing /opt/airflow/dags/financial_ratio.py took 0.416 seconds
[2023-01-11T13:34:29.280+0000] {processor.py:153} INFO - Started process (PID=906) to work on /opt/airflow/dags/financial_ratio.py
[2023-01-11T13:34:29.281+0000] {processor.py:743} INFO - Processing file /opt/airflow/dags/financial_ratio.py for tasks to queue
[2023-01-11T13:34:29.281+0000] {logging_mixin.py:137} INFO - [2023-01-11T13:34:29.281+0000] {dagbag.py:538} INFO - Filling up the DagBag from /opt/airflow/dags/financial_ratio.py
[2023-01-11T13:34:29.508+0000] {processor.py:753} INFO - DAG(s) dict_keys(['financial_ratio']) retrieved from /opt/airflow/dags/financial_ratio.py
[2023-01-11T13:34:29.537+0000] {logging_mixin.py:137} INFO - [2023-01-11T13:34:29.537+0000] {dag.py:2676} INFO - Sync 1 DAGs
[2023-01-11T13:34:29.560+0000] {logging_mixin.py:137} INFO - [2023-01-11T13:34:29.560+0000] {dag.py:3427} INFO - Setting next_dagrun for financial_ratio to 2023-02-01T10:00:00+00:00, run_after=2023-05-01T10:00:00+00:00
[2023-01-11T13:34:29.603+0000] {processor.py:175} INFO - Processing /opt/airflow/dags/financial_ratio.py took 0.325 seconds
[2023-01-11T13:36:36.072+0000] {processor.py:153} INFO - Started process (PID=103) to work on /opt/airflow/dags/financial_ratio.py
[2023-01-11T13:36:36.073+0000] {processor.py:743} INFO - Processing file /opt/airflow/dags/financial_ratio.py for tasks to queue
[2023-01-11T13:36:36.074+0000] {logging_mixin.py:137} INFO - [2023-01-11T13:36:36.074+0000] {dagbag.py:538} INFO - Filling up the DagBag from /opt/airflow/dags/financial_ratio.py
[2023-01-11T13:36:36.372+0000] {processor.py:753} INFO - DAG(s) dict_keys(['financial_ratio']) retrieved from /opt/airflow/dags/financial_ratio.py
[2023-01-11T13:36:36.453+0000] {logging_mixin.py:137} INFO - [2023-01-11T13:36:36.453+0000] {dag.py:2676} INFO - Sync 1 DAGs
[2023-01-11T13:36:36.481+0000] {logging_mixin.py:137} INFO - [2023-01-11T13:36:36.481+0000] {dag.py:3427} INFO - Setting next_dagrun for financial_ratio to 2023-02-01T10:00:00+00:00, run_after=2023-05-01T10:00:00+00:00
[2023-01-11T13:36:36.541+0000] {processor.py:175} INFO - Processing /opt/airflow/dags/financial_ratio.py took 0.472 seconds
[2023-01-11T13:37:06.677+0000] {processor.py:153} INFO - Started process (PID=171) to work on /opt/airflow/dags/financial_ratio.py
[2023-01-11T13:37:06.678+0000] {processor.py:743} INFO - Processing file /opt/airflow/dags/financial_ratio.py for tasks to queue
[2023-01-11T13:37:06.679+0000] {logging_mixin.py:137} INFO - [2023-01-11T13:37:06.678+0000] {dagbag.py:538} INFO - Filling up the DagBag from /opt/airflow/dags/financial_ratio.py
[2023-01-11T13:37:06.935+0000] {processor.py:753} INFO - DAG(s) dict_keys(['financial_ratio']) retrieved from /opt/airflow/dags/financial_ratio.py
[2023-01-11T13:37:06.974+0000] {logging_mixin.py:137} INFO - [2023-01-11T13:37:06.974+0000] {dag.py:2676} INFO - Sync 1 DAGs
[2023-01-11T13:37:07.009+0000] {logging_mixin.py:137} INFO - [2023-01-11T13:37:07.008+0000] {dag.py:3427} INFO - Setting next_dagrun for financial_ratio to 2023-02-01T10:00:00+00:00, run_after=2023-05-01T10:00:00+00:00
[2023-01-11T13:37:07.098+0000] {processor.py:175} INFO - Processing /opt/airflow/dags/financial_ratio.py took 0.423 seconds
[2023-01-11T13:37:38.579+0000] {processor.py:153} INFO - Started process (PID=258) to work on /opt/airflow/dags/financial_ratio.py
[2023-01-11T13:37:38.588+0000] {processor.py:743} INFO - Processing file /opt/airflow/dags/financial_ratio.py for tasks to queue
[2023-01-11T13:37:38.589+0000] {logging_mixin.py:137} INFO - [2023-01-11T13:37:38.589+0000] {dagbag.py:538} INFO - Filling up the DagBag from /opt/airflow/dags/financial_ratio.py
[2023-01-11T13:37:38.911+0000] {processor.py:753} INFO - DAG(s) dict_keys(['financial_ratio']) retrieved from /opt/airflow/dags/financial_ratio.py
[2023-01-11T13:37:38.951+0000] {logging_mixin.py:137} INFO - [2023-01-11T13:37:38.951+0000] {dag.py:2676} INFO - Sync 1 DAGs
[2023-01-11T13:37:38.983+0000] {logging_mixin.py:137} INFO - [2023-01-11T13:37:38.983+0000] {dag.py:3427} INFO - Setting next_dagrun for financial_ratio to 2023-02-01T10:00:00+00:00, run_after=2023-05-01T10:00:00+00:00
[2023-01-11T13:37:39.037+0000] {processor.py:175} INFO - Processing /opt/airflow/dags/financial_ratio.py took 0.461 seconds
[2023-01-11T13:38:09.539+0000] {processor.py:153} INFO - Started process (PID=325) to work on /opt/airflow/dags/financial_ratio.py
[2023-01-11T13:38:09.540+0000] {processor.py:743} INFO - Processing file /opt/airflow/dags/financial_ratio.py for tasks to queue
[2023-01-11T13:38:09.540+0000] {logging_mixin.py:137} INFO - [2023-01-11T13:38:09.540+0000] {dagbag.py:538} INFO - Filling up the DagBag from /opt/airflow/dags/financial_ratio.py
[2023-01-11T13:38:09.785+0000] {processor.py:753} INFO - DAG(s) dict_keys(['financial_ratio']) retrieved from /opt/airflow/dags/financial_ratio.py
[2023-01-11T13:38:09.814+0000] {logging_mixin.py:137} INFO - [2023-01-11T13:38:09.814+0000] {dag.py:2676} INFO - Sync 1 DAGs
[2023-01-11T13:38:09.837+0000] {logging_mixin.py:137} INFO - [2023-01-11T13:38:09.837+0000] {dag.py:3427} INFO - Setting next_dagrun for financial_ratio to 2023-02-01T10:00:00+00:00, run_after=2023-05-01T10:00:00+00:00
[2023-01-11T13:38:09.893+0000] {processor.py:175} INFO - Processing /opt/airflow/dags/financial_ratio.py took 0.356 seconds
[2023-01-11T13:40:07.970+0000] {processor.py:153} INFO - Started process (PID=83) to work on /opt/airflow/dags/financial_ratio.py
[2023-01-11T13:40:07.976+0000] {processor.py:743} INFO - Processing file /opt/airflow/dags/financial_ratio.py for tasks to queue
[2023-01-11T13:40:07.977+0000] {logging_mixin.py:137} INFO - [2023-01-11T13:40:07.977+0000] {dagbag.py:538} INFO - Filling up the DagBag from /opt/airflow/dags/financial_ratio.py
[2023-01-11T13:40:08.341+0000] {processor.py:753} INFO - DAG(s) dict_keys(['financial_ratio']) retrieved from /opt/airflow/dags/financial_ratio.py
[2023-01-11T13:40:08.455+0000] {logging_mixin.py:137} INFO - [2023-01-11T13:40:08.454+0000] {dag.py:2676} INFO - Sync 1 DAGs
[2023-01-11T13:40:08.503+0000] {logging_mixin.py:137} INFO - [2023-01-11T13:40:08.503+0000] {dag.py:3427} INFO - Setting next_dagrun for financial_ratio to 2023-02-01T10:00:00+00:00, run_after=2023-05-01T10:00:00+00:00
[2023-01-11T13:40:08.567+0000] {processor.py:175} INFO - Processing /opt/airflow/dags/financial_ratio.py took 0.600 seconds
[2023-01-11T13:40:39.469+0000] {processor.py:153} INFO - Started process (PID=171) to work on /opt/airflow/dags/financial_ratio.py
[2023-01-11T13:40:39.470+0000] {processor.py:743} INFO - Processing file /opt/airflow/dags/financial_ratio.py for tasks to queue
[2023-01-11T13:40:39.471+0000] {logging_mixin.py:137} INFO - [2023-01-11T13:40:39.470+0000] {dagbag.py:538} INFO - Filling up the DagBag from /opt/airflow/dags/financial_ratio.py
[2023-01-11T13:40:39.864+0000] {processor.py:753} INFO - DAG(s) dict_keys(['financial_ratio']) retrieved from /opt/airflow/dags/financial_ratio.py
[2023-01-11T13:40:39.906+0000] {logging_mixin.py:137} INFO - [2023-01-11T13:40:39.905+0000] {dag.py:2676} INFO - Sync 1 DAGs
[2023-01-11T13:40:39.936+0000] {logging_mixin.py:137} INFO - [2023-01-11T13:40:39.936+0000] {dag.py:3427} INFO - Setting next_dagrun for financial_ratio to 2023-02-01T10:00:00+00:00, run_after=2023-05-01T10:00:00+00:00
[2023-01-11T13:40:39.985+0000] {processor.py:175} INFO - Processing /opt/airflow/dags/financial_ratio.py took 0.519 seconds
[2023-01-11T13:41:10.770+0000] {processor.py:153} INFO - Started process (PID=239) to work on /opt/airflow/dags/financial_ratio.py
[2023-01-11T13:41:10.771+0000] {processor.py:743} INFO - Processing file /opt/airflow/dags/financial_ratio.py for tasks to queue
[2023-01-11T13:41:10.771+0000] {logging_mixin.py:137} INFO - [2023-01-11T13:41:10.771+0000] {dagbag.py:538} INFO - Filling up the DagBag from /opt/airflow/dags/financial_ratio.py
[2023-01-11T13:41:11.010+0000] {processor.py:753} INFO - DAG(s) dict_keys(['financial_ratio']) retrieved from /opt/airflow/dags/financial_ratio.py
[2023-01-11T13:41:11.043+0000] {logging_mixin.py:137} INFO - [2023-01-11T13:41:11.043+0000] {dag.py:2676} INFO - Sync 1 DAGs
[2023-01-11T13:41:11.068+0000] {logging_mixin.py:137} INFO - [2023-01-11T13:41:11.068+0000] {dag.py:3427} INFO - Setting next_dagrun for financial_ratio to 2023-02-01T10:00:00+00:00, run_after=2023-05-01T10:00:00+00:00
[2023-01-11T13:41:11.120+0000] {processor.py:175} INFO - Processing /opt/airflow/dags/financial_ratio.py took 0.353 seconds
[2023-01-11T13:41:42.073+0000] {processor.py:153} INFO - Started process (PID=316) to work on /opt/airflow/dags/financial_ratio.py
[2023-01-11T13:41:42.087+0000] {processor.py:743} INFO - Processing file /opt/airflow/dags/financial_ratio.py for tasks to queue
[2023-01-11T13:41:42.088+0000] {logging_mixin.py:137} INFO - [2023-01-11T13:41:42.088+0000] {dagbag.py:538} INFO - Filling up the DagBag from /opt/airflow/dags/financial_ratio.py
[2023-01-11T13:41:42.447+0000] {processor.py:753} INFO - DAG(s) dict_keys(['financial_ratio']) retrieved from /opt/airflow/dags/financial_ratio.py
[2023-01-11T13:41:42.487+0000] {logging_mixin.py:137} INFO - [2023-01-11T13:41:42.486+0000] {dag.py:2676} INFO - Sync 1 DAGs
[2023-01-11T13:41:42.524+0000] {logging_mixin.py:137} INFO - [2023-01-11T13:41:42.524+0000] {dag.py:3427} INFO - Setting next_dagrun for financial_ratio to 2023-02-01T10:00:00+00:00, run_after=2023-05-01T10:00:00+00:00
[2023-01-11T13:41:42.604+0000] {processor.py:175} INFO - Processing /opt/airflow/dags/financial_ratio.py took 0.534 seconds
[2023-01-11T13:42:13.289+0000] {processor.py:153} INFO - Started process (PID=395) to work on /opt/airflow/dags/financial_ratio.py
[2023-01-11T13:42:13.290+0000] {processor.py:743} INFO - Processing file /opt/airflow/dags/financial_ratio.py for tasks to queue
[2023-01-11T13:42:13.290+0000] {logging_mixin.py:137} INFO - [2023-01-11T13:42:13.290+0000] {dagbag.py:538} INFO - Filling up the DagBag from /opt/airflow/dags/financial_ratio.py
[2023-01-11T13:42:13.589+0000] {processor.py:753} INFO - DAG(s) dict_keys(['financial_ratio']) retrieved from /opt/airflow/dags/financial_ratio.py
[2023-01-11T13:42:13.621+0000] {logging_mixin.py:137} INFO - [2023-01-11T13:42:13.620+0000] {dag.py:2676} INFO - Sync 1 DAGs
[2023-01-11T13:42:13.645+0000] {logging_mixin.py:137} INFO - [2023-01-11T13:42:13.645+0000] {dag.py:3427} INFO - Setting next_dagrun for financial_ratio to 2023-02-01T10:00:00+00:00, run_after=2023-05-01T10:00:00+00:00
[2023-01-11T13:42:13.687+0000] {processor.py:175} INFO - Processing /opt/airflow/dags/financial_ratio.py took 0.400 seconds
[2023-01-11T13:42:44.299+0000] {processor.py:153} INFO - Started process (PID=463) to work on /opt/airflow/dags/financial_ratio.py
[2023-01-11T13:42:44.315+0000] {processor.py:743} INFO - Processing file /opt/airflow/dags/financial_ratio.py for tasks to queue
[2023-01-11T13:42:44.316+0000] {logging_mixin.py:137} INFO - [2023-01-11T13:42:44.316+0000] {dagbag.py:538} INFO - Filling up the DagBag from /opt/airflow/dags/financial_ratio.py
[2023-01-11T13:42:44.698+0000] {processor.py:753} INFO - DAG(s) dict_keys(['financial_ratio']) retrieved from /opt/airflow/dags/financial_ratio.py
[2023-01-11T13:42:44.746+0000] {logging_mixin.py:137} INFO - [2023-01-11T13:42:44.745+0000] {dag.py:2676} INFO - Sync 1 DAGs
[2023-01-11T13:42:44.787+0000] {logging_mixin.py:137} INFO - [2023-01-11T13:42:44.787+0000] {dag.py:3427} INFO - Setting next_dagrun for financial_ratio to 2023-02-01T10:00:00+00:00, run_after=2023-05-01T10:00:00+00:00
[2023-01-11T13:42:44.906+0000] {processor.py:175} INFO - Processing /opt/airflow/dags/financial_ratio.py took 0.609 seconds
[2023-01-11T23:20:34.356+0000] {processor.py:153} INFO - Started process (PID=143) to work on /opt/airflow/dags/financial_ratio.py
[2023-01-11T23:20:34.513+0000] {processor.py:743} INFO - Processing file /opt/airflow/dags/financial_ratio.py for tasks to queue
[2023-01-11T23:20:34.514+0000] {logging_mixin.py:137} INFO - [2023-01-11T23:20:34.514+0000] {dagbag.py:538} INFO - Filling up the DagBag from /opt/airflow/dags/financial_ratio.py
[2023-01-11T23:20:34.842+0000] {processor.py:753} INFO - DAG(s) dict_keys(['financial_ratio']) retrieved from /opt/airflow/dags/financial_ratio.py
[2023-01-11T23:20:34.923+0000] {logging_mixin.py:137} INFO - [2023-01-11T23:20:34.923+0000] {dag.py:2676} INFO - Sync 1 DAGs
[2023-01-11T23:20:34.950+0000] {logging_mixin.py:137} INFO - [2023-01-11T23:20:34.949+0000] {dag.py:3427} INFO - Setting next_dagrun for financial_ratio to 2023-02-01T10:00:00+00:00, run_after=2023-05-01T10:00:00+00:00
[2023-01-11T23:20:35.318+0000] {processor.py:175} INFO - Processing /opt/airflow/dags/financial_ratio.py took 0.966 seconds
[2023-01-11T23:21:05.375+0000] {processor.py:153} INFO - Started process (PID=211) to work on /opt/airflow/dags/financial_ratio.py
[2023-01-11T23:21:05.408+0000] {processor.py:743} INFO - Processing file /opt/airflow/dags/financial_ratio.py for tasks to queue
[2023-01-11T23:21:05.409+0000] {logging_mixin.py:137} INFO - [2023-01-11T23:21:05.409+0000] {dagbag.py:538} INFO - Filling up the DagBag from /opt/airflow/dags/financial_ratio.py
[2023-01-11T23:21:05.699+0000] {processor.py:753} INFO - DAG(s) dict_keys(['financial_ratio']) retrieved from /opt/airflow/dags/financial_ratio.py
[2023-01-11T23:21:05.743+0000] {logging_mixin.py:137} INFO - [2023-01-11T23:21:05.743+0000] {dag.py:2676} INFO - Sync 1 DAGs
[2023-01-11T23:21:05.787+0000] {logging_mixin.py:137} INFO - [2023-01-11T23:21:05.787+0000] {dag.py:3427} INFO - Setting next_dagrun for financial_ratio to 2023-02-01T10:00:00+00:00, run_after=2023-05-01T10:00:00+00:00
[2023-01-11T23:21:06.063+0000] {processor.py:175} INFO - Processing /opt/airflow/dags/financial_ratio.py took 0.691 seconds
[2023-01-11T23:21:36.281+0000] {processor.py:153} INFO - Started process (PID=299) to work on /opt/airflow/dags/financial_ratio.py
[2023-01-11T23:21:36.285+0000] {processor.py:743} INFO - Processing file /opt/airflow/dags/financial_ratio.py for tasks to queue
[2023-01-11T23:21:36.286+0000] {logging_mixin.py:137} INFO - [2023-01-11T23:21:36.286+0000] {dagbag.py:538} INFO - Filling up the DagBag from /opt/airflow/dags/financial_ratio.py
[2023-01-11T23:21:36.556+0000] {processor.py:753} INFO - DAG(s) dict_keys(['financial_ratio']) retrieved from /opt/airflow/dags/financial_ratio.py
[2023-01-11T23:21:36.592+0000] {logging_mixin.py:137} INFO - [2023-01-11T23:21:36.592+0000] {dag.py:2676} INFO - Sync 1 DAGs
[2023-01-11T23:21:36.617+0000] {logging_mixin.py:137} INFO - [2023-01-11T23:21:36.617+0000] {dag.py:3427} INFO - Setting next_dagrun for financial_ratio to 2023-02-01T10:00:00+00:00, run_after=2023-05-01T10:00:00+00:00
[2023-01-11T23:21:36.695+0000] {processor.py:175} INFO - Processing /opt/airflow/dags/financial_ratio.py took 0.417 seconds
[2023-01-11T23:22:06.799+0000] {processor.py:153} INFO - Started process (PID=367) to work on /opt/airflow/dags/financial_ratio.py
[2023-01-11T23:22:06.800+0000] {processor.py:743} INFO - Processing file /opt/airflow/dags/financial_ratio.py for tasks to queue
[2023-01-11T23:22:06.800+0000] {logging_mixin.py:137} INFO - [2023-01-11T23:22:06.800+0000] {dagbag.py:538} INFO - Filling up the DagBag from /opt/airflow/dags/financial_ratio.py
[2023-01-11T23:22:07.059+0000] {processor.py:753} INFO - DAG(s) dict_keys(['financial_ratio']) retrieved from /opt/airflow/dags/financial_ratio.py
[2023-01-11T23:22:07.090+0000] {logging_mixin.py:137} INFO - [2023-01-11T23:22:07.090+0000] {dag.py:2676} INFO - Sync 1 DAGs
[2023-01-11T23:22:07.115+0000] {logging_mixin.py:137} INFO - [2023-01-11T23:22:07.115+0000] {dag.py:3427} INFO - Setting next_dagrun for financial_ratio to 2023-02-01T10:00:00+00:00, run_after=2023-05-01T10:00:00+00:00
[2023-01-11T23:22:07.161+0000] {processor.py:175} INFO - Processing /opt/airflow/dags/financial_ratio.py took 0.365 seconds
[2023-01-11T23:22:37.295+0000] {processor.py:153} INFO - Started process (PID=434) to work on /opt/airflow/dags/financial_ratio.py
[2023-01-11T23:22:37.296+0000] {processor.py:743} INFO - Processing file /opt/airflow/dags/financial_ratio.py for tasks to queue
[2023-01-11T23:22:37.297+0000] {logging_mixin.py:137} INFO - [2023-01-11T23:22:37.296+0000] {dagbag.py:538} INFO - Filling up the DagBag from /opt/airflow/dags/financial_ratio.py
[2023-01-11T23:22:37.572+0000] {processor.py:753} INFO - DAG(s) dict_keys(['financial_ratio']) retrieved from /opt/airflow/dags/financial_ratio.py
[2023-01-11T23:22:37.604+0000] {logging_mixin.py:137} INFO - [2023-01-11T23:22:37.603+0000] {dag.py:2676} INFO - Sync 1 DAGs
[2023-01-11T23:22:37.626+0000] {logging_mixin.py:137} INFO - [2023-01-11T23:22:37.626+0000] {dag.py:3427} INFO - Setting next_dagrun for financial_ratio to 2023-02-01T10:00:00+00:00, run_after=2023-05-01T10:00:00+00:00
[2023-01-11T23:22:37.742+0000] {processor.py:175} INFO - Processing /opt/airflow/dags/financial_ratio.py took 0.450 seconds
[2023-01-11T23:23:07.883+0000] {processor.py:153} INFO - Started process (PID=522) to work on /opt/airflow/dags/financial_ratio.py
[2023-01-11T23:23:07.883+0000] {processor.py:743} INFO - Processing file /opt/airflow/dags/financial_ratio.py for tasks to queue
[2023-01-11T23:23:07.884+0000] {logging_mixin.py:137} INFO - [2023-01-11T23:23:07.884+0000] {dagbag.py:538} INFO - Filling up the DagBag from /opt/airflow/dags/financial_ratio.py
[2023-01-11T23:23:08.158+0000] {processor.py:753} INFO - DAG(s) dict_keys(['financial_ratio']) retrieved from /opt/airflow/dags/financial_ratio.py
[2023-01-11T23:23:08.192+0000] {logging_mixin.py:137} INFO - [2023-01-11T23:23:08.192+0000] {dag.py:2676} INFO - Sync 1 DAGs
[2023-01-11T23:23:08.219+0000] {logging_mixin.py:137} INFO - [2023-01-11T23:23:08.218+0000] {dag.py:3427} INFO - Setting next_dagrun for financial_ratio to 2023-02-01T10:00:00+00:00, run_after=2023-05-01T10:00:00+00:00
[2023-01-11T23:23:08.278+0000] {processor.py:175} INFO - Processing /opt/airflow/dags/financial_ratio.py took 0.397 seconds
[2023-01-11T23:23:39.346+0000] {processor.py:153} INFO - Started process (PID=591) to work on /opt/airflow/dags/financial_ratio.py
[2023-01-11T23:23:39.347+0000] {processor.py:743} INFO - Processing file /opt/airflow/dags/financial_ratio.py for tasks to queue
[2023-01-11T23:23:39.347+0000] {logging_mixin.py:137} INFO - [2023-01-11T23:23:39.347+0000] {dagbag.py:538} INFO - Filling up the DagBag from /opt/airflow/dags/financial_ratio.py
[2023-01-11T23:23:39.611+0000] {processor.py:753} INFO - DAG(s) dict_keys(['financial_ratio']) retrieved from /opt/airflow/dags/financial_ratio.py
[2023-01-11T23:23:39.656+0000] {logging_mixin.py:137} INFO - [2023-01-11T23:23:39.655+0000] {dag.py:2676} INFO - Sync 1 DAGs
[2023-01-11T23:23:39.706+0000] {logging_mixin.py:137} INFO - [2023-01-11T23:23:39.706+0000] {dag.py:3427} INFO - Setting next_dagrun for financial_ratio to 2023-02-01T10:00:00+00:00, run_after=2023-05-01T10:00:00+00:00
[2023-01-11T23:23:39.903+0000] {processor.py:175} INFO - Processing /opt/airflow/dags/financial_ratio.py took 0.559 seconds
[2023-01-11T23:24:10.062+0000] {processor.py:153} INFO - Started process (PID=678) to work on /opt/airflow/dags/financial_ratio.py
[2023-01-11T23:24:10.213+0000] {processor.py:743} INFO - Processing file /opt/airflow/dags/financial_ratio.py for tasks to queue
[2023-01-11T23:24:10.214+0000] {logging_mixin.py:137} INFO - [2023-01-11T23:24:10.214+0000] {dagbag.py:538} INFO - Filling up the DagBag from /opt/airflow/dags/financial_ratio.py
[2023-01-11T23:24:10.481+0000] {processor.py:753} INFO - DAG(s) dict_keys(['financial_ratio']) retrieved from /opt/airflow/dags/financial_ratio.py
[2023-01-11T23:24:10.514+0000] {logging_mixin.py:137} INFO - [2023-01-11T23:24:10.514+0000] {dag.py:2676} INFO - Sync 1 DAGs
[2023-01-11T23:24:10.541+0000] {logging_mixin.py:137} INFO - [2023-01-11T23:24:10.540+0000] {dag.py:3427} INFO - Setting next_dagrun for financial_ratio to 2023-02-01T10:00:00+00:00, run_after=2023-05-01T10:00:00+00:00
[2023-01-11T23:24:10.585+0000] {processor.py:175} INFO - Processing /opt/airflow/dags/financial_ratio.py took 0.528 seconds
[2023-01-11T23:24:40.735+0000] {processor.py:153} INFO - Started process (PID=746) to work on /opt/airflow/dags/financial_ratio.py
[2023-01-11T23:24:40.735+0000] {processor.py:743} INFO - Processing file /opt/airflow/dags/financial_ratio.py for tasks to queue
[2023-01-11T23:24:40.736+0000] {logging_mixin.py:137} INFO - [2023-01-11T23:24:40.736+0000] {dagbag.py:538} INFO - Filling up the DagBag from /opt/airflow/dags/financial_ratio.py
[2023-01-11T23:24:40.972+0000] {processor.py:753} INFO - DAG(s) dict_keys(['financial_ratio']) retrieved from /opt/airflow/dags/financial_ratio.py
[2023-01-11T23:24:41.004+0000] {logging_mixin.py:137} INFO - [2023-01-11T23:24:41.004+0000] {dag.py:2676} INFO - Sync 1 DAGs
[2023-01-11T23:24:41.028+0000] {logging_mixin.py:137} INFO - [2023-01-11T23:24:41.028+0000] {dag.py:3427} INFO - Setting next_dagrun for financial_ratio to 2023-02-01T10:00:00+00:00, run_after=2023-05-01T10:00:00+00:00
[2023-01-11T23:24:41.081+0000] {processor.py:175} INFO - Processing /opt/airflow/dags/financial_ratio.py took 0.348 seconds
[2023-01-11T23:25:11.754+0000] {processor.py:153} INFO - Started process (PID=835) to work on /opt/airflow/dags/financial_ratio.py
[2023-01-11T23:25:11.799+0000] {processor.py:743} INFO - Processing file /opt/airflow/dags/financial_ratio.py for tasks to queue
[2023-01-11T23:25:11.800+0000] {logging_mixin.py:137} INFO - [2023-01-11T23:25:11.800+0000] {dagbag.py:538} INFO - Filling up the DagBag from /opt/airflow/dags/financial_ratio.py
[2023-01-11T23:25:12.103+0000] {processor.py:753} INFO - DAG(s) dict_keys(['financial_ratio']) retrieved from /opt/airflow/dags/financial_ratio.py
[2023-01-11T23:25:12.142+0000] {logging_mixin.py:137} INFO - [2023-01-11T23:25:12.142+0000] {dag.py:2676} INFO - Sync 1 DAGs
[2023-01-11T23:25:12.171+0000] {logging_mixin.py:137} INFO - [2023-01-11T23:25:12.171+0000] {dag.py:3427} INFO - Setting next_dagrun for financial_ratio to 2023-02-01T10:00:00+00:00, run_after=2023-05-01T10:00:00+00:00
[2023-01-11T23:25:12.382+0000] {processor.py:175} INFO - Processing /opt/airflow/dags/financial_ratio.py took 0.631 seconds
[2023-01-11T23:25:43.152+0000] {processor.py:153} INFO - Started process (PID=903) to work on /opt/airflow/dags/financial_ratio.py
[2023-01-11T23:25:43.153+0000] {processor.py:743} INFO - Processing file /opt/airflow/dags/financial_ratio.py for tasks to queue
[2023-01-11T23:25:43.154+0000] {logging_mixin.py:137} INFO - [2023-01-11T23:25:43.154+0000] {dagbag.py:538} INFO - Filling up the DagBag from /opt/airflow/dags/financial_ratio.py
[2023-01-11T23:25:43.465+0000] {processor.py:753} INFO - DAG(s) dict_keys(['financial_ratio']) retrieved from /opt/airflow/dags/financial_ratio.py
[2023-01-11T23:25:43.499+0000] {logging_mixin.py:137} INFO - [2023-01-11T23:25:43.498+0000] {dag.py:2676} INFO - Sync 1 DAGs
[2023-01-11T23:25:43.524+0000] {logging_mixin.py:137} INFO - [2023-01-11T23:25:43.524+0000] {dag.py:3427} INFO - Setting next_dagrun for financial_ratio to 2023-02-01T10:00:00+00:00, run_after=2023-05-01T10:00:00+00:00
[2023-01-11T23:25:44.118+0000] {processor.py:175} INFO - Processing /opt/airflow/dags/financial_ratio.py took 0.969 seconds
[2023-01-11T23:26:14.817+0000] {processor.py:153} INFO - Started process (PID=991) to work on /opt/airflow/dags/financial_ratio.py
[2023-01-11T23:26:14.906+0000] {processor.py:743} INFO - Processing file /opt/airflow/dags/financial_ratio.py for tasks to queue
[2023-01-11T23:26:14.907+0000] {logging_mixin.py:137} INFO - [2023-01-11T23:26:14.906+0000] {dagbag.py:538} INFO - Filling up the DagBag from /opt/airflow/dags/financial_ratio.py
[2023-01-11T23:26:15.222+0000] {processor.py:753} INFO - DAG(s) dict_keys(['financial_ratio']) retrieved from /opt/airflow/dags/financial_ratio.py
[2023-01-11T23:26:15.254+0000] {logging_mixin.py:137} INFO - [2023-01-11T23:26:15.253+0000] {dag.py:2676} INFO - Sync 1 DAGs
[2023-01-11T23:26:15.278+0000] {logging_mixin.py:137} INFO - [2023-01-11T23:26:15.278+0000] {dag.py:3427} INFO - Setting next_dagrun for financial_ratio to 2023-02-01T10:00:00+00:00, run_after=2023-05-01T10:00:00+00:00
[2023-01-11T23:26:15.831+0000] {processor.py:175} INFO - Processing /opt/airflow/dags/financial_ratio.py took 1.016 seconds
[2023-01-11T23:26:46.177+0000] {processor.py:153} INFO - Started process (PID=1059) to work on /opt/airflow/dags/financial_ratio.py
[2023-01-11T23:26:46.177+0000] {processor.py:743} INFO - Processing file /opt/airflow/dags/financial_ratio.py for tasks to queue
[2023-01-11T23:26:46.178+0000] {logging_mixin.py:137} INFO - [2023-01-11T23:26:46.177+0000] {dagbag.py:538} INFO - Filling up the DagBag from /opt/airflow/dags/financial_ratio.py
[2023-01-11T23:26:46.460+0000] {processor.py:753} INFO - DAG(s) dict_keys(['financial_ratio']) retrieved from /opt/airflow/dags/financial_ratio.py
[2023-01-11T23:26:46.500+0000] {logging_mixin.py:137} INFO - [2023-01-11T23:26:46.499+0000] {dag.py:2676} INFO - Sync 1 DAGs
[2023-01-11T23:26:46.531+0000] {logging_mixin.py:137} INFO - [2023-01-11T23:26:46.530+0000] {dag.py:3427} INFO - Setting next_dagrun for financial_ratio to 2023-02-01T10:00:00+00:00, run_after=2023-05-01T10:00:00+00:00
[2023-01-11T23:26:46.644+0000] {processor.py:175} INFO - Processing /opt/airflow/dags/financial_ratio.py took 0.470 seconds
[2023-01-11T23:27:16.911+0000] {processor.py:153} INFO - Started process (PID=1136) to work on /opt/airflow/dags/financial_ratio.py
[2023-01-11T23:27:16.936+0000] {processor.py:743} INFO - Processing file /opt/airflow/dags/financial_ratio.py for tasks to queue
[2023-01-11T23:27:16.936+0000] {logging_mixin.py:137} INFO - [2023-01-11T23:27:16.936+0000] {dagbag.py:538} INFO - Filling up the DagBag from /opt/airflow/dags/financial_ratio.py
[2023-01-11T23:27:17.203+0000] {processor.py:753} INFO - DAG(s) dict_keys(['financial_ratio']) retrieved from /opt/airflow/dags/financial_ratio.py
[2023-01-11T23:27:17.236+0000] {logging_mixin.py:137} INFO - [2023-01-11T23:27:17.234+0000] {dag.py:2676} INFO - Sync 1 DAGs
[2023-01-11T23:27:17.262+0000] {logging_mixin.py:137} INFO - [2023-01-11T23:27:17.262+0000] {dag.py:3427} INFO - Setting next_dagrun for financial_ratio to 2023-02-01T10:00:00+00:00, run_after=2023-05-01T10:00:00+00:00
[2023-01-11T23:27:17.342+0000] {processor.py:175} INFO - Processing /opt/airflow/dags/financial_ratio.py took 0.434 seconds
[2023-01-11T23:27:48.190+0000] {processor.py:153} INFO - Started process (PID=1215) to work on /opt/airflow/dags/financial_ratio.py
[2023-01-11T23:27:48.191+0000] {processor.py:743} INFO - Processing file /opt/airflow/dags/financial_ratio.py for tasks to queue
[2023-01-11T23:27:48.191+0000] {logging_mixin.py:137} INFO - [2023-01-11T23:27:48.191+0000] {dagbag.py:538} INFO - Filling up the DagBag from /opt/airflow/dags/financial_ratio.py
[2023-01-11T23:27:48.473+0000] {processor.py:753} INFO - DAG(s) dict_keys(['financial_ratio']) retrieved from /opt/airflow/dags/financial_ratio.py
[2023-01-11T23:27:48.510+0000] {logging_mixin.py:137} INFO - [2023-01-11T23:27:48.510+0000] {dag.py:2676} INFO - Sync 1 DAGs
[2023-01-11T23:27:48.541+0000] {logging_mixin.py:137} INFO - [2023-01-11T23:27:48.540+0000] {dag.py:3427} INFO - Setting next_dagrun for financial_ratio to 2023-02-01T10:00:00+00:00, run_after=2023-05-01T10:00:00+00:00
[2023-01-11T23:27:48.786+0000] {processor.py:175} INFO - Processing /opt/airflow/dags/financial_ratio.py took 0.600 seconds
[2023-01-11T23:28:18.961+0000] {processor.py:153} INFO - Started process (PID=1283) to work on /opt/airflow/dags/financial_ratio.py
[2023-01-11T23:28:18.961+0000] {processor.py:743} INFO - Processing file /opt/airflow/dags/financial_ratio.py for tasks to queue
[2023-01-11T23:28:18.962+0000] {logging_mixin.py:137} INFO - [2023-01-11T23:28:18.962+0000] {dagbag.py:538} INFO - Filling up the DagBag from /opt/airflow/dags/financial_ratio.py
[2023-01-11T23:28:19.258+0000] {processor.py:753} INFO - DAG(s) dict_keys(['financial_ratio']) retrieved from /opt/airflow/dags/financial_ratio.py
[2023-01-11T23:28:19.292+0000] {logging_mixin.py:137} INFO - [2023-01-11T23:28:19.292+0000] {dag.py:2676} INFO - Sync 1 DAGs
[2023-01-11T23:28:19.320+0000] {logging_mixin.py:137} INFO - [2023-01-11T23:28:19.320+0000] {dag.py:3427} INFO - Setting next_dagrun for financial_ratio to 2023-02-01T10:00:00+00:00, run_after=2023-05-01T10:00:00+00:00
[2023-01-11T23:28:19.472+0000] {processor.py:175} INFO - Processing /opt/airflow/dags/financial_ratio.py took 0.514 seconds
[2023-01-11T23:28:50.249+0000] {processor.py:153} INFO - Started process (PID=1371) to work on /opt/airflow/dags/financial_ratio.py
[2023-01-11T23:28:50.288+0000] {processor.py:743} INFO - Processing file /opt/airflow/dags/financial_ratio.py for tasks to queue
[2023-01-11T23:28:50.289+0000] {logging_mixin.py:137} INFO - [2023-01-11T23:28:50.289+0000] {dagbag.py:538} INFO - Filling up the DagBag from /opt/airflow/dags/financial_ratio.py
[2023-01-11T23:28:50.535+0000] {processor.py:753} INFO - DAG(s) dict_keys(['financial_ratio']) retrieved from /opt/airflow/dags/financial_ratio.py
[2023-01-11T23:28:50.565+0000] {logging_mixin.py:137} INFO - [2023-01-11T23:28:50.565+0000] {dag.py:2676} INFO - Sync 1 DAGs
[2023-01-11T23:28:50.591+0000] {logging_mixin.py:137} INFO - [2023-01-11T23:28:50.591+0000] {dag.py:3427} INFO - Setting next_dagrun for financial_ratio to 2023-02-01T10:00:00+00:00, run_after=2023-05-01T10:00:00+00:00
[2023-01-11T23:28:50.649+0000] {processor.py:175} INFO - Processing /opt/airflow/dags/financial_ratio.py took 0.402 seconds
[2023-01-11T23:29:20.769+0000] {processor.py:153} INFO - Started process (PID=1438) to work on /opt/airflow/dags/financial_ratio.py
[2023-01-11T23:29:20.770+0000] {processor.py:743} INFO - Processing file /opt/airflow/dags/financial_ratio.py for tasks to queue
[2023-01-11T23:29:20.770+0000] {logging_mixin.py:137} INFO - [2023-01-11T23:29:20.770+0000] {dagbag.py:538} INFO - Filling up the DagBag from /opt/airflow/dags/financial_ratio.py
[2023-01-11T23:29:21.028+0000] {processor.py:753} INFO - DAG(s) dict_keys(['financial_ratio']) retrieved from /opt/airflow/dags/financial_ratio.py
[2023-01-11T23:29:21.060+0000] {logging_mixin.py:137} INFO - [2023-01-11T23:29:21.060+0000] {dag.py:2676} INFO - Sync 1 DAGs
[2023-01-11T23:29:21.091+0000] {logging_mixin.py:137} INFO - [2023-01-11T23:29:21.091+0000] {dag.py:3427} INFO - Setting next_dagrun for financial_ratio to 2023-02-01T10:00:00+00:00, run_after=2023-05-01T10:00:00+00:00
[2023-01-11T23:29:21.132+0000] {processor.py:175} INFO - Processing /opt/airflow/dags/financial_ratio.py took 0.366 seconds
[2023-01-11T23:29:52.126+0000] {processor.py:153} INFO - Started process (PID=1516) to work on /opt/airflow/dags/financial_ratio.py
[2023-01-11T23:29:52.147+0000] {processor.py:743} INFO - Processing file /opt/airflow/dags/financial_ratio.py for tasks to queue
[2023-01-11T23:29:52.147+0000] {logging_mixin.py:137} INFO - [2023-01-11T23:29:52.147+0000] {dagbag.py:538} INFO - Filling up the DagBag from /opt/airflow/dags/financial_ratio.py
[2023-01-11T23:29:52.486+0000] {processor.py:753} INFO - DAG(s) dict_keys(['financial_ratio']) retrieved from /opt/airflow/dags/financial_ratio.py
[2023-01-11T23:29:52.517+0000] {logging_mixin.py:137} INFO - [2023-01-11T23:29:52.517+0000] {dag.py:2676} INFO - Sync 1 DAGs
[2023-01-11T23:29:52.543+0000] {logging_mixin.py:137} INFO - [2023-01-11T23:29:52.543+0000] {dag.py:3427} INFO - Setting next_dagrun for financial_ratio to 2023-02-01T10:00:00+00:00, run_after=2023-05-01T10:00:00+00:00
[2023-01-11T23:29:52.606+0000] {processor.py:175} INFO - Processing /opt/airflow/dags/financial_ratio.py took 0.482 seconds
[2023-01-11T23:30:23.232+0000] {processor.py:153} INFO - Started process (PID=1595) to work on /opt/airflow/dags/financial_ratio.py
[2023-01-11T23:30:23.232+0000] {processor.py:743} INFO - Processing file /opt/airflow/dags/financial_ratio.py for tasks to queue
[2023-01-11T23:30:23.233+0000] {logging_mixin.py:137} INFO - [2023-01-11T23:30:23.233+0000] {dagbag.py:538} INFO - Filling up the DagBag from /opt/airflow/dags/financial_ratio.py
[2023-01-11T23:30:23.544+0000] {processor.py:753} INFO - DAG(s) dict_keys(['financial_ratio']) retrieved from /opt/airflow/dags/financial_ratio.py
[2023-01-11T23:30:23.580+0000] {logging_mixin.py:137} INFO - [2023-01-11T23:30:23.578+0000] {dag.py:2676} INFO - Sync 1 DAGs
[2023-01-11T23:30:23.604+0000] {logging_mixin.py:137} INFO - [2023-01-11T23:30:23.604+0000] {dag.py:3427} INFO - Setting next_dagrun for financial_ratio to 2023-02-01T10:00:00+00:00, run_after=2023-05-01T10:00:00+00:00
[2023-01-11T23:30:23.673+0000] {processor.py:175} INFO - Processing /opt/airflow/dags/financial_ratio.py took 0.444 seconds
[2023-01-11T23:30:54.140+0000] {processor.py:153} INFO - Started process (PID=1663) to work on /opt/airflow/dags/financial_ratio.py
[2023-01-11T23:30:54.173+0000] {processor.py:743} INFO - Processing file /opt/airflow/dags/financial_ratio.py for tasks to queue
[2023-01-11T23:30:54.174+0000] {logging_mixin.py:137} INFO - [2023-01-11T23:30:54.174+0000] {dagbag.py:538} INFO - Filling up the DagBag from /opt/airflow/dags/financial_ratio.py
[2023-01-11T23:30:54.457+0000] {processor.py:753} INFO - DAG(s) dict_keys(['financial_ratio']) retrieved from /opt/airflow/dags/financial_ratio.py
[2023-01-11T23:30:54.495+0000] {logging_mixin.py:137} INFO - [2023-01-11T23:30:54.494+0000] {dag.py:2676} INFO - Sync 1 DAGs
[2023-01-11T23:30:54.531+0000] {logging_mixin.py:137} INFO - [2023-01-11T23:30:54.530+0000] {dag.py:3427} INFO - Setting next_dagrun for financial_ratio to 2023-02-01T10:00:00+00:00, run_after=2023-05-01T10:00:00+00:00
[2023-01-11T23:30:54.622+0000] {processor.py:175} INFO - Processing /opt/airflow/dags/financial_ratio.py took 0.485 seconds
[2023-01-11T23:31:25.367+0000] {processor.py:153} INFO - Started process (PID=1752) to work on /opt/airflow/dags/financial_ratio.py
[2023-01-11T23:31:25.367+0000] {processor.py:743} INFO - Processing file /opt/airflow/dags/financial_ratio.py for tasks to queue
[2023-01-11T23:31:25.368+0000] {logging_mixin.py:137} INFO - [2023-01-11T23:31:25.368+0000] {dagbag.py:538} INFO - Filling up the DagBag from /opt/airflow/dags/financial_ratio.py
[2023-01-11T23:31:25.629+0000] {processor.py:753} INFO - DAG(s) dict_keys(['financial_ratio']) retrieved from /opt/airflow/dags/financial_ratio.py
[2023-01-11T23:31:25.659+0000] {logging_mixin.py:137} INFO - [2023-01-11T23:31:25.659+0000] {dag.py:2676} INFO - Sync 1 DAGs
[2023-01-11T23:31:25.683+0000] {logging_mixin.py:137} INFO - [2023-01-11T23:31:25.683+0000] {dag.py:3427} INFO - Setting next_dagrun for financial_ratio to 2023-02-01T10:00:00+00:00, run_after=2023-05-01T10:00:00+00:00
[2023-01-11T23:31:25.765+0000] {processor.py:175} INFO - Processing /opt/airflow/dags/financial_ratio.py took 0.400 seconds
[2023-01-11T23:31:56.206+0000] {processor.py:153} INFO - Started process (PID=1820) to work on /opt/airflow/dags/financial_ratio.py
[2023-01-11T23:31:56.213+0000] {processor.py:743} INFO - Processing file /opt/airflow/dags/financial_ratio.py for tasks to queue
[2023-01-11T23:31:56.213+0000] {logging_mixin.py:137} INFO - [2023-01-11T23:31:56.213+0000] {dagbag.py:538} INFO - Filling up the DagBag from /opt/airflow/dags/financial_ratio.py
[2023-01-11T23:31:56.489+0000] {processor.py:753} INFO - DAG(s) dict_keys(['financial_ratio']) retrieved from /opt/airflow/dags/financial_ratio.py
[2023-01-11T23:31:56.522+0000] {logging_mixin.py:137} INFO - [2023-01-11T23:31:56.521+0000] {dag.py:2676} INFO - Sync 1 DAGs
[2023-01-11T23:31:56.544+0000] {logging_mixin.py:137} INFO - [2023-01-11T23:31:56.544+0000] {dag.py:3427} INFO - Setting next_dagrun for financial_ratio to 2023-02-01T10:00:00+00:00, run_after=2023-05-01T10:00:00+00:00
[2023-01-11T23:31:56.596+0000] {processor.py:175} INFO - Processing /opt/airflow/dags/financial_ratio.py took 0.392 seconds
[2023-01-11T23:32:27.021+0000] {processor.py:153} INFO - Started process (PID=1908) to work on /opt/airflow/dags/financial_ratio.py
[2023-01-11T23:32:27.021+0000] {processor.py:743} INFO - Processing file /opt/airflow/dags/financial_ratio.py for tasks to queue
[2023-01-11T23:32:27.022+0000] {logging_mixin.py:137} INFO - [2023-01-11T23:32:27.022+0000] {dagbag.py:538} INFO - Filling up the DagBag from /opt/airflow/dags/financial_ratio.py
[2023-01-11T23:32:27.258+0000] {processor.py:753} INFO - DAG(s) dict_keys(['financial_ratio']) retrieved from /opt/airflow/dags/financial_ratio.py
[2023-01-11T23:32:27.287+0000] {logging_mixin.py:137} INFO - [2023-01-11T23:32:27.286+0000] {dag.py:2676} INFO - Sync 1 DAGs
[2023-01-11T23:32:27.309+0000] {logging_mixin.py:137} INFO - [2023-01-11T23:32:27.309+0000] {dag.py:3427} INFO - Setting next_dagrun for financial_ratio to 2023-02-01T10:00:00+00:00, run_after=2023-05-01T10:00:00+00:00
[2023-01-11T23:32:27.352+0000] {processor.py:175} INFO - Processing /opt/airflow/dags/financial_ratio.py took 0.334 seconds
[2023-01-11T23:32:57.695+0000] {processor.py:153} INFO - Started process (PID=1976) to work on /opt/airflow/dags/financial_ratio.py
[2023-01-11T23:32:57.709+0000] {processor.py:743} INFO - Processing file /opt/airflow/dags/financial_ratio.py for tasks to queue
[2023-01-11T23:32:57.709+0000] {logging_mixin.py:137} INFO - [2023-01-11T23:32:57.709+0000] {dagbag.py:538} INFO - Filling up the DagBag from /opt/airflow/dags/financial_ratio.py
[2023-01-11T23:32:57.978+0000] {processor.py:753} INFO - DAG(s) dict_keys(['financial_ratio']) retrieved from /opt/airflow/dags/financial_ratio.py
[2023-01-11T23:32:58.008+0000] {logging_mixin.py:137} INFO - [2023-01-11T23:32:58.007+0000] {dag.py:2676} INFO - Sync 1 DAGs
[2023-01-11T23:32:58.029+0000] {logging_mixin.py:137} INFO - [2023-01-11T23:32:58.029+0000] {dag.py:3427} INFO - Setting next_dagrun for financial_ratio to 2023-02-01T10:00:00+00:00, run_after=2023-05-01T10:00:00+00:00
[2023-01-11T23:32:58.102+0000] {processor.py:175} INFO - Processing /opt/airflow/dags/financial_ratio.py took 0.410 seconds
