[2023-01-11T13:29:19.870+0000] {processor.py:153} INFO - Started process (PID=127) to work on /opt/airflow/dags/financial_health_rating.py
[2023-01-11T13:29:19.871+0000] {processor.py:743} INFO - Processing file /opt/airflow/dags/financial_health_rating.py for tasks to queue
[2023-01-11T13:29:19.871+0000] {logging_mixin.py:137} INFO - [2023-01-11T13:29:19.871+0000] {dagbag.py:538} INFO - Filling up the DagBag from /opt/airflow/dags/financial_health_rating.py
[2023-01-11T13:29:20.115+0000] {processor.py:753} INFO - DAG(s) dict_keys(['financial_health_rating_v1']) retrieved from /opt/airflow/dags/financial_health_rating.py
[2023-01-11T13:29:20.307+0000] {logging_mixin.py:137} INFO - [2023-01-11T13:29:20.307+0000] {manager.py:504} INFO - Created Permission View: can read on DAG:financial_health_rating_v1
[2023-01-11T13:29:20.342+0000] {logging_mixin.py:137} INFO - [2023-01-11T13:29:20.342+0000] {manager.py:504} INFO - Created Permission View: can edit on DAG:financial_health_rating_v1
[2023-01-11T13:29:20.411+0000] {logging_mixin.py:137} INFO - [2023-01-11T13:29:20.411+0000] {manager.py:504} INFO - Created Permission View: can delete on DAG:financial_health_rating_v1
[2023-01-11T13:29:20.412+0000] {logging_mixin.py:137} INFO - [2023-01-11T13:29:20.412+0000] {dag.py:2676} INFO - Sync 1 DAGs
[2023-01-11T13:29:20.424+0000] {logging_mixin.py:137} INFO - [2023-01-11T13:29:20.424+0000] {dag.py:2697} INFO - Creating ORM DAG for financial_health_rating_v1
[2023-01-11T13:29:20.439+0000] {logging_mixin.py:137} INFO - [2023-01-11T13:29:20.439+0000] {dag.py:3427} INFO - Setting next_dagrun for financial_health_rating_v1 to 2023-02-01T10:00:00+00:00, run_after=2023-05-01T10:00:00+00:00
[2023-01-11T13:29:20.535+0000] {processor.py:175} INFO - Processing /opt/airflow/dags/financial_health_rating.py took 0.667 seconds
[2023-01-11T13:29:50.894+0000] {processor.py:153} INFO - Started process (PID=215) to work on /opt/airflow/dags/financial_health_rating.py
[2023-01-11T13:29:50.895+0000] {processor.py:743} INFO - Processing file /opt/airflow/dags/financial_health_rating.py for tasks to queue
[2023-01-11T13:29:50.896+0000] {logging_mixin.py:137} INFO - [2023-01-11T13:29:50.896+0000] {dagbag.py:538} INFO - Filling up the DagBag from /opt/airflow/dags/financial_health_rating.py
[2023-01-11T13:29:51.252+0000] {processor.py:753} INFO - DAG(s) dict_keys(['financial_health_rating_v1']) retrieved from /opt/airflow/dags/financial_health_rating.py
[2023-01-11T13:29:51.287+0000] {logging_mixin.py:137} INFO - [2023-01-11T13:29:51.287+0000] {dag.py:2676} INFO - Sync 1 DAGs
[2023-01-11T13:29:51.315+0000] {logging_mixin.py:137} INFO - [2023-01-11T13:29:51.315+0000] {dag.py:3427} INFO - Setting next_dagrun for financial_health_rating_v1 to 2023-02-01T10:00:00+00:00, run_after=2023-05-01T10:00:00+00:00
[2023-01-11T13:29:51.370+0000] {processor.py:175} INFO - Processing /opt/airflow/dags/financial_health_rating.py took 0.478 seconds
[2023-01-11T13:30:21.911+0000] {processor.py:153} INFO - Started process (PID=283) to work on /opt/airflow/dags/financial_health_rating.py
[2023-01-11T13:30:21.912+0000] {processor.py:743} INFO - Processing file /opt/airflow/dags/financial_health_rating.py for tasks to queue
[2023-01-11T13:30:21.912+0000] {logging_mixin.py:137} INFO - [2023-01-11T13:30:21.912+0000] {dagbag.py:538} INFO - Filling up the DagBag from /opt/airflow/dags/financial_health_rating.py
[2023-01-11T13:30:22.191+0000] {processor.py:753} INFO - DAG(s) dict_keys(['financial_health_rating_v1']) retrieved from /opt/airflow/dags/financial_health_rating.py
[2023-01-11T13:30:22.224+0000] {logging_mixin.py:137} INFO - [2023-01-11T13:30:22.224+0000] {dag.py:2676} INFO - Sync 1 DAGs
[2023-01-11T13:30:22.251+0000] {logging_mixin.py:137} INFO - [2023-01-11T13:30:22.251+0000] {dag.py:3427} INFO - Setting next_dagrun for financial_health_rating_v1 to 2023-02-01T10:00:00+00:00, run_after=2023-05-01T10:00:00+00:00
[2023-01-11T13:30:22.357+0000] {processor.py:175} INFO - Processing /opt/airflow/dags/financial_health_rating.py took 0.450 seconds
[2023-01-11T13:30:53.415+0000] {processor.py:153} INFO - Started process (PID=371) to work on /opt/airflow/dags/financial_health_rating.py
[2023-01-11T13:30:53.422+0000] {processor.py:743} INFO - Processing file /opt/airflow/dags/financial_health_rating.py for tasks to queue
[2023-01-11T13:30:53.423+0000] {logging_mixin.py:137} INFO - [2023-01-11T13:30:53.423+0000] {dagbag.py:538} INFO - Filling up the DagBag from /opt/airflow/dags/financial_health_rating.py
[2023-01-11T13:30:53.865+0000] {processor.py:753} INFO - DAG(s) dict_keys(['financial_health_rating_v1']) retrieved from /opt/airflow/dags/financial_health_rating.py
[2023-01-11T13:30:53.900+0000] {logging_mixin.py:137} INFO - [2023-01-11T13:30:53.900+0000] {dag.py:2676} INFO - Sync 1 DAGs
[2023-01-11T13:30:53.929+0000] {logging_mixin.py:137} INFO - [2023-01-11T13:30:53.929+0000] {dag.py:3427} INFO - Setting next_dagrun for financial_health_rating_v1 to 2023-02-01T10:00:00+00:00, run_after=2023-05-01T10:00:00+00:00
[2023-01-11T13:30:53.993+0000] {processor.py:175} INFO - Processing /opt/airflow/dags/financial_health_rating.py took 0.581 seconds
[2023-01-11T13:31:24.050+0000] {processor.py:153} INFO - Started process (PID=440) to work on /opt/airflow/dags/financial_health_rating.py
[2023-01-11T13:31:24.051+0000] {processor.py:743} INFO - Processing file /opt/airflow/dags/financial_health_rating.py for tasks to queue
[2023-01-11T13:31:24.051+0000] {logging_mixin.py:137} INFO - [2023-01-11T13:31:24.051+0000] {dagbag.py:538} INFO - Filling up the DagBag from /opt/airflow/dags/financial_health_rating.py
[2023-01-11T13:31:24.303+0000] {processor.py:753} INFO - DAG(s) dict_keys(['financial_health_rating_v1']) retrieved from /opt/airflow/dags/financial_health_rating.py
[2023-01-11T13:31:24.336+0000] {logging_mixin.py:137} INFO - [2023-01-11T13:31:24.336+0000] {dag.py:2676} INFO - Sync 1 DAGs
[2023-01-11T13:31:24.363+0000] {logging_mixin.py:137} INFO - [2023-01-11T13:31:24.363+0000] {dag.py:3427} INFO - Setting next_dagrun for financial_health_rating_v1 to 2023-02-01T10:00:00+00:00, run_after=2023-05-01T10:00:00+00:00
[2023-01-11T13:31:24.403+0000] {processor.py:175} INFO - Processing /opt/airflow/dags/financial_health_rating.py took 0.355 seconds
[2023-01-11T13:31:54.701+0000] {processor.py:153} INFO - Started process (PID=528) to work on /opt/airflow/dags/financial_health_rating.py
[2023-01-11T13:31:54.703+0000] {processor.py:743} INFO - Processing file /opt/airflow/dags/financial_health_rating.py for tasks to queue
[2023-01-11T13:31:54.703+0000] {logging_mixin.py:137} INFO - [2023-01-11T13:31:54.703+0000] {dagbag.py:538} INFO - Filling up the DagBag from /opt/airflow/dags/financial_health_rating.py
[2023-01-11T13:31:55.059+0000] {processor.py:753} INFO - DAG(s) dict_keys(['financial_health_rating_v1']) retrieved from /opt/airflow/dags/financial_health_rating.py
[2023-01-11T13:31:55.112+0000] {logging_mixin.py:137} INFO - [2023-01-11T13:31:55.111+0000] {dag.py:2676} INFO - Sync 1 DAGs
[2023-01-11T13:31:55.158+0000] {logging_mixin.py:137} INFO - [2023-01-11T13:31:55.157+0000] {dag.py:3427} INFO - Setting next_dagrun for financial_health_rating_v1 to 2023-02-01T10:00:00+00:00, run_after=2023-05-01T10:00:00+00:00
[2023-01-11T13:31:55.210+0000] {processor.py:175} INFO - Processing /opt/airflow/dags/financial_health_rating.py took 0.511 seconds
[2023-01-11T13:32:26.028+0000] {processor.py:153} INFO - Started process (PID=596) to work on /opt/airflow/dags/financial_health_rating.py
[2023-01-11T13:32:26.028+0000] {processor.py:743} INFO - Processing file /opt/airflow/dags/financial_health_rating.py for tasks to queue
[2023-01-11T13:32:26.029+0000] {logging_mixin.py:137} INFO - [2023-01-11T13:32:26.029+0000] {dagbag.py:538} INFO - Filling up the DagBag from /opt/airflow/dags/financial_health_rating.py
[2023-01-11T13:32:26.271+0000] {processor.py:753} INFO - DAG(s) dict_keys(['financial_health_rating_v1']) retrieved from /opt/airflow/dags/financial_health_rating.py
[2023-01-11T13:32:26.300+0000] {logging_mixin.py:137} INFO - [2023-01-11T13:32:26.300+0000] {dag.py:2676} INFO - Sync 1 DAGs
[2023-01-11T13:32:26.322+0000] {logging_mixin.py:137} INFO - [2023-01-11T13:32:26.322+0000] {dag.py:3427} INFO - Setting next_dagrun for financial_health_rating_v1 to 2023-02-01T10:00:00+00:00, run_after=2023-05-01T10:00:00+00:00
[2023-01-11T13:32:26.364+0000] {processor.py:175} INFO - Processing /opt/airflow/dags/financial_health_rating.py took 0.339 seconds
[2023-01-11T13:32:57.182+0000] {processor.py:153} INFO - Started process (PID=664) to work on /opt/airflow/dags/financial_health_rating.py
[2023-01-11T13:32:57.188+0000] {processor.py:743} INFO - Processing file /opt/airflow/dags/financial_health_rating.py for tasks to queue
[2023-01-11T13:32:57.189+0000] {logging_mixin.py:137} INFO - [2023-01-11T13:32:57.189+0000] {dagbag.py:538} INFO - Filling up the DagBag from /opt/airflow/dags/financial_health_rating.py
[2023-01-11T13:32:57.538+0000] {processor.py:753} INFO - DAG(s) dict_keys(['financial_health_rating_v1']) retrieved from /opt/airflow/dags/financial_health_rating.py
[2023-01-11T13:32:57.583+0000] {logging_mixin.py:137} INFO - [2023-01-11T13:32:57.582+0000] {dag.py:2676} INFO - Sync 1 DAGs
[2023-01-11T13:32:57.613+0000] {logging_mixin.py:137} INFO - [2023-01-11T13:32:57.613+0000] {dag.py:3427} INFO - Setting next_dagrun for financial_health_rating_v1 to 2023-02-01T10:00:00+00:00, run_after=2023-05-01T10:00:00+00:00
[2023-01-11T13:32:57.676+0000] {processor.py:175} INFO - Processing /opt/airflow/dags/financial_health_rating.py took 0.497 seconds
[2023-01-11T13:33:27.719+0000] {processor.py:153} INFO - Started process (PID=752) to work on /opt/airflow/dags/financial_health_rating.py
[2023-01-11T13:33:27.727+0000] {processor.py:743} INFO - Processing file /opt/airflow/dags/financial_health_rating.py for tasks to queue
[2023-01-11T13:33:27.728+0000] {logging_mixin.py:137} INFO - [2023-01-11T13:33:27.728+0000] {dagbag.py:538} INFO - Filling up the DagBag from /opt/airflow/dags/financial_health_rating.py
[2023-01-11T13:33:28.004+0000] {processor.py:753} INFO - DAG(s) dict_keys(['financial_health_rating_v1']) retrieved from /opt/airflow/dags/financial_health_rating.py
[2023-01-11T13:33:28.040+0000] {logging_mixin.py:137} INFO - [2023-01-11T13:33:28.039+0000] {dag.py:2676} INFO - Sync 1 DAGs
[2023-01-11T13:33:28.070+0000] {logging_mixin.py:137} INFO - [2023-01-11T13:33:28.070+0000] {dag.py:3427} INFO - Setting next_dagrun for financial_health_rating_v1 to 2023-02-01T10:00:00+00:00, run_after=2023-05-01T10:00:00+00:00
[2023-01-11T13:33:28.140+0000] {processor.py:175} INFO - Processing /opt/airflow/dags/financial_health_rating.py took 0.425 seconds
[2023-01-11T13:33:58.985+0000] {processor.py:153} INFO - Started process (PID=820) to work on /opt/airflow/dags/financial_health_rating.py
[2023-01-11T13:33:58.986+0000] {processor.py:743} INFO - Processing file /opt/airflow/dags/financial_health_rating.py for tasks to queue
[2023-01-11T13:33:58.987+0000] {logging_mixin.py:137} INFO - [2023-01-11T13:33:58.986+0000] {dagbag.py:538} INFO - Filling up the DagBag from /opt/airflow/dags/financial_health_rating.py
[2023-01-11T13:33:59.246+0000] {processor.py:753} INFO - DAG(s) dict_keys(['financial_health_rating_v1']) retrieved from /opt/airflow/dags/financial_health_rating.py
[2023-01-11T13:33:59.284+0000] {logging_mixin.py:137} INFO - [2023-01-11T13:33:59.283+0000] {dag.py:2676} INFO - Sync 1 DAGs
[2023-01-11T13:33:59.321+0000] {logging_mixin.py:137} INFO - [2023-01-11T13:33:59.320+0000] {dag.py:3427} INFO - Setting next_dagrun for financial_health_rating_v1 to 2023-02-01T10:00:00+00:00, run_after=2023-05-01T10:00:00+00:00
[2023-01-11T13:33:59.420+0000] {processor.py:175} INFO - Processing /opt/airflow/dags/financial_health_rating.py took 0.437 seconds
[2023-01-11T13:34:29.598+0000] {processor.py:153} INFO - Started process (PID=909) to work on /opt/airflow/dags/financial_health_rating.py
[2023-01-11T13:34:29.599+0000] {processor.py:743} INFO - Processing file /opt/airflow/dags/financial_health_rating.py for tasks to queue
[2023-01-11T13:34:29.599+0000] {logging_mixin.py:137} INFO - [2023-01-11T13:34:29.599+0000] {dagbag.py:538} INFO - Filling up the DagBag from /opt/airflow/dags/financial_health_rating.py
[2023-01-11T13:34:29.865+0000] {processor.py:753} INFO - DAG(s) dict_keys(['financial_health_rating_v1']) retrieved from /opt/airflow/dags/financial_health_rating.py
[2023-01-11T13:34:29.896+0000] {logging_mixin.py:137} INFO - [2023-01-11T13:34:29.896+0000] {dag.py:2676} INFO - Sync 1 DAGs
[2023-01-11T13:34:29.922+0000] {logging_mixin.py:137} INFO - [2023-01-11T13:34:29.922+0000] {dag.py:3427} INFO - Setting next_dagrun for financial_health_rating_v1 to 2023-02-01T10:00:00+00:00, run_after=2023-05-01T10:00:00+00:00
[2023-01-11T13:34:29.967+0000] {processor.py:175} INFO - Processing /opt/airflow/dags/financial_health_rating.py took 0.371 seconds
[2023-01-11T13:36:36.479+0000] {processor.py:153} INFO - Started process (PID=106) to work on /opt/airflow/dags/financial_health_rating.py
[2023-01-11T13:36:36.480+0000] {processor.py:743} INFO - Processing file /opt/airflow/dags/financial_health_rating.py for tasks to queue
[2023-01-11T13:36:36.481+0000] {logging_mixin.py:137} INFO - [2023-01-11T13:36:36.481+0000] {dagbag.py:538} INFO - Filling up the DagBag from /opt/airflow/dags/financial_health_rating.py
[2023-01-11T13:36:36.839+0000] {processor.py:753} INFO - DAG(s) dict_keys(['financial_health_rating_v1']) retrieved from /opt/airflow/dags/financial_health_rating.py
[2023-01-11T13:36:36.963+0000] {logging_mixin.py:137} INFO - [2023-01-11T13:36:36.963+0000] {dag.py:2676} INFO - Sync 1 DAGs
[2023-01-11T13:36:36.993+0000] {logging_mixin.py:137} INFO - [2023-01-11T13:36:36.993+0000] {dag.py:3427} INFO - Setting next_dagrun for financial_health_rating_v1 to 2023-02-01T10:00:00+00:00, run_after=2023-05-01T10:00:00+00:00
[2023-01-11T13:36:37.153+0000] {processor.py:175} INFO - Processing /opt/airflow/dags/financial_health_rating.py took 0.677 seconds
[2023-01-11T13:37:08.095+0000] {processor.py:153} INFO - Started process (PID=174) to work on /opt/airflow/dags/financial_health_rating.py
[2023-01-11T13:37:08.191+0000] {processor.py:743} INFO - Processing file /opt/airflow/dags/financial_health_rating.py for tasks to queue
[2023-01-11T13:37:08.191+0000] {logging_mixin.py:137} INFO - [2023-01-11T13:37:08.191+0000] {dagbag.py:538} INFO - Filling up the DagBag from /opt/airflow/dags/financial_health_rating.py
[2023-01-11T13:37:08.497+0000] {processor.py:753} INFO - DAG(s) dict_keys(['financial_health_rating_v1']) retrieved from /opt/airflow/dags/financial_health_rating.py
[2023-01-11T13:37:08.541+0000] {logging_mixin.py:137} INFO - [2023-01-11T13:37:08.540+0000] {dag.py:2676} INFO - Sync 1 DAGs
[2023-01-11T13:37:08.575+0000] {logging_mixin.py:137} INFO - [2023-01-11T13:37:08.574+0000] {dag.py:3427} INFO - Setting next_dagrun for financial_health_rating_v1 to 2023-02-01T10:00:00+00:00, run_after=2023-05-01T10:00:00+00:00
[2023-01-11T13:37:08.642+0000] {processor.py:175} INFO - Processing /opt/airflow/dags/financial_health_rating.py took 0.549 seconds
[2023-01-11T13:37:39.034+0000] {processor.py:153} INFO - Started process (PID=260) to work on /opt/airflow/dags/financial_health_rating.py
[2023-01-11T13:37:39.048+0000] {processor.py:743} INFO - Processing file /opt/airflow/dags/financial_health_rating.py for tasks to queue
[2023-01-11T13:37:39.049+0000] {logging_mixin.py:137} INFO - [2023-01-11T13:37:39.048+0000] {dagbag.py:538} INFO - Filling up the DagBag from /opt/airflow/dags/financial_health_rating.py
[2023-01-11T13:37:39.347+0000] {processor.py:753} INFO - DAG(s) dict_keys(['financial_health_rating_v1']) retrieved from /opt/airflow/dags/financial_health_rating.py
[2023-01-11T13:37:39.377+0000] {logging_mixin.py:137} INFO - [2023-01-11T13:37:39.377+0000] {dag.py:2676} INFO - Sync 1 DAGs
[2023-01-11T13:37:39.401+0000] {logging_mixin.py:137} INFO - [2023-01-11T13:37:39.401+0000] {dag.py:3427} INFO - Setting next_dagrun for financial_health_rating_v1 to 2023-02-01T10:00:00+00:00, run_after=2023-05-01T10:00:00+00:00
[2023-01-11T13:37:39.456+0000] {processor.py:175} INFO - Processing /opt/airflow/dags/financial_health_rating.py took 0.425 seconds
[2023-01-11T13:38:09.913+0000] {processor.py:153} INFO - Started process (PID=328) to work on /opt/airflow/dags/financial_health_rating.py
[2023-01-11T13:38:09.913+0000] {processor.py:743} INFO - Processing file /opt/airflow/dags/financial_health_rating.py for tasks to queue
[2023-01-11T13:38:09.914+0000] {logging_mixin.py:137} INFO - [2023-01-11T13:38:09.913+0000] {dagbag.py:538} INFO - Filling up the DagBag from /opt/airflow/dags/financial_health_rating.py
[2023-01-11T13:38:10.176+0000] {processor.py:753} INFO - DAG(s) dict_keys(['financial_health_rating_v1']) retrieved from /opt/airflow/dags/financial_health_rating.py
[2023-01-11T13:38:10.208+0000] {logging_mixin.py:137} INFO - [2023-01-11T13:38:10.207+0000] {dag.py:2676} INFO - Sync 1 DAGs
[2023-01-11T13:38:10.233+0000] {logging_mixin.py:137} INFO - [2023-01-11T13:38:10.233+0000] {dag.py:3427} INFO - Setting next_dagrun for financial_health_rating_v1 to 2023-02-01T10:00:00+00:00, run_after=2023-05-01T10:00:00+00:00
[2023-01-11T13:38:10.293+0000] {processor.py:175} INFO - Processing /opt/airflow/dags/financial_health_rating.py took 0.383 seconds
[2023-01-11T13:40:08.568+0000] {processor.py:153} INFO - Started process (PID=86) to work on /opt/airflow/dags/financial_health_rating.py
[2023-01-11T13:40:08.569+0000] {processor.py:743} INFO - Processing file /opt/airflow/dags/financial_health_rating.py for tasks to queue
[2023-01-11T13:40:08.570+0000] {logging_mixin.py:137} INFO - [2023-01-11T13:40:08.570+0000] {dagbag.py:538} INFO - Filling up the DagBag from /opt/airflow/dags/financial_health_rating.py
[2023-01-11T13:40:08.875+0000] {processor.py:753} INFO - DAG(s) dict_keys(['financial_health_rating_v1']) retrieved from /opt/airflow/dags/financial_health_rating.py
[2023-01-11T13:40:08.958+0000] {logging_mixin.py:137} INFO - [2023-01-11T13:40:08.957+0000] {dag.py:2676} INFO - Sync 1 DAGs
[2023-01-11T13:40:08.985+0000] {logging_mixin.py:137} INFO - [2023-01-11T13:40:08.985+0000] {dag.py:3427} INFO - Setting next_dagrun for financial_health_rating_v1 to 2023-02-01T10:00:00+00:00, run_after=2023-05-01T10:00:00+00:00
[2023-01-11T13:40:09.033+0000] {processor.py:175} INFO - Processing /opt/airflow/dags/financial_health_rating.py took 0.467 seconds
[2023-01-11T13:40:40.012+0000] {processor.py:153} INFO - Started process (PID=174) to work on /opt/airflow/dags/financial_health_rating.py
[2023-01-11T13:40:40.012+0000] {processor.py:743} INFO - Processing file /opt/airflow/dags/financial_health_rating.py for tasks to queue
[2023-01-11T13:40:40.013+0000] {logging_mixin.py:137} INFO - [2023-01-11T13:40:40.013+0000] {dagbag.py:538} INFO - Filling up the DagBag from /opt/airflow/dags/financial_health_rating.py
[2023-01-11T13:40:40.370+0000] {processor.py:753} INFO - DAG(s) dict_keys(['financial_health_rating_v1']) retrieved from /opt/airflow/dags/financial_health_rating.py
[2023-01-11T13:40:40.418+0000] {logging_mixin.py:137} INFO - [2023-01-11T13:40:40.417+0000] {dag.py:2676} INFO - Sync 1 DAGs
[2023-01-11T13:40:40.453+0000] {logging_mixin.py:137} INFO - [2023-01-11T13:40:40.453+0000] {dag.py:3427} INFO - Setting next_dagrun for financial_health_rating_v1 to 2023-02-01T10:00:00+00:00, run_after=2023-05-01T10:00:00+00:00
[2023-01-11T13:40:40.528+0000] {processor.py:175} INFO - Processing /opt/airflow/dags/financial_health_rating.py took 0.520 seconds
[2023-01-11T13:41:11.138+0000] {processor.py:153} INFO - Started process (PID=242) to work on /opt/airflow/dags/financial_health_rating.py
[2023-01-11T13:41:11.139+0000] {processor.py:743} INFO - Processing file /opt/airflow/dags/financial_health_rating.py for tasks to queue
[2023-01-11T13:41:11.140+0000] {logging_mixin.py:137} INFO - [2023-01-11T13:41:11.140+0000] {dagbag.py:538} INFO - Filling up the DagBag from /opt/airflow/dags/financial_health_rating.py
[2023-01-11T13:41:11.386+0000] {processor.py:753} INFO - DAG(s) dict_keys(['financial_health_rating_v1']) retrieved from /opt/airflow/dags/financial_health_rating.py
[2023-01-11T13:41:11.417+0000] {logging_mixin.py:137} INFO - [2023-01-11T13:41:11.416+0000] {dag.py:2676} INFO - Sync 1 DAGs
[2023-01-11T13:41:11.443+0000] {logging_mixin.py:137} INFO - [2023-01-11T13:41:11.442+0000] {dag.py:3427} INFO - Setting next_dagrun for financial_health_rating_v1 to 2023-02-01T10:00:00+00:00, run_after=2023-05-01T10:00:00+00:00
[2023-01-11T13:41:11.527+0000] {processor.py:175} INFO - Processing /opt/airflow/dags/financial_health_rating.py took 0.391 seconds
[2023-01-11T13:41:42.628+0000] {processor.py:153} INFO - Started process (PID=330) to work on /opt/airflow/dags/financial_health_rating.py
[2023-01-11T13:41:42.629+0000] {processor.py:743} INFO - Processing file /opt/airflow/dags/financial_health_rating.py for tasks to queue
[2023-01-11T13:41:42.630+0000] {logging_mixin.py:137} INFO - [2023-01-11T13:41:42.629+0000] {dagbag.py:538} INFO - Filling up the DagBag from /opt/airflow/dags/financial_health_rating.py
[2023-01-11T13:41:42.893+0000] {processor.py:753} INFO - DAG(s) dict_keys(['financial_health_rating_v1']) retrieved from /opt/airflow/dags/financial_health_rating.py
[2023-01-11T13:41:42.924+0000] {logging_mixin.py:137} INFO - [2023-01-11T13:41:42.923+0000] {dag.py:2676} INFO - Sync 1 DAGs
[2023-01-11T13:41:42.951+0000] {logging_mixin.py:137} INFO - [2023-01-11T13:41:42.950+0000] {dag.py:3427} INFO - Setting next_dagrun for financial_health_rating_v1 to 2023-02-01T10:00:00+00:00, run_after=2023-05-01T10:00:00+00:00
[2023-01-11T13:41:43.051+0000] {processor.py:175} INFO - Processing /opt/airflow/dags/financial_health_rating.py took 0.426 seconds
[2023-01-11T13:42:13.682+0000] {processor.py:153} INFO - Started process (PID=398) to work on /opt/airflow/dags/financial_health_rating.py
[2023-01-11T13:42:13.694+0000] {processor.py:743} INFO - Processing file /opt/airflow/dags/financial_health_rating.py for tasks to queue
[2023-01-11T13:42:13.695+0000] {logging_mixin.py:137} INFO - [2023-01-11T13:42:13.695+0000] {dagbag.py:538} INFO - Filling up the DagBag from /opt/airflow/dags/financial_health_rating.py
[2023-01-11T13:42:13.970+0000] {processor.py:753} INFO - DAG(s) dict_keys(['financial_health_rating_v1']) retrieved from /opt/airflow/dags/financial_health_rating.py
[2023-01-11T13:42:14.001+0000] {logging_mixin.py:137} INFO - [2023-01-11T13:42:14.000+0000] {dag.py:2676} INFO - Sync 1 DAGs
[2023-01-11T13:42:14.023+0000] {logging_mixin.py:137} INFO - [2023-01-11T13:42:14.023+0000] {dag.py:3427} INFO - Setting next_dagrun for financial_health_rating_v1 to 2023-02-01T10:00:00+00:00, run_after=2023-05-01T10:00:00+00:00
[2023-01-11T13:42:14.065+0000] {processor.py:175} INFO - Processing /opt/airflow/dags/financial_health_rating.py took 0.386 seconds
[2023-01-11T13:42:44.918+0000] {processor.py:153} INFO - Started process (PID=475) to work on /opt/airflow/dags/financial_health_rating.py
[2023-01-11T13:42:44.919+0000] {processor.py:743} INFO - Processing file /opt/airflow/dags/financial_health_rating.py for tasks to queue
[2023-01-11T13:42:44.920+0000] {logging_mixin.py:137} INFO - [2023-01-11T13:42:44.919+0000] {dagbag.py:538} INFO - Filling up the DagBag from /opt/airflow/dags/financial_health_rating.py
[2023-01-11T13:42:45.241+0000] {processor.py:753} INFO - DAG(s) dict_keys(['financial_health_rating_v1']) retrieved from /opt/airflow/dags/financial_health_rating.py
[2023-01-11T13:42:45.280+0000] {logging_mixin.py:137} INFO - [2023-01-11T13:42:45.279+0000] {dag.py:2676} INFO - Sync 1 DAGs
[2023-01-11T13:42:45.310+0000] {logging_mixin.py:137} INFO - [2023-01-11T13:42:45.310+0000] {dag.py:3427} INFO - Setting next_dagrun for financial_health_rating_v1 to 2023-02-01T10:00:00+00:00, run_after=2023-05-01T10:00:00+00:00
[2023-01-11T13:42:45.350+0000] {processor.py:175} INFO - Processing /opt/airflow/dags/financial_health_rating.py took 0.435 seconds
[2023-01-11T23:20:34.367+0000] {processor.py:153} INFO - Started process (PID=144) to work on /opt/airflow/dags/financial_health_rating.py
[2023-01-11T23:20:34.513+0000] {processor.py:743} INFO - Processing file /opt/airflow/dags/financial_health_rating.py for tasks to queue
[2023-01-11T23:20:34.514+0000] {logging_mixin.py:137} INFO - [2023-01-11T23:20:34.514+0000] {dagbag.py:538} INFO - Filling up the DagBag from /opt/airflow/dags/financial_health_rating.py
[2023-01-11T23:20:34.829+0000] {processor.py:753} INFO - DAG(s) dict_keys(['financial_health_rating_v1']) retrieved from /opt/airflow/dags/financial_health_rating.py
[2023-01-11T23:20:34.905+0000] {logging_mixin.py:137} INFO - [2023-01-11T23:20:34.905+0000] {dag.py:2676} INFO - Sync 1 DAGs
[2023-01-11T23:20:34.931+0000] {logging_mixin.py:137} INFO - [2023-01-11T23:20:34.931+0000] {dag.py:3427} INFO - Setting next_dagrun for financial_health_rating_v1 to 2023-02-01T10:00:00+00:00, run_after=2023-05-01T10:00:00+00:00
[2023-01-11T23:20:35.162+0000] {processor.py:175} INFO - Processing /opt/airflow/dags/financial_health_rating.py took 0.798 seconds
[2023-01-11T23:21:05.499+0000] {processor.py:153} INFO - Started process (PID=213) to work on /opt/airflow/dags/financial_health_rating.py
[2023-01-11T23:21:05.690+0000] {processor.py:743} INFO - Processing file /opt/airflow/dags/financial_health_rating.py for tasks to queue
[2023-01-11T23:21:05.691+0000] {logging_mixin.py:137} INFO - [2023-01-11T23:21:05.691+0000] {dagbag.py:538} INFO - Filling up the DagBag from /opt/airflow/dags/financial_health_rating.py
[2023-01-11T23:21:06.044+0000] {processor.py:753} INFO - DAG(s) dict_keys(['financial_health_rating_v1']) retrieved from /opt/airflow/dags/financial_health_rating.py
[2023-01-11T23:21:06.097+0000] {logging_mixin.py:137} INFO - [2023-01-11T23:21:06.097+0000] {dag.py:2676} INFO - Sync 1 DAGs
[2023-01-11T23:21:06.156+0000] {logging_mixin.py:137} INFO - [2023-01-11T23:21:06.155+0000] {dag.py:3427} INFO - Setting next_dagrun for financial_health_rating_v1 to 2023-02-01T10:00:00+00:00, run_after=2023-05-01T10:00:00+00:00
[2023-01-11T23:21:06.290+0000] {processor.py:175} INFO - Processing /opt/airflow/dags/financial_health_rating.py took 0.794 seconds
[2023-01-11T23:21:36.718+0000] {processor.py:153} INFO - Started process (PID=301) to work on /opt/airflow/dags/financial_health_rating.py
[2023-01-11T23:21:36.719+0000] {processor.py:743} INFO - Processing file /opt/airflow/dags/financial_health_rating.py for tasks to queue
[2023-01-11T23:21:36.720+0000] {logging_mixin.py:137} INFO - [2023-01-11T23:21:36.719+0000] {dagbag.py:538} INFO - Filling up the DagBag from /opt/airflow/dags/financial_health_rating.py
[2023-01-11T23:21:37.002+0000] {processor.py:753} INFO - DAG(s) dict_keys(['financial_health_rating_v1']) retrieved from /opt/airflow/dags/financial_health_rating.py
[2023-01-11T23:21:37.038+0000] {logging_mixin.py:137} INFO - [2023-01-11T23:21:37.037+0000] {dag.py:2676} INFO - Sync 1 DAGs
[2023-01-11T23:21:37.066+0000] {logging_mixin.py:137} INFO - [2023-01-11T23:21:37.066+0000] {dag.py:3427} INFO - Setting next_dagrun for financial_health_rating_v1 to 2023-02-01T10:00:00+00:00, run_after=2023-05-01T10:00:00+00:00
[2023-01-11T23:21:37.110+0000] {processor.py:175} INFO - Processing /opt/airflow/dags/financial_health_rating.py took 0.394 seconds
[2023-01-11T23:22:07.181+0000] {processor.py:153} INFO - Started process (PID=369) to work on /opt/airflow/dags/financial_health_rating.py
[2023-01-11T23:22:07.181+0000] {processor.py:743} INFO - Processing file /opt/airflow/dags/financial_health_rating.py for tasks to queue
[2023-01-11T23:22:07.182+0000] {logging_mixin.py:137} INFO - [2023-01-11T23:22:07.182+0000] {dagbag.py:538} INFO - Filling up the DagBag from /opt/airflow/dags/financial_health_rating.py
[2023-01-11T23:22:07.455+0000] {processor.py:753} INFO - DAG(s) dict_keys(['financial_health_rating_v1']) retrieved from /opt/airflow/dags/financial_health_rating.py
[2023-01-11T23:22:07.487+0000] {logging_mixin.py:137} INFO - [2023-01-11T23:22:07.487+0000] {dag.py:2676} INFO - Sync 1 DAGs
[2023-01-11T23:22:07.512+0000] {logging_mixin.py:137} INFO - [2023-01-11T23:22:07.512+0000] {dag.py:3427} INFO - Setting next_dagrun for financial_health_rating_v1 to 2023-02-01T10:00:00+00:00, run_after=2023-05-01T10:00:00+00:00
[2023-01-11T23:22:07.579+0000] {processor.py:175} INFO - Processing /opt/airflow/dags/financial_health_rating.py took 0.401 seconds
[2023-01-11T23:22:37.737+0000] {processor.py:153} INFO - Started process (PID=437) to work on /opt/airflow/dags/financial_health_rating.py
[2023-01-11T23:22:37.737+0000] {processor.py:743} INFO - Processing file /opt/airflow/dags/financial_health_rating.py for tasks to queue
[2023-01-11T23:22:37.738+0000] {logging_mixin.py:137} INFO - [2023-01-11T23:22:37.738+0000] {dagbag.py:538} INFO - Filling up the DagBag from /opt/airflow/dags/financial_health_rating.py
[2023-01-11T23:22:38.006+0000] {processor.py:753} INFO - DAG(s) dict_keys(['financial_health_rating_v1']) retrieved from /opt/airflow/dags/financial_health_rating.py
[2023-01-11T23:22:38.038+0000] {logging_mixin.py:137} INFO - [2023-01-11T23:22:38.038+0000] {dag.py:2676} INFO - Sync 1 DAGs
[2023-01-11T23:22:38.066+0000] {logging_mixin.py:137} INFO - [2023-01-11T23:22:38.066+0000] {dag.py:3427} INFO - Setting next_dagrun for financial_health_rating_v1 to 2023-02-01T10:00:00+00:00, run_after=2023-05-01T10:00:00+00:00
[2023-01-11T23:22:38.126+0000] {processor.py:175} INFO - Processing /opt/airflow/dags/financial_health_rating.py took 0.391 seconds
[2023-01-11T23:23:08.274+0000] {processor.py:153} INFO - Started process (PID=525) to work on /opt/airflow/dags/financial_health_rating.py
[2023-01-11T23:23:08.286+0000] {processor.py:743} INFO - Processing file /opt/airflow/dags/financial_health_rating.py for tasks to queue
[2023-01-11T23:23:08.286+0000] {logging_mixin.py:137} INFO - [2023-01-11T23:23:08.286+0000] {dagbag.py:538} INFO - Filling up the DagBag from /opt/airflow/dags/financial_health_rating.py
[2023-01-11T23:23:08.574+0000] {processor.py:753} INFO - DAG(s) dict_keys(['financial_health_rating_v1']) retrieved from /opt/airflow/dags/financial_health_rating.py
[2023-01-11T23:23:08.615+0000] {logging_mixin.py:137} INFO - [2023-01-11T23:23:08.615+0000] {dag.py:2676} INFO - Sync 1 DAGs
[2023-01-11T23:23:08.642+0000] {logging_mixin.py:137} INFO - [2023-01-11T23:23:08.642+0000] {dag.py:3427} INFO - Setting next_dagrun for financial_health_rating_v1 to 2023-02-01T10:00:00+00:00, run_after=2023-05-01T10:00:00+00:00
[2023-01-11T23:23:08.759+0000] {processor.py:175} INFO - Processing /opt/airflow/dags/financial_health_rating.py took 0.487 seconds
[2023-01-11T23:23:39.649+0000] {processor.py:153} INFO - Started process (PID=593) to work on /opt/airflow/dags/financial_health_rating.py
[2023-01-11T23:23:39.649+0000] {processor.py:743} INFO - Processing file /opt/airflow/dags/financial_health_rating.py for tasks to queue
[2023-01-11T23:23:39.650+0000] {logging_mixin.py:137} INFO - [2023-01-11T23:23:39.650+0000] {dagbag.py:538} INFO - Filling up the DagBag from /opt/airflow/dags/financial_health_rating.py
[2023-01-11T23:23:39.895+0000] {processor.py:753} INFO - DAG(s) dict_keys(['financial_health_rating_v1']) retrieved from /opt/airflow/dags/financial_health_rating.py
[2023-01-11T23:23:39.928+0000] {logging_mixin.py:137} INFO - [2023-01-11T23:23:39.927+0000] {dag.py:2676} INFO - Sync 1 DAGs
[2023-01-11T23:23:39.956+0000] {logging_mixin.py:137} INFO - [2023-01-11T23:23:39.956+0000] {dag.py:3427} INFO - Setting next_dagrun for financial_health_rating_v1 to 2023-02-01T10:00:00+00:00, run_after=2023-05-01T10:00:00+00:00
[2023-01-11T23:23:40.001+0000] {processor.py:175} INFO - Processing /opt/airflow/dags/financial_health_rating.py took 0.355 seconds
[2023-01-11T23:24:10.473+0000] {processor.py:153} INFO - Started process (PID=681) to work on /opt/airflow/dags/financial_health_rating.py
[2023-01-11T23:24:10.487+0000] {processor.py:743} INFO - Processing file /opt/airflow/dags/financial_health_rating.py for tasks to queue
[2023-01-11T23:24:10.487+0000] {logging_mixin.py:137} INFO - [2023-01-11T23:24:10.487+0000] {dagbag.py:538} INFO - Filling up the DagBag from /opt/airflow/dags/financial_health_rating.py
[2023-01-11T23:24:10.758+0000] {processor.py:753} INFO - DAG(s) dict_keys(['financial_health_rating_v1']) retrieved from /opt/airflow/dags/financial_health_rating.py
[2023-01-11T23:24:10.790+0000] {logging_mixin.py:137} INFO - [2023-01-11T23:24:10.789+0000] {dag.py:2676} INFO - Sync 1 DAGs
[2023-01-11T23:24:10.816+0000] {logging_mixin.py:137} INFO - [2023-01-11T23:24:10.816+0000] {dag.py:3427} INFO - Setting next_dagrun for financial_health_rating_v1 to 2023-02-01T10:00:00+00:00, run_after=2023-05-01T10:00:00+00:00
[2023-01-11T23:24:10.897+0000] {processor.py:175} INFO - Processing /opt/airflow/dags/financial_health_rating.py took 0.427 seconds
[2023-01-11T23:24:41.105+0000] {processor.py:153} INFO - Started process (PID=749) to work on /opt/airflow/dags/financial_health_rating.py
[2023-01-11T23:24:41.106+0000] {processor.py:743} INFO - Processing file /opt/airflow/dags/financial_health_rating.py for tasks to queue
[2023-01-11T23:24:41.107+0000] {logging_mixin.py:137} INFO - [2023-01-11T23:24:41.107+0000] {dagbag.py:538} INFO - Filling up the DagBag from /opt/airflow/dags/financial_health_rating.py
[2023-01-11T23:24:41.361+0000] {processor.py:753} INFO - DAG(s) dict_keys(['financial_health_rating_v1']) retrieved from /opt/airflow/dags/financial_health_rating.py
[2023-01-11T23:24:41.397+0000] {logging_mixin.py:137} INFO - [2023-01-11T23:24:41.396+0000] {dag.py:2676} INFO - Sync 1 DAGs
[2023-01-11T23:24:41.434+0000] {logging_mixin.py:137} INFO - [2023-01-11T23:24:41.434+0000] {dag.py:3427} INFO - Setting next_dagrun for financial_health_rating_v1 to 2023-02-01T10:00:00+00:00, run_after=2023-05-01T10:00:00+00:00
[2023-01-11T23:24:41.799+0000] {processor.py:175} INFO - Processing /opt/airflow/dags/financial_health_rating.py took 0.696 seconds
[2023-01-11T23:25:12.402+0000] {processor.py:153} INFO - Started process (PID=837) to work on /opt/airflow/dags/financial_health_rating.py
[2023-01-11T23:25:12.427+0000] {processor.py:743} INFO - Processing file /opt/airflow/dags/financial_health_rating.py for tasks to queue
[2023-01-11T23:25:12.428+0000] {logging_mixin.py:137} INFO - [2023-01-11T23:25:12.428+0000] {dagbag.py:538} INFO - Filling up the DagBag from /opt/airflow/dags/financial_health_rating.py
[2023-01-11T23:25:12.772+0000] {processor.py:753} INFO - DAG(s) dict_keys(['financial_health_rating_v1']) retrieved from /opt/airflow/dags/financial_health_rating.py
[2023-01-11T23:25:12.823+0000] {logging_mixin.py:137} INFO - [2023-01-11T23:25:12.823+0000] {dag.py:2676} INFO - Sync 1 DAGs
[2023-01-11T23:25:12.858+0000] {logging_mixin.py:137} INFO - [2023-01-11T23:25:12.858+0000] {dag.py:3427} INFO - Setting next_dagrun for financial_health_rating_v1 to 2023-02-01T10:00:00+00:00, run_after=2023-05-01T10:00:00+00:00
[2023-01-11T23:25:12.911+0000] {processor.py:175} INFO - Processing /opt/airflow/dags/financial_health_rating.py took 0.511 seconds
[2023-01-11T23:25:43.719+0000] {processor.py:153} INFO - Started process (PID=905) to work on /opt/airflow/dags/financial_health_rating.py
[2023-01-11T23:25:43.719+0000] {processor.py:743} INFO - Processing file /opt/airflow/dags/financial_health_rating.py for tasks to queue
[2023-01-11T23:25:43.720+0000] {logging_mixin.py:137} INFO - [2023-01-11T23:25:43.720+0000] {dagbag.py:538} INFO - Filling up the DagBag from /opt/airflow/dags/financial_health_rating.py
[2023-01-11T23:25:43.994+0000] {processor.py:753} INFO - DAG(s) dict_keys(['financial_health_rating_v1']) retrieved from /opt/airflow/dags/financial_health_rating.py
[2023-01-11T23:25:44.029+0000] {logging_mixin.py:137} INFO - [2023-01-11T23:25:44.029+0000] {dag.py:2676} INFO - Sync 1 DAGs
[2023-01-11T23:25:44.056+0000] {logging_mixin.py:137} INFO - [2023-01-11T23:25:44.056+0000] {dag.py:3427} INFO - Setting next_dagrun for financial_health_rating_v1 to 2023-02-01T10:00:00+00:00, run_after=2023-05-01T10:00:00+00:00
[2023-01-11T23:25:44.415+0000] {processor.py:175} INFO - Processing /opt/airflow/dags/financial_health_rating.py took 0.699 seconds
[2023-01-11T23:26:15.049+0000] {processor.py:153} INFO - Started process (PID=993) to work on /opt/airflow/dags/financial_health_rating.py
[2023-01-11T23:26:15.100+0000] {processor.py:743} INFO - Processing file /opt/airflow/dags/financial_health_rating.py for tasks to queue
[2023-01-11T23:26:15.100+0000] {logging_mixin.py:137} INFO - [2023-01-11T23:26:15.100+0000] {dagbag.py:538} INFO - Filling up the DagBag from /opt/airflow/dags/financial_health_rating.py
[2023-01-11T23:26:15.358+0000] {processor.py:753} INFO - DAG(s) dict_keys(['financial_health_rating_v1']) retrieved from /opt/airflow/dags/financial_health_rating.py
[2023-01-11T23:26:15.388+0000] {logging_mixin.py:137} INFO - [2023-01-11T23:26:15.388+0000] {dag.py:2676} INFO - Sync 1 DAGs
[2023-01-11T23:26:15.413+0000] {logging_mixin.py:137} INFO - [2023-01-11T23:26:15.412+0000] {dag.py:3427} INFO - Setting next_dagrun for financial_health_rating_v1 to 2023-02-01T10:00:00+00:00, run_after=2023-05-01T10:00:00+00:00
[2023-01-11T23:26:16.032+0000] {processor.py:175} INFO - Processing /opt/airflow/dags/financial_health_rating.py took 0.985 seconds
[2023-01-11T23:26:46.478+0000] {processor.py:153} INFO - Started process (PID=1061) to work on /opt/airflow/dags/financial_health_rating.py
[2023-01-11T23:26:46.479+0000] {processor.py:743} INFO - Processing file /opt/airflow/dags/financial_health_rating.py for tasks to queue
[2023-01-11T23:26:46.479+0000] {logging_mixin.py:137} INFO - [2023-01-11T23:26:46.479+0000] {dagbag.py:538} INFO - Filling up the DagBag from /opt/airflow/dags/financial_health_rating.py
[2023-01-11T23:26:46.721+0000] {processor.py:753} INFO - DAG(s) dict_keys(['financial_health_rating_v1']) retrieved from /opt/airflow/dags/financial_health_rating.py
[2023-01-11T23:26:46.750+0000] {logging_mixin.py:137} INFO - [2023-01-11T23:26:46.750+0000] {dag.py:2676} INFO - Sync 1 DAGs
[2023-01-11T23:26:46.775+0000] {logging_mixin.py:137} INFO - [2023-01-11T23:26:46.774+0000] {dag.py:3427} INFO - Setting next_dagrun for financial_health_rating_v1 to 2023-02-01T10:00:00+00:00, run_after=2023-05-01T10:00:00+00:00
[2023-01-11T23:26:46.884+0000] {processor.py:175} INFO - Processing /opt/airflow/dags/financial_health_rating.py took 0.408 seconds
[2023-01-11T23:27:17.032+0000] {processor.py:153} INFO - Started process (PID=1138) to work on /opt/airflow/dags/financial_health_rating.py
[2023-01-11T23:27:17.062+0000] {processor.py:743} INFO - Processing file /opt/airflow/dags/financial_health_rating.py for tasks to queue
[2023-01-11T23:27:17.063+0000] {logging_mixin.py:137} INFO - [2023-01-11T23:27:17.063+0000] {dagbag.py:538} INFO - Filling up the DagBag from /opt/airflow/dags/financial_health_rating.py
[2023-01-11T23:27:17.326+0000] {processor.py:753} INFO - DAG(s) dict_keys(['financial_health_rating_v1']) retrieved from /opt/airflow/dags/financial_health_rating.py
[2023-01-11T23:27:17.358+0000] {logging_mixin.py:137} INFO - [2023-01-11T23:27:17.356+0000] {dag.py:2676} INFO - Sync 1 DAGs
[2023-01-11T23:27:17.389+0000] {logging_mixin.py:137} INFO - [2023-01-11T23:27:17.389+0000] {dag.py:3427} INFO - Setting next_dagrun for financial_health_rating_v1 to 2023-02-01T10:00:00+00:00, run_after=2023-05-01T10:00:00+00:00
[2023-01-11T23:27:17.555+0000] {processor.py:175} INFO - Processing /opt/airflow/dags/financial_health_rating.py took 0.526 seconds
[2023-01-11T23:27:48.387+0000] {processor.py:153} INFO - Started process (PID=1217) to work on /opt/airflow/dags/financial_health_rating.py
[2023-01-11T23:27:48.388+0000] {processor.py:743} INFO - Processing file /opt/airflow/dags/financial_health_rating.py for tasks to queue
[2023-01-11T23:27:48.388+0000] {logging_mixin.py:137} INFO - [2023-01-11T23:27:48.388+0000] {dagbag.py:538} INFO - Filling up the DagBag from /opt/airflow/dags/financial_health_rating.py
[2023-01-11T23:27:48.676+0000] {processor.py:753} INFO - DAG(s) dict_keys(['financial_health_rating_v1']) retrieved from /opt/airflow/dags/financial_health_rating.py
[2023-01-11T23:27:48.711+0000] {logging_mixin.py:137} INFO - [2023-01-11T23:27:48.711+0000] {dag.py:2676} INFO - Sync 1 DAGs
[2023-01-11T23:27:48.740+0000] {logging_mixin.py:137} INFO - [2023-01-11T23:27:48.740+0000] {dag.py:3427} INFO - Setting next_dagrun for financial_health_rating_v1 to 2023-02-01T10:00:00+00:00, run_after=2023-05-01T10:00:00+00:00
[2023-01-11T23:27:48.813+0000] {processor.py:175} INFO - Processing /opt/airflow/dags/financial_health_rating.py took 0.429 seconds
[2023-01-11T23:28:19.357+0000] {processor.py:153} INFO - Started process (PID=1285) to work on /opt/airflow/dags/financial_health_rating.py
[2023-01-11T23:28:19.494+0000] {processor.py:743} INFO - Processing file /opt/airflow/dags/financial_health_rating.py for tasks to queue
[2023-01-11T23:28:19.495+0000] {logging_mixin.py:137} INFO - [2023-01-11T23:28:19.495+0000] {dagbag.py:538} INFO - Filling up the DagBag from /opt/airflow/dags/financial_health_rating.py
[2023-01-11T23:28:19.759+0000] {processor.py:753} INFO - DAG(s) dict_keys(['financial_health_rating_v1']) retrieved from /opt/airflow/dags/financial_health_rating.py
[2023-01-11T23:28:19.791+0000] {logging_mixin.py:137} INFO - [2023-01-11T23:28:19.791+0000] {dag.py:2676} INFO - Sync 1 DAGs
[2023-01-11T23:28:19.817+0000] {logging_mixin.py:137} INFO - [2023-01-11T23:28:19.816+0000] {dag.py:3427} INFO - Setting next_dagrun for financial_health_rating_v1 to 2023-02-01T10:00:00+00:00, run_after=2023-05-01T10:00:00+00:00
[2023-01-11T23:28:19.863+0000] {processor.py:175} INFO - Processing /opt/airflow/dags/financial_health_rating.py took 0.509 seconds
[2023-01-11T23:28:50.258+0000] {processor.py:153} INFO - Started process (PID=1372) to work on /opt/airflow/dags/financial_health_rating.py
[2023-01-11T23:28:50.333+0000] {processor.py:743} INFO - Processing file /opt/airflow/dags/financial_health_rating.py for tasks to queue
[2023-01-11T23:28:50.334+0000] {logging_mixin.py:137} INFO - [2023-01-11T23:28:50.333+0000] {dagbag.py:538} INFO - Filling up the DagBag from /opt/airflow/dags/financial_health_rating.py
[2023-01-11T23:28:50.573+0000] {processor.py:753} INFO - DAG(s) dict_keys(['financial_health_rating_v1']) retrieved from /opt/airflow/dags/financial_health_rating.py
[2023-01-11T23:28:50.608+0000] {logging_mixin.py:137} INFO - [2023-01-11T23:28:50.608+0000] {dag.py:2676} INFO - Sync 1 DAGs
[2023-01-11T23:28:50.648+0000] {logging_mixin.py:137} INFO - [2023-01-11T23:28:50.648+0000] {dag.py:3427} INFO - Setting next_dagrun for financial_health_rating_v1 to 2023-02-01T10:00:00+00:00, run_after=2023-05-01T10:00:00+00:00
[2023-01-11T23:28:50.849+0000] {processor.py:175} INFO - Processing /opt/airflow/dags/financial_health_rating.py took 0.593 seconds
[2023-01-11T23:29:21.155+0000] {processor.py:153} INFO - Started process (PID=1441) to work on /opt/airflow/dags/financial_health_rating.py
[2023-01-11T23:29:21.156+0000] {processor.py:743} INFO - Processing file /opt/airflow/dags/financial_health_rating.py for tasks to queue
[2023-01-11T23:29:21.157+0000] {logging_mixin.py:137} INFO - [2023-01-11T23:29:21.157+0000] {dagbag.py:538} INFO - Filling up the DagBag from /opt/airflow/dags/financial_health_rating.py
[2023-01-11T23:29:21.421+0000] {processor.py:753} INFO - DAG(s) dict_keys(['financial_health_rating_v1']) retrieved from /opt/airflow/dags/financial_health_rating.py
[2023-01-11T23:29:21.453+0000] {logging_mixin.py:137} INFO - [2023-01-11T23:29:21.452+0000] {dag.py:2676} INFO - Sync 1 DAGs
[2023-01-11T23:29:21.479+0000] {logging_mixin.py:137} INFO - [2023-01-11T23:29:21.478+0000] {dag.py:3427} INFO - Setting next_dagrun for financial_health_rating_v1 to 2023-02-01T10:00:00+00:00, run_after=2023-05-01T10:00:00+00:00
[2023-01-11T23:29:21.529+0000] {processor.py:175} INFO - Processing /opt/airflow/dags/financial_health_rating.py took 0.378 seconds
[2023-01-11T23:29:52.177+0000] {processor.py:153} INFO - Started process (PID=1517) to work on /opt/airflow/dags/financial_health_rating.py
[2023-01-11T23:29:52.184+0000] {processor.py:743} INFO - Processing file /opt/airflow/dags/financial_health_rating.py for tasks to queue
[2023-01-11T23:29:52.185+0000] {logging_mixin.py:137} INFO - [2023-01-11T23:29:52.185+0000] {dagbag.py:538} INFO - Filling up the DagBag from /opt/airflow/dags/financial_health_rating.py
[2023-01-11T23:29:52.508+0000] {processor.py:753} INFO - DAG(s) dict_keys(['financial_health_rating_v1']) retrieved from /opt/airflow/dags/financial_health_rating.py
[2023-01-11T23:29:52.540+0000] {logging_mixin.py:137} INFO - [2023-01-11T23:29:52.540+0000] {dag.py:2676} INFO - Sync 1 DAGs
[2023-01-11T23:29:52.565+0000] {logging_mixin.py:137} INFO - [2023-01-11T23:29:52.565+0000] {dag.py:3427} INFO - Setting next_dagrun for financial_health_rating_v1 to 2023-02-01T10:00:00+00:00, run_after=2023-05-01T10:00:00+00:00
[2023-01-11T23:29:52.631+0000] {processor.py:175} INFO - Processing /opt/airflow/dags/financial_health_rating.py took 0.457 seconds
[2023-01-11T23:30:23.255+0000] {processor.py:153} INFO - Started process (PID=1596) to work on /opt/airflow/dags/financial_health_rating.py
[2023-01-11T23:30:23.256+0000] {processor.py:743} INFO - Processing file /opt/airflow/dags/financial_health_rating.py for tasks to queue
[2023-01-11T23:30:23.256+0000] {logging_mixin.py:137} INFO - [2023-01-11T23:30:23.256+0000] {dagbag.py:538} INFO - Filling up the DagBag from /opt/airflow/dags/financial_health_rating.py
[2023-01-11T23:30:23.540+0000] {processor.py:753} INFO - DAG(s) dict_keys(['financial_health_rating_v1']) retrieved from /opt/airflow/dags/financial_health_rating.py
[2023-01-11T23:30:23.573+0000] {logging_mixin.py:137} INFO - [2023-01-11T23:30:23.572+0000] {dag.py:2676} INFO - Sync 1 DAGs
[2023-01-11T23:30:23.598+0000] {logging_mixin.py:137} INFO - [2023-01-11T23:30:23.598+0000] {dag.py:3427} INFO - Setting next_dagrun for financial_health_rating_v1 to 2023-02-01T10:00:00+00:00, run_after=2023-05-01T10:00:00+00:00
[2023-01-11T23:30:23.648+0000] {processor.py:175} INFO - Processing /opt/airflow/dags/financial_health_rating.py took 0.395 seconds
[2023-01-11T23:30:54.145+0000] {processor.py:153} INFO - Started process (PID=1664) to work on /opt/airflow/dags/financial_health_rating.py
[2023-01-11T23:30:54.184+0000] {processor.py:743} INFO - Processing file /opt/airflow/dags/financial_health_rating.py for tasks to queue
[2023-01-11T23:30:54.185+0000] {logging_mixin.py:137} INFO - [2023-01-11T23:30:54.185+0000] {dagbag.py:538} INFO - Filling up the DagBag from /opt/airflow/dags/financial_health_rating.py
[2023-01-11T23:30:54.454+0000] {processor.py:753} INFO - DAG(s) dict_keys(['financial_health_rating_v1']) retrieved from /opt/airflow/dags/financial_health_rating.py
[2023-01-11T23:30:54.494+0000] {logging_mixin.py:137} INFO - [2023-01-11T23:30:54.494+0000] {dag.py:2676} INFO - Sync 1 DAGs
[2023-01-11T23:30:54.531+0000] {logging_mixin.py:137} INFO - [2023-01-11T23:30:54.530+0000] {dag.py:3427} INFO - Setting next_dagrun for financial_health_rating_v1 to 2023-02-01T10:00:00+00:00, run_after=2023-05-01T10:00:00+00:00
[2023-01-11T23:30:54.596+0000] {processor.py:175} INFO - Processing /opt/airflow/dags/financial_health_rating.py took 0.454 seconds
[2023-01-11T23:31:25.393+0000] {processor.py:153} INFO - Started process (PID=1753) to work on /opt/airflow/dags/financial_health_rating.py
[2023-01-11T23:31:25.394+0000] {processor.py:743} INFO - Processing file /opt/airflow/dags/financial_health_rating.py for tasks to queue
[2023-01-11T23:31:25.394+0000] {logging_mixin.py:137} INFO - [2023-01-11T23:31:25.394+0000] {dagbag.py:538} INFO - Filling up the DagBag from /opt/airflow/dags/financial_health_rating.py
[2023-01-11T23:31:25.646+0000] {processor.py:753} INFO - DAG(s) dict_keys(['financial_health_rating_v1']) retrieved from /opt/airflow/dags/financial_health_rating.py
[2023-01-11T23:31:25.677+0000] {logging_mixin.py:137} INFO - [2023-01-11T23:31:25.676+0000] {dag.py:2676} INFO - Sync 1 DAGs
[2023-01-11T23:31:25.700+0000] {logging_mixin.py:137} INFO - [2023-01-11T23:31:25.700+0000] {dag.py:3427} INFO - Setting next_dagrun for financial_health_rating_v1 to 2023-02-01T10:00:00+00:00, run_after=2023-05-01T10:00:00+00:00
[2023-01-11T23:31:25.815+0000] {processor.py:175} INFO - Processing /opt/airflow/dags/financial_health_rating.py took 0.424 seconds
[2023-01-11T23:31:56.234+0000] {processor.py:153} INFO - Started process (PID=1821) to work on /opt/airflow/dags/financial_health_rating.py
[2023-01-11T23:31:56.259+0000] {processor.py:743} INFO - Processing file /opt/airflow/dags/financial_health_rating.py for tasks to queue
[2023-01-11T23:31:56.259+0000] {logging_mixin.py:137} INFO - [2023-01-11T23:31:56.259+0000] {dagbag.py:538} INFO - Filling up the DagBag from /opt/airflow/dags/financial_health_rating.py
[2023-01-11T23:31:56.529+0000] {processor.py:753} INFO - DAG(s) dict_keys(['financial_health_rating_v1']) retrieved from /opt/airflow/dags/financial_health_rating.py
[2023-01-11T23:31:56.557+0000] {logging_mixin.py:137} INFO - [2023-01-11T23:31:56.557+0000] {dag.py:2676} INFO - Sync 1 DAGs
[2023-01-11T23:31:56.579+0000] {logging_mixin.py:137} INFO - [2023-01-11T23:31:56.579+0000] {dag.py:3427} INFO - Setting next_dagrun for financial_health_rating_v1 to 2023-02-01T10:00:00+00:00, run_after=2023-05-01T10:00:00+00:00
[2023-01-11T23:31:56.621+0000] {processor.py:175} INFO - Processing /opt/airflow/dags/financial_health_rating.py took 0.390 seconds
[2023-01-11T23:32:27.374+0000] {processor.py:153} INFO - Started process (PID=1910) to work on /opt/airflow/dags/financial_health_rating.py
[2023-01-11T23:32:27.374+0000] {processor.py:743} INFO - Processing file /opt/airflow/dags/financial_health_rating.py for tasks to queue
[2023-01-11T23:32:27.375+0000] {logging_mixin.py:137} INFO - [2023-01-11T23:32:27.375+0000] {dagbag.py:538} INFO - Filling up the DagBag from /opt/airflow/dags/financial_health_rating.py
[2023-01-11T23:32:27.602+0000] {processor.py:753} INFO - DAG(s) dict_keys(['financial_health_rating_v1']) retrieved from /opt/airflow/dags/financial_health_rating.py
[2023-01-11T23:32:27.633+0000] {logging_mixin.py:137} INFO - [2023-01-11T23:32:27.633+0000] {dag.py:2676} INFO - Sync 1 DAGs
[2023-01-11T23:32:27.658+0000] {logging_mixin.py:137} INFO - [2023-01-11T23:32:27.658+0000] {dag.py:3427} INFO - Setting next_dagrun for financial_health_rating_v1 to 2023-02-01T10:00:00+00:00, run_after=2023-05-01T10:00:00+00:00
[2023-01-11T23:32:27.711+0000] {processor.py:175} INFO - Processing /opt/airflow/dags/financial_health_rating.py took 0.340 seconds
[2023-01-11T23:32:58.122+0000] {processor.py:153} INFO - Started process (PID=1978) to work on /opt/airflow/dags/financial_health_rating.py
[2023-01-11T23:32:58.148+0000] {processor.py:743} INFO - Processing file /opt/airflow/dags/financial_health_rating.py for tasks to queue
[2023-01-11T23:32:58.149+0000] {logging_mixin.py:137} INFO - [2023-01-11T23:32:58.149+0000] {dagbag.py:538} INFO - Filling up the DagBag from /opt/airflow/dags/financial_health_rating.py
[2023-01-11T23:32:58.378+0000] {processor.py:753} INFO - DAG(s) dict_keys(['financial_health_rating_v1']) retrieved from /opt/airflow/dags/financial_health_rating.py
[2023-01-11T23:32:58.407+0000] {logging_mixin.py:137} INFO - [2023-01-11T23:32:58.407+0000] {dag.py:2676} INFO - Sync 1 DAGs
[2023-01-11T23:32:58.432+0000] {logging_mixin.py:137} INFO - [2023-01-11T23:32:58.432+0000] {dag.py:3427} INFO - Setting next_dagrun for financial_health_rating_v1 to 2023-02-01T10:00:00+00:00, run_after=2023-05-01T10:00:00+00:00
[2023-01-11T23:32:58.518+0000] {processor.py:175} INFO - Processing /opt/airflow/dags/financial_health_rating.py took 0.398 seconds
