[2023-01-11T13:29:11.280+0000] {processor.py:153} INFO - Started process (PID=112) to work on /opt/airflow/dags/general_rating.py
[2023-01-11T13:29:11.281+0000] {processor.py:743} INFO - Processing file /opt/airflow/dags/general_rating.py for tasks to queue
[2023-01-11T13:29:11.299+0000] {logging_mixin.py:137} INFO - [2023-01-11T13:29:11.299+0000] {dagbag.py:538} INFO - Filling up the DagBag from /opt/airflow/dags/general_rating.py
[2023-01-11T13:29:15.618+0000] {processor.py:753} INFO - DAG(s) dict_keys(['general_rating_v1']) retrieved from /opt/airflow/dags/general_rating.py
[2023-01-11T13:29:17.630+0000] {logging_mixin.py:137} INFO - [2023-01-11T13:29:17.630+0000] {manager.py:504} INFO - Created Permission View: can read on DAG:general_rating_v1
[2023-01-11T13:29:17.679+0000] {logging_mixin.py:137} INFO - [2023-01-11T13:29:17.679+0000] {manager.py:504} INFO - Created Permission View: can edit on DAG:general_rating_v1
[2023-01-11T13:29:17.729+0000] {logging_mixin.py:137} INFO - [2023-01-11T13:29:17.728+0000] {manager.py:504} INFO - Created Permission View: can delete on DAG:general_rating_v1
[2023-01-11T13:29:17.729+0000] {logging_mixin.py:137} INFO - [2023-01-11T13:29:17.729+0000] {dag.py:2676} INFO - Sync 1 DAGs
[2023-01-11T13:29:17.740+0000] {logging_mixin.py:137} INFO - [2023-01-11T13:29:17.740+0000] {dag.py:2697} INFO - Creating ORM DAG for general_rating_v1
[2023-01-11T13:29:17.751+0000] {logging_mixin.py:137} INFO - [2023-01-11T13:29:17.751+0000] {dag.py:3427} INFO - Setting next_dagrun for general_rating_v1 to 2023-02-01T10:00:00+00:00, run_after=2023-05-01T10:00:00+00:00
[2023-01-11T13:29:17.863+0000] {processor.py:175} INFO - Processing /opt/airflow/dags/general_rating.py took 6.584 seconds
[2023-01-11T13:29:48.516+0000] {processor.py:153} INFO - Started process (PID=200) to work on /opt/airflow/dags/general_rating.py
[2023-01-11T13:29:48.528+0000] {processor.py:743} INFO - Processing file /opt/airflow/dags/general_rating.py for tasks to queue
[2023-01-11T13:29:48.529+0000] {logging_mixin.py:137} INFO - [2023-01-11T13:29:48.528+0000] {dagbag.py:538} INFO - Filling up the DagBag from /opt/airflow/dags/general_rating.py
[2023-01-11T13:29:48.992+0000] {processor.py:753} INFO - DAG(s) dict_keys(['general_rating_v1']) retrieved from /opt/airflow/dags/general_rating.py
[2023-01-11T13:29:49.028+0000] {logging_mixin.py:137} INFO - [2023-01-11T13:29:49.027+0000] {dag.py:2676} INFO - Sync 1 DAGs
[2023-01-11T13:29:49.055+0000] {logging_mixin.py:137} INFO - [2023-01-11T13:29:49.055+0000] {dag.py:3427} INFO - Setting next_dagrun for general_rating_v1 to 2023-02-01T10:00:00+00:00, run_after=2023-05-01T10:00:00+00:00
[2023-01-11T13:29:49.145+0000] {processor.py:175} INFO - Processing /opt/airflow/dags/general_rating.py took 0.631 seconds
[2023-01-11T13:30:19.320+0000] {processor.py:153} INFO - Started process (PID=268) to work on /opt/airflow/dags/general_rating.py
[2023-01-11T13:30:19.335+0000] {processor.py:743} INFO - Processing file /opt/airflow/dags/general_rating.py for tasks to queue
[2023-01-11T13:30:19.335+0000] {logging_mixin.py:137} INFO - [2023-01-11T13:30:19.335+0000] {dagbag.py:538} INFO - Filling up the DagBag from /opt/airflow/dags/general_rating.py
[2023-01-11T13:30:19.573+0000] {processor.py:753} INFO - DAG(s) dict_keys(['general_rating_v1']) retrieved from /opt/airflow/dags/general_rating.py
[2023-01-11T13:30:19.603+0000] {logging_mixin.py:137} INFO - [2023-01-11T13:30:19.602+0000] {dag.py:2676} INFO - Sync 1 DAGs
[2023-01-11T13:30:19.625+0000] {logging_mixin.py:137} INFO - [2023-01-11T13:30:19.625+0000] {dag.py:3427} INFO - Setting next_dagrun for general_rating_v1 to 2023-02-01T10:00:00+00:00, run_after=2023-05-01T10:00:00+00:00
[2023-01-11T13:30:19.663+0000] {processor.py:175} INFO - Processing /opt/airflow/dags/general_rating.py took 0.345 seconds
[2023-01-11T13:30:50.439+0000] {processor.py:153} INFO - Started process (PID=336) to work on /opt/airflow/dags/general_rating.py
[2023-01-11T13:30:50.454+0000] {processor.py:743} INFO - Processing file /opt/airflow/dags/general_rating.py for tasks to queue
[2023-01-11T13:30:50.455+0000] {logging_mixin.py:137} INFO - [2023-01-11T13:30:50.454+0000] {dagbag.py:538} INFO - Filling up the DagBag from /opt/airflow/dags/general_rating.py
[2023-01-11T13:30:50.746+0000] {processor.py:753} INFO - DAG(s) dict_keys(['general_rating_v1']) retrieved from /opt/airflow/dags/general_rating.py
[2023-01-11T13:30:50.783+0000] {logging_mixin.py:137} INFO - [2023-01-11T13:30:50.783+0000] {dag.py:2676} INFO - Sync 1 DAGs
[2023-01-11T13:30:50.809+0000] {logging_mixin.py:137} INFO - [2023-01-11T13:30:50.809+0000] {dag.py:3427} INFO - Setting next_dagrun for general_rating_v1 to 2023-02-01T10:00:00+00:00, run_after=2023-05-01T10:00:00+00:00
[2023-01-11T13:30:50.854+0000] {processor.py:175} INFO - Processing /opt/airflow/dags/general_rating.py took 0.417 seconds
[2023-01-11T13:31:20.992+0000] {processor.py:153} INFO - Started process (PID=425) to work on /opt/airflow/dags/general_rating.py
[2023-01-11T13:31:20.997+0000] {processor.py:743} INFO - Processing file /opt/airflow/dags/general_rating.py for tasks to queue
[2023-01-11T13:31:20.998+0000] {logging_mixin.py:137} INFO - [2023-01-11T13:31:20.997+0000] {dagbag.py:538} INFO - Filling up the DagBag from /opt/airflow/dags/general_rating.py
[2023-01-11T13:31:21.258+0000] {processor.py:753} INFO - DAG(s) dict_keys(['general_rating_v1']) retrieved from /opt/airflow/dags/general_rating.py
[2023-01-11T13:31:21.289+0000] {logging_mixin.py:137} INFO - [2023-01-11T13:31:21.289+0000] {dag.py:2676} INFO - Sync 1 DAGs
[2023-01-11T13:31:21.315+0000] {logging_mixin.py:137} INFO - [2023-01-11T13:31:21.315+0000] {dag.py:3427} INFO - Setting next_dagrun for general_rating_v1 to 2023-02-01T10:00:00+00:00, run_after=2023-05-01T10:00:00+00:00
[2023-01-11T13:31:21.364+0000] {processor.py:175} INFO - Processing /opt/airflow/dags/general_rating.py took 0.376 seconds
[2023-01-11T13:31:51.466+0000] {processor.py:153} INFO - Started process (PID=493) to work on /opt/airflow/dags/general_rating.py
[2023-01-11T13:31:51.478+0000] {processor.py:743} INFO - Processing file /opt/airflow/dags/general_rating.py for tasks to queue
[2023-01-11T13:31:51.478+0000] {logging_mixin.py:137} INFO - [2023-01-11T13:31:51.478+0000] {dagbag.py:538} INFO - Filling up the DagBag from /opt/airflow/dags/general_rating.py
[2023-01-11T13:31:51.738+0000] {processor.py:753} INFO - DAG(s) dict_keys(['general_rating_v1']) retrieved from /opt/airflow/dags/general_rating.py
[2023-01-11T13:31:51.771+0000] {logging_mixin.py:137} INFO - [2023-01-11T13:31:51.771+0000] {dag.py:2676} INFO - Sync 1 DAGs
[2023-01-11T13:31:51.799+0000] {logging_mixin.py:137} INFO - [2023-01-11T13:31:51.799+0000] {dag.py:3427} INFO - Setting next_dagrun for general_rating_v1 to 2023-02-01T10:00:00+00:00, run_after=2023-05-01T10:00:00+00:00
[2023-01-11T13:31:51.841+0000] {processor.py:175} INFO - Processing /opt/airflow/dags/general_rating.py took 0.378 seconds
[2023-01-11T13:32:22.298+0000] {processor.py:153} INFO - Started process (PID=581) to work on /opt/airflow/dags/general_rating.py
[2023-01-11T13:32:22.323+0000] {processor.py:743} INFO - Processing file /opt/airflow/dags/general_rating.py for tasks to queue
[2023-01-11T13:32:22.324+0000] {logging_mixin.py:137} INFO - [2023-01-11T13:32:22.324+0000] {dagbag.py:538} INFO - Filling up the DagBag from /opt/airflow/dags/general_rating.py
[2023-01-11T13:32:22.662+0000] {processor.py:753} INFO - DAG(s) dict_keys(['general_rating_v1']) retrieved from /opt/airflow/dags/general_rating.py
[2023-01-11T13:32:22.699+0000] {logging_mixin.py:137} INFO - [2023-01-11T13:32:22.698+0000] {dag.py:2676} INFO - Sync 1 DAGs
[2023-01-11T13:32:22.726+0000] {logging_mixin.py:137} INFO - [2023-01-11T13:32:22.726+0000] {dag.py:3427} INFO - Setting next_dagrun for general_rating_v1 to 2023-02-01T10:00:00+00:00, run_after=2023-05-01T10:00:00+00:00
[2023-01-11T13:32:22.811+0000] {processor.py:175} INFO - Processing /opt/airflow/dags/general_rating.py took 0.516 seconds
[2023-01-11T13:32:53.366+0000] {processor.py:153} INFO - Started process (PID=649) to work on /opt/airflow/dags/general_rating.py
[2023-01-11T13:32:53.387+0000] {processor.py:743} INFO - Processing file /opt/airflow/dags/general_rating.py for tasks to queue
[2023-01-11T13:32:53.388+0000] {logging_mixin.py:137} INFO - [2023-01-11T13:32:53.388+0000] {dagbag.py:538} INFO - Filling up the DagBag from /opt/airflow/dags/general_rating.py
[2023-01-11T13:32:53.658+0000] {processor.py:753} INFO - DAG(s) dict_keys(['general_rating_v1']) retrieved from /opt/airflow/dags/general_rating.py
[2023-01-11T13:32:53.687+0000] {logging_mixin.py:137} INFO - [2023-01-11T13:32:53.687+0000] {dag.py:2676} INFO - Sync 1 DAGs
[2023-01-11T13:32:53.710+0000] {logging_mixin.py:137} INFO - [2023-01-11T13:32:53.710+0000] {dag.py:3427} INFO - Setting next_dagrun for general_rating_v1 to 2023-02-01T10:00:00+00:00, run_after=2023-05-01T10:00:00+00:00
[2023-01-11T13:32:53.753+0000] {processor.py:175} INFO - Processing /opt/airflow/dags/general_rating.py took 0.390 seconds
[2023-01-11T13:33:24.716+0000] {processor.py:153} INFO - Started process (PID=737) to work on /opt/airflow/dags/general_rating.py
[2023-01-11T13:33:24.728+0000] {processor.py:743} INFO - Processing file /opt/airflow/dags/general_rating.py for tasks to queue
[2023-01-11T13:33:24.729+0000] {logging_mixin.py:137} INFO - [2023-01-11T13:33:24.729+0000] {dagbag.py:538} INFO - Filling up the DagBag from /opt/airflow/dags/general_rating.py
[2023-01-11T13:33:25.023+0000] {processor.py:753} INFO - DAG(s) dict_keys(['general_rating_v1']) retrieved from /opt/airflow/dags/general_rating.py
[2023-01-11T13:33:25.057+0000] {logging_mixin.py:137} INFO - [2023-01-11T13:33:25.056+0000] {dag.py:2676} INFO - Sync 1 DAGs
[2023-01-11T13:33:25.079+0000] {logging_mixin.py:137} INFO - [2023-01-11T13:33:25.079+0000] {dag.py:3427} INFO - Setting next_dagrun for general_rating_v1 to 2023-02-01T10:00:00+00:00, run_after=2023-05-01T10:00:00+00:00
[2023-01-11T13:33:25.122+0000] {processor.py:175} INFO - Processing /opt/airflow/dags/general_rating.py took 0.409 seconds
[2023-01-11T13:33:56.064+0000] {processor.py:153} INFO - Started process (PID=805) to work on /opt/airflow/dags/general_rating.py
[2023-01-11T13:33:56.080+0000] {processor.py:743} INFO - Processing file /opt/airflow/dags/general_rating.py for tasks to queue
[2023-01-11T13:33:56.081+0000] {logging_mixin.py:137} INFO - [2023-01-11T13:33:56.081+0000] {dagbag.py:538} INFO - Filling up the DagBag from /opt/airflow/dags/general_rating.py
[2023-01-11T13:33:56.343+0000] {processor.py:753} INFO - DAG(s) dict_keys(['general_rating_v1']) retrieved from /opt/airflow/dags/general_rating.py
[2023-01-11T13:33:56.375+0000] {logging_mixin.py:137} INFO - [2023-01-11T13:33:56.374+0000] {dag.py:2676} INFO - Sync 1 DAGs
[2023-01-11T13:33:56.402+0000] {logging_mixin.py:137} INFO - [2023-01-11T13:33:56.402+0000] {dag.py:3427} INFO - Setting next_dagrun for general_rating_v1 to 2023-02-01T10:00:00+00:00, run_after=2023-05-01T10:00:00+00:00
[2023-01-11T13:33:56.455+0000] {processor.py:175} INFO - Processing /opt/airflow/dags/general_rating.py took 0.393 seconds
[2023-01-11T13:34:26.506+0000] {processor.py:153} INFO - Started process (PID=893) to work on /opt/airflow/dags/general_rating.py
[2023-01-11T13:34:26.529+0000] {processor.py:743} INFO - Processing file /opt/airflow/dags/general_rating.py for tasks to queue
[2023-01-11T13:34:26.530+0000] {logging_mixin.py:137} INFO - [2023-01-11T13:34:26.529+0000] {dagbag.py:538} INFO - Filling up the DagBag from /opt/airflow/dags/general_rating.py
[2023-01-11T13:34:26.842+0000] {processor.py:753} INFO - DAG(s) dict_keys(['general_rating_v1']) retrieved from /opt/airflow/dags/general_rating.py
[2023-01-11T13:34:26.876+0000] {logging_mixin.py:137} INFO - [2023-01-11T13:34:26.875+0000] {dag.py:2676} INFO - Sync 1 DAGs
[2023-01-11T13:34:26.903+0000] {logging_mixin.py:137} INFO - [2023-01-11T13:34:26.903+0000] {dag.py:3427} INFO - Setting next_dagrun for general_rating_v1 to 2023-02-01T10:00:00+00:00, run_after=2023-05-01T10:00:00+00:00
[2023-01-11T13:34:26.967+0000] {processor.py:175} INFO - Processing /opt/airflow/dags/general_rating.py took 0.463 seconds
[2023-01-11T13:36:34.120+0000] {processor.py:153} INFO - Started process (PID=80) to work on /opt/airflow/dags/general_rating.py
[2023-01-11T13:36:34.149+0000] {processor.py:743} INFO - Processing file /opt/airflow/dags/general_rating.py for tasks to queue
[2023-01-11T13:36:34.150+0000] {logging_mixin.py:137} INFO - [2023-01-11T13:36:34.150+0000] {dagbag.py:538} INFO - Filling up the DagBag from /opt/airflow/dags/general_rating.py
[2023-01-11T13:36:34.574+0000] {processor.py:753} INFO - DAG(s) dict_keys(['general_rating_v1']) retrieved from /opt/airflow/dags/general_rating.py
[2023-01-11T13:36:34.663+0000] {logging_mixin.py:137} INFO - [2023-01-11T13:36:34.662+0000] {dag.py:2676} INFO - Sync 1 DAGs
[2023-01-11T13:36:34.696+0000] {logging_mixin.py:137} INFO - [2023-01-11T13:36:34.696+0000] {dag.py:3427} INFO - Setting next_dagrun for general_rating_v1 to 2023-02-01T10:00:00+00:00, run_after=2023-05-01T10:00:00+00:00
[2023-01-11T13:36:34.754+0000] {processor.py:175} INFO - Processing /opt/airflow/dags/general_rating.py took 0.637 seconds
[2023-01-11T13:37:05.441+0000] {processor.py:153} INFO - Started process (PID=159) to work on /opt/airflow/dags/general_rating.py
[2023-01-11T13:37:05.451+0000] {processor.py:743} INFO - Processing file /opt/airflow/dags/general_rating.py for tasks to queue
[2023-01-11T13:37:05.452+0000] {logging_mixin.py:137} INFO - [2023-01-11T13:37:05.452+0000] {dagbag.py:538} INFO - Filling up the DagBag from /opt/airflow/dags/general_rating.py
[2023-01-11T13:37:05.711+0000] {processor.py:753} INFO - DAG(s) dict_keys(['general_rating_v1']) retrieved from /opt/airflow/dags/general_rating.py
[2023-01-11T13:37:05.741+0000] {logging_mixin.py:137} INFO - [2023-01-11T13:37:05.741+0000] {dag.py:2676} INFO - Sync 1 DAGs
[2023-01-11T13:37:05.764+0000] {logging_mixin.py:137} INFO - [2023-01-11T13:37:05.764+0000] {dag.py:3427} INFO - Setting next_dagrun for general_rating_v1 to 2023-02-01T10:00:00+00:00, run_after=2023-05-01T10:00:00+00:00
[2023-01-11T13:37:05.860+0000] {processor.py:175} INFO - Processing /opt/airflow/dags/general_rating.py took 0.423 seconds
[2023-01-11T13:37:36.425+0000] {processor.py:153} INFO - Started process (PID=234) to work on /opt/airflow/dags/general_rating.py
[2023-01-11T13:37:36.436+0000] {processor.py:743} INFO - Processing file /opt/airflow/dags/general_rating.py for tasks to queue
[2023-01-11T13:37:36.437+0000] {logging_mixin.py:137} INFO - [2023-01-11T13:37:36.437+0000] {dagbag.py:538} INFO - Filling up the DagBag from /opt/airflow/dags/general_rating.py
[2023-01-11T13:37:36.727+0000] {processor.py:753} INFO - DAG(s) dict_keys(['general_rating_v1']) retrieved from /opt/airflow/dags/general_rating.py
[2023-01-11T13:37:36.768+0000] {logging_mixin.py:137} INFO - [2023-01-11T13:37:36.768+0000] {dag.py:2676} INFO - Sync 1 DAGs
[2023-01-11T13:37:36.797+0000] {logging_mixin.py:137} INFO - [2023-01-11T13:37:36.797+0000] {dag.py:3427} INFO - Setting next_dagrun for general_rating_v1 to 2023-02-01T10:00:00+00:00, run_after=2023-05-01T10:00:00+00:00
[2023-01-11T13:37:36.841+0000] {processor.py:175} INFO - Processing /opt/airflow/dags/general_rating.py took 0.420 seconds
[2023-01-11T13:38:06.981+0000] {processor.py:153} INFO - Started process (PID=312) to work on /opt/airflow/dags/general_rating.py
[2023-01-11T13:38:06.981+0000] {processor.py:743} INFO - Processing file /opt/airflow/dags/general_rating.py for tasks to queue
[2023-01-11T13:38:06.982+0000] {logging_mixin.py:137} INFO - [2023-01-11T13:38:06.981+0000] {dagbag.py:538} INFO - Filling up the DagBag from /opt/airflow/dags/general_rating.py
[2023-01-11T13:38:07.248+0000] {processor.py:753} INFO - DAG(s) dict_keys(['general_rating_v1']) retrieved from /opt/airflow/dags/general_rating.py
[2023-01-11T13:38:07.289+0000] {logging_mixin.py:137} INFO - [2023-01-11T13:38:07.288+0000] {dag.py:2676} INFO - Sync 1 DAGs
[2023-01-11T13:38:07.328+0000] {logging_mixin.py:137} INFO - [2023-01-11T13:38:07.328+0000] {dag.py:3427} INFO - Setting next_dagrun for general_rating_v1 to 2023-02-01T10:00:00+00:00, run_after=2023-05-01T10:00:00+00:00
[2023-01-11T13:38:07.514+0000] {processor.py:175} INFO - Processing /opt/airflow/dags/general_rating.py took 0.535 seconds
[2023-01-11T13:40:06.347+0000] {processor.py:153} INFO - Started process (PID=71) to work on /opt/airflow/dags/general_rating.py
[2023-01-11T13:40:06.367+0000] {processor.py:743} INFO - Processing file /opt/airflow/dags/general_rating.py for tasks to queue
[2023-01-11T13:40:06.368+0000] {logging_mixin.py:137} INFO - [2023-01-11T13:40:06.368+0000] {dagbag.py:538} INFO - Filling up the DagBag from /opt/airflow/dags/general_rating.py
[2023-01-11T13:40:06.696+0000] {processor.py:753} INFO - DAG(s) dict_keys(['general_rating_v1']) retrieved from /opt/airflow/dags/general_rating.py
[2023-01-11T13:40:06.796+0000] {logging_mixin.py:137} INFO - [2023-01-11T13:40:06.796+0000] {dag.py:2676} INFO - Sync 1 DAGs
[2023-01-11T13:40:06.825+0000] {logging_mixin.py:137} INFO - [2023-01-11T13:40:06.825+0000] {dag.py:3427} INFO - Setting next_dagrun for general_rating_v1 to 2023-02-01T10:00:00+00:00, run_after=2023-05-01T10:00:00+00:00
[2023-01-11T13:40:06.867+0000] {processor.py:175} INFO - Processing /opt/airflow/dags/general_rating.py took 0.523 seconds
[2023-01-11T13:40:37.116+0000] {processor.py:153} INFO - Started process (PID=139) to work on /opt/airflow/dags/general_rating.py
[2023-01-11T13:40:37.116+0000] {processor.py:743} INFO - Processing file /opt/airflow/dags/general_rating.py for tasks to queue
[2023-01-11T13:40:37.117+0000] {logging_mixin.py:137} INFO - [2023-01-11T13:40:37.117+0000] {dagbag.py:538} INFO - Filling up the DagBag from /opt/airflow/dags/general_rating.py
[2023-01-11T13:40:37.391+0000] {processor.py:753} INFO - DAG(s) dict_keys(['general_rating_v1']) retrieved from /opt/airflow/dags/general_rating.py
[2023-01-11T13:40:37.425+0000] {logging_mixin.py:137} INFO - [2023-01-11T13:40:37.425+0000] {dag.py:2676} INFO - Sync 1 DAGs
[2023-01-11T13:40:37.460+0000] {logging_mixin.py:137} INFO - [2023-01-11T13:40:37.460+0000] {dag.py:3427} INFO - Setting next_dagrun for general_rating_v1 to 2023-02-01T10:00:00+00:00, run_after=2023-05-01T10:00:00+00:00
[2023-01-11T13:40:37.516+0000] {processor.py:175} INFO - Processing /opt/airflow/dags/general_rating.py took 0.403 seconds
[2023-01-11T13:41:08.481+0000] {processor.py:153} INFO - Started process (PID=227) to work on /opt/airflow/dags/general_rating.py
[2023-01-11T13:41:08.497+0000] {processor.py:743} INFO - Processing file /opt/airflow/dags/general_rating.py for tasks to queue
[2023-01-11T13:41:08.498+0000] {logging_mixin.py:137} INFO - [2023-01-11T13:41:08.498+0000] {dagbag.py:538} INFO - Filling up the DagBag from /opt/airflow/dags/general_rating.py
[2023-01-11T13:41:08.824+0000] {processor.py:753} INFO - DAG(s) dict_keys(['general_rating_v1']) retrieved from /opt/airflow/dags/general_rating.py
[2023-01-11T13:41:08.866+0000] {logging_mixin.py:137} INFO - [2023-01-11T13:41:08.866+0000] {dag.py:2676} INFO - Sync 1 DAGs
[2023-01-11T13:41:08.905+0000] {logging_mixin.py:137} INFO - [2023-01-11T13:41:08.905+0000] {dag.py:3427} INFO - Setting next_dagrun for general_rating_v1 to 2023-02-01T10:00:00+00:00, run_after=2023-05-01T10:00:00+00:00
[2023-01-11T13:41:08.987+0000] {processor.py:175} INFO - Processing /opt/airflow/dags/general_rating.py took 0.518 seconds
[2023-01-11T13:41:39.477+0000] {processor.py:153} INFO - Started process (PID=295) to work on /opt/airflow/dags/general_rating.py
[2023-01-11T13:41:39.478+0000] {processor.py:743} INFO - Processing file /opt/airflow/dags/general_rating.py for tasks to queue
[2023-01-11T13:41:39.479+0000] {logging_mixin.py:137} INFO - [2023-01-11T13:41:39.478+0000] {dagbag.py:538} INFO - Filling up the DagBag from /opt/airflow/dags/general_rating.py
[2023-01-11T13:41:39.774+0000] {processor.py:753} INFO - DAG(s) dict_keys(['general_rating_v1']) retrieved from /opt/airflow/dags/general_rating.py
[2023-01-11T13:41:39.815+0000] {logging_mixin.py:137} INFO - [2023-01-11T13:41:39.815+0000] {dag.py:2676} INFO - Sync 1 DAGs
[2023-01-11T13:41:39.844+0000] {logging_mixin.py:137} INFO - [2023-01-11T13:41:39.844+0000] {dag.py:3427} INFO - Setting next_dagrun for general_rating_v1 to 2023-02-01T10:00:00+00:00, run_after=2023-05-01T10:00:00+00:00
[2023-01-11T13:41:39.999+0000] {processor.py:175} INFO - Processing /opt/airflow/dags/general_rating.py took 0.525 seconds
[2023-01-11T13:42:10.096+0000] {processor.py:153} INFO - Started process (PID=383) to work on /opt/airflow/dags/general_rating.py
[2023-01-11T13:42:10.097+0000] {processor.py:743} INFO - Processing file /opt/airflow/dags/general_rating.py for tasks to queue
[2023-01-11T13:42:10.097+0000] {logging_mixin.py:137} INFO - [2023-01-11T13:42:10.097+0000] {dagbag.py:538} INFO - Filling up the DagBag from /opt/airflow/dags/general_rating.py
[2023-01-11T13:42:10.327+0000] {processor.py:753} INFO - DAG(s) dict_keys(['general_rating_v1']) retrieved from /opt/airflow/dags/general_rating.py
[2023-01-11T13:42:10.364+0000] {logging_mixin.py:137} INFO - [2023-01-11T13:42:10.364+0000] {dag.py:2676} INFO - Sync 1 DAGs
[2023-01-11T13:42:10.387+0000] {logging_mixin.py:137} INFO - [2023-01-11T13:42:10.387+0000] {dag.py:3427} INFO - Setting next_dagrun for general_rating_v1 to 2023-02-01T10:00:00+00:00, run_after=2023-05-01T10:00:00+00:00
[2023-01-11T13:42:10.440+0000] {processor.py:175} INFO - Processing /opt/airflow/dags/general_rating.py took 0.346 seconds
[2023-01-11T13:42:41.055+0000] {processor.py:153} INFO - Started process (PID=451) to work on /opt/airflow/dags/general_rating.py
[2023-01-11T13:42:41.067+0000] {processor.py:743} INFO - Processing file /opt/airflow/dags/general_rating.py for tasks to queue
[2023-01-11T13:42:41.067+0000] {logging_mixin.py:137} INFO - [2023-01-11T13:42:41.067+0000] {dagbag.py:538} INFO - Filling up the DagBag from /opt/airflow/dags/general_rating.py
[2023-01-11T13:42:41.323+0000] {processor.py:753} INFO - DAG(s) dict_keys(['general_rating_v1']) retrieved from /opt/airflow/dags/general_rating.py
[2023-01-11T13:42:41.356+0000] {logging_mixin.py:137} INFO - [2023-01-11T13:42:41.355+0000] {dag.py:2676} INFO - Sync 1 DAGs
[2023-01-11T13:42:41.381+0000] {logging_mixin.py:137} INFO - [2023-01-11T13:42:41.381+0000] {dag.py:3427} INFO - Setting next_dagrun for general_rating_v1 to 2023-02-01T10:00:00+00:00, run_after=2023-05-01T10:00:00+00:00
[2023-01-11T13:42:41.429+0000] {processor.py:175} INFO - Processing /opt/airflow/dags/general_rating.py took 0.377 seconds
[2023-01-11T23:20:32.201+0000] {processor.py:153} INFO - Started process (PID=131) to work on /opt/airflow/dags/general_rating.py
[2023-01-11T23:20:32.258+0000] {processor.py:743} INFO - Processing file /opt/airflow/dags/general_rating.py for tasks to queue
[2023-01-11T23:20:32.259+0000] {logging_mixin.py:137} INFO - [2023-01-11T23:20:32.259+0000] {dagbag.py:538} INFO - Filling up the DagBag from /opt/airflow/dags/general_rating.py
[2023-01-11T23:20:32.581+0000] {processor.py:753} INFO - DAG(s) dict_keys(['general_rating_v1']) retrieved from /opt/airflow/dags/general_rating.py
[2023-01-11T23:20:32.664+0000] {logging_mixin.py:137} INFO - [2023-01-11T23:20:32.664+0000] {dag.py:2676} INFO - Sync 1 DAGs
[2023-01-11T23:20:32.692+0000] {logging_mixin.py:137} INFO - [2023-01-11T23:20:32.692+0000] {dag.py:3427} INFO - Setting next_dagrun for general_rating_v1 to 2023-02-01T10:00:00+00:00, run_after=2023-05-01T10:00:00+00:00
[2023-01-11T23:20:33.083+0000] {processor.py:175} INFO - Processing /opt/airflow/dags/general_rating.py took 0.886 seconds
[2023-01-11T23:21:03.214+0000] {processor.py:153} INFO - Started process (PID=199) to work on /opt/airflow/dags/general_rating.py
[2023-01-11T23:21:03.214+0000] {processor.py:743} INFO - Processing file /opt/airflow/dags/general_rating.py for tasks to queue
[2023-01-11T23:21:03.215+0000] {logging_mixin.py:137} INFO - [2023-01-11T23:21:03.215+0000] {dagbag.py:538} INFO - Filling up the DagBag from /opt/airflow/dags/general_rating.py
[2023-01-11T23:21:03.472+0000] {processor.py:753} INFO - DAG(s) dict_keys(['general_rating_v1']) retrieved from /opt/airflow/dags/general_rating.py
[2023-01-11T23:21:03.503+0000] {logging_mixin.py:137} INFO - [2023-01-11T23:21:03.502+0000] {dag.py:2676} INFO - Sync 1 DAGs
[2023-01-11T23:21:03.529+0000] {logging_mixin.py:137} INFO - [2023-01-11T23:21:03.529+0000] {dag.py:3427} INFO - Setting next_dagrun for general_rating_v1 to 2023-02-01T10:00:00+00:00, run_after=2023-05-01T10:00:00+00:00
[2023-01-11T23:21:03.624+0000] {processor.py:175} INFO - Processing /opt/airflow/dags/general_rating.py took 0.412 seconds
[2023-01-11T23:21:33.747+0000] {processor.py:153} INFO - Started process (PID=267) to work on /opt/airflow/dags/general_rating.py
[2023-01-11T23:21:33.910+0000] {processor.py:743} INFO - Processing file /opt/airflow/dags/general_rating.py for tasks to queue
[2023-01-11T23:21:33.911+0000] {logging_mixin.py:137} INFO - [2023-01-11T23:21:33.911+0000] {dagbag.py:538} INFO - Filling up the DagBag from /opt/airflow/dags/general_rating.py
[2023-01-11T23:21:34.153+0000] {processor.py:753} INFO - DAG(s) dict_keys(['general_rating_v1']) retrieved from /opt/airflow/dags/general_rating.py
[2023-01-11T23:21:34.181+0000] {logging_mixin.py:137} INFO - [2023-01-11T23:21:34.180+0000] {dag.py:2676} INFO - Sync 1 DAGs
[2023-01-11T23:21:34.203+0000] {logging_mixin.py:137} INFO - [2023-01-11T23:21:34.203+0000] {dag.py:3427} INFO - Setting next_dagrun for general_rating_v1 to 2023-02-01T10:00:00+00:00, run_after=2023-05-01T10:00:00+00:00
[2023-01-11T23:21:34.281+0000] {processor.py:175} INFO - Processing /opt/airflow/dags/general_rating.py took 0.537 seconds
[2023-01-11T23:22:04.982+0000] {processor.py:153} INFO - Started process (PID=355) to work on /opt/airflow/dags/general_rating.py
[2023-01-11T23:22:04.983+0000] {processor.py:743} INFO - Processing file /opt/airflow/dags/general_rating.py for tasks to queue
[2023-01-11T23:22:04.983+0000] {logging_mixin.py:137} INFO - [2023-01-11T23:22:04.983+0000] {dagbag.py:538} INFO - Filling up the DagBag from /opt/airflow/dags/general_rating.py
[2023-01-11T23:22:05.206+0000] {processor.py:753} INFO - DAG(s) dict_keys(['general_rating_v1']) retrieved from /opt/airflow/dags/general_rating.py
[2023-01-11T23:22:05.233+0000] {logging_mixin.py:137} INFO - [2023-01-11T23:22:05.233+0000] {dag.py:2676} INFO - Sync 1 DAGs
[2023-01-11T23:22:05.253+0000] {logging_mixin.py:137} INFO - [2023-01-11T23:22:05.253+0000] {dag.py:3427} INFO - Setting next_dagrun for general_rating_v1 to 2023-02-01T10:00:00+00:00, run_after=2023-05-01T10:00:00+00:00
[2023-01-11T23:22:05.334+0000] {processor.py:175} INFO - Processing /opt/airflow/dags/general_rating.py took 0.354 seconds
[2023-01-11T23:22:35.556+0000] {processor.py:153} INFO - Started process (PID=423) to work on /opt/airflow/dags/general_rating.py
[2023-01-11T23:22:35.567+0000] {processor.py:743} INFO - Processing file /opt/airflow/dags/general_rating.py for tasks to queue
[2023-01-11T23:22:35.568+0000] {logging_mixin.py:137} INFO - [2023-01-11T23:22:35.568+0000] {dagbag.py:538} INFO - Filling up the DagBag from /opt/airflow/dags/general_rating.py
[2023-01-11T23:22:35.925+0000] {processor.py:753} INFO - DAG(s) dict_keys(['general_rating_v1']) retrieved from /opt/airflow/dags/general_rating.py
[2023-01-11T23:22:35.967+0000] {logging_mixin.py:137} INFO - [2023-01-11T23:22:35.967+0000] {dag.py:2676} INFO - Sync 1 DAGs
[2023-01-11T23:22:35.994+0000] {logging_mixin.py:137} INFO - [2023-01-11T23:22:35.994+0000] {dag.py:3427} INFO - Setting next_dagrun for general_rating_v1 to 2023-02-01T10:00:00+00:00, run_after=2023-05-01T10:00:00+00:00
[2023-01-11T23:22:36.172+0000] {processor.py:175} INFO - Processing /opt/airflow/dags/general_rating.py took 0.618 seconds
[2023-01-11T23:23:06.300+0000] {processor.py:153} INFO - Started process (PID=511) to work on /opt/airflow/dags/general_rating.py
[2023-01-11T23:23:06.373+0000] {processor.py:743} INFO - Processing file /opt/airflow/dags/general_rating.py for tasks to queue
[2023-01-11T23:23:06.374+0000] {logging_mixin.py:137} INFO - [2023-01-11T23:23:06.374+0000] {dagbag.py:538} INFO - Filling up the DagBag from /opt/airflow/dags/general_rating.py
[2023-01-11T23:23:06.597+0000] {processor.py:753} INFO - DAG(s) dict_keys(['general_rating_v1']) retrieved from /opt/airflow/dags/general_rating.py
[2023-01-11T23:23:06.623+0000] {logging_mixin.py:137} INFO - [2023-01-11T23:23:06.623+0000] {dag.py:2676} INFO - Sync 1 DAGs
[2023-01-11T23:23:06.644+0000] {logging_mixin.py:137} INFO - [2023-01-11T23:23:06.644+0000] {dag.py:3427} INFO - Setting next_dagrun for general_rating_v1 to 2023-02-01T10:00:00+00:00, run_after=2023-05-01T10:00:00+00:00
[2023-01-11T23:23:06.899+0000] {processor.py:175} INFO - Processing /opt/airflow/dags/general_rating.py took 0.602 seconds
[2023-01-11T23:23:37.773+0000] {processor.py:153} INFO - Started process (PID=579) to work on /opt/airflow/dags/general_rating.py
[2023-01-11T23:23:37.774+0000] {processor.py:743} INFO - Processing file /opt/airflow/dags/general_rating.py for tasks to queue
[2023-01-11T23:23:37.774+0000] {logging_mixin.py:137} INFO - [2023-01-11T23:23:37.774+0000] {dagbag.py:538} INFO - Filling up the DagBag from /opt/airflow/dags/general_rating.py
[2023-01-11T23:23:38.102+0000] {processor.py:753} INFO - DAG(s) dict_keys(['general_rating_v1']) retrieved from /opt/airflow/dags/general_rating.py
[2023-01-11T23:23:38.133+0000] {logging_mixin.py:137} INFO - [2023-01-11T23:23:38.133+0000] {dag.py:2676} INFO - Sync 1 DAGs
[2023-01-11T23:23:38.158+0000] {logging_mixin.py:137} INFO - [2023-01-11T23:23:38.158+0000] {dag.py:3427} INFO - Setting next_dagrun for general_rating_v1 to 2023-02-01T10:00:00+00:00, run_after=2023-05-01T10:00:00+00:00
[2023-01-11T23:23:38.216+0000] {processor.py:175} INFO - Processing /opt/airflow/dags/general_rating.py took 0.446 seconds
[2023-01-11T23:24:08.625+0000] {processor.py:153} INFO - Started process (PID=667) to work on /opt/airflow/dags/general_rating.py
[2023-01-11T23:24:08.633+0000] {processor.py:743} INFO - Processing file /opt/airflow/dags/general_rating.py for tasks to queue
[2023-01-11T23:24:08.634+0000] {logging_mixin.py:137} INFO - [2023-01-11T23:24:08.634+0000] {dagbag.py:538} INFO - Filling up the DagBag from /opt/airflow/dags/general_rating.py
[2023-01-11T23:24:08.945+0000] {processor.py:753} INFO - DAG(s) dict_keys(['general_rating_v1']) retrieved from /opt/airflow/dags/general_rating.py
[2023-01-11T23:24:08.978+0000] {logging_mixin.py:137} INFO - [2023-01-11T23:24:08.978+0000] {dag.py:2676} INFO - Sync 1 DAGs
[2023-01-11T23:24:09.006+0000] {logging_mixin.py:137} INFO - [2023-01-11T23:24:09.005+0000] {dag.py:3427} INFO - Setting next_dagrun for general_rating_v1 to 2023-02-01T10:00:00+00:00, run_after=2023-05-01T10:00:00+00:00
[2023-01-11T23:24:09.044+0000] {processor.py:175} INFO - Processing /opt/airflow/dags/general_rating.py took 0.422 seconds
[2023-01-11T23:24:39.331+0000] {processor.py:153} INFO - Started process (PID=735) to work on /opt/airflow/dags/general_rating.py
[2023-01-11T23:24:39.332+0000] {processor.py:743} INFO - Processing file /opt/airflow/dags/general_rating.py for tasks to queue
[2023-01-11T23:24:39.332+0000] {logging_mixin.py:137} INFO - [2023-01-11T23:24:39.332+0000] {dagbag.py:538} INFO - Filling up the DagBag from /opt/airflow/dags/general_rating.py
[2023-01-11T23:24:39.684+0000] {processor.py:753} INFO - DAG(s) dict_keys(['general_rating_v1']) retrieved from /opt/airflow/dags/general_rating.py
[2023-01-11T23:24:39.712+0000] {logging_mixin.py:137} INFO - [2023-01-11T23:24:39.711+0000] {dag.py:2676} INFO - Sync 1 DAGs
[2023-01-11T23:24:39.734+0000] {logging_mixin.py:137} INFO - [2023-01-11T23:24:39.733+0000] {dag.py:3427} INFO - Setting next_dagrun for general_rating_v1 to 2023-02-01T10:00:00+00:00, run_after=2023-05-01T10:00:00+00:00
[2023-01-11T23:24:39.793+0000] {processor.py:175} INFO - Processing /opt/airflow/dags/general_rating.py took 0.465 seconds
[2023-01-11T23:25:10.225+0000] {processor.py:153} INFO - Started process (PID=823) to work on /opt/airflow/dags/general_rating.py
[2023-01-11T23:25:10.274+0000] {processor.py:743} INFO - Processing file /opt/airflow/dags/general_rating.py for tasks to queue
[2023-01-11T23:25:10.274+0000] {logging_mixin.py:137} INFO - [2023-01-11T23:25:10.274+0000] {dagbag.py:538} INFO - Filling up the DagBag from /opt/airflow/dags/general_rating.py
[2023-01-11T23:25:10.564+0000] {processor.py:753} INFO - DAG(s) dict_keys(['general_rating_v1']) retrieved from /opt/airflow/dags/general_rating.py
[2023-01-11T23:25:10.604+0000] {logging_mixin.py:137} INFO - [2023-01-11T23:25:10.604+0000] {dag.py:2676} INFO - Sync 1 DAGs
[2023-01-11T23:25:10.644+0000] {logging_mixin.py:137} INFO - [2023-01-11T23:25:10.644+0000] {dag.py:3427} INFO - Setting next_dagrun for general_rating_v1 to 2023-02-01T10:00:00+00:00, run_after=2023-05-01T10:00:00+00:00
[2023-01-11T23:25:10.714+0000] {processor.py:175} INFO - Processing /opt/airflow/dags/general_rating.py took 0.491 seconds
[2023-01-11T23:25:41.102+0000] {processor.py:153} INFO - Started process (PID=891) to work on /opt/airflow/dags/general_rating.py
[2023-01-11T23:25:41.283+0000] {processor.py:743} INFO - Processing file /opt/airflow/dags/general_rating.py for tasks to queue
[2023-01-11T23:25:41.284+0000] {logging_mixin.py:137} INFO - [2023-01-11T23:25:41.284+0000] {dagbag.py:538} INFO - Filling up the DagBag from /opt/airflow/dags/general_rating.py
[2023-01-11T23:25:41.576+0000] {processor.py:753} INFO - DAG(s) dict_keys(['general_rating_v1']) retrieved from /opt/airflow/dags/general_rating.py
[2023-01-11T23:25:41.608+0000] {logging_mixin.py:137} INFO - [2023-01-11T23:25:41.607+0000] {dag.py:2676} INFO - Sync 1 DAGs
[2023-01-11T23:25:41.636+0000] {logging_mixin.py:137} INFO - [2023-01-11T23:25:41.636+0000] {dag.py:3427} INFO - Setting next_dagrun for general_rating_v1 to 2023-02-01T10:00:00+00:00, run_after=2023-05-01T10:00:00+00:00
[2023-01-11T23:25:41.790+0000] {processor.py:175} INFO - Processing /opt/airflow/dags/general_rating.py took 0.691 seconds
[2023-01-11T23:26:11.899+0000] {processor.py:153} INFO - Started process (PID=961) to work on /opt/airflow/dags/general_rating.py
[2023-01-11T23:26:11.982+0000] {processor.py:743} INFO - Processing file /opt/airflow/dags/general_rating.py for tasks to queue
[2023-01-11T23:26:11.983+0000] {logging_mixin.py:137} INFO - [2023-01-11T23:26:11.983+0000] {dagbag.py:538} INFO - Filling up the DagBag from /opt/airflow/dags/general_rating.py
[2023-01-11T23:26:12.416+0000] {processor.py:753} INFO - DAG(s) dict_keys(['general_rating_v1']) retrieved from /opt/airflow/dags/general_rating.py
[2023-01-11T23:26:12.465+0000] {logging_mixin.py:137} INFO - [2023-01-11T23:26:12.464+0000] {dag.py:2676} INFO - Sync 1 DAGs
[2023-01-11T23:26:12.508+0000] {logging_mixin.py:137} INFO - [2023-01-11T23:26:12.508+0000] {dag.py:3427} INFO - Setting next_dagrun for general_rating_v1 to 2023-02-01T10:00:00+00:00, run_after=2023-05-01T10:00:00+00:00
[2023-01-11T23:26:12.593+0000] {processor.py:175} INFO - Processing /opt/airflow/dags/general_rating.py took 0.696 seconds
[2023-01-11T23:26:42.757+0000] {processor.py:153} INFO - Started process (PID=1049) to work on /opt/airflow/dags/general_rating.py
[2023-01-11T23:26:42.757+0000] {processor.py:743} INFO - Processing file /opt/airflow/dags/general_rating.py for tasks to queue
[2023-01-11T23:26:42.758+0000] {logging_mixin.py:137} INFO - [2023-01-11T23:26:42.758+0000] {dagbag.py:538} INFO - Filling up the DagBag from /opt/airflow/dags/general_rating.py
[2023-01-11T23:26:43.102+0000] {processor.py:753} INFO - DAG(s) dict_keys(['general_rating_v1']) retrieved from /opt/airflow/dags/general_rating.py
[2023-01-11T23:26:43.136+0000] {logging_mixin.py:137} INFO - [2023-01-11T23:26:43.136+0000] {dag.py:2676} INFO - Sync 1 DAGs
[2023-01-11T23:26:43.173+0000] {logging_mixin.py:137} INFO - [2023-01-11T23:26:43.173+0000] {dag.py:3427} INFO - Setting next_dagrun for general_rating_v1 to 2023-02-01T10:00:00+00:00, run_after=2023-05-01T10:00:00+00:00
[2023-01-11T23:26:43.224+0000] {processor.py:175} INFO - Processing /opt/airflow/dags/general_rating.py took 0.471 seconds
[2023-01-11T23:27:13.525+0000] {processor.py:153} INFO - Started process (PID=1117) to work on /opt/airflow/dags/general_rating.py
[2023-01-11T23:27:13.532+0000] {processor.py:743} INFO - Processing file /opt/airflow/dags/general_rating.py for tasks to queue
[2023-01-11T23:27:13.532+0000] {logging_mixin.py:137} INFO - [2023-01-11T23:27:13.532+0000] {dagbag.py:538} INFO - Filling up the DagBag from /opt/airflow/dags/general_rating.py
[2023-01-11T23:27:13.786+0000] {processor.py:753} INFO - DAG(s) dict_keys(['general_rating_v1']) retrieved from /opt/airflow/dags/general_rating.py
[2023-01-11T23:27:13.818+0000] {logging_mixin.py:137} INFO - [2023-01-11T23:27:13.818+0000] {dag.py:2676} INFO - Sync 1 DAGs
[2023-01-11T23:27:13.844+0000] {logging_mixin.py:137} INFO - [2023-01-11T23:27:13.844+0000] {dag.py:3427} INFO - Setting next_dagrun for general_rating_v1 to 2023-02-01T10:00:00+00:00, run_after=2023-05-01T10:00:00+00:00
[2023-01-11T23:27:13.952+0000] {processor.py:175} INFO - Processing /opt/airflow/dags/general_rating.py took 0.429 seconds
[2023-01-11T23:27:44.279+0000] {processor.py:153} INFO - Started process (PID=1205) to work on /opt/airflow/dags/general_rating.py
[2023-01-11T23:27:44.280+0000] {processor.py:743} INFO - Processing file /opt/airflow/dags/general_rating.py for tasks to queue
[2023-01-11T23:27:44.281+0000] {logging_mixin.py:137} INFO - [2023-01-11T23:27:44.281+0000] {dagbag.py:538} INFO - Filling up the DagBag from /opt/airflow/dags/general_rating.py
[2023-01-11T23:27:44.641+0000] {processor.py:753} INFO - DAG(s) dict_keys(['general_rating_v1']) retrieved from /opt/airflow/dags/general_rating.py
[2023-01-11T23:27:44.679+0000] {logging_mixin.py:137} INFO - [2023-01-11T23:27:44.679+0000] {dag.py:2676} INFO - Sync 1 DAGs
[2023-01-11T23:27:44.716+0000] {logging_mixin.py:137} INFO - [2023-01-11T23:27:44.716+0000] {dag.py:3427} INFO - Setting next_dagrun for general_rating_v1 to 2023-02-01T10:00:00+00:00, run_after=2023-05-01T10:00:00+00:00
[2023-01-11T23:27:45.012+0000] {processor.py:175} INFO - Processing /opt/airflow/dags/general_rating.py took 0.735 seconds
[2023-01-11T23:28:15.294+0000] {processor.py:153} INFO - Started process (PID=1273) to work on /opt/airflow/dags/general_rating.py
[2023-01-11T23:28:15.304+0000] {processor.py:743} INFO - Processing file /opt/airflow/dags/general_rating.py for tasks to queue
[2023-01-11T23:28:15.305+0000] {logging_mixin.py:137} INFO - [2023-01-11T23:28:15.305+0000] {dagbag.py:538} INFO - Filling up the DagBag from /opt/airflow/dags/general_rating.py
[2023-01-11T23:28:15.574+0000] {processor.py:753} INFO - DAG(s) dict_keys(['general_rating_v1']) retrieved from /opt/airflow/dags/general_rating.py
[2023-01-11T23:28:15.606+0000] {logging_mixin.py:137} INFO - [2023-01-11T23:28:15.605+0000] {dag.py:2676} INFO - Sync 1 DAGs
[2023-01-11T23:28:15.631+0000] {logging_mixin.py:137} INFO - [2023-01-11T23:28:15.630+0000] {dag.py:3427} INFO - Setting next_dagrun for general_rating_v1 to 2023-02-01T10:00:00+00:00, run_after=2023-05-01T10:00:00+00:00
[2023-01-11T23:28:15.891+0000] {processor.py:175} INFO - Processing /opt/airflow/dags/general_rating.py took 0.600 seconds
[2023-01-11T23:28:46.439+0000] {processor.py:153} INFO - Started process (PID=1341) to work on /opt/airflow/dags/general_rating.py
[2023-01-11T23:28:46.440+0000] {processor.py:743} INFO - Processing file /opt/airflow/dags/general_rating.py for tasks to queue
[2023-01-11T23:28:46.440+0000] {logging_mixin.py:137} INFO - [2023-01-11T23:28:46.440+0000] {dagbag.py:538} INFO - Filling up the DagBag from /opt/airflow/dags/general_rating.py
[2023-01-11T23:28:46.709+0000] {processor.py:753} INFO - DAG(s) dict_keys(['general_rating_v1']) retrieved from /opt/airflow/dags/general_rating.py
[2023-01-11T23:28:46.744+0000] {logging_mixin.py:137} INFO - [2023-01-11T23:28:46.744+0000] {dag.py:2676} INFO - Sync 1 DAGs
[2023-01-11T23:28:46.772+0000] {logging_mixin.py:137} INFO - [2023-01-11T23:28:46.772+0000] {dag.py:3427} INFO - Setting next_dagrun for general_rating_v1 to 2023-02-01T10:00:00+00:00, run_after=2023-05-01T10:00:00+00:00
[2023-01-11T23:28:46.815+0000] {processor.py:175} INFO - Processing /opt/airflow/dags/general_rating.py took 0.378 seconds
[2023-01-11T23:29:17.190+0000] {processor.py:153} INFO - Started process (PID=1429) to work on /opt/airflow/dags/general_rating.py
[2023-01-11T23:29:17.243+0000] {processor.py:743} INFO - Processing file /opt/airflow/dags/general_rating.py for tasks to queue
[2023-01-11T23:29:17.244+0000] {logging_mixin.py:137} INFO - [2023-01-11T23:29:17.244+0000] {dagbag.py:538} INFO - Filling up the DagBag from /opt/airflow/dags/general_rating.py
[2023-01-11T23:29:17.514+0000] {processor.py:753} INFO - DAG(s) dict_keys(['general_rating_v1']) retrieved from /opt/airflow/dags/general_rating.py
[2023-01-11T23:29:17.549+0000] {logging_mixin.py:137} INFO - [2023-01-11T23:29:17.548+0000] {dag.py:2676} INFO - Sync 1 DAGs
[2023-01-11T23:29:17.575+0000] {logging_mixin.py:137} INFO - [2023-01-11T23:29:17.575+0000] {dag.py:3427} INFO - Setting next_dagrun for general_rating_v1 to 2023-02-01T10:00:00+00:00, run_after=2023-05-01T10:00:00+00:00
[2023-01-11T23:29:17.638+0000] {processor.py:175} INFO - Processing /opt/airflow/dags/general_rating.py took 0.450 seconds
[2023-01-11T23:29:47.812+0000] {processor.py:153} INFO - Started process (PID=1497) to work on /opt/airflow/dags/general_rating.py
[2023-01-11T23:29:47.813+0000] {processor.py:743} INFO - Processing file /opt/airflow/dags/general_rating.py for tasks to queue
[2023-01-11T23:29:47.813+0000] {logging_mixin.py:137} INFO - [2023-01-11T23:29:47.813+0000] {dagbag.py:538} INFO - Filling up the DagBag from /opt/airflow/dags/general_rating.py
[2023-01-11T23:29:48.114+0000] {processor.py:753} INFO - DAG(s) dict_keys(['general_rating_v1']) retrieved from /opt/airflow/dags/general_rating.py
[2023-01-11T23:29:48.146+0000] {logging_mixin.py:137} INFO - [2023-01-11T23:29:48.145+0000] {dag.py:2676} INFO - Sync 1 DAGs
[2023-01-11T23:29:48.194+0000] {logging_mixin.py:137} INFO - [2023-01-11T23:29:48.194+0000] {dag.py:3427} INFO - Setting next_dagrun for general_rating_v1 to 2023-02-01T10:00:00+00:00, run_after=2023-05-01T10:00:00+00:00
[2023-01-11T23:29:48.243+0000] {processor.py:175} INFO - Processing /opt/airflow/dags/general_rating.py took 0.436 seconds
[2023-01-11T23:30:18.935+0000] {processor.py:153} INFO - Started process (PID=1585) to work on /opt/airflow/dags/general_rating.py
[2023-01-11T23:30:18.994+0000] {processor.py:743} INFO - Processing file /opt/airflow/dags/general_rating.py for tasks to queue
[2023-01-11T23:30:18.994+0000] {logging_mixin.py:137} INFO - [2023-01-11T23:30:18.994+0000] {dagbag.py:538} INFO - Filling up the DagBag from /opt/airflow/dags/general_rating.py
[2023-01-11T23:30:19.225+0000] {processor.py:753} INFO - DAG(s) dict_keys(['general_rating_v1']) retrieved from /opt/airflow/dags/general_rating.py
[2023-01-11T23:30:19.254+0000] {logging_mixin.py:137} INFO - [2023-01-11T23:30:19.253+0000] {dag.py:2676} INFO - Sync 1 DAGs
[2023-01-11T23:30:19.279+0000] {logging_mixin.py:137} INFO - [2023-01-11T23:30:19.279+0000] {dag.py:3427} INFO - Setting next_dagrun for general_rating_v1 to 2023-02-01T10:00:00+00:00, run_after=2023-05-01T10:00:00+00:00
[2023-01-11T23:30:19.782+0000] {processor.py:175} INFO - Processing /opt/airflow/dags/general_rating.py took 0.849 seconds
[2023-01-11T23:30:49.905+0000] {processor.py:153} INFO - Started process (PID=1653) to work on /opt/airflow/dags/general_rating.py
[2023-01-11T23:30:49.905+0000] {processor.py:743} INFO - Processing file /opt/airflow/dags/general_rating.py for tasks to queue
[2023-01-11T23:30:49.906+0000] {logging_mixin.py:137} INFO - [2023-01-11T23:30:49.906+0000] {dagbag.py:538} INFO - Filling up the DagBag from /opt/airflow/dags/general_rating.py
[2023-01-11T23:30:50.172+0000] {processor.py:753} INFO - DAG(s) dict_keys(['general_rating_v1']) retrieved from /opt/airflow/dags/general_rating.py
[2023-01-11T23:30:50.202+0000] {logging_mixin.py:137} INFO - [2023-01-11T23:30:50.202+0000] {dag.py:2676} INFO - Sync 1 DAGs
[2023-01-11T23:30:50.225+0000] {logging_mixin.py:137} INFO - [2023-01-11T23:30:50.225+0000] {dag.py:3427} INFO - Setting next_dagrun for general_rating_v1 to 2023-02-01T10:00:00+00:00, run_after=2023-05-01T10:00:00+00:00
[2023-01-11T23:30:50.541+0000] {processor.py:175} INFO - Processing /opt/airflow/dags/general_rating.py took 0.639 seconds
[2023-01-11T23:31:20.585+0000] {processor.py:153} INFO - Started process (PID=1729) to work on /opt/airflow/dags/general_rating.py
[2023-01-11T23:31:20.631+0000] {processor.py:743} INFO - Processing file /opt/airflow/dags/general_rating.py for tasks to queue
[2023-01-11T23:31:20.631+0000] {logging_mixin.py:137} INFO - [2023-01-11T23:31:20.631+0000] {dagbag.py:538} INFO - Filling up the DagBag from /opt/airflow/dags/general_rating.py
[2023-01-11T23:31:20.906+0000] {processor.py:753} INFO - DAG(s) dict_keys(['general_rating_v1']) retrieved from /opt/airflow/dags/general_rating.py
[2023-01-11T23:31:20.942+0000] {logging_mixin.py:137} INFO - [2023-01-11T23:31:20.941+0000] {dag.py:2676} INFO - Sync 1 DAGs
[2023-01-11T23:31:20.970+0000] {logging_mixin.py:137} INFO - [2023-01-11T23:31:20.970+0000] {dag.py:3427} INFO - Setting next_dagrun for general_rating_v1 to 2023-02-01T10:00:00+00:00, run_after=2023-05-01T10:00:00+00:00
[2023-01-11T23:31:21.119+0000] {processor.py:175} INFO - Processing /opt/airflow/dags/general_rating.py took 0.536 seconds
[2023-01-11T23:31:51.265+0000] {processor.py:153} INFO - Started process (PID=1810) to work on /opt/airflow/dags/general_rating.py
[2023-01-11T23:31:51.266+0000] {processor.py:743} INFO - Processing file /opt/airflow/dags/general_rating.py for tasks to queue
[2023-01-11T23:31:51.266+0000] {logging_mixin.py:137} INFO - [2023-01-11T23:31:51.266+0000] {dagbag.py:538} INFO - Filling up the DagBag from /opt/airflow/dags/general_rating.py
[2023-01-11T23:31:51.529+0000] {processor.py:753} INFO - DAG(s) dict_keys(['general_rating_v1']) retrieved from /opt/airflow/dags/general_rating.py
[2023-01-11T23:31:51.611+0000] {logging_mixin.py:137} INFO - [2023-01-11T23:31:51.610+0000] {dag.py:2676} INFO - Sync 1 DAGs
[2023-01-11T23:31:51.636+0000] {logging_mixin.py:137} INFO - [2023-01-11T23:31:51.636+0000] {dag.py:3427} INFO - Setting next_dagrun for general_rating_v1 to 2023-02-01T10:00:00+00:00, run_after=2023-05-01T10:00:00+00:00
[2023-01-11T23:31:51.813+0000] {processor.py:175} INFO - Processing /opt/airflow/dags/general_rating.py took 0.551 seconds
[2023-01-11T23:32:22.168+0000] {processor.py:153} INFO - Started process (PID=1878) to work on /opt/airflow/dags/general_rating.py
[2023-01-11T23:32:22.176+0000] {processor.py:743} INFO - Processing file /opt/airflow/dags/general_rating.py for tasks to queue
[2023-01-11T23:32:22.177+0000] {logging_mixin.py:137} INFO - [2023-01-11T23:32:22.177+0000] {dagbag.py:538} INFO - Filling up the DagBag from /opt/airflow/dags/general_rating.py
[2023-01-11T23:32:22.403+0000] {processor.py:753} INFO - DAG(s) dict_keys(['general_rating_v1']) retrieved from /opt/airflow/dags/general_rating.py
[2023-01-11T23:32:22.435+0000] {logging_mixin.py:137} INFO - [2023-01-11T23:32:22.434+0000] {dag.py:2676} INFO - Sync 1 DAGs
[2023-01-11T23:32:22.463+0000] {logging_mixin.py:137} INFO - [2023-01-11T23:32:22.463+0000] {dag.py:3427} INFO - Setting next_dagrun for general_rating_v1 to 2023-02-01T10:00:00+00:00, run_after=2023-05-01T10:00:00+00:00
[2023-01-11T23:32:22.555+0000] {processor.py:175} INFO - Processing /opt/airflow/dags/general_rating.py took 0.390 seconds
[2023-01-11T23:32:52.644+0000] {processor.py:153} INFO - Started process (PID=1966) to work on /opt/airflow/dags/general_rating.py
[2023-01-11T23:32:52.644+0000] {processor.py:743} INFO - Processing file /opt/airflow/dags/general_rating.py for tasks to queue
[2023-01-11T23:32:52.645+0000] {logging_mixin.py:137} INFO - [2023-01-11T23:32:52.645+0000] {dagbag.py:538} INFO - Filling up the DagBag from /opt/airflow/dags/general_rating.py
[2023-01-11T23:32:52.902+0000] {processor.py:753} INFO - DAG(s) dict_keys(['general_rating_v1']) retrieved from /opt/airflow/dags/general_rating.py
[2023-01-11T23:32:52.934+0000] {logging_mixin.py:137} INFO - [2023-01-11T23:32:52.933+0000] {dag.py:2676} INFO - Sync 1 DAGs
[2023-01-11T23:32:52.959+0000] {logging_mixin.py:137} INFO - [2023-01-11T23:32:52.959+0000] {dag.py:3427} INFO - Setting next_dagrun for general_rating_v1 to 2023-02-01T10:00:00+00:00, run_after=2023-05-01T10:00:00+00:00
[2023-01-11T23:32:53.017+0000] {processor.py:175} INFO - Processing /opt/airflow/dags/general_rating.py took 0.376 seconds
