[2023-01-11T13:28:59.173+0000] {processor.py:153} INFO - Started process (PID=88) to work on /opt/airflow/dags/import_full_database.py
[2023-01-11T13:28:59.174+0000] {processor.py:743} INFO - Processing file /opt/airflow/dags/import_full_database.py for tasks to queue
[2023-01-11T13:28:59.174+0000] {logging_mixin.py:137} INFO - [2023-01-11T13:28:59.174+0000] {dagbag.py:538} INFO - Filling up the DagBag from /opt/airflow/dags/import_full_database.py
[2023-01-11T13:29:02.448+0000] {processor.py:753} INFO - DAG(s) dict_keys(['import_full_database']) retrieved from /opt/airflow/dags/import_full_database.py
[2023-01-11T13:29:09.142+0000] {logging_mixin.py:137} INFO - [2023-01-11T13:29:09.141+0000] {dag.py:2676} INFO - Sync 1 DAGs
[2023-01-11T13:29:09.735+0000] {logging_mixin.py:137} INFO - [2023-01-11T13:29:09.735+0000] {dag.py:3427} INFO - Setting next_dagrun for import_full_database to None, run_after=None
[2023-01-11T13:29:10.873+0000] {processor.py:175} INFO - Processing /opt/airflow/dags/import_full_database.py took 11.702 seconds
[2023-01-11T13:29:41.086+0000] {processor.py:153} INFO - Started process (PID=176) to work on /opt/airflow/dags/import_full_database.py
[2023-01-11T13:29:41.127+0000] {processor.py:743} INFO - Processing file /opt/airflow/dags/import_full_database.py for tasks to queue
[2023-01-11T13:29:41.128+0000] {logging_mixin.py:137} INFO - [2023-01-11T13:29:41.128+0000] {dagbag.py:538} INFO - Filling up the DagBag from /opt/airflow/dags/import_full_database.py
[2023-01-11T13:29:42.369+0000] {processor.py:753} INFO - DAG(s) dict_keys(['import_full_database']) retrieved from /opt/airflow/dags/import_full_database.py
[2023-01-11T13:29:42.406+0000] {logging_mixin.py:137} INFO - [2023-01-11T13:29:42.405+0000] {dag.py:2676} INFO - Sync 1 DAGs
[2023-01-11T13:29:42.432+0000] {logging_mixin.py:137} INFO - [2023-01-11T13:29:42.432+0000] {dag.py:3427} INFO - Setting next_dagrun for import_full_database to None, run_after=None
[2023-01-11T13:29:42.594+0000] {processor.py:175} INFO - Processing /opt/airflow/dags/import_full_database.py took 1.511 seconds
[2023-01-11T13:30:12.886+0000] {processor.py:153} INFO - Started process (PID=253) to work on /opt/airflow/dags/import_full_database.py
[2023-01-11T13:30:12.916+0000] {processor.py:743} INFO - Processing file /opt/airflow/dags/import_full_database.py for tasks to queue
[2023-01-11T13:30:12.916+0000] {logging_mixin.py:137} INFO - [2023-01-11T13:30:12.916+0000] {dagbag.py:538} INFO - Filling up the DagBag from /opt/airflow/dags/import_full_database.py
[2023-01-11T13:30:13.200+0000] {processor.py:753} INFO - DAG(s) dict_keys(['import_full_database']) retrieved from /opt/airflow/dags/import_full_database.py
[2023-01-11T13:30:13.237+0000] {logging_mixin.py:137} INFO - [2023-01-11T13:30:13.236+0000] {dag.py:2676} INFO - Sync 1 DAGs
[2023-01-11T13:30:13.276+0000] {logging_mixin.py:137} INFO - [2023-01-11T13:30:13.276+0000] {dag.py:3427} INFO - Setting next_dagrun for import_full_database to None, run_after=None
[2023-01-11T13:30:13.385+0000] {processor.py:175} INFO - Processing /opt/airflow/dags/import_full_database.py took 0.501 seconds
[2023-01-11T13:30:43.876+0000] {processor.py:153} INFO - Started process (PID=332) to work on /opt/airflow/dags/import_full_database.py
[2023-01-11T13:30:43.984+0000] {processor.py:743} INFO - Processing file /opt/airflow/dags/import_full_database.py for tasks to queue
[2023-01-11T13:30:43.984+0000] {logging_mixin.py:137} INFO - [2023-01-11T13:30:43.984+0000] {dagbag.py:538} INFO - Filling up the DagBag from /opt/airflow/dags/import_full_database.py
[2023-01-11T13:30:44.370+0000] {processor.py:753} INFO - DAG(s) dict_keys(['import_full_database']) retrieved from /opt/airflow/dags/import_full_database.py
[2023-01-11T13:30:44.408+0000] {logging_mixin.py:137} INFO - [2023-01-11T13:30:44.407+0000] {dag.py:2676} INFO - Sync 1 DAGs
[2023-01-11T13:30:44.430+0000] {logging_mixin.py:137} INFO - [2023-01-11T13:30:44.430+0000] {dag.py:3427} INFO - Setting next_dagrun for import_full_database to None, run_after=None
[2023-01-11T13:30:44.478+0000] {processor.py:175} INFO - Processing /opt/airflow/dags/import_full_database.py took 0.604 seconds
[2023-01-11T13:31:14.553+0000] {processor.py:153} INFO - Started process (PID=401) to work on /opt/airflow/dags/import_full_database.py
[2023-01-11T13:31:14.571+0000] {processor.py:743} INFO - Processing file /opt/airflow/dags/import_full_database.py for tasks to queue
[2023-01-11T13:31:14.571+0000] {logging_mixin.py:137} INFO - [2023-01-11T13:31:14.571+0000] {dagbag.py:538} INFO - Filling up the DagBag from /opt/airflow/dags/import_full_database.py
[2023-01-11T13:31:14.817+0000] {processor.py:753} INFO - DAG(s) dict_keys(['import_full_database']) retrieved from /opt/airflow/dags/import_full_database.py
[2023-01-11T13:31:14.850+0000] {logging_mixin.py:137} INFO - [2023-01-11T13:31:14.850+0000] {dag.py:2676} INFO - Sync 1 DAGs
[2023-01-11T13:31:14.874+0000] {logging_mixin.py:137} INFO - [2023-01-11T13:31:14.874+0000] {dag.py:3427} INFO - Setting next_dagrun for import_full_database to None, run_after=None
[2023-01-11T13:31:14.967+0000] {processor.py:175} INFO - Processing /opt/airflow/dags/import_full_database.py took 0.417 seconds
[2023-01-11T13:31:45.066+0000] {processor.py:153} INFO - Started process (PID=489) to work on /opt/airflow/dags/import_full_database.py
[2023-01-11T13:31:45.086+0000] {processor.py:743} INFO - Processing file /opt/airflow/dags/import_full_database.py for tasks to queue
[2023-01-11T13:31:45.087+0000] {logging_mixin.py:137} INFO - [2023-01-11T13:31:45.087+0000] {dagbag.py:538} INFO - Filling up the DagBag from /opt/airflow/dags/import_full_database.py
[2023-01-11T13:31:45.314+0000] {processor.py:753} INFO - DAG(s) dict_keys(['import_full_database']) retrieved from /opt/airflow/dags/import_full_database.py
[2023-01-11T13:31:45.347+0000] {logging_mixin.py:137} INFO - [2023-01-11T13:31:45.347+0000] {dag.py:2676} INFO - Sync 1 DAGs
[2023-01-11T13:31:45.372+0000] {logging_mixin.py:137} INFO - [2023-01-11T13:31:45.371+0000] {dag.py:3427} INFO - Setting next_dagrun for import_full_database to None, run_after=None
[2023-01-11T13:31:45.419+0000] {processor.py:175} INFO - Processing /opt/airflow/dags/import_full_database.py took 0.356 seconds
[2023-01-11T13:32:15.866+0000] {processor.py:153} INFO - Started process (PID=557) to work on /opt/airflow/dags/import_full_database.py
[2023-01-11T13:32:15.894+0000] {processor.py:743} INFO - Processing file /opt/airflow/dags/import_full_database.py for tasks to queue
[2023-01-11T13:32:15.895+0000] {logging_mixin.py:137} INFO - [2023-01-11T13:32:15.895+0000] {dagbag.py:538} INFO - Filling up the DagBag from /opt/airflow/dags/import_full_database.py
[2023-01-11T13:32:16.098+0000] {processor.py:753} INFO - DAG(s) dict_keys(['import_full_database']) retrieved from /opt/airflow/dags/import_full_database.py
[2023-01-11T13:32:16.127+0000] {logging_mixin.py:137} INFO - [2023-01-11T13:32:16.127+0000] {dag.py:2676} INFO - Sync 1 DAGs
[2023-01-11T13:32:16.149+0000] {logging_mixin.py:137} INFO - [2023-01-11T13:32:16.149+0000] {dag.py:3427} INFO - Setting next_dagrun for import_full_database to None, run_after=None
[2023-01-11T13:32:16.249+0000] {processor.py:175} INFO - Processing /opt/airflow/dags/import_full_database.py took 0.386 seconds
[2023-01-11T13:32:46.812+0000] {processor.py:153} INFO - Started process (PID=645) to work on /opt/airflow/dags/import_full_database.py
[2023-01-11T13:32:46.842+0000] {processor.py:743} INFO - Processing file /opt/airflow/dags/import_full_database.py for tasks to queue
[2023-01-11T13:32:46.843+0000] {logging_mixin.py:137} INFO - [2023-01-11T13:32:46.843+0000] {dagbag.py:538} INFO - Filling up the DagBag from /opt/airflow/dags/import_full_database.py
[2023-01-11T13:32:47.238+0000] {processor.py:753} INFO - DAG(s) dict_keys(['import_full_database']) retrieved from /opt/airflow/dags/import_full_database.py
[2023-01-11T13:32:47.275+0000] {logging_mixin.py:137} INFO - [2023-01-11T13:32:47.275+0000] {dag.py:2676} INFO - Sync 1 DAGs
[2023-01-11T13:32:47.312+0000] {logging_mixin.py:137} INFO - [2023-01-11T13:32:47.312+0000] {dag.py:3427} INFO - Setting next_dagrun for import_full_database to None, run_after=None
[2023-01-11T13:32:47.360+0000] {processor.py:175} INFO - Processing /opt/airflow/dags/import_full_database.py took 0.550 seconds
[2023-01-11T13:33:18.189+0000] {processor.py:153} INFO - Started process (PID=713) to work on /opt/airflow/dags/import_full_database.py
[2023-01-11T13:33:18.205+0000] {processor.py:743} INFO - Processing file /opt/airflow/dags/import_full_database.py for tasks to queue
[2023-01-11T13:33:18.206+0000] {logging_mixin.py:137} INFO - [2023-01-11T13:33:18.206+0000] {dagbag.py:538} INFO - Filling up the DagBag from /opt/airflow/dags/import_full_database.py
[2023-01-11T13:33:18.451+0000] {processor.py:753} INFO - DAG(s) dict_keys(['import_full_database']) retrieved from /opt/airflow/dags/import_full_database.py
[2023-01-11T13:33:18.531+0000] {logging_mixin.py:137} INFO - [2023-01-11T13:33:18.530+0000] {dag.py:2676} INFO - Sync 1 DAGs
[2023-01-11T13:33:18.563+0000] {logging_mixin.py:137} INFO - [2023-01-11T13:33:18.563+0000] {dag.py:3427} INFO - Setting next_dagrun for import_full_database to None, run_after=None
[2023-01-11T13:33:18.730+0000] {processor.py:175} INFO - Processing /opt/airflow/dags/import_full_database.py took 0.544 seconds
[2023-01-11T13:33:49.628+0000] {processor.py:153} INFO - Started process (PID=801) to work on /opt/airflow/dags/import_full_database.py
[2023-01-11T13:33:49.648+0000] {processor.py:743} INFO - Processing file /opt/airflow/dags/import_full_database.py for tasks to queue
[2023-01-11T13:33:49.649+0000] {logging_mixin.py:137} INFO - [2023-01-11T13:33:49.648+0000] {dagbag.py:538} INFO - Filling up the DagBag from /opt/airflow/dags/import_full_database.py
[2023-01-11T13:33:49.926+0000] {processor.py:753} INFO - DAG(s) dict_keys(['import_full_database']) retrieved from /opt/airflow/dags/import_full_database.py
[2023-01-11T13:33:49.962+0000] {logging_mixin.py:137} INFO - [2023-01-11T13:33:49.962+0000] {dag.py:2676} INFO - Sync 1 DAGs
[2023-01-11T13:33:49.990+0000] {logging_mixin.py:137} INFO - [2023-01-11T13:33:49.990+0000] {dag.py:3427} INFO - Setting next_dagrun for import_full_database to None, run_after=None
[2023-01-11T13:33:50.043+0000] {processor.py:175} INFO - Processing /opt/airflow/dags/import_full_database.py took 0.419 seconds
[2023-01-11T13:34:20.984+0000] {processor.py:153} INFO - Started process (PID=870) to work on /opt/airflow/dags/import_full_database.py
[2023-01-11T13:34:21.026+0000] {processor.py:743} INFO - Processing file /opt/airflow/dags/import_full_database.py for tasks to queue
[2023-01-11T13:34:21.027+0000] {logging_mixin.py:137} INFO - [2023-01-11T13:34:21.027+0000] {dagbag.py:538} INFO - Filling up the DagBag from /opt/airflow/dags/import_full_database.py
[2023-01-11T13:34:21.288+0000] {processor.py:753} INFO - DAG(s) dict_keys(['import_full_database']) retrieved from /opt/airflow/dags/import_full_database.py
[2023-01-11T13:34:21.321+0000] {logging_mixin.py:137} INFO - [2023-01-11T13:34:21.321+0000] {dag.py:2676} INFO - Sync 1 DAGs
[2023-01-11T13:34:21.347+0000] {logging_mixin.py:137} INFO - [2023-01-11T13:34:21.347+0000] {dag.py:3427} INFO - Setting next_dagrun for import_full_database to None, run_after=None
[2023-01-11T13:34:21.470+0000] {processor.py:175} INFO - Processing /opt/airflow/dags/import_full_database.py took 0.489 seconds
[2023-01-11T13:36:33.387+0000] {processor.py:153} INFO - Started process (PID=76) to work on /opt/airflow/dags/import_full_database.py
[2023-01-11T13:36:33.416+0000] {processor.py:743} INFO - Processing file /opt/airflow/dags/import_full_database.py for tasks to queue
[2023-01-11T13:36:33.417+0000] {logging_mixin.py:137} INFO - [2023-01-11T13:36:33.417+0000] {dagbag.py:538} INFO - Filling up the DagBag from /opt/airflow/dags/import_full_database.py
[2023-01-11T13:36:33.845+0000] {processor.py:753} INFO - DAG(s) dict_keys(['import_full_database']) retrieved from /opt/airflow/dags/import_full_database.py
[2023-01-11T13:36:33.935+0000] {logging_mixin.py:137} INFO - [2023-01-11T13:36:33.935+0000] {dag.py:2676} INFO - Sync 1 DAGs
[2023-01-11T13:36:33.965+0000] {logging_mixin.py:137} INFO - [2023-01-11T13:36:33.965+0000] {dag.py:3427} INFO - Setting next_dagrun for import_full_database to None, run_after=None
[2023-01-11T13:36:34.034+0000] {processor.py:175} INFO - Processing /opt/airflow/dags/import_full_database.py took 0.649 seconds
[2023-01-11T13:37:04.840+0000] {processor.py:153} INFO - Started process (PID=155) to work on /opt/airflow/dags/import_full_database.py
[2023-01-11T13:37:04.856+0000] {processor.py:743} INFO - Processing file /opt/airflow/dags/import_full_database.py for tasks to queue
[2023-01-11T13:37:04.856+0000] {logging_mixin.py:137} INFO - [2023-01-11T13:37:04.856+0000] {dagbag.py:538} INFO - Filling up the DagBag from /opt/airflow/dags/import_full_database.py
[2023-01-11T13:37:05.095+0000] {processor.py:753} INFO - DAG(s) dict_keys(['import_full_database']) retrieved from /opt/airflow/dags/import_full_database.py
[2023-01-11T13:37:05.127+0000] {logging_mixin.py:137} INFO - [2023-01-11T13:37:05.127+0000] {dag.py:2676} INFO - Sync 1 DAGs
[2023-01-11T13:37:05.151+0000] {logging_mixin.py:137} INFO - [2023-01-11T13:37:05.151+0000] {dag.py:3427} INFO - Setting next_dagrun for import_full_database to None, run_after=None
[2023-01-11T13:37:05.193+0000] {processor.py:175} INFO - Processing /opt/airflow/dags/import_full_database.py took 0.356 seconds
[2023-01-11T13:37:35.352+0000] {processor.py:153} INFO - Started process (PID=221) to work on /opt/airflow/dags/import_full_database.py
[2023-01-11T13:37:35.359+0000] {processor.py:743} INFO - Processing file /opt/airflow/dags/import_full_database.py for tasks to queue
[2023-01-11T13:37:35.360+0000] {logging_mixin.py:137} INFO - [2023-01-11T13:37:35.360+0000] {dagbag.py:538} INFO - Filling up the DagBag from /opt/airflow/dags/import_full_database.py
[2023-01-11T13:37:35.650+0000] {processor.py:753} INFO - DAG(s) dict_keys(['import_full_database']) retrieved from /opt/airflow/dags/import_full_database.py
[2023-01-11T13:37:35.685+0000] {logging_mixin.py:137} INFO - [2023-01-11T13:37:35.685+0000] {dag.py:2676} INFO - Sync 1 DAGs
[2023-01-11T13:37:35.710+0000] {logging_mixin.py:137} INFO - [2023-01-11T13:37:35.710+0000] {dag.py:3427} INFO - Setting next_dagrun for import_full_database to None, run_after=None
[2023-01-11T13:37:35.756+0000] {processor.py:175} INFO - Processing /opt/airflow/dags/import_full_database.py took 0.408 seconds
[2023-01-11T13:38:06.579+0000] {processor.py:153} INFO - Started process (PID=309) to work on /opt/airflow/dags/import_full_database.py
[2023-01-11T13:38:06.579+0000] {processor.py:743} INFO - Processing file /opt/airflow/dags/import_full_database.py for tasks to queue
[2023-01-11T13:38:06.580+0000] {logging_mixin.py:137} INFO - [2023-01-11T13:38:06.580+0000] {dagbag.py:538} INFO - Filling up the DagBag from /opt/airflow/dags/import_full_database.py
[2023-01-11T13:38:06.781+0000] {processor.py:753} INFO - DAG(s) dict_keys(['import_full_database']) retrieved from /opt/airflow/dags/import_full_database.py
[2023-01-11T13:38:06.809+0000] {logging_mixin.py:137} INFO - [2023-01-11T13:38:06.808+0000] {dag.py:2676} INFO - Sync 1 DAGs
[2023-01-11T13:38:06.830+0000] {logging_mixin.py:137} INFO - [2023-01-11T13:38:06.830+0000] {dag.py:3427} INFO - Setting next_dagrun for import_full_database to None, run_after=None
[2023-01-11T13:38:06.870+0000] {processor.py:175} INFO - Processing /opt/airflow/dags/import_full_database.py took 0.294 seconds
[2023-01-11T13:40:05.694+0000] {processor.py:153} INFO - Started process (PID=67) to work on /opt/airflow/dags/import_full_database.py
[2023-01-11T13:40:05.733+0000] {processor.py:743} INFO - Processing file /opt/airflow/dags/import_full_database.py for tasks to queue
[2023-01-11T13:40:05.733+0000] {logging_mixin.py:137} INFO - [2023-01-11T13:40:05.733+0000] {dagbag.py:538} INFO - Filling up the DagBag from /opt/airflow/dags/import_full_database.py
[2023-01-11T13:40:06.095+0000] {processor.py:753} INFO - DAG(s) dict_keys(['import_full_database']) retrieved from /opt/airflow/dags/import_full_database.py
[2023-01-11T13:40:06.214+0000] {logging_mixin.py:137} INFO - [2023-01-11T13:40:06.214+0000] {dag.py:2676} INFO - Sync 1 DAGs
[2023-01-11T13:40:06.239+0000] {logging_mixin.py:137} INFO - [2023-01-11T13:40:06.239+0000] {dag.py:3427} INFO - Setting next_dagrun for import_full_database to None, run_after=None
[2023-01-11T13:40:06.315+0000] {processor.py:175} INFO - Processing /opt/airflow/dags/import_full_database.py took 0.624 seconds
[2023-01-11T13:40:36.699+0000] {processor.py:153} INFO - Started process (PID=135) to work on /opt/airflow/dags/import_full_database.py
[2023-01-11T13:40:36.700+0000] {processor.py:743} INFO - Processing file /opt/airflow/dags/import_full_database.py for tasks to queue
[2023-01-11T13:40:36.700+0000] {logging_mixin.py:137} INFO - [2023-01-11T13:40:36.700+0000] {dagbag.py:538} INFO - Filling up the DagBag from /opt/airflow/dags/import_full_database.py
[2023-01-11T13:40:36.961+0000] {processor.py:753} INFO - DAG(s) dict_keys(['import_full_database']) retrieved from /opt/airflow/dags/import_full_database.py
[2023-01-11T13:40:36.994+0000] {logging_mixin.py:137} INFO - [2023-01-11T13:40:36.993+0000] {dag.py:2676} INFO - Sync 1 DAGs
[2023-01-11T13:40:37.018+0000] {logging_mixin.py:137} INFO - [2023-01-11T13:40:37.018+0000] {dag.py:3427} INFO - Setting next_dagrun for import_full_database to None, run_after=None
[2023-01-11T13:40:37.089+0000] {processor.py:175} INFO - Processing /opt/airflow/dags/import_full_database.py took 0.392 seconds
[2023-01-11T13:41:07.964+0000] {processor.py:153} INFO - Started process (PID=223) to work on /opt/airflow/dags/import_full_database.py
[2023-01-11T13:41:07.994+0000] {processor.py:743} INFO - Processing file /opt/airflow/dags/import_full_database.py for tasks to queue
[2023-01-11T13:41:07.994+0000] {logging_mixin.py:137} INFO - [2023-01-11T13:41:07.994+0000] {dagbag.py:538} INFO - Filling up the DagBag from /opt/airflow/dags/import_full_database.py
[2023-01-11T13:41:08.225+0000] {processor.py:753} INFO - DAG(s) dict_keys(['import_full_database']) retrieved from /opt/airflow/dags/import_full_database.py
[2023-01-11T13:41:08.255+0000] {logging_mixin.py:137} INFO - [2023-01-11T13:41:08.254+0000] {dag.py:2676} INFO - Sync 1 DAGs
[2023-01-11T13:41:08.279+0000] {logging_mixin.py:137} INFO - [2023-01-11T13:41:08.279+0000] {dag.py:3427} INFO - Setting next_dagrun for import_full_database to None, run_after=None
[2023-01-11T13:41:08.369+0000] {processor.py:175} INFO - Processing /opt/airflow/dags/import_full_database.py took 0.408 seconds
[2023-01-11T13:41:39.052+0000] {processor.py:153} INFO - Started process (PID=291) to work on /opt/airflow/dags/import_full_database.py
[2023-01-11T13:41:39.052+0000] {processor.py:743} INFO - Processing file /opt/airflow/dags/import_full_database.py for tasks to queue
[2023-01-11T13:41:39.053+0000] {logging_mixin.py:137} INFO - [2023-01-11T13:41:39.053+0000] {dagbag.py:538} INFO - Filling up the DagBag from /opt/airflow/dags/import_full_database.py
[2023-01-11T13:41:39.280+0000] {processor.py:753} INFO - DAG(s) dict_keys(['import_full_database']) retrieved from /opt/airflow/dags/import_full_database.py
[2023-01-11T13:41:39.344+0000] {logging_mixin.py:137} INFO - [2023-01-11T13:41:39.343+0000] {dag.py:2676} INFO - Sync 1 DAGs
[2023-01-11T13:41:39.372+0000] {logging_mixin.py:137} INFO - [2023-01-11T13:41:39.372+0000] {dag.py:3427} INFO - Setting next_dagrun for import_full_database to None, run_after=None
[2023-01-11T13:41:39.452+0000] {processor.py:175} INFO - Processing /opt/airflow/dags/import_full_database.py took 0.402 seconds
[2023-01-11T13:42:09.653+0000] {processor.py:153} INFO - Started process (PID=379) to work on /opt/airflow/dags/import_full_database.py
[2023-01-11T13:42:09.679+0000] {processor.py:743} INFO - Processing file /opt/airflow/dags/import_full_database.py for tasks to queue
[2023-01-11T13:42:09.680+0000] {logging_mixin.py:137} INFO - [2023-01-11T13:42:09.680+0000] {dagbag.py:538} INFO - Filling up the DagBag from /opt/airflow/dags/import_full_database.py
[2023-01-11T13:42:09.930+0000] {processor.py:753} INFO - DAG(s) dict_keys(['import_full_database']) retrieved from /opt/airflow/dags/import_full_database.py
[2023-01-11T13:42:09.960+0000] {logging_mixin.py:137} INFO - [2023-01-11T13:42:09.959+0000] {dag.py:2676} INFO - Sync 1 DAGs
[2023-01-11T13:42:09.984+0000] {logging_mixin.py:137} INFO - [2023-01-11T13:42:09.984+0000] {dag.py:3427} INFO - Setting next_dagrun for import_full_database to None, run_after=None
[2023-01-11T13:42:10.075+0000] {processor.py:175} INFO - Processing /opt/airflow/dags/import_full_database.py took 0.425 seconds
[2023-01-11T13:42:40.640+0000] {processor.py:153} INFO - Started process (PID=447) to work on /opt/airflow/dags/import_full_database.py
[2023-01-11T13:42:40.641+0000] {processor.py:743} INFO - Processing file /opt/airflow/dags/import_full_database.py for tasks to queue
[2023-01-11T13:42:40.641+0000] {logging_mixin.py:137} INFO - [2023-01-11T13:42:40.641+0000] {dagbag.py:538} INFO - Filling up the DagBag from /opt/airflow/dags/import_full_database.py
[2023-01-11T13:42:40.872+0000] {processor.py:753} INFO - DAG(s) dict_keys(['import_full_database']) retrieved from /opt/airflow/dags/import_full_database.py
[2023-01-11T13:42:40.905+0000] {logging_mixin.py:137} INFO - [2023-01-11T13:42:40.905+0000] {dag.py:2676} INFO - Sync 1 DAGs
[2023-01-11T13:42:40.929+0000] {logging_mixin.py:137} INFO - [2023-01-11T13:42:40.929+0000] {dag.py:3427} INFO - Setting next_dagrun for import_full_database to None, run_after=None
[2023-01-11T13:42:41.002+0000] {processor.py:175} INFO - Processing /opt/airflow/dags/import_full_database.py took 0.365 seconds
[2023-01-11T23:20:30.276+0000] {processor.py:153} INFO - Started process (PID=113) to work on /opt/airflow/dags/import_full_database.py
[2023-01-11T23:20:30.378+0000] {processor.py:743} INFO - Processing file /opt/airflow/dags/import_full_database.py for tasks to queue
[2023-01-11T23:20:30.379+0000] {logging_mixin.py:137} INFO - [2023-01-11T23:20:30.378+0000] {dagbag.py:538} INFO - Filling up the DagBag from /opt/airflow/dags/import_full_database.py
[2023-01-11T23:20:31.148+0000] {processor.py:753} INFO - DAG(s) dict_keys(['import_full_database']) retrieved from /opt/airflow/dags/import_full_database.py
[2023-01-11T23:20:31.227+0000] {logging_mixin.py:137} INFO - [2023-01-11T23:20:31.226+0000] {dag.py:2676} INFO - Sync 1 DAGs
[2023-01-11T23:20:31.254+0000] {logging_mixin.py:137} INFO - [2023-01-11T23:20:31.254+0000] {dag.py:3427} INFO - Setting next_dagrun for import_full_database to None, run_after=None
[2023-01-11T23:20:31.363+0000] {processor.py:175} INFO - Processing /opt/airflow/dags/import_full_database.py took 1.090 seconds
[2023-01-11T23:21:01.576+0000] {processor.py:153} INFO - Started process (PID=194) to work on /opt/airflow/dags/import_full_database.py
[2023-01-11T23:21:01.576+0000] {processor.py:743} INFO - Processing file /opt/airflow/dags/import_full_database.py for tasks to queue
[2023-01-11T23:21:01.577+0000] {logging_mixin.py:137} INFO - [2023-01-11T23:21:01.577+0000] {dagbag.py:538} INFO - Filling up the DagBag from /opt/airflow/dags/import_full_database.py
[2023-01-11T23:21:01.825+0000] {processor.py:753} INFO - DAG(s) dict_keys(['import_full_database']) retrieved from /opt/airflow/dags/import_full_database.py
[2023-01-11T23:21:01.854+0000] {logging_mixin.py:137} INFO - [2023-01-11T23:21:01.854+0000] {dag.py:2676} INFO - Sync 1 DAGs
[2023-01-11T23:21:01.875+0000] {logging_mixin.py:137} INFO - [2023-01-11T23:21:01.875+0000] {dag.py:3427} INFO - Setting next_dagrun for import_full_database to None, run_after=None
[2023-01-11T23:21:02.186+0000] {processor.py:175} INFO - Processing /opt/airflow/dags/import_full_database.py took 0.613 seconds
[2023-01-11T23:21:32.551+0000] {processor.py:153} INFO - Started process (PID=263) to work on /opt/airflow/dags/import_full_database.py
[2023-01-11T23:21:32.657+0000] {processor.py:743} INFO - Processing file /opt/airflow/dags/import_full_database.py for tasks to queue
[2023-01-11T23:21:32.657+0000] {logging_mixin.py:137} INFO - [2023-01-11T23:21:32.657+0000] {dagbag.py:538} INFO - Filling up the DagBag from /opt/airflow/dags/import_full_database.py
[2023-01-11T23:21:32.910+0000] {processor.py:753} INFO - DAG(s) dict_keys(['import_full_database']) retrieved from /opt/airflow/dags/import_full_database.py
[2023-01-11T23:21:32.943+0000] {logging_mixin.py:137} INFO - [2023-01-11T23:21:32.943+0000] {dag.py:2676} INFO - Sync 1 DAGs
[2023-01-11T23:21:32.969+0000] {logging_mixin.py:137} INFO - [2023-01-11T23:21:32.969+0000] {dag.py:3427} INFO - Setting next_dagrun for import_full_database to None, run_after=None
[2023-01-11T23:21:33.318+0000] {processor.py:175} INFO - Processing /opt/airflow/dags/import_full_database.py took 0.770 seconds
[2023-01-11T23:22:04.243+0000] {processor.py:153} INFO - Started process (PID=351) to work on /opt/airflow/dags/import_full_database.py
[2023-01-11T23:22:04.244+0000] {processor.py:743} INFO - Processing file /opt/airflow/dags/import_full_database.py for tasks to queue
[2023-01-11T23:22:04.244+0000] {logging_mixin.py:137} INFO - [2023-01-11T23:22:04.244+0000] {dagbag.py:538} INFO - Filling up the DagBag from /opt/airflow/dags/import_full_database.py
[2023-01-11T23:22:04.489+0000] {processor.py:753} INFO - DAG(s) dict_keys(['import_full_database']) retrieved from /opt/airflow/dags/import_full_database.py
[2023-01-11T23:22:04.520+0000] {logging_mixin.py:137} INFO - [2023-01-11T23:22:04.520+0000] {dag.py:2676} INFO - Sync 1 DAGs
[2023-01-11T23:22:04.544+0000] {logging_mixin.py:137} INFO - [2023-01-11T23:22:04.544+0000] {dag.py:3427} INFO - Setting next_dagrun for import_full_database to None, run_after=None
[2023-01-11T23:22:04.965+0000] {processor.py:175} INFO - Processing /opt/airflow/dags/import_full_database.py took 0.724 seconds
[2023-01-11T23:22:35.122+0000] {processor.py:153} INFO - Started process (PID=419) to work on /opt/airflow/dags/import_full_database.py
[2023-01-11T23:22:35.159+0000] {processor.py:743} INFO - Processing file /opt/airflow/dags/import_full_database.py for tasks to queue
[2023-01-11T23:22:35.160+0000] {logging_mixin.py:137} INFO - [2023-01-11T23:22:35.160+0000] {dagbag.py:538} INFO - Filling up the DagBag from /opt/airflow/dags/import_full_database.py
[2023-01-11T23:22:35.424+0000] {processor.py:753} INFO - DAG(s) dict_keys(['import_full_database']) retrieved from /opt/airflow/dags/import_full_database.py
[2023-01-11T23:22:35.456+0000] {logging_mixin.py:137} INFO - [2023-01-11T23:22:35.455+0000] {dag.py:2676} INFO - Sync 1 DAGs
[2023-01-11T23:22:35.481+0000] {logging_mixin.py:137} INFO - [2023-01-11T23:22:35.481+0000] {dag.py:3427} INFO - Setting next_dagrun for import_full_database to None, run_after=None
[2023-01-11T23:22:35.535+0000] {processor.py:175} INFO - Processing /opt/airflow/dags/import_full_database.py took 0.419 seconds
[2023-01-11T23:23:05.684+0000] {processor.py:153} INFO - Started process (PID=507) to work on /opt/airflow/dags/import_full_database.py
[2023-01-11T23:23:05.712+0000] {processor.py:743} INFO - Processing file /opt/airflow/dags/import_full_database.py for tasks to queue
[2023-01-11T23:23:05.712+0000] {logging_mixin.py:137} INFO - [2023-01-11T23:23:05.712+0000] {dagbag.py:538} INFO - Filling up the DagBag from /opt/airflow/dags/import_full_database.py
[2023-01-11T23:23:05.931+0000] {processor.py:753} INFO - DAG(s) dict_keys(['import_full_database']) retrieved from /opt/airflow/dags/import_full_database.py
[2023-01-11T23:23:05.961+0000] {logging_mixin.py:137} INFO - [2023-01-11T23:23:05.960+0000] {dag.py:2676} INFO - Sync 1 DAGs
[2023-01-11T23:23:05.983+0000] {logging_mixin.py:137} INFO - [2023-01-11T23:23:05.983+0000] {dag.py:3427} INFO - Setting next_dagrun for import_full_database to None, run_after=None
[2023-01-11T23:23:06.111+0000] {processor.py:175} INFO - Processing /opt/airflow/dags/import_full_database.py took 0.429 seconds
[2023-01-11T23:23:36.391+0000] {processor.py:153} INFO - Started process (PID=575) to work on /opt/airflow/dags/import_full_database.py
[2023-01-11T23:23:36.423+0000] {processor.py:743} INFO - Processing file /opt/airflow/dags/import_full_database.py for tasks to queue
[2023-01-11T23:23:36.424+0000] {logging_mixin.py:137} INFO - [2023-01-11T23:23:36.424+0000] {dagbag.py:538} INFO - Filling up the DagBag from /opt/airflow/dags/import_full_database.py
[2023-01-11T23:23:36.642+0000] {processor.py:753} INFO - DAG(s) dict_keys(['import_full_database']) retrieved from /opt/airflow/dags/import_full_database.py
[2023-01-11T23:23:36.673+0000] {logging_mixin.py:137} INFO - [2023-01-11T23:23:36.673+0000] {dag.py:2676} INFO - Sync 1 DAGs
[2023-01-11T23:23:36.696+0000] {logging_mixin.py:137} INFO - [2023-01-11T23:23:36.696+0000] {dag.py:3427} INFO - Setting next_dagrun for import_full_database to None, run_after=None
[2023-01-11T23:23:36.749+0000] {processor.py:175} INFO - Processing /opt/airflow/dags/import_full_database.py took 0.364 seconds
[2023-01-11T23:24:06.974+0000] {processor.py:153} INFO - Started process (PID=652) to work on /opt/airflow/dags/import_full_database.py
[2023-01-11T23:24:06.974+0000] {processor.py:743} INFO - Processing file /opt/airflow/dags/import_full_database.py for tasks to queue
[2023-01-11T23:24:06.975+0000] {logging_mixin.py:137} INFO - [2023-01-11T23:24:06.975+0000] {dagbag.py:538} INFO - Filling up the DagBag from /opt/airflow/dags/import_full_database.py
[2023-01-11T23:24:07.243+0000] {processor.py:753} INFO - DAG(s) dict_keys(['import_full_database']) retrieved from /opt/airflow/dags/import_full_database.py
[2023-01-11T23:24:07.299+0000] {logging_mixin.py:137} INFO - [2023-01-11T23:24:07.299+0000] {dag.py:2676} INFO - Sync 1 DAGs
[2023-01-11T23:24:07.329+0000] {logging_mixin.py:137} INFO - [2023-01-11T23:24:07.329+0000] {dag.py:3427} INFO - Setting next_dagrun for import_full_database to None, run_after=None
[2023-01-11T23:24:07.419+0000] {processor.py:175} INFO - Processing /opt/airflow/dags/import_full_database.py took 0.448 seconds
[2023-01-11T23:24:37.858+0000] {processor.py:153} INFO - Started process (PID=731) to work on /opt/airflow/dags/import_full_database.py
[2023-01-11T23:24:37.876+0000] {processor.py:743} INFO - Processing file /opt/airflow/dags/import_full_database.py for tasks to queue
[2023-01-11T23:24:37.877+0000] {logging_mixin.py:137} INFO - [2023-01-11T23:24:37.877+0000] {dagbag.py:538} INFO - Filling up the DagBag from /opt/airflow/dags/import_full_database.py
[2023-01-11T23:24:38.186+0000] {processor.py:753} INFO - DAG(s) dict_keys(['import_full_database']) retrieved from /opt/airflow/dags/import_full_database.py
[2023-01-11T23:24:38.219+0000] {logging_mixin.py:137} INFO - [2023-01-11T23:24:38.218+0000] {dag.py:2676} INFO - Sync 1 DAGs
[2023-01-11T23:24:38.243+0000] {logging_mixin.py:137} INFO - [2023-01-11T23:24:38.243+0000] {dag.py:3427} INFO - Setting next_dagrun for import_full_database to None, run_after=None
[2023-01-11T23:24:38.305+0000] {processor.py:175} INFO - Processing /opt/airflow/dags/import_full_database.py took 0.449 seconds
[2023-01-11T23:25:08.669+0000] {processor.py:153} INFO - Started process (PID=799) to work on /opt/airflow/dags/import_full_database.py
[2023-01-11T23:25:08.670+0000] {processor.py:743} INFO - Processing file /opt/airflow/dags/import_full_database.py for tasks to queue
[2023-01-11T23:25:08.670+0000] {logging_mixin.py:137} INFO - [2023-01-11T23:25:08.670+0000] {dagbag.py:538} INFO - Filling up the DagBag from /opt/airflow/dags/import_full_database.py
[2023-01-11T23:25:08.935+0000] {processor.py:753} INFO - DAG(s) dict_keys(['import_full_database']) retrieved from /opt/airflow/dags/import_full_database.py
[2023-01-11T23:25:08.983+0000] {logging_mixin.py:137} INFO - [2023-01-11T23:25:08.982+0000] {dag.py:2676} INFO - Sync 1 DAGs
[2023-01-11T23:25:09.023+0000] {logging_mixin.py:137} INFO - [2023-01-11T23:25:09.022+0000] {dag.py:3427} INFO - Setting next_dagrun for import_full_database to None, run_after=None
[2023-01-11T23:25:09.221+0000] {processor.py:175} INFO - Processing /opt/airflow/dags/import_full_database.py took 0.554 seconds
[2023-01-11T23:25:39.609+0000] {processor.py:153} INFO - Started process (PID=887) to work on /opt/airflow/dags/import_full_database.py
[2023-01-11T23:25:39.639+0000] {processor.py:743} INFO - Processing file /opt/airflow/dags/import_full_database.py for tasks to queue
[2023-01-11T23:25:39.640+0000] {logging_mixin.py:137} INFO - [2023-01-11T23:25:39.640+0000] {dagbag.py:538} INFO - Filling up the DagBag from /opt/airflow/dags/import_full_database.py
[2023-01-11T23:25:39.965+0000] {processor.py:753} INFO - DAG(s) dict_keys(['import_full_database']) retrieved from /opt/airflow/dags/import_full_database.py
[2023-01-11T23:25:40.001+0000] {logging_mixin.py:137} INFO - [2023-01-11T23:25:40.000+0000] {dag.py:2676} INFO - Sync 1 DAGs
[2023-01-11T23:25:40.025+0000] {logging_mixin.py:137} INFO - [2023-01-11T23:25:40.025+0000] {dag.py:3427} INFO - Setting next_dagrun for import_full_database to None, run_after=None
[2023-01-11T23:25:40.073+0000] {processor.py:175} INFO - Processing /opt/airflow/dags/import_full_database.py took 0.466 seconds
[2023-01-11T23:26:10.319+0000] {processor.py:153} INFO - Started process (PID=955) to work on /opt/airflow/dags/import_full_database.py
[2023-01-11T23:26:10.320+0000] {processor.py:743} INFO - Processing file /opt/airflow/dags/import_full_database.py for tasks to queue
[2023-01-11T23:26:10.320+0000] {logging_mixin.py:137} INFO - [2023-01-11T23:26:10.320+0000] {dagbag.py:538} INFO - Filling up the DagBag from /opt/airflow/dags/import_full_database.py
[2023-01-11T23:26:10.583+0000] {processor.py:753} INFO - DAG(s) dict_keys(['import_full_database']) retrieved from /opt/airflow/dags/import_full_database.py
[2023-01-11T23:26:10.617+0000] {logging_mixin.py:137} INFO - [2023-01-11T23:26:10.616+0000] {dag.py:2676} INFO - Sync 1 DAGs
[2023-01-11T23:26:10.642+0000] {logging_mixin.py:137} INFO - [2023-01-11T23:26:10.642+0000] {dag.py:3427} INFO - Setting next_dagrun for import_full_database to None, run_after=None
[2023-01-11T23:26:10.709+0000] {processor.py:175} INFO - Processing /opt/airflow/dags/import_full_database.py took 0.393 seconds
[2023-01-11T23:26:40.927+0000] {processor.py:153} INFO - Started process (PID=1043) to work on /opt/airflow/dags/import_full_database.py
[2023-01-11T23:26:40.935+0000] {processor.py:743} INFO - Processing file /opt/airflow/dags/import_full_database.py for tasks to queue
[2023-01-11T23:26:40.936+0000] {logging_mixin.py:137} INFO - [2023-01-11T23:26:40.936+0000] {dagbag.py:538} INFO - Filling up the DagBag from /opt/airflow/dags/import_full_database.py
[2023-01-11T23:26:41.162+0000] {processor.py:753} INFO - DAG(s) dict_keys(['import_full_database']) retrieved from /opt/airflow/dags/import_full_database.py
[2023-01-11T23:26:41.194+0000] {logging_mixin.py:137} INFO - [2023-01-11T23:26:41.193+0000] {dag.py:2676} INFO - Sync 1 DAGs
[2023-01-11T23:26:41.217+0000] {logging_mixin.py:137} INFO - [2023-01-11T23:26:41.217+0000] {dag.py:3427} INFO - Setting next_dagrun for import_full_database to None, run_after=None
[2023-01-11T23:26:41.299+0000] {processor.py:175} INFO - Processing /opt/airflow/dags/import_full_database.py took 0.375 seconds
[2023-01-11T23:27:11.335+0000] {processor.py:153} INFO - Started process (PID=1111) to work on /opt/airflow/dags/import_full_database.py
[2023-01-11T23:27:11.336+0000] {processor.py:743} INFO - Processing file /opt/airflow/dags/import_full_database.py for tasks to queue
[2023-01-11T23:27:11.336+0000] {logging_mixin.py:137} INFO - [2023-01-11T23:27:11.336+0000] {dagbag.py:538} INFO - Filling up the DagBag from /opt/airflow/dags/import_full_database.py
[2023-01-11T23:27:11.599+0000] {processor.py:753} INFO - DAG(s) dict_keys(['import_full_database']) retrieved from /opt/airflow/dags/import_full_database.py
[2023-01-11T23:27:11.628+0000] {logging_mixin.py:137} INFO - [2023-01-11T23:27:11.628+0000] {dag.py:2676} INFO - Sync 1 DAGs
[2023-01-11T23:27:11.649+0000] {logging_mixin.py:137} INFO - [2023-01-11T23:27:11.649+0000] {dag.py:3427} INFO - Setting next_dagrun for import_full_database to None, run_after=None
[2023-01-11T23:27:11.686+0000] {processor.py:175} INFO - Processing /opt/airflow/dags/import_full_database.py took 0.353 seconds
[2023-01-11T23:27:42.031+0000] {processor.py:153} INFO - Started process (PID=1185) to work on /opt/airflow/dags/import_full_database.py
[2023-01-11T23:27:42.060+0000] {processor.py:743} INFO - Processing file /opt/airflow/dags/import_full_database.py for tasks to queue
[2023-01-11T23:27:42.060+0000] {logging_mixin.py:137} INFO - [2023-01-11T23:27:42.060+0000] {dagbag.py:538} INFO - Filling up the DagBag from /opt/airflow/dags/import_full_database.py
[2023-01-11T23:27:42.292+0000] {processor.py:753} INFO - DAG(s) dict_keys(['import_full_database']) retrieved from /opt/airflow/dags/import_full_database.py
[2023-01-11T23:27:42.322+0000] {logging_mixin.py:137} INFO - [2023-01-11T23:27:42.322+0000] {dag.py:2676} INFO - Sync 1 DAGs
[2023-01-11T23:27:42.345+0000] {logging_mixin.py:137} INFO - [2023-01-11T23:27:42.345+0000] {dag.py:3427} INFO - Setting next_dagrun for import_full_database to None, run_after=None
[2023-01-11T23:27:42.428+0000] {processor.py:175} INFO - Processing /opt/airflow/dags/import_full_database.py took 0.399 seconds
[2023-01-11T23:28:12.871+0000] {processor.py:153} INFO - Started process (PID=1266) to work on /opt/airflow/dags/import_full_database.py
[2023-01-11T23:28:12.871+0000] {processor.py:743} INFO - Processing file /opt/airflow/dags/import_full_database.py for tasks to queue
[2023-01-11T23:28:12.872+0000] {logging_mixin.py:137} INFO - [2023-01-11T23:28:12.872+0000] {dagbag.py:538} INFO - Filling up the DagBag from /opt/airflow/dags/import_full_database.py
[2023-01-11T23:28:13.084+0000] {processor.py:753} INFO - DAG(s) dict_keys(['import_full_database']) retrieved from /opt/airflow/dags/import_full_database.py
[2023-01-11T23:28:13.114+0000] {logging_mixin.py:137} INFO - [2023-01-11T23:28:13.114+0000] {dag.py:2676} INFO - Sync 1 DAGs
[2023-01-11T23:28:13.137+0000] {logging_mixin.py:137} INFO - [2023-01-11T23:28:13.137+0000] {dag.py:3427} INFO - Setting next_dagrun for import_full_database to None, run_after=None
[2023-01-11T23:28:13.377+0000] {processor.py:175} INFO - Processing /opt/airflow/dags/import_full_database.py took 0.510 seconds
[2023-01-11T23:28:43.489+0000] {processor.py:153} INFO - Started process (PID=1334) to work on /opt/airflow/dags/import_full_database.py
[2023-01-11T23:28:43.537+0000] {processor.py:743} INFO - Processing file /opt/airflow/dags/import_full_database.py for tasks to queue
[2023-01-11T23:28:43.538+0000] {logging_mixin.py:137} INFO - [2023-01-11T23:28:43.538+0000] {dagbag.py:538} INFO - Filling up the DagBag from /opt/airflow/dags/import_full_database.py
[2023-01-11T23:28:43.754+0000] {processor.py:753} INFO - DAG(s) dict_keys(['import_full_database']) retrieved from /opt/airflow/dags/import_full_database.py
[2023-01-11T23:28:43.786+0000] {logging_mixin.py:137} INFO - [2023-01-11T23:28:43.785+0000] {dag.py:2676} INFO - Sync 1 DAGs
[2023-01-11T23:28:43.808+0000] {logging_mixin.py:137} INFO - [2023-01-11T23:28:43.808+0000] {dag.py:3427} INFO - Setting next_dagrun for import_full_database to None, run_after=None
[2023-01-11T23:28:43.907+0000] {processor.py:175} INFO - Processing /opt/airflow/dags/import_full_database.py took 0.420 seconds
[2023-01-11T23:29:14.383+0000] {processor.py:153} INFO - Started process (PID=1422) to work on /opt/airflow/dags/import_full_database.py
[2023-01-11T23:29:14.384+0000] {processor.py:743} INFO - Processing file /opt/airflow/dags/import_full_database.py for tasks to queue
[2023-01-11T23:29:14.384+0000] {logging_mixin.py:137} INFO - [2023-01-11T23:29:14.384+0000] {dagbag.py:538} INFO - Filling up the DagBag from /opt/airflow/dags/import_full_database.py
[2023-01-11T23:29:14.637+0000] {processor.py:753} INFO - DAG(s) dict_keys(['import_full_database']) retrieved from /opt/airflow/dags/import_full_database.py
[2023-01-11T23:29:14.672+0000] {logging_mixin.py:137} INFO - [2023-01-11T23:29:14.672+0000] {dag.py:2676} INFO - Sync 1 DAGs
[2023-01-11T23:29:14.696+0000] {logging_mixin.py:137} INFO - [2023-01-11T23:29:14.696+0000] {dag.py:3427} INFO - Setting next_dagrun for import_full_database to None, run_after=None
[2023-01-11T23:29:14.771+0000] {processor.py:175} INFO - Processing /opt/airflow/dags/import_full_database.py took 0.391 seconds
[2023-01-11T23:29:45.148+0000] {processor.py:153} INFO - Started process (PID=1490) to work on /opt/airflow/dags/import_full_database.py
[2023-01-11T23:29:45.257+0000] {processor.py:743} INFO - Processing file /opt/airflow/dags/import_full_database.py for tasks to queue
[2023-01-11T23:29:45.258+0000] {logging_mixin.py:137} INFO - [2023-01-11T23:29:45.258+0000] {dagbag.py:538} INFO - Filling up the DagBag from /opt/airflow/dags/import_full_database.py
[2023-01-11T23:29:45.665+0000] {processor.py:753} INFO - DAG(s) dict_keys(['import_full_database']) retrieved from /opt/airflow/dags/import_full_database.py
[2023-01-11T23:29:45.696+0000] {logging_mixin.py:137} INFO - [2023-01-11T23:29:45.696+0000] {dag.py:2676} INFO - Sync 1 DAGs
[2023-01-11T23:29:45.720+0000] {logging_mixin.py:137} INFO - [2023-01-11T23:29:45.720+0000] {dag.py:3427} INFO - Setting next_dagrun for import_full_database to None, run_after=None
[2023-01-11T23:29:45.775+0000] {processor.py:175} INFO - Processing /opt/airflow/dags/import_full_database.py took 0.630 seconds
[2023-01-11T23:30:16.098+0000] {processor.py:153} INFO - Started process (PID=1558) to work on /opt/airflow/dags/import_full_database.py
[2023-01-11T23:30:16.098+0000] {processor.py:743} INFO - Processing file /opt/airflow/dags/import_full_database.py for tasks to queue
[2023-01-11T23:30:16.099+0000] {logging_mixin.py:137} INFO - [2023-01-11T23:30:16.099+0000] {dagbag.py:538} INFO - Filling up the DagBag from /opt/airflow/dags/import_full_database.py
[2023-01-11T23:30:16.330+0000] {processor.py:753} INFO - DAG(s) dict_keys(['import_full_database']) retrieved from /opt/airflow/dags/import_full_database.py
[2023-01-11T23:30:16.361+0000] {logging_mixin.py:137} INFO - [2023-01-11T23:30:16.360+0000] {dag.py:2676} INFO - Sync 1 DAGs
[2023-01-11T23:30:16.381+0000] {logging_mixin.py:137} INFO - [2023-01-11T23:30:16.381+0000] {dag.py:3427} INFO - Setting next_dagrun for import_full_database to None, run_after=None
[2023-01-11T23:30:16.429+0000] {processor.py:175} INFO - Processing /opt/airflow/dags/import_full_database.py took 0.334 seconds
[2023-01-11T23:30:46.804+0000] {processor.py:153} INFO - Started process (PID=1646) to work on /opt/airflow/dags/import_full_database.py
[2023-01-11T23:30:46.864+0000] {processor.py:743} INFO - Processing file /opt/airflow/dags/import_full_database.py for tasks to queue
[2023-01-11T23:30:46.865+0000] {logging_mixin.py:137} INFO - [2023-01-11T23:30:46.865+0000] {dagbag.py:538} INFO - Filling up the DagBag from /opt/airflow/dags/import_full_database.py
[2023-01-11T23:30:47.137+0000] {processor.py:753} INFO - DAG(s) dict_keys(['import_full_database']) retrieved from /opt/airflow/dags/import_full_database.py
[2023-01-11T23:30:47.176+0000] {logging_mixin.py:137} INFO - [2023-01-11T23:30:47.176+0000] {dag.py:2676} INFO - Sync 1 DAGs
[2023-01-11T23:30:47.199+0000] {logging_mixin.py:137} INFO - [2023-01-11T23:30:47.199+0000] {dag.py:3427} INFO - Setting next_dagrun for import_full_database to None, run_after=None
[2023-01-11T23:30:47.403+0000] {processor.py:175} INFO - Processing /opt/airflow/dags/import_full_database.py took 0.602 seconds
[2023-01-11T23:31:17.734+0000] {processor.py:153} INFO - Started process (PID=1715) to work on /opt/airflow/dags/import_full_database.py
[2023-01-11T23:31:17.735+0000] {processor.py:743} INFO - Processing file /opt/airflow/dags/import_full_database.py for tasks to queue
[2023-01-11T23:31:17.735+0000] {logging_mixin.py:137} INFO - [2023-01-11T23:31:17.735+0000] {dagbag.py:538} INFO - Filling up the DagBag from /opt/airflow/dags/import_full_database.py
[2023-01-11T23:31:17.977+0000] {processor.py:753} INFO - DAG(s) dict_keys(['import_full_database']) retrieved from /opt/airflow/dags/import_full_database.py
[2023-01-11T23:31:18.019+0000] {logging_mixin.py:137} INFO - [2023-01-11T23:31:18.018+0000] {dag.py:2676} INFO - Sync 1 DAGs
[2023-01-11T23:31:18.055+0000] {logging_mixin.py:137} INFO - [2023-01-11T23:31:18.054+0000] {dag.py:3427} INFO - Setting next_dagrun for import_full_database to None, run_after=None
[2023-01-11T23:31:18.114+0000] {processor.py:175} INFO - Processing /opt/airflow/dags/import_full_database.py took 0.382 seconds
[2023-01-11T23:31:48.489+0000] {processor.py:153} INFO - Started process (PID=1803) to work on /opt/airflow/dags/import_full_database.py
[2023-01-11T23:31:48.533+0000] {processor.py:743} INFO - Processing file /opt/airflow/dags/import_full_database.py for tasks to queue
[2023-01-11T23:31:48.534+0000] {logging_mixin.py:137} INFO - [2023-01-11T23:31:48.534+0000] {dagbag.py:538} INFO - Filling up the DagBag from /opt/airflow/dags/import_full_database.py
[2023-01-11T23:31:48.742+0000] {processor.py:753} INFO - DAG(s) dict_keys(['import_full_database']) retrieved from /opt/airflow/dags/import_full_database.py
[2023-01-11T23:31:48.773+0000] {logging_mixin.py:137} INFO - [2023-01-11T23:31:48.771+0000] {dag.py:2676} INFO - Sync 1 DAGs
[2023-01-11T23:31:48.794+0000] {logging_mixin.py:137} INFO - [2023-01-11T23:31:48.794+0000] {dag.py:3427} INFO - Setting next_dagrun for import_full_database to None, run_after=None
[2023-01-11T23:31:48.849+0000] {processor.py:175} INFO - Processing /opt/airflow/dags/import_full_database.py took 0.363 seconds
[2023-01-11T23:32:19.281+0000] {processor.py:153} INFO - Started process (PID=1871) to work on /opt/airflow/dags/import_full_database.py
[2023-01-11T23:32:19.282+0000] {processor.py:743} INFO - Processing file /opt/airflow/dags/import_full_database.py for tasks to queue
[2023-01-11T23:32:19.282+0000] {logging_mixin.py:137} INFO - [2023-01-11T23:32:19.282+0000] {dagbag.py:538} INFO - Filling up the DagBag from /opt/airflow/dags/import_full_database.py
[2023-01-11T23:32:19.600+0000] {processor.py:753} INFO - DAG(s) dict_keys(['import_full_database']) retrieved from /opt/airflow/dags/import_full_database.py
[2023-01-11T23:32:19.639+0000] {logging_mixin.py:137} INFO - [2023-01-11T23:32:19.638+0000] {dag.py:2676} INFO - Sync 1 DAGs
[2023-01-11T23:32:19.668+0000] {logging_mixin.py:137} INFO - [2023-01-11T23:32:19.668+0000] {dag.py:3427} INFO - Setting next_dagrun for import_full_database to None, run_after=None
[2023-01-11T23:32:19.711+0000] {processor.py:175} INFO - Processing /opt/airflow/dags/import_full_database.py took 0.432 seconds
[2023-01-11T23:32:49.852+0000] {processor.py:153} INFO - Started process (PID=1959) to work on /opt/airflow/dags/import_full_database.py
[2023-01-11T23:32:49.889+0000] {processor.py:743} INFO - Processing file /opt/airflow/dags/import_full_database.py for tasks to queue
[2023-01-11T23:32:49.889+0000] {logging_mixin.py:137} INFO - [2023-01-11T23:32:49.889+0000] {dagbag.py:538} INFO - Filling up the DagBag from /opt/airflow/dags/import_full_database.py
[2023-01-11T23:32:50.155+0000] {processor.py:753} INFO - DAG(s) dict_keys(['import_full_database']) retrieved from /opt/airflow/dags/import_full_database.py
[2023-01-11T23:32:50.188+0000] {logging_mixin.py:137} INFO - [2023-01-11T23:32:50.188+0000] {dag.py:2676} INFO - Sync 1 DAGs
[2023-01-11T23:32:50.212+0000] {logging_mixin.py:137} INFO - [2023-01-11T23:32:50.212+0000] {dag.py:3427} INFO - Setting next_dagrun for import_full_database to None, run_after=None
[2023-01-11T23:32:50.275+0000] {processor.py:175} INFO - Processing /opt/airflow/dags/import_full_database.py took 0.426 seconds
