[2023-01-11T13:29:19.169+0000] {processor.py:153} INFO - Started process (PID=123) to work on /opt/airflow/dags/income_statement.py
[2023-01-11T13:29:19.169+0000] {processor.py:743} INFO - Processing file /opt/airflow/dags/income_statement.py for tasks to queue
[2023-01-11T13:29:19.170+0000] {logging_mixin.py:137} INFO - [2023-01-11T13:29:19.170+0000] {dagbag.py:538} INFO - Filling up the DagBag from /opt/airflow/dags/income_statement.py
[2023-01-11T13:29:19.422+0000] {processor.py:753} INFO - DAG(s) dict_keys(['income_statement']) retrieved from /opt/airflow/dags/income_statement.py
[2023-01-11T13:29:19.683+0000] {logging_mixin.py:137} INFO - [2023-01-11T13:29:19.683+0000] {manager.py:504} INFO - Created Permission View: can read on DAG:income_statement
[2023-01-11T13:29:19.718+0000] {logging_mixin.py:137} INFO - [2023-01-11T13:29:19.718+0000] {manager.py:504} INFO - Created Permission View: can edit on DAG:income_statement
[2023-01-11T13:29:19.754+0000] {logging_mixin.py:137} INFO - [2023-01-11T13:29:19.754+0000] {manager.py:504} INFO - Created Permission View: can delete on DAG:income_statement
[2023-01-11T13:29:19.755+0000] {logging_mixin.py:137} INFO - [2023-01-11T13:29:19.755+0000] {dag.py:2676} INFO - Sync 1 DAGs
[2023-01-11T13:29:19.779+0000] {logging_mixin.py:137} INFO - [2023-01-11T13:29:19.778+0000] {dag.py:2697} INFO - Creating ORM DAG for income_statement
[2023-01-11T13:29:19.798+0000] {logging_mixin.py:137} INFO - [2023-01-11T13:29:19.798+0000] {dag.py:3427} INFO - Setting next_dagrun for income_statement to 2023-02-01T10:00:00+00:00, run_after=2023-05-01T10:00:00+00:00
[2023-01-11T13:29:19.849+0000] {processor.py:175} INFO - Processing /opt/airflow/dags/income_statement.py took 0.683 seconds
[2023-01-11T13:29:50.425+0000] {processor.py:153} INFO - Started process (PID=211) to work on /opt/airflow/dags/income_statement.py
[2023-01-11T13:29:50.438+0000] {processor.py:743} INFO - Processing file /opt/airflow/dags/income_statement.py for tasks to queue
[2023-01-11T13:29:50.438+0000] {logging_mixin.py:137} INFO - [2023-01-11T13:29:50.438+0000] {dagbag.py:538} INFO - Filling up the DagBag from /opt/airflow/dags/income_statement.py
[2023-01-11T13:29:50.751+0000] {processor.py:753} INFO - DAG(s) dict_keys(['income_statement']) retrieved from /opt/airflow/dags/income_statement.py
[2023-01-11T13:29:50.788+0000] {logging_mixin.py:137} INFO - [2023-01-11T13:29:50.788+0000] {dag.py:2676} INFO - Sync 1 DAGs
[2023-01-11T13:29:50.818+0000] {logging_mixin.py:137} INFO - [2023-01-11T13:29:50.818+0000] {dag.py:3427} INFO - Setting next_dagrun for income_statement to 2023-02-01T10:00:00+00:00, run_after=2023-05-01T10:00:00+00:00
[2023-01-11T13:29:50.895+0000] {processor.py:175} INFO - Processing /opt/airflow/dags/income_statement.py took 0.472 seconds
[2023-01-11T13:30:21.479+0000] {processor.py:153} INFO - Started process (PID=279) to work on /opt/airflow/dags/income_statement.py
[2023-01-11T13:30:21.492+0000] {processor.py:743} INFO - Processing file /opt/airflow/dags/income_statement.py for tasks to queue
[2023-01-11T13:30:21.493+0000] {logging_mixin.py:137} INFO - [2023-01-11T13:30:21.492+0000] {dagbag.py:538} INFO - Filling up the DagBag from /opt/airflow/dags/income_statement.py
[2023-01-11T13:30:21.810+0000] {processor.py:753} INFO - DAG(s) dict_keys(['income_statement']) retrieved from /opt/airflow/dags/income_statement.py
[2023-01-11T13:30:21.863+0000] {logging_mixin.py:137} INFO - [2023-01-11T13:30:21.862+0000] {dag.py:2676} INFO - Sync 1 DAGs
[2023-01-11T13:30:21.902+0000] {logging_mixin.py:137} INFO - [2023-01-11T13:30:21.902+0000] {dag.py:3427} INFO - Setting next_dagrun for income_statement to 2023-02-01T10:00:00+00:00, run_after=2023-05-01T10:00:00+00:00
[2023-01-11T13:30:21.945+0000] {processor.py:175} INFO - Processing /opt/airflow/dags/income_statement.py took 0.468 seconds
[2023-01-11T13:30:52.855+0000] {processor.py:153} INFO - Started process (PID=367) to work on /opt/airflow/dags/income_statement.py
[2023-01-11T13:30:52.867+0000] {processor.py:743} INFO - Processing file /opt/airflow/dags/income_statement.py for tasks to queue
[2023-01-11T13:30:52.867+0000] {logging_mixin.py:137} INFO - [2023-01-11T13:30:52.867+0000] {dagbag.py:538} INFO - Filling up the DagBag from /opt/airflow/dags/income_statement.py
[2023-01-11T13:30:53.250+0000] {processor.py:753} INFO - DAG(s) dict_keys(['income_statement']) retrieved from /opt/airflow/dags/income_statement.py
[2023-01-11T13:30:53.292+0000] {logging_mixin.py:137} INFO - [2023-01-11T13:30:53.292+0000] {dag.py:2676} INFO - Sync 1 DAGs
[2023-01-11T13:30:53.327+0000] {logging_mixin.py:137} INFO - [2023-01-11T13:30:53.327+0000] {dag.py:3427} INFO - Setting next_dagrun for income_statement to 2023-02-01T10:00:00+00:00, run_after=2023-05-01T10:00:00+00:00
[2023-01-11T13:30:53.390+0000] {processor.py:175} INFO - Processing /opt/airflow/dags/income_statement.py took 0.537 seconds
[2023-01-11T13:31:23.637+0000] {processor.py:153} INFO - Started process (PID=436) to work on /opt/airflow/dags/income_statement.py
[2023-01-11T13:31:23.656+0000] {processor.py:743} INFO - Processing file /opt/airflow/dags/income_statement.py for tasks to queue
[2023-01-11T13:31:23.657+0000] {logging_mixin.py:137} INFO - [2023-01-11T13:31:23.657+0000] {dagbag.py:538} INFO - Filling up the DagBag from /opt/airflow/dags/income_statement.py
[2023-01-11T13:31:23.927+0000] {processor.py:753} INFO - DAG(s) dict_keys(['income_statement']) retrieved from /opt/airflow/dags/income_statement.py
[2023-01-11T13:31:23.959+0000] {logging_mixin.py:137} INFO - [2023-01-11T13:31:23.958+0000] {dag.py:2676} INFO - Sync 1 DAGs
[2023-01-11T13:31:23.985+0000] {logging_mixin.py:137} INFO - [2023-01-11T13:31:23.985+0000] {dag.py:3427} INFO - Setting next_dagrun for income_statement to 2023-02-01T10:00:00+00:00, run_after=2023-05-01T10:00:00+00:00
[2023-01-11T13:31:24.028+0000] {processor.py:175} INFO - Processing /opt/airflow/dags/income_statement.py took 0.394 seconds
[2023-01-11T13:31:54.141+0000] {processor.py:153} INFO - Started process (PID=513) to work on /opt/airflow/dags/income_statement.py
[2023-01-11T13:31:54.151+0000] {processor.py:743} INFO - Processing file /opt/airflow/dags/income_statement.py for tasks to queue
[2023-01-11T13:31:54.152+0000] {logging_mixin.py:137} INFO - [2023-01-11T13:31:54.152+0000] {dagbag.py:538} INFO - Filling up the DagBag from /opt/airflow/dags/income_statement.py
[2023-01-11T13:31:54.594+0000] {processor.py:753} INFO - DAG(s) dict_keys(['income_statement']) retrieved from /opt/airflow/dags/income_statement.py
[2023-01-11T13:31:54.637+0000] {logging_mixin.py:137} INFO - [2023-01-11T13:31:54.636+0000] {dag.py:2676} INFO - Sync 1 DAGs
[2023-01-11T13:31:54.667+0000] {logging_mixin.py:137} INFO - [2023-01-11T13:31:54.667+0000] {dag.py:3427} INFO - Setting next_dagrun for income_statement to 2023-02-01T10:00:00+00:00, run_after=2023-05-01T10:00:00+00:00
[2023-01-11T13:31:54.711+0000] {processor.py:175} INFO - Processing /opt/airflow/dags/income_statement.py took 0.574 seconds
[2023-01-11T13:32:25.674+0000] {processor.py:153} INFO - Started process (PID=592) to work on /opt/airflow/dags/income_statement.py
[2023-01-11T13:32:25.675+0000] {processor.py:743} INFO - Processing file /opt/airflow/dags/income_statement.py for tasks to queue
[2023-01-11T13:32:25.675+0000] {logging_mixin.py:137} INFO - [2023-01-11T13:32:25.675+0000] {dagbag.py:538} INFO - Filling up the DagBag from /opt/airflow/dags/income_statement.py
[2023-01-11T13:32:25.921+0000] {processor.py:753} INFO - DAG(s) dict_keys(['income_statement']) retrieved from /opt/airflow/dags/income_statement.py
[2023-01-11T13:32:25.950+0000] {logging_mixin.py:137} INFO - [2023-01-11T13:32:25.949+0000] {dag.py:2676} INFO - Sync 1 DAGs
[2023-01-11T13:32:25.973+0000] {logging_mixin.py:137} INFO - [2023-01-11T13:32:25.973+0000] {dag.py:3427} INFO - Setting next_dagrun for income_statement to 2023-02-01T10:00:00+00:00, run_after=2023-05-01T10:00:00+00:00
[2023-01-11T13:32:26.034+0000] {processor.py:175} INFO - Processing /opt/airflow/dags/income_statement.py took 0.363 seconds
[2023-01-11T13:32:56.684+0000] {processor.py:153} INFO - Started process (PID=660) to work on /opt/airflow/dags/income_statement.py
[2023-01-11T13:32:56.685+0000] {processor.py:743} INFO - Processing file /opt/airflow/dags/income_statement.py for tasks to queue
[2023-01-11T13:32:56.685+0000] {logging_mixin.py:137} INFO - [2023-01-11T13:32:56.685+0000] {dagbag.py:538} INFO - Filling up the DagBag from /opt/airflow/dags/income_statement.py
[2023-01-11T13:32:56.987+0000] {processor.py:753} INFO - DAG(s) dict_keys(['income_statement']) retrieved from /opt/airflow/dags/income_statement.py
[2023-01-11T13:32:57.051+0000] {logging_mixin.py:137} INFO - [2023-01-11T13:32:57.051+0000] {dag.py:2676} INFO - Sync 1 DAGs
[2023-01-11T13:32:57.093+0000] {logging_mixin.py:137} INFO - [2023-01-11T13:32:57.093+0000] {dag.py:3427} INFO - Setting next_dagrun for income_statement to 2023-02-01T10:00:00+00:00, run_after=2023-05-01T10:00:00+00:00
[2023-01-11T13:32:57.179+0000] {processor.py:175} INFO - Processing /opt/airflow/dags/income_statement.py took 0.498 seconds
[2023-01-11T13:33:27.205+0000] {processor.py:153} INFO - Started process (PID=748) to work on /opt/airflow/dags/income_statement.py
[2023-01-11T13:33:27.217+0000] {processor.py:743} INFO - Processing file /opt/airflow/dags/income_statement.py for tasks to queue
[2023-01-11T13:33:27.218+0000] {logging_mixin.py:137} INFO - [2023-01-11T13:33:27.217+0000] {dagbag.py:538} INFO - Filling up the DagBag from /opt/airflow/dags/income_statement.py
[2023-01-11T13:33:27.540+0000] {processor.py:753} INFO - DAG(s) dict_keys(['income_statement']) retrieved from /opt/airflow/dags/income_statement.py
[2023-01-11T13:33:27.586+0000] {logging_mixin.py:137} INFO - [2023-01-11T13:33:27.585+0000] {dag.py:2676} INFO - Sync 1 DAGs
[2023-01-11T13:33:27.617+0000] {logging_mixin.py:137} INFO - [2023-01-11T13:33:27.617+0000] {dag.py:3427} INFO - Setting next_dagrun for income_statement to 2023-02-01T10:00:00+00:00, run_after=2023-05-01T10:00:00+00:00
[2023-01-11T13:33:27.738+0000] {processor.py:175} INFO - Processing /opt/airflow/dags/income_statement.py took 0.536 seconds
[2023-01-11T13:33:58.560+0000] {processor.py:153} INFO - Started process (PID=816) to work on /opt/airflow/dags/income_statement.py
[2023-01-11T13:33:58.561+0000] {processor.py:743} INFO - Processing file /opt/airflow/dags/income_statement.py for tasks to queue
[2023-01-11T13:33:58.561+0000] {logging_mixin.py:137} INFO - [2023-01-11T13:33:58.561+0000] {dagbag.py:538} INFO - Filling up the DagBag from /opt/airflow/dags/income_statement.py
[2023-01-11T13:33:58.849+0000] {processor.py:753} INFO - DAG(s) dict_keys(['income_statement']) retrieved from /opt/airflow/dags/income_statement.py
[2023-01-11T13:33:58.885+0000] {logging_mixin.py:137} INFO - [2023-01-11T13:33:58.885+0000] {dag.py:2676} INFO - Sync 1 DAGs
[2023-01-11T13:33:58.908+0000] {logging_mixin.py:137} INFO - [2023-01-11T13:33:58.908+0000] {dag.py:3427} INFO - Setting next_dagrun for income_statement to 2023-02-01T10:00:00+00:00, run_after=2023-05-01T10:00:00+00:00
[2023-01-11T13:33:58.965+0000] {processor.py:175} INFO - Processing /opt/airflow/dags/income_statement.py took 0.407 seconds
[2023-01-11T13:34:29.255+0000] {processor.py:153} INFO - Started process (PID=905) to work on /opt/airflow/dags/income_statement.py
[2023-01-11T13:34:29.255+0000] {processor.py:743} INFO - Processing file /opt/airflow/dags/income_statement.py for tasks to queue
[2023-01-11T13:34:29.256+0000] {logging_mixin.py:137} INFO - [2023-01-11T13:34:29.256+0000] {dagbag.py:538} INFO - Filling up the DagBag from /opt/airflow/dags/income_statement.py
[2023-01-11T13:34:29.481+0000] {processor.py:753} INFO - DAG(s) dict_keys(['income_statement']) retrieved from /opt/airflow/dags/income_statement.py
[2023-01-11T13:34:29.511+0000] {logging_mixin.py:137} INFO - [2023-01-11T13:34:29.510+0000] {dag.py:2676} INFO - Sync 1 DAGs
[2023-01-11T13:34:29.534+0000] {logging_mixin.py:137} INFO - [2023-01-11T13:34:29.534+0000] {dag.py:3427} INFO - Setting next_dagrun for income_statement to 2023-02-01T10:00:00+00:00, run_after=2023-05-01T10:00:00+00:00
[2023-01-11T13:34:29.578+0000] {processor.py:175} INFO - Processing /opt/airflow/dags/income_statement.py took 0.326 seconds
[2023-01-11T13:36:35.960+0000] {processor.py:153} INFO - Started process (PID=102) to work on /opt/airflow/dags/income_statement.py
[2023-01-11T13:36:35.973+0000] {processor.py:743} INFO - Processing file /opt/airflow/dags/income_statement.py for tasks to queue
[2023-01-11T13:36:35.974+0000] {logging_mixin.py:137} INFO - [2023-01-11T13:36:35.974+0000] {dagbag.py:538} INFO - Filling up the DagBag from /opt/airflow/dags/income_statement.py
[2023-01-11T13:36:36.305+0000] {processor.py:753} INFO - DAG(s) dict_keys(['income_statement']) retrieved from /opt/airflow/dags/income_statement.py
[2023-01-11T13:36:36.383+0000] {logging_mixin.py:137} INFO - [2023-01-11T13:36:36.382+0000] {dag.py:2676} INFO - Sync 1 DAGs
[2023-01-11T13:36:36.410+0000] {logging_mixin.py:137} INFO - [2023-01-11T13:36:36.409+0000] {dag.py:3427} INFO - Setting next_dagrun for income_statement to 2023-02-01T10:00:00+00:00, run_after=2023-05-01T10:00:00+00:00
[2023-01-11T13:36:36.454+0000] {processor.py:175} INFO - Processing /opt/airflow/dags/income_statement.py took 0.498 seconds
[2023-01-11T13:37:06.652+0000] {processor.py:153} INFO - Started process (PID=170) to work on /opt/airflow/dags/income_statement.py
[2023-01-11T13:37:06.653+0000] {processor.py:743} INFO - Processing file /opt/airflow/dags/income_statement.py for tasks to queue
[2023-01-11T13:37:06.653+0000] {logging_mixin.py:137} INFO - [2023-01-11T13:37:06.653+0000] {dagbag.py:538} INFO - Filling up the DagBag from /opt/airflow/dags/income_statement.py
[2023-01-11T13:37:06.928+0000] {processor.py:753} INFO - DAG(s) dict_keys(['income_statement']) retrieved from /opt/airflow/dags/income_statement.py
[2023-01-11T13:37:06.970+0000] {logging_mixin.py:137} INFO - [2023-01-11T13:37:06.969+0000] {dag.py:2676} INFO - Sync 1 DAGs
[2023-01-11T13:37:07.005+0000] {logging_mixin.py:137} INFO - [2023-01-11T13:37:07.005+0000] {dag.py:3427} INFO - Setting next_dagrun for income_statement to 2023-02-01T10:00:00+00:00, run_after=2023-05-01T10:00:00+00:00
[2023-01-11T13:37:07.072+0000] {processor.py:175} INFO - Processing /opt/airflow/dags/income_statement.py took 0.422 seconds
[2023-01-11T13:37:38.323+0000] {processor.py:153} INFO - Started process (PID=256) to work on /opt/airflow/dags/income_statement.py
[2023-01-11T13:37:38.347+0000] {processor.py:743} INFO - Processing file /opt/airflow/dags/income_statement.py for tasks to queue
[2023-01-11T13:37:38.348+0000] {logging_mixin.py:137} INFO - [2023-01-11T13:37:38.348+0000] {dagbag.py:538} INFO - Filling up the DagBag from /opt/airflow/dags/income_statement.py
[2023-01-11T13:37:38.865+0000] {processor.py:753} INFO - DAG(s) dict_keys(['income_statement']) retrieved from /opt/airflow/dags/income_statement.py
[2023-01-11T13:37:38.910+0000] {logging_mixin.py:137} INFO - [2023-01-11T13:37:38.910+0000] {dag.py:2676} INFO - Sync 1 DAGs
[2023-01-11T13:37:38.946+0000] {logging_mixin.py:137} INFO - [2023-01-11T13:37:38.945+0000] {dag.py:3427} INFO - Setting next_dagrun for income_statement to 2023-02-01T10:00:00+00:00, run_after=2023-05-01T10:00:00+00:00
[2023-01-11T13:37:39.011+0000] {processor.py:175} INFO - Processing /opt/airflow/dags/income_statement.py took 0.691 seconds
[2023-01-11T13:38:09.512+0000] {processor.py:153} INFO - Started process (PID=324) to work on /opt/airflow/dags/income_statement.py
[2023-01-11T13:38:09.512+0000] {processor.py:743} INFO - Processing file /opt/airflow/dags/income_statement.py for tasks to queue
[2023-01-11T13:38:09.513+0000] {logging_mixin.py:137} INFO - [2023-01-11T13:38:09.513+0000] {dagbag.py:538} INFO - Filling up the DagBag from /opt/airflow/dags/income_statement.py
[2023-01-11T13:38:09.780+0000] {processor.py:753} INFO - DAG(s) dict_keys(['income_statement']) retrieved from /opt/airflow/dags/income_statement.py
[2023-01-11T13:38:09.809+0000] {logging_mixin.py:137} INFO - [2023-01-11T13:38:09.809+0000] {dag.py:2676} INFO - Sync 1 DAGs
[2023-01-11T13:38:09.832+0000] {logging_mixin.py:137} INFO - [2023-01-11T13:38:09.832+0000] {dag.py:3427} INFO - Setting next_dagrun for income_statement to 2023-02-01T10:00:00+00:00, run_after=2023-05-01T10:00:00+00:00
[2023-01-11T13:38:09.892+0000] {processor.py:175} INFO - Processing /opt/airflow/dags/income_statement.py took 0.383 seconds
[2023-01-11T13:40:07.943+0000] {processor.py:153} INFO - Started process (PID=82) to work on /opt/airflow/dags/income_statement.py
[2023-01-11T13:40:07.951+0000] {processor.py:743} INFO - Processing file /opt/airflow/dags/income_statement.py for tasks to queue
[2023-01-11T13:40:07.952+0000] {logging_mixin.py:137} INFO - [2023-01-11T13:40:07.952+0000] {dagbag.py:538} INFO - Filling up the DagBag from /opt/airflow/dags/income_statement.py
[2023-01-11T13:40:08.361+0000] {processor.py:753} INFO - DAG(s) dict_keys(['income_statement']) retrieved from /opt/airflow/dags/income_statement.py
[2023-01-11T13:40:08.466+0000] {logging_mixin.py:137} INFO - [2023-01-11T13:40:08.466+0000] {dag.py:2676} INFO - Sync 1 DAGs
[2023-01-11T13:40:08.496+0000] {logging_mixin.py:137} INFO - [2023-01-11T13:40:08.496+0000] {dag.py:3427} INFO - Setting next_dagrun for income_statement to 2023-02-01T10:00:00+00:00, run_after=2023-05-01T10:00:00+00:00
[2023-01-11T13:40:08.542+0000] {processor.py:175} INFO - Processing /opt/airflow/dags/income_statement.py took 0.603 seconds
[2023-01-11T13:40:39.464+0000] {processor.py:153} INFO - Started process (PID=170) to work on /opt/airflow/dags/income_statement.py
[2023-01-11T13:40:39.470+0000] {processor.py:743} INFO - Processing file /opt/airflow/dags/income_statement.py for tasks to queue
[2023-01-11T13:40:39.471+0000] {logging_mixin.py:137} INFO - [2023-01-11T13:40:39.471+0000] {dagbag.py:538} INFO - Filling up the DagBag from /opt/airflow/dags/income_statement.py
[2023-01-11T13:40:39.895+0000] {processor.py:753} INFO - DAG(s) dict_keys(['income_statement']) retrieved from /opt/airflow/dags/income_statement.py
[2023-01-11T13:40:39.930+0000] {logging_mixin.py:137} INFO - [2023-01-11T13:40:39.929+0000] {dag.py:2676} INFO - Sync 1 DAGs
[2023-01-11T13:40:39.961+0000] {logging_mixin.py:137} INFO - [2023-01-11T13:40:39.960+0000] {dag.py:3427} INFO - Setting next_dagrun for income_statement to 2023-02-01T10:00:00+00:00, run_after=2023-05-01T10:00:00+00:00
[2023-01-11T13:40:40.011+0000] {processor.py:175} INFO - Processing /opt/airflow/dags/income_statement.py took 0.550 seconds
[2023-01-11T13:41:10.765+0000] {processor.py:153} INFO - Started process (PID=238) to work on /opt/airflow/dags/income_statement.py
[2023-01-11T13:41:10.766+0000] {processor.py:743} INFO - Processing file /opt/airflow/dags/income_statement.py for tasks to queue
[2023-01-11T13:41:10.767+0000] {logging_mixin.py:137} INFO - [2023-01-11T13:41:10.766+0000] {dagbag.py:538} INFO - Filling up the DagBag from /opt/airflow/dags/income_statement.py
[2023-01-11T13:41:11.031+0000] {processor.py:753} INFO - DAG(s) dict_keys(['income_statement']) retrieved from /opt/airflow/dags/income_statement.py
[2023-01-11T13:41:11.064+0000] {logging_mixin.py:137} INFO - [2023-01-11T13:41:11.063+0000] {dag.py:2676} INFO - Sync 1 DAGs
[2023-01-11T13:41:11.089+0000] {logging_mixin.py:137} INFO - [2023-01-11T13:41:11.089+0000] {dag.py:3427} INFO - Setting next_dagrun for income_statement to 2023-02-01T10:00:00+00:00, run_after=2023-05-01T10:00:00+00:00
[2023-01-11T13:41:11.145+0000] {processor.py:175} INFO - Processing /opt/airflow/dags/income_statement.py took 0.382 seconds
[2023-01-11T13:41:42.069+0000] {processor.py:153} INFO - Started process (PID=315) to work on /opt/airflow/dags/income_statement.py
[2023-01-11T13:41:42.087+0000] {processor.py:743} INFO - Processing file /opt/airflow/dags/income_statement.py for tasks to queue
[2023-01-11T13:41:42.088+0000] {logging_mixin.py:137} INFO - [2023-01-11T13:41:42.088+0000] {dagbag.py:538} INFO - Filling up the DagBag from /opt/airflow/dags/income_statement.py
[2023-01-11T13:41:42.513+0000] {processor.py:753} INFO - DAG(s) dict_keys(['income_statement']) retrieved from /opt/airflow/dags/income_statement.py
[2023-01-11T13:41:42.554+0000] {logging_mixin.py:137} INFO - [2023-01-11T13:41:42.553+0000] {dag.py:2676} INFO - Sync 1 DAGs
[2023-01-11T13:41:42.593+0000] {logging_mixin.py:137} INFO - [2023-01-11T13:41:42.593+0000] {dag.py:3427} INFO - Setting next_dagrun for income_statement to 2023-02-01T10:00:00+00:00, run_after=2023-05-01T10:00:00+00:00
[2023-01-11T13:41:42.691+0000] {processor.py:175} INFO - Processing /opt/airflow/dags/income_statement.py took 0.628 seconds
[2023-01-11T13:42:13.284+0000] {processor.py:153} INFO - Started process (PID=394) to work on /opt/airflow/dags/income_statement.py
[2023-01-11T13:42:13.284+0000] {processor.py:743} INFO - Processing file /opt/airflow/dags/income_statement.py for tasks to queue
[2023-01-11T13:42:13.285+0000] {logging_mixin.py:137} INFO - [2023-01-11T13:42:13.285+0000] {dagbag.py:538} INFO - Filling up the DagBag from /opt/airflow/dags/income_statement.py
[2023-01-11T13:42:13.555+0000] {processor.py:753} INFO - DAG(s) dict_keys(['income_statement']) retrieved from /opt/airflow/dags/income_statement.py
[2023-01-11T13:42:13.588+0000] {logging_mixin.py:137} INFO - [2023-01-11T13:42:13.587+0000] {dag.py:2676} INFO - Sync 1 DAGs
[2023-01-11T13:42:13.614+0000] {logging_mixin.py:137} INFO - [2023-01-11T13:42:13.614+0000] {dag.py:3427} INFO - Setting next_dagrun for income_statement to 2023-02-01T10:00:00+00:00, run_after=2023-05-01T10:00:00+00:00
[2023-01-11T13:42:13.661+0000] {processor.py:175} INFO - Processing /opt/airflow/dags/income_statement.py took 0.380 seconds
[2023-01-11T13:42:44.295+0000] {processor.py:153} INFO - Started process (PID=462) to work on /opt/airflow/dags/income_statement.py
[2023-01-11T13:42:44.304+0000] {processor.py:743} INFO - Processing file /opt/airflow/dags/income_statement.py for tasks to queue
[2023-01-11T13:42:44.305+0000] {logging_mixin.py:137} INFO - [2023-01-11T13:42:44.305+0000] {dagbag.py:538} INFO - Filling up the DagBag from /opt/airflow/dags/income_statement.py
[2023-01-11T13:42:44.681+0000] {processor.py:753} INFO - DAG(s) dict_keys(['income_statement']) retrieved from /opt/airflow/dags/income_statement.py
[2023-01-11T13:42:44.726+0000] {logging_mixin.py:137} INFO - [2023-01-11T13:42:44.726+0000] {dag.py:2676} INFO - Sync 1 DAGs
[2023-01-11T13:42:44.773+0000] {logging_mixin.py:137} INFO - [2023-01-11T13:42:44.772+0000] {dag.py:3427} INFO - Setting next_dagrun for income_statement to 2023-02-01T10:00:00+00:00, run_after=2023-05-01T10:00:00+00:00
[2023-01-11T13:42:44.881+0000] {processor.py:175} INFO - Processing /opt/airflow/dags/income_statement.py took 0.588 seconds
[2023-01-11T23:20:33.855+0000] {processor.py:153} INFO - Started process (PID=140) to work on /opt/airflow/dags/income_statement.py
[2023-01-11T23:20:33.870+0000] {processor.py:743} INFO - Processing file /opt/airflow/dags/income_statement.py for tasks to queue
[2023-01-11T23:20:33.871+0000] {logging_mixin.py:137} INFO - [2023-01-11T23:20:33.871+0000] {dagbag.py:538} INFO - Filling up the DagBag from /opt/airflow/dags/income_statement.py
[2023-01-11T23:20:34.161+0000] {processor.py:753} INFO - DAG(s) dict_keys(['income_statement']) retrieved from /opt/airflow/dags/income_statement.py
[2023-01-11T23:20:34.243+0000] {logging_mixin.py:137} INFO - [2023-01-11T23:20:34.242+0000] {dag.py:2676} INFO - Sync 1 DAGs
[2023-01-11T23:20:34.275+0000] {logging_mixin.py:137} INFO - [2023-01-11T23:20:34.274+0000] {dag.py:3427} INFO - Setting next_dagrun for income_statement to 2023-02-01T10:00:00+00:00, run_after=2023-05-01T10:00:00+00:00
[2023-01-11T23:20:34.339+0000] {processor.py:175} INFO - Processing /opt/airflow/dags/income_statement.py took 0.487 seconds
[2023-01-11T23:21:04.686+0000] {processor.py:153} INFO - Started process (PID=208) to work on /opt/airflow/dags/income_statement.py
[2023-01-11T23:21:04.687+0000] {processor.py:743} INFO - Processing file /opt/airflow/dags/income_statement.py for tasks to queue
[2023-01-11T23:21:04.688+0000] {logging_mixin.py:137} INFO - [2023-01-11T23:21:04.688+0000] {dagbag.py:538} INFO - Filling up the DagBag from /opt/airflow/dags/income_statement.py
[2023-01-11T23:21:05.038+0000] {processor.py:753} INFO - DAG(s) dict_keys(['income_statement']) retrieved from /opt/airflow/dags/income_statement.py
[2023-01-11T23:21:05.072+0000] {logging_mixin.py:137} INFO - [2023-01-11T23:21:05.071+0000] {dag.py:2676} INFO - Sync 1 DAGs
[2023-01-11T23:21:05.099+0000] {logging_mixin.py:137} INFO - [2023-01-11T23:21:05.099+0000] {dag.py:3427} INFO - Setting next_dagrun for income_statement to 2023-02-01T10:00:00+00:00, run_after=2023-05-01T10:00:00+00:00
[2023-01-11T23:21:05.469+0000] {processor.py:175} INFO - Processing /opt/airflow/dags/income_statement.py took 0.789 seconds
[2023-01-11T23:21:35.801+0000] {processor.py:153} INFO - Started process (PID=286) to work on /opt/airflow/dags/income_statement.py
[2023-01-11T23:21:35.802+0000] {processor.py:743} INFO - Processing file /opt/airflow/dags/income_statement.py for tasks to queue
[2023-01-11T23:21:35.802+0000] {logging_mixin.py:137} INFO - [2023-01-11T23:21:35.802+0000] {dagbag.py:538} INFO - Filling up the DagBag from /opt/airflow/dags/income_statement.py
[2023-01-11T23:21:36.071+0000] {processor.py:753} INFO - DAG(s) dict_keys(['income_statement']) retrieved from /opt/airflow/dags/income_statement.py
[2023-01-11T23:21:36.116+0000] {logging_mixin.py:137} INFO - [2023-01-11T23:21:36.115+0000] {dag.py:2676} INFO - Sync 1 DAGs
[2023-01-11T23:21:36.177+0000] {logging_mixin.py:137} INFO - [2023-01-11T23:21:36.177+0000] {dag.py:3427} INFO - Setting next_dagrun for income_statement to 2023-02-01T10:00:00+00:00, run_after=2023-05-01T10:00:00+00:00
[2023-01-11T23:21:36.259+0000] {processor.py:175} INFO - Processing /opt/airflow/dags/income_statement.py took 0.461 seconds
[2023-01-11T23:22:06.430+0000] {processor.py:153} INFO - Started process (PID=365) to work on /opt/airflow/dags/income_statement.py
[2023-01-11T23:22:06.463+0000] {processor.py:743} INFO - Processing file /opt/airflow/dags/income_statement.py for tasks to queue
[2023-01-11T23:22:06.464+0000] {logging_mixin.py:137} INFO - [2023-01-11T23:22:06.464+0000] {dagbag.py:538} INFO - Filling up the DagBag from /opt/airflow/dags/income_statement.py
[2023-01-11T23:22:06.684+0000] {processor.py:753} INFO - DAG(s) dict_keys(['income_statement']) retrieved from /opt/airflow/dags/income_statement.py
[2023-01-11T23:22:06.713+0000] {logging_mixin.py:137} INFO - [2023-01-11T23:22:06.712+0000] {dag.py:2676} INFO - Sync 1 DAGs
[2023-01-11T23:22:06.734+0000] {logging_mixin.py:137} INFO - [2023-01-11T23:22:06.734+0000] {dag.py:3427} INFO - Setting next_dagrun for income_statement to 2023-02-01T10:00:00+00:00, run_after=2023-05-01T10:00:00+00:00
[2023-01-11T23:22:06.779+0000] {processor.py:175} INFO - Processing /opt/airflow/dags/income_statement.py took 0.352 seconds
[2023-01-11T23:22:37.264+0000] {processor.py:153} INFO - Started process (PID=433) to work on /opt/airflow/dags/income_statement.py
[2023-01-11T23:22:37.274+0000] {processor.py:743} INFO - Processing file /opt/airflow/dags/income_statement.py for tasks to queue
[2023-01-11T23:22:37.275+0000] {logging_mixin.py:137} INFO - [2023-01-11T23:22:37.274+0000] {dagbag.py:538} INFO - Filling up the DagBag from /opt/airflow/dags/income_statement.py
[2023-01-11T23:22:37.550+0000] {processor.py:753} INFO - DAG(s) dict_keys(['income_statement']) retrieved from /opt/airflow/dags/income_statement.py
[2023-01-11T23:22:37.581+0000] {logging_mixin.py:137} INFO - [2023-01-11T23:22:37.581+0000] {dag.py:2676} INFO - Sync 1 DAGs
[2023-01-11T23:22:37.607+0000] {logging_mixin.py:137} INFO - [2023-01-11T23:22:37.607+0000] {dag.py:3427} INFO - Setting next_dagrun for income_statement to 2023-02-01T10:00:00+00:00, run_after=2023-05-01T10:00:00+00:00
[2023-01-11T23:22:37.717+0000] {processor.py:175} INFO - Processing /opt/airflow/dags/income_statement.py took 0.456 seconds
[2023-01-11T23:23:07.855+0000] {processor.py:153} INFO - Started process (PID=521) to work on /opt/airflow/dags/income_statement.py
[2023-01-11T23:23:07.863+0000] {processor.py:743} INFO - Processing file /opt/airflow/dags/income_statement.py for tasks to queue
[2023-01-11T23:23:07.864+0000] {logging_mixin.py:137} INFO - [2023-01-11T23:23:07.864+0000] {dagbag.py:538} INFO - Filling up the DagBag from /opt/airflow/dags/income_statement.py
[2023-01-11T23:23:08.154+0000] {processor.py:753} INFO - DAG(s) dict_keys(['income_statement']) retrieved from /opt/airflow/dags/income_statement.py
[2023-01-11T23:23:08.186+0000] {logging_mixin.py:137} INFO - [2023-01-11T23:23:08.186+0000] {dag.py:2676} INFO - Sync 1 DAGs
[2023-01-11T23:23:08.211+0000] {logging_mixin.py:137} INFO - [2023-01-11T23:23:08.211+0000] {dag.py:3427} INFO - Setting next_dagrun for income_statement to 2023-02-01T10:00:00+00:00, run_after=2023-05-01T10:00:00+00:00
[2023-01-11T23:23:08.253+0000] {processor.py:175} INFO - Processing /opt/airflow/dags/income_statement.py took 0.401 seconds
[2023-01-11T23:23:38.742+0000] {processor.py:153} INFO - Started process (PID=588) to work on /opt/airflow/dags/income_statement.py
[2023-01-11T23:23:38.743+0000] {processor.py:743} INFO - Processing file /opt/airflow/dags/income_statement.py for tasks to queue
[2023-01-11T23:23:38.743+0000] {logging_mixin.py:137} INFO - [2023-01-11T23:23:38.743+0000] {dagbag.py:538} INFO - Filling up the DagBag from /opt/airflow/dags/income_statement.py
[2023-01-11T23:23:39.088+0000] {processor.py:753} INFO - DAG(s) dict_keys(['income_statement']) retrieved from /opt/airflow/dags/income_statement.py
[2023-01-11T23:23:39.126+0000] {logging_mixin.py:137} INFO - [2023-01-11T23:23:39.125+0000] {dag.py:2676} INFO - Sync 1 DAGs
[2023-01-11T23:23:39.154+0000] {logging_mixin.py:137} INFO - [2023-01-11T23:23:39.154+0000] {dag.py:3427} INFO - Setting next_dagrun for income_statement to 2023-02-01T10:00:00+00:00, run_after=2023-05-01T10:00:00+00:00
[2023-01-11T23:23:39.322+0000] {processor.py:175} INFO - Processing /opt/airflow/dags/income_statement.py took 0.583 seconds
[2023-01-11T23:24:09.471+0000] {processor.py:153} INFO - Started process (PID=675) to work on /opt/airflow/dags/income_statement.py
[2023-01-11T23:24:09.487+0000] {processor.py:743} INFO - Processing file /opt/airflow/dags/income_statement.py for tasks to queue
[2023-01-11T23:24:09.488+0000] {logging_mixin.py:137} INFO - [2023-01-11T23:24:09.487+0000] {dagbag.py:538} INFO - Filling up the DagBag from /opt/airflow/dags/income_statement.py
[2023-01-11T23:24:09.762+0000] {processor.py:753} INFO - DAG(s) dict_keys(['income_statement']) retrieved from /opt/airflow/dags/income_statement.py
[2023-01-11T23:24:09.804+0000] {logging_mixin.py:137} INFO - [2023-01-11T23:24:09.803+0000] {dag.py:2676} INFO - Sync 1 DAGs
[2023-01-11T23:24:09.852+0000] {logging_mixin.py:137} INFO - [2023-01-11T23:24:09.851+0000] {dag.py:3427} INFO - Setting next_dagrun for income_statement to 2023-02-01T10:00:00+00:00, run_after=2023-05-01T10:00:00+00:00
[2023-01-11T23:24:10.001+0000] {processor.py:175} INFO - Processing /opt/airflow/dags/income_statement.py took 0.533 seconds
[2023-01-11T23:24:40.357+0000] {processor.py:153} INFO - Started process (PID=743) to work on /opt/airflow/dags/income_statement.py
[2023-01-11T23:24:40.358+0000] {processor.py:743} INFO - Processing file /opt/airflow/dags/income_statement.py for tasks to queue
[2023-01-11T23:24:40.358+0000] {logging_mixin.py:137} INFO - [2023-01-11T23:24:40.358+0000] {dagbag.py:538} INFO - Filling up the DagBag from /opt/airflow/dags/income_statement.py
[2023-01-11T23:24:40.616+0000] {processor.py:753} INFO - DAG(s) dict_keys(['income_statement']) retrieved from /opt/airflow/dags/income_statement.py
[2023-01-11T23:24:40.646+0000] {logging_mixin.py:137} INFO - [2023-01-11T23:24:40.645+0000] {dag.py:2676} INFO - Sync 1 DAGs
[2023-01-11T23:24:40.669+0000] {logging_mixin.py:137} INFO - [2023-01-11T23:24:40.669+0000] {dag.py:3427} INFO - Setting next_dagrun for income_statement to 2023-02-01T10:00:00+00:00, run_after=2023-05-01T10:00:00+00:00
[2023-01-11T23:24:40.709+0000] {processor.py:175} INFO - Processing /opt/airflow/dags/income_statement.py took 0.355 seconds
[2023-01-11T23:25:11.211+0000] {processor.py:153} INFO - Started process (PID=831) to work on /opt/airflow/dags/income_statement.py
[2023-01-11T23:25:11.216+0000] {processor.py:743} INFO - Processing file /opt/airflow/dags/income_statement.py for tasks to queue
[2023-01-11T23:25:11.217+0000] {logging_mixin.py:137} INFO - [2023-01-11T23:25:11.217+0000] {dagbag.py:538} INFO - Filling up the DagBag from /opt/airflow/dags/income_statement.py
[2023-01-11T23:25:11.508+0000] {processor.py:753} INFO - DAG(s) dict_keys(['income_statement']) retrieved from /opt/airflow/dags/income_statement.py
[2023-01-11T23:25:11.543+0000] {logging_mixin.py:137} INFO - [2023-01-11T23:25:11.543+0000] {dag.py:2676} INFO - Sync 1 DAGs
[2023-01-11T23:25:11.570+0000] {logging_mixin.py:137} INFO - [2023-01-11T23:25:11.570+0000] {dag.py:3427} INFO - Setting next_dagrun for income_statement to 2023-02-01T10:00:00+00:00, run_after=2023-05-01T10:00:00+00:00
[2023-01-11T23:25:11.727+0000] {processor.py:175} INFO - Processing /opt/airflow/dags/income_statement.py took 0.519 seconds
[2023-01-11T23:25:42.710+0000] {processor.py:153} INFO - Started process (PID=900) to work on /opt/airflow/dags/income_statement.py
[2023-01-11T23:25:42.711+0000] {processor.py:743} INFO - Processing file /opt/airflow/dags/income_statement.py for tasks to queue
[2023-01-11T23:25:42.711+0000] {logging_mixin.py:137} INFO - [2023-01-11T23:25:42.711+0000] {dagbag.py:538} INFO - Filling up the DagBag from /opt/airflow/dags/income_statement.py
[2023-01-11T23:25:43.018+0000] {processor.py:753} INFO - DAG(s) dict_keys(['income_statement']) retrieved from /opt/airflow/dags/income_statement.py
[2023-01-11T23:25:43.065+0000] {logging_mixin.py:137} INFO - [2023-01-11T23:25:43.065+0000] {dag.py:2676} INFO - Sync 1 DAGs
[2023-01-11T23:25:43.091+0000] {logging_mixin.py:137} INFO - [2023-01-11T23:25:43.091+0000] {dag.py:3427} INFO - Setting next_dagrun for income_statement to 2023-02-01T10:00:00+00:00, run_after=2023-05-01T10:00:00+00:00
[2023-01-11T23:25:43.520+0000] {processor.py:175} INFO - Processing /opt/airflow/dags/income_statement.py took 0.814 seconds
[2023-01-11T23:26:14.028+0000] {processor.py:153} INFO - Started process (PID=988) to work on /opt/airflow/dags/income_statement.py
[2023-01-11T23:26:14.084+0000] {processor.py:743} INFO - Processing file /opt/airflow/dags/income_statement.py for tasks to queue
[2023-01-11T23:26:14.084+0000] {logging_mixin.py:137} INFO - [2023-01-11T23:26:14.084+0000] {dagbag.py:538} INFO - Filling up the DagBag from /opt/airflow/dags/income_statement.py
[2023-01-11T23:26:14.504+0000] {processor.py:753} INFO - DAG(s) dict_keys(['income_statement']) retrieved from /opt/airflow/dags/income_statement.py
[2023-01-11T23:26:14.555+0000] {logging_mixin.py:137} INFO - [2023-01-11T23:26:14.555+0000] {dag.py:2676} INFO - Sync 1 DAGs
[2023-01-11T23:26:14.593+0000] {logging_mixin.py:137} INFO - [2023-01-11T23:26:14.593+0000] {dag.py:3427} INFO - Setting next_dagrun for income_statement to 2023-02-01T10:00:00+00:00, run_after=2023-05-01T10:00:00+00:00
[2023-01-11T23:26:14.796+0000] {processor.py:175} INFO - Processing /opt/airflow/dags/income_statement.py took 0.771 seconds
[2023-01-11T23:26:45.696+0000] {processor.py:153} INFO - Started process (PID=1056) to work on /opt/airflow/dags/income_statement.py
[2023-01-11T23:26:45.696+0000] {processor.py:743} INFO - Processing file /opt/airflow/dags/income_statement.py for tasks to queue
[2023-01-11T23:26:45.697+0000] {logging_mixin.py:137} INFO - [2023-01-11T23:26:45.697+0000] {dagbag.py:538} INFO - Filling up the DagBag from /opt/airflow/dags/income_statement.py
[2023-01-11T23:26:45.972+0000] {processor.py:753} INFO - DAG(s) dict_keys(['income_statement']) retrieved from /opt/airflow/dags/income_statement.py
[2023-01-11T23:26:46.023+0000] {logging_mixin.py:137} INFO - [2023-01-11T23:26:46.022+0000] {dag.py:2676} INFO - Sync 1 DAGs
[2023-01-11T23:26:46.072+0000] {logging_mixin.py:137} INFO - [2023-01-11T23:26:46.072+0000] {dag.py:3427} INFO - Setting next_dagrun for income_statement to 2023-02-01T10:00:00+00:00, run_after=2023-05-01T10:00:00+00:00
[2023-01-11T23:26:46.154+0000] {processor.py:175} INFO - Processing /opt/airflow/dags/income_statement.py took 0.461 seconds
[2023-01-11T23:27:16.448+0000] {processor.py:153} INFO - Started process (PID=1130) to work on /opt/airflow/dags/income_statement.py
[2023-01-11T23:27:16.580+0000] {processor.py:743} INFO - Processing file /opt/airflow/dags/income_statement.py for tasks to queue
[2023-01-11T23:27:16.581+0000] {logging_mixin.py:137} INFO - [2023-01-11T23:27:16.581+0000] {dagbag.py:538} INFO - Filling up the DagBag from /opt/airflow/dags/income_statement.py
[2023-01-11T23:27:16.851+0000] {processor.py:753} INFO - DAG(s) dict_keys(['income_statement']) retrieved from /opt/airflow/dags/income_statement.py
[2023-01-11T23:27:16.882+0000] {logging_mixin.py:137} INFO - [2023-01-11T23:27:16.882+0000] {dag.py:2676} INFO - Sync 1 DAGs
[2023-01-11T23:27:16.915+0000] {logging_mixin.py:137} INFO - [2023-01-11T23:27:16.915+0000] {dag.py:3427} INFO - Setting next_dagrun for income_statement to 2023-02-01T10:00:00+00:00, run_after=2023-05-01T10:00:00+00:00
[2023-01-11T23:27:17.006+0000] {processor.py:175} INFO - Processing /opt/airflow/dags/income_statement.py took 0.561 seconds
[2023-01-11T23:27:47.701+0000] {processor.py:153} INFO - Started process (PID=1212) to work on /opt/airflow/dags/income_statement.py
[2023-01-11T23:27:47.702+0000] {processor.py:743} INFO - Processing file /opt/airflow/dags/income_statement.py for tasks to queue
[2023-01-11T23:27:47.703+0000] {logging_mixin.py:137} INFO - [2023-01-11T23:27:47.702+0000] {dagbag.py:538} INFO - Filling up the DagBag from /opt/airflow/dags/income_statement.py
[2023-01-11T23:27:48.041+0000] {processor.py:753} INFO - DAG(s) dict_keys(['income_statement']) retrieved from /opt/airflow/dags/income_statement.py
[2023-01-11T23:27:48.077+0000] {logging_mixin.py:137} INFO - [2023-01-11T23:27:48.076+0000] {dag.py:2676} INFO - Sync 1 DAGs
[2023-01-11T23:27:48.105+0000] {logging_mixin.py:137} INFO - [2023-01-11T23:27:48.105+0000] {dag.py:3427} INFO - Setting next_dagrun for income_statement to 2023-02-01T10:00:00+00:00, run_after=2023-05-01T10:00:00+00:00
[2023-01-11T23:27:48.167+0000] {processor.py:175} INFO - Processing /opt/airflow/dags/income_statement.py took 0.468 seconds
[2023-01-11T23:28:18.483+0000] {processor.py:153} INFO - Started process (PID=1280) to work on /opt/airflow/dags/income_statement.py
[2023-01-11T23:28:18.669+0000] {processor.py:743} INFO - Processing file /opt/airflow/dags/income_statement.py for tasks to queue
[2023-01-11T23:28:18.670+0000] {logging_mixin.py:137} INFO - [2023-01-11T23:28:18.670+0000] {dagbag.py:538} INFO - Filling up the DagBag from /opt/airflow/dags/income_statement.py
[2023-01-11T23:28:18.969+0000] {processor.py:753} INFO - DAG(s) dict_keys(['income_statement']) retrieved from /opt/airflow/dags/income_statement.py
[2023-01-11T23:28:19.002+0000] {logging_mixin.py:137} INFO - [2023-01-11T23:28:19.001+0000] {dag.py:2676} INFO - Sync 1 DAGs
[2023-01-11T23:28:19.031+0000] {logging_mixin.py:137} INFO - [2023-01-11T23:28:19.031+0000] {dag.py:3427} INFO - Setting next_dagrun for income_statement to 2023-02-01T10:00:00+00:00, run_after=2023-05-01T10:00:00+00:00
[2023-01-11T23:28:19.336+0000] {processor.py:175} INFO - Processing /opt/airflow/dags/income_statement.py took 0.856 seconds
[2023-01-11T23:28:49.385+0000] {processor.py:153} INFO - Started process (PID=1368) to work on /opt/airflow/dags/income_statement.py
[2023-01-11T23:28:49.386+0000] {processor.py:743} INFO - Processing file /opt/airflow/dags/income_statement.py for tasks to queue
[2023-01-11T23:28:49.386+0000] {logging_mixin.py:137} INFO - [2023-01-11T23:28:49.386+0000] {dagbag.py:538} INFO - Filling up the DagBag from /opt/airflow/dags/income_statement.py
[2023-01-11T23:28:49.760+0000] {processor.py:753} INFO - DAG(s) dict_keys(['income_statement']) retrieved from /opt/airflow/dags/income_statement.py
[2023-01-11T23:28:49.797+0000] {logging_mixin.py:137} INFO - [2023-01-11T23:28:49.796+0000] {dag.py:2676} INFO - Sync 1 DAGs
[2023-01-11T23:28:49.827+0000] {logging_mixin.py:137} INFO - [2023-01-11T23:28:49.827+0000] {dag.py:3427} INFO - Setting next_dagrun for income_statement to 2023-02-01T10:00:00+00:00, run_after=2023-05-01T10:00:00+00:00
[2023-01-11T23:28:50.235+0000] {processor.py:175} INFO - Processing /opt/airflow/dags/income_statement.py took 0.853 seconds
[2023-01-11T23:29:20.763+0000] {processor.py:153} INFO - Started process (PID=1437) to work on /opt/airflow/dags/income_statement.py
[2023-01-11T23:29:20.764+0000] {processor.py:743} INFO - Processing file /opt/airflow/dags/income_statement.py for tasks to queue
[2023-01-11T23:29:20.765+0000] {logging_mixin.py:137} INFO - [2023-01-11T23:29:20.765+0000] {dagbag.py:538} INFO - Filling up the DagBag from /opt/airflow/dags/income_statement.py
[2023-01-11T23:29:21.035+0000] {processor.py:753} INFO - DAG(s) dict_keys(['income_statement']) retrieved from /opt/airflow/dags/income_statement.py
[2023-01-11T23:29:21.067+0000] {logging_mixin.py:137} INFO - [2023-01-11T23:29:21.066+0000] {dag.py:2676} INFO - Sync 1 DAGs
[2023-01-11T23:29:21.094+0000] {logging_mixin.py:137} INFO - [2023-01-11T23:29:21.094+0000] {dag.py:3427} INFO - Setting next_dagrun for income_statement to 2023-02-01T10:00:00+00:00, run_after=2023-05-01T10:00:00+00:00
[2023-01-11T23:29:21.158+0000] {processor.py:175} INFO - Processing /opt/airflow/dags/income_statement.py took 0.397 seconds
[2023-01-11T23:29:51.714+0000] {processor.py:153} INFO - Started process (PID=1513) to work on /opt/airflow/dags/income_statement.py
[2023-01-11T23:29:51.729+0000] {processor.py:743} INFO - Processing file /opt/airflow/dags/income_statement.py for tasks to queue
[2023-01-11T23:29:51.729+0000] {logging_mixin.py:137} INFO - [2023-01-11T23:29:51.729+0000] {dagbag.py:538} INFO - Filling up the DagBag from /opt/airflow/dags/income_statement.py
[2023-01-11T23:29:51.977+0000] {processor.py:753} INFO - DAG(s) dict_keys(['income_statement']) retrieved from /opt/airflow/dags/income_statement.py
[2023-01-11T23:29:52.014+0000] {logging_mixin.py:137} INFO - [2023-01-11T23:29:52.013+0000] {dag.py:2676} INFO - Sync 1 DAGs
[2023-01-11T23:29:52.052+0000] {logging_mixin.py:137} INFO - [2023-01-11T23:29:52.052+0000] {dag.py:3427} INFO - Setting next_dagrun for income_statement to 2023-02-01T10:00:00+00:00, run_after=2023-05-01T10:00:00+00:00
[2023-01-11T23:29:52.105+0000] {processor.py:175} INFO - Processing /opt/airflow/dags/income_statement.py took 0.394 seconds
[2023-01-11T23:30:22.818+0000] {processor.py:153} INFO - Started process (PID=1592) to work on /opt/airflow/dags/income_statement.py
[2023-01-11T23:30:22.864+0000] {processor.py:743} INFO - Processing file /opt/airflow/dags/income_statement.py for tasks to queue
[2023-01-11T23:30:22.865+0000] {logging_mixin.py:137} INFO - [2023-01-11T23:30:22.865+0000] {dagbag.py:538} INFO - Filling up the DagBag from /opt/airflow/dags/income_statement.py
[2023-01-11T23:30:23.099+0000] {processor.py:753} INFO - DAG(s) dict_keys(['income_statement']) retrieved from /opt/airflow/dags/income_statement.py
[2023-01-11T23:30:23.132+0000] {logging_mixin.py:137} INFO - [2023-01-11T23:30:23.130+0000] {dag.py:2676} INFO - Sync 1 DAGs
[2023-01-11T23:30:23.161+0000] {logging_mixin.py:137} INFO - [2023-01-11T23:30:23.161+0000] {dag.py:3427} INFO - Setting next_dagrun for income_statement to 2023-02-01T10:00:00+00:00, run_after=2023-05-01T10:00:00+00:00
[2023-01-11T23:30:23.207+0000] {processor.py:175} INFO - Processing /opt/airflow/dags/income_statement.py took 0.391 seconds
[2023-01-11T23:30:53.653+0000] {processor.py:153} INFO - Started process (PID=1660) to work on /opt/airflow/dags/income_statement.py
[2023-01-11T23:30:53.654+0000] {processor.py:743} INFO - Processing file /opt/airflow/dags/income_statement.py for tasks to queue
[2023-01-11T23:30:53.654+0000] {logging_mixin.py:137} INFO - [2023-01-11T23:30:53.654+0000] {dagbag.py:538} INFO - Filling up the DagBag from /opt/airflow/dags/income_statement.py
[2023-01-11T23:30:53.929+0000] {processor.py:753} INFO - DAG(s) dict_keys(['income_statement']) retrieved from /opt/airflow/dags/income_statement.py
[2023-01-11T23:30:53.967+0000] {logging_mixin.py:137} INFO - [2023-01-11T23:30:53.967+0000] {dag.py:2676} INFO - Sync 1 DAGs
[2023-01-11T23:30:53.998+0000] {logging_mixin.py:137} INFO - [2023-01-11T23:30:53.997+0000] {dag.py:3427} INFO - Setting next_dagrun for income_statement to 2023-02-01T10:00:00+00:00, run_after=2023-05-01T10:00:00+00:00
[2023-01-11T23:30:54.120+0000] {processor.py:175} INFO - Processing /opt/airflow/dags/income_statement.py took 0.470 seconds
[2023-01-11T23:31:24.925+0000] {processor.py:153} INFO - Started process (PID=1749) to work on /opt/airflow/dags/income_statement.py
[2023-01-11T23:31:24.971+0000] {processor.py:743} INFO - Processing file /opt/airflow/dags/income_statement.py for tasks to queue
[2023-01-11T23:31:24.972+0000] {logging_mixin.py:137} INFO - [2023-01-11T23:31:24.972+0000] {dagbag.py:538} INFO - Filling up the DagBag from /opt/airflow/dags/income_statement.py
[2023-01-11T23:31:25.198+0000] {processor.py:753} INFO - DAG(s) dict_keys(['income_statement']) retrieved from /opt/airflow/dags/income_statement.py
[2023-01-11T23:31:25.234+0000] {logging_mixin.py:137} INFO - [2023-01-11T23:31:25.234+0000] {dag.py:2676} INFO - Sync 1 DAGs
[2023-01-11T23:31:25.264+0000] {logging_mixin.py:137} INFO - [2023-01-11T23:31:25.264+0000] {dag.py:3427} INFO - Setting next_dagrun for income_statement to 2023-02-01T10:00:00+00:00, run_after=2023-05-01T10:00:00+00:00
[2023-01-11T23:31:25.371+0000] {processor.py:175} INFO - Processing /opt/airflow/dags/income_statement.py took 0.449 seconds
[2023-01-11T23:31:55.859+0000] {processor.py:153} INFO - Started process (PID=1817) to work on /opt/airflow/dags/income_statement.py
[2023-01-11T23:31:55.860+0000] {processor.py:743} INFO - Processing file /opt/airflow/dags/income_statement.py for tasks to queue
[2023-01-11T23:31:55.860+0000] {logging_mixin.py:137} INFO - [2023-01-11T23:31:55.860+0000] {dagbag.py:538} INFO - Filling up the DagBag from /opt/airflow/dags/income_statement.py
[2023-01-11T23:31:56.080+0000] {processor.py:753} INFO - DAG(s) dict_keys(['income_statement']) retrieved from /opt/airflow/dags/income_statement.py
[2023-01-11T23:31:56.112+0000] {logging_mixin.py:137} INFO - [2023-01-11T23:31:56.111+0000] {dag.py:2676} INFO - Sync 1 DAGs
[2023-01-11T23:31:56.136+0000] {logging_mixin.py:137} INFO - [2023-01-11T23:31:56.136+0000] {dag.py:3427} INFO - Setting next_dagrun for income_statement to 2023-02-01T10:00:00+00:00, run_after=2023-05-01T10:00:00+00:00
[2023-01-11T23:31:56.187+0000] {processor.py:175} INFO - Processing /opt/airflow/dags/income_statement.py took 0.330 seconds
[2023-01-11T23:32:26.626+0000] {processor.py:153} INFO - Started process (PID=1905) to work on /opt/airflow/dags/income_statement.py
[2023-01-11T23:32:26.641+0000] {processor.py:743} INFO - Processing file /opt/airflow/dags/income_statement.py for tasks to queue
[2023-01-11T23:32:26.642+0000] {logging_mixin.py:137} INFO - [2023-01-11T23:32:26.641+0000] {dagbag.py:538} INFO - Filling up the DagBag from /opt/airflow/dags/income_statement.py
[2023-01-11T23:32:26.888+0000] {processor.py:753} INFO - DAG(s) dict_keys(['income_statement']) retrieved from /opt/airflow/dags/income_statement.py
[2023-01-11T23:32:26.920+0000] {logging_mixin.py:137} INFO - [2023-01-11T23:32:26.920+0000] {dag.py:2676} INFO - Sync 1 DAGs
[2023-01-11T23:32:26.945+0000] {logging_mixin.py:137} INFO - [2023-01-11T23:32:26.945+0000] {dag.py:3427} INFO - Setting next_dagrun for income_statement to 2023-02-01T10:00:00+00:00, run_after=2023-05-01T10:00:00+00:00
[2023-01-11T23:32:27.002+0000] {processor.py:175} INFO - Processing /opt/airflow/dags/income_statement.py took 0.378 seconds
[2023-01-11T23:32:57.318+0000] {processor.py:153} INFO - Started process (PID=1973) to work on /opt/airflow/dags/income_statement.py
[2023-01-11T23:32:57.318+0000] {processor.py:743} INFO - Processing file /opt/airflow/dags/income_statement.py for tasks to queue
[2023-01-11T23:32:57.319+0000] {logging_mixin.py:137} INFO - [2023-01-11T23:32:57.319+0000] {dagbag.py:538} INFO - Filling up the DagBag from /opt/airflow/dags/income_statement.py
[2023-01-11T23:32:57.542+0000] {processor.py:753} INFO - DAG(s) dict_keys(['income_statement']) retrieved from /opt/airflow/dags/income_statement.py
[2023-01-11T23:32:57.571+0000] {logging_mixin.py:137} INFO - [2023-01-11T23:32:57.571+0000] {dag.py:2676} INFO - Sync 1 DAGs
[2023-01-11T23:32:57.598+0000] {logging_mixin.py:137} INFO - [2023-01-11T23:32:57.598+0000] {dag.py:3427} INFO - Setting next_dagrun for income_statement to 2023-02-01T10:00:00+00:00, run_after=2023-05-01T10:00:00+00:00
[2023-01-11T23:32:57.675+0000] {processor.py:175} INFO - Processing /opt/airflow/dags/income_statement.py took 0.360 seconds
