[2023-01-11T13:29:18.780+0000] {processor.py:153} INFO - Started process (PID=120) to work on /opt/airflow/dags/stock_history.py
[2023-01-11T13:29:18.781+0000] {processor.py:743} INFO - Processing file /opt/airflow/dags/stock_history.py for tasks to queue
[2023-01-11T13:29:18.781+0000] {logging_mixin.py:137} INFO - [2023-01-11T13:29:18.781+0000] {dagbag.py:538} INFO - Filling up the DagBag from /opt/airflow/dags/stock_history.py
[2023-01-11T13:29:19.016+0000] {processor.py:753} INFO - DAG(s) dict_keys(['stock_history']) retrieved from /opt/airflow/dags/stock_history.py
[2023-01-11T13:29:19.214+0000] {logging_mixin.py:137} INFO - [2023-01-11T13:29:19.214+0000] {manager.py:504} INFO - Created Permission View: can read on DAG:stock_history
[2023-01-11T13:29:19.250+0000] {logging_mixin.py:137} INFO - [2023-01-11T13:29:19.249+0000] {manager.py:504} INFO - Created Permission View: can edit on DAG:stock_history
[2023-01-11T13:29:19.285+0000] {logging_mixin.py:137} INFO - [2023-01-11T13:29:19.285+0000] {manager.py:504} INFO - Created Permission View: can delete on DAG:stock_history
[2023-01-11T13:29:19.286+0000] {logging_mixin.py:137} INFO - [2023-01-11T13:29:19.286+0000] {dag.py:2676} INFO - Sync 1 DAGs
[2023-01-11T13:29:19.299+0000] {logging_mixin.py:137} INFO - [2023-01-11T13:29:19.298+0000] {dag.py:2697} INFO - Creating ORM DAG for stock_history
[2023-01-11T13:29:19.310+0000] {logging_mixin.py:137} INFO - [2023-01-11T13:29:19.310+0000] {dag.py:3427} INFO - Setting next_dagrun for stock_history to 2023-01-10T00:00:00+00:00, run_after=2023-01-11T00:00:00+00:00
[2023-01-11T13:29:19.354+0000] {processor.py:175} INFO - Processing /opt/airflow/dags/stock_history.py took 0.577 seconds
[2023-01-11T13:29:49.897+0000] {processor.py:153} INFO - Started process (PID=208) to work on /opt/airflow/dags/stock_history.py
[2023-01-11T13:29:49.915+0000] {processor.py:743} INFO - Processing file /opt/airflow/dags/stock_history.py for tasks to queue
[2023-01-11T13:29:49.916+0000] {logging_mixin.py:137} INFO - [2023-01-11T13:29:49.916+0000] {dagbag.py:538} INFO - Filling up the DagBag from /opt/airflow/dags/stock_history.py
[2023-01-11T13:29:50.223+0000] {processor.py:753} INFO - DAG(s) dict_keys(['stock_history']) retrieved from /opt/airflow/dags/stock_history.py
[2023-01-11T13:29:50.260+0000] {logging_mixin.py:137} INFO - [2023-01-11T13:29:50.259+0000] {dag.py:2676} INFO - Sync 1 DAGs
[2023-01-11T13:29:50.286+0000] {logging_mixin.py:137} INFO - [2023-01-11T13:29:50.286+0000] {dag.py:3427} INFO - Setting next_dagrun for stock_history to 2023-01-10T00:00:00+00:00, run_after=2023-01-11T00:00:00+00:00
[2023-01-11T13:29:50.425+0000] {processor.py:175} INFO - Processing /opt/airflow/dags/stock_history.py took 0.531 seconds
[2023-01-11T13:30:21.099+0000] {processor.py:153} INFO - Started process (PID=276) to work on /opt/airflow/dags/stock_history.py
[2023-01-11T13:30:21.111+0000] {processor.py:743} INFO - Processing file /opt/airflow/dags/stock_history.py for tasks to queue
[2023-01-11T13:30:21.111+0000] {logging_mixin.py:137} INFO - [2023-01-11T13:30:21.111+0000] {dagbag.py:538} INFO - Filling up the DagBag from /opt/airflow/dags/stock_history.py
[2023-01-11T13:30:21.367+0000] {processor.py:753} INFO - DAG(s) dict_keys(['stock_history']) retrieved from /opt/airflow/dags/stock_history.py
[2023-01-11T13:30:21.398+0000] {logging_mixin.py:137} INFO - [2023-01-11T13:30:21.398+0000] {dag.py:2676} INFO - Sync 1 DAGs
[2023-01-11T13:30:21.422+0000] {logging_mixin.py:137} INFO - [2023-01-11T13:30:21.422+0000] {dag.py:3427} INFO - Setting next_dagrun for stock_history to 2023-01-10T00:00:00+00:00, run_after=2023-01-11T00:00:00+00:00
[2023-01-11T13:30:21.482+0000] {processor.py:175} INFO - Processing /opt/airflow/dags/stock_history.py took 0.386 seconds
[2023-01-11T13:30:52.406+0000] {processor.py:153} INFO - Started process (PID=364) to work on /opt/airflow/dags/stock_history.py
[2023-01-11T13:30:52.407+0000] {processor.py:743} INFO - Processing file /opt/airflow/dags/stock_history.py for tasks to queue
[2023-01-11T13:30:52.408+0000] {logging_mixin.py:137} INFO - [2023-01-11T13:30:52.408+0000] {dagbag.py:538} INFO - Filling up the DagBag from /opt/airflow/dags/stock_history.py
[2023-01-11T13:30:52.866+0000] {processor.py:753} INFO - DAG(s) dict_keys(['stock_history']) retrieved from /opt/airflow/dags/stock_history.py
[2023-01-11T13:30:52.916+0000] {logging_mixin.py:137} INFO - [2023-01-11T13:30:52.916+0000] {dag.py:2676} INFO - Sync 1 DAGs
[2023-01-11T13:30:52.950+0000] {logging_mixin.py:137} INFO - [2023-01-11T13:30:52.950+0000] {dag.py:3427} INFO - Setting next_dagrun for stock_history to 2023-01-10T00:00:00+00:00, run_after=2023-01-11T00:00:00+00:00
[2023-01-11T13:30:53.003+0000] {processor.py:175} INFO - Processing /opt/airflow/dags/stock_history.py took 0.600 seconds
[2023-01-11T13:31:23.229+0000] {processor.py:153} INFO - Started process (PID=433) to work on /opt/airflow/dags/stock_history.py
[2023-01-11T13:31:23.230+0000] {processor.py:743} INFO - Processing file /opt/airflow/dags/stock_history.py for tasks to queue
[2023-01-11T13:31:23.230+0000] {logging_mixin.py:137} INFO - [2023-01-11T13:31:23.230+0000] {dagbag.py:538} INFO - Filling up the DagBag from /opt/airflow/dags/stock_history.py
[2023-01-11T13:31:23.503+0000] {processor.py:753} INFO - DAG(s) dict_keys(['stock_history']) retrieved from /opt/airflow/dags/stock_history.py
[2023-01-11T13:31:23.536+0000] {logging_mixin.py:137} INFO - [2023-01-11T13:31:23.536+0000] {dag.py:2676} INFO - Sync 1 DAGs
[2023-01-11T13:31:23.562+0000] {logging_mixin.py:137} INFO - [2023-01-11T13:31:23.562+0000] {dag.py:3427} INFO - Setting next_dagrun for stock_history to 2023-01-10T00:00:00+00:00, run_after=2023-01-11T00:00:00+00:00
[2023-01-11T13:31:23.640+0000] {processor.py:175} INFO - Processing /opt/airflow/dags/stock_history.py took 0.413 seconds
[2023-01-11T13:31:53.704+0000] {processor.py:153} INFO - Started process (PID=510) to work on /opt/airflow/dags/stock_history.py
[2023-01-11T13:31:53.709+0000] {processor.py:743} INFO - Processing file /opt/airflow/dags/stock_history.py for tasks to queue
[2023-01-11T13:31:53.709+0000] {logging_mixin.py:137} INFO - [2023-01-11T13:31:53.709+0000] {dagbag.py:538} INFO - Filling up the DagBag from /opt/airflow/dags/stock_history.py
[2023-01-11T13:31:54.019+0000] {processor.py:753} INFO - DAG(s) dict_keys(['stock_history']) retrieved from /opt/airflow/dags/stock_history.py
[2023-01-11T13:31:54.068+0000] {logging_mixin.py:137} INFO - [2023-01-11T13:31:54.067+0000] {dag.py:2676} INFO - Sync 1 DAGs
[2023-01-11T13:31:54.113+0000] {logging_mixin.py:137} INFO - [2023-01-11T13:31:54.113+0000] {dag.py:3427} INFO - Setting next_dagrun for stock_history to 2023-01-10T00:00:00+00:00, run_after=2023-01-11T00:00:00+00:00
[2023-01-11T13:31:54.165+0000] {processor.py:175} INFO - Processing /opt/airflow/dags/stock_history.py took 0.464 seconds
[2023-01-11T13:32:24.322+0000] {processor.py:153} INFO - Started process (PID=589) to work on /opt/airflow/dags/stock_history.py
[2023-01-11T13:32:24.323+0000] {processor.py:743} INFO - Processing file /opt/airflow/dags/stock_history.py for tasks to queue
[2023-01-11T13:32:24.324+0000] {logging_mixin.py:137} INFO - [2023-01-11T13:32:24.323+0000] {dagbag.py:538} INFO - Filling up the DagBag from /opt/airflow/dags/stock_history.py
[2023-01-11T13:32:24.573+0000] {processor.py:753} INFO - DAG(s) dict_keys(['stock_history']) retrieved from /opt/airflow/dags/stock_history.py
[2023-01-11T13:32:24.606+0000] {logging_mixin.py:137} INFO - [2023-01-11T13:32:24.605+0000] {dag.py:2676} INFO - Sync 1 DAGs
[2023-01-11T13:32:24.632+0000] {logging_mixin.py:137} INFO - [2023-01-11T13:32:24.632+0000] {dag.py:3427} INFO - Setting next_dagrun for stock_history to 2023-01-10T00:00:00+00:00, run_after=2023-01-11T00:00:00+00:00
[2023-01-11T13:32:24.674+0000] {processor.py:175} INFO - Processing /opt/airflow/dags/stock_history.py took 0.354 seconds
[2023-01-11T13:32:55.242+0000] {processor.py:153} INFO - Started process (PID=657) to work on /opt/airflow/dags/stock_history.py
[2023-01-11T13:32:55.243+0000] {processor.py:743} INFO - Processing file /opt/airflow/dags/stock_history.py for tasks to queue
[2023-01-11T13:32:55.243+0000] {logging_mixin.py:137} INFO - [2023-01-11T13:32:55.243+0000] {dagbag.py:538} INFO - Filling up the DagBag from /opt/airflow/dags/stock_history.py
[2023-01-11T13:32:55.536+0000] {processor.py:753} INFO - DAG(s) dict_keys(['stock_history']) retrieved from /opt/airflow/dags/stock_history.py
[2023-01-11T13:32:55.572+0000] {logging_mixin.py:137} INFO - [2023-01-11T13:32:55.571+0000] {dag.py:2676} INFO - Sync 1 DAGs
[2023-01-11T13:32:55.605+0000] {logging_mixin.py:137} INFO - [2023-01-11T13:32:55.605+0000] {dag.py:3427} INFO - Setting next_dagrun for stock_history to 2023-01-10T00:00:00+00:00, run_after=2023-01-11T00:00:00+00:00
[2023-01-11T13:32:55.655+0000] {processor.py:175} INFO - Processing /opt/airflow/dags/stock_history.py took 0.417 seconds
[2023-01-11T13:33:26.788+0000] {processor.py:153} INFO - Started process (PID=745) to work on /opt/airflow/dags/stock_history.py
[2023-01-11T13:33:26.839+0000] {processor.py:743} INFO - Processing file /opt/airflow/dags/stock_history.py for tasks to queue
[2023-01-11T13:33:26.840+0000] {logging_mixin.py:137} INFO - [2023-01-11T13:33:26.840+0000] {dagbag.py:538} INFO - Filling up the DagBag from /opt/airflow/dags/stock_history.py
[2023-01-11T13:33:27.109+0000] {processor.py:753} INFO - DAG(s) dict_keys(['stock_history']) retrieved from /opt/airflow/dags/stock_history.py
[2023-01-11T13:33:27.140+0000] {logging_mixin.py:137} INFO - [2023-01-11T13:33:27.140+0000] {dag.py:2676} INFO - Sync 1 DAGs
[2023-01-11T13:33:27.161+0000] {logging_mixin.py:137} INFO - [2023-01-11T13:33:27.161+0000] {dag.py:3427} INFO - Setting next_dagrun for stock_history to 2023-01-10T00:00:00+00:00, run_after=2023-01-11T00:00:00+00:00
[2023-01-11T13:33:27.206+0000] {processor.py:175} INFO - Processing /opt/airflow/dags/stock_history.py took 0.421 seconds
[2023-01-11T13:33:58.048+0000] {processor.py:153} INFO - Started process (PID=813) to work on /opt/airflow/dags/stock_history.py
[2023-01-11T13:33:58.049+0000] {processor.py:743} INFO - Processing file /opt/airflow/dags/stock_history.py for tasks to queue
[2023-01-11T13:33:58.050+0000] {logging_mixin.py:137} INFO - [2023-01-11T13:33:58.049+0000] {dagbag.py:538} INFO - Filling up the DagBag from /opt/airflow/dags/stock_history.py
[2023-01-11T13:33:58.412+0000] {processor.py:753} INFO - DAG(s) dict_keys(['stock_history']) retrieved from /opt/airflow/dags/stock_history.py
[2023-01-11T13:33:58.448+0000] {logging_mixin.py:137} INFO - [2023-01-11T13:33:58.448+0000] {dag.py:2676} INFO - Sync 1 DAGs
[2023-01-11T13:33:58.483+0000] {logging_mixin.py:137} INFO - [2023-01-11T13:33:58.483+0000] {dag.py:3427} INFO - Setting next_dagrun for stock_history to 2023-01-10T00:00:00+00:00, run_after=2023-01-11T00:00:00+00:00
[2023-01-11T13:33:58.554+0000] {processor.py:175} INFO - Processing /opt/airflow/dags/stock_history.py took 0.509 seconds
[2023-01-11T13:34:28.848+0000] {processor.py:153} INFO - Started process (PID=902) to work on /opt/airflow/dags/stock_history.py
[2023-01-11T13:34:28.851+0000] {processor.py:743} INFO - Processing file /opt/airflow/dags/stock_history.py for tasks to queue
[2023-01-11T13:34:28.852+0000] {logging_mixin.py:137} INFO - [2023-01-11T13:34:28.852+0000] {dagbag.py:538} INFO - Filling up the DagBag from /opt/airflow/dags/stock_history.py
[2023-01-11T13:34:29.119+0000] {processor.py:753} INFO - DAG(s) dict_keys(['stock_history']) retrieved from /opt/airflow/dags/stock_history.py
[2023-01-11T13:34:29.153+0000] {logging_mixin.py:137} INFO - [2023-01-11T13:34:29.152+0000] {dag.py:2676} INFO - Sync 1 DAGs
[2023-01-11T13:34:29.180+0000] {logging_mixin.py:137} INFO - [2023-01-11T13:34:29.180+0000] {dag.py:3427} INFO - Setting next_dagrun for stock_history to 2023-01-10T00:00:00+00:00, run_after=2023-01-11T00:00:00+00:00
[2023-01-11T13:34:29.235+0000] {processor.py:175} INFO - Processing /opt/airflow/dags/stock_history.py took 0.391 seconds
[2023-01-11T13:36:35.484+0000] {processor.py:153} INFO - Started process (PID=100) to work on /opt/airflow/dags/stock_history.py
[2023-01-11T13:36:35.494+0000] {processor.py:743} INFO - Processing file /opt/airflow/dags/stock_history.py for tasks to queue
[2023-01-11T13:36:35.495+0000] {logging_mixin.py:137} INFO - [2023-01-11T13:36:35.494+0000] {dagbag.py:538} INFO - Filling up the DagBag from /opt/airflow/dags/stock_history.py
[2023-01-11T13:36:35.792+0000] {processor.py:753} INFO - DAG(s) dict_keys(['stock_history']) retrieved from /opt/airflow/dags/stock_history.py
[2023-01-11T13:36:35.874+0000] {logging_mixin.py:137} INFO - [2023-01-11T13:36:35.874+0000] {dag.py:2676} INFO - Sync 1 DAGs
[2023-01-11T13:36:35.898+0000] {logging_mixin.py:137} INFO - [2023-01-11T13:36:35.898+0000] {dag.py:3427} INFO - Setting next_dagrun for stock_history to 2023-01-10T00:00:00+00:00, run_after=2023-01-11T00:00:00+00:00
[2023-01-11T13:36:36.038+0000] {processor.py:175} INFO - Processing /opt/airflow/dags/stock_history.py took 0.557 seconds
[2023-01-11T13:37:06.257+0000] {processor.py:153} INFO - Started process (PID=167) to work on /opt/airflow/dags/stock_history.py
[2023-01-11T13:37:06.258+0000] {processor.py:743} INFO - Processing file /opt/airflow/dags/stock_history.py for tasks to queue
[2023-01-11T13:37:06.258+0000] {logging_mixin.py:137} INFO - [2023-01-11T13:37:06.258+0000] {dagbag.py:538} INFO - Filling up the DagBag from /opt/airflow/dags/stock_history.py
[2023-01-11T13:37:06.521+0000] {processor.py:753} INFO - DAG(s) dict_keys(['stock_history']) retrieved from /opt/airflow/dags/stock_history.py
[2023-01-11T13:37:06.555+0000] {logging_mixin.py:137} INFO - [2023-01-11T13:37:06.554+0000] {dag.py:2676} INFO - Sync 1 DAGs
[2023-01-11T13:37:06.581+0000] {logging_mixin.py:137} INFO - [2023-01-11T13:37:06.581+0000] {dag.py:3427} INFO - Setting next_dagrun for stock_history to 2023-01-10T00:00:00+00:00, run_after=2023-01-11T00:00:00+00:00
[2023-01-11T13:37:06.658+0000] {processor.py:175} INFO - Processing /opt/airflow/dags/stock_history.py took 0.403 seconds
[2023-01-11T13:37:37.621+0000] {processor.py:153} INFO - Started process (PID=253) to work on /opt/airflow/dags/stock_history.py
[2023-01-11T13:37:37.747+0000] {processor.py:743} INFO - Processing file /opt/airflow/dags/stock_history.py for tasks to queue
[2023-01-11T13:37:37.747+0000] {logging_mixin.py:137} INFO - [2023-01-11T13:37:37.747+0000] {dagbag.py:538} INFO - Filling up the DagBag from /opt/airflow/dags/stock_history.py
[2023-01-11T13:37:38.081+0000] {processor.py:753} INFO - DAG(s) dict_keys(['stock_history']) retrieved from /opt/airflow/dags/stock_history.py
[2023-01-11T13:37:38.137+0000] {logging_mixin.py:137} INFO - [2023-01-11T13:37:38.136+0000] {dag.py:2676} INFO - Sync 1 DAGs
[2023-01-11T13:37:38.329+0000] {logging_mixin.py:137} INFO - [2023-01-11T13:37:38.329+0000] {dag.py:3427} INFO - Setting next_dagrun for stock_history to 2023-01-10T00:00:00+00:00, run_after=2023-01-11T00:00:00+00:00
[2023-01-11T13:37:38.548+0000] {processor.py:175} INFO - Processing /opt/airflow/dags/stock_history.py took 0.929 seconds
[2023-01-11T13:38:09.090+0000] {processor.py:153} INFO - Started process (PID=321) to work on /opt/airflow/dags/stock_history.py
[2023-01-11T13:38:09.091+0000] {processor.py:743} INFO - Processing file /opt/airflow/dags/stock_history.py for tasks to queue
[2023-01-11T13:38:09.091+0000] {logging_mixin.py:137} INFO - [2023-01-11T13:38:09.091+0000] {dagbag.py:538} INFO - Filling up the DagBag from /opt/airflow/dags/stock_history.py
[2023-01-11T13:38:09.339+0000] {processor.py:753} INFO - DAG(s) dict_keys(['stock_history']) retrieved from /opt/airflow/dags/stock_history.py
[2023-01-11T13:38:09.378+0000] {logging_mixin.py:137} INFO - [2023-01-11T13:38:09.378+0000] {dag.py:2676} INFO - Sync 1 DAGs
[2023-01-11T13:38:09.415+0000] {logging_mixin.py:137} INFO - [2023-01-11T13:38:09.415+0000] {dag.py:3427} INFO - Setting next_dagrun for stock_history to 2023-01-10T00:00:00+00:00, run_after=2023-01-11T00:00:00+00:00
[2023-01-11T13:38:09.493+0000] {processor.py:175} INFO - Processing /opt/airflow/dags/stock_history.py took 0.406 seconds
[2023-01-11T13:40:07.457+0000] {processor.py:153} INFO - Started process (PID=79) to work on /opt/airflow/dags/stock_history.py
[2023-01-11T13:40:07.458+0000] {processor.py:743} INFO - Processing file /opt/airflow/dags/stock_history.py for tasks to queue
[2023-01-11T13:40:07.458+0000] {logging_mixin.py:137} INFO - [2023-01-11T13:40:07.458+0000] {dagbag.py:538} INFO - Filling up the DagBag from /opt/airflow/dags/stock_history.py
[2023-01-11T13:40:07.744+0000] {processor.py:753} INFO - DAG(s) dict_keys(['stock_history']) retrieved from /opt/airflow/dags/stock_history.py
[2023-01-11T13:40:07.824+0000] {logging_mixin.py:137} INFO - [2023-01-11T13:40:07.824+0000] {dag.py:2676} INFO - Sync 1 DAGs
[2023-01-11T13:40:07.857+0000] {logging_mixin.py:137} INFO - [2023-01-11T13:40:07.857+0000] {dag.py:3427} INFO - Setting next_dagrun for stock_history to 2023-01-10T00:00:00+00:00, run_after=2023-01-11T00:00:00+00:00
[2023-01-11T13:40:07.914+0000] {processor.py:175} INFO - Processing /opt/airflow/dags/stock_history.py took 0.460 seconds
[2023-01-11T13:40:38.048+0000] {processor.py:153} INFO - Started process (PID=154) to work on /opt/airflow/dags/stock_history.py
[2023-01-11T13:40:38.049+0000] {processor.py:743} INFO - Processing file /opt/airflow/dags/stock_history.py for tasks to queue
[2023-01-11T13:40:38.050+0000] {logging_mixin.py:137} INFO - [2023-01-11T13:40:38.049+0000] {dagbag.py:538} INFO - Filling up the DagBag from /opt/airflow/dags/stock_history.py
[2023-01-11T13:40:38.346+0000] {processor.py:753} INFO - DAG(s) dict_keys(['stock_history']) retrieved from /opt/airflow/dags/stock_history.py
[2023-01-11T13:40:38.390+0000] {logging_mixin.py:137} INFO - [2023-01-11T13:40:38.390+0000] {dag.py:2676} INFO - Sync 1 DAGs
[2023-01-11T13:40:38.420+0000] {logging_mixin.py:137} INFO - [2023-01-11T13:40:38.419+0000] {dag.py:3427} INFO - Setting next_dagrun for stock_history to 2023-01-10T00:00:00+00:00, run_after=2023-01-11T00:00:00+00:00
[2023-01-11T13:40:38.513+0000] {processor.py:175} INFO - Processing /opt/airflow/dags/stock_history.py took 0.468 seconds
[2023-01-11T13:41:09.506+0000] {processor.py:153} INFO - Started process (PID=236) to work on /opt/airflow/dags/stock_history.py
[2023-01-11T13:41:09.516+0000] {processor.py:743} INFO - Processing file /opt/airflow/dags/stock_history.py for tasks to queue
[2023-01-11T13:41:09.516+0000] {logging_mixin.py:137} INFO - [2023-01-11T13:41:09.516+0000] {dagbag.py:538} INFO - Filling up the DagBag from /opt/airflow/dags/stock_history.py
[2023-01-11T13:41:09.784+0000] {processor.py:753} INFO - DAG(s) dict_keys(['stock_history']) retrieved from /opt/airflow/dags/stock_history.py
[2023-01-11T13:41:09.815+0000] {logging_mixin.py:137} INFO - [2023-01-11T13:41:09.815+0000] {dag.py:2676} INFO - Sync 1 DAGs
[2023-01-11T13:41:09.839+0000] {logging_mixin.py:137} INFO - [2023-01-11T13:41:09.839+0000] {dag.py:3427} INFO - Setting next_dagrun for stock_history to 2023-01-10T00:00:00+00:00, run_after=2023-01-11T00:00:00+00:00
[2023-01-11T13:41:09.879+0000] {processor.py:175} INFO - Processing /opt/airflow/dags/stock_history.py took 0.376 seconds
[2023-01-11T13:41:40.588+0000] {processor.py:153} INFO - Started process (PID=303) to work on /opt/airflow/dags/stock_history.py
[2023-01-11T13:41:40.607+0000] {processor.py:743} INFO - Processing file /opt/airflow/dags/stock_history.py for tasks to queue
[2023-01-11T13:41:40.609+0000] {logging_mixin.py:137} INFO - [2023-01-11T13:41:40.608+0000] {dagbag.py:538} INFO - Filling up the DagBag from /opt/airflow/dags/stock_history.py
[2023-01-11T13:41:40.934+0000] {processor.py:753} INFO - DAG(s) dict_keys(['stock_history']) retrieved from /opt/airflow/dags/stock_history.py
[2023-01-11T13:41:40.984+0000] {logging_mixin.py:137} INFO - [2023-01-11T13:41:40.984+0000] {dag.py:2676} INFO - Sync 1 DAGs
[2023-01-11T13:41:41.020+0000] {logging_mixin.py:137} INFO - [2023-01-11T13:41:41.020+0000] {dag.py:3427} INFO - Setting next_dagrun for stock_history to 2023-01-10T00:00:00+00:00, run_after=2023-01-11T00:00:00+00:00
[2023-01-11T13:41:41.062+0000] {processor.py:175} INFO - Processing /opt/airflow/dags/stock_history.py took 0.479 seconds
[2023-01-11T13:42:11.892+0000] {processor.py:153} INFO - Started process (PID=391) to work on /opt/airflow/dags/stock_history.py
[2023-01-11T13:42:11.893+0000] {processor.py:743} INFO - Processing file /opt/airflow/dags/stock_history.py for tasks to queue
[2023-01-11T13:42:11.893+0000] {logging_mixin.py:137} INFO - [2023-01-11T13:42:11.893+0000] {dagbag.py:538} INFO - Filling up the DagBag from /opt/airflow/dags/stock_history.py
[2023-01-11T13:42:12.144+0000] {processor.py:753} INFO - DAG(s) dict_keys(['stock_history']) retrieved from /opt/airflow/dags/stock_history.py
[2023-01-11T13:42:12.183+0000] {logging_mixin.py:137} INFO - [2023-01-11T13:42:12.183+0000] {dag.py:2676} INFO - Sync 1 DAGs
[2023-01-11T13:42:12.212+0000] {logging_mixin.py:137} INFO - [2023-01-11T13:42:12.212+0000] {dag.py:3427} INFO - Setting next_dagrun for stock_history to 2023-01-10T00:00:00+00:00, run_after=2023-01-11T00:00:00+00:00
[2023-01-11T13:42:12.284+0000] {processor.py:175} INFO - Processing /opt/airflow/dags/stock_history.py took 0.395 seconds
[2023-01-11T13:42:42.903+0000] {processor.py:153} INFO - Started process (PID=459) to work on /opt/airflow/dags/stock_history.py
[2023-01-11T13:42:42.916+0000] {processor.py:743} INFO - Processing file /opt/airflow/dags/stock_history.py for tasks to queue
[2023-01-11T13:42:42.916+0000] {logging_mixin.py:137} INFO - [2023-01-11T13:42:42.916+0000] {dagbag.py:538} INFO - Filling up the DagBag from /opt/airflow/dags/stock_history.py
[2023-01-11T13:42:43.176+0000] {processor.py:753} INFO - DAG(s) dict_keys(['stock_history']) retrieved from /opt/airflow/dags/stock_history.py
[2023-01-11T13:42:43.206+0000] {logging_mixin.py:137} INFO - [2023-01-11T13:42:43.206+0000] {dag.py:2676} INFO - Sync 1 DAGs
[2023-01-11T13:42:43.230+0000] {logging_mixin.py:137} INFO - [2023-01-11T13:42:43.230+0000] {dag.py:3427} INFO - Setting next_dagrun for stock_history to 2023-01-10T00:00:00+00:00, run_after=2023-01-11T00:00:00+00:00
[2023-01-11T13:42:43.295+0000] {processor.py:175} INFO - Processing /opt/airflow/dags/stock_history.py took 0.395 seconds
[2023-01-11T23:20:33.773+0000] {processor.py:153} INFO - Started process (PID=139) to work on /opt/airflow/dags/stock_history.py
[2023-01-11T23:20:33.851+0000] {processor.py:743} INFO - Processing file /opt/airflow/dags/stock_history.py for tasks to queue
[2023-01-11T23:20:33.852+0000] {logging_mixin.py:137} INFO - [2023-01-11T23:20:33.851+0000] {dagbag.py:538} INFO - Filling up the DagBag from /opt/airflow/dags/stock_history.py
[2023-01-11T23:20:34.152+0000] {processor.py:753} INFO - DAG(s) dict_keys(['stock_history']) retrieved from /opt/airflow/dags/stock_history.py
[2023-01-11T23:20:34.227+0000] {logging_mixin.py:137} INFO - [2023-01-11T23:20:34.227+0000] {dag.py:2676} INFO - Sync 1 DAGs
[2023-01-11T23:20:34.252+0000] {logging_mixin.py:137} INFO - [2023-01-11T23:20:34.252+0000] {dag.py:3427} INFO - Setting next_dagrun for stock_history to 2023-01-10T00:00:00+00:00, run_after=2023-01-11T00:00:00+00:00
[2023-01-11T23:20:34.312+0000] {processor.py:175} INFO - Processing /opt/airflow/dags/stock_history.py took 0.542 seconds
[2023-01-11T23:21:04.645+0000] {processor.py:153} INFO - Started process (PID=207) to work on /opt/airflow/dags/stock_history.py
[2023-01-11T23:21:04.646+0000] {processor.py:743} INFO - Processing file /opt/airflow/dags/stock_history.py for tasks to queue
[2023-01-11T23:21:04.647+0000] {logging_mixin.py:137} INFO - [2023-01-11T23:21:04.647+0000] {dagbag.py:538} INFO - Filling up the DagBag from /opt/airflow/dags/stock_history.py
[2023-01-11T23:21:05.041+0000] {processor.py:753} INFO - DAG(s) dict_keys(['stock_history']) retrieved from /opt/airflow/dags/stock_history.py
[2023-01-11T23:21:05.073+0000] {logging_mixin.py:137} INFO - [2023-01-11T23:21:05.073+0000] {dag.py:2676} INFO - Sync 1 DAGs
[2023-01-11T23:21:05.099+0000] {logging_mixin.py:137} INFO - [2023-01-11T23:21:05.099+0000] {dag.py:3427} INFO - Setting next_dagrun for stock_history to 2023-01-10T00:00:00+00:00, run_after=2023-01-11T00:00:00+00:00
[2023-01-11T23:21:05.352+0000] {processor.py:175} INFO - Processing /opt/airflow/dags/stock_history.py took 0.713 seconds
[2023-01-11T23:21:35.398+0000] {processor.py:153} INFO - Started process (PID=283) to work on /opt/airflow/dags/stock_history.py
[2023-01-11T23:21:35.415+0000] {processor.py:743} INFO - Processing file /opt/airflow/dags/stock_history.py for tasks to queue
[2023-01-11T23:21:35.416+0000] {logging_mixin.py:137} INFO - [2023-01-11T23:21:35.416+0000] {dagbag.py:538} INFO - Filling up the DagBag from /opt/airflow/dags/stock_history.py
[2023-01-11T23:21:35.694+0000] {processor.py:753} INFO - DAG(s) dict_keys(['stock_history']) retrieved from /opt/airflow/dags/stock_history.py
[2023-01-11T23:21:35.735+0000] {logging_mixin.py:137} INFO - [2023-01-11T23:21:35.734+0000] {dag.py:2676} INFO - Sync 1 DAGs
[2023-01-11T23:21:35.761+0000] {logging_mixin.py:137} INFO - [2023-01-11T23:21:35.761+0000] {dag.py:3427} INFO - Setting next_dagrun for stock_history to 2023-01-10T00:00:00+00:00, run_after=2023-01-11T00:00:00+00:00
[2023-01-11T23:21:35.810+0000] {processor.py:175} INFO - Processing /opt/airflow/dags/stock_history.py took 0.415 seconds
[2023-01-11T23:22:06.049+0000] {processor.py:153} INFO - Started process (PID=362) to work on /opt/airflow/dags/stock_history.py
[2023-01-11T23:22:06.049+0000] {processor.py:743} INFO - Processing file /opt/airflow/dags/stock_history.py for tasks to queue
[2023-01-11T23:22:06.050+0000] {logging_mixin.py:137} INFO - [2023-01-11T23:22:06.050+0000] {dagbag.py:538} INFO - Filling up the DagBag from /opt/airflow/dags/stock_history.py
[2023-01-11T23:22:06.268+0000] {processor.py:753} INFO - DAG(s) dict_keys(['stock_history']) retrieved from /opt/airflow/dags/stock_history.py
[2023-01-11T23:22:06.297+0000] {logging_mixin.py:137} INFO - [2023-01-11T23:22:06.297+0000] {dag.py:2676} INFO - Sync 1 DAGs
[2023-01-11T23:22:06.319+0000] {logging_mixin.py:137} INFO - [2023-01-11T23:22:06.319+0000] {dag.py:3427} INFO - Setting next_dagrun for stock_history to 2023-01-10T00:00:00+00:00, run_after=2023-01-11T00:00:00+00:00
[2023-01-11T23:22:06.367+0000] {processor.py:175} INFO - Processing /opt/airflow/dags/stock_history.py took 0.320 seconds
[2023-01-11T23:22:36.897+0000] {processor.py:153} INFO - Started process (PID=430) to work on /opt/airflow/dags/stock_history.py
[2023-01-11T23:22:36.923+0000] {processor.py:743} INFO - Processing file /opt/airflow/dags/stock_history.py for tasks to queue
[2023-01-11T23:22:36.924+0000] {logging_mixin.py:137} INFO - [2023-01-11T23:22:36.923+0000] {dagbag.py:538} INFO - Filling up the DagBag from /opt/airflow/dags/stock_history.py
[2023-01-11T23:22:37.168+0000] {processor.py:753} INFO - DAG(s) dict_keys(['stock_history']) retrieved from /opt/airflow/dags/stock_history.py
[2023-01-11T23:22:37.197+0000] {logging_mixin.py:137} INFO - [2023-01-11T23:22:37.197+0000] {dag.py:2676} INFO - Sync 1 DAGs
[2023-01-11T23:22:37.218+0000] {logging_mixin.py:137} INFO - [2023-01-11T23:22:37.218+0000] {dag.py:3427} INFO - Setting next_dagrun for stock_history to 2023-01-10T00:00:00+00:00, run_after=2023-01-11T00:00:00+00:00
[2023-01-11T23:22:37.269+0000] {processor.py:175} INFO - Processing /opt/airflow/dags/stock_history.py took 0.375 seconds
[2023-01-11T23:23:07.442+0000] {processor.py:153} INFO - Started process (PID=518) to work on /opt/airflow/dags/stock_history.py
[2023-01-11T23:23:07.452+0000] {processor.py:743} INFO - Processing file /opt/airflow/dags/stock_history.py for tasks to queue
[2023-01-11T23:23:07.453+0000] {logging_mixin.py:137} INFO - [2023-01-11T23:23:07.453+0000] {dagbag.py:538} INFO - Filling up the DagBag from /opt/airflow/dags/stock_history.py
[2023-01-11T23:23:07.714+0000] {processor.py:753} INFO - DAG(s) dict_keys(['stock_history']) retrieved from /opt/airflow/dags/stock_history.py
[2023-01-11T23:23:07.763+0000] {logging_mixin.py:137} INFO - [2023-01-11T23:23:07.762+0000] {dag.py:2676} INFO - Sync 1 DAGs
[2023-01-11T23:23:07.801+0000] {logging_mixin.py:137} INFO - [2023-01-11T23:23:07.801+0000] {dag.py:3427} INFO - Setting next_dagrun for stock_history to 2023-01-10T00:00:00+00:00, run_after=2023-01-11T00:00:00+00:00
[2023-01-11T23:23:07.859+0000] {processor.py:175} INFO - Processing /opt/airflow/dags/stock_history.py took 0.420 seconds
[2023-01-11T23:23:38.729+0000] {processor.py:153} INFO - Started process (PID=587) to work on /opt/airflow/dags/stock_history.py
[2023-01-11T23:23:38.730+0000] {processor.py:743} INFO - Processing file /opt/airflow/dags/stock_history.py for tasks to queue
[2023-01-11T23:23:38.730+0000] {logging_mixin.py:137} INFO - [2023-01-11T23:23:38.730+0000] {dagbag.py:538} INFO - Filling up the DagBag from /opt/airflow/dags/stock_history.py
[2023-01-11T23:23:39.093+0000] {processor.py:753} INFO - DAG(s) dict_keys(['stock_history']) retrieved from /opt/airflow/dags/stock_history.py
[2023-01-11T23:23:39.155+0000] {logging_mixin.py:137} INFO - [2023-01-11T23:23:39.154+0000] {dag.py:2676} INFO - Sync 1 DAGs
[2023-01-11T23:23:39.215+0000] {logging_mixin.py:137} INFO - [2023-01-11T23:23:39.215+0000] {dag.py:3427} INFO - Setting next_dagrun for stock_history to 2023-01-10T00:00:00+00:00, run_after=2023-01-11T00:00:00+00:00
[2023-01-11T23:23:39.623+0000] {processor.py:175} INFO - Processing /opt/airflow/dags/stock_history.py took 0.897 seconds
[2023-01-11T23:24:10.054+0000] {processor.py:153} INFO - Started process (PID=677) to work on /opt/airflow/dags/stock_history.py
[2023-01-11T23:24:10.054+0000] {processor.py:743} INFO - Processing file /opt/airflow/dags/stock_history.py for tasks to queue
[2023-01-11T23:24:10.055+0000] {logging_mixin.py:137} INFO - [2023-01-11T23:24:10.055+0000] {dagbag.py:538} INFO - Filling up the DagBag from /opt/airflow/dags/stock_history.py
[2023-01-11T23:24:10.347+0000] {processor.py:753} INFO - DAG(s) dict_keys(['stock_history']) retrieved from /opt/airflow/dags/stock_history.py
[2023-01-11T23:24:10.382+0000] {logging_mixin.py:137} INFO - [2023-01-11T23:24:10.381+0000] {dag.py:2676} INFO - Sync 1 DAGs
[2023-01-11T23:24:10.410+0000] {logging_mixin.py:137} INFO - [2023-01-11T23:24:10.410+0000] {dag.py:3427} INFO - Setting next_dagrun for stock_history to 2023-01-10T00:00:00+00:00, run_after=2023-01-11T00:00:00+00:00
[2023-01-11T23:24:10.450+0000] {processor.py:175} INFO - Processing /opt/airflow/dags/stock_history.py took 0.400 seconds
[2023-01-11T23:24:40.729+0000] {processor.py:153} INFO - Started process (PID=745) to work on /opt/airflow/dags/stock_history.py
[2023-01-11T23:24:40.730+0000] {processor.py:743} INFO - Processing file /opt/airflow/dags/stock_history.py for tasks to queue
[2023-01-11T23:24:40.730+0000] {logging_mixin.py:137} INFO - [2023-01-11T23:24:40.730+0000] {dagbag.py:538} INFO - Filling up the DagBag from /opt/airflow/dags/stock_history.py
[2023-01-11T23:24:40.983+0000] {processor.py:753} INFO - DAG(s) dict_keys(['stock_history']) retrieved from /opt/airflow/dags/stock_history.py
[2023-01-11T23:24:41.014+0000] {logging_mixin.py:137} INFO - [2023-01-11T23:24:41.014+0000] {dag.py:2676} INFO - Sync 1 DAGs
[2023-01-11T23:24:41.038+0000] {logging_mixin.py:137} INFO - [2023-01-11T23:24:41.038+0000] {dag.py:3427} INFO - Setting next_dagrun for stock_history to 2023-01-10T00:00:00+00:00, run_after=2023-01-11T00:00:00+00:00
[2023-01-11T23:24:41.107+0000] {processor.py:175} INFO - Processing /opt/airflow/dags/stock_history.py took 0.380 seconds
[2023-01-11T23:25:11.236+0000] {processor.py:153} INFO - Started process (PID=832) to work on /opt/airflow/dags/stock_history.py
[2023-01-11T23:25:11.236+0000] {processor.py:743} INFO - Processing file /opt/airflow/dags/stock_history.py for tasks to queue
[2023-01-11T23:25:11.237+0000] {logging_mixin.py:137} INFO - [2023-01-11T23:25:11.237+0000] {dagbag.py:538} INFO - Filling up the DagBag from /opt/airflow/dags/stock_history.py
[2023-01-11T23:25:11.518+0000] {processor.py:753} INFO - DAG(s) dict_keys(['stock_history']) retrieved from /opt/airflow/dags/stock_history.py
[2023-01-11T23:25:11.552+0000] {logging_mixin.py:137} INFO - [2023-01-11T23:25:11.552+0000] {dag.py:2676} INFO - Sync 1 DAGs
[2023-01-11T23:25:11.579+0000] {logging_mixin.py:137} INFO - [2023-01-11T23:25:11.578+0000] {dag.py:3427} INFO - Setting next_dagrun for stock_history to 2023-01-10T00:00:00+00:00, run_after=2023-01-11T00:00:00+00:00
[2023-01-11T23:25:11.780+0000] {processor.py:175} INFO - Processing /opt/airflow/dags/stock_history.py took 0.548 seconds
[2023-01-11T23:25:42.367+0000] {processor.py:153} INFO - Started process (PID=899) to work on /opt/airflow/dags/stock_history.py
[2023-01-11T23:25:42.514+0000] {processor.py:743} INFO - Processing file /opt/airflow/dags/stock_history.py for tasks to queue
[2023-01-11T23:25:42.515+0000] {logging_mixin.py:137} INFO - [2023-01-11T23:25:42.515+0000] {dagbag.py:538} INFO - Filling up the DagBag from /opt/airflow/dags/stock_history.py
[2023-01-11T23:25:42.839+0000] {processor.py:753} INFO - DAG(s) dict_keys(['stock_history']) retrieved from /opt/airflow/dags/stock_history.py
[2023-01-11T23:25:42.871+0000] {logging_mixin.py:137} INFO - [2023-01-11T23:25:42.871+0000] {dag.py:2676} INFO - Sync 1 DAGs
[2023-01-11T23:25:42.896+0000] {logging_mixin.py:137} INFO - [2023-01-11T23:25:42.896+0000] {dag.py:3427} INFO - Setting next_dagrun for stock_history to 2023-01-10T00:00:00+00:00, run_after=2023-01-11T00:00:00+00:00
[2023-01-11T23:25:43.080+0000] {processor.py:175} INFO - Processing /opt/airflow/dags/stock_history.py took 0.716 seconds
[2023-01-11T23:26:14.075+0000] {processor.py:153} INFO - Started process (PID=987) to work on /opt/airflow/dags/stock_history.py
[2023-01-11T23:26:14.076+0000] {processor.py:743} INFO - Processing file /opt/airflow/dags/stock_history.py for tasks to queue
[2023-01-11T23:26:14.076+0000] {logging_mixin.py:137} INFO - [2023-01-11T23:26:14.076+0000] {dagbag.py:538} INFO - Filling up the DagBag from /opt/airflow/dags/stock_history.py
[2023-01-11T23:26:14.407+0000] {processor.py:753} INFO - DAG(s) dict_keys(['stock_history']) retrieved from /opt/airflow/dags/stock_history.py
[2023-01-11T23:26:14.475+0000] {logging_mixin.py:137} INFO - [2023-01-11T23:26:14.474+0000] {dag.py:2676} INFO - Sync 1 DAGs
[2023-01-11T23:26:14.519+0000] {logging_mixin.py:137} INFO - [2023-01-11T23:26:14.519+0000] {dag.py:3427} INFO - Setting next_dagrun for stock_history to 2023-01-10T00:00:00+00:00, run_after=2023-01-11T00:00:00+00:00
[2023-01-11T23:26:14.796+0000] {processor.py:175} INFO - Processing /opt/airflow/dags/stock_history.py took 0.724 seconds
[2023-01-11T23:26:45.690+0000] {processor.py:153} INFO - Started process (PID=1055) to work on /opt/airflow/dags/stock_history.py
[2023-01-11T23:26:45.826+0000] {processor.py:743} INFO - Processing file /opt/airflow/dags/stock_history.py for tasks to queue
[2023-01-11T23:26:45.827+0000] {logging_mixin.py:137} INFO - [2023-01-11T23:26:45.827+0000] {dagbag.py:538} INFO - Filling up the DagBag from /opt/airflow/dags/stock_history.py
[2023-01-11T23:26:46.116+0000] {processor.py:753} INFO - DAG(s) dict_keys(['stock_history']) retrieved from /opt/airflow/dags/stock_history.py
[2023-01-11T23:26:46.154+0000] {logging_mixin.py:137} INFO - [2023-01-11T23:26:46.154+0000] {dag.py:2676} INFO - Sync 1 DAGs
[2023-01-11T23:26:46.199+0000] {logging_mixin.py:137} INFO - [2023-01-11T23:26:46.199+0000] {dag.py:3427} INFO - Setting next_dagrun for stock_history to 2023-01-10T00:00:00+00:00, run_after=2023-01-11T00:00:00+00:00
[2023-01-11T23:26:46.454+0000] {processor.py:175} INFO - Processing /opt/airflow/dags/stock_history.py took 0.767 seconds
[2023-01-11T23:27:16.489+0000] {processor.py:153} INFO - Started process (PID=1131) to work on /opt/airflow/dags/stock_history.py
[2023-01-11T23:27:16.489+0000] {processor.py:743} INFO - Processing file /opt/airflow/dags/stock_history.py for tasks to queue
[2023-01-11T23:27:16.490+0000] {logging_mixin.py:137} INFO - [2023-01-11T23:27:16.490+0000] {dagbag.py:538} INFO - Filling up the DagBag from /opt/airflow/dags/stock_history.py
[2023-01-11T23:27:16.777+0000] {processor.py:753} INFO - DAG(s) dict_keys(['stock_history']) retrieved from /opt/airflow/dags/stock_history.py
[2023-01-11T23:27:16.812+0000] {logging_mixin.py:137} INFO - [2023-01-11T23:27:16.810+0000] {dag.py:2676} INFO - Sync 1 DAGs
[2023-01-11T23:27:16.836+0000] {logging_mixin.py:137} INFO - [2023-01-11T23:27:16.836+0000] {dag.py:3427} INFO - Setting next_dagrun for stock_history to 2023-01-10T00:00:00+00:00, run_after=2023-01-11T00:00:00+00:00
[2023-01-11T23:27:16.882+0000] {processor.py:175} INFO - Processing /opt/airflow/dags/stock_history.py took 0.396 seconds
[2023-01-11T23:27:47.696+0000] {processor.py:153} INFO - Started process (PID=1211) to work on /opt/airflow/dags/stock_history.py
[2023-01-11T23:27:47.737+0000] {processor.py:743} INFO - Processing file /opt/airflow/dags/stock_history.py for tasks to queue
[2023-01-11T23:27:47.738+0000] {logging_mixin.py:137} INFO - [2023-01-11T23:27:47.738+0000] {dagbag.py:538} INFO - Filling up the DagBag from /opt/airflow/dags/stock_history.py
[2023-01-11T23:27:48.098+0000] {processor.py:753} INFO - DAG(s) dict_keys(['stock_history']) retrieved from /opt/airflow/dags/stock_history.py
[2023-01-11T23:27:48.135+0000] {logging_mixin.py:137} INFO - [2023-01-11T23:27:48.134+0000] {dag.py:2676} INFO - Sync 1 DAGs
[2023-01-11T23:27:48.163+0000] {logging_mixin.py:137} INFO - [2023-01-11T23:27:48.163+0000] {dag.py:3427} INFO - Setting next_dagrun for stock_history to 2023-01-10T00:00:00+00:00, run_after=2023-01-11T00:00:00+00:00
[2023-01-11T23:27:48.360+0000] {processor.py:175} INFO - Processing /opt/airflow/dags/stock_history.py took 0.668 seconds
[2023-01-11T23:28:18.477+0000] {processor.py:153} INFO - Started process (PID=1279) to work on /opt/airflow/dags/stock_history.py
[2023-01-11T23:28:18.478+0000] {processor.py:743} INFO - Processing file /opt/airflow/dags/stock_history.py for tasks to queue
[2023-01-11T23:28:18.478+0000] {logging_mixin.py:137} INFO - [2023-01-11T23:28:18.478+0000] {dagbag.py:538} INFO - Filling up the DagBag from /opt/airflow/dags/stock_history.py
[2023-01-11T23:28:18.821+0000] {processor.py:753} INFO - DAG(s) dict_keys(['stock_history']) retrieved from /opt/airflow/dags/stock_history.py
[2023-01-11T23:28:18.854+0000] {logging_mixin.py:137} INFO - [2023-01-11T23:28:18.853+0000] {dag.py:2676} INFO - Sync 1 DAGs
[2023-01-11T23:28:18.877+0000] {logging_mixin.py:137} INFO - [2023-01-11T23:28:18.877+0000] {dag.py:3427} INFO - Setting next_dagrun for stock_history to 2023-01-10T00:00:00+00:00, run_after=2023-01-11T00:00:00+00:00
[2023-01-11T23:28:18.939+0000] {processor.py:175} INFO - Processing /opt/airflow/dags/stock_history.py took 0.464 seconds
[2023-01-11T23:28:49.338+0000] {processor.py:153} INFO - Started process (PID=1367) to work on /opt/airflow/dags/stock_history.py
[2023-01-11T23:28:49.375+0000] {processor.py:743} INFO - Processing file /opt/airflow/dags/stock_history.py for tasks to queue
[2023-01-11T23:28:49.376+0000] {logging_mixin.py:137} INFO - [2023-01-11T23:28:49.376+0000] {dagbag.py:538} INFO - Filling up the DagBag from /opt/airflow/dags/stock_history.py
[2023-01-11T23:28:49.700+0000] {processor.py:753} INFO - DAG(s) dict_keys(['stock_history']) retrieved from /opt/airflow/dags/stock_history.py
[2023-01-11T23:28:49.735+0000] {logging_mixin.py:137} INFO - [2023-01-11T23:28:49.734+0000] {dag.py:2676} INFO - Sync 1 DAGs
[2023-01-11T23:28:49.761+0000] {logging_mixin.py:137} INFO - [2023-01-11T23:28:49.761+0000] {dag.py:3427} INFO - Setting next_dagrun for stock_history to 2023-01-10T00:00:00+00:00, run_after=2023-01-11T00:00:00+00:00
[2023-01-11T23:28:50.089+0000] {processor.py:175} INFO - Processing /opt/airflow/dags/stock_history.py took 0.755 seconds
[2023-01-11T23:29:20.248+0000] {processor.py:153} INFO - Started process (PID=1435) to work on /opt/airflow/dags/stock_history.py
[2023-01-11T23:29:20.249+0000] {processor.py:743} INFO - Processing file /opt/airflow/dags/stock_history.py for tasks to queue
[2023-01-11T23:29:20.249+0000] {logging_mixin.py:137} INFO - [2023-01-11T23:29:20.249+0000] {dagbag.py:538} INFO - Filling up the DagBag from /opt/airflow/dags/stock_history.py
[2023-01-11T23:29:20.487+0000] {processor.py:753} INFO - DAG(s) dict_keys(['stock_history']) retrieved from /opt/airflow/dags/stock_history.py
[2023-01-11T23:29:20.559+0000] {logging_mixin.py:137} INFO - [2023-01-11T23:29:20.559+0000] {dag.py:2676} INFO - Sync 1 DAGs
[2023-01-11T23:29:20.584+0000] {logging_mixin.py:137} INFO - [2023-01-11T23:29:20.584+0000] {dag.py:3427} INFO - Setting next_dagrun for stock_history to 2023-01-10T00:00:00+00:00, run_after=2023-01-11T00:00:00+00:00
[2023-01-11T23:29:20.741+0000] {processor.py:175} INFO - Processing /opt/airflow/dags/stock_history.py took 0.495 seconds
[2023-01-11T23:29:51.710+0000] {processor.py:153} INFO - Started process (PID=1512) to work on /opt/airflow/dags/stock_history.py
[2023-01-11T23:29:51.753+0000] {processor.py:743} INFO - Processing file /opt/airflow/dags/stock_history.py for tasks to queue
[2023-01-11T23:29:51.753+0000] {logging_mixin.py:137} INFO - [2023-01-11T23:29:51.753+0000] {dagbag.py:538} INFO - Filling up the DagBag from /opt/airflow/dags/stock_history.py
[2023-01-11T23:29:52.010+0000] {processor.py:753} INFO - DAG(s) dict_keys(['stock_history']) retrieved from /opt/airflow/dags/stock_history.py
[2023-01-11T23:29:52.051+0000] {logging_mixin.py:137} INFO - [2023-01-11T23:29:52.050+0000] {dag.py:2676} INFO - Sync 1 DAGs
[2023-01-11T23:29:52.079+0000] {logging_mixin.py:137} INFO - [2023-01-11T23:29:52.078+0000] {dag.py:3427} INFO - Setting next_dagrun for stock_history to 2023-01-10T00:00:00+00:00, run_after=2023-01-11T00:00:00+00:00
[2023-01-11T23:29:52.154+0000] {processor.py:175} INFO - Processing /opt/airflow/dags/stock_history.py took 0.449 seconds
[2023-01-11T23:30:22.813+0000] {processor.py:153} INFO - Started process (PID=1591) to work on /opt/airflow/dags/stock_history.py
[2023-01-11T23:30:22.836+0000] {processor.py:743} INFO - Processing file /opt/airflow/dags/stock_history.py for tasks to queue
[2023-01-11T23:30:22.837+0000] {logging_mixin.py:137} INFO - [2023-01-11T23:30:22.837+0000] {dagbag.py:538} INFO - Filling up the DagBag from /opt/airflow/dags/stock_history.py
[2023-01-11T23:30:23.105+0000] {processor.py:753} INFO - DAG(s) dict_keys(['stock_history']) retrieved from /opt/airflow/dags/stock_history.py
[2023-01-11T23:30:23.142+0000] {logging_mixin.py:137} INFO - [2023-01-11T23:30:23.141+0000] {dag.py:2676} INFO - Sync 1 DAGs
[2023-01-11T23:30:23.169+0000] {logging_mixin.py:137} INFO - [2023-01-11T23:30:23.169+0000] {dag.py:3427} INFO - Setting next_dagrun for stock_history to 2023-01-10T00:00:00+00:00, run_after=2023-01-11T00:00:00+00:00
[2023-01-11T23:30:23.232+0000] {processor.py:175} INFO - Processing /opt/airflow/dags/stock_history.py took 0.422 seconds
[2023-01-11T23:30:53.647+0000] {processor.py:153} INFO - Started process (PID=1659) to work on /opt/airflow/dags/stock_history.py
[2023-01-11T23:30:53.648+0000] {processor.py:743} INFO - Processing file /opt/airflow/dags/stock_history.py for tasks to queue
[2023-01-11T23:30:53.649+0000] {logging_mixin.py:137} INFO - [2023-01-11T23:30:53.649+0000] {dagbag.py:538} INFO - Filling up the DagBag from /opt/airflow/dags/stock_history.py
[2023-01-11T23:30:53.921+0000] {processor.py:753} INFO - DAG(s) dict_keys(['stock_history']) retrieved from /opt/airflow/dags/stock_history.py
[2023-01-11T23:30:53.955+0000] {logging_mixin.py:137} INFO - [2023-01-11T23:30:53.955+0000] {dag.py:2676} INFO - Sync 1 DAGs
[2023-01-11T23:30:53.982+0000] {logging_mixin.py:137} INFO - [2023-01-11T23:30:53.981+0000] {dag.py:3427} INFO - Setting next_dagrun for stock_history to 2023-01-10T00:00:00+00:00, run_after=2023-01-11T00:00:00+00:00
[2023-01-11T23:30:54.121+0000] {processor.py:175} INFO - Processing /opt/airflow/dags/stock_history.py took 0.476 seconds
[2023-01-11T23:31:24.919+0000] {processor.py:153} INFO - Started process (PID=1748) to work on /opt/airflow/dags/stock_history.py
[2023-01-11T23:31:24.943+0000] {processor.py:743} INFO - Processing file /opt/airflow/dags/stock_history.py for tasks to queue
[2023-01-11T23:31:24.943+0000] {logging_mixin.py:137} INFO - [2023-01-11T23:31:24.943+0000] {dagbag.py:538} INFO - Filling up the DagBag from /opt/airflow/dags/stock_history.py
[2023-01-11T23:31:25.185+0000] {processor.py:753} INFO - DAG(s) dict_keys(['stock_history']) retrieved from /opt/airflow/dags/stock_history.py
[2023-01-11T23:31:25.218+0000] {logging_mixin.py:137} INFO - [2023-01-11T23:31:25.217+0000] {dag.py:2676} INFO - Sync 1 DAGs
[2023-01-11T23:31:25.253+0000] {logging_mixin.py:137} INFO - [2023-01-11T23:31:25.253+0000] {dag.py:3427} INFO - Setting next_dagrun for stock_history to 2023-01-10T00:00:00+00:00, run_after=2023-01-11T00:00:00+00:00
[2023-01-11T23:31:25.347+0000] {processor.py:175} INFO - Processing /opt/airflow/dags/stock_history.py took 0.430 seconds
[2023-01-11T23:31:55.854+0000] {processor.py:153} INFO - Started process (PID=1816) to work on /opt/airflow/dags/stock_history.py
[2023-01-11T23:31:55.855+0000] {processor.py:743} INFO - Processing file /opt/airflow/dags/stock_history.py for tasks to queue
[2023-01-11T23:31:55.855+0000] {logging_mixin.py:137} INFO - [2023-01-11T23:31:55.855+0000] {dagbag.py:538} INFO - Filling up the DagBag from /opt/airflow/dags/stock_history.py
[2023-01-11T23:31:56.099+0000] {processor.py:753} INFO - DAG(s) dict_keys(['stock_history']) retrieved from /opt/airflow/dags/stock_history.py
[2023-01-11T23:31:56.131+0000] {logging_mixin.py:137} INFO - [2023-01-11T23:31:56.130+0000] {dag.py:2676} INFO - Sync 1 DAGs
[2023-01-11T23:31:56.153+0000] {logging_mixin.py:137} INFO - [2023-01-11T23:31:56.153+0000] {dag.py:3427} INFO - Setting next_dagrun for stock_history to 2023-01-10T00:00:00+00:00, run_after=2023-01-11T00:00:00+00:00
[2023-01-11T23:31:56.212+0000] {processor.py:175} INFO - Processing /opt/airflow/dags/stock_history.py took 0.360 seconds
[2023-01-11T23:32:26.621+0000] {processor.py:153} INFO - Started process (PID=1904) to work on /opt/airflow/dags/stock_history.py
[2023-01-11T23:32:26.652+0000] {processor.py:743} INFO - Processing file /opt/airflow/dags/stock_history.py for tasks to queue
[2023-01-11T23:32:26.652+0000] {logging_mixin.py:137} INFO - [2023-01-11T23:32:26.652+0000] {dagbag.py:538} INFO - Filling up the DagBag from /opt/airflow/dags/stock_history.py
[2023-01-11T23:32:26.883+0000] {processor.py:753} INFO - DAG(s) dict_keys(['stock_history']) retrieved from /opt/airflow/dags/stock_history.py
[2023-01-11T23:32:26.918+0000] {logging_mixin.py:137} INFO - [2023-01-11T23:32:26.917+0000] {dag.py:2676} INFO - Sync 1 DAGs
[2023-01-11T23:32:26.942+0000] {logging_mixin.py:137} INFO - [2023-01-11T23:32:26.942+0000] {dag.py:3427} INFO - Setting next_dagrun for stock_history to 2023-01-10T00:00:00+00:00, run_after=2023-01-11T00:00:00+00:00
[2023-01-11T23:32:27.001+0000] {processor.py:175} INFO - Processing /opt/airflow/dags/stock_history.py took 0.383 seconds
[2023-01-11T23:32:57.311+0000] {processor.py:153} INFO - Started process (PID=1972) to work on /opt/airflow/dags/stock_history.py
[2023-01-11T23:32:57.312+0000] {processor.py:743} INFO - Processing file /opt/airflow/dags/stock_history.py for tasks to queue
[2023-01-11T23:32:57.312+0000] {logging_mixin.py:137} INFO - [2023-01-11T23:32:57.312+0000] {dagbag.py:538} INFO - Filling up the DagBag from /opt/airflow/dags/stock_history.py
[2023-01-11T23:32:57.559+0000] {processor.py:753} INFO - DAG(s) dict_keys(['stock_history']) retrieved from /opt/airflow/dags/stock_history.py
[2023-01-11T23:32:57.588+0000] {logging_mixin.py:137} INFO - [2023-01-11T23:32:57.588+0000] {dag.py:2676} INFO - Sync 1 DAGs
[2023-01-11T23:32:57.612+0000] {logging_mixin.py:137} INFO - [2023-01-11T23:32:57.612+0000] {dag.py:3427} INFO - Setting next_dagrun for stock_history to 2023-01-10T00:00:00+00:00, run_after=2023-01-11T00:00:00+00:00
[2023-01-11T23:32:57.675+0000] {processor.py:175} INFO - Processing /opt/airflow/dags/stock_history.py took 0.366 seconds
