[2023-01-11T13:29:11.146+0000] {processor.py:153} INFO - Started process (PID=111) to work on /opt/airflow/dags/stock_intraday_transaction.py
[2023-01-11T13:29:11.147+0000] {processor.py:743} INFO - Processing file /opt/airflow/dags/stock_intraday_transaction.py for tasks to queue
[2023-01-11T13:29:11.300+0000] {logging_mixin.py:137} INFO - [2023-01-11T13:29:11.299+0000] {dagbag.py:538} INFO - Filling up the DagBag from /opt/airflow/dags/stock_intraday_transaction.py
[2023-01-11T13:29:15.619+0000] {processor.py:753} INFO - DAG(s) dict_keys(['stock_intraday_transaction']) retrieved from /opt/airflow/dags/stock_intraday_transaction.py
[2023-01-11T13:29:17.594+0000] {logging_mixin.py:137} INFO - [2023-01-11T13:29:17.594+0000] {manager.py:504} INFO - Created Permission View: can read on DAG:stock_intraday_transaction
[2023-01-11T13:29:17.655+0000] {logging_mixin.py:137} INFO - [2023-01-11T13:29:17.655+0000] {manager.py:504} INFO - Created Permission View: can edit on DAG:stock_intraday_transaction
[2023-01-11T13:29:17.704+0000] {logging_mixin.py:137} INFO - [2023-01-11T13:29:17.704+0000] {manager.py:504} INFO - Created Permission View: can delete on DAG:stock_intraday_transaction
[2023-01-11T13:29:17.704+0000] {logging_mixin.py:137} INFO - [2023-01-11T13:29:17.704+0000] {dag.py:2676} INFO - Sync 1 DAGs
[2023-01-11T13:29:17.716+0000] {logging_mixin.py:137} INFO - [2023-01-11T13:29:17.715+0000] {dag.py:2697} INFO - Creating ORM DAG for stock_intraday_transaction
[2023-01-11T13:29:17.726+0000] {logging_mixin.py:137} INFO - [2023-01-11T13:29:17.726+0000] {dag.py:3427} INFO - Setting next_dagrun for stock_intraday_transaction to 2023-01-10T00:00:00+00:00, run_after=2023-01-11T00:00:00+00:00
[2023-01-11T13:29:17.837+0000] {processor.py:175} INFO - Processing /opt/airflow/dags/stock_intraday_transaction.py took 6.693 seconds
[2023-01-11T13:29:48.510+0000] {processor.py:153} INFO - Started process (PID=199) to work on /opt/airflow/dags/stock_intraday_transaction.py
[2023-01-11T13:29:48.528+0000] {processor.py:743} INFO - Processing file /opt/airflow/dags/stock_intraday_transaction.py for tasks to queue
[2023-01-11T13:29:48.529+0000] {logging_mixin.py:137} INFO - [2023-01-11T13:29:48.528+0000] {dagbag.py:538} INFO - Filling up the DagBag from /opt/airflow/dags/stock_intraday_transaction.py
[2023-01-11T13:29:49.004+0000] {processor.py:753} INFO - DAG(s) dict_keys(['stock_intraday_transaction']) retrieved from /opt/airflow/dags/stock_intraday_transaction.py
[2023-01-11T13:29:49.048+0000] {logging_mixin.py:137} INFO - [2023-01-11T13:29:49.048+0000] {dag.py:2676} INFO - Sync 1 DAGs
[2023-01-11T13:29:49.077+0000] {logging_mixin.py:137} INFO - [2023-01-11T13:29:49.077+0000] {dag.py:3427} INFO - Setting next_dagrun for stock_intraday_transaction to 2023-01-10T00:00:00+00:00, run_after=2023-01-11T00:00:00+00:00
[2023-01-11T13:29:49.167+0000] {processor.py:175} INFO - Processing /opt/airflow/dags/stock_intraday_transaction.py took 0.659 seconds
[2023-01-11T13:30:19.316+0000] {processor.py:153} INFO - Started process (PID=267) to work on /opt/airflow/dags/stock_intraday_transaction.py
[2023-01-11T13:30:19.335+0000] {processor.py:743} INFO - Processing file /opt/airflow/dags/stock_intraday_transaction.py for tasks to queue
[2023-01-11T13:30:19.335+0000] {logging_mixin.py:137} INFO - [2023-01-11T13:30:19.335+0000] {dagbag.py:538} INFO - Filling up the DagBag from /opt/airflow/dags/stock_intraday_transaction.py
[2023-01-11T13:30:19.580+0000] {processor.py:753} INFO - DAG(s) dict_keys(['stock_intraday_transaction']) retrieved from /opt/airflow/dags/stock_intraday_transaction.py
[2023-01-11T13:30:19.611+0000] {logging_mixin.py:137} INFO - [2023-01-11T13:30:19.611+0000] {dag.py:2676} INFO - Sync 1 DAGs
[2023-01-11T13:30:19.635+0000] {logging_mixin.py:137} INFO - [2023-01-11T13:30:19.635+0000] {dag.py:3427} INFO - Setting next_dagrun for stock_intraday_transaction to 2023-01-10T00:00:00+00:00, run_after=2023-01-11T00:00:00+00:00
[2023-01-11T13:30:19.687+0000] {processor.py:175} INFO - Processing /opt/airflow/dags/stock_intraday_transaction.py took 0.373 seconds
[2023-01-11T13:30:50.434+0000] {processor.py:153} INFO - Started process (PID=335) to work on /opt/airflow/dags/stock_intraday_transaction.py
[2023-01-11T13:30:50.443+0000] {processor.py:743} INFO - Processing file /opt/airflow/dags/stock_intraday_transaction.py for tasks to queue
[2023-01-11T13:30:50.443+0000] {logging_mixin.py:137} INFO - [2023-01-11T13:30:50.443+0000] {dagbag.py:538} INFO - Filling up the DagBag from /opt/airflow/dags/stock_intraday_transaction.py
[2023-01-11T13:30:50.774+0000] {processor.py:753} INFO - DAG(s) dict_keys(['stock_intraday_transaction']) retrieved from /opt/airflow/dags/stock_intraday_transaction.py
[2023-01-11T13:30:50.807+0000] {logging_mixin.py:137} INFO - [2023-01-11T13:30:50.807+0000] {dag.py:2676} INFO - Sync 1 DAGs
[2023-01-11T13:30:50.840+0000] {logging_mixin.py:137} INFO - [2023-01-11T13:30:50.840+0000] {dag.py:3427} INFO - Setting next_dagrun for stock_intraday_transaction to 2023-01-10T00:00:00+00:00, run_after=2023-01-11T00:00:00+00:00
[2023-01-11T13:30:50.891+0000] {processor.py:175} INFO - Processing /opt/airflow/dags/stock_intraday_transaction.py took 0.459 seconds
[2023-01-11T13:31:20.987+0000] {processor.py:153} INFO - Started process (PID=424) to work on /opt/airflow/dags/stock_intraday_transaction.py
[2023-01-11T13:31:20.995+0000] {processor.py:743} INFO - Processing file /opt/airflow/dags/stock_intraday_transaction.py for tasks to queue
[2023-01-11T13:31:20.995+0000] {logging_mixin.py:137} INFO - [2023-01-11T13:31:20.995+0000] {dagbag.py:538} INFO - Filling up the DagBag from /opt/airflow/dags/stock_intraday_transaction.py
[2023-01-11T13:31:21.241+0000] {processor.py:753} INFO - DAG(s) dict_keys(['stock_intraday_transaction']) retrieved from /opt/airflow/dags/stock_intraday_transaction.py
[2023-01-11T13:31:21.273+0000] {logging_mixin.py:137} INFO - [2023-01-11T13:31:21.273+0000] {dag.py:2676} INFO - Sync 1 DAGs
[2023-01-11T13:31:21.298+0000] {logging_mixin.py:137} INFO - [2023-01-11T13:31:21.298+0000] {dag.py:3427} INFO - Setting next_dagrun for stock_intraday_transaction to 2023-01-10T00:00:00+00:00, run_after=2023-01-11T00:00:00+00:00
[2023-01-11T13:31:21.340+0000] {processor.py:175} INFO - Processing /opt/airflow/dags/stock_intraday_transaction.py took 0.356 seconds
[2023-01-11T13:31:51.461+0000] {processor.py:153} INFO - Started process (PID=492) to work on /opt/airflow/dags/stock_intraday_transaction.py
[2023-01-11T13:31:51.476+0000] {processor.py:743} INFO - Processing file /opt/airflow/dags/stock_intraday_transaction.py for tasks to queue
[2023-01-11T13:31:51.476+0000] {logging_mixin.py:137} INFO - [2023-01-11T13:31:51.476+0000] {dagbag.py:538} INFO - Filling up the DagBag from /opt/airflow/dags/stock_intraday_transaction.py
[2023-01-11T13:31:51.739+0000] {processor.py:753} INFO - DAG(s) dict_keys(['stock_intraday_transaction']) retrieved from /opt/airflow/dags/stock_intraday_transaction.py
[2023-01-11T13:31:51.775+0000] {logging_mixin.py:137} INFO - [2023-01-11T13:31:51.774+0000] {dag.py:2676} INFO - Sync 1 DAGs
[2023-01-11T13:31:51.801+0000] {logging_mixin.py:137} INFO - [2023-01-11T13:31:51.801+0000] {dag.py:3427} INFO - Setting next_dagrun for stock_intraday_transaction to 2023-01-10T00:00:00+00:00, run_after=2023-01-11T00:00:00+00:00
[2023-01-11T13:31:51.865+0000] {processor.py:175} INFO - Processing /opt/airflow/dags/stock_intraday_transaction.py took 0.407 seconds
[2023-01-11T13:32:22.293+0000] {processor.py:153} INFO - Started process (PID=580) to work on /opt/airflow/dags/stock_intraday_transaction.py
[2023-01-11T13:32:22.312+0000] {processor.py:743} INFO - Processing file /opt/airflow/dags/stock_intraday_transaction.py for tasks to queue
[2023-01-11T13:32:22.313+0000] {logging_mixin.py:137} INFO - [2023-01-11T13:32:22.313+0000] {dagbag.py:538} INFO - Filling up the DagBag from /opt/airflow/dags/stock_intraday_transaction.py
[2023-01-11T13:32:22.680+0000] {processor.py:753} INFO - DAG(s) dict_keys(['stock_intraday_transaction']) retrieved from /opt/airflow/dags/stock_intraday_transaction.py
[2023-01-11T13:32:22.715+0000] {logging_mixin.py:137} INFO - [2023-01-11T13:32:22.715+0000] {dag.py:2676} INFO - Sync 1 DAGs
[2023-01-11T13:32:22.742+0000] {logging_mixin.py:137} INFO - [2023-01-11T13:32:22.742+0000] {dag.py:3427} INFO - Setting next_dagrun for stock_intraday_transaction to 2023-01-10T00:00:00+00:00, run_after=2023-01-11T00:00:00+00:00
[2023-01-11T13:32:22.838+0000] {processor.py:175} INFO - Processing /opt/airflow/dags/stock_intraday_transaction.py took 0.548 seconds
[2023-01-11T13:32:53.362+0000] {processor.py:153} INFO - Started process (PID=648) to work on /opt/airflow/dags/stock_intraday_transaction.py
[2023-01-11T13:32:53.432+0000] {processor.py:743} INFO - Processing file /opt/airflow/dags/stock_intraday_transaction.py for tasks to queue
[2023-01-11T13:32:53.433+0000] {logging_mixin.py:137} INFO - [2023-01-11T13:32:53.433+0000] {dagbag.py:538} INFO - Filling up the DagBag from /opt/airflow/dags/stock_intraday_transaction.py
[2023-01-11T13:32:53.695+0000] {processor.py:753} INFO - DAG(s) dict_keys(['stock_intraday_transaction']) retrieved from /opt/airflow/dags/stock_intraday_transaction.py
[2023-01-11T13:32:53.724+0000] {logging_mixin.py:137} INFO - [2023-01-11T13:32:53.724+0000] {dag.py:2676} INFO - Sync 1 DAGs
[2023-01-11T13:32:53.746+0000] {logging_mixin.py:137} INFO - [2023-01-11T13:32:53.746+0000] {dag.py:3427} INFO - Setting next_dagrun for stock_intraday_transaction to 2023-01-10T00:00:00+00:00, run_after=2023-01-11T00:00:00+00:00
[2023-01-11T13:32:53.789+0000] {processor.py:175} INFO - Processing /opt/airflow/dags/stock_intraday_transaction.py took 0.430 seconds
[2023-01-11T13:33:24.711+0000] {processor.py:153} INFO - Started process (PID=736) to work on /opt/airflow/dags/stock_intraday_transaction.py
[2023-01-11T13:33:24.729+0000] {processor.py:743} INFO - Processing file /opt/airflow/dags/stock_intraday_transaction.py for tasks to queue
[2023-01-11T13:33:24.729+0000] {logging_mixin.py:137} INFO - [2023-01-11T13:33:24.729+0000] {dagbag.py:538} INFO - Filling up the DagBag from /opt/airflow/dags/stock_intraday_transaction.py
[2023-01-11T13:33:25.034+0000] {processor.py:753} INFO - DAG(s) dict_keys(['stock_intraday_transaction']) retrieved from /opt/airflow/dags/stock_intraday_transaction.py
[2023-01-11T13:33:25.064+0000] {logging_mixin.py:137} INFO - [2023-01-11T13:33:25.064+0000] {dag.py:2676} INFO - Sync 1 DAGs
[2023-01-11T13:33:25.087+0000] {logging_mixin.py:137} INFO - [2023-01-11T13:33:25.087+0000] {dag.py:3427} INFO - Setting next_dagrun for stock_intraday_transaction to 2023-01-10T00:00:00+00:00, run_after=2023-01-11T00:00:00+00:00
[2023-01-11T13:33:25.149+0000] {processor.py:175} INFO - Processing /opt/airflow/dags/stock_intraday_transaction.py took 0.440 seconds
[2023-01-11T13:33:56.060+0000] {processor.py:153} INFO - Started process (PID=804) to work on /opt/airflow/dags/stock_intraday_transaction.py
[2023-01-11T13:33:56.069+0000] {processor.py:743} INFO - Processing file /opt/airflow/dags/stock_intraday_transaction.py for tasks to queue
[2023-01-11T13:33:56.070+0000] {logging_mixin.py:137} INFO - [2023-01-11T13:33:56.069+0000] {dagbag.py:538} INFO - Filling up the DagBag from /opt/airflow/dags/stock_intraday_transaction.py
[2023-01-11T13:33:56.420+0000] {processor.py:753} INFO - DAG(s) dict_keys(['stock_intraday_transaction']) retrieved from /opt/airflow/dags/stock_intraday_transaction.py
[2023-01-11T13:33:56.463+0000] {logging_mixin.py:137} INFO - [2023-01-11T13:33:56.462+0000] {dag.py:2676} INFO - Sync 1 DAGs
[2023-01-11T13:33:56.501+0000] {logging_mixin.py:137} INFO - [2023-01-11T13:33:56.501+0000] {dag.py:3427} INFO - Setting next_dagrun for stock_intraday_transaction to 2023-01-10T00:00:00+00:00, run_after=2023-01-11T00:00:00+00:00
[2023-01-11T13:33:56.595+0000] {processor.py:175} INFO - Processing /opt/airflow/dags/stock_intraday_transaction.py took 0.538 seconds
[2023-01-11T13:34:26.992+0000] {processor.py:153} INFO - Started process (PID=895) to work on /opt/airflow/dags/stock_intraday_transaction.py
[2023-01-11T13:34:26.996+0000] {processor.py:743} INFO - Processing file /opt/airflow/dags/stock_intraday_transaction.py for tasks to queue
[2023-01-11T13:34:26.997+0000] {logging_mixin.py:137} INFO - [2023-01-11T13:34:26.997+0000] {dagbag.py:538} INFO - Filling up the DagBag from /opt/airflow/dags/stock_intraday_transaction.py
[2023-01-11T13:34:27.253+0000] {processor.py:753} INFO - DAG(s) dict_keys(['stock_intraday_transaction']) retrieved from /opt/airflow/dags/stock_intraday_transaction.py
[2023-01-11T13:34:27.286+0000] {logging_mixin.py:137} INFO - [2023-01-11T13:34:27.286+0000] {dag.py:2676} INFO - Sync 1 DAGs
[2023-01-11T13:34:27.314+0000] {logging_mixin.py:137} INFO - [2023-01-11T13:34:27.314+0000] {dag.py:3427} INFO - Setting next_dagrun for stock_intraday_transaction to 2023-01-10T00:00:00+00:00, run_after=2023-01-11T00:00:00+00:00
[2023-01-11T13:34:27.373+0000] {processor.py:175} INFO - Processing /opt/airflow/dags/stock_intraday_transaction.py took 0.383 seconds
[2023-01-11T13:36:34.063+0000] {processor.py:153} INFO - Started process (PID=79) to work on /opt/airflow/dags/stock_intraday_transaction.py
[2023-01-11T13:36:34.096+0000] {processor.py:743} INFO - Processing file /opt/airflow/dags/stock_intraday_transaction.py for tasks to queue
[2023-01-11T13:36:34.097+0000] {logging_mixin.py:137} INFO - [2023-01-11T13:36:34.097+0000] {dagbag.py:538} INFO - Filling up the DagBag from /opt/airflow/dags/stock_intraday_transaction.py
[2023-01-11T13:36:34.470+0000] {processor.py:753} INFO - DAG(s) dict_keys(['stock_intraday_transaction']) retrieved from /opt/airflow/dags/stock_intraday_transaction.py
[2023-01-11T13:36:34.604+0000] {logging_mixin.py:137} INFO - [2023-01-11T13:36:34.603+0000] {dag.py:2676} INFO - Sync 1 DAGs
[2023-01-11T13:36:34.633+0000] {logging_mixin.py:137} INFO - [2023-01-11T13:36:34.632+0000] {dag.py:3427} INFO - Setting next_dagrun for stock_intraday_transaction to 2023-01-10T00:00:00+00:00, run_after=2023-01-11T00:00:00+00:00
[2023-01-11T13:36:34.707+0000] {processor.py:175} INFO - Processing /opt/airflow/dags/stock_intraday_transaction.py took 0.647 seconds
[2023-01-11T13:37:05.211+0000] {processor.py:153} INFO - Started process (PID=158) to work on /opt/airflow/dags/stock_intraday_transaction.py
[2023-01-11T13:37:05.389+0000] {processor.py:743} INFO - Processing file /opt/airflow/dags/stock_intraday_transaction.py for tasks to queue
[2023-01-11T13:37:05.389+0000] {logging_mixin.py:137} INFO - [2023-01-11T13:37:05.389+0000] {dagbag.py:538} INFO - Filling up the DagBag from /opt/airflow/dags/stock_intraday_transaction.py
[2023-01-11T13:37:05.686+0000] {processor.py:753} INFO - DAG(s) dict_keys(['stock_intraday_transaction']) retrieved from /opt/airflow/dags/stock_intraday_transaction.py
[2023-01-11T13:37:05.714+0000] {logging_mixin.py:137} INFO - [2023-01-11T13:37:05.714+0000] {dag.py:2676} INFO - Sync 1 DAGs
[2023-01-11T13:37:05.738+0000] {logging_mixin.py:137} INFO - [2023-01-11T13:37:05.738+0000] {dag.py:3427} INFO - Setting next_dagrun for stock_intraday_transaction to 2023-01-10T00:00:00+00:00, run_after=2023-01-11T00:00:00+00:00
[2023-01-11T13:37:05.808+0000] {processor.py:175} INFO - Processing /opt/airflow/dags/stock_intraday_transaction.py took 0.599 seconds
[2023-01-11T13:37:36.419+0000] {processor.py:153} INFO - Started process (PID=233) to work on /opt/airflow/dags/stock_intraday_transaction.py
[2023-01-11T13:37:36.448+0000] {processor.py:743} INFO - Processing file /opt/airflow/dags/stock_intraday_transaction.py for tasks to queue
[2023-01-11T13:37:36.449+0000] {logging_mixin.py:137} INFO - [2023-01-11T13:37:36.448+0000] {dagbag.py:538} INFO - Filling up the DagBag from /opt/airflow/dags/stock_intraday_transaction.py
[2023-01-11T13:37:36.786+0000] {processor.py:753} INFO - DAG(s) dict_keys(['stock_intraday_transaction']) retrieved from /opt/airflow/dags/stock_intraday_transaction.py
[2023-01-11T13:37:36.819+0000] {logging_mixin.py:137} INFO - [2023-01-11T13:37:36.818+0000] {dag.py:2676} INFO - Sync 1 DAGs
[2023-01-11T13:37:36.847+0000] {logging_mixin.py:137} INFO - [2023-01-11T13:37:36.847+0000] {dag.py:3427} INFO - Setting next_dagrun for stock_intraday_transaction to 2023-01-10T00:00:00+00:00, run_after=2023-01-11T00:00:00+00:00
[2023-01-11T13:37:36.900+0000] {processor.py:175} INFO - Processing /opt/airflow/dags/stock_intraday_transaction.py took 0.484 seconds
[2023-01-11T13:38:07.132+0000] {processor.py:153} INFO - Started process (PID=313) to work on /opt/airflow/dags/stock_intraday_transaction.py
[2023-01-11T13:38:07.133+0000] {processor.py:743} INFO - Processing file /opt/airflow/dags/stock_intraday_transaction.py for tasks to queue
[2023-01-11T13:38:07.133+0000] {logging_mixin.py:137} INFO - [2023-01-11T13:38:07.133+0000] {dagbag.py:538} INFO - Filling up the DagBag from /opt/airflow/dags/stock_intraday_transaction.py
[2023-01-11T13:38:07.419+0000] {processor.py:753} INFO - DAG(s) dict_keys(['stock_intraday_transaction']) retrieved from /opt/airflow/dags/stock_intraday_transaction.py
[2023-01-11T13:38:07.471+0000] {logging_mixin.py:137} INFO - [2023-01-11T13:38:07.470+0000] {dag.py:2676} INFO - Sync 1 DAGs
[2023-01-11T13:38:07.508+0000] {logging_mixin.py:137} INFO - [2023-01-11T13:38:07.507+0000] {dag.py:3427} INFO - Setting next_dagrun for stock_intraday_transaction to 2023-01-10T00:00:00+00:00, run_after=2023-01-11T00:00:00+00:00
[2023-01-11T13:38:07.619+0000] {processor.py:175} INFO - Processing /opt/airflow/dags/stock_intraday_transaction.py took 0.490 seconds
[2023-01-11T13:40:06.243+0000] {processor.py:153} INFO - Started process (PID=70) to work on /opt/airflow/dags/stock_intraday_transaction.py
[2023-01-11T13:40:06.267+0000] {processor.py:743} INFO - Processing file /opt/airflow/dags/stock_intraday_transaction.py for tasks to queue
[2023-01-11T13:40:06.267+0000] {logging_mixin.py:137} INFO - [2023-01-11T13:40:06.267+0000] {dagbag.py:538} INFO - Filling up the DagBag from /opt/airflow/dags/stock_intraday_transaction.py
[2023-01-11T13:40:06.612+0000] {processor.py:753} INFO - DAG(s) dict_keys(['stock_intraday_transaction']) retrieved from /opt/airflow/dags/stock_intraday_transaction.py
[2023-01-11T13:40:06.731+0000] {logging_mixin.py:137} INFO - [2023-01-11T13:40:06.730+0000] {dag.py:2676} INFO - Sync 1 DAGs
[2023-01-11T13:40:06.779+0000] {logging_mixin.py:137} INFO - [2023-01-11T13:40:06.779+0000] {dag.py:3427} INFO - Setting next_dagrun for stock_intraday_transaction to 2023-01-10T00:00:00+00:00, run_after=2023-01-11T00:00:00+00:00
[2023-01-11T13:40:06.821+0000] {processor.py:175} INFO - Processing /opt/airflow/dags/stock_intraday_transaction.py took 0.581 seconds
[2023-01-11T13:40:37.095+0000] {processor.py:153} INFO - Started process (PID=138) to work on /opt/airflow/dags/stock_intraday_transaction.py
[2023-01-11T13:40:37.095+0000] {processor.py:743} INFO - Processing file /opt/airflow/dags/stock_intraday_transaction.py for tasks to queue
[2023-01-11T13:40:37.096+0000] {logging_mixin.py:137} INFO - [2023-01-11T13:40:37.096+0000] {dagbag.py:538} INFO - Filling up the DagBag from /opt/airflow/dags/stock_intraday_transaction.py
[2023-01-11T13:40:37.380+0000] {processor.py:753} INFO - DAG(s) dict_keys(['stock_intraday_transaction']) retrieved from /opt/airflow/dags/stock_intraday_transaction.py
[2023-01-11T13:40:37.413+0000] {logging_mixin.py:137} INFO - [2023-01-11T13:40:37.413+0000] {dag.py:2676} INFO - Sync 1 DAGs
[2023-01-11T13:40:37.441+0000] {logging_mixin.py:137} INFO - [2023-01-11T13:40:37.441+0000] {dag.py:3427} INFO - Setting next_dagrun for stock_intraday_transaction to 2023-01-10T00:00:00+00:00, run_after=2023-01-11T00:00:00+00:00
[2023-01-11T13:40:37.491+0000] {processor.py:175} INFO - Processing /opt/airflow/dags/stock_intraday_transaction.py took 0.399 seconds
[2023-01-11T13:41:08.389+0000] {processor.py:153} INFO - Started process (PID=226) to work on /opt/airflow/dags/stock_intraday_transaction.py
[2023-01-11T13:41:08.418+0000] {processor.py:743} INFO - Processing file /opt/airflow/dags/stock_intraday_transaction.py for tasks to queue
[2023-01-11T13:41:08.419+0000] {logging_mixin.py:137} INFO - [2023-01-11T13:41:08.419+0000] {dagbag.py:538} INFO - Filling up the DagBag from /opt/airflow/dags/stock_intraday_transaction.py
[2023-01-11T13:41:08.763+0000] {processor.py:753} INFO - DAG(s) dict_keys(['stock_intraday_transaction']) retrieved from /opt/airflow/dags/stock_intraday_transaction.py
[2023-01-11T13:41:08.798+0000] {logging_mixin.py:137} INFO - [2023-01-11T13:41:08.797+0000] {dag.py:2676} INFO - Sync 1 DAGs
[2023-01-11T13:41:08.836+0000] {logging_mixin.py:137} INFO - [2023-01-11T13:41:08.836+0000] {dag.py:3427} INFO - Setting next_dagrun for stock_intraday_transaction to 2023-01-10T00:00:00+00:00, run_after=2023-01-11T00:00:00+00:00
[2023-01-11T13:41:08.883+0000] {processor.py:175} INFO - Processing /opt/airflow/dags/stock_intraday_transaction.py took 0.496 seconds
[2023-01-11T13:41:39.449+0000] {processor.py:153} INFO - Started process (PID=294) to work on /opt/airflow/dags/stock_intraday_transaction.py
[2023-01-11T13:41:39.449+0000] {processor.py:743} INFO - Processing file /opt/airflow/dags/stock_intraday_transaction.py for tasks to queue
[2023-01-11T13:41:39.450+0000] {logging_mixin.py:137} INFO - [2023-01-11T13:41:39.450+0000] {dagbag.py:538} INFO - Filling up the DagBag from /opt/airflow/dags/stock_intraday_transaction.py
[2023-01-11T13:41:39.735+0000] {processor.py:753} INFO - DAG(s) dict_keys(['stock_intraday_transaction']) retrieved from /opt/airflow/dags/stock_intraday_transaction.py
[2023-01-11T13:41:39.776+0000] {logging_mixin.py:137} INFO - [2023-01-11T13:41:39.775+0000] {dag.py:2676} INFO - Sync 1 DAGs
[2023-01-11T13:41:39.812+0000] {logging_mixin.py:137} INFO - [2023-01-11T13:41:39.812+0000] {dag.py:3427} INFO - Setting next_dagrun for stock_intraday_transaction to 2023-01-10T00:00:00+00:00, run_after=2023-01-11T00:00:00+00:00
[2023-01-11T13:41:39.882+0000] {processor.py:175} INFO - Processing /opt/airflow/dags/stock_intraday_transaction.py took 0.436 seconds
[2023-01-11T13:42:10.071+0000] {processor.py:153} INFO - Started process (PID=382) to work on /opt/airflow/dags/stock_intraday_transaction.py
[2023-01-11T13:42:10.071+0000] {processor.py:743} INFO - Processing file /opt/airflow/dags/stock_intraday_transaction.py for tasks to queue
[2023-01-11T13:42:10.072+0000] {logging_mixin.py:137} INFO - [2023-01-11T13:42:10.072+0000] {dagbag.py:538} INFO - Filling up the DagBag from /opt/airflow/dags/stock_intraday_transaction.py
[2023-01-11T13:42:10.314+0000] {processor.py:753} INFO - DAG(s) dict_keys(['stock_intraday_transaction']) retrieved from /opt/airflow/dags/stock_intraday_transaction.py
[2023-01-11T13:42:10.346+0000] {logging_mixin.py:137} INFO - [2023-01-11T13:42:10.345+0000] {dag.py:2676} INFO - Sync 1 DAGs
[2023-01-11T13:42:10.369+0000] {logging_mixin.py:137} INFO - [2023-01-11T13:42:10.369+0000] {dag.py:3427} INFO - Setting next_dagrun for stock_intraday_transaction to 2023-01-10T00:00:00+00:00, run_after=2023-01-11T00:00:00+00:00
[2023-01-11T13:42:10.415+0000] {processor.py:175} INFO - Processing /opt/airflow/dags/stock_intraday_transaction.py took 0.347 seconds
[2023-01-11T13:42:41.026+0000] {processor.py:153} INFO - Started process (PID=450) to work on /opt/airflow/dags/stock_intraday_transaction.py
[2023-01-11T13:42:41.033+0000] {processor.py:743} INFO - Processing file /opt/airflow/dags/stock_intraday_transaction.py for tasks to queue
[2023-01-11T13:42:41.034+0000] {logging_mixin.py:137} INFO - [2023-01-11T13:42:41.034+0000] {dagbag.py:538} INFO - Filling up the DagBag from /opt/airflow/dags/stock_intraday_transaction.py
[2023-01-11T13:42:41.303+0000] {processor.py:753} INFO - DAG(s) dict_keys(['stock_intraday_transaction']) retrieved from /opt/airflow/dags/stock_intraday_transaction.py
[2023-01-11T13:42:41.336+0000] {logging_mixin.py:137} INFO - [2023-01-11T13:42:41.335+0000] {dag.py:2676} INFO - Sync 1 DAGs
[2023-01-11T13:42:41.361+0000] {logging_mixin.py:137} INFO - [2023-01-11T13:42:41.361+0000] {dag.py:3427} INFO - Setting next_dagrun for stock_intraday_transaction to 2023-01-10T00:00:00+00:00, run_after=2023-01-11T00:00:00+00:00
[2023-01-11T13:42:41.401+0000] {processor.py:175} INFO - Processing /opt/airflow/dags/stock_intraday_transaction.py took 0.378 seconds
[2023-01-11T23:20:31.422+0000] {processor.py:153} INFO - Started process (PID=129) to work on /opt/airflow/dags/stock_intraday_transaction.py
[2023-01-11T23:20:31.658+0000] {processor.py:743} INFO - Processing file /opt/airflow/dags/stock_intraday_transaction.py for tasks to queue
[2023-01-11T23:20:31.659+0000] {logging_mixin.py:137} INFO - [2023-01-11T23:20:31.659+0000] {dagbag.py:538} INFO - Filling up the DagBag from /opt/airflow/dags/stock_intraday_transaction.py
[2023-01-11T23:20:31.981+0000] {processor.py:753} INFO - DAG(s) dict_keys(['stock_intraday_transaction']) retrieved from /opt/airflow/dags/stock_intraday_transaction.py
[2023-01-11T23:20:32.071+0000] {logging_mixin.py:137} INFO - [2023-01-11T23:20:32.070+0000] {dag.py:2676} INFO - Sync 1 DAGs
[2023-01-11T23:20:32.113+0000] {logging_mixin.py:137} INFO - [2023-01-11T23:20:32.113+0000] {dag.py:3427} INFO - Setting next_dagrun for stock_intraday_transaction to 2023-01-10T00:00:00+00:00, run_after=2023-01-11T00:00:00+00:00
[2023-01-11T23:20:32.171+0000] {processor.py:175} INFO - Processing /opt/airflow/dags/stock_intraday_transaction.py took 0.755 seconds
[2023-01-11T23:21:02.205+0000] {processor.py:153} INFO - Started process (PID=197) to work on /opt/airflow/dags/stock_intraday_transaction.py
[2023-01-11T23:21:02.206+0000] {processor.py:743} INFO - Processing file /opt/airflow/dags/stock_intraday_transaction.py for tasks to queue
[2023-01-11T23:21:02.206+0000] {logging_mixin.py:137} INFO - [2023-01-11T23:21:02.206+0000] {dagbag.py:538} INFO - Filling up the DagBag from /opt/airflow/dags/stock_intraday_transaction.py
[2023-01-11T23:21:02.444+0000] {processor.py:753} INFO - DAG(s) dict_keys(['stock_intraday_transaction']) retrieved from /opt/airflow/dags/stock_intraday_transaction.py
[2023-01-11T23:21:02.472+0000] {logging_mixin.py:137} INFO - [2023-01-11T23:21:02.472+0000] {dag.py:2676} INFO - Sync 1 DAGs
[2023-01-11T23:21:02.496+0000] {logging_mixin.py:137} INFO - [2023-01-11T23:21:02.496+0000] {dag.py:3427} INFO - Setting next_dagrun for stock_intraday_transaction to 2023-01-10T00:00:00+00:00, run_after=2023-01-11T00:00:00+00:00
[2023-01-11T23:21:02.534+0000] {processor.py:175} INFO - Processing /opt/airflow/dags/stock_intraday_transaction.py took 0.331 seconds
[2023-01-11T23:21:32.739+0000] {processor.py:153} INFO - Started process (PID=265) to work on /opt/airflow/dags/stock_intraday_transaction.py
[2023-01-11T23:21:32.894+0000] {processor.py:743} INFO - Processing file /opt/airflow/dags/stock_intraday_transaction.py for tasks to queue
[2023-01-11T23:21:32.894+0000] {logging_mixin.py:137} INFO - [2023-01-11T23:21:32.894+0000] {dagbag.py:538} INFO - Filling up the DagBag from /opt/airflow/dags/stock_intraday_transaction.py
[2023-01-11T23:21:33.141+0000] {processor.py:753} INFO - DAG(s) dict_keys(['stock_intraday_transaction']) retrieved from /opt/airflow/dags/stock_intraday_transaction.py
[2023-01-11T23:21:33.171+0000] {logging_mixin.py:137} INFO - [2023-01-11T23:21:33.170+0000] {dag.py:2676} INFO - Sync 1 DAGs
[2023-01-11T23:21:33.194+0000] {logging_mixin.py:137} INFO - [2023-01-11T23:21:33.194+0000] {dag.py:3427} INFO - Setting next_dagrun for stock_intraday_transaction to 2023-01-10T00:00:00+00:00, run_after=2023-01-11T00:00:00+00:00
[2023-01-11T23:21:33.893+0000] {processor.py:175} INFO - Processing /opt/airflow/dags/stock_intraday_transaction.py took 1.157 seconds
[2023-01-11T23:22:04.249+0000] {processor.py:153} INFO - Started process (PID=352) to work on /opt/airflow/dags/stock_intraday_transaction.py
[2023-01-11T23:22:04.249+0000] {processor.py:743} INFO - Processing file /opt/airflow/dags/stock_intraday_transaction.py for tasks to queue
[2023-01-11T23:22:04.250+0000] {logging_mixin.py:137} INFO - [2023-01-11T23:22:04.249+0000] {dagbag.py:538} INFO - Filling up the DagBag from /opt/airflow/dags/stock_intraday_transaction.py
[2023-01-11T23:22:04.491+0000] {processor.py:753} INFO - DAG(s) dict_keys(['stock_intraday_transaction']) retrieved from /opt/airflow/dags/stock_intraday_transaction.py
[2023-01-11T23:22:04.521+0000] {logging_mixin.py:137} INFO - [2023-01-11T23:22:04.521+0000] {dag.py:2676} INFO - Sync 1 DAGs
[2023-01-11T23:22:04.545+0000] {logging_mixin.py:137} INFO - [2023-01-11T23:22:04.545+0000] {dag.py:3427} INFO - Setting next_dagrun for stock_intraday_transaction to 2023-01-10T00:00:00+00:00, run_after=2023-01-11T00:00:00+00:00
[2023-01-11T23:22:04.963+0000] {processor.py:175} INFO - Processing /opt/airflow/dags/stock_intraday_transaction.py took 0.717 seconds
[2023-01-11T23:22:35.120+0000] {processor.py:153} INFO - Started process (PID=420) to work on /opt/airflow/dags/stock_intraday_transaction.py
[2023-01-11T23:22:35.121+0000] {processor.py:743} INFO - Processing file /opt/airflow/dags/stock_intraday_transaction.py for tasks to queue
[2023-01-11T23:22:35.122+0000] {logging_mixin.py:137} INFO - [2023-01-11T23:22:35.122+0000] {dagbag.py:538} INFO - Filling up the DagBag from /opt/airflow/dags/stock_intraday_transaction.py
[2023-01-11T23:22:35.445+0000] {processor.py:753} INFO - DAG(s) dict_keys(['stock_intraday_transaction']) retrieved from /opt/airflow/dags/stock_intraday_transaction.py
[2023-01-11T23:22:35.484+0000] {logging_mixin.py:137} INFO - [2023-01-11T23:22:35.484+0000] {dag.py:2676} INFO - Sync 1 DAGs
[2023-01-11T23:22:35.516+0000] {logging_mixin.py:137} INFO - [2023-01-11T23:22:35.516+0000] {dag.py:3427} INFO - Setting next_dagrun for stock_intraday_transaction to 2023-01-10T00:00:00+00:00, run_after=2023-01-11T00:00:00+00:00
[2023-01-11T23:22:35.562+0000] {processor.py:175} INFO - Processing /opt/airflow/dags/stock_intraday_transaction.py took 0.447 seconds
[2023-01-11T23:23:05.689+0000] {processor.py:153} INFO - Started process (PID=508) to work on /opt/airflow/dags/stock_intraday_transaction.py
[2023-01-11T23:23:05.712+0000] {processor.py:743} INFO - Processing file /opt/airflow/dags/stock_intraday_transaction.py for tasks to queue
[2023-01-11T23:23:05.712+0000] {logging_mixin.py:137} INFO - [2023-01-11T23:23:05.712+0000] {dagbag.py:538} INFO - Filling up the DagBag from /opt/airflow/dags/stock_intraday_transaction.py
[2023-01-11T23:23:05.978+0000] {processor.py:753} INFO - DAG(s) dict_keys(['stock_intraday_transaction']) retrieved from /opt/airflow/dags/stock_intraday_transaction.py
[2023-01-11T23:23:06.008+0000] {logging_mixin.py:137} INFO - [2023-01-11T23:23:06.008+0000] {dag.py:2676} INFO - Sync 1 DAGs
[2023-01-11T23:23:06.031+0000] {logging_mixin.py:137} INFO - [2023-01-11T23:23:06.031+0000] {dag.py:3427} INFO - Setting next_dagrun for stock_intraday_transaction to 2023-01-10T00:00:00+00:00, run_after=2023-01-11T00:00:00+00:00
[2023-01-11T23:23:06.281+0000] {processor.py:175} INFO - Processing /opt/airflow/dags/stock_intraday_transaction.py took 0.594 seconds
[2023-01-11T23:23:36.391+0000] {processor.py:153} INFO - Started process (PID=576) to work on /opt/airflow/dags/stock_intraday_transaction.py
[2023-01-11T23:23:36.392+0000] {processor.py:743} INFO - Processing file /opt/airflow/dags/stock_intraday_transaction.py for tasks to queue
[2023-01-11T23:23:36.393+0000] {logging_mixin.py:137} INFO - [2023-01-11T23:23:36.393+0000] {dagbag.py:538} INFO - Filling up the DagBag from /opt/airflow/dags/stock_intraday_transaction.py
[2023-01-11T23:23:36.665+0000] {processor.py:753} INFO - DAG(s) dict_keys(['stock_intraday_transaction']) retrieved from /opt/airflow/dags/stock_intraday_transaction.py
[2023-01-11T23:23:36.696+0000] {logging_mixin.py:137} INFO - [2023-01-11T23:23:36.696+0000] {dag.py:2676} INFO - Sync 1 DAGs
[2023-01-11T23:23:36.724+0000] {logging_mixin.py:137} INFO - [2023-01-11T23:23:36.724+0000] {dag.py:3427} INFO - Setting next_dagrun for stock_intraday_transaction to 2023-01-10T00:00:00+00:00, run_after=2023-01-11T00:00:00+00:00
[2023-01-11T23:23:36.774+0000] {processor.py:175} INFO - Processing /opt/airflow/dags/stock_intraday_transaction.py took 0.389 seconds
[2023-01-11T23:24:06.979+0000] {processor.py:153} INFO - Started process (PID=653) to work on /opt/airflow/dags/stock_intraday_transaction.py
[2023-01-11T23:24:06.980+0000] {processor.py:743} INFO - Processing file /opt/airflow/dags/stock_intraday_transaction.py for tasks to queue
[2023-01-11T23:24:06.981+0000] {logging_mixin.py:137} INFO - [2023-01-11T23:24:06.981+0000] {dagbag.py:538} INFO - Filling up the DagBag from /opt/airflow/dags/stock_intraday_transaction.py
[2023-01-11T23:24:07.243+0000] {processor.py:753} INFO - DAG(s) dict_keys(['stock_intraday_transaction']) retrieved from /opt/airflow/dags/stock_intraday_transaction.py
[2023-01-11T23:24:07.303+0000] {logging_mixin.py:137} INFO - [2023-01-11T23:24:07.303+0000] {dag.py:2676} INFO - Sync 1 DAGs
[2023-01-11T23:24:07.335+0000] {logging_mixin.py:137} INFO - [2023-01-11T23:24:07.335+0000] {dag.py:3427} INFO - Setting next_dagrun for stock_intraday_transaction to 2023-01-10T00:00:00+00:00, run_after=2023-01-11T00:00:00+00:00
[2023-01-11T23:24:07.598+0000] {processor.py:175} INFO - Processing /opt/airflow/dags/stock_intraday_transaction.py took 0.622 seconds
[2023-01-11T23:24:37.863+0000] {processor.py:153} INFO - Started process (PID=732) to work on /opt/airflow/dags/stock_intraday_transaction.py
[2023-01-11T23:24:37.876+0000] {processor.py:743} INFO - Processing file /opt/airflow/dags/stock_intraday_transaction.py for tasks to queue
[2023-01-11T23:24:37.877+0000] {logging_mixin.py:137} INFO - [2023-01-11T23:24:37.877+0000] {dagbag.py:538} INFO - Filling up the DagBag from /opt/airflow/dags/stock_intraday_transaction.py
[2023-01-11T23:24:38.198+0000] {processor.py:753} INFO - DAG(s) dict_keys(['stock_intraday_transaction']) retrieved from /opt/airflow/dags/stock_intraday_transaction.py
[2023-01-11T23:24:38.230+0000] {logging_mixin.py:137} INFO - [2023-01-11T23:24:38.230+0000] {dag.py:2676} INFO - Sync 1 DAGs
[2023-01-11T23:24:38.255+0000] {logging_mixin.py:137} INFO - [2023-01-11T23:24:38.255+0000] {dag.py:3427} INFO - Setting next_dagrun for stock_intraday_transaction to 2023-01-10T00:00:00+00:00, run_after=2023-01-11T00:00:00+00:00
[2023-01-11T23:24:38.330+0000] {processor.py:175} INFO - Processing /opt/airflow/dags/stock_intraday_transaction.py took 0.469 seconds
[2023-01-11T23:25:08.674+0000] {processor.py:153} INFO - Started process (PID=800) to work on /opt/airflow/dags/stock_intraday_transaction.py
[2023-01-11T23:25:08.675+0000] {processor.py:743} INFO - Processing file /opt/airflow/dags/stock_intraday_transaction.py for tasks to queue
[2023-01-11T23:25:08.675+0000] {logging_mixin.py:137} INFO - [2023-01-11T23:25:08.675+0000] {dagbag.py:538} INFO - Filling up the DagBag from /opt/airflow/dags/stock_intraday_transaction.py
[2023-01-11T23:25:08.934+0000] {processor.py:753} INFO - DAG(s) dict_keys(['stock_intraday_transaction']) retrieved from /opt/airflow/dags/stock_intraday_transaction.py
[2023-01-11T23:25:08.974+0000] {logging_mixin.py:137} INFO - [2023-01-11T23:25:08.974+0000] {dag.py:2676} INFO - Sync 1 DAGs
[2023-01-11T23:25:08.999+0000] {logging_mixin.py:137} INFO - [2023-01-11T23:25:08.998+0000] {dag.py:3427} INFO - Setting next_dagrun for stock_intraday_transaction to 2023-01-10T00:00:00+00:00, run_after=2023-01-11T00:00:00+00:00
[2023-01-11T23:25:09.194+0000] {processor.py:175} INFO - Processing /opt/airflow/dags/stock_intraday_transaction.py took 0.522 seconds
[2023-01-11T23:25:39.615+0000] {processor.py:153} INFO - Started process (PID=888) to work on /opt/airflow/dags/stock_intraday_transaction.py
[2023-01-11T23:25:39.617+0000] {processor.py:743} INFO - Processing file /opt/airflow/dags/stock_intraday_transaction.py for tasks to queue
[2023-01-11T23:25:39.617+0000] {logging_mixin.py:137} INFO - [2023-01-11T23:25:39.617+0000] {dagbag.py:538} INFO - Filling up the DagBag from /opt/airflow/dags/stock_intraday_transaction.py
[2023-01-11T23:25:39.999+0000] {processor.py:753} INFO - DAG(s) dict_keys(['stock_intraday_transaction']) retrieved from /opt/airflow/dags/stock_intraday_transaction.py
[2023-01-11T23:25:40.038+0000] {logging_mixin.py:137} INFO - [2023-01-11T23:25:40.038+0000] {dag.py:2676} INFO - Sync 1 DAGs
[2023-01-11T23:25:40.067+0000] {logging_mixin.py:137} INFO - [2023-01-11T23:25:40.067+0000] {dag.py:3427} INFO - Setting next_dagrun for stock_intraday_transaction to 2023-01-10T00:00:00+00:00, run_after=2023-01-11T00:00:00+00:00
[2023-01-11T23:25:40.137+0000] {processor.py:175} INFO - Processing /opt/airflow/dags/stock_intraday_transaction.py took 0.525 seconds
[2023-01-11T23:26:10.326+0000] {processor.py:153} INFO - Started process (PID=956) to work on /opt/airflow/dags/stock_intraday_transaction.py
[2023-01-11T23:26:10.327+0000] {processor.py:743} INFO - Processing file /opt/airflow/dags/stock_intraday_transaction.py for tasks to queue
[2023-01-11T23:26:10.328+0000] {logging_mixin.py:137} INFO - [2023-01-11T23:26:10.328+0000] {dagbag.py:538} INFO - Filling up the DagBag from /opt/airflow/dags/stock_intraday_transaction.py
[2023-01-11T23:26:10.585+0000] {processor.py:753} INFO - DAG(s) dict_keys(['stock_intraday_transaction']) retrieved from /opt/airflow/dags/stock_intraday_transaction.py
[2023-01-11T23:26:10.617+0000] {logging_mixin.py:137} INFO - [2023-01-11T23:26:10.617+0000] {dag.py:2676} INFO - Sync 1 DAGs
[2023-01-11T23:26:10.643+0000] {logging_mixin.py:137} INFO - [2023-01-11T23:26:10.643+0000] {dag.py:3427} INFO - Setting next_dagrun for stock_intraday_transaction to 2023-01-10T00:00:00+00:00, run_after=2023-01-11T00:00:00+00:00
[2023-01-11T23:26:10.871+0000] {processor.py:175} INFO - Processing /opt/airflow/dags/stock_intraday_transaction.py took 0.549 seconds
[2023-01-11T23:26:40.934+0000] {processor.py:153} INFO - Started process (PID=1044) to work on /opt/airflow/dags/stock_intraday_transaction.py
[2023-01-11T23:26:40.965+0000] {processor.py:743} INFO - Processing file /opt/airflow/dags/stock_intraday_transaction.py for tasks to queue
[2023-01-11T23:26:40.965+0000] {logging_mixin.py:137} INFO - [2023-01-11T23:26:40.965+0000] {dagbag.py:538} INFO - Filling up the DagBag from /opt/airflow/dags/stock_intraday_transaction.py
[2023-01-11T23:26:41.229+0000] {processor.py:753} INFO - DAG(s) dict_keys(['stock_intraday_transaction']) retrieved from /opt/airflow/dags/stock_intraday_transaction.py
[2023-01-11T23:26:41.259+0000] {logging_mixin.py:137} INFO - [2023-01-11T23:26:41.258+0000] {dag.py:2676} INFO - Sync 1 DAGs
[2023-01-11T23:26:41.280+0000] {logging_mixin.py:137} INFO - [2023-01-11T23:26:41.280+0000] {dag.py:3427} INFO - Setting next_dagrun for stock_intraday_transaction to 2023-01-10T00:00:00+00:00, run_after=2023-01-11T00:00:00+00:00
[2023-01-11T23:26:41.459+0000] {processor.py:175} INFO - Processing /opt/airflow/dags/stock_intraday_transaction.py took 0.528 seconds
[2023-01-11T23:27:11.708+0000] {processor.py:153} INFO - Started process (PID=1113) to work on /opt/airflow/dags/stock_intraday_transaction.py
[2023-01-11T23:27:11.708+0000] {processor.py:743} INFO - Processing file /opt/airflow/dags/stock_intraday_transaction.py for tasks to queue
[2023-01-11T23:27:11.709+0000] {logging_mixin.py:137} INFO - [2023-01-11T23:27:11.709+0000] {dagbag.py:538} INFO - Filling up the DagBag from /opt/airflow/dags/stock_intraday_transaction.py
[2023-01-11T23:27:11.943+0000] {processor.py:753} INFO - DAG(s) dict_keys(['stock_intraday_transaction']) retrieved from /opt/airflow/dags/stock_intraday_transaction.py
[2023-01-11T23:27:11.974+0000] {logging_mixin.py:137} INFO - [2023-01-11T23:27:11.974+0000] {dag.py:2676} INFO - Sync 1 DAGs
[2023-01-11T23:27:11.998+0000] {logging_mixin.py:137} INFO - [2023-01-11T23:27:11.998+0000] {dag.py:3427} INFO - Setting next_dagrun for stock_intraday_transaction to 2023-01-10T00:00:00+00:00, run_after=2023-01-11T00:00:00+00:00
[2023-01-11T23:27:12.044+0000] {processor.py:175} INFO - Processing /opt/airflow/dags/stock_intraday_transaction.py took 0.339 seconds
[2023-01-11T23:27:42.607+0000] {processor.py:153} INFO - Started process (PID=1190) to work on /opt/airflow/dags/stock_intraday_transaction.py
[2023-01-11T23:27:42.663+0000] {processor.py:743} INFO - Processing file /opt/airflow/dags/stock_intraday_transaction.py for tasks to queue
[2023-01-11T23:27:42.664+0000] {logging_mixin.py:137} INFO - [2023-01-11T23:27:42.664+0000] {dagbag.py:538} INFO - Filling up the DagBag from /opt/airflow/dags/stock_intraday_transaction.py
[2023-01-11T23:27:43.064+0000] {processor.py:753} INFO - DAG(s) dict_keys(['stock_intraday_transaction']) retrieved from /opt/airflow/dags/stock_intraday_transaction.py
[2023-01-11T23:27:43.100+0000] {logging_mixin.py:137} INFO - [2023-01-11T23:27:43.100+0000] {dag.py:2676} INFO - Sync 1 DAGs
[2023-01-11T23:27:43.129+0000] {logging_mixin.py:137} INFO - [2023-01-11T23:27:43.128+0000] {dag.py:3427} INFO - Setting next_dagrun for stock_intraday_transaction to 2023-01-10T00:00:00+00:00, run_after=2023-01-11T00:00:00+00:00
[2023-01-11T23:27:43.247+0000] {processor.py:175} INFO - Processing /opt/airflow/dags/stock_intraday_transaction.py took 0.643 seconds
[2023-01-11T23:28:13.402+0000] {processor.py:153} INFO - Started process (PID=1269) to work on /opt/airflow/dags/stock_intraday_transaction.py
[2023-01-11T23:28:13.402+0000] {processor.py:743} INFO - Processing file /opt/airflow/dags/stock_intraday_transaction.py for tasks to queue
[2023-01-11T23:28:13.403+0000] {logging_mixin.py:137} INFO - [2023-01-11T23:28:13.403+0000] {dagbag.py:538} INFO - Filling up the DagBag from /opt/airflow/dags/stock_intraday_transaction.py
[2023-01-11T23:28:13.679+0000] {processor.py:753} INFO - DAG(s) dict_keys(['stock_intraday_transaction']) retrieved from /opt/airflow/dags/stock_intraday_transaction.py
[2023-01-11T23:28:13.714+0000] {logging_mixin.py:137} INFO - [2023-01-11T23:28:13.713+0000] {dag.py:2676} INFO - Sync 1 DAGs
[2023-01-11T23:28:13.747+0000] {logging_mixin.py:137} INFO - [2023-01-11T23:28:13.746+0000] {dag.py:3427} INFO - Setting next_dagrun for stock_intraday_transaction to 2023-01-10T00:00:00+00:00, run_after=2023-01-11T00:00:00+00:00
[2023-01-11T23:28:13.814+0000] {processor.py:175} INFO - Processing /opt/airflow/dags/stock_intraday_transaction.py took 0.416 seconds
[2023-01-11T23:28:43.927+0000] {processor.py:153} INFO - Started process (PID=1337) to work on /opt/airflow/dags/stock_intraday_transaction.py
[2023-01-11T23:28:43.970+0000] {processor.py:743} INFO - Processing file /opt/airflow/dags/stock_intraday_transaction.py for tasks to queue
[2023-01-11T23:28:43.971+0000] {logging_mixin.py:137} INFO - [2023-01-11T23:28:43.971+0000] {dagbag.py:538} INFO - Filling up the DagBag from /opt/airflow/dags/stock_intraday_transaction.py
[2023-01-11T23:28:44.307+0000] {processor.py:753} INFO - DAG(s) dict_keys(['stock_intraday_transaction']) retrieved from /opt/airflow/dags/stock_intraday_transaction.py
[2023-01-11T23:28:44.340+0000] {logging_mixin.py:137} INFO - [2023-01-11T23:28:44.339+0000] {dag.py:2676} INFO - Sync 1 DAGs
[2023-01-11T23:28:44.364+0000] {logging_mixin.py:137} INFO - [2023-01-11T23:28:44.364+0000] {dag.py:3427} INFO - Setting next_dagrun for stock_intraday_transaction to 2023-01-10T00:00:00+00:00, run_after=2023-01-11T00:00:00+00:00
[2023-01-11T23:28:44.405+0000] {processor.py:175} INFO - Processing /opt/airflow/dags/stock_intraday_transaction.py took 0.480 seconds
[2023-01-11T23:29:14.791+0000] {processor.py:153} INFO - Started process (PID=1425) to work on /opt/airflow/dags/stock_intraday_transaction.py
[2023-01-11T23:29:14.791+0000] {processor.py:743} INFO - Processing file /opt/airflow/dags/stock_intraday_transaction.py for tasks to queue
[2023-01-11T23:29:14.792+0000] {logging_mixin.py:137} INFO - [2023-01-11T23:29:14.792+0000] {dagbag.py:538} INFO - Filling up the DagBag from /opt/airflow/dags/stock_intraday_transaction.py
[2023-01-11T23:29:15.036+0000] {processor.py:753} INFO - DAG(s) dict_keys(['stock_intraday_transaction']) retrieved from /opt/airflow/dags/stock_intraday_transaction.py
[2023-01-11T23:29:15.064+0000] {logging_mixin.py:137} INFO - [2023-01-11T23:29:15.064+0000] {dag.py:2676} INFO - Sync 1 DAGs
[2023-01-11T23:29:15.086+0000] {logging_mixin.py:137} INFO - [2023-01-11T23:29:15.086+0000] {dag.py:3427} INFO - Setting next_dagrun for stock_intraday_transaction to 2023-01-10T00:00:00+00:00, run_after=2023-01-11T00:00:00+00:00
[2023-01-11T23:29:15.225+0000] {processor.py:175} INFO - Processing /opt/airflow/dags/stock_intraday_transaction.py took 0.436 seconds
[2023-01-11T23:29:45.774+0000] {processor.py:153} INFO - Started process (PID=1493) to work on /opt/airflow/dags/stock_intraday_transaction.py
[2023-01-11T23:29:45.946+0000] {processor.py:743} INFO - Processing file /opt/airflow/dags/stock_intraday_transaction.py for tasks to queue
[2023-01-11T23:29:45.947+0000] {logging_mixin.py:137} INFO - [2023-01-11T23:29:45.947+0000] {dagbag.py:538} INFO - Filling up the DagBag from /opt/airflow/dags/stock_intraday_transaction.py
[2023-01-11T23:29:46.194+0000] {processor.py:753} INFO - DAG(s) dict_keys(['stock_intraday_transaction']) retrieved from /opt/airflow/dags/stock_intraday_transaction.py
[2023-01-11T23:29:46.236+0000] {logging_mixin.py:137} INFO - [2023-01-11T23:29:46.235+0000] {dag.py:2676} INFO - Sync 1 DAGs
[2023-01-11T23:29:46.274+0000] {logging_mixin.py:137} INFO - [2023-01-11T23:29:46.274+0000] {dag.py:3427} INFO - Setting next_dagrun for stock_intraday_transaction to 2023-01-10T00:00:00+00:00, run_after=2023-01-11T00:00:00+00:00
[2023-01-11T23:29:46.427+0000] {processor.py:175} INFO - Processing /opt/airflow/dags/stock_intraday_transaction.py took 0.658 seconds
[2023-01-11T23:30:16.497+0000] {processor.py:153} INFO - Started process (PID=1561) to work on /opt/airflow/dags/stock_intraday_transaction.py
[2023-01-11T23:30:16.497+0000] {processor.py:743} INFO - Processing file /opt/airflow/dags/stock_intraday_transaction.py for tasks to queue
[2023-01-11T23:30:16.498+0000] {logging_mixin.py:137} INFO - [2023-01-11T23:30:16.498+0000] {dagbag.py:538} INFO - Filling up the DagBag from /opt/airflow/dags/stock_intraday_transaction.py
[2023-01-11T23:30:16.777+0000] {processor.py:753} INFO - DAG(s) dict_keys(['stock_intraday_transaction']) retrieved from /opt/airflow/dags/stock_intraday_transaction.py
[2023-01-11T23:30:16.809+0000] {logging_mixin.py:137} INFO - [2023-01-11T23:30:16.809+0000] {dag.py:2676} INFO - Sync 1 DAGs
[2023-01-11T23:30:16.835+0000] {logging_mixin.py:137} INFO - [2023-01-11T23:30:16.834+0000] {dag.py:3427} INFO - Setting next_dagrun for stock_intraday_transaction to 2023-01-10T00:00:00+00:00, run_after=2023-01-11T00:00:00+00:00
[2023-01-11T23:30:16.904+0000] {processor.py:175} INFO - Processing /opt/airflow/dags/stock_intraday_transaction.py took 0.410 seconds
[2023-01-11T23:30:47.366+0000] {processor.py:153} INFO - Started process (PID=1649) to work on /opt/airflow/dags/stock_intraday_transaction.py
[2023-01-11T23:30:47.366+0000] {processor.py:743} INFO - Processing file /opt/airflow/dags/stock_intraday_transaction.py for tasks to queue
[2023-01-11T23:30:47.367+0000] {logging_mixin.py:137} INFO - [2023-01-11T23:30:47.367+0000] {dagbag.py:538} INFO - Filling up the DagBag from /opt/airflow/dags/stock_intraday_transaction.py
[2023-01-11T23:30:47.611+0000] {processor.py:753} INFO - DAG(s) dict_keys(['stock_intraday_transaction']) retrieved from /opt/airflow/dags/stock_intraday_transaction.py
[2023-01-11T23:30:47.639+0000] {logging_mixin.py:137} INFO - [2023-01-11T23:30:47.639+0000] {dag.py:2676} INFO - Sync 1 DAGs
[2023-01-11T23:30:47.661+0000] {logging_mixin.py:137} INFO - [2023-01-11T23:30:47.661+0000] {dag.py:3427} INFO - Setting next_dagrun for stock_intraday_transaction to 2023-01-10T00:00:00+00:00, run_after=2023-01-11T00:00:00+00:00
[2023-01-11T23:30:47.878+0000] {processor.py:175} INFO - Processing /opt/airflow/dags/stock_intraday_transaction.py took 0.514 seconds
[2023-01-11T23:31:18.115+0000] {processor.py:153} INFO - Started process (PID=1718) to work on /opt/airflow/dags/stock_intraday_transaction.py
[2023-01-11T23:31:18.116+0000] {processor.py:743} INFO - Processing file /opt/airflow/dags/stock_intraday_transaction.py for tasks to queue
[2023-01-11T23:31:18.116+0000] {logging_mixin.py:137} INFO - [2023-01-11T23:31:18.116+0000] {dagbag.py:538} INFO - Filling up the DagBag from /opt/airflow/dags/stock_intraday_transaction.py
[2023-01-11T23:31:18.361+0000] {processor.py:753} INFO - DAG(s) dict_keys(['stock_intraday_transaction']) retrieved from /opt/airflow/dags/stock_intraday_transaction.py
[2023-01-11T23:31:18.390+0000] {logging_mixin.py:137} INFO - [2023-01-11T23:31:18.390+0000] {dag.py:2676} INFO - Sync 1 DAGs
[2023-01-11T23:31:18.412+0000] {logging_mixin.py:137} INFO - [2023-01-11T23:31:18.412+0000] {dag.py:3427} INFO - Setting next_dagrun for stock_intraday_transaction to 2023-01-10T00:00:00+00:00, run_after=2023-01-11T00:00:00+00:00
[2023-01-11T23:31:18.511+0000] {processor.py:175} INFO - Processing /opt/airflow/dags/stock_intraday_transaction.py took 0.398 seconds
[2023-01-11T23:31:48.844+0000] {processor.py:153} INFO - Started process (PID=1806) to work on /opt/airflow/dags/stock_intraday_transaction.py
[2023-01-11T23:31:48.844+0000] {processor.py:743} INFO - Processing file /opt/airflow/dags/stock_intraday_transaction.py for tasks to queue
[2023-01-11T23:31:48.845+0000] {logging_mixin.py:137} INFO - [2023-01-11T23:31:48.845+0000] {dagbag.py:538} INFO - Filling up the DagBag from /opt/airflow/dags/stock_intraday_transaction.py
[2023-01-11T23:31:49.077+0000] {processor.py:753} INFO - DAG(s) dict_keys(['stock_intraday_transaction']) retrieved from /opt/airflow/dags/stock_intraday_transaction.py
[2023-01-11T23:31:49.106+0000] {logging_mixin.py:137} INFO - [2023-01-11T23:31:49.106+0000] {dag.py:2676} INFO - Sync 1 DAGs
[2023-01-11T23:31:49.128+0000] {logging_mixin.py:137} INFO - [2023-01-11T23:31:49.128+0000] {dag.py:3427} INFO - Setting next_dagrun for stock_intraday_transaction to 2023-01-10T00:00:00+00:00, run_after=2023-01-11T00:00:00+00:00
[2023-01-11T23:31:49.233+0000] {processor.py:175} INFO - Processing /opt/airflow/dags/stock_intraday_transaction.py took 0.392 seconds
[2023-01-11T23:32:19.731+0000] {processor.py:153} INFO - Started process (PID=1874) to work on /opt/airflow/dags/stock_intraday_transaction.py
[2023-01-11T23:32:19.735+0000] {processor.py:743} INFO - Processing file /opt/airflow/dags/stock_intraday_transaction.py for tasks to queue
[2023-01-11T23:32:19.736+0000] {logging_mixin.py:137} INFO - [2023-01-11T23:32:19.736+0000] {dagbag.py:538} INFO - Filling up the DagBag from /opt/airflow/dags/stock_intraday_transaction.py
[2023-01-11T23:32:19.999+0000] {processor.py:753} INFO - DAG(s) dict_keys(['stock_intraday_transaction']) retrieved from /opt/airflow/dags/stock_intraday_transaction.py
[2023-01-11T23:32:20.029+0000] {logging_mixin.py:137} INFO - [2023-01-11T23:32:20.028+0000] {dag.py:2676} INFO - Sync 1 DAGs
[2023-01-11T23:32:20.053+0000] {logging_mixin.py:137} INFO - [2023-01-11T23:32:20.052+0000] {dag.py:3427} INFO - Setting next_dagrun for stock_intraday_transaction to 2023-01-10T00:00:00+00:00, run_after=2023-01-11T00:00:00+00:00
[2023-01-11T23:32:20.203+0000] {processor.py:175} INFO - Processing /opt/airflow/dags/stock_intraday_transaction.py took 0.475 seconds
[2023-01-11T23:32:50.249+0000] {processor.py:153} INFO - Started process (PID=1962) to work on /opt/airflow/dags/stock_intraday_transaction.py
[2023-01-11T23:32:50.249+0000] {processor.py:743} INFO - Processing file /opt/airflow/dags/stock_intraday_transaction.py for tasks to queue
[2023-01-11T23:32:50.250+0000] {logging_mixin.py:137} INFO - [2023-01-11T23:32:50.250+0000] {dagbag.py:538} INFO - Filling up the DagBag from /opt/airflow/dags/stock_intraday_transaction.py
[2023-01-11T23:32:50.502+0000] {processor.py:753} INFO - DAG(s) dict_keys(['stock_intraday_transaction']) retrieved from /opt/airflow/dags/stock_intraday_transaction.py
[2023-01-11T23:32:50.536+0000] {logging_mixin.py:137} INFO - [2023-01-11T23:32:50.536+0000] {dag.py:2676} INFO - Sync 1 DAGs
[2023-01-11T23:32:50.563+0000] {logging_mixin.py:137} INFO - [2023-01-11T23:32:50.563+0000] {dag.py:3427} INFO - Setting next_dagrun for stock_intraday_transaction to 2023-01-10T00:00:00+00:00, run_after=2023-01-11T00:00:00+00:00
[2023-01-11T23:32:50.613+0000] {processor.py:175} INFO - Processing /opt/airflow/dags/stock_intraday_transaction.py took 0.368 seconds
