[2023-01-11T13:29:17.884+0000] {processor.py:153} INFO - Started process (PID=116) to work on /opt/airflow/dags/valuation_rating.py
[2023-01-11T13:29:17.885+0000] {processor.py:743} INFO - Processing file /opt/airflow/dags/valuation_rating.py for tasks to queue
[2023-01-11T13:29:17.885+0000] {logging_mixin.py:137} INFO - [2023-01-11T13:29:17.885+0000] {dagbag.py:538} INFO - Filling up the DagBag from /opt/airflow/dags/valuation_rating.py
[2023-01-11T13:29:18.116+0000] {processor.py:753} INFO - DAG(s) dict_keys(['valuation_rating_v3']) retrieved from /opt/airflow/dags/valuation_rating.py
[2023-01-11T13:29:18.472+0000] {logging_mixin.py:137} INFO - [2023-01-11T13:29:18.472+0000] {manager.py:504} INFO - Created Permission View: can read on DAG:valuation_rating_v3
[2023-01-11T13:29:18.586+0000] {logging_mixin.py:137} INFO - [2023-01-11T13:29:18.586+0000] {manager.py:504} INFO - Created Permission View: can edit on DAG:valuation_rating_v3
[2023-01-11T13:29:18.657+0000] {logging_mixin.py:137} INFO - [2023-01-11T13:29:18.657+0000] {manager.py:504} INFO - Created Permission View: can delete on DAG:valuation_rating_v3
[2023-01-11T13:29:18.658+0000] {logging_mixin.py:137} INFO - [2023-01-11T13:29:18.658+0000] {dag.py:2676} INFO - Sync 1 DAGs
[2023-01-11T13:29:18.670+0000] {logging_mixin.py:137} INFO - [2023-01-11T13:29:18.669+0000] {dag.py:2697} INFO - Creating ORM DAG for valuation_rating_v3
[2023-01-11T13:29:18.680+0000] {logging_mixin.py:137} INFO - [2023-01-11T13:29:18.680+0000] {dag.py:3427} INFO - Setting next_dagrun for valuation_rating_v3 to 2023-02-01T10:00:00+00:00, run_after=2023-05-01T10:00:00+00:00
[2023-01-11T13:29:18.758+0000] {processor.py:175} INFO - Processing /opt/airflow/dags/valuation_rating.py took 0.876 seconds
[2023-01-11T13:29:49.203+0000] {processor.py:153} INFO - Started process (PID=204) to work on /opt/airflow/dags/valuation_rating.py
[2023-01-11T13:29:49.216+0000] {processor.py:743} INFO - Processing file /opt/airflow/dags/valuation_rating.py for tasks to queue
[2023-01-11T13:29:49.217+0000] {logging_mixin.py:137} INFO - [2023-01-11T13:29:49.217+0000] {dagbag.py:538} INFO - Filling up the DagBag from /opt/airflow/dags/valuation_rating.py
[2023-01-11T13:29:49.698+0000] {processor.py:753} INFO - DAG(s) dict_keys(['valuation_rating_v3']) retrieved from /opt/airflow/dags/valuation_rating.py
[2023-01-11T13:29:49.761+0000] {logging_mixin.py:137} INFO - [2023-01-11T13:29:49.760+0000] {dag.py:2676} INFO - Sync 1 DAGs
[2023-01-11T13:29:49.811+0000] {logging_mixin.py:137} INFO - [2023-01-11T13:29:49.810+0000] {dag.py:3427} INFO - Setting next_dagrun for valuation_rating_v3 to 2023-02-01T10:00:00+00:00, run_after=2023-05-01T10:00:00+00:00
[2023-01-11T13:29:49.866+0000] {processor.py:175} INFO - Processing /opt/airflow/dags/valuation_rating.py took 0.667 seconds
[2023-01-11T13:30:20.691+0000] {processor.py:153} INFO - Started process (PID=272) to work on /opt/airflow/dags/valuation_rating.py
[2023-01-11T13:30:20.691+0000] {processor.py:743} INFO - Processing file /opt/airflow/dags/valuation_rating.py for tasks to queue
[2023-01-11T13:30:20.692+0000] {logging_mixin.py:137} INFO - [2023-01-11T13:30:20.692+0000] {dagbag.py:538} INFO - Filling up the DagBag from /opt/airflow/dags/valuation_rating.py
[2023-01-11T13:30:20.946+0000] {processor.py:753} INFO - DAG(s) dict_keys(['valuation_rating_v3']) retrieved from /opt/airflow/dags/valuation_rating.py
[2023-01-11T13:30:20.979+0000] {logging_mixin.py:137} INFO - [2023-01-11T13:30:20.979+0000] {dag.py:2676} INFO - Sync 1 DAGs
[2023-01-11T13:30:21.016+0000] {logging_mixin.py:137} INFO - [2023-01-11T13:30:21.016+0000] {dag.py:3427} INFO - Setting next_dagrun for valuation_rating_v3 to 2023-02-01T10:00:00+00:00, run_after=2023-05-01T10:00:00+00:00
[2023-01-11T13:30:21.072+0000] {processor.py:175} INFO - Processing /opt/airflow/dags/valuation_rating.py took 0.384 seconds
[2023-01-11T13:30:51.885+0000] {processor.py:153} INFO - Started process (PID=360) to work on /opt/airflow/dags/valuation_rating.py
[2023-01-11T13:30:51.886+0000] {processor.py:743} INFO - Processing file /opt/airflow/dags/valuation_rating.py for tasks to queue
[2023-01-11T13:30:51.887+0000] {logging_mixin.py:137} INFO - [2023-01-11T13:30:51.887+0000] {dagbag.py:538} INFO - Filling up the DagBag from /opt/airflow/dags/valuation_rating.py
[2023-01-11T13:30:52.213+0000] {processor.py:753} INFO - DAG(s) dict_keys(['valuation_rating_v3']) retrieved from /opt/airflow/dags/valuation_rating.py
[2023-01-11T13:30:52.250+0000] {logging_mixin.py:137} INFO - [2023-01-11T13:30:52.250+0000] {dag.py:2676} INFO - Sync 1 DAGs
[2023-01-11T13:30:52.279+0000] {logging_mixin.py:137} INFO - [2023-01-11T13:30:52.279+0000] {dag.py:3427} INFO - Setting next_dagrun for valuation_rating_v3 to 2023-02-01T10:00:00+00:00, run_after=2023-05-01T10:00:00+00:00
[2023-01-11T13:30:52.346+0000] {processor.py:175} INFO - Processing /opt/airflow/dags/valuation_rating.py took 0.464 seconds
[2023-01-11T13:31:22.386+0000] {processor.py:153} INFO - Started process (PID=428) to work on /opt/airflow/dags/valuation_rating.py
[2023-01-11T13:31:22.387+0000] {processor.py:743} INFO - Processing file /opt/airflow/dags/valuation_rating.py for tasks to queue
[2023-01-11T13:31:22.388+0000] {logging_mixin.py:137} INFO - [2023-01-11T13:31:22.388+0000] {dagbag.py:538} INFO - Filling up the DagBag from /opt/airflow/dags/valuation_rating.py
[2023-01-11T13:31:22.650+0000] {processor.py:753} INFO - DAG(s) dict_keys(['valuation_rating_v3']) retrieved from /opt/airflow/dags/valuation_rating.py
[2023-01-11T13:31:22.685+0000] {logging_mixin.py:137} INFO - [2023-01-11T13:31:22.684+0000] {dag.py:2676} INFO - Sync 1 DAGs
[2023-01-11T13:31:22.712+0000] {logging_mixin.py:137} INFO - [2023-01-11T13:31:22.712+0000] {dag.py:3427} INFO - Setting next_dagrun for valuation_rating_v3 to 2023-02-01T10:00:00+00:00, run_after=2023-05-01T10:00:00+00:00
[2023-01-11T13:31:22.797+0000] {processor.py:175} INFO - Processing /opt/airflow/dags/valuation_rating.py took 0.413 seconds
[2023-01-11T13:31:52.865+0000] {processor.py:153} INFO - Started process (PID=496) to work on /opt/airflow/dags/valuation_rating.py
[2023-01-11T13:31:52.866+0000] {processor.py:743} INFO - Processing file /opt/airflow/dags/valuation_rating.py for tasks to queue
[2023-01-11T13:31:52.866+0000] {logging_mixin.py:137} INFO - [2023-01-11T13:31:52.866+0000] {dagbag.py:538} INFO - Filling up the DagBag from /opt/airflow/dags/valuation_rating.py
[2023-01-11T13:31:53.125+0000] {processor.py:753} INFO - DAG(s) dict_keys(['valuation_rating_v3']) retrieved from /opt/airflow/dags/valuation_rating.py
[2023-01-11T13:31:53.158+0000] {logging_mixin.py:137} INFO - [2023-01-11T13:31:53.157+0000] {dag.py:2676} INFO - Sync 1 DAGs
[2023-01-11T13:31:53.185+0000] {logging_mixin.py:137} INFO - [2023-01-11T13:31:53.184+0000] {dag.py:3427} INFO - Setting next_dagrun for valuation_rating_v3 to 2023-02-01T10:00:00+00:00, run_after=2023-05-01T10:00:00+00:00
[2023-01-11T13:31:53.250+0000] {processor.py:175} INFO - Processing /opt/airflow/dags/valuation_rating.py took 0.387 seconds
[2023-01-11T13:32:23.841+0000] {processor.py:153} INFO - Started process (PID=585) to work on /opt/airflow/dags/valuation_rating.py
[2023-01-11T13:32:23.903+0000] {processor.py:743} INFO - Processing file /opt/airflow/dags/valuation_rating.py for tasks to queue
[2023-01-11T13:32:23.904+0000] {logging_mixin.py:137} INFO - [2023-01-11T13:32:23.904+0000] {dagbag.py:538} INFO - Filling up the DagBag from /opt/airflow/dags/valuation_rating.py
[2023-01-11T13:32:24.182+0000] {processor.py:753} INFO - DAG(s) dict_keys(['valuation_rating_v3']) retrieved from /opt/airflow/dags/valuation_rating.py
[2023-01-11T13:32:24.217+0000] {logging_mixin.py:137} INFO - [2023-01-11T13:32:24.217+0000] {dag.py:2676} INFO - Sync 1 DAGs
[2023-01-11T13:32:24.246+0000] {logging_mixin.py:137} INFO - [2023-01-11T13:32:24.246+0000] {dag.py:3427} INFO - Setting next_dagrun for valuation_rating_v3 to 2023-02-01T10:00:00+00:00, run_after=2023-05-01T10:00:00+00:00
[2023-01-11T13:32:24.300+0000] {processor.py:175} INFO - Processing /opt/airflow/dags/valuation_rating.py took 0.461 seconds
[2023-01-11T13:32:54.780+0000] {processor.py:153} INFO - Started process (PID=653) to work on /opt/airflow/dags/valuation_rating.py
[2023-01-11T13:32:54.790+0000] {processor.py:743} INFO - Processing file /opt/airflow/dags/valuation_rating.py for tasks to queue
[2023-01-11T13:32:54.791+0000] {logging_mixin.py:137} INFO - [2023-01-11T13:32:54.790+0000] {dagbag.py:538} INFO - Filling up the DagBag from /opt/airflow/dags/valuation_rating.py
[2023-01-11T13:32:55.044+0000] {processor.py:753} INFO - DAG(s) dict_keys(['valuation_rating_v3']) retrieved from /opt/airflow/dags/valuation_rating.py
[2023-01-11T13:32:55.074+0000] {logging_mixin.py:137} INFO - [2023-01-11T13:32:55.074+0000] {dag.py:2676} INFO - Sync 1 DAGs
[2023-01-11T13:32:55.098+0000] {logging_mixin.py:137} INFO - [2023-01-11T13:32:55.098+0000] {dag.py:3427} INFO - Setting next_dagrun for valuation_rating_v3 to 2023-02-01T10:00:00+00:00, run_after=2023-05-01T10:00:00+00:00
[2023-01-11T13:32:55.217+0000] {processor.py:175} INFO - Processing /opt/airflow/dags/valuation_rating.py took 0.439 seconds
[2023-01-11T13:33:26.152+0000] {processor.py:153} INFO - Started process (PID=741) to work on /opt/airflow/dags/valuation_rating.py
[2023-01-11T13:33:26.208+0000] {processor.py:743} INFO - Processing file /opt/airflow/dags/valuation_rating.py for tasks to queue
[2023-01-11T13:33:26.209+0000] {logging_mixin.py:137} INFO - [2023-01-11T13:33:26.208+0000] {dagbag.py:538} INFO - Filling up the DagBag from /opt/airflow/dags/valuation_rating.py
[2023-01-11T13:33:26.477+0000] {processor.py:753} INFO - DAG(s) dict_keys(['valuation_rating_v3']) retrieved from /opt/airflow/dags/valuation_rating.py
[2023-01-11T13:33:26.517+0000] {logging_mixin.py:137} INFO - [2023-01-11T13:33:26.516+0000] {dag.py:2676} INFO - Sync 1 DAGs
[2023-01-11T13:33:26.544+0000] {logging_mixin.py:137} INFO - [2023-01-11T13:33:26.544+0000] {dag.py:3427} INFO - Setting next_dagrun for valuation_rating_v3 to 2023-02-01T10:00:00+00:00, run_after=2023-05-01T10:00:00+00:00
[2023-01-11T13:33:26.634+0000] {processor.py:175} INFO - Processing /opt/airflow/dags/valuation_rating.py took 0.485 seconds
[2023-01-11T13:33:57.485+0000] {processor.py:153} INFO - Started process (PID=809) to work on /opt/airflow/dags/valuation_rating.py
[2023-01-11T13:33:57.485+0000] {processor.py:743} INFO - Processing file /opt/airflow/dags/valuation_rating.py for tasks to queue
[2023-01-11T13:33:57.486+0000] {logging_mixin.py:137} INFO - [2023-01-11T13:33:57.486+0000] {dagbag.py:538} INFO - Filling up the DagBag from /opt/airflow/dags/valuation_rating.py
[2023-01-11T13:33:57.866+0000] {processor.py:753} INFO - DAG(s) dict_keys(['valuation_rating_v3']) retrieved from /opt/airflow/dags/valuation_rating.py
[2023-01-11T13:33:57.901+0000] {logging_mixin.py:137} INFO - [2023-01-11T13:33:57.901+0000] {dag.py:2676} INFO - Sync 1 DAGs
[2023-01-11T13:33:57.928+0000] {logging_mixin.py:137} INFO - [2023-01-11T13:33:57.928+0000] {dag.py:3427} INFO - Setting next_dagrun for valuation_rating_v3 to 2023-02-01T10:00:00+00:00, run_after=2023-05-01T10:00:00+00:00
[2023-01-11T13:33:57.996+0000] {processor.py:175} INFO - Processing /opt/airflow/dags/valuation_rating.py took 0.514 seconds
[2023-01-11T13:34:28.403+0000] {processor.py:153} INFO - Started process (PID=898) to work on /opt/airflow/dags/valuation_rating.py
[2023-01-11T13:34:28.404+0000] {processor.py:743} INFO - Processing file /opt/airflow/dags/valuation_rating.py for tasks to queue
[2023-01-11T13:34:28.404+0000] {logging_mixin.py:137} INFO - [2023-01-11T13:34:28.404+0000] {dagbag.py:538} INFO - Filling up the DagBag from /opt/airflow/dags/valuation_rating.py
[2023-01-11T13:34:28.678+0000] {processor.py:753} INFO - DAG(s) dict_keys(['valuation_rating_v3']) retrieved from /opt/airflow/dags/valuation_rating.py
[2023-01-11T13:34:28.710+0000] {logging_mixin.py:137} INFO - [2023-01-11T13:34:28.710+0000] {dag.py:2676} INFO - Sync 1 DAGs
[2023-01-11T13:34:28.737+0000] {logging_mixin.py:137} INFO - [2023-01-11T13:34:28.737+0000] {dag.py:3427} INFO - Setting next_dagrun for valuation_rating_v3 to 2023-02-01T10:00:00+00:00, run_after=2023-05-01T10:00:00+00:00
[2023-01-11T13:34:28.800+0000] {processor.py:175} INFO - Processing /opt/airflow/dags/valuation_rating.py took 0.400 seconds
[2023-01-11T13:36:34.781+0000] {processor.py:153} INFO - Started process (PID=95) to work on /opt/airflow/dags/valuation_rating.py
[2023-01-11T13:36:34.782+0000] {processor.py:743} INFO - Processing file /opt/airflow/dags/valuation_rating.py for tasks to queue
[2023-01-11T13:36:34.783+0000] {logging_mixin.py:137} INFO - [2023-01-11T13:36:34.782+0000] {dagbag.py:538} INFO - Filling up the DagBag from /opt/airflow/dags/valuation_rating.py
[2023-01-11T13:36:35.216+0000] {processor.py:753} INFO - DAG(s) dict_keys(['valuation_rating_v3']) retrieved from /opt/airflow/dags/valuation_rating.py
[2023-01-11T13:36:35.352+0000] {logging_mixin.py:137} INFO - [2023-01-11T13:36:35.351+0000] {dag.py:2676} INFO - Sync 1 DAGs
[2023-01-11T13:36:35.400+0000] {logging_mixin.py:137} INFO - [2023-01-11T13:36:35.400+0000] {dag.py:3427} INFO - Setting next_dagrun for valuation_rating_v3 to 2023-02-01T10:00:00+00:00, run_after=2023-05-01T10:00:00+00:00
[2023-01-11T13:36:35.455+0000] {processor.py:175} INFO - Processing /opt/airflow/dags/valuation_rating.py took 0.677 seconds
[2023-01-11T13:37:05.881+0000] {processor.py:153} INFO - Started process (PID=163) to work on /opt/airflow/dags/valuation_rating.py
[2023-01-11T13:37:05.882+0000] {processor.py:743} INFO - Processing file /opt/airflow/dags/valuation_rating.py for tasks to queue
[2023-01-11T13:37:05.882+0000] {logging_mixin.py:137} INFO - [2023-01-11T13:37:05.882+0000] {dagbag.py:538} INFO - Filling up the DagBag from /opt/airflow/dags/valuation_rating.py
[2023-01-11T13:37:06.115+0000] {processor.py:753} INFO - DAG(s) dict_keys(['valuation_rating_v3']) retrieved from /opt/airflow/dags/valuation_rating.py
[2023-01-11T13:37:06.146+0000] {logging_mixin.py:137} INFO - [2023-01-11T13:37:06.146+0000] {dag.py:2676} INFO - Sync 1 DAGs
[2023-01-11T13:37:06.173+0000] {logging_mixin.py:137} INFO - [2023-01-11T13:37:06.173+0000] {dag.py:3427} INFO - Setting next_dagrun for valuation_rating_v3 to 2023-02-01T10:00:00+00:00, run_after=2023-05-01T10:00:00+00:00
[2023-01-11T13:37:06.236+0000] {processor.py:175} INFO - Processing /opt/airflow/dags/valuation_rating.py took 0.358 seconds
[2023-01-11T13:37:36.924+0000] {processor.py:153} INFO - Started process (PID=238) to work on /opt/airflow/dags/valuation_rating.py
[2023-01-11T13:37:36.937+0000] {processor.py:743} INFO - Processing file /opt/airflow/dags/valuation_rating.py for tasks to queue
[2023-01-11T13:37:36.937+0000] {logging_mixin.py:137} INFO - [2023-01-11T13:37:36.937+0000] {dagbag.py:538} INFO - Filling up the DagBag from /opt/airflow/dags/valuation_rating.py
[2023-01-11T13:37:37.293+0000] {processor.py:753} INFO - DAG(s) dict_keys(['valuation_rating_v3']) retrieved from /opt/airflow/dags/valuation_rating.py
[2023-01-11T13:37:37.355+0000] {logging_mixin.py:137} INFO - [2023-01-11T13:37:37.354+0000] {dag.py:2676} INFO - Sync 1 DAGs
[2023-01-11T13:37:37.421+0000] {logging_mixin.py:137} INFO - [2023-01-11T13:37:37.421+0000] {dag.py:3427} INFO - Setting next_dagrun for valuation_rating_v3 to 2023-02-01T10:00:00+00:00, run_after=2023-05-01T10:00:00+00:00
[2023-01-11T13:37:37.598+0000] {processor.py:175} INFO - Processing /opt/airflow/dags/valuation_rating.py took 0.677 seconds
[2023-01-11T13:38:07.643+0000] {processor.py:153} INFO - Started process (PID=317) to work on /opt/airflow/dags/valuation_rating.py
[2023-01-11T13:38:07.643+0000] {processor.py:743} INFO - Processing file /opt/airflow/dags/valuation_rating.py for tasks to queue
[2023-01-11T13:38:07.644+0000] {logging_mixin.py:137} INFO - [2023-01-11T13:38:07.644+0000] {dagbag.py:538} INFO - Filling up the DagBag from /opt/airflow/dags/valuation_rating.py
[2023-01-11T13:38:07.987+0000] {processor.py:753} INFO - DAG(s) dict_keys(['valuation_rating_v3']) retrieved from /opt/airflow/dags/valuation_rating.py
[2023-01-11T13:38:08.040+0000] {logging_mixin.py:137} INFO - [2023-01-11T13:38:08.039+0000] {dag.py:2676} INFO - Sync 1 DAGs
[2023-01-11T13:38:08.065+0000] {logging_mixin.py:137} INFO - [2023-01-11T13:38:08.065+0000] {dag.py:3427} INFO - Setting next_dagrun for valuation_rating_v3 to 2023-02-01T10:00:00+00:00, run_after=2023-05-01T10:00:00+00:00
[2023-01-11T13:38:08.108+0000] {processor.py:175} INFO - Processing /opt/airflow/dags/valuation_rating.py took 0.468 seconds
[2023-01-11T13:40:06.901+0000] {processor.py:153} INFO - Started process (PID=75) to work on /opt/airflow/dags/valuation_rating.py
[2023-01-11T13:40:06.903+0000] {processor.py:743} INFO - Processing file /opt/airflow/dags/valuation_rating.py for tasks to queue
[2023-01-11T13:40:06.904+0000] {logging_mixin.py:137} INFO - [2023-01-11T13:40:06.903+0000] {dagbag.py:538} INFO - Filling up the DagBag from /opt/airflow/dags/valuation_rating.py
[2023-01-11T13:40:07.254+0000] {processor.py:753} INFO - DAG(s) dict_keys(['valuation_rating_v3']) retrieved from /opt/airflow/dags/valuation_rating.py
[2023-01-11T13:40:07.332+0000] {logging_mixin.py:137} INFO - [2023-01-11T13:40:07.331+0000] {dag.py:2676} INFO - Sync 1 DAGs
[2023-01-11T13:40:07.360+0000] {logging_mixin.py:137} INFO - [2023-01-11T13:40:07.360+0000] {dag.py:3427} INFO - Setting next_dagrun for valuation_rating_v3 to 2023-02-01T10:00:00+00:00, run_after=2023-05-01T10:00:00+00:00
[2023-01-11T13:40:07.428+0000] {processor.py:175} INFO - Processing /opt/airflow/dags/valuation_rating.py took 0.530 seconds
[2023-01-11T13:40:37.560+0000] {processor.py:153} INFO - Started process (PID=143) to work on /opt/airflow/dags/valuation_rating.py
[2023-01-11T13:40:37.560+0000] {processor.py:743} INFO - Processing file /opt/airflow/dags/valuation_rating.py for tasks to queue
[2023-01-11T13:40:37.561+0000] {logging_mixin.py:137} INFO - [2023-01-11T13:40:37.561+0000] {dagbag.py:538} INFO - Filling up the DagBag from /opt/airflow/dags/valuation_rating.py
[2023-01-11T13:40:37.857+0000] {processor.py:753} INFO - DAG(s) dict_keys(['valuation_rating_v3']) retrieved from /opt/airflow/dags/valuation_rating.py
[2023-01-11T13:40:37.895+0000] {logging_mixin.py:137} INFO - [2023-01-11T13:40:37.894+0000] {dag.py:2676} INFO - Sync 1 DAGs
[2023-01-11T13:40:37.924+0000] {logging_mixin.py:137} INFO - [2023-01-11T13:40:37.924+0000] {dag.py:3427} INFO - Setting next_dagrun for valuation_rating_v3 to 2023-02-01T10:00:00+00:00, run_after=2023-05-01T10:00:00+00:00
[2023-01-11T13:40:37.992+0000] {processor.py:175} INFO - Processing /opt/airflow/dags/valuation_rating.py took 0.436 seconds
[2023-01-11T13:41:09.009+0000] {processor.py:153} INFO - Started process (PID=232) to work on /opt/airflow/dags/valuation_rating.py
[2023-01-11T13:41:09.010+0000] {processor.py:743} INFO - Processing file /opt/airflow/dags/valuation_rating.py for tasks to queue
[2023-01-11T13:41:09.010+0000] {logging_mixin.py:137} INFO - [2023-01-11T13:41:09.010+0000] {dagbag.py:538} INFO - Filling up the DagBag from /opt/airflow/dags/valuation_rating.py
[2023-01-11T13:41:09.370+0000] {processor.py:753} INFO - DAG(s) dict_keys(['valuation_rating_v3']) retrieved from /opt/airflow/dags/valuation_rating.py
[2023-01-11T13:41:09.413+0000] {logging_mixin.py:137} INFO - [2023-01-11T13:41:09.412+0000] {dag.py:2676} INFO - Sync 1 DAGs
[2023-01-11T13:41:09.439+0000] {logging_mixin.py:137} INFO - [2023-01-11T13:41:09.438+0000] {dag.py:3427} INFO - Setting next_dagrun for valuation_rating_v3 to 2023-02-01T10:00:00+00:00, run_after=2023-05-01T10:00:00+00:00
[2023-01-11T13:41:09.484+0000] {processor.py:175} INFO - Processing /opt/airflow/dags/valuation_rating.py took 0.478 seconds
[2023-01-11T13:41:40.028+0000] {processor.py:153} INFO - Started process (PID=299) to work on /opt/airflow/dags/valuation_rating.py
[2023-01-11T13:41:40.040+0000] {processor.py:743} INFO - Processing file /opt/airflow/dags/valuation_rating.py for tasks to queue
[2023-01-11T13:41:40.041+0000] {logging_mixin.py:137} INFO - [2023-01-11T13:41:40.041+0000] {dagbag.py:538} INFO - Filling up the DagBag from /opt/airflow/dags/valuation_rating.py
[2023-01-11T13:41:40.388+0000] {processor.py:753} INFO - DAG(s) dict_keys(['valuation_rating_v3']) retrieved from /opt/airflow/dags/valuation_rating.py
[2023-01-11T13:41:40.432+0000] {logging_mixin.py:137} INFO - [2023-01-11T13:41:40.432+0000] {dag.py:2676} INFO - Sync 1 DAGs
[2023-01-11T13:41:40.471+0000] {logging_mixin.py:137} INFO - [2023-01-11T13:41:40.471+0000] {dag.py:3427} INFO - Setting next_dagrun for valuation_rating_v3 to 2023-02-01T10:00:00+00:00, run_after=2023-05-01T10:00:00+00:00
[2023-01-11T13:41:40.544+0000] {processor.py:175} INFO - Processing /opt/airflow/dags/valuation_rating.py took 0.519 seconds
[2023-01-11T13:42:11.448+0000] {processor.py:153} INFO - Started process (PID=387) to work on /opt/airflow/dags/valuation_rating.py
[2023-01-11T13:42:11.457+0000] {processor.py:743} INFO - Processing file /opt/airflow/dags/valuation_rating.py for tasks to queue
[2023-01-11T13:42:11.457+0000] {logging_mixin.py:137} INFO - [2023-01-11T13:42:11.457+0000] {dagbag.py:538} INFO - Filling up the DagBag from /opt/airflow/dags/valuation_rating.py
[2023-01-11T13:42:11.720+0000] {processor.py:753} INFO - DAG(s) dict_keys(['valuation_rating_v3']) retrieved from /opt/airflow/dags/valuation_rating.py
[2023-01-11T13:42:11.765+0000] {logging_mixin.py:137} INFO - [2023-01-11T13:42:11.765+0000] {dag.py:2676} INFO - Sync 1 DAGs
[2023-01-11T13:42:11.806+0000] {logging_mixin.py:137} INFO - [2023-01-11T13:42:11.806+0000] {dag.py:3427} INFO - Setting next_dagrun for valuation_rating_v3 to 2023-02-01T10:00:00+00:00, run_after=2023-05-01T10:00:00+00:00
[2023-01-11T13:42:11.865+0000] {processor.py:175} INFO - Processing /opt/airflow/dags/valuation_rating.py took 0.421 seconds
[2023-01-11T13:42:42.432+0000] {processor.py:153} INFO - Started process (PID=455) to work on /opt/airflow/dags/valuation_rating.py
[2023-01-11T13:42:42.432+0000] {processor.py:743} INFO - Processing file /opt/airflow/dags/valuation_rating.py for tasks to queue
[2023-01-11T13:42:42.433+0000] {logging_mixin.py:137} INFO - [2023-01-11T13:42:42.433+0000] {dagbag.py:538} INFO - Filling up the DagBag from /opt/airflow/dags/valuation_rating.py
[2023-01-11T13:42:42.695+0000] {processor.py:753} INFO - DAG(s) dict_keys(['valuation_rating_v3']) retrieved from /opt/airflow/dags/valuation_rating.py
[2023-01-11T13:42:42.729+0000] {logging_mixin.py:137} INFO - [2023-01-11T13:42:42.729+0000] {dag.py:2676} INFO - Sync 1 DAGs
[2023-01-11T13:42:42.757+0000] {logging_mixin.py:137} INFO - [2023-01-11T13:42:42.757+0000] {dag.py:3427} INFO - Setting next_dagrun for valuation_rating_v3 to 2023-02-01T10:00:00+00:00, run_after=2023-05-01T10:00:00+00:00
[2023-01-11T13:42:42.799+0000] {processor.py:175} INFO - Processing /opt/airflow/dags/valuation_rating.py took 0.370 seconds
[2023-01-11T23:20:33.106+0000] {processor.py:153} INFO - Started process (PID=135) to work on /opt/airflow/dags/valuation_rating.py
[2023-01-11T23:20:33.312+0000] {processor.py:743} INFO - Processing file /opt/airflow/dags/valuation_rating.py for tasks to queue
[2023-01-11T23:20:33.313+0000] {logging_mixin.py:137} INFO - [2023-01-11T23:20:33.313+0000] {dagbag.py:538} INFO - Filling up the DagBag from /opt/airflow/dags/valuation_rating.py
[2023-01-11T23:20:33.601+0000] {processor.py:753} INFO - DAG(s) dict_keys(['valuation_rating_v3']) retrieved from /opt/airflow/dags/valuation_rating.py
[2023-01-11T23:20:33.682+0000] {logging_mixin.py:137} INFO - [2023-01-11T23:20:33.682+0000] {dag.py:2676} INFO - Sync 1 DAGs
[2023-01-11T23:20:33.709+0000] {logging_mixin.py:137} INFO - [2023-01-11T23:20:33.709+0000] {dag.py:3427} INFO - Setting next_dagrun for valuation_rating_v3 to 2023-02-01T10:00:00+00:00, run_after=2023-05-01T10:00:00+00:00
[2023-01-11T23:20:33.831+0000] {processor.py:175} INFO - Processing /opt/airflow/dags/valuation_rating.py took 0.727 seconds
[2023-01-11T23:21:04.230+0000] {processor.py:153} INFO - Started process (PID=203) to work on /opt/airflow/dags/valuation_rating.py
[2023-01-11T23:21:04.230+0000] {processor.py:743} INFO - Processing file /opt/airflow/dags/valuation_rating.py for tasks to queue
[2023-01-11T23:21:04.231+0000] {logging_mixin.py:137} INFO - [2023-01-11T23:21:04.231+0000] {dagbag.py:538} INFO - Filling up the DagBag from /opt/airflow/dags/valuation_rating.py
[2023-01-11T23:21:04.474+0000] {processor.py:753} INFO - DAG(s) dict_keys(['valuation_rating_v3']) retrieved from /opt/airflow/dags/valuation_rating.py
[2023-01-11T23:21:04.505+0000] {logging_mixin.py:137} INFO - [2023-01-11T23:21:04.505+0000] {dag.py:2676} INFO - Sync 1 DAGs
[2023-01-11T23:21:04.530+0000] {logging_mixin.py:137} INFO - [2023-01-11T23:21:04.530+0000] {dag.py:3427} INFO - Setting next_dagrun for valuation_rating_v3 to 2023-02-01T10:00:00+00:00, run_after=2023-05-01T10:00:00+00:00
[2023-01-11T23:21:04.613+0000] {processor.py:175} INFO - Processing /opt/airflow/dags/valuation_rating.py took 0.386 seconds
[2023-01-11T23:21:34.920+0000] {processor.py:153} INFO - Started process (PID=271) to work on /opt/airflow/dags/valuation_rating.py
[2023-01-11T23:21:34.974+0000] {processor.py:743} INFO - Processing file /opt/airflow/dags/valuation_rating.py for tasks to queue
[2023-01-11T23:21:34.975+0000] {logging_mixin.py:137} INFO - [2023-01-11T23:21:34.975+0000] {dagbag.py:538} INFO - Filling up the DagBag from /opt/airflow/dags/valuation_rating.py
[2023-01-11T23:21:35.229+0000] {processor.py:753} INFO - DAG(s) dict_keys(['valuation_rating_v3']) retrieved from /opt/airflow/dags/valuation_rating.py
[2023-01-11T23:21:35.267+0000] {logging_mixin.py:137} INFO - [2023-01-11T23:21:35.266+0000] {dag.py:2676} INFO - Sync 1 DAGs
[2023-01-11T23:21:35.292+0000] {logging_mixin.py:137} INFO - [2023-01-11T23:21:35.292+0000] {dag.py:3427} INFO - Setting next_dagrun for valuation_rating_v3 to 2023-02-01T10:00:00+00:00, run_after=2023-05-01T10:00:00+00:00
[2023-01-11T23:21:35.374+0000] {processor.py:175} INFO - Processing /opt/airflow/dags/valuation_rating.py took 0.456 seconds
[2023-01-11T23:22:05.668+0000] {processor.py:153} INFO - Started process (PID=359) to work on /opt/airflow/dags/valuation_rating.py
[2023-01-11T23:22:05.669+0000] {processor.py:743} INFO - Processing file /opt/airflow/dags/valuation_rating.py for tasks to queue
[2023-01-11T23:22:05.669+0000] {logging_mixin.py:137} INFO - [2023-01-11T23:22:05.669+0000] {dagbag.py:538} INFO - Filling up the DagBag from /opt/airflow/dags/valuation_rating.py
[2023-01-11T23:22:05.930+0000] {processor.py:753} INFO - DAG(s) dict_keys(['valuation_rating_v3']) retrieved from /opt/airflow/dags/valuation_rating.py
[2023-01-11T23:22:05.962+0000] {logging_mixin.py:137} INFO - [2023-01-11T23:22:05.961+0000] {dag.py:2676} INFO - Sync 1 DAGs
[2023-01-11T23:22:05.984+0000] {logging_mixin.py:137} INFO - [2023-01-11T23:22:05.984+0000] {dag.py:3427} INFO - Setting next_dagrun for valuation_rating_v3 to 2023-02-01T10:00:00+00:00, run_after=2023-05-01T10:00:00+00:00
[2023-01-11T23:22:06.024+0000] {processor.py:175} INFO - Processing /opt/airflow/dags/valuation_rating.py took 0.358 seconds
[2023-01-11T23:22:36.205+0000] {processor.py:153} INFO - Started process (PID=426) to work on /opt/airflow/dags/valuation_rating.py
[2023-01-11T23:22:36.212+0000] {processor.py:743} INFO - Processing file /opt/airflow/dags/valuation_rating.py for tasks to queue
[2023-01-11T23:22:36.222+0000] {logging_mixin.py:137} INFO - [2023-01-11T23:22:36.222+0000] {dagbag.py:538} INFO - Filling up the DagBag from /opt/airflow/dags/valuation_rating.py
[2023-01-11T23:22:36.484+0000] {processor.py:753} INFO - DAG(s) dict_keys(['valuation_rating_v3']) retrieved from /opt/airflow/dags/valuation_rating.py
[2023-01-11T23:22:36.517+0000] {logging_mixin.py:137} INFO - [2023-01-11T23:22:36.516+0000] {dag.py:2676} INFO - Sync 1 DAGs
[2023-01-11T23:22:36.542+0000] {logging_mixin.py:137} INFO - [2023-01-11T23:22:36.542+0000] {dag.py:3427} INFO - Setting next_dagrun for valuation_rating_v3 to 2023-02-01T10:00:00+00:00, run_after=2023-05-01T10:00:00+00:00
[2023-01-11T23:22:36.874+0000] {processor.py:175} INFO - Processing /opt/airflow/dags/valuation_rating.py took 0.671 seconds
[2023-01-11T23:23:06.936+0000] {processor.py:153} INFO - Started process (PID=514) to work on /opt/airflow/dags/valuation_rating.py
[2023-01-11T23:23:07.042+0000] {processor.py:743} INFO - Processing file /opt/airflow/dags/valuation_rating.py for tasks to queue
[2023-01-11T23:23:07.074+0000] {logging_mixin.py:137} INFO - [2023-01-11T23:23:07.074+0000] {dagbag.py:538} INFO - Filling up the DagBag from /opt/airflow/dags/valuation_rating.py
[2023-01-11T23:23:07.315+0000] {processor.py:753} INFO - DAG(s) dict_keys(['valuation_rating_v3']) retrieved from /opt/airflow/dags/valuation_rating.py
[2023-01-11T23:23:07.345+0000] {logging_mixin.py:137} INFO - [2023-01-11T23:23:07.344+0000] {dag.py:2676} INFO - Sync 1 DAGs
[2023-01-11T23:23:07.368+0000] {logging_mixin.py:137} INFO - [2023-01-11T23:23:07.368+0000] {dag.py:3427} INFO - Setting next_dagrun for valuation_rating_v3 to 2023-02-01T10:00:00+00:00, run_after=2023-05-01T10:00:00+00:00
[2023-01-11T23:23:07.421+0000] {processor.py:175} INFO - Processing /opt/airflow/dags/valuation_rating.py took 0.488 seconds
[2023-01-11T23:23:38.237+0000] {processor.py:153} INFO - Started process (PID=583) to work on /opt/airflow/dags/valuation_rating.py
[2023-01-11T23:23:38.247+0000] {processor.py:743} INFO - Processing file /opt/airflow/dags/valuation_rating.py for tasks to queue
[2023-01-11T23:23:38.248+0000] {logging_mixin.py:137} INFO - [2023-01-11T23:23:38.248+0000] {dagbag.py:538} INFO - Filling up the DagBag from /opt/airflow/dags/valuation_rating.py
[2023-01-11T23:23:38.566+0000] {processor.py:753} INFO - DAG(s) dict_keys(['valuation_rating_v3']) retrieved from /opt/airflow/dags/valuation_rating.py
[2023-01-11T23:23:38.600+0000] {logging_mixin.py:137} INFO - [2023-01-11T23:23:38.600+0000] {dag.py:2676} INFO - Sync 1 DAGs
[2023-01-11T23:23:38.633+0000] {logging_mixin.py:137} INFO - [2023-01-11T23:23:38.633+0000] {dag.py:3427} INFO - Setting next_dagrun for valuation_rating_v3 to 2023-02-01T10:00:00+00:00, run_after=2023-05-01T10:00:00+00:00
[2023-01-11T23:23:38.712+0000] {processor.py:175} INFO - Processing /opt/airflow/dags/valuation_rating.py took 0.477 seconds
[2023-01-11T23:24:09.068+0000] {processor.py:153} INFO - Started process (PID=671) to work on /opt/airflow/dags/valuation_rating.py
[2023-01-11T23:24:09.068+0000] {processor.py:743} INFO - Processing file /opt/airflow/dags/valuation_rating.py for tasks to queue
[2023-01-11T23:24:09.069+0000] {logging_mixin.py:137} INFO - [2023-01-11T23:24:09.069+0000] {dagbag.py:538} INFO - Filling up the DagBag from /opt/airflow/dags/valuation_rating.py
[2023-01-11T23:24:09.335+0000] {processor.py:753} INFO - DAG(s) dict_keys(['valuation_rating_v3']) retrieved from /opt/airflow/dags/valuation_rating.py
[2023-01-11T23:24:09.368+0000] {logging_mixin.py:137} INFO - [2023-01-11T23:24:09.368+0000] {dag.py:2676} INFO - Sync 1 DAGs
[2023-01-11T23:24:09.397+0000] {logging_mixin.py:137} INFO - [2023-01-11T23:24:09.397+0000] {dag.py:3427} INFO - Setting next_dagrun for valuation_rating_v3 to 2023-02-01T10:00:00+00:00, run_after=2023-05-01T10:00:00+00:00
[2023-01-11T23:24:09.444+0000] {processor.py:175} INFO - Processing /opt/airflow/dags/valuation_rating.py took 0.379 seconds
[2023-01-11T23:24:39.760+0000] {processor.py:153} INFO - Started process (PID=739) to work on /opt/airflow/dags/valuation_rating.py
[2023-01-11T23:24:39.789+0000] {processor.py:743} INFO - Processing file /opt/airflow/dags/valuation_rating.py for tasks to queue
[2023-01-11T23:24:39.789+0000] {logging_mixin.py:137} INFO - [2023-01-11T23:24:39.789+0000] {dagbag.py:538} INFO - Filling up the DagBag from /opt/airflow/dags/valuation_rating.py
[2023-01-11T23:24:40.101+0000] {processor.py:753} INFO - DAG(s) dict_keys(['valuation_rating_v3']) retrieved from /opt/airflow/dags/valuation_rating.py
[2023-01-11T23:24:40.134+0000] {logging_mixin.py:137} INFO - [2023-01-11T23:24:40.133+0000] {dag.py:2676} INFO - Sync 1 DAGs
[2023-01-11T23:24:40.161+0000] {logging_mixin.py:137} INFO - [2023-01-11T23:24:40.161+0000] {dag.py:3427} INFO - Setting next_dagrun for valuation_rating_v3 to 2023-02-01T10:00:00+00:00, run_after=2023-05-01T10:00:00+00:00
[2023-01-11T23:24:40.283+0000] {processor.py:175} INFO - Processing /opt/airflow/dags/valuation_rating.py took 0.525 seconds
[2023-01-11T23:25:10.740+0000] {processor.py:153} INFO - Started process (PID=827) to work on /opt/airflow/dags/valuation_rating.py
[2023-01-11T23:25:10.741+0000] {processor.py:743} INFO - Processing file /opt/airflow/dags/valuation_rating.py for tasks to queue
[2023-01-11T23:25:10.741+0000] {logging_mixin.py:137} INFO - [2023-01-11T23:25:10.741+0000] {dagbag.py:538} INFO - Filling up the DagBag from /opt/airflow/dags/valuation_rating.py
[2023-01-11T23:25:11.070+0000] {processor.py:753} INFO - DAG(s) dict_keys(['valuation_rating_v3']) retrieved from /opt/airflow/dags/valuation_rating.py
[2023-01-11T23:25:11.110+0000] {logging_mixin.py:137} INFO - [2023-01-11T23:25:11.109+0000] {dag.py:2676} INFO - Sync 1 DAGs
[2023-01-11T23:25:11.148+0000] {logging_mixin.py:137} INFO - [2023-01-11T23:25:11.148+0000] {dag.py:3427} INFO - Setting next_dagrun for valuation_rating_v3 to 2023-02-01T10:00:00+00:00, run_after=2023-05-01T10:00:00+00:00
[2023-01-11T23:25:11.211+0000] {processor.py:175} INFO - Processing /opt/airflow/dags/valuation_rating.py took 0.474 seconds
[2023-01-11T23:25:41.673+0000] {processor.py:153} INFO - Started process (PID=895) to work on /opt/airflow/dags/valuation_rating.py
[2023-01-11T23:25:41.732+0000] {processor.py:743} INFO - Processing file /opt/airflow/dags/valuation_rating.py for tasks to queue
[2023-01-11T23:25:41.734+0000] {logging_mixin.py:137} INFO - [2023-01-11T23:25:41.733+0000] {dagbag.py:538} INFO - Filling up the DagBag from /opt/airflow/dags/valuation_rating.py
[2023-01-11T23:25:42.106+0000] {processor.py:753} INFO - DAG(s) dict_keys(['valuation_rating_v3']) retrieved from /opt/airflow/dags/valuation_rating.py
[2023-01-11T23:25:42.143+0000] {logging_mixin.py:137} INFO - [2023-01-11T23:25:42.143+0000] {dag.py:2676} INFO - Sync 1 DAGs
[2023-01-11T23:25:42.174+0000] {logging_mixin.py:137} INFO - [2023-01-11T23:25:42.174+0000] {dag.py:3427} INFO - Setting next_dagrun for valuation_rating_v3 to 2023-02-01T10:00:00+00:00, run_after=2023-05-01T10:00:00+00:00
[2023-01-11T23:25:42.343+0000] {processor.py:175} INFO - Processing /opt/airflow/dags/valuation_rating.py took 0.673 seconds
[2023-01-11T23:26:12.616+0000] {processor.py:153} INFO - Started process (PID=972) to work on /opt/airflow/dags/valuation_rating.py
[2023-01-11T23:26:12.617+0000] {processor.py:743} INFO - Processing file /opt/airflow/dags/valuation_rating.py for tasks to queue
[2023-01-11T23:26:12.617+0000] {logging_mixin.py:137} INFO - [2023-01-11T23:26:12.617+0000] {dagbag.py:538} INFO - Filling up the DagBag from /opt/airflow/dags/valuation_rating.py
[2023-01-11T23:26:12.880+0000] {processor.py:753} INFO - DAG(s) dict_keys(['valuation_rating_v3']) retrieved from /opt/airflow/dags/valuation_rating.py
[2023-01-11T23:26:12.915+0000] {logging_mixin.py:137} INFO - [2023-01-11T23:26:12.915+0000] {dag.py:2676} INFO - Sync 1 DAGs
[2023-01-11T23:26:12.949+0000] {logging_mixin.py:137} INFO - [2023-01-11T23:26:12.949+0000] {dag.py:3427} INFO - Setting next_dagrun for valuation_rating_v3 to 2023-02-01T10:00:00+00:00, run_after=2023-05-01T10:00:00+00:00
[2023-01-11T23:26:12.994+0000] {processor.py:175} INFO - Processing /opt/airflow/dags/valuation_rating.py took 0.380 seconds
[2023-01-11T23:26:43.252+0000] {processor.py:153} INFO - Started process (PID=1051) to work on /opt/airflow/dags/valuation_rating.py
[2023-01-11T23:26:43.275+0000] {processor.py:743} INFO - Processing file /opt/airflow/dags/valuation_rating.py for tasks to queue
[2023-01-11T23:26:43.286+0000] {logging_mixin.py:137} INFO - [2023-01-11T23:26:43.286+0000] {dagbag.py:538} INFO - Filling up the DagBag from /opt/airflow/dags/valuation_rating.py
[2023-01-11T23:26:43.562+0000] {processor.py:753} INFO - DAG(s) dict_keys(['valuation_rating_v3']) retrieved from /opt/airflow/dags/valuation_rating.py
[2023-01-11T23:26:43.597+0000] {logging_mixin.py:137} INFO - [2023-01-11T23:26:43.597+0000] {dag.py:2676} INFO - Sync 1 DAGs
[2023-01-11T23:26:43.625+0000] {logging_mixin.py:137} INFO - [2023-01-11T23:26:43.625+0000] {dag.py:3427} INFO - Setting next_dagrun for valuation_rating_v3 to 2023-02-01T10:00:00+00:00, run_after=2023-05-01T10:00:00+00:00
[2023-01-11T23:26:43.687+0000] {processor.py:175} INFO - Processing /opt/airflow/dags/valuation_rating.py took 0.438 seconds
[2023-01-11T23:27:13.972+0000] {processor.py:153} INFO - Started process (PID=1119) to work on /opt/airflow/dags/valuation_rating.py
[2023-01-11T23:27:13.972+0000] {processor.py:743} INFO - Processing file /opt/airflow/dags/valuation_rating.py for tasks to queue
[2023-01-11T23:27:13.973+0000] {logging_mixin.py:137} INFO - [2023-01-11T23:27:13.973+0000] {dagbag.py:538} INFO - Filling up the DagBag from /opt/airflow/dags/valuation_rating.py
[2023-01-11T23:27:14.227+0000] {processor.py:753} INFO - DAG(s) dict_keys(['valuation_rating_v3']) retrieved from /opt/airflow/dags/valuation_rating.py
[2023-01-11T23:27:14.257+0000] {logging_mixin.py:137} INFO - [2023-01-11T23:27:14.257+0000] {dag.py:2676} INFO - Sync 1 DAGs
[2023-01-11T23:27:14.281+0000] {logging_mixin.py:137} INFO - [2023-01-11T23:27:14.281+0000] {dag.py:3427} INFO - Setting next_dagrun for valuation_rating_v3 to 2023-02-01T10:00:00+00:00, run_after=2023-05-01T10:00:00+00:00
[2023-01-11T23:27:14.461+0000] {processor.py:175} INFO - Processing /opt/airflow/dags/valuation_rating.py took 0.492 seconds
[2023-01-11T23:27:45.038+0000] {processor.py:153} INFO - Started process (PID=1207) to work on /opt/airflow/dags/valuation_rating.py
[2023-01-11T23:27:45.204+0000] {processor.py:743} INFO - Processing file /opt/airflow/dags/valuation_rating.py for tasks to queue
[2023-01-11T23:27:45.205+0000] {logging_mixin.py:137} INFO - [2023-01-11T23:27:45.205+0000] {dagbag.py:538} INFO - Filling up the DagBag from /opt/airflow/dags/valuation_rating.py
[2023-01-11T23:27:45.548+0000] {processor.py:753} INFO - DAG(s) dict_keys(['valuation_rating_v3']) retrieved from /opt/airflow/dags/valuation_rating.py
[2023-01-11T23:27:45.588+0000] {logging_mixin.py:137} INFO - [2023-01-11T23:27:45.587+0000] {dag.py:2676} INFO - Sync 1 DAGs
[2023-01-11T23:27:45.619+0000] {logging_mixin.py:137} INFO - [2023-01-11T23:27:45.619+0000] {dag.py:3427} INFO - Setting next_dagrun for valuation_rating_v3 to 2023-02-01T10:00:00+00:00, run_after=2023-05-01T10:00:00+00:00
[2023-01-11T23:27:45.664+0000] {processor.py:175} INFO - Processing /opt/airflow/dags/valuation_rating.py took 0.629 seconds
[2023-01-11T23:28:15.850+0000] {processor.py:153} INFO - Started process (PID=1275) to work on /opt/airflow/dags/valuation_rating.py
[2023-01-11T23:28:15.851+0000] {processor.py:743} INFO - Processing file /opt/airflow/dags/valuation_rating.py for tasks to queue
[2023-01-11T23:28:15.851+0000] {logging_mixin.py:137} INFO - [2023-01-11T23:28:15.851+0000] {dagbag.py:538} INFO - Filling up the DagBag from /opt/airflow/dags/valuation_rating.py
[2023-01-11T23:28:16.086+0000] {processor.py:753} INFO - DAG(s) dict_keys(['valuation_rating_v3']) retrieved from /opt/airflow/dags/valuation_rating.py
[2023-01-11T23:28:16.118+0000] {logging_mixin.py:137} INFO - [2023-01-11T23:28:16.118+0000] {dag.py:2676} INFO - Sync 1 DAGs
[2023-01-11T23:28:16.143+0000] {logging_mixin.py:137} INFO - [2023-01-11T23:28:16.143+0000] {dag.py:3427} INFO - Setting next_dagrun for valuation_rating_v3 to 2023-02-01T10:00:00+00:00, run_after=2023-05-01T10:00:00+00:00
[2023-01-11T23:28:16.298+0000] {processor.py:175} INFO - Processing /opt/airflow/dags/valuation_rating.py took 0.450 seconds
[2023-01-11T23:28:46.820+0000] {processor.py:153} INFO - Started process (PID=1343) to work on /opt/airflow/dags/valuation_rating.py
[2023-01-11T23:28:46.839+0000] {processor.py:743} INFO - Processing file /opt/airflow/dags/valuation_rating.py for tasks to queue
[2023-01-11T23:28:46.840+0000] {logging_mixin.py:137} INFO - [2023-01-11T23:28:46.840+0000] {dagbag.py:538} INFO - Filling up the DagBag from /opt/airflow/dags/valuation_rating.py
[2023-01-11T23:28:47.243+0000] {processor.py:753} INFO - DAG(s) dict_keys(['valuation_rating_v3']) retrieved from /opt/airflow/dags/valuation_rating.py
[2023-01-11T23:28:47.278+0000] {logging_mixin.py:137} INFO - [2023-01-11T23:28:47.278+0000] {dag.py:2676} INFO - Sync 1 DAGs
[2023-01-11T23:28:47.311+0000] {logging_mixin.py:137} INFO - [2023-01-11T23:28:47.311+0000] {dag.py:3427} INFO - Setting next_dagrun for valuation_rating_v3 to 2023-02-01T10:00:00+00:00, run_after=2023-05-01T10:00:00+00:00
[2023-01-11T23:28:47.351+0000] {processor.py:175} INFO - Processing /opt/airflow/dags/valuation_rating.py took 0.534 seconds
[2023-01-11T23:29:17.658+0000] {processor.py:153} INFO - Started process (PID=1431) to work on /opt/airflow/dags/valuation_rating.py
[2023-01-11T23:29:17.659+0000] {processor.py:743} INFO - Processing file /opt/airflow/dags/valuation_rating.py for tasks to queue
[2023-01-11T23:29:17.659+0000] {logging_mixin.py:137} INFO - [2023-01-11T23:29:17.659+0000] {dagbag.py:538} INFO - Filling up the DagBag from /opt/airflow/dags/valuation_rating.py
[2023-01-11T23:29:17.930+0000] {processor.py:753} INFO - DAG(s) dict_keys(['valuation_rating_v3']) retrieved from /opt/airflow/dags/valuation_rating.py
[2023-01-11T23:29:17.961+0000] {logging_mixin.py:137} INFO - [2023-01-11T23:29:17.961+0000] {dag.py:2676} INFO - Sync 1 DAGs
[2023-01-11T23:29:17.987+0000] {logging_mixin.py:137} INFO - [2023-01-11T23:29:17.986+0000] {dag.py:3427} INFO - Setting next_dagrun for valuation_rating_v3 to 2023-02-01T10:00:00+00:00, run_after=2023-05-01T10:00:00+00:00
[2023-01-11T23:29:18.223+0000] {processor.py:175} INFO - Processing /opt/airflow/dags/valuation_rating.py took 0.567 seconds
[2023-01-11T23:29:48.264+0000] {processor.py:153} INFO - Started process (PID=1499) to work on /opt/airflow/dags/valuation_rating.py
[2023-01-11T23:29:48.273+0000] {processor.py:743} INFO - Processing file /opt/airflow/dags/valuation_rating.py for tasks to queue
[2023-01-11T23:29:48.274+0000] {logging_mixin.py:137} INFO - [2023-01-11T23:29:48.274+0000] {dagbag.py:538} INFO - Filling up the DagBag from /opt/airflow/dags/valuation_rating.py
[2023-01-11T23:29:48.576+0000] {processor.py:753} INFO - DAG(s) dict_keys(['valuation_rating_v3']) retrieved from /opt/airflow/dags/valuation_rating.py
[2023-01-11T23:29:48.605+0000] {logging_mixin.py:137} INFO - [2023-01-11T23:29:48.605+0000] {dag.py:2676} INFO - Sync 1 DAGs
[2023-01-11T23:29:48.628+0000] {logging_mixin.py:137} INFO - [2023-01-11T23:29:48.628+0000] {dag.py:3427} INFO - Setting next_dagrun for valuation_rating_v3 to 2023-02-01T10:00:00+00:00, run_after=2023-05-01T10:00:00+00:00
[2023-01-11T23:29:48.672+0000] {processor.py:175} INFO - Processing /opt/airflow/dags/valuation_rating.py took 0.410 seconds
[2023-01-11T23:30:18.941+0000] {processor.py:153} INFO - Started process (PID=1586) to work on /opt/airflow/dags/valuation_rating.py
[2023-01-11T23:30:18.942+0000] {processor.py:743} INFO - Processing file /opt/airflow/dags/valuation_rating.py for tasks to queue
[2023-01-11T23:30:18.942+0000] {logging_mixin.py:137} INFO - [2023-01-11T23:30:18.942+0000] {dagbag.py:538} INFO - Filling up the DagBag from /opt/airflow/dags/valuation_rating.py
[2023-01-11T23:30:19.197+0000] {processor.py:753} INFO - DAG(s) dict_keys(['valuation_rating_v3']) retrieved from /opt/airflow/dags/valuation_rating.py
[2023-01-11T23:30:19.226+0000] {logging_mixin.py:137} INFO - [2023-01-11T23:30:19.225+0000] {dag.py:2676} INFO - Sync 1 DAGs
[2023-01-11T23:30:19.249+0000] {logging_mixin.py:137} INFO - [2023-01-11T23:30:19.249+0000] {dag.py:3427} INFO - Setting next_dagrun for valuation_rating_v3 to 2023-02-01T10:00:00+00:00, run_after=2023-05-01T10:00:00+00:00
[2023-01-11T23:30:19.496+0000] {processor.py:175} INFO - Processing /opt/airflow/dags/valuation_rating.py took 0.557 seconds
[2023-01-11T23:30:49.910+0000] {processor.py:153} INFO - Started process (PID=1654) to work on /opt/airflow/dags/valuation_rating.py
[2023-01-11T23:30:50.065+0000] {processor.py:743} INFO - Processing file /opt/airflow/dags/valuation_rating.py for tasks to queue
[2023-01-11T23:30:50.065+0000] {logging_mixin.py:137} INFO - [2023-01-11T23:30:50.065+0000] {dagbag.py:538} INFO - Filling up the DagBag from /opt/airflow/dags/valuation_rating.py
[2023-01-11T23:30:50.305+0000] {processor.py:753} INFO - DAG(s) dict_keys(['valuation_rating_v3']) retrieved from /opt/airflow/dags/valuation_rating.py
[2023-01-11T23:30:50.334+0000] {logging_mixin.py:137} INFO - [2023-01-11T23:30:50.333+0000] {dag.py:2676} INFO - Sync 1 DAGs
[2023-01-11T23:30:50.356+0000] {logging_mixin.py:137} INFO - [2023-01-11T23:30:50.356+0000] {dag.py:3427} INFO - Setting next_dagrun for valuation_rating_v3 to 2023-02-01T10:00:00+00:00, run_after=2023-05-01T10:00:00+00:00
[2023-01-11T23:30:50.614+0000] {processor.py:175} INFO - Processing /opt/airflow/dags/valuation_rating.py took 0.706 seconds
[2023-01-11T23:31:21.143+0000] {processor.py:153} INFO - Started process (PID=1733) to work on /opt/airflow/dags/valuation_rating.py
[2023-01-11T23:31:21.144+0000] {processor.py:743} INFO - Processing file /opt/airflow/dags/valuation_rating.py for tasks to queue
[2023-01-11T23:31:21.144+0000] {logging_mixin.py:137} INFO - [2023-01-11T23:31:21.144+0000] {dagbag.py:538} INFO - Filling up the DagBag from /opt/airflow/dags/valuation_rating.py
[2023-01-11T23:31:21.475+0000] {processor.py:753} INFO - DAG(s) dict_keys(['valuation_rating_v3']) retrieved from /opt/airflow/dags/valuation_rating.py
[2023-01-11T23:31:21.540+0000] {logging_mixin.py:137} INFO - [2023-01-11T23:31:21.539+0000] {dag.py:2676} INFO - Sync 1 DAGs
[2023-01-11T23:31:21.594+0000] {logging_mixin.py:137} INFO - [2023-01-11T23:31:21.594+0000] {dag.py:3427} INFO - Setting next_dagrun for valuation_rating_v3 to 2023-02-01T10:00:00+00:00, run_after=2023-05-01T10:00:00+00:00
[2023-01-11T23:31:21.969+0000] {processor.py:175} INFO - Processing /opt/airflow/dags/valuation_rating.py took 0.829 seconds
[2023-01-11T23:31:52.471+0000] {processor.py:153} INFO - Started process (PID=1812) to work on /opt/airflow/dags/valuation_rating.py
[2023-01-11T23:31:52.506+0000] {processor.py:743} INFO - Processing file /opt/airflow/dags/valuation_rating.py for tasks to queue
[2023-01-11T23:31:52.506+0000] {logging_mixin.py:137} INFO - [2023-01-11T23:31:52.506+0000] {dagbag.py:538} INFO - Filling up the DagBag from /opt/airflow/dags/valuation_rating.py
[2023-01-11T23:31:52.851+0000] {processor.py:753} INFO - DAG(s) dict_keys(['valuation_rating_v3']) retrieved from /opt/airflow/dags/valuation_rating.py
[2023-01-11T23:31:52.886+0000] {logging_mixin.py:137} INFO - [2023-01-11T23:31:52.886+0000] {dag.py:2676} INFO - Sync 1 DAGs
[2023-01-11T23:31:52.916+0000] {logging_mixin.py:137} INFO - [2023-01-11T23:31:52.916+0000] {dag.py:3427} INFO - Setting next_dagrun for valuation_rating_v3 to 2023-02-01T10:00:00+00:00, run_after=2023-05-01T10:00:00+00:00
[2023-01-11T23:31:53.095+0000] {processor.py:175} INFO - Processing /opt/airflow/dags/valuation_rating.py took 0.626 seconds
[2023-01-11T23:32:23.177+0000] {processor.py:153} INFO - Started process (PID=1889) to work on /opt/airflow/dags/valuation_rating.py
[2023-01-11T23:32:23.177+0000] {processor.py:743} INFO - Processing file /opt/airflow/dags/valuation_rating.py for tasks to queue
[2023-01-11T23:32:23.178+0000] {logging_mixin.py:137} INFO - [2023-01-11T23:32:23.178+0000] {dagbag.py:538} INFO - Filling up the DagBag from /opt/airflow/dags/valuation_rating.py
[2023-01-11T23:32:23.473+0000] {processor.py:753} INFO - DAG(s) dict_keys(['valuation_rating_v3']) retrieved from /opt/airflow/dags/valuation_rating.py
[2023-01-11T23:32:23.511+0000] {logging_mixin.py:137} INFO - [2023-01-11T23:32:23.511+0000] {dag.py:2676} INFO - Sync 1 DAGs
[2023-01-11T23:32:23.540+0000] {logging_mixin.py:137} INFO - [2023-01-11T23:32:23.540+0000] {dag.py:3427} INFO - Setting next_dagrun for valuation_rating_v3 to 2023-02-01T10:00:00+00:00, run_after=2023-05-01T10:00:00+00:00
[2023-01-11T23:32:23.614+0000] {processor.py:175} INFO - Processing /opt/airflow/dags/valuation_rating.py took 0.440 seconds
[2023-01-11T23:32:53.869+0000] {processor.py:153} INFO - Started process (PID=1968) to work on /opt/airflow/dags/valuation_rating.py
[2023-01-11T23:32:53.870+0000] {processor.py:743} INFO - Processing file /opt/airflow/dags/valuation_rating.py for tasks to queue
[2023-01-11T23:32:53.870+0000] {logging_mixin.py:137} INFO - [2023-01-11T23:32:53.870+0000] {dagbag.py:538} INFO - Filling up the DagBag from /opt/airflow/dags/valuation_rating.py
[2023-01-11T23:32:54.138+0000] {processor.py:753} INFO - DAG(s) dict_keys(['valuation_rating_v3']) retrieved from /opt/airflow/dags/valuation_rating.py
[2023-01-11T23:32:54.170+0000] {logging_mixin.py:137} INFO - [2023-01-11T23:32:54.170+0000] {dag.py:2676} INFO - Sync 1 DAGs
[2023-01-11T23:32:54.198+0000] {logging_mixin.py:137} INFO - [2023-01-11T23:32:54.198+0000] {dag.py:3427} INFO - Setting next_dagrun for valuation_rating_v3 to 2023-02-01T10:00:00+00:00, run_after=2023-05-01T10:00:00+00:00
[2023-01-11T23:32:54.302+0000] {processor.py:175} INFO - Processing /opt/airflow/dags/valuation_rating.py took 0.436 seconds
