[2022-12-28T08:20:44.018+0000] {taskinstance.py:1087} INFO - Dependencies all met for <TaskInstance: new_table_and_data_import_dag_v1.create_table manual__2022-12-28T08:20:38.793537+00:00 [queued]>
[2022-12-28T08:20:44.071+0000] {taskinstance.py:1087} INFO - Dependencies all met for <TaskInstance: new_table_and_data_import_dag_v1.create_table manual__2022-12-28T08:20:38.793537+00:00 [queued]>
[2022-12-28T08:20:44.072+0000] {taskinstance.py:1283} INFO - 
--------------------------------------------------------------------------------
[2022-12-28T08:20:44.073+0000] {taskinstance.py:1284} INFO - Starting attempt 1 of 1
[2022-12-28T08:20:44.074+0000] {taskinstance.py:1285} INFO - 
--------------------------------------------------------------------------------
[2022-12-28T08:20:44.175+0000] {taskinstance.py:1304} INFO - Executing <Task(PostgresOperator): create_table> on 2022-12-28 08:20:38.793537+00:00
[2022-12-28T08:20:44.192+0000] {standard_task_runner.py:55} INFO - Started process 4319 to run task
[2022-12-28T08:20:44.205+0000] {standard_task_runner.py:82} INFO - Running: ['***', 'tasks', 'run', 'new_table_and_data_import_dag_v1', 'create_table', 'manual__2022-12-28T08:20:38.793537+00:00', '--job-id', '22', '--raw', '--subdir', 'DAGS_FOLDER/new_table_and_data_import_dag.py', '--cfg-path', '/tmp/tmpp6wvesjw']
[2022-12-28T08:20:44.214+0000] {standard_task_runner.py:83} INFO - Job 22: Subtask create_table
[2022-12-28T08:20:44.948+0000] {task_command.py:389} INFO - Running <TaskInstance: new_table_and_data_import_dag_v1.create_table manual__2022-12-28T08:20:38.793537+00:00 [running]> on host 016cb28b89a1
[2022-12-28T08:20:45.345+0000] {taskinstance.py:1513} INFO - Exporting the following env vars:
AIRFLOW_CTX_DAG_OWNER=***
AIRFLOW_CTX_DAG_ID=new_table_and_data_import_dag_v1
AIRFLOW_CTX_TASK_ID=create_table
AIRFLOW_CTX_EXECUTION_DATE=2022-12-28T08:20:38.793537+00:00
AIRFLOW_CTX_TRY_NUMBER=1
AIRFLOW_CTX_DAG_RUN_ID=manual__2022-12-28T08:20:38.793537+00:00
[2022-12-28T08:20:45.348+0000] {sql.py:253} INFO - Executing: 
            CREATE TABLE IF NOT EXISTS test_table (
                ticker varchar(3),
                year integer,
                quarter integer,
                invest_cost integer,
                from_invest integer,
                from_financial integer,
                from_sale integer,
                free_cash_flow double precision,
                PRIMARY KEY (ticker, year, quarter),
                FOREIGN KEY (ticker) REFERENCES listing_companies (ticker)
            );
        
[2022-12-28T08:20:45.379+0000] {base.py:73} INFO - Using connection ID 'financial_database' for task execution.
[2022-12-28T08:20:46.601+0000] {base.py:73} INFO - Using connection ID 'financial_database' for task execution.
[2022-12-28T08:20:46.641+0000] {sql.py:364} INFO - Running statement: 
            CREATE TABLE IF NOT EXISTS test_table (
                ticker varchar(3),
                year integer,
                quarter integer,
                invest_cost integer,
                from_invest integer,
                from_financial integer,
                from_sale integer,
                free_cash_flow double precision,
                PRIMARY KEY (ticker, year, quarter),
                FOREIGN KEY (ticker) REFERENCES listing_companies (ticker)
            );
        , parameters: None
[2022-12-28T08:20:46.694+0000] {taskinstance.py:1327} INFO - Marking task as SUCCESS. dag_id=new_table_and_data_import_dag_v1, task_id=create_table, execution_date=20221228T082038, start_date=20221228T082044, end_date=20221228T082046
[2022-12-28T08:20:46.862+0000] {local_task_job.py:159} INFO - Task exited with return code 0
[2022-12-28T08:20:46.949+0000] {taskinstance.py:2582} INFO - 1 downstream tasks scheduled from follow-on schedule check
