[2022-12-26T04:09:34.599+0000] {taskinstance.py:1087} INFO - Dependencies all met for <TaskInstance: new_table_and_data_import_dag_v1.get_cash_flow_data manual__2022-12-26T04:09:29.616301+00:00 [queued]>
[2022-12-26T04:09:34.610+0000] {taskinstance.py:1087} INFO - Dependencies all met for <TaskInstance: new_table_and_data_import_dag_v1.get_cash_flow_data manual__2022-12-26T04:09:29.616301+00:00 [queued]>
[2022-12-26T04:09:34.610+0000] {taskinstance.py:1283} INFO - 
--------------------------------------------------------------------------------
[2022-12-26T04:09:34.611+0000] {taskinstance.py:1284} INFO - Starting attempt 1 of 1
[2022-12-26T04:09:34.611+0000] {taskinstance.py:1285} INFO - 
--------------------------------------------------------------------------------
[2022-12-26T04:09:34.650+0000] {taskinstance.py:1304} INFO - Executing <Task(PythonOperator): get_cash_flow_data> on 2022-12-26 04:09:29.616301+00:00
[2022-12-26T04:09:34.655+0000] {standard_task_runner.py:55} INFO - Started process 579 to run task
[2022-12-26T04:09:34.658+0000] {standard_task_runner.py:82} INFO - Running: ['***', 'tasks', 'run', 'new_table_and_data_import_dag_v1', 'get_cash_flow_data', 'manual__2022-12-26T04:09:29.616301+00:00', '--job-id', '75', '--raw', '--subdir', 'DAGS_FOLDER/new_table_and_data_import_dag.py', '--cfg-path', '/tmp/tmpk9vmb7vh']
[2022-12-26T04:09:34.660+0000] {standard_task_runner.py:83} INFO - Job 75: Subtask get_cash_flow_data
[2022-12-26T04:09:34.748+0000] {task_command.py:389} INFO - Running <TaskInstance: new_table_and_data_import_dag_v1.get_cash_flow_data manual__2022-12-26T04:09:29.616301+00:00 [running]> on host 3a7da4d7a43a
[2022-12-26T04:09:34.992+0000] {taskinstance.py:1513} INFO - Exporting the following env vars:
AIRFLOW_CTX_DAG_OWNER=***
AIRFLOW_CTX_DAG_ID=new_table_and_data_import_dag_v1
AIRFLOW_CTX_TASK_ID=get_cash_flow_data
AIRFLOW_CTX_EXECUTION_DATE=2022-12-26T04:09:29.616301+00:00
AIRFLOW_CTX_TRY_NUMBER=1
AIRFLOW_CTX_DAG_RUN_ID=manual__2022-12-26T04:09:29.616301+00:00
[2022-12-26T04:09:34.993+0000] {taskinstance.py:1772} ERROR - Task failed with exception
Traceback (most recent call last):
  File "/home/airflow/.local/lib/python3.7/site-packages/airflow/operators/python.py", line 175, in execute
    return_value = self.execute_callable()
  File "/home/airflow/.local/lib/python3.7/site-packages/airflow/operators/python.py", line 192, in execute_callable
    return self.python_callable(*self.op_args, **self.op_kwargs)
  File "/opt/airflow/dags/new_table_and_data_import_dag.py", line 26, in get_cash_flow
    tickers = get_ticker_list()
  File "/opt/airflow/dags/new_table_and_data_import_dag.py", line 18, in get_ticker_list
    listing_companies = listing_companies()
UnboundLocalError: local variable 'listing_companies' referenced before assignment
[2022-12-26T04:09:35.001+0000] {taskinstance.py:1327} INFO - Marking task as FAILED. dag_id=new_table_and_data_import_dag_v1, task_id=get_cash_flow_data, execution_date=20221226T040929, start_date=20221226T040934, end_date=20221226T040935
[2022-12-26T04:09:35.158+0000] {standard_task_runner.py:105} ERROR - Failed to execute job 75 for task get_cash_flow_data (local variable 'listing_companies' referenced before assignment; 579)
[2022-12-26T04:09:35.191+0000] {local_task_job.py:159} INFO - Task exited with return code 1
[2022-12-26T04:09:35.214+0000] {taskinstance.py:2582} INFO - 0 downstream tasks scheduled from follow-on schedule check
