[2023-01-04T13:57:15.094+0000] {taskinstance.py:1087} INFO - Dependencies all met for <TaskInstance: ticker_to_txt.ticker_to_txt manual__2023-01-04T13:57:13.455343+00:00 [queued]>
[2023-01-04T13:57:15.106+0000] {taskinstance.py:1087} INFO - Dependencies all met for <TaskInstance: ticker_to_txt.ticker_to_txt manual__2023-01-04T13:57:13.455343+00:00 [queued]>
[2023-01-04T13:57:15.106+0000] {taskinstance.py:1283} INFO - 
--------------------------------------------------------------------------------
[2023-01-04T13:57:15.107+0000] {taskinstance.py:1284} INFO - Starting attempt 1 of 1
[2023-01-04T13:57:15.107+0000] {taskinstance.py:1285} INFO - 
--------------------------------------------------------------------------------
[2023-01-04T13:57:15.156+0000] {taskinstance.py:1304} INFO - Executing <Task(PythonOperator): ticker_to_txt> on 2023-01-04 13:57:13.455343+00:00
[2023-01-04T13:57:15.161+0000] {standard_task_runner.py:55} INFO - Started process 6492 to run task
[2023-01-04T13:57:15.164+0000] {standard_task_runner.py:82} INFO - Running: ['***', 'tasks', 'run', 'ticker_to_txt', 'ticker_to_txt', 'manual__2023-01-04T13:57:13.455343+00:00', '--job-id', '181', '--raw', '--subdir', 'DAGS_FOLDER/ticker.py', '--cfg-path', '/tmp/tmpmwp0oddj']
[2023-01-04T13:57:15.165+0000] {standard_task_runner.py:83} INFO - Job 181: Subtask ticker_to_txt
[2023-01-04T13:57:15.299+0000] {task_command.py:389} INFO - Running <TaskInstance: ticker_to_txt.ticker_to_txt manual__2023-01-04T13:57:13.455343+00:00 [running]> on host a247bc2e8348
[2023-01-04T13:57:15.841+0000] {taskinstance.py:1513} INFO - Exporting the following env vars:
AIRFLOW_CTX_DAG_OWNER=***
AIRFLOW_CTX_DAG_ID=ticker_to_txt
AIRFLOW_CTX_TASK_ID=ticker_to_txt
AIRFLOW_CTX_EXECUTION_DATE=2023-01-04T13:57:13.455343+00:00
AIRFLOW_CTX_TRY_NUMBER=1
AIRFLOW_CTX_DAG_RUN_ID=manual__2023-01-04T13:57:13.455343+00:00
[2023-01-04T13:57:16.853+0000] {logging_mixin.py:137} INFO - Save ticker successfully!
[2023-01-04T13:57:16.853+0000] {python.py:177} INFO - Done. Returned value was: None
[2023-01-04T13:57:16.866+0000] {taskinstance.py:1327} INFO - Marking task as SUCCESS. dag_id=ticker_to_txt, task_id=ticker_to_txt, execution_date=20230104T135713, start_date=20230104T135715, end_date=20230104T135716
[2023-01-04T13:57:17.099+0000] {local_task_job.py:159} INFO - Task exited with return code 0
[2023-01-04T13:57:17.114+0000] {taskinstance.py:2582} INFO - 0 downstream tasks scheduled from follow-on schedule check
