[2023-01-04T03:54:29.419+0000] {taskinstance.py:1087} INFO - Dependencies all met for <TaskInstance: ticker_to_txt.save_ticker_list_to_txt manual__2023-01-04T03:54:27.325072+00:00 [queued]>
[2023-01-04T03:54:29.427+0000] {taskinstance.py:1087} INFO - Dependencies all met for <TaskInstance: ticker_to_txt.save_ticker_list_to_txt manual__2023-01-04T03:54:27.325072+00:00 [queued]>
[2023-01-04T03:54:29.428+0000] {taskinstance.py:1283} INFO - 
--------------------------------------------------------------------------------
[2023-01-04T03:54:29.428+0000] {taskinstance.py:1284} INFO - Starting attempt 1 of 1
[2023-01-04T03:54:29.428+0000] {taskinstance.py:1285} INFO - 
--------------------------------------------------------------------------------
[2023-01-04T03:54:29.565+0000] {taskinstance.py:1304} INFO - Executing <Task(BashOperator): save_ticker_list_to_txt> on 2023-01-04 03:54:27.325072+00:00
[2023-01-04T03:54:29.570+0000] {standard_task_runner.py:55} INFO - Started process 933 to run task
[2023-01-04T03:54:29.573+0000] {standard_task_runner.py:82} INFO - Running: ['***', 'tasks', 'run', 'ticker_to_txt', 'save_ticker_list_to_txt', 'manual__2023-01-04T03:54:27.325072+00:00', '--job-id', '142', '--raw', '--subdir', 'DAGS_FOLDER/ticker.py', '--cfg-path', '/tmp/tmpkveejzj3']
[2023-01-04T03:54:29.574+0000] {standard_task_runner.py:83} INFO - Job 142: Subtask save_ticker_list_to_txt
[2023-01-04T03:54:29.732+0000] {task_command.py:389} INFO - Running <TaskInstance: ticker_to_txt.save_ticker_list_to_txt manual__2023-01-04T03:54:27.325072+00:00 [running]> on host e3ae32d114c2
[2023-01-04T03:54:29.882+0000] {taskinstance.py:1513} INFO - Exporting the following env vars:
AIRFLOW_CTX_DAG_OWNER=***
AIRFLOW_CTX_DAG_ID=ticker_to_txt
AIRFLOW_CTX_TASK_ID=save_ticker_list_to_txt
AIRFLOW_CTX_EXECUTION_DATE=2023-01-04T03:54:27.325072+00:00
AIRFLOW_CTX_TRY_NUMBER=1
AIRFLOW_CTX_DAG_RUN_ID=manual__2023-01-04T03:54:27.325072+00:00
[2023-01-04T03:54:29.883+0000] {subprocess.py:63} INFO - Tmp dir root location: 
 /tmp
[2023-01-04T03:54:29.883+0000] {subprocess.py:75} INFO - Running command: ['/bin/bash', '-c', 'python /opt/***/script/python/ticker_to_txt.py']
[2023-01-04T03:54:29.894+0000] {subprocess.py:86} INFO - Output:
[2023-01-04T03:54:31.738+0000] {subprocess.py:93} INFO - Save ticker successfully!
[2023-01-04T03:54:31.820+0000] {subprocess.py:97} INFO - Command exited with return code 0
[2023-01-04T03:54:31.947+0000] {taskinstance.py:1327} INFO - Marking task as SUCCESS. dag_id=ticker_to_txt, task_id=save_ticker_list_to_txt, execution_date=20230104T035427, start_date=20230104T035429, end_date=20230104T035431
[2023-01-04T03:54:32.052+0000] {local_task_job.py:159} INFO - Task exited with return code 0
[2023-01-04T03:54:32.075+0000] {taskinstance.py:2582} INFO - 0 downstream tasks scheduled from follow-on schedule check
