[2022-12-11T15:06:59.822+0000] {taskinstance.py:1087} INFO - Dependencies all met for <TaskInstance: postgres_operator_dag_v1.create_postgres_table scheduled__2022-12-10T00:00:00+00:00 [queued]>
[2022-12-11T15:06:59.829+0000] {taskinstance.py:1087} INFO - Dependencies all met for <TaskInstance: postgres_operator_dag_v1.create_postgres_table scheduled__2022-12-10T00:00:00+00:00 [queued]>
[2022-12-11T15:06:59.829+0000] {taskinstance.py:1283} INFO - 
--------------------------------------------------------------------------------
[2022-12-11T15:06:59.829+0000] {taskinstance.py:1284} INFO - Starting attempt 1 of 1
[2022-12-11T15:06:59.829+0000] {taskinstance.py:1285} INFO - 
--------------------------------------------------------------------------------
[2022-12-11T15:07:00.288+0000] {taskinstance.py:1304} INFO - Executing <Task(PostgresOperator): create_postgres_table> on 2022-12-10 00:00:00+00:00
[2022-12-11T15:07:00.293+0000] {standard_task_runner.py:55} INFO - Started process 2759 to run task
[2022-12-11T15:07:00.295+0000] {standard_task_runner.py:82} INFO - Running: ['***', 'tasks', 'run', 'postgres_operator_dag_v1', 'create_postgres_table', 'scheduled__2022-12-10T00:00:00+00:00', '--job-id', '45', '--raw', '--subdir', 'DAGS_FOLDER/postgres_operator_dag.py', '--cfg-path', '/tmp/tmp86bzzf2u']
[2022-12-11T15:07:00.296+0000] {standard_task_runner.py:83} INFO - Job 45: Subtask create_postgres_table
[2022-12-11T15:07:00.670+0000] {task_command.py:389} INFO - Running <TaskInstance: postgres_operator_dag_v1.create_postgres_table scheduled__2022-12-10T00:00:00+00:00 [running]> on host 4f590d7fc3b1
[2022-12-11T15:07:01.233+0000] {taskinstance.py:1513} INFO - Exporting the following env vars:
AIRFLOW_CTX_DAG_OWNER=***
AIRFLOW_CTX_DAG_ID=postgres_operator_dag_v1
AIRFLOW_CTX_TASK_ID=create_postgres_table
AIRFLOW_CTX_EXECUTION_DATE=2022-12-10T00:00:00+00:00
AIRFLOW_CTX_TRY_NUMBER=1
AIRFLOW_CTX_DAG_RUN_ID=scheduled__2022-12-10T00:00:00+00:00
[2022-12-11T15:07:01.234+0000] {sql.py:253} INFO - Executing: 
            create table if not exists dag_demo_table (
                dt date
                dag_id character varying
                primary (dt, dag_id)
            )
        
[2022-12-11T15:07:01.241+0000] {base.py:73} INFO - Using connection ID 'financial_database' for task execution.
[2022-12-11T15:07:06.337+0000] {base.py:73} INFO - Using connection ID 'financial_database' for task execution.
[2022-12-11T15:07:06.398+0000] {sql.py:364} INFO - Running statement: 
            create table if not exists dag_demo_table (
                dt date
                dag_id character varying
                primary (dt, dag_id)
            )
        , parameters: None
[2022-12-11T15:07:06.554+0000] {taskinstance.py:1772} ERROR - Task failed with exception
Traceback (most recent call last):
  File "/home/airflow/.local/lib/python3.7/site-packages/airflow/providers/common/sql/operators/sql.py", line 261, in execute
    return_last=self.return_last,
  File "/home/airflow/.local/lib/python3.7/site-packages/airflow/providers/common/sql/hooks/sql.py", line 338, in run
    self._run_command(cur, sql_statement, parameters)
  File "/home/airflow/.local/lib/python3.7/site-packages/airflow/providers/common/sql/hooks/sql.py", line 369, in _run_command
    cur.execute(sql_statement)
psycopg2.errors.SyntaxError: syntax error at or near "dag_id"
LINE 4:                 dag_id character varying
                        ^

[2022-12-11T15:07:06.561+0000] {taskinstance.py:1327} INFO - Marking task as FAILED. dag_id=postgres_operator_dag_v1, task_id=create_postgres_table, execution_date=20221210T000000, start_date=20221211T150659, end_date=20221211T150706
[2022-12-11T15:07:06.814+0000] {standard_task_runner.py:105} ERROR - Failed to execute job 45 for task create_postgres_table (syntax error at or near "dag_id"
LINE 4:                 dag_id character varying
                        ^
; 2759)
[2022-12-11T15:07:06.849+0000] {local_task_job.py:159} INFO - Task exited with return code 1
[2022-12-11T15:07:06.862+0000] {taskinstance.py:2582} INFO - 0 downstream tasks scheduled from follow-on schedule check
