[2022-12-27T02:40:43.223+0000] {taskinstance.py:1087} INFO - Dependencies all met for <TaskInstance: new_table_and_data_import_dag_v1.import_data manual__2022-12-27T02:40:29.409709+00:00 [queued]>
[2022-12-27T02:40:43.231+0000] {taskinstance.py:1087} INFO - Dependencies all met for <TaskInstance: new_table_and_data_import_dag_v1.import_data manual__2022-12-27T02:40:29.409709+00:00 [queued]>
[2022-12-27T02:40:43.232+0000] {taskinstance.py:1283} INFO - 
--------------------------------------------------------------------------------
[2022-12-27T02:40:43.232+0000] {taskinstance.py:1284} INFO - Starting attempt 1 of 1
[2022-12-27T02:40:43.232+0000] {taskinstance.py:1285} INFO - 
--------------------------------------------------------------------------------
[2022-12-27T02:40:43.269+0000] {taskinstance.py:1304} INFO - Executing <Task(PostgresOperator): import_data> on 2022-12-27 02:40:29.409709+00:00
[2022-12-27T02:40:43.273+0000] {standard_task_runner.py:55} INFO - Started process 653 to run task
[2022-12-27T02:40:43.276+0000] {standard_task_runner.py:82} INFO - Running: ['***', 'tasks', 'run', 'new_table_and_data_import_dag_v1', 'import_data', 'manual__2022-12-27T02:40:29.409709+00:00', '--job-id', '93', '--raw', '--subdir', 'DAGS_FOLDER/new_table_and_data_import_dag.py', '--cfg-path', '/tmp/tmp31aoi6kx']
[2022-12-27T02:40:43.277+0000] {standard_task_runner.py:83} INFO - Job 93: Subtask import_data
[2022-12-27T02:40:43.357+0000] {task_command.py:389} INFO - Running <TaskInstance: new_table_and_data_import_dag_v1.import_data manual__2022-12-27T02:40:29.409709+00:00 [running]> on host 64867ca07077
[2022-12-27T02:40:43.638+0000] {taskinstance.py:1513} INFO - Exporting the following env vars:
AIRFLOW_CTX_DAG_OWNER=***
AIRFLOW_CTX_DAG_ID=new_table_and_data_import_dag_v1
AIRFLOW_CTX_TASK_ID=import_data
AIRFLOW_CTX_EXECUTION_DATE=2022-12-27T02:40:29.409709+00:00
AIRFLOW_CTX_TRY_NUMBER=1
AIRFLOW_CTX_DAG_RUN_ID=manual__2022-12-27T02:40:29.409709+00:00
[2022-12-27T02:40:43.639+0000] {sql.py:253} INFO - Executing: 
            COPY test_table
            FROM '/opt/***/Cash Flow.csv'
            DELIMITER ','
            CSV HEADER; 
        
[2022-12-27T02:40:43.647+0000] {base.py:73} INFO - Using connection ID 'financial_database' for task execution.
[2022-12-27T02:40:43.887+0000] {base.py:73} INFO - Using connection ID 'financial_database' for task execution.
[2022-12-27T02:40:43.909+0000] {sql.py:364} INFO - Running statement: 
            COPY test_table
            FROM '/opt/***/Cash Flow.csv'
            DELIMITER ','
            CSV HEADER; 
        , parameters: None
[2022-12-27T02:40:43.920+0000] {taskinstance.py:1772} ERROR - Task failed with exception
Traceback (most recent call last):
  File "/home/airflow/.local/lib/python3.7/site-packages/airflow/providers/common/sql/operators/sql.py", line 261, in execute
    return_last=self.return_last,
  File "/home/airflow/.local/lib/python3.7/site-packages/airflow/providers/common/sql/hooks/sql.py", line 338, in run
    self._run_command(cur, sql_statement, parameters)
  File "/home/airflow/.local/lib/python3.7/site-packages/airflow/providers/common/sql/hooks/sql.py", line 369, in _run_command
    cur.execute(sql_statement)
psycopg2.errors.UndefinedFile: could not open file "/opt/***/Cash Flow.csv" for reading: No such file or directory
HINT:  COPY FROM instructs the PostgreSQL server process to read a file. You may want a client-side facility such as psql's \copy.

[2022-12-27T02:40:43.934+0000] {taskinstance.py:1327} INFO - Marking task as FAILED. dag_id=new_table_and_data_import_dag_v1, task_id=import_data, execution_date=20221227T024029, start_date=20221227T024043, end_date=20221227T024043
[2022-12-27T02:40:43.984+0000] {standard_task_runner.py:105} ERROR - Failed to execute job 93 for task import_data (could not open file "/opt/***/Cash Flow.csv" for reading: No such file or directory
HINT:  COPY FROM instructs the PostgreSQL server process to read a file. You may want a client-side facility such as psql's \copy.
; 653)
[2022-12-27T02:40:44.009+0000] {local_task_job.py:159} INFO - Task exited with return code 1
[2022-12-27T02:40:44.025+0000] {taskinstance.py:2582} INFO - 0 downstream tasks scheduled from follow-on schedule check
