[2023-01-05T09:33:41.233+0000] {taskinstance.py:1087} INFO - Dependencies all met for <TaskInstance: cash_flow_v1.import_data manual__2023-01-05T09:33:29.414711+00:00 [queued]>
[2023-01-05T09:33:41.243+0000] {taskinstance.py:1087} INFO - Dependencies all met for <TaskInstance: cash_flow_v1.import_data manual__2023-01-05T09:33:29.414711+00:00 [queued]>
[2023-01-05T09:33:41.243+0000] {taskinstance.py:1283} INFO - 
--------------------------------------------------------------------------------
[2023-01-05T09:33:41.243+0000] {taskinstance.py:1284} INFO - Starting attempt 1 of 1
[2023-01-05T09:33:41.244+0000] {taskinstance.py:1285} INFO - 
--------------------------------------------------------------------------------
[2023-01-05T09:33:41.294+0000] {taskinstance.py:1304} INFO - Executing <Task(PythonOperator): import_data> on 2023-01-05 09:33:29.414711+00:00
[2023-01-05T09:33:41.299+0000] {standard_task_runner.py:55} INFO - Started process 8158 to run task
[2023-01-05T09:33:41.302+0000] {standard_task_runner.py:82} INFO - Running: ['***', 'tasks', 'run', 'cash_flow_v1', 'import_data', 'manual__2023-01-05T09:33:29.414711+00:00', '--job-id', '209', '--raw', '--subdir', 'DAGS_FOLDER/cash_flow.py', '--cfg-path', '/tmp/tmpzc0zacqa']
[2023-01-05T09:33:41.303+0000] {standard_task_runner.py:83} INFO - Job 209: Subtask import_data
[2023-01-05T09:33:41.380+0000] {task_command.py:389} INFO - Running <TaskInstance: cash_flow_v1.import_data manual__2023-01-05T09:33:29.414711+00:00 [running]> on host d84d515babd0
[2023-01-05T09:33:41.538+0000] {taskinstance.py:1513} INFO - Exporting the following env vars:
AIRFLOW_CTX_DAG_OWNER=***
AIRFLOW_CTX_DAG_ID=cash_flow_v1
AIRFLOW_CTX_TASK_ID=import_data
AIRFLOW_CTX_EXECUTION_DATE=2023-01-05T09:33:29.414711+00:00
AIRFLOW_CTX_TRY_NUMBER=1
AIRFLOW_CTX_DAG_RUN_ID=manual__2023-01-05T09:33:29.414711+00:00
[2023-01-05T09:33:42.396+0000] {python.py:177} INFO - Done. Returned value was: None
[2023-01-05T09:33:42.411+0000] {taskinstance.py:1327} INFO - Marking task as SUCCESS. dag_id=cash_flow_v1, task_id=import_data, execution_date=20230105T093329, start_date=20230105T093341, end_date=20230105T093342
[2023-01-05T09:33:42.636+0000] {local_task_job.py:159} INFO - Task exited with return code 0
[2023-01-05T09:33:42.660+0000] {taskinstance.py:2582} INFO - 0 downstream tasks scheduled from follow-on schedule check
