[2023-01-18T04:16:59.807+0000] {taskinstance.py:1165} INFO - Dependencies all met for <TaskInstance: python_operator_dag_v6.get_info scheduled__2023-01-17T00:00:00+00:00 [queued]>
[2023-01-18T04:16:59.847+0000] {taskinstance.py:1165} INFO - Dependencies all met for <TaskInstance: python_operator_dag_v6.get_info scheduled__2023-01-17T00:00:00+00:00 [queued]>
[2023-01-18T04:16:59.848+0000] {taskinstance.py:1362} INFO - 
--------------------------------------------------------------------------------
[2023-01-18T04:16:59.849+0000] {taskinstance.py:1363} INFO - Starting attempt 1 of 1
[2023-01-18T04:16:59.850+0000] {taskinstance.py:1364} INFO - 
--------------------------------------------------------------------------------
[2023-01-18T04:16:59.906+0000] {taskinstance.py:1383} INFO - Executing <Task(PythonOperator): get_info> on 2023-01-17 00:00:00+00:00
[2023-01-18T04:16:59.915+0000] {standard_task_runner.py:54} INFO - Started process 20 to run task
[2023-01-18T04:16:59.927+0000] {standard_task_runner.py:82} INFO - Running: ['airflow', 'tasks', 'run', 'python_operator_dag_v6', 'get_info', 'scheduled__2023-01-17T00:00:00+00:00', '--job-id', '30', '--raw', '--subdir', 'DAGS_FOLDER/python_operator_dag.py', '--cfg-path', '/tmp/tmpv7mucasz']
[2023-01-18T04:16:59.932+0000] {standard_task_runner.py:83} INFO - Job 30: Subtask get_info
[2023-01-18T04:16:59.937+0000] {dagbag.py:525} INFO - Filling up the DagBag from /opt/airflow/dags/repo/Airflow/dags/python_operator_dag.py
[2023-01-18T04:17:00.312+0000] {task_command.py:384} INFO - Running <TaskInstance: python_operator_dag_v6.get_info scheduled__2023-01-17T00:00:00+00:00 [running]> on host pythonoperatordagv6getinfo-ae2c28e34dc6431c8ec0caa77d6a19ae
[2023-01-18T04:17:04.183+0000] {taskinstance.py:1592} INFO - Exporting the following env vars:
AIRFLOW_CTX_DAG_OWNER=airflow
AIRFLOW_CTX_DAG_ID=python_operator_dag_v6
AIRFLOW_CTX_TASK_ID=get_info
AIRFLOW_CTX_EXECUTION_DATE=2023-01-17T00:00:00+00:00
AIRFLOW_CTX_TRY_NUMBER=1
AIRFLOW_CTX_DAG_RUN_ID=scheduled__2023-01-17T00:00:00+00:00
[2023-01-18T04:17:04.309+0000] {python.py:177} INFO - Done. Returned value was: None
[2023-01-18T04:17:04.345+0000] {taskinstance.py:1406} INFO - Marking task as SUCCESS. dag_id=python_operator_dag_v6, task_id=get_info, execution_date=20230117T000000, start_date=20230118T041659, end_date=20230118T041704
[2023-01-18T04:17:04.446+0000] {local_task_job.py:164} INFO - Task exited with return code 0
[2023-01-18T04:17:04.513+0000] {local_task_job.py:273} INFO - 1 downstream tasks scheduled from follow-on schedule check
