[2022-12-27T02:40:34.288+0000] {taskinstance.py:1087} INFO - Dependencies all met for <TaskInstance: new_table_and_data_import_dag_v1.get_cash_flow_data manual__2022-12-27T02:40:29.409709+00:00 [queued]>
[2022-12-27T02:40:34.295+0000] {taskinstance.py:1087} INFO - Dependencies all met for <TaskInstance: new_table_and_data_import_dag_v1.get_cash_flow_data manual__2022-12-27T02:40:29.409709+00:00 [queued]>
[2022-12-27T02:40:34.296+0000] {taskinstance.py:1283} INFO - 
--------------------------------------------------------------------------------
[2022-12-27T02:40:34.296+0000] {taskinstance.py:1284} INFO - Starting attempt 1 of 1
[2022-12-27T02:40:34.296+0000] {taskinstance.py:1285} INFO - 
--------------------------------------------------------------------------------
[2022-12-27T02:40:34.430+0000] {taskinstance.py:1304} INFO - Executing <Task(PythonOperator): get_cash_flow_data> on 2022-12-27 02:40:29.409709+00:00
[2022-12-27T02:40:34.435+0000] {standard_task_runner.py:55} INFO - Started process 650 to run task
[2022-12-27T02:40:34.438+0000] {standard_task_runner.py:82} INFO - Running: ['***', 'tasks', 'run', 'new_table_and_data_import_dag_v1', 'get_cash_flow_data', 'manual__2022-12-27T02:40:29.409709+00:00', '--job-id', '92', '--raw', '--subdir', 'DAGS_FOLDER/new_table_and_data_import_dag.py', '--cfg-path', '/tmp/tmpeqa6spyp']
[2022-12-27T02:40:34.439+0000] {standard_task_runner.py:83} INFO - Job 92: Subtask get_cash_flow_data
[2022-12-27T02:40:34.651+0000] {task_command.py:389} INFO - Running <TaskInstance: new_table_and_data_import_dag_v1.get_cash_flow_data manual__2022-12-27T02:40:29.409709+00:00 [running]> on host 64867ca07077
[2022-12-27T02:40:35.391+0000] {taskinstance.py:1513} INFO - Exporting the following env vars:
AIRFLOW_CTX_DAG_OWNER=***
AIRFLOW_CTX_DAG_ID=new_table_and_data_import_dag_v1
AIRFLOW_CTX_TASK_ID=get_cash_flow_data
AIRFLOW_CTX_EXECUTION_DATE=2022-12-27T02:40:29.409709+00:00
AIRFLOW_CTX_TRY_NUMBER=1
AIRFLOW_CTX_DAG_RUN_ID=manual__2022-12-27T02:40:29.409709+00:00
[2022-12-27T02:40:41.886+0000] {logging_mixin.py:137} INFO - data created!
[2022-12-27T02:40:41.887+0000] {python.py:177} INFO - Done. Returned value was: None
[2022-12-27T02:40:41.895+0000] {taskinstance.py:1327} INFO - Marking task as SUCCESS. dag_id=new_table_and_data_import_dag_v1, task_id=get_cash_flow_data, execution_date=20221227T024029, start_date=20221227T024034, end_date=20221227T024041
[2022-12-27T02:40:41.993+0000] {local_task_job.py:159} INFO - Task exited with return code 0
[2022-12-27T02:40:42.010+0000] {taskinstance.py:2582} INFO - 1 downstream tasks scheduled from follow-on schedule check
