[2023-01-14T17:34:13.273+0000] {taskinstance.py:1165} INFO - Dependencies all met for <TaskInstance: first_dag_v5.first_task manual__2023-01-14T17:33:09.902338+00:00 [queued]>
[2023-01-14T17:34:13.302+0000] {taskinstance.py:1165} INFO - Dependencies all met for <TaskInstance: first_dag_v5.first_task manual__2023-01-14T17:33:09.902338+00:00 [queued]>
[2023-01-14T17:34:13.303+0000] {taskinstance.py:1362} INFO - 
--------------------------------------------------------------------------------
[2023-01-14T17:34:13.303+0000] {taskinstance.py:1363} INFO - Starting attempt 1 of 1
[2023-01-14T17:34:13.304+0000] {taskinstance.py:1364} INFO - 
--------------------------------------------------------------------------------
[2023-01-14T17:34:13.339+0000] {taskinstance.py:1383} INFO - Executing <Task(BashOperator): first_task> on 2023-01-14 17:33:09.902338+00:00
[2023-01-14T17:34:13.344+0000] {standard_task_runner.py:54} INFO - Started process 20 to run task
[2023-01-14T17:34:13.352+0000] {standard_task_runner.py:82} INFO - Running: ['airflow', 'tasks', 'run', 'first_dag_v5', 'first_task', 'manual__2023-01-14T17:33:09.902338+00:00', '--job-id', '3', '--raw', '--subdir', 'DAGS_FOLDER/first_dag.py', '--cfg-path', '/tmp/tmpfcoeix0z']
[2023-01-14T17:34:13.355+0000] {standard_task_runner.py:83} INFO - Job 3: Subtask first_task
[2023-01-14T17:34:13.358+0000] {dagbag.py:525} INFO - Filling up the DagBag from /opt/airflow/dags/repo/Airflow/dags/first_dag.py
[2023-01-14T17:34:13.651+0000] {task_command.py:384} INFO - Running <TaskInstance: first_dag_v5.first_task manual__2023-01-14T17:33:09.902338+00:00 [running]> on host firstdagv5firsttask-714171b308f3477a854bce8e94dcc182
[2023-01-14T17:34:17.196+0000] {taskinstance.py:1592} INFO - Exporting the following env vars:
AIRFLOW_CTX_DAG_OWNER=airflow
AIRFLOW_CTX_DAG_ID=first_dag_v5
AIRFLOW_CTX_TASK_ID=first_task
AIRFLOW_CTX_EXECUTION_DATE=2023-01-14T17:33:09.902338+00:00
AIRFLOW_CTX_TRY_NUMBER=1
AIRFLOW_CTX_DAG_RUN_ID=manual__2023-01-14T17:33:09.902338+00:00
[2023-01-14T17:34:17.198+0000] {subprocess.py:63} INFO - Tmp dir root location: 
 /tmp
[2023-01-14T17:34:17.200+0000] {subprocess.py:75} INFO - Running command: ['/bin/bash', '-c', 'echo hello world, lmao yeet']
[2023-01-14T17:34:17.222+0000] {subprocess.py:86} INFO - Output:
[2023-01-14T17:34:17.226+0000] {subprocess.py:93} INFO - hello world, lmao yeet
[2023-01-14T17:34:17.227+0000] {subprocess.py:97} INFO - Command exited with return code 0
[2023-01-14T17:34:17.304+0000] {taskinstance.py:1406} INFO - Marking task as SUCCESS. dag_id=first_dag_v5, task_id=first_task, execution_date=20230114T173309, start_date=20230114T173413, end_date=20230114T173417
[2023-01-14T17:34:17.428+0000] {local_task_job.py:164} INFO - Task exited with return code 0
[2023-01-14T17:34:17.524+0000] {local_task_job.py:273} INFO - 2 downstream tasks scheduled from follow-on schedule check
