[2023-01-05T09:33:34.393+0000] {taskinstance.py:1087} INFO - Dependencies all met for <TaskInstance: cash_flow_v1.data_to_csv manual__2023-01-05T09:33:29.414711+00:00 [queued]>
[2023-01-05T09:33:34.402+0000] {taskinstance.py:1087} INFO - Dependencies all met for <TaskInstance: cash_flow_v1.data_to_csv manual__2023-01-05T09:33:29.414711+00:00 [queued]>
[2023-01-05T09:33:34.403+0000] {taskinstance.py:1283} INFO - 
--------------------------------------------------------------------------------
[2023-01-05T09:33:34.403+0000] {taskinstance.py:1284} INFO - Starting attempt 1 of 1
[2023-01-05T09:33:34.403+0000] {taskinstance.py:1285} INFO - 
--------------------------------------------------------------------------------
[2023-01-05T09:33:34.488+0000] {taskinstance.py:1304} INFO - Executing <Task(PythonOperator): data_to_csv> on 2023-01-05 09:33:29.414711+00:00
[2023-01-05T09:33:34.493+0000] {standard_task_runner.py:55} INFO - Started process 8155 to run task
[2023-01-05T09:33:34.497+0000] {standard_task_runner.py:82} INFO - Running: ['***', 'tasks', 'run', 'cash_flow_v1', 'data_to_csv', 'manual__2023-01-05T09:33:29.414711+00:00', '--job-id', '208', '--raw', '--subdir', 'DAGS_FOLDER/cash_flow.py', '--cfg-path', '/tmp/tmpowtt0adx']
[2023-01-05T09:33:34.498+0000] {standard_task_runner.py:83} INFO - Job 208: Subtask data_to_csv
[2023-01-05T09:33:34.644+0000] {task_command.py:389} INFO - Running <TaskInstance: cash_flow_v1.data_to_csv manual__2023-01-05T09:33:29.414711+00:00 [running]> on host d84d515babd0
[2023-01-05T09:33:34.984+0000] {taskinstance.py:1513} INFO - Exporting the following env vars:
AIRFLOW_CTX_DAG_OWNER=***
AIRFLOW_CTX_DAG_ID=cash_flow_v1
AIRFLOW_CTX_TASK_ID=data_to_csv
AIRFLOW_CTX_EXECUTION_DATE=2023-01-05T09:33:29.414711+00:00
AIRFLOW_CTX_TRY_NUMBER=1
AIRFLOW_CTX_DAG_RUN_ID=manual__2023-01-05T09:33:29.414711+00:00
[2023-01-05T09:33:39.171+0000] {python.py:177} INFO - Done. Returned value was: None
[2023-01-05T09:33:39.186+0000] {taskinstance.py:1327} INFO - Marking task as SUCCESS. dag_id=cash_flow_v1, task_id=data_to_csv, execution_date=20230105T093329, start_date=20230105T093334, end_date=20230105T093339
[2023-01-05T09:33:39.400+0000] {local_task_job.py:159} INFO - Task exited with return code 0
[2023-01-05T09:33:39.428+0000] {taskinstance.py:2582} INFO - 1 downstream tasks scheduled from follow-on schedule check
