[2023-01-05T02:18:03.047+0000] {taskinstance.py:1087} INFO - Dependencies all met for <TaskInstance: ticker_to_txt.ticker_to_txt manual__2023-01-05T02:18:01.028695+00:00 [queued]>
[2023-01-05T02:18:03.062+0000] {taskinstance.py:1087} INFO - Dependencies all met for <TaskInstance: ticker_to_txt.ticker_to_txt manual__2023-01-05T02:18:01.028695+00:00 [queued]>
[2023-01-05T02:18:03.062+0000] {taskinstance.py:1283} INFO - 
--------------------------------------------------------------------------------
[2023-01-05T02:18:03.062+0000] {taskinstance.py:1284} INFO - Starting attempt 1 of 1
[2023-01-05T02:18:03.062+0000] {taskinstance.py:1285} INFO - 
--------------------------------------------------------------------------------
[2023-01-05T02:18:03.311+0000] {taskinstance.py:1304} INFO - Executing <Task(PythonOperator): ticker_to_txt> on 2023-01-05 02:18:01.028695+00:00
[2023-01-05T02:18:03.315+0000] {standard_task_runner.py:55} INFO - Started process 80285 to run task
[2023-01-05T02:18:03.318+0000] {standard_task_runner.py:82} INFO - Running: ['***', 'tasks', 'run', 'ticker_to_txt', 'ticker_to_txt', 'manual__2023-01-05T02:18:01.028695+00:00', '--job-id', '184', '--raw', '--subdir', 'DAGS_FOLDER/ticker.py', '--cfg-path', '/tmp/tmpikfy3_wc']
[2023-01-05T02:18:03.319+0000] {standard_task_runner.py:83} INFO - Job 184: Subtask ticker_to_txt
[2023-01-05T02:18:03.401+0000] {task_command.py:389} INFO - Running <TaskInstance: ticker_to_txt.ticker_to_txt manual__2023-01-05T02:18:01.028695+00:00 [running]> on host a247bc2e8348
[2023-01-05T02:18:03.695+0000] {taskinstance.py:1513} INFO - Exporting the following env vars:
AIRFLOW_CTX_DAG_OWNER=***
AIRFLOW_CTX_DAG_ID=ticker_to_txt
AIRFLOW_CTX_TASK_ID=ticker_to_txt
AIRFLOW_CTX_EXECUTION_DATE=2023-01-05T02:18:01.028695+00:00
AIRFLOW_CTX_TRY_NUMBER=1
AIRFLOW_CTX_DAG_RUN_ID=manual__2023-01-05T02:18:01.028695+00:00
[2023-01-05T02:18:04.601+0000] {logging_mixin.py:137} INFO - Save ticker successfully!
[2023-01-05T02:18:04.601+0000] {python.py:177} INFO - Done. Returned value was: None
[2023-01-05T02:18:04.609+0000] {taskinstance.py:1327} INFO - Marking task as SUCCESS. dag_id=ticker_to_txt, task_id=ticker_to_txt, execution_date=20230105T021801, start_date=20230105T021803, end_date=20230105T021804
[2023-01-05T02:18:04.816+0000] {local_task_job.py:159} INFO - Task exited with return code 0
[2023-01-05T02:18:04.830+0000] {taskinstance.py:2582} INFO - 0 downstream tasks scheduled from follow-on schedule check
