[2023-01-17T13:57:46.670+0000] {taskinstance.py:1165} INFO - Dependencies all met for <TaskInstance: python_operator_dag_v6.get_info scheduled__2023-01-16T00:00:00+00:00 [queued]>
[2023-01-17T13:57:46.705+0000] {taskinstance.py:1165} INFO - Dependencies all met for <TaskInstance: python_operator_dag_v6.get_info scheduled__2023-01-16T00:00:00+00:00 [queued]>
[2023-01-17T13:57:46.706+0000] {taskinstance.py:1362} INFO - 
--------------------------------------------------------------------------------
[2023-01-17T13:57:46.707+0000] {taskinstance.py:1363} INFO - Starting attempt 1 of 1
[2023-01-17T13:57:46.707+0000] {taskinstance.py:1364} INFO - 
--------------------------------------------------------------------------------
[2023-01-17T13:57:46.752+0000] {taskinstance.py:1383} INFO - Executing <Task(PythonOperator): get_info> on 2023-01-16 00:00:00+00:00
[2023-01-17T13:57:46.762+0000] {standard_task_runner.py:54} INFO - Started process 21 to run task
[2023-01-17T13:57:46.776+0000] {standard_task_runner.py:82} INFO - Running: ['airflow', 'tasks', 'run', 'python_operator_dag_v6', 'get_info', 'scheduled__2023-01-16T00:00:00+00:00', '--job-id', '20', '--raw', '--subdir', 'DAGS_FOLDER/python_operator_dag.py', '--cfg-path', '/tmp/tmpks93gqgw']
[2023-01-17T13:57:46.781+0000] {standard_task_runner.py:83} INFO - Job 20: Subtask get_info
[2023-01-17T13:57:46.786+0000] {dagbag.py:525} INFO - Filling up the DagBag from /opt/airflow/dags/repo/Airflow/dags/python_operator_dag.py
[2023-01-17T13:57:47.141+0000] {task_command.py:384} INFO - Running <TaskInstance: python_operator_dag_v6.get_info scheduled__2023-01-16T00:00:00+00:00 [running]> on host pythonoperatordagv6getinfo-8568b92906c04eb1b5dd55ca573850b7
[2023-01-17T13:57:50.489+0000] {taskinstance.py:1592} INFO - Exporting the following env vars:
AIRFLOW_CTX_DAG_OWNER=airflow
AIRFLOW_CTX_DAG_ID=python_operator_dag_v6
AIRFLOW_CTX_TASK_ID=get_info
AIRFLOW_CTX_EXECUTION_DATE=2023-01-16T00:00:00+00:00
AIRFLOW_CTX_TRY_NUMBER=1
AIRFLOW_CTX_DAG_RUN_ID=scheduled__2023-01-16T00:00:00+00:00
[2023-01-17T13:57:50.585+0000] {python.py:177} INFO - Done. Returned value was: None
[2023-01-17T13:57:50.612+0000] {taskinstance.py:1406} INFO - Marking task as SUCCESS. dag_id=python_operator_dag_v6, task_id=get_info, execution_date=20230116T000000, start_date=20230117T135746, end_date=20230117T135750
[2023-01-17T13:57:50.689+0000] {local_task_job.py:164} INFO - Task exited with return code 0
[2023-01-17T13:57:50.751+0000] {local_task_job.py:273} INFO - 1 downstream tasks scheduled from follow-on schedule check
