[2022-12-14T02:45:51.937+0000] {processor.py:153} INFO - Started process (PID=522) to work on /opt/airflow/dags/first_dag.py
[2022-12-14T02:45:51.940+0000] {processor.py:743} INFO - Processing file /opt/airflow/dags/first_dag.py for tasks to queue
[2022-12-14T02:45:51.942+0000] {logging_mixin.py:137} INFO - [2022-12-14T02:45:51.942+0000] {dagbag.py:538} INFO - Filling up the DagBag from /opt/airflow/dags/first_dag.py
[2022-12-14T02:45:52.010+0000] {processor.py:753} INFO - DAG(s) dict_keys(['first_dag_v5']) retrieved from /opt/airflow/dags/first_dag.py
[2022-12-14T02:45:52.280+0000] {logging_mixin.py:137} INFO - [2022-12-14T02:45:52.280+0000] {dag.py:2676} INFO - Sync 1 DAGs
[2022-12-14T02:45:52.344+0000] {logging_mixin.py:137} INFO - [2022-12-14T02:45:52.344+0000] {dag.py:3427} INFO - Setting next_dagrun for first_dag_v5 to 2022-12-13T00:00:00+00:00, run_after=2022-12-14T00:00:00+00:00
[2022-12-14T02:45:52.604+0000] {processor.py:175} INFO - Processing /opt/airflow/dags/first_dag.py took 0.677 seconds
[2022-12-14T02:46:22.794+0000] {processor.py:153} INFO - Started process (PID=586) to work on /opt/airflow/dags/first_dag.py
[2022-12-14T02:46:22.833+0000] {processor.py:743} INFO - Processing file /opt/airflow/dags/first_dag.py for tasks to queue
[2022-12-14T02:46:22.835+0000] {logging_mixin.py:137} INFO - [2022-12-14T02:46:22.835+0000] {dagbag.py:538} INFO - Filling up the DagBag from /opt/airflow/dags/first_dag.py
[2022-12-14T02:46:22.868+0000] {processor.py:753} INFO - DAG(s) dict_keys(['first_dag_v5']) retrieved from /opt/airflow/dags/first_dag.py
[2022-12-14T02:46:22.917+0000] {logging_mixin.py:137} INFO - [2022-12-14T02:46:22.917+0000] {dag.py:2676} INFO - Sync 1 DAGs
[2022-12-14T02:46:22.957+0000] {logging_mixin.py:137} INFO - [2022-12-14T02:46:22.957+0000] {dag.py:3427} INFO - Setting next_dagrun for first_dag_v5 to 2022-12-13T00:00:00+00:00, run_after=2022-12-14T00:00:00+00:00
[2022-12-14T02:46:23.005+0000] {processor.py:175} INFO - Processing /opt/airflow/dags/first_dag.py took 0.214 seconds
[2022-12-14T02:46:53.932+0000] {processor.py:153} INFO - Started process (PID=630) to work on /opt/airflow/dags/first_dag.py
[2022-12-14T02:46:53.968+0000] {processor.py:743} INFO - Processing file /opt/airflow/dags/first_dag.py for tasks to queue
[2022-12-14T02:46:53.970+0000] {logging_mixin.py:137} INFO - [2022-12-14T02:46:53.969+0000] {dagbag.py:538} INFO - Filling up the DagBag from /opt/airflow/dags/first_dag.py
[2022-12-14T02:46:54.022+0000] {processor.py:753} INFO - DAG(s) dict_keys(['first_dag_v5']) retrieved from /opt/airflow/dags/first_dag.py
[2022-12-14T02:46:54.135+0000] {logging_mixin.py:137} INFO - [2022-12-14T02:46:54.135+0000] {dag.py:2676} INFO - Sync 1 DAGs
[2022-12-14T02:46:54.245+0000] {logging_mixin.py:137} INFO - [2022-12-14T02:46:54.244+0000] {dag.py:3427} INFO - Setting next_dagrun for first_dag_v5 to 2022-12-13T00:00:00+00:00, run_after=2022-12-14T00:00:00+00:00
[2022-12-14T02:46:54.399+0000] {processor.py:175} INFO - Processing /opt/airflow/dags/first_dag.py took 0.476 seconds
[2022-12-14T02:47:26.274+0000] {processor.py:153} INFO - Started process (PID=674) to work on /opt/airflow/dags/first_dag.py
[2022-12-14T02:47:26.693+0000] {processor.py:743} INFO - Processing file /opt/airflow/dags/first_dag.py for tasks to queue
[2022-12-14T02:47:26.696+0000] {logging_mixin.py:137} INFO - [2022-12-14T02:47:26.695+0000] {dagbag.py:538} INFO - Filling up the DagBag from /opt/airflow/dags/first_dag.py
[2022-12-14T02:47:26.761+0000] {processor.py:753} INFO - DAG(s) dict_keys(['first_dag_v5']) retrieved from /opt/airflow/dags/first_dag.py
[2022-12-14T02:47:26.886+0000] {logging_mixin.py:137} INFO - [2022-12-14T02:47:26.886+0000] {dag.py:2676} INFO - Sync 1 DAGs
[2022-12-14T02:47:26.999+0000] {logging_mixin.py:137} INFO - [2022-12-14T02:47:26.998+0000] {dag.py:3427} INFO - Setting next_dagrun for first_dag_v5 to 2022-12-13T00:00:00+00:00, run_after=2022-12-14T00:00:00+00:00
[2022-12-14T02:47:27.546+0000] {processor.py:175} INFO - Processing /opt/airflow/dags/first_dag.py took 1.282 seconds
[2022-12-14T02:47:58.497+0000] {processor.py:153} INFO - Started process (PID=718) to work on /opt/airflow/dags/first_dag.py
[2022-12-14T02:47:58.934+0000] {processor.py:743} INFO - Processing file /opt/airflow/dags/first_dag.py for tasks to queue
[2022-12-14T02:47:58.936+0000] {logging_mixin.py:137} INFO - [2022-12-14T02:47:58.936+0000] {dagbag.py:538} INFO - Filling up the DagBag from /opt/airflow/dags/first_dag.py
[2022-12-14T02:47:58.995+0000] {processor.py:753} INFO - DAG(s) dict_keys(['first_dag_v5']) retrieved from /opt/airflow/dags/first_dag.py
[2022-12-14T02:47:59.125+0000] {logging_mixin.py:137} INFO - [2022-12-14T02:47:59.125+0000] {dag.py:2676} INFO - Sync 1 DAGs
[2022-12-14T02:47:59.248+0000] {logging_mixin.py:137} INFO - [2022-12-14T02:47:59.248+0000] {dag.py:3427} INFO - Setting next_dagrun for first_dag_v5 to 2022-12-13T00:00:00+00:00, run_after=2022-12-14T00:00:00+00:00
[2022-12-14T02:47:59.859+0000] {processor.py:175} INFO - Processing /opt/airflow/dags/first_dag.py took 1.374 seconds
[2022-12-14T02:48:30.042+0000] {processor.py:153} INFO - Started process (PID=762) to work on /opt/airflow/dags/first_dag.py
[2022-12-14T02:48:30.254+0000] {processor.py:743} INFO - Processing file /opt/airflow/dags/first_dag.py for tasks to queue
[2022-12-14T02:48:30.256+0000] {logging_mixin.py:137} INFO - [2022-12-14T02:48:30.256+0000] {dagbag.py:538} INFO - Filling up the DagBag from /opt/airflow/dags/first_dag.py
[2022-12-14T02:48:30.312+0000] {processor.py:753} INFO - DAG(s) dict_keys(['first_dag_v5']) retrieved from /opt/airflow/dags/first_dag.py
[2022-12-14T02:48:30.440+0000] {logging_mixin.py:137} INFO - [2022-12-14T02:48:30.440+0000] {dag.py:2676} INFO - Sync 1 DAGs
[2022-12-14T02:48:30.536+0000] {logging_mixin.py:137} INFO - [2022-12-14T02:48:30.536+0000] {dag.py:3427} INFO - Setting next_dagrun for first_dag_v5 to 2022-12-13T00:00:00+00:00, run_after=2022-12-14T00:00:00+00:00
[2022-12-14T02:48:32.126+0000] {processor.py:175} INFO - Processing /opt/airflow/dags/first_dag.py took 2.094 seconds
[2022-12-14T02:49:02.252+0000] {processor.py:153} INFO - Started process (PID=806) to work on /opt/airflow/dags/first_dag.py
[2022-12-14T02:49:02.455+0000] {processor.py:743} INFO - Processing file /opt/airflow/dags/first_dag.py for tasks to queue
[2022-12-14T02:49:02.457+0000] {logging_mixin.py:137} INFO - [2022-12-14T02:49:02.457+0000] {dagbag.py:538} INFO - Filling up the DagBag from /opt/airflow/dags/first_dag.py
[2022-12-14T02:49:02.505+0000] {processor.py:753} INFO - DAG(s) dict_keys(['first_dag_v5']) retrieved from /opt/airflow/dags/first_dag.py
[2022-12-14T02:49:02.607+0000] {logging_mixin.py:137} INFO - [2022-12-14T02:49:02.606+0000] {dag.py:2676} INFO - Sync 1 DAGs
[2022-12-14T02:49:02.683+0000] {logging_mixin.py:137} INFO - [2022-12-14T02:49:02.682+0000] {dag.py:3427} INFO - Setting next_dagrun for first_dag_v5 to 2022-12-13T00:00:00+00:00, run_after=2022-12-14T00:00:00+00:00
[2022-12-14T02:49:03.230+0000] {processor.py:175} INFO - Processing /opt/airflow/dags/first_dag.py took 0.982 seconds
[2022-12-14T02:49:33.282+0000] {processor.py:153} INFO - Started process (PID=850) to work on /opt/airflow/dags/first_dag.py
[2022-12-14T02:49:33.657+0000] {processor.py:743} INFO - Processing file /opt/airflow/dags/first_dag.py for tasks to queue
[2022-12-14T02:49:33.659+0000] {logging_mixin.py:137} INFO - [2022-12-14T02:49:33.658+0000] {dagbag.py:538} INFO - Filling up the DagBag from /opt/airflow/dags/first_dag.py
[2022-12-14T02:49:33.711+0000] {processor.py:753} INFO - DAG(s) dict_keys(['first_dag_v5']) retrieved from /opt/airflow/dags/first_dag.py
[2022-12-14T02:49:33.806+0000] {logging_mixin.py:137} INFO - [2022-12-14T02:49:33.806+0000] {dag.py:2676} INFO - Sync 1 DAGs
[2022-12-14T02:49:33.884+0000] {logging_mixin.py:137} INFO - [2022-12-14T02:49:33.884+0000] {dag.py:3427} INFO - Setting next_dagrun for first_dag_v5 to 2022-12-13T00:00:00+00:00, run_after=2022-12-14T00:00:00+00:00
[2022-12-14T02:49:35.179+0000] {processor.py:175} INFO - Processing /opt/airflow/dags/first_dag.py took 1.904 seconds
[2022-12-14T02:50:05.459+0000] {processor.py:153} INFO - Started process (PID=894) to work on /opt/airflow/dags/first_dag.py
[2022-12-14T02:50:05.504+0000] {processor.py:743} INFO - Processing file /opt/airflow/dags/first_dag.py for tasks to queue
[2022-12-14T02:50:05.506+0000] {logging_mixin.py:137} INFO - [2022-12-14T02:50:05.506+0000] {dagbag.py:538} INFO - Filling up the DagBag from /opt/airflow/dags/first_dag.py
[2022-12-14T02:50:05.559+0000] {processor.py:753} INFO - DAG(s) dict_keys(['first_dag_v5']) retrieved from /opt/airflow/dags/first_dag.py
[2022-12-14T02:50:05.676+0000] {logging_mixin.py:137} INFO - [2022-12-14T02:50:05.675+0000] {dag.py:2676} INFO - Sync 1 DAGs
[2022-12-14T02:50:05.766+0000] {logging_mixin.py:137} INFO - [2022-12-14T02:50:05.766+0000] {dag.py:3427} INFO - Setting next_dagrun for first_dag_v5 to 2022-12-13T00:00:00+00:00, run_after=2022-12-14T00:00:00+00:00
[2022-12-14T02:50:05.857+0000] {processor.py:175} INFO - Processing /opt/airflow/dags/first_dag.py took 0.409 seconds
[2022-12-14T02:50:36.596+0000] {processor.py:153} INFO - Started process (PID=938) to work on /opt/airflow/dags/first_dag.py
[2022-12-14T02:50:36.618+0000] {processor.py:743} INFO - Processing file /opt/airflow/dags/first_dag.py for tasks to queue
[2022-12-14T02:50:36.620+0000] {logging_mixin.py:137} INFO - [2022-12-14T02:50:36.620+0000] {dagbag.py:538} INFO - Filling up the DagBag from /opt/airflow/dags/first_dag.py
[2022-12-14T02:50:36.672+0000] {processor.py:753} INFO - DAG(s) dict_keys(['first_dag_v5']) retrieved from /opt/airflow/dags/first_dag.py
[2022-12-14T02:50:36.783+0000] {logging_mixin.py:137} INFO - [2022-12-14T02:50:36.783+0000] {dag.py:2676} INFO - Sync 1 DAGs
[2022-12-14T02:50:36.867+0000] {logging_mixin.py:137} INFO - [2022-12-14T02:50:36.866+0000] {dag.py:3427} INFO - Setting next_dagrun for first_dag_v5 to 2022-12-13T00:00:00+00:00, run_after=2022-12-14T00:00:00+00:00
[2022-12-14T02:50:37.006+0000] {processor.py:175} INFO - Processing /opt/airflow/dags/first_dag.py took 0.419 seconds
[2022-12-14T02:51:07.306+0000] {processor.py:153} INFO - Started process (PID=1001) to work on /opt/airflow/dags/first_dag.py
[2022-12-14T02:51:07.339+0000] {processor.py:743} INFO - Processing file /opt/airflow/dags/first_dag.py for tasks to queue
[2022-12-14T02:51:07.340+0000] {logging_mixin.py:137} INFO - [2022-12-14T02:51:07.340+0000] {dagbag.py:538} INFO - Filling up the DagBag from /opt/airflow/dags/first_dag.py
[2022-12-14T02:51:07.356+0000] {processor.py:753} INFO - DAG(s) dict_keys(['first_dag_v5']) retrieved from /opt/airflow/dags/first_dag.py
[2022-12-14T02:51:07.390+0000] {logging_mixin.py:137} INFO - [2022-12-14T02:51:07.390+0000] {dag.py:2676} INFO - Sync 1 DAGs
[2022-12-14T02:51:07.447+0000] {logging_mixin.py:137} INFO - [2022-12-14T02:51:07.447+0000] {dag.py:3427} INFO - Setting next_dagrun for first_dag_v5 to 2022-12-13T00:00:00+00:00, run_after=2022-12-14T00:00:00+00:00
[2022-12-14T02:51:07.515+0000] {processor.py:175} INFO - Processing /opt/airflow/dags/first_dag.py took 0.217 seconds
[2022-12-14T02:51:38.045+0000] {processor.py:153} INFO - Started process (PID=1045) to work on /opt/airflow/dags/first_dag.py
[2022-12-14T02:51:38.048+0000] {processor.py:743} INFO - Processing file /opt/airflow/dags/first_dag.py for tasks to queue
[2022-12-14T02:51:38.050+0000] {logging_mixin.py:137} INFO - [2022-12-14T02:51:38.049+0000] {dagbag.py:538} INFO - Filling up the DagBag from /opt/airflow/dags/first_dag.py
[2022-12-14T02:51:38.110+0000] {processor.py:753} INFO - DAG(s) dict_keys(['first_dag_v5']) retrieved from /opt/airflow/dags/first_dag.py
[2022-12-14T02:51:38.169+0000] {logging_mixin.py:137} INFO - [2022-12-14T02:51:38.169+0000] {dag.py:2676} INFO - Sync 1 DAGs
[2022-12-14T02:51:38.199+0000] {logging_mixin.py:137} INFO - [2022-12-14T02:51:38.199+0000] {dag.py:3427} INFO - Setting next_dagrun for first_dag_v5 to 2022-12-13T00:00:00+00:00, run_after=2022-12-14T00:00:00+00:00
[2022-12-14T02:51:38.253+0000] {processor.py:175} INFO - Processing /opt/airflow/dags/first_dag.py took 0.221 seconds
[2022-12-14T02:52:08.737+0000] {processor.py:153} INFO - Started process (PID=1089) to work on /opt/airflow/dags/first_dag.py
[2022-12-14T02:52:08.758+0000] {processor.py:743} INFO - Processing file /opt/airflow/dags/first_dag.py for tasks to queue
[2022-12-14T02:52:08.760+0000] {logging_mixin.py:137} INFO - [2022-12-14T02:52:08.760+0000] {dagbag.py:538} INFO - Filling up the DagBag from /opt/airflow/dags/first_dag.py
[2022-12-14T02:52:08.812+0000] {processor.py:753} INFO - DAG(s) dict_keys(['first_dag_v5']) retrieved from /opt/airflow/dags/first_dag.py
[2022-12-14T02:52:08.931+0000] {logging_mixin.py:137} INFO - [2022-12-14T02:52:08.930+0000] {dag.py:2676} INFO - Sync 1 DAGs
[2022-12-14T02:52:09.035+0000] {logging_mixin.py:137} INFO - [2022-12-14T02:52:09.035+0000] {dag.py:3427} INFO - Setting next_dagrun for first_dag_v5 to 2022-12-13T00:00:00+00:00, run_after=2022-12-14T00:00:00+00:00
[2022-12-14T02:52:09.116+0000] {processor.py:175} INFO - Processing /opt/airflow/dags/first_dag.py took 0.388 seconds
[2022-12-14T02:52:39.527+0000] {processor.py:153} INFO - Started process (PID=1153) to work on /opt/airflow/dags/first_dag.py
[2022-12-14T02:52:39.529+0000] {processor.py:743} INFO - Processing file /opt/airflow/dags/first_dag.py for tasks to queue
[2022-12-14T02:52:39.530+0000] {logging_mixin.py:137} INFO - [2022-12-14T02:52:39.530+0000] {dagbag.py:538} INFO - Filling up the DagBag from /opt/airflow/dags/first_dag.py
[2022-12-14T02:52:39.585+0000] {processor.py:753} INFO - DAG(s) dict_keys(['first_dag_v5']) retrieved from /opt/airflow/dags/first_dag.py
[2022-12-14T02:52:39.698+0000] {logging_mixin.py:137} INFO - [2022-12-14T02:52:39.698+0000] {dag.py:2676} INFO - Sync 1 DAGs
[2022-12-14T02:52:39.788+0000] {logging_mixin.py:137} INFO - [2022-12-14T02:52:39.788+0000] {dag.py:3427} INFO - Setting next_dagrun for first_dag_v5 to 2022-12-13T00:00:00+00:00, run_after=2022-12-14T00:00:00+00:00
[2022-12-14T02:52:39.936+0000] {processor.py:175} INFO - Processing /opt/airflow/dags/first_dag.py took 0.419 seconds
[2022-12-14T02:53:10.082+0000] {processor.py:153} INFO - Started process (PID=1197) to work on /opt/airflow/dags/first_dag.py
[2022-12-14T02:53:10.156+0000] {processor.py:743} INFO - Processing file /opt/airflow/dags/first_dag.py for tasks to queue
[2022-12-14T02:53:10.158+0000] {logging_mixin.py:137} INFO - [2022-12-14T02:53:10.158+0000] {dagbag.py:538} INFO - Filling up the DagBag from /opt/airflow/dags/first_dag.py
[2022-12-14T02:53:10.215+0000] {processor.py:753} INFO - DAG(s) dict_keys(['first_dag_v5']) retrieved from /opt/airflow/dags/first_dag.py
[2022-12-14T02:53:10.331+0000] {logging_mixin.py:137} INFO - [2022-12-14T02:53:10.331+0000] {dag.py:2676} INFO - Sync 1 DAGs
[2022-12-14T02:53:10.429+0000] {logging_mixin.py:137} INFO - [2022-12-14T02:53:10.429+0000] {dag.py:3427} INFO - Setting next_dagrun for first_dag_v5 to 2022-12-13T00:00:00+00:00, run_after=2022-12-14T00:00:00+00:00
[2022-12-14T02:53:10.576+0000] {processor.py:175} INFO - Processing /opt/airflow/dags/first_dag.py took 0.504 seconds
[2022-12-14T02:53:41.014+0000] {processor.py:153} INFO - Started process (PID=1241) to work on /opt/airflow/dags/first_dag.py
[2022-12-14T02:53:41.034+0000] {processor.py:743} INFO - Processing file /opt/airflow/dags/first_dag.py for tasks to queue
[2022-12-14T02:53:41.036+0000] {logging_mixin.py:137} INFO - [2022-12-14T02:53:41.036+0000] {dagbag.py:538} INFO - Filling up the DagBag from /opt/airflow/dags/first_dag.py
[2022-12-14T02:53:41.076+0000] {processor.py:753} INFO - DAG(s) dict_keys(['first_dag_v5']) retrieved from /opt/airflow/dags/first_dag.py
[2022-12-14T02:53:41.191+0000] {logging_mixin.py:137} INFO - [2022-12-14T02:53:41.190+0000] {dag.py:2676} INFO - Sync 1 DAGs
[2022-12-14T02:53:41.293+0000] {logging_mixin.py:137} INFO - [2022-12-14T02:53:41.293+0000] {dag.py:3427} INFO - Setting next_dagrun for first_dag_v5 to 2022-12-13T00:00:00+00:00, run_after=2022-12-14T00:00:00+00:00
[2022-12-14T02:53:41.386+0000] {processor.py:175} INFO - Processing /opt/airflow/dags/first_dag.py took 0.381 seconds
[2022-12-14T02:54:11.536+0000] {processor.py:153} INFO - Started process (PID=1305) to work on /opt/airflow/dags/first_dag.py
[2022-12-14T02:54:11.536+0000] {processor.py:743} INFO - Processing file /opt/airflow/dags/first_dag.py for tasks to queue
[2022-12-14T02:54:11.537+0000] {logging_mixin.py:137} INFO - [2022-12-14T02:54:11.537+0000] {dagbag.py:538} INFO - Filling up the DagBag from /opt/airflow/dags/first_dag.py
[2022-12-14T02:54:11.552+0000] {processor.py:753} INFO - DAG(s) dict_keys(['first_dag_v5']) retrieved from /opt/airflow/dags/first_dag.py
[2022-12-14T02:54:11.587+0000] {logging_mixin.py:137} INFO - [2022-12-14T02:54:11.587+0000] {dag.py:2676} INFO - Sync 1 DAGs
[2022-12-14T02:54:11.613+0000] {logging_mixin.py:137} INFO - [2022-12-14T02:54:11.613+0000] {dag.py:3427} INFO - Setting next_dagrun for first_dag_v5 to 2022-12-13T00:00:00+00:00, run_after=2022-12-14T00:00:00+00:00
[2022-12-14T02:54:11.747+0000] {processor.py:175} INFO - Processing /opt/airflow/dags/first_dag.py took 0.214 seconds
[2022-12-14T02:54:42.164+0000] {processor.py:153} INFO - Started process (PID=1349) to work on /opt/airflow/dags/first_dag.py
[2022-12-14T02:54:42.174+0000] {processor.py:743} INFO - Processing file /opt/airflow/dags/first_dag.py for tasks to queue
[2022-12-14T02:54:42.176+0000] {logging_mixin.py:137} INFO - [2022-12-14T02:54:42.175+0000] {dagbag.py:538} INFO - Filling up the DagBag from /opt/airflow/dags/first_dag.py
[2022-12-14T02:54:42.232+0000] {processor.py:753} INFO - DAG(s) dict_keys(['first_dag_v5']) retrieved from /opt/airflow/dags/first_dag.py
[2022-12-14T02:54:42.347+0000] {logging_mixin.py:137} INFO - [2022-12-14T02:54:42.346+0000] {dag.py:2676} INFO - Sync 1 DAGs
[2022-12-14T02:54:42.444+0000] {logging_mixin.py:137} INFO - [2022-12-14T02:54:42.444+0000] {dag.py:3427} INFO - Setting next_dagrun for first_dag_v5 to 2022-12-13T00:00:00+00:00, run_after=2022-12-14T00:00:00+00:00
[2022-12-14T02:54:42.543+0000] {processor.py:175} INFO - Processing /opt/airflow/dags/first_dag.py took 0.389 seconds
[2022-12-14T02:55:13.326+0000] {processor.py:153} INFO - Started process (PID=1393) to work on /opt/airflow/dags/first_dag.py
[2022-12-14T02:55:13.328+0000] {processor.py:743} INFO - Processing file /opt/airflow/dags/first_dag.py for tasks to queue
[2022-12-14T02:55:13.330+0000] {logging_mixin.py:137} INFO - [2022-12-14T02:55:13.329+0000] {dagbag.py:538} INFO - Filling up the DagBag from /opt/airflow/dags/first_dag.py
[2022-12-14T02:55:13.391+0000] {processor.py:753} INFO - DAG(s) dict_keys(['first_dag_v5']) retrieved from /opt/airflow/dags/first_dag.py
[2022-12-14T02:55:13.518+0000] {logging_mixin.py:137} INFO - [2022-12-14T02:55:13.518+0000] {dag.py:2676} INFO - Sync 1 DAGs
[2022-12-14T02:55:13.619+0000] {logging_mixin.py:137} INFO - [2022-12-14T02:55:13.618+0000] {dag.py:3427} INFO - Setting next_dagrun for first_dag_v5 to 2022-12-13T00:00:00+00:00, run_after=2022-12-14T00:00:00+00:00
[2022-12-14T02:55:13.813+0000] {processor.py:175} INFO - Processing /opt/airflow/dags/first_dag.py took 0.497 seconds
[2022-12-14T02:55:44.343+0000] {processor.py:153} INFO - Started process (PID=1457) to work on /opt/airflow/dags/first_dag.py
[2022-12-14T02:55:44.389+0000] {processor.py:743} INFO - Processing file /opt/airflow/dags/first_dag.py for tasks to queue
[2022-12-14T02:55:44.391+0000] {logging_mixin.py:137} INFO - [2022-12-14T02:55:44.390+0000] {dagbag.py:538} INFO - Filling up the DagBag from /opt/airflow/dags/first_dag.py
[2022-12-14T02:55:44.424+0000] {processor.py:753} INFO - DAG(s) dict_keys(['first_dag_v5']) retrieved from /opt/airflow/dags/first_dag.py
[2022-12-14T02:55:44.466+0000] {logging_mixin.py:137} INFO - [2022-12-14T02:55:44.465+0000] {dag.py:2676} INFO - Sync 1 DAGs
[2022-12-14T02:55:44.522+0000] {logging_mixin.py:137} INFO - [2022-12-14T02:55:44.522+0000] {dag.py:3427} INFO - Setting next_dagrun for first_dag_v5 to 2022-12-13T00:00:00+00:00, run_after=2022-12-14T00:00:00+00:00
[2022-12-14T02:55:44.601+0000] {processor.py:175} INFO - Processing /opt/airflow/dags/first_dag.py took 0.261 seconds
[2022-12-14T02:56:15.291+0000] {processor.py:153} INFO - Started process (PID=1501) to work on /opt/airflow/dags/first_dag.py
[2022-12-14T02:56:15.293+0000] {processor.py:743} INFO - Processing file /opt/airflow/dags/first_dag.py for tasks to queue
[2022-12-14T02:56:15.296+0000] {logging_mixin.py:137} INFO - [2022-12-14T02:56:15.295+0000] {dagbag.py:538} INFO - Filling up the DagBag from /opt/airflow/dags/first_dag.py
[2022-12-14T02:56:15.350+0000] {processor.py:753} INFO - DAG(s) dict_keys(['first_dag_v5']) retrieved from /opt/airflow/dags/first_dag.py
[2022-12-14T02:56:15.465+0000] {logging_mixin.py:137} INFO - [2022-12-14T02:56:15.464+0000] {dag.py:2676} INFO - Sync 1 DAGs
[2022-12-14T02:56:15.550+0000] {logging_mixin.py:137} INFO - [2022-12-14T02:56:15.549+0000] {dag.py:3427} INFO - Setting next_dagrun for first_dag_v5 to 2022-12-13T00:00:00+00:00, run_after=2022-12-14T00:00:00+00:00
[2022-12-14T02:56:16.042+0000] {processor.py:175} INFO - Processing /opt/airflow/dags/first_dag.py took 0.759 seconds
