[2022-12-14T02:45:46.722+0000] {processor.py:153} INFO - Started process (PID=520) to work on /opt/airflow/dags/postgres_operator_dag.py
[2022-12-14T02:45:46.724+0000] {processor.py:743} INFO - Processing file /opt/airflow/dags/postgres_operator_dag.py for tasks to queue
[2022-12-14T02:45:46.726+0000] {logging_mixin.py:137} INFO - [2022-12-14T02:45:46.726+0000] {dagbag.py:538} INFO - Filling up the DagBag from /opt/airflow/dags/postgres_operator_dag.py
[2022-12-14T02:45:51.403+0000] {processor.py:753} INFO - DAG(s) dict_keys(['postgres_operator_dag_v1']) retrieved from /opt/airflow/dags/postgres_operator_dag.py
[2022-12-14T02:45:51.683+0000] {logging_mixin.py:137} INFO - [2022-12-14T02:45:51.683+0000] {dag.py:2676} INFO - Sync 1 DAGs
[2022-12-14T02:45:51.776+0000] {logging_mixin.py:137} INFO - [2022-12-14T02:45:51.775+0000] {dag.py:3427} INFO - Setting next_dagrun for postgres_operator_dag_v1 to 2022-12-13T00:00:00+00:00, run_after=2022-12-14T00:00:00+00:00
[2022-12-14T02:45:51.865+0000] {processor.py:175} INFO - Processing /opt/airflow/dags/postgres_operator_dag.py took 5.154 seconds
[2022-12-14T02:46:22.221+0000] {processor.py:153} INFO - Started process (PID=573) to work on /opt/airflow/dags/postgres_operator_dag.py
[2022-12-14T02:46:22.235+0000] {processor.py:743} INFO - Processing file /opt/airflow/dags/postgres_operator_dag.py for tasks to queue
[2022-12-14T02:46:22.236+0000] {logging_mixin.py:137} INFO - [2022-12-14T02:46:22.235+0000] {dagbag.py:538} INFO - Filling up the DagBag from /opt/airflow/dags/postgres_operator_dag.py
[2022-12-14T02:46:22.284+0000] {processor.py:753} INFO - DAG(s) dict_keys(['postgres_operator_dag_v1']) retrieved from /opt/airflow/dags/postgres_operator_dag.py
[2022-12-14T02:46:22.350+0000] {logging_mixin.py:137} INFO - [2022-12-14T02:46:22.349+0000] {dag.py:2676} INFO - Sync 1 DAGs
[2022-12-14T02:46:22.394+0000] {logging_mixin.py:137} INFO - [2022-12-14T02:46:22.393+0000] {dag.py:3427} INFO - Setting next_dagrun for postgres_operator_dag_v1 to 2022-12-13T00:00:00+00:00, run_after=2022-12-14T00:00:00+00:00
[2022-12-14T02:46:22.629+0000] {processor.py:175} INFO - Processing /opt/airflow/dags/postgres_operator_dag.py took 0.411 seconds
[2022-12-14T02:46:52.988+0000] {processor.py:153} INFO - Started process (PID=628) to work on /opt/airflow/dags/postgres_operator_dag.py
[2022-12-14T02:46:53.237+0000] {processor.py:743} INFO - Processing file /opt/airflow/dags/postgres_operator_dag.py for tasks to queue
[2022-12-14T02:46:53.240+0000] {logging_mixin.py:137} INFO - [2022-12-14T02:46:53.240+0000] {dagbag.py:538} INFO - Filling up the DagBag from /opt/airflow/dags/postgres_operator_dag.py
[2022-12-14T02:46:53.307+0000] {processor.py:753} INFO - DAG(s) dict_keys(['postgres_operator_dag_v1']) retrieved from /opt/airflow/dags/postgres_operator_dag.py
[2022-12-14T02:46:53.355+0000] {logging_mixin.py:137} INFO - [2022-12-14T02:46:53.354+0000] {dag.py:2676} INFO - Sync 1 DAGs
[2022-12-14T02:46:53.400+0000] {logging_mixin.py:137} INFO - [2022-12-14T02:46:53.400+0000] {dag.py:3427} INFO - Setting next_dagrun for postgres_operator_dag_v1 to 2022-12-13T00:00:00+00:00, run_after=2022-12-14T00:00:00+00:00
[2022-12-14T02:46:53.736+0000] {processor.py:175} INFO - Processing /opt/airflow/dags/postgres_operator_dag.py took 0.752 seconds
[2022-12-14T02:47:24.137+0000] {processor.py:153} INFO - Started process (PID=672) to work on /opt/airflow/dags/postgres_operator_dag.py
[2022-12-14T02:47:24.632+0000] {processor.py:743} INFO - Processing file /opt/airflow/dags/postgres_operator_dag.py for tasks to queue
[2022-12-14T02:47:24.636+0000] {logging_mixin.py:137} INFO - [2022-12-14T02:47:24.635+0000] {dagbag.py:538} INFO - Filling up the DagBag from /opt/airflow/dags/postgres_operator_dag.py
[2022-12-14T02:47:24.810+0000] {processor.py:753} INFO - DAG(s) dict_keys(['postgres_operator_dag_v1']) retrieved from /opt/airflow/dags/postgres_operator_dag.py
[2022-12-14T02:47:24.914+0000] {logging_mixin.py:137} INFO - [2022-12-14T02:47:24.913+0000] {dag.py:2676} INFO - Sync 1 DAGs
[2022-12-14T02:47:24.960+0000] {logging_mixin.py:137} INFO - [2022-12-14T02:47:24.960+0000] {dag.py:3427} INFO - Setting next_dagrun for postgres_operator_dag_v1 to 2022-12-13T00:00:00+00:00, run_after=2022-12-14T00:00:00+00:00
[2022-12-14T02:47:25.676+0000] {processor.py:175} INFO - Processing /opt/airflow/dags/postgres_operator_dag.py took 1.542 seconds
[2022-12-14T02:47:56.487+0000] {processor.py:153} INFO - Started process (PID=716) to work on /opt/airflow/dags/postgres_operator_dag.py
[2022-12-14T02:47:57.044+0000] {processor.py:743} INFO - Processing file /opt/airflow/dags/postgres_operator_dag.py for tasks to queue
[2022-12-14T02:47:57.045+0000] {logging_mixin.py:137} INFO - [2022-12-14T02:47:57.045+0000] {dagbag.py:538} INFO - Filling up the DagBag from /opt/airflow/dags/postgres_operator_dag.py
[2022-12-14T02:47:57.094+0000] {processor.py:753} INFO - DAG(s) dict_keys(['postgres_operator_dag_v1']) retrieved from /opt/airflow/dags/postgres_operator_dag.py
[2022-12-14T02:47:57.133+0000] {logging_mixin.py:137} INFO - [2022-12-14T02:47:57.133+0000] {dag.py:2676} INFO - Sync 1 DAGs
[2022-12-14T02:47:57.166+0000] {logging_mixin.py:137} INFO - [2022-12-14T02:47:57.166+0000] {dag.py:3427} INFO - Setting next_dagrun for postgres_operator_dag_v1 to 2022-12-13T00:00:00+00:00, run_after=2022-12-14T00:00:00+00:00
[2022-12-14T02:47:58.181+0000] {processor.py:175} INFO - Processing /opt/airflow/dags/postgres_operator_dag.py took 1.697 seconds
[2022-12-14T02:48:28.735+0000] {processor.py:153} INFO - Started process (PID=760) to work on /opt/airflow/dags/postgres_operator_dag.py
[2022-12-14T02:48:28.997+0000] {processor.py:743} INFO - Processing file /opt/airflow/dags/postgres_operator_dag.py for tasks to queue
[2022-12-14T02:48:28.999+0000] {logging_mixin.py:137} INFO - [2022-12-14T02:48:28.998+0000] {dagbag.py:538} INFO - Filling up the DagBag from /opt/airflow/dags/postgres_operator_dag.py
[2022-12-14T02:48:29.115+0000] {processor.py:753} INFO - DAG(s) dict_keys(['postgres_operator_dag_v1']) retrieved from /opt/airflow/dags/postgres_operator_dag.py
[2022-12-14T02:48:29.475+0000] {logging_mixin.py:137} INFO - [2022-12-14T02:48:29.475+0000] {dag.py:2676} INFO - Sync 1 DAGs
[2022-12-14T02:48:29.562+0000] {logging_mixin.py:137} INFO - [2022-12-14T02:48:29.561+0000] {dag.py:3427} INFO - Setting next_dagrun for postgres_operator_dag_v1 to 2022-12-13T00:00:00+00:00, run_after=2022-12-14T00:00:00+00:00
[2022-12-14T02:48:30.483+0000] {processor.py:175} INFO - Processing /opt/airflow/dags/postgres_operator_dag.py took 1.753 seconds
[2022-12-14T02:49:01.184+0000] {processor.py:153} INFO - Started process (PID=805) to work on /opt/airflow/dags/postgres_operator_dag.py
[2022-12-14T02:49:01.578+0000] {processor.py:743} INFO - Processing file /opt/airflow/dags/postgres_operator_dag.py for tasks to queue
[2022-12-14T02:49:01.578+0000] {logging_mixin.py:137} INFO - [2022-12-14T02:49:01.578+0000] {dagbag.py:538} INFO - Filling up the DagBag from /opt/airflow/dags/postgres_operator_dag.py
[2022-12-14T02:49:01.611+0000] {processor.py:753} INFO - DAG(s) dict_keys(['postgres_operator_dag_v1']) retrieved from /opt/airflow/dags/postgres_operator_dag.py
[2022-12-14T02:49:01.639+0000] {logging_mixin.py:137} INFO - [2022-12-14T02:49:01.639+0000] {dag.py:2676} INFO - Sync 1 DAGs
[2022-12-14T02:49:01.664+0000] {logging_mixin.py:137} INFO - [2022-12-14T02:49:01.664+0000] {dag.py:3427} INFO - Setting next_dagrun for postgres_operator_dag_v1 to 2022-12-13T00:00:00+00:00, run_after=2022-12-14T00:00:00+00:00
[2022-12-14T02:49:02.135+0000] {processor.py:175} INFO - Processing /opt/airflow/dags/postgres_operator_dag.py took 0.954 seconds
[2022-12-14T02:49:32.434+0000] {processor.py:153} INFO - Started process (PID=849) to work on /opt/airflow/dags/postgres_operator_dag.py
[2022-12-14T02:49:32.565+0000] {processor.py:743} INFO - Processing file /opt/airflow/dags/postgres_operator_dag.py for tasks to queue
[2022-12-14T02:49:32.567+0000] {logging_mixin.py:137} INFO - [2022-12-14T02:49:32.566+0000] {dagbag.py:538} INFO - Filling up the DagBag from /opt/airflow/dags/postgres_operator_dag.py
[2022-12-14T02:49:32.692+0000] {processor.py:753} INFO - DAG(s) dict_keys(['postgres_operator_dag_v1']) retrieved from /opt/airflow/dags/postgres_operator_dag.py
[2022-12-14T02:49:32.819+0000] {logging_mixin.py:137} INFO - [2022-12-14T02:49:32.819+0000] {dag.py:2676} INFO - Sync 1 DAGs
[2022-12-14T02:49:32.873+0000] {logging_mixin.py:137} INFO - [2022-12-14T02:49:32.872+0000] {dag.py:3427} INFO - Setting next_dagrun for postgres_operator_dag_v1 to 2022-12-13T00:00:00+00:00, run_after=2022-12-14T00:00:00+00:00
[2022-12-14T02:49:33.254+0000] {processor.py:175} INFO - Processing /opt/airflow/dags/postgres_operator_dag.py took 0.823 seconds
[2022-12-14T02:50:03.904+0000] {processor.py:153} INFO - Started process (PID=893) to work on /opt/airflow/dags/postgres_operator_dag.py
[2022-12-14T02:50:03.925+0000] {processor.py:743} INFO - Processing file /opt/airflow/dags/postgres_operator_dag.py for tasks to queue
[2022-12-14T02:50:03.926+0000] {logging_mixin.py:137} INFO - [2022-12-14T02:50:03.926+0000] {dagbag.py:538} INFO - Filling up the DagBag from /opt/airflow/dags/postgres_operator_dag.py
[2022-12-14T02:50:04.042+0000] {processor.py:753} INFO - DAG(s) dict_keys(['postgres_operator_dag_v1']) retrieved from /opt/airflow/dags/postgres_operator_dag.py
[2022-12-14T02:50:04.140+0000] {logging_mixin.py:137} INFO - [2022-12-14T02:50:04.140+0000] {dag.py:2676} INFO - Sync 1 DAGs
[2022-12-14T02:50:04.221+0000] {logging_mixin.py:137} INFO - [2022-12-14T02:50:04.220+0000] {dag.py:3427} INFO - Setting next_dagrun for postgres_operator_dag_v1 to 2022-12-13T00:00:00+00:00, run_after=2022-12-14T00:00:00+00:00
[2022-12-14T02:50:04.395+0000] {processor.py:175} INFO - Processing /opt/airflow/dags/postgres_operator_dag.py took 0.499 seconds
[2022-12-14T02:50:34.563+0000] {processor.py:153} INFO - Started process (PID=937) to work on /opt/airflow/dags/postgres_operator_dag.py
[2022-12-14T02:50:34.564+0000] {processor.py:743} INFO - Processing file /opt/airflow/dags/postgres_operator_dag.py for tasks to queue
[2022-12-14T02:50:34.565+0000] {logging_mixin.py:137} INFO - [2022-12-14T02:50:34.565+0000] {dagbag.py:538} INFO - Filling up the DagBag from /opt/airflow/dags/postgres_operator_dag.py
[2022-12-14T02:50:34.605+0000] {processor.py:753} INFO - DAG(s) dict_keys(['postgres_operator_dag_v1']) retrieved from /opt/airflow/dags/postgres_operator_dag.py
[2022-12-14T02:50:34.636+0000] {logging_mixin.py:137} INFO - [2022-12-14T02:50:34.635+0000] {dag.py:2676} INFO - Sync 1 DAGs
[2022-12-14T02:50:34.662+0000] {logging_mixin.py:137} INFO - [2022-12-14T02:50:34.662+0000] {dag.py:3427} INFO - Setting next_dagrun for postgres_operator_dag_v1 to 2022-12-13T00:00:00+00:00, run_after=2022-12-14T00:00:00+00:00
[2022-12-14T02:50:34.709+0000] {processor.py:175} INFO - Processing /opt/airflow/dags/postgres_operator_dag.py took 0.151 seconds
[2022-12-14T02:51:04.807+0000] {processor.py:153} INFO - Started process (PID=981) to work on /opt/airflow/dags/postgres_operator_dag.py
[2022-12-14T02:51:04.853+0000] {processor.py:743} INFO - Processing file /opt/airflow/dags/postgres_operator_dag.py for tasks to queue
[2022-12-14T02:51:04.855+0000] {logging_mixin.py:137} INFO - [2022-12-14T02:51:04.854+0000] {dagbag.py:538} INFO - Filling up the DagBag from /opt/airflow/dags/postgres_operator_dag.py
[2022-12-14T02:51:04.943+0000] {processor.py:753} INFO - DAG(s) dict_keys(['postgres_operator_dag_v1']) retrieved from /opt/airflow/dags/postgres_operator_dag.py
[2022-12-14T02:51:05.019+0000] {logging_mixin.py:137} INFO - [2022-12-14T02:51:05.018+0000] {dag.py:2676} INFO - Sync 1 DAGs
[2022-12-14T02:51:05.099+0000] {logging_mixin.py:137} INFO - [2022-12-14T02:51:05.099+0000] {dag.py:3427} INFO - Setting next_dagrun for postgres_operator_dag_v1 to 2022-12-13T00:00:00+00:00, run_after=2022-12-14T00:00:00+00:00
[2022-12-14T02:51:05.291+0000] {processor.py:175} INFO - Processing /opt/airflow/dags/postgres_operator_dag.py took 0.491 seconds
[2022-12-14T02:51:35.648+0000] {processor.py:153} INFO - Started process (PID=1044) to work on /opt/airflow/dags/postgres_operator_dag.py
[2022-12-14T02:51:35.650+0000] {processor.py:743} INFO - Processing file /opt/airflow/dags/postgres_operator_dag.py for tasks to queue
[2022-12-14T02:51:35.652+0000] {logging_mixin.py:137} INFO - [2022-12-14T02:51:35.652+0000] {dagbag.py:538} INFO - Filling up the DagBag from /opt/airflow/dags/postgres_operator_dag.py
[2022-12-14T02:51:35.784+0000] {processor.py:753} INFO - DAG(s) dict_keys(['postgres_operator_dag_v1']) retrieved from /opt/airflow/dags/postgres_operator_dag.py
[2022-12-14T02:51:35.890+0000] {logging_mixin.py:137} INFO - [2022-12-14T02:51:35.889+0000] {dag.py:2676} INFO - Sync 1 DAGs
[2022-12-14T02:51:36.002+0000] {logging_mixin.py:137} INFO - [2022-12-14T02:51:36.002+0000] {dag.py:3427} INFO - Setting next_dagrun for postgres_operator_dag_v1 to 2022-12-13T00:00:00+00:00, run_after=2022-12-14T00:00:00+00:00
[2022-12-14T02:51:36.101+0000] {processor.py:175} INFO - Processing /opt/airflow/dags/postgres_operator_dag.py took 0.462 seconds
[2022-12-14T02:52:06.497+0000] {processor.py:153} INFO - Started process (PID=1088) to work on /opt/airflow/dags/postgres_operator_dag.py
[2022-12-14T02:52:06.511+0000] {processor.py:743} INFO - Processing file /opt/airflow/dags/postgres_operator_dag.py for tasks to queue
[2022-12-14T02:52:06.513+0000] {logging_mixin.py:137} INFO - [2022-12-14T02:52:06.512+0000] {dagbag.py:538} INFO - Filling up the DagBag from /opt/airflow/dags/postgres_operator_dag.py
[2022-12-14T02:52:06.646+0000] {processor.py:753} INFO - DAG(s) dict_keys(['postgres_operator_dag_v1']) retrieved from /opt/airflow/dags/postgres_operator_dag.py
[2022-12-14T02:52:06.763+0000] {logging_mixin.py:137} INFO - [2022-12-14T02:52:06.762+0000] {dag.py:2676} INFO - Sync 1 DAGs
[2022-12-14T02:52:06.865+0000] {logging_mixin.py:137} INFO - [2022-12-14T02:52:06.865+0000] {dag.py:3427} INFO - Setting next_dagrun for postgres_operator_dag_v1 to 2022-12-13T00:00:00+00:00, run_after=2022-12-14T00:00:00+00:00
[2022-12-14T02:52:06.970+0000] {processor.py:175} INFO - Processing /opt/airflow/dags/postgres_operator_dag.py took 0.482 seconds
[2022-12-14T02:52:37.361+0000] {processor.py:153} INFO - Started process (PID=1152) to work on /opt/airflow/dags/postgres_operator_dag.py
[2022-12-14T02:52:37.372+0000] {processor.py:743} INFO - Processing file /opt/airflow/dags/postgres_operator_dag.py for tasks to queue
[2022-12-14T02:52:37.374+0000] {logging_mixin.py:137} INFO - [2022-12-14T02:52:37.374+0000] {dagbag.py:538} INFO - Filling up the DagBag from /opt/airflow/dags/postgres_operator_dag.py
[2022-12-14T02:52:37.471+0000] {processor.py:753} INFO - DAG(s) dict_keys(['postgres_operator_dag_v1']) retrieved from /opt/airflow/dags/postgres_operator_dag.py
[2022-12-14T02:52:37.513+0000] {logging_mixin.py:137} INFO - [2022-12-14T02:52:37.512+0000] {dag.py:2676} INFO - Sync 1 DAGs
[2022-12-14T02:52:37.537+0000] {logging_mixin.py:137} INFO - [2022-12-14T02:52:37.537+0000] {dag.py:3427} INFO - Setting next_dagrun for postgres_operator_dag_v1 to 2022-12-13T00:00:00+00:00, run_after=2022-12-14T00:00:00+00:00
[2022-12-14T02:52:37.581+0000] {processor.py:175} INFO - Processing /opt/airflow/dags/postgres_operator_dag.py took 0.225 seconds
[2022-12-14T02:53:08.043+0000] {processor.py:153} INFO - Started process (PID=1196) to work on /opt/airflow/dags/postgres_operator_dag.py
[2022-12-14T02:53:08.062+0000] {processor.py:743} INFO - Processing file /opt/airflow/dags/postgres_operator_dag.py for tasks to queue
[2022-12-14T02:53:08.063+0000] {logging_mixin.py:137} INFO - [2022-12-14T02:53:08.063+0000] {dagbag.py:538} INFO - Filling up the DagBag from /opt/airflow/dags/postgres_operator_dag.py
[2022-12-14T02:53:08.110+0000] {processor.py:753} INFO - DAG(s) dict_keys(['postgres_operator_dag_v1']) retrieved from /opt/airflow/dags/postgres_operator_dag.py
[2022-12-14T02:53:08.194+0000] {logging_mixin.py:137} INFO - [2022-12-14T02:53:08.194+0000] {dag.py:2676} INFO - Sync 1 DAGs
[2022-12-14T02:53:08.220+0000] {logging_mixin.py:137} INFO - [2022-12-14T02:53:08.220+0000] {dag.py:3427} INFO - Setting next_dagrun for postgres_operator_dag_v1 to 2022-12-13T00:00:00+00:00, run_after=2022-12-14T00:00:00+00:00
[2022-12-14T02:53:08.300+0000] {processor.py:175} INFO - Processing /opt/airflow/dags/postgres_operator_dag.py took 0.260 seconds
[2022-12-14T02:53:38.710+0000] {processor.py:153} INFO - Started process (PID=1240) to work on /opt/airflow/dags/postgres_operator_dag.py
[2022-12-14T02:53:38.721+0000] {processor.py:743} INFO - Processing file /opt/airflow/dags/postgres_operator_dag.py for tasks to queue
[2022-12-14T02:53:38.723+0000] {logging_mixin.py:137} INFO - [2022-12-14T02:53:38.722+0000] {dagbag.py:538} INFO - Filling up the DagBag from /opt/airflow/dags/postgres_operator_dag.py
[2022-12-14T02:53:38.846+0000] {processor.py:753} INFO - DAG(s) dict_keys(['postgres_operator_dag_v1']) retrieved from /opt/airflow/dags/postgres_operator_dag.py
[2022-12-14T02:53:38.925+0000] {logging_mixin.py:137} INFO - [2022-12-14T02:53:38.925+0000] {dag.py:2676} INFO - Sync 1 DAGs
[2022-12-14T02:53:38.955+0000] {logging_mixin.py:137} INFO - [2022-12-14T02:53:38.954+0000] {dag.py:3427} INFO - Setting next_dagrun for postgres_operator_dag_v1 to 2022-12-13T00:00:00+00:00, run_after=2022-12-14T00:00:00+00:00
[2022-12-14T02:53:39.007+0000] {processor.py:175} INFO - Processing /opt/airflow/dags/postgres_operator_dag.py took 0.307 seconds
[2022-12-14T02:54:09.336+0000] {processor.py:153} INFO - Started process (PID=1291) to work on /opt/airflow/dags/postgres_operator_dag.py
[2022-12-14T02:54:09.337+0000] {processor.py:743} INFO - Processing file /opt/airflow/dags/postgres_operator_dag.py for tasks to queue
[2022-12-14T02:54:09.338+0000] {logging_mixin.py:137} INFO - [2022-12-14T02:54:09.338+0000] {dagbag.py:538} INFO - Filling up the DagBag from /opt/airflow/dags/postgres_operator_dag.py
[2022-12-14T02:54:09.380+0000] {processor.py:753} INFO - DAG(s) dict_keys(['postgres_operator_dag_v1']) retrieved from /opt/airflow/dags/postgres_operator_dag.py
[2022-12-14T02:54:09.415+0000] {logging_mixin.py:137} INFO - [2022-12-14T02:54:09.415+0000] {dag.py:2676} INFO - Sync 1 DAGs
[2022-12-14T02:54:09.459+0000] {logging_mixin.py:137} INFO - [2022-12-14T02:54:09.459+0000] {dag.py:3427} INFO - Setting next_dagrun for postgres_operator_dag_v1 to 2022-12-13T00:00:00+00:00, run_after=2022-12-14T00:00:00+00:00
[2022-12-14T02:54:09.505+0000] {processor.py:175} INFO - Processing /opt/airflow/dags/postgres_operator_dag.py took 0.174 seconds
[2022-12-14T02:54:39.906+0000] {processor.py:153} INFO - Started process (PID=1348) to work on /opt/airflow/dags/postgres_operator_dag.py
[2022-12-14T02:54:39.917+0000] {processor.py:743} INFO - Processing file /opt/airflow/dags/postgres_operator_dag.py for tasks to queue
[2022-12-14T02:54:39.919+0000] {logging_mixin.py:137} INFO - [2022-12-14T02:54:39.918+0000] {dagbag.py:538} INFO - Filling up the DagBag from /opt/airflow/dags/postgres_operator_dag.py
[2022-12-14T02:54:40.044+0000] {processor.py:753} INFO - DAG(s) dict_keys(['postgres_operator_dag_v1']) retrieved from /opt/airflow/dags/postgres_operator_dag.py
[2022-12-14T02:54:40.162+0000] {logging_mixin.py:137} INFO - [2022-12-14T02:54:40.162+0000] {dag.py:2676} INFO - Sync 1 DAGs
[2022-12-14T02:54:40.265+0000] {logging_mixin.py:137} INFO - [2022-12-14T02:54:40.265+0000] {dag.py:3427} INFO - Setting next_dagrun for postgres_operator_dag_v1 to 2022-12-13T00:00:00+00:00, run_after=2022-12-14T00:00:00+00:00
[2022-12-14T02:54:40.354+0000] {processor.py:175} INFO - Processing /opt/airflow/dags/postgres_operator_dag.py took 0.457 seconds
[2022-12-14T02:55:10.741+0000] {processor.py:153} INFO - Started process (PID=1392) to work on /opt/airflow/dags/postgres_operator_dag.py
[2022-12-14T02:55:10.744+0000] {processor.py:743} INFO - Processing file /opt/airflow/dags/postgres_operator_dag.py for tasks to queue
[2022-12-14T02:55:10.746+0000] {logging_mixin.py:137} INFO - [2022-12-14T02:55:10.745+0000] {dagbag.py:538} INFO - Filling up the DagBag from /opt/airflow/dags/postgres_operator_dag.py
[2022-12-14T02:55:10.878+0000] {processor.py:753} INFO - DAG(s) dict_keys(['postgres_operator_dag_v1']) retrieved from /opt/airflow/dags/postgres_operator_dag.py
[2022-12-14T02:55:10.992+0000] {logging_mixin.py:137} INFO - [2022-12-14T02:55:10.991+0000] {dag.py:2676} INFO - Sync 1 DAGs
[2022-12-14T02:55:11.088+0000] {logging_mixin.py:137} INFO - [2022-12-14T02:55:11.088+0000] {dag.py:3427} INFO - Setting next_dagrun for postgres_operator_dag_v1 to 2022-12-13T00:00:00+00:00, run_after=2022-12-14T00:00:00+00:00
[2022-12-14T02:55:11.274+0000] {processor.py:175} INFO - Processing /opt/airflow/dags/postgres_operator_dag.py took 0.542 seconds
[2022-12-14T02:55:41.329+0000] {processor.py:153} INFO - Started process (PID=1436) to work on /opt/airflow/dags/postgres_operator_dag.py
[2022-12-14T02:55:41.332+0000] {processor.py:743} INFO - Processing file /opt/airflow/dags/postgres_operator_dag.py for tasks to queue
[2022-12-14T02:55:41.333+0000] {logging_mixin.py:137} INFO - [2022-12-14T02:55:41.333+0000] {dagbag.py:538} INFO - Filling up the DagBag from /opt/airflow/dags/postgres_operator_dag.py
[2022-12-14T02:55:41.369+0000] {processor.py:753} INFO - DAG(s) dict_keys(['postgres_operator_dag_v1']) retrieved from /opt/airflow/dags/postgres_operator_dag.py
[2022-12-14T02:55:41.418+0000] {logging_mixin.py:137} INFO - [2022-12-14T02:55:41.418+0000] {dag.py:2676} INFO - Sync 1 DAGs
[2022-12-14T02:55:41.456+0000] {logging_mixin.py:137} INFO - [2022-12-14T02:55:41.456+0000] {dag.py:3427} INFO - Setting next_dagrun for postgres_operator_dag_v1 to 2022-12-13T00:00:00+00:00, run_after=2022-12-14T00:00:00+00:00
[2022-12-14T02:55:41.508+0000] {processor.py:175} INFO - Processing /opt/airflow/dags/postgres_operator_dag.py took 0.183 seconds
[2022-12-14T02:56:11.750+0000] {processor.py:153} INFO - Started process (PID=1500) to work on /opt/airflow/dags/postgres_operator_dag.py
[2022-12-14T02:56:11.751+0000] {processor.py:743} INFO - Processing file /opt/airflow/dags/postgres_operator_dag.py for tasks to queue
[2022-12-14T02:56:11.751+0000] {logging_mixin.py:137} INFO - [2022-12-14T02:56:11.751+0000] {dagbag.py:538} INFO - Filling up the DagBag from /opt/airflow/dags/postgres_operator_dag.py
[2022-12-14T02:56:11.793+0000] {processor.py:753} INFO - DAG(s) dict_keys(['postgres_operator_dag_v1']) retrieved from /opt/airflow/dags/postgres_operator_dag.py
[2022-12-14T02:56:11.830+0000] {logging_mixin.py:137} INFO - [2022-12-14T02:56:11.830+0000] {dag.py:2676} INFO - Sync 1 DAGs
[2022-12-14T02:56:11.876+0000] {logging_mixin.py:137} INFO - [2022-12-14T02:56:11.875+0000] {dag.py:3427} INFO - Setting next_dagrun for postgres_operator_dag_v1 to 2022-12-13T00:00:00+00:00, run_after=2022-12-14T00:00:00+00:00
[2022-12-14T02:56:12.121+0000] {processor.py:175} INFO - Processing /opt/airflow/dags/postgres_operator_dag.py took 0.374 seconds
