[2022-12-14T02:45:46.706+0000] {processor.py:153} INFO - Started process (PID=519) to work on /opt/airflow/dags/python_operator_dag.py
[2022-12-14T02:45:46.709+0000] {processor.py:743} INFO - Processing file /opt/airflow/dags/python_operator_dag.py for tasks to queue
[2022-12-14T02:45:46.711+0000] {logging_mixin.py:137} INFO - [2022-12-14T02:45:46.710+0000] {dagbag.py:538} INFO - Filling up the DagBag from /opt/airflow/dags/python_operator_dag.py
[2022-12-14T02:45:49.919+0000] {processor.py:753} INFO - DAG(s) dict_keys(['python_operator_dag_v6']) retrieved from /opt/airflow/dags/python_operator_dag.py
[2022-12-14T02:45:51.560+0000] {logging_mixin.py:137} INFO - [2022-12-14T02:45:51.560+0000] {dag.py:2676} INFO - Sync 1 DAGs
[2022-12-14T02:45:51.705+0000] {logging_mixin.py:137} INFO - [2022-12-14T02:45:51.705+0000] {dag.py:3427} INFO - Setting next_dagrun for python_operator_dag_v6 to 2022-12-13T00:00:00+00:00, run_after=2022-12-14T00:00:00+00:00
[2022-12-14T02:45:51.839+0000] {processor.py:175} INFO - Processing /opt/airflow/dags/python_operator_dag.py took 5.142 seconds
[2022-12-14T02:46:22.215+0000] {processor.py:153} INFO - Started process (PID=572) to work on /opt/airflow/dags/python_operator_dag.py
[2022-12-14T02:46:22.235+0000] {processor.py:743} INFO - Processing file /opt/airflow/dags/python_operator_dag.py for tasks to queue
[2022-12-14T02:46:22.236+0000] {logging_mixin.py:137} INFO - [2022-12-14T02:46:22.235+0000] {dagbag.py:538} INFO - Filling up the DagBag from /opt/airflow/dags/python_operator_dag.py
[2022-12-14T02:46:22.261+0000] {processor.py:753} INFO - DAG(s) dict_keys(['python_operator_dag_v6']) retrieved from /opt/airflow/dags/python_operator_dag.py
[2022-12-14T02:46:22.329+0000] {logging_mixin.py:137} INFO - [2022-12-14T02:46:22.329+0000] {dag.py:2676} INFO - Sync 1 DAGs
[2022-12-14T02:46:22.380+0000] {logging_mixin.py:137} INFO - [2022-12-14T02:46:22.380+0000] {dag.py:3427} INFO - Setting next_dagrun for python_operator_dag_v6 to 2022-12-13T00:00:00+00:00, run_after=2022-12-14T00:00:00+00:00
[2022-12-14T02:46:22.627+0000] {processor.py:175} INFO - Processing /opt/airflow/dags/python_operator_dag.py took 0.416 seconds
[2022-12-14T02:46:52.983+0000] {processor.py:153} INFO - Started process (PID=627) to work on /opt/airflow/dags/python_operator_dag.py
[2022-12-14T02:46:53.238+0000] {processor.py:743} INFO - Processing file /opt/airflow/dags/python_operator_dag.py for tasks to queue
[2022-12-14T02:46:53.242+0000] {logging_mixin.py:137} INFO - [2022-12-14T02:46:53.241+0000] {dagbag.py:538} INFO - Filling up the DagBag from /opt/airflow/dags/python_operator_dag.py
[2022-12-14T02:46:53.284+0000] {processor.py:753} INFO - DAG(s) dict_keys(['python_operator_dag_v6']) retrieved from /opt/airflow/dags/python_operator_dag.py
[2022-12-14T02:46:53.334+0000] {logging_mixin.py:137} INFO - [2022-12-14T02:46:53.334+0000] {dag.py:2676} INFO - Sync 1 DAGs
[2022-12-14T02:46:53.391+0000] {logging_mixin.py:137} INFO - [2022-12-14T02:46:53.390+0000] {dag.py:3427} INFO - Setting next_dagrun for python_operator_dag_v6 to 2022-12-13T00:00:00+00:00, run_after=2022-12-14T00:00:00+00:00
[2022-12-14T02:46:53.732+0000] {processor.py:175} INFO - Processing /opt/airflow/dags/python_operator_dag.py took 0.754 seconds
[2022-12-14T02:47:24.134+0000] {processor.py:153} INFO - Started process (PID=671) to work on /opt/airflow/dags/python_operator_dag.py
[2022-12-14T02:47:24.632+0000] {processor.py:743} INFO - Processing file /opt/airflow/dags/python_operator_dag.py for tasks to queue
[2022-12-14T02:47:24.635+0000] {logging_mixin.py:137} INFO - [2022-12-14T02:47:24.635+0000] {dagbag.py:538} INFO - Filling up the DagBag from /opt/airflow/dags/python_operator_dag.py
[2022-12-14T02:47:24.722+0000] {processor.py:753} INFO - DAG(s) dict_keys(['python_operator_dag_v6']) retrieved from /opt/airflow/dags/python_operator_dag.py
[2022-12-14T02:47:24.888+0000] {logging_mixin.py:137} INFO - [2022-12-14T02:47:24.888+0000] {dag.py:2676} INFO - Sync 1 DAGs
[2022-12-14T02:47:24.941+0000] {logging_mixin.py:137} INFO - [2022-12-14T02:47:24.941+0000] {dag.py:3427} INFO - Setting next_dagrun for python_operator_dag_v6 to 2022-12-13T00:00:00+00:00, run_after=2022-12-14T00:00:00+00:00
[2022-12-14T02:47:25.677+0000] {processor.py:175} INFO - Processing /opt/airflow/dags/python_operator_dag.py took 1.549 seconds
[2022-12-14T02:47:56.482+0000] {processor.py:153} INFO - Started process (PID=715) to work on /opt/airflow/dags/python_operator_dag.py
[2022-12-14T02:47:57.012+0000] {processor.py:743} INFO - Processing file /opt/airflow/dags/python_operator_dag.py for tasks to queue
[2022-12-14T02:47:57.014+0000] {logging_mixin.py:137} INFO - [2022-12-14T02:47:57.013+0000] {dagbag.py:538} INFO - Filling up the DagBag from /opt/airflow/dags/python_operator_dag.py
[2022-12-14T02:47:57.046+0000] {processor.py:753} INFO - DAG(s) dict_keys(['python_operator_dag_v6']) retrieved from /opt/airflow/dags/python_operator_dag.py
[2022-12-14T02:47:57.081+0000] {logging_mixin.py:137} INFO - [2022-12-14T02:47:57.081+0000] {dag.py:2676} INFO - Sync 1 DAGs
[2022-12-14T02:47:57.106+0000] {logging_mixin.py:137} INFO - [2022-12-14T02:47:57.106+0000] {dag.py:3427} INFO - Setting next_dagrun for python_operator_dag_v6 to 2022-12-13T00:00:00+00:00, run_after=2022-12-14T00:00:00+00:00
[2022-12-14T02:47:57.540+0000] {processor.py:175} INFO - Processing /opt/airflow/dags/python_operator_dag.py took 1.062 seconds
[2022-12-14T02:48:27.723+0000] {processor.py:153} INFO - Started process (PID=759) to work on /opt/airflow/dags/python_operator_dag.py
[2022-12-14T02:48:28.196+0000] {processor.py:743} INFO - Processing file /opt/airflow/dags/python_operator_dag.py for tasks to queue
[2022-12-14T02:48:28.197+0000] {logging_mixin.py:137} INFO - [2022-12-14T02:48:28.197+0000] {dagbag.py:538} INFO - Filling up the DagBag from /opt/airflow/dags/python_operator_dag.py
[2022-12-14T02:48:28.211+0000] {processor.py:753} INFO - DAG(s) dict_keys(['python_operator_dag_v6']) retrieved from /opt/airflow/dags/python_operator_dag.py
[2022-12-14T02:48:28.238+0000] {logging_mixin.py:137} INFO - [2022-12-14T02:48:28.237+0000] {dag.py:2676} INFO - Sync 1 DAGs
[2022-12-14T02:48:28.260+0000] {logging_mixin.py:137} INFO - [2022-12-14T02:48:28.260+0000] {dag.py:3427} INFO - Setting next_dagrun for python_operator_dag_v6 to 2022-12-13T00:00:00+00:00, run_after=2022-12-14T00:00:00+00:00
[2022-12-14T02:48:28.966+0000] {processor.py:175} INFO - Processing /opt/airflow/dags/python_operator_dag.py took 1.246 seconds
[2022-12-14T02:48:59.365+0000] {processor.py:153} INFO - Started process (PID=790) to work on /opt/airflow/dags/python_operator_dag.py
[2022-12-14T02:48:59.756+0000] {processor.py:743} INFO - Processing file /opt/airflow/dags/python_operator_dag.py for tasks to queue
[2022-12-14T02:48:59.756+0000] {logging_mixin.py:137} INFO - [2022-12-14T02:48:59.756+0000] {dagbag.py:538} INFO - Filling up the DagBag from /opt/airflow/dags/python_operator_dag.py
[2022-12-14T02:48:59.771+0000] {processor.py:753} INFO - DAG(s) dict_keys(['python_operator_dag_v6']) retrieved from /opt/airflow/dags/python_operator_dag.py
[2022-12-14T02:48:59.801+0000] {logging_mixin.py:137} INFO - [2022-12-14T02:48:59.801+0000] {dag.py:2676} INFO - Sync 1 DAGs
[2022-12-14T02:48:59.829+0000] {logging_mixin.py:137} INFO - [2022-12-14T02:48:59.829+0000] {dag.py:3427} INFO - Setting next_dagrun for python_operator_dag_v6 to 2022-12-13T00:00:00+00:00, run_after=2022-12-14T00:00:00+00:00
[2022-12-14T02:49:00.214+0000] {processor.py:175} INFO - Processing /opt/airflow/dags/python_operator_dag.py took 0.859 seconds
[2022-12-14T02:49:30.349+0000] {processor.py:153} INFO - Started process (PID=836) to work on /opt/airflow/dags/python_operator_dag.py
[2022-12-14T02:49:30.487+0000] {processor.py:743} INFO - Processing file /opt/airflow/dags/python_operator_dag.py for tasks to queue
[2022-12-14T02:49:30.488+0000] {logging_mixin.py:137} INFO - [2022-12-14T02:49:30.488+0000] {dagbag.py:538} INFO - Filling up the DagBag from /opt/airflow/dags/python_operator_dag.py
[2022-12-14T02:49:30.506+0000] {processor.py:753} INFO - DAG(s) dict_keys(['python_operator_dag_v6']) retrieved from /opt/airflow/dags/python_operator_dag.py
[2022-12-14T02:49:30.540+0000] {logging_mixin.py:137} INFO - [2022-12-14T02:49:30.540+0000] {dag.py:2676} INFO - Sync 1 DAGs
[2022-12-14T02:49:30.570+0000] {logging_mixin.py:137} INFO - [2022-12-14T02:49:30.570+0000] {dag.py:3427} INFO - Setting next_dagrun for python_operator_dag_v6 to 2022-12-13T00:00:00+00:00, run_after=2022-12-14T00:00:00+00:00
[2022-12-14T02:49:31.550+0000] {processor.py:175} INFO - Processing /opt/airflow/dags/python_operator_dag.py took 1.204 seconds
[2022-12-14T02:50:01.790+0000] {processor.py:153} INFO - Started process (PID=892) to work on /opt/airflow/dags/python_operator_dag.py
[2022-12-14T02:50:01.827+0000] {processor.py:743} INFO - Processing file /opt/airflow/dags/python_operator_dag.py for tasks to queue
[2022-12-14T02:50:01.830+0000] {logging_mixin.py:137} INFO - [2022-12-14T02:50:01.830+0000] {dagbag.py:538} INFO - Filling up the DagBag from /opt/airflow/dags/python_operator_dag.py
[2022-12-14T02:50:01.877+0000] {processor.py:753} INFO - DAG(s) dict_keys(['python_operator_dag_v6']) retrieved from /opt/airflow/dags/python_operator_dag.py
[2022-12-14T02:50:01.913+0000] {logging_mixin.py:137} INFO - [2022-12-14T02:50:01.913+0000] {dag.py:2676} INFO - Sync 1 DAGs
[2022-12-14T02:50:01.944+0000] {logging_mixin.py:137} INFO - [2022-12-14T02:50:01.944+0000] {dag.py:3427} INFO - Setting next_dagrun for python_operator_dag_v6 to 2022-12-13T00:00:00+00:00, run_after=2022-12-14T00:00:00+00:00
[2022-12-14T02:50:01.990+0000] {processor.py:175} INFO - Processing /opt/airflow/dags/python_operator_dag.py took 0.203 seconds
[2022-12-14T02:50:32.102+0000] {processor.py:153} INFO - Started process (PID=936) to work on /opt/airflow/dags/python_operator_dag.py
[2022-12-14T02:50:32.105+0000] {processor.py:743} INFO - Processing file /opt/airflow/dags/python_operator_dag.py for tasks to queue
[2022-12-14T02:50:32.107+0000] {logging_mixin.py:137} INFO - [2022-12-14T02:50:32.106+0000] {dagbag.py:538} INFO - Filling up the DagBag from /opt/airflow/dags/python_operator_dag.py
[2022-12-14T02:50:32.173+0000] {processor.py:753} INFO - DAG(s) dict_keys(['python_operator_dag_v6']) retrieved from /opt/airflow/dags/python_operator_dag.py
[2022-12-14T02:50:32.303+0000] {logging_mixin.py:137} INFO - [2022-12-14T02:50:32.303+0000] {dag.py:2676} INFO - Sync 1 DAGs
[2022-12-14T02:50:32.404+0000] {logging_mixin.py:137} INFO - [2022-12-14T02:50:32.403+0000] {dag.py:3427} INFO - Setting next_dagrun for python_operator_dag_v6 to 2022-12-13T00:00:00+00:00, run_after=2022-12-14T00:00:00+00:00
[2022-12-14T02:50:32.502+0000] {processor.py:175} INFO - Processing /opt/airflow/dags/python_operator_dag.py took 0.410 seconds
[2022-12-14T02:51:03.217+0000] {processor.py:153} INFO - Started process (PID=980) to work on /opt/airflow/dags/python_operator_dag.py
[2022-12-14T02:51:03.276+0000] {processor.py:743} INFO - Processing file /opt/airflow/dags/python_operator_dag.py for tasks to queue
[2022-12-14T02:51:03.278+0000] {logging_mixin.py:137} INFO - [2022-12-14T02:51:03.277+0000] {dagbag.py:538} INFO - Filling up the DagBag from /opt/airflow/dags/python_operator_dag.py
[2022-12-14T02:51:03.350+0000] {processor.py:753} INFO - DAG(s) dict_keys(['python_operator_dag_v6']) retrieved from /opt/airflow/dags/python_operator_dag.py
[2022-12-14T02:51:03.485+0000] {logging_mixin.py:137} INFO - [2022-12-14T02:51:03.485+0000] {dag.py:2676} INFO - Sync 1 DAGs
[2022-12-14T02:51:03.616+0000] {logging_mixin.py:137} INFO - [2022-12-14T02:51:03.615+0000] {dag.py:3427} INFO - Setting next_dagrun for python_operator_dag_v6 to 2022-12-13T00:00:00+00:00, run_after=2022-12-14T00:00:00+00:00
[2022-12-14T02:51:03.747+0000] {processor.py:175} INFO - Processing /opt/airflow/dags/python_operator_dag.py took 0.540 seconds
[2022-12-14T02:51:34.543+0000] {processor.py:153} INFO - Started process (PID=1043) to work on /opt/airflow/dags/python_operator_dag.py
[2022-12-14T02:51:34.545+0000] {processor.py:743} INFO - Processing file /opt/airflow/dags/python_operator_dag.py for tasks to queue
[2022-12-14T02:51:34.547+0000] {logging_mixin.py:137} INFO - [2022-12-14T02:51:34.547+0000] {dagbag.py:538} INFO - Filling up the DagBag from /opt/airflow/dags/python_operator_dag.py
[2022-12-14T02:51:34.616+0000] {processor.py:753} INFO - DAG(s) dict_keys(['python_operator_dag_v6']) retrieved from /opt/airflow/dags/python_operator_dag.py
[2022-12-14T02:51:34.741+0000] {logging_mixin.py:137} INFO - [2022-12-14T02:51:34.741+0000] {dag.py:2676} INFO - Sync 1 DAGs
[2022-12-14T02:51:34.836+0000] {logging_mixin.py:137} INFO - [2022-12-14T02:51:34.836+0000] {dag.py:3427} INFO - Setting next_dagrun for python_operator_dag_v6 to 2022-12-13T00:00:00+00:00, run_after=2022-12-14T00:00:00+00:00
[2022-12-14T02:51:34.951+0000] {processor.py:175} INFO - Processing /opt/airflow/dags/python_operator_dag.py took 0.419 seconds
[2022-12-14T02:52:05.424+0000] {processor.py:153} INFO - Started process (PID=1087) to work on /opt/airflow/dags/python_operator_dag.py
[2022-12-14T02:52:05.455+0000] {processor.py:743} INFO - Processing file /opt/airflow/dags/python_operator_dag.py for tasks to queue
[2022-12-14T02:52:05.456+0000] {logging_mixin.py:137} INFO - [2022-12-14T02:52:05.456+0000] {dagbag.py:538} INFO - Filling up the DagBag from /opt/airflow/dags/python_operator_dag.py
[2022-12-14T02:52:05.482+0000] {processor.py:753} INFO - DAG(s) dict_keys(['python_operator_dag_v6']) retrieved from /opt/airflow/dags/python_operator_dag.py
[2022-12-14T02:52:05.538+0000] {logging_mixin.py:137} INFO - [2022-12-14T02:52:05.538+0000] {dag.py:2676} INFO - Sync 1 DAGs
[2022-12-14T02:52:05.604+0000] {logging_mixin.py:137} INFO - [2022-12-14T02:52:05.604+0000] {dag.py:3427} INFO - Setting next_dagrun for python_operator_dag_v6 to 2022-12-13T00:00:00+00:00, run_after=2022-12-14T00:00:00+00:00
[2022-12-14T02:52:05.670+0000] {processor.py:175} INFO - Processing /opt/airflow/dags/python_operator_dag.py took 0.248 seconds
[2022-12-14T02:52:36.323+0000] {processor.py:153} INFO - Started process (PID=1138) to work on /opt/airflow/dags/python_operator_dag.py
[2022-12-14T02:52:36.325+0000] {processor.py:743} INFO - Processing file /opt/airflow/dags/python_operator_dag.py for tasks to queue
[2022-12-14T02:52:36.327+0000] {logging_mixin.py:137} INFO - [2022-12-14T02:52:36.327+0000] {dagbag.py:538} INFO - Filling up the DagBag from /opt/airflow/dags/python_operator_dag.py
[2022-12-14T02:52:36.367+0000] {processor.py:753} INFO - DAG(s) dict_keys(['python_operator_dag_v6']) retrieved from /opt/airflow/dags/python_operator_dag.py
[2022-12-14T02:52:36.407+0000] {logging_mixin.py:137} INFO - [2022-12-14T02:52:36.407+0000] {dag.py:2676} INFO - Sync 1 DAGs
[2022-12-14T02:52:36.432+0000] {logging_mixin.py:137} INFO - [2022-12-14T02:52:36.432+0000] {dag.py:3427} INFO - Setting next_dagrun for python_operator_dag_v6 to 2022-12-13T00:00:00+00:00, run_after=2022-12-14T00:00:00+00:00
[2022-12-14T02:52:36.475+0000] {processor.py:175} INFO - Processing /opt/airflow/dags/python_operator_dag.py took 0.161 seconds
[2022-12-14T02:53:06.816+0000] {processor.py:153} INFO - Started process (PID=1195) to work on /opt/airflow/dags/python_operator_dag.py
[2022-12-14T02:53:06.839+0000] {processor.py:743} INFO - Processing file /opt/airflow/dags/python_operator_dag.py for tasks to queue
[2022-12-14T02:53:06.840+0000] {logging_mixin.py:137} INFO - [2022-12-14T02:53:06.840+0000] {dagbag.py:538} INFO - Filling up the DagBag from /opt/airflow/dags/python_operator_dag.py
[2022-12-14T02:53:06.868+0000] {processor.py:753} INFO - DAG(s) dict_keys(['python_operator_dag_v6']) retrieved from /opt/airflow/dags/python_operator_dag.py
[2022-12-14T02:53:06.896+0000] {logging_mixin.py:137} INFO - [2022-12-14T02:53:06.896+0000] {dag.py:2676} INFO - Sync 1 DAGs
[2022-12-14T02:53:06.941+0000] {logging_mixin.py:137} INFO - [2022-12-14T02:53:06.941+0000] {dag.py:3427} INFO - Setting next_dagrun for python_operator_dag_v6 to 2022-12-13T00:00:00+00:00, run_after=2022-12-14T00:00:00+00:00
[2022-12-14T02:53:07.024+0000] {processor.py:175} INFO - Processing /opt/airflow/dags/python_operator_dag.py took 0.213 seconds
[2022-12-14T02:53:37.559+0000] {processor.py:153} INFO - Started process (PID=1239) to work on /opt/airflow/dags/python_operator_dag.py
[2022-12-14T02:53:37.565+0000] {processor.py:743} INFO - Processing file /opt/airflow/dags/python_operator_dag.py for tasks to queue
[2022-12-14T02:53:37.567+0000] {logging_mixin.py:137} INFO - [2022-12-14T02:53:37.566+0000] {dagbag.py:538} INFO - Filling up the DagBag from /opt/airflow/dags/python_operator_dag.py
[2022-12-14T02:53:37.627+0000] {processor.py:753} INFO - DAG(s) dict_keys(['python_operator_dag_v6']) retrieved from /opt/airflow/dags/python_operator_dag.py
[2022-12-14T02:53:37.744+0000] {logging_mixin.py:137} INFO - [2022-12-14T02:53:37.744+0000] {dag.py:2676} INFO - Sync 1 DAGs
[2022-12-14T02:53:37.836+0000] {logging_mixin.py:137} INFO - [2022-12-14T02:53:37.836+0000] {dag.py:3427} INFO - Setting next_dagrun for python_operator_dag_v6 to 2022-12-13T00:00:00+00:00, run_after=2022-12-14T00:00:00+00:00
[2022-12-14T02:53:37.931+0000] {processor.py:175} INFO - Processing /opt/airflow/dags/python_operator_dag.py took 0.382 seconds
[2022-12-14T02:54:08.249+0000] {processor.py:153} INFO - Started process (PID=1283) to work on /opt/airflow/dags/python_operator_dag.py
[2022-12-14T02:54:08.251+0000] {processor.py:743} INFO - Processing file /opt/airflow/dags/python_operator_dag.py for tasks to queue
[2022-12-14T02:54:08.253+0000] {logging_mixin.py:137} INFO - [2022-12-14T02:54:08.253+0000] {dagbag.py:538} INFO - Filling up the DagBag from /opt/airflow/dags/python_operator_dag.py
[2022-12-14T02:54:08.316+0000] {processor.py:753} INFO - DAG(s) dict_keys(['python_operator_dag_v6']) retrieved from /opt/airflow/dags/python_operator_dag.py
[2022-12-14T02:54:08.463+0000] {logging_mixin.py:137} INFO - [2022-12-14T02:54:08.462+0000] {dag.py:2676} INFO - Sync 1 DAGs
[2022-12-14T02:54:08.561+0000] {logging_mixin.py:137} INFO - [2022-12-14T02:54:08.560+0000] {dag.py:3427} INFO - Setting next_dagrun for python_operator_dag_v6 to 2022-12-13T00:00:00+00:00, run_after=2022-12-14T00:00:00+00:00
[2022-12-14T02:54:08.677+0000] {processor.py:175} INFO - Processing /opt/airflow/dags/python_operator_dag.py took 0.437 seconds
[2022-12-14T02:54:38.758+0000] {processor.py:153} INFO - Started process (PID=1347) to work on /opt/airflow/dags/python_operator_dag.py
[2022-12-14T02:54:38.783+0000] {processor.py:743} INFO - Processing file /opt/airflow/dags/python_operator_dag.py for tasks to queue
[2022-12-14T02:54:38.785+0000] {logging_mixin.py:137} INFO - [2022-12-14T02:54:38.785+0000] {dagbag.py:538} INFO - Filling up the DagBag from /opt/airflow/dags/python_operator_dag.py
[2022-12-14T02:54:38.838+0000] {processor.py:753} INFO - DAG(s) dict_keys(['python_operator_dag_v6']) retrieved from /opt/airflow/dags/python_operator_dag.py
[2022-12-14T02:54:38.935+0000] {logging_mixin.py:137} INFO - [2022-12-14T02:54:38.935+0000] {dag.py:2676} INFO - Sync 1 DAGs
[2022-12-14T02:54:39.009+0000] {logging_mixin.py:137} INFO - [2022-12-14T02:54:39.009+0000] {dag.py:3427} INFO - Setting next_dagrun for python_operator_dag_v6 to 2022-12-13T00:00:00+00:00, run_after=2022-12-14T00:00:00+00:00
[2022-12-14T02:54:39.082+0000] {processor.py:175} INFO - Processing /opt/airflow/dags/python_operator_dag.py took 0.333 seconds
[2022-12-14T02:55:09.630+0000] {processor.py:153} INFO - Started process (PID=1391) to work on /opt/airflow/dags/python_operator_dag.py
[2022-12-14T02:55:09.632+0000] {processor.py:743} INFO - Processing file /opt/airflow/dags/python_operator_dag.py for tasks to queue
[2022-12-14T02:55:09.635+0000] {logging_mixin.py:137} INFO - [2022-12-14T02:55:09.634+0000] {dagbag.py:538} INFO - Filling up the DagBag from /opt/airflow/dags/python_operator_dag.py
[2022-12-14T02:55:09.700+0000] {processor.py:753} INFO - DAG(s) dict_keys(['python_operator_dag_v6']) retrieved from /opt/airflow/dags/python_operator_dag.py
[2022-12-14T02:55:09.819+0000] {logging_mixin.py:137} INFO - [2022-12-14T02:55:09.818+0000] {dag.py:2676} INFO - Sync 1 DAGs
[2022-12-14T02:55:09.915+0000] {logging_mixin.py:137} INFO - [2022-12-14T02:55:09.915+0000] {dag.py:3427} INFO - Setting next_dagrun for python_operator_dag_v6 to 2022-12-13T00:00:00+00:00, run_after=2022-12-14T00:00:00+00:00
[2022-12-14T02:55:10.237+0000] {processor.py:175} INFO - Processing /opt/airflow/dags/python_operator_dag.py took 0.618 seconds
[2022-12-14T02:55:41.065+0000] {processor.py:153} INFO - Started process (PID=1435) to work on /opt/airflow/dags/python_operator_dag.py
[2022-12-14T02:55:41.091+0000] {processor.py:743} INFO - Processing file /opt/airflow/dags/python_operator_dag.py for tasks to queue
[2022-12-14T02:55:41.092+0000] {logging_mixin.py:137} INFO - [2022-12-14T02:55:41.092+0000] {dagbag.py:538} INFO - Filling up the DagBag from /opt/airflow/dags/python_operator_dag.py
[2022-12-14T02:55:41.128+0000] {processor.py:753} INFO - DAG(s) dict_keys(['python_operator_dag_v6']) retrieved from /opt/airflow/dags/python_operator_dag.py
[2022-12-14T02:55:41.198+0000] {logging_mixin.py:137} INFO - [2022-12-14T02:55:41.197+0000] {dag.py:2676} INFO - Sync 1 DAGs
[2022-12-14T02:55:41.239+0000] {logging_mixin.py:137} INFO - [2022-12-14T02:55:41.239+0000] {dag.py:3427} INFO - Setting next_dagrun for python_operator_dag_v6 to 2022-12-13T00:00:00+00:00, run_after=2022-12-14T00:00:00+00:00
[2022-12-14T02:55:41.306+0000] {processor.py:175} INFO - Processing /opt/airflow/dags/python_operator_dag.py took 0.250 seconds
[2022-12-14T02:56:11.746+0000] {processor.py:153} INFO - Started process (PID=1499) to work on /opt/airflow/dags/python_operator_dag.py
[2022-12-14T02:56:11.746+0000] {processor.py:743} INFO - Processing file /opt/airflow/dags/python_operator_dag.py for tasks to queue
[2022-12-14T02:56:11.747+0000] {logging_mixin.py:137} INFO - [2022-12-14T02:56:11.747+0000] {dagbag.py:538} INFO - Filling up the DagBag from /opt/airflow/dags/python_operator_dag.py
[2022-12-14T02:56:11.765+0000] {processor.py:753} INFO - DAG(s) dict_keys(['python_operator_dag_v6']) retrieved from /opt/airflow/dags/python_operator_dag.py
[2022-12-14T02:56:11.813+0000] {logging_mixin.py:137} INFO - [2022-12-14T02:56:11.813+0000] {dag.py:2676} INFO - Sync 1 DAGs
[2022-12-14T02:56:11.847+0000] {logging_mixin.py:137} INFO - [2022-12-14T02:56:11.847+0000] {dag.py:3427} INFO - Setting next_dagrun for python_operator_dag_v6 to 2022-12-13T00:00:00+00:00, run_after=2022-12-14T00:00:00+00:00
[2022-12-14T02:56:12.122+0000] {processor.py:175} INFO - Processing /opt/airflow/dags/python_operator_dag.py took 0.379 seconds
