[2022-12-07T16:38:25.282+0000] {taskinstance.py:1087} INFO - Dependencies all met for <TaskInstance: python_operator_dag_v4.greet scheduled__2022-12-06T00:00:00+00:00 [queued]>
[2022-12-07T16:38:25.295+0000] {taskinstance.py:1087} INFO - Dependencies all met for <TaskInstance: python_operator_dag_v4.greet scheduled__2022-12-06T00:00:00+00:00 [queued]>
[2022-12-07T16:38:25.296+0000] {taskinstance.py:1283} INFO - 
--------------------------------------------------------------------------------
[2022-12-07T16:38:25.296+0000] {taskinstance.py:1284} INFO - Starting attempt 1 of 1
[2022-12-07T16:38:25.296+0000] {taskinstance.py:1285} INFO - 
--------------------------------------------------------------------------------
[2022-12-07T16:38:25.364+0000] {taskinstance.py:1304} INFO - Executing <Task(PythonOperator): greet> on 2022-12-06 00:00:00+00:00
[2022-12-07T16:38:25.370+0000] {standard_task_runner.py:55} INFO - Started process 4987 to run task
[2022-12-07T16:38:25.375+0000] {standard_task_runner.py:82} INFO - Running: ['***', 'tasks', 'run', 'python_operator_dag_v4', 'greet', 'scheduled__2022-12-06T00:00:00+00:00', '--job-id', '7', '--raw', '--subdir', 'DAGS_FOLDER/python_operator_dag.py', '--cfg-path', '/tmp/tmpy7bsgc3h']
[2022-12-07T16:38:25.376+0000] {standard_task_runner.py:83} INFO - Job 7: Subtask greet
[2022-12-07T16:38:25.490+0000] {task_command.py:389} INFO - Running <TaskInstance: python_operator_dag_v4.greet scheduled__2022-12-06T00:00:00+00:00 [running]> on host 4f590d7fc3b1
[2022-12-07T16:38:25.678+0000] {taskinstance.py:1513} INFO - Exporting the following env vars:
AIRFLOW_CTX_DAG_OWNER=***
AIRFLOW_CTX_DAG_ID=python_operator_dag_v4
AIRFLOW_CTX_TASK_ID=greet
AIRFLOW_CTX_EXECUTION_DATE=2022-12-06T00:00:00+00:00
AIRFLOW_CTX_TRY_NUMBER=1
AIRFLOW_CTX_DAG_RUN_ID=scheduled__2022-12-06T00:00:00+00:00
[2022-12-07T16:38:25.679+0000] {logging_mixin.py:137} INFO - emotional damage!: jazzdung, 21
[2022-12-07T16:38:25.679+0000] {python.py:177} INFO - Done. Returned value was: None
[2022-12-07T16:38:25.693+0000] {taskinstance.py:1327} INFO - Marking task as SUCCESS. dag_id=python_operator_dag_v4, task_id=greet, execution_date=20221206T000000, start_date=20221207T163825, end_date=20221207T163825
[2022-12-07T16:38:25.786+0000] {local_task_job.py:159} INFO - Task exited with return code 0
[2022-12-07T16:38:25.974+0000] {taskinstance.py:2582} INFO - 0 downstream tasks scheduled from follow-on schedule check
