[2023-01-14T17:32:02.240+0000] {processor.py:156} INFO - Started process (PID=71) to work on /opt/airflow/dags/repo/Airflow/dags/first_dag.py
[2023-01-14T17:32:02.244+0000] {processor.py:758} INFO - Processing file /opt/airflow/dags/repo/Airflow/dags/first_dag.py for tasks to queue
[2023-01-14T17:32:02.248+0000] {logging_mixin.py:117} INFO - [2023-01-14T17:32:02.247+0000] {dagbag.py:525} INFO - Filling up the DagBag from /opt/airflow/dags/repo/Airflow/dags/first_dag.py
[2023-01-14T17:32:02.332+0000] {processor.py:768} INFO - DAG(s) dict_keys(['first_dag_v5']) retrieved from /opt/airflow/dags/repo/Airflow/dags/first_dag.py
[2023-01-14T17:32:02.905+0000] {logging_mixin.py:117} INFO - [2023-01-14T17:32:02.904+0000] {manager.py:507} INFO - Created Permission View: can delete on DAG:first_dag_v5
[2023-01-14T17:32:02.943+0000] {logging_mixin.py:117} INFO - [2023-01-14T17:32:02.943+0000] {manager.py:507} INFO - Created Permission View: can read on DAG:first_dag_v5
[2023-01-14T17:32:02.970+0000] {logging_mixin.py:117} INFO - [2023-01-14T17:32:02.970+0000] {manager.py:507} INFO - Created Permission View: can edit on DAG:first_dag_v5
[2023-01-14T17:32:02.971+0000] {logging_mixin.py:117} INFO - [2023-01-14T17:32:02.971+0000] {dag.py:2573} INFO - Sync 1 DAGs
[2023-01-14T17:32:03.006+0000] {logging_mixin.py:117} INFO - [2023-01-14T17:32:03.006+0000] {dag.py:2594} INFO - Creating ORM DAG for first_dag_v5
[2023-01-14T17:32:03.039+0000] {logging_mixin.py:117} INFO - [2023-01-14T17:32:03.038+0000] {dag.py:3328} INFO - Setting next_dagrun for first_dag_v5 to 2023-01-13T00:00:00+00:00, run_after=2023-01-14T00:00:00+00:00
[2023-01-14T17:32:03.092+0000] {processor.py:178} INFO - Processing /opt/airflow/dags/repo/Airflow/dags/first_dag.py took 0.865 seconds
[2023-01-14T17:32:33.480+0000] {processor.py:156} INFO - Started process (PID=114) to work on /opt/airflow/dags/repo/Airflow/dags/first_dag.py
[2023-01-14T17:32:33.482+0000] {processor.py:758} INFO - Processing file /opt/airflow/dags/repo/Airflow/dags/first_dag.py for tasks to queue
[2023-01-14T17:32:33.484+0000] {logging_mixin.py:117} INFO - [2023-01-14T17:32:33.484+0000] {dagbag.py:525} INFO - Filling up the DagBag from /opt/airflow/dags/repo/Airflow/dags/first_dag.py
[2023-01-14T17:32:33.527+0000] {processor.py:768} INFO - DAG(s) dict_keys(['first_dag_v5']) retrieved from /opt/airflow/dags/repo/Airflow/dags/first_dag.py
[2023-01-14T17:32:38.625+0000] {logging_mixin.py:117} INFO - [2023-01-14T17:32:38.625+0000] {dag.py:2573} INFO - Sync 1 DAGs
[2023-01-14T17:32:38.927+0000] {logging_mixin.py:117} INFO - [2023-01-14T17:32:38.927+0000] {dag.py:3328} INFO - Setting next_dagrun for first_dag_v5 to 2023-01-13T00:00:00+00:00, run_after=2023-01-14T00:00:00+00:00
[2023-01-14T17:32:38.979+0000] {processor.py:178} INFO - Processing /opt/airflow/dags/repo/Airflow/dags/first_dag.py took 5.507 seconds
[2023-01-14T17:33:09.642+0000] {processor.py:156} INFO - Started process (PID=154) to work on /opt/airflow/dags/repo/Airflow/dags/first_dag.py
[2023-01-14T17:33:09.644+0000] {processor.py:758} INFO - Processing file /opt/airflow/dags/repo/Airflow/dags/first_dag.py for tasks to queue
[2023-01-14T17:33:09.647+0000] {logging_mixin.py:117} INFO - [2023-01-14T17:33:09.646+0000] {dagbag.py:525} INFO - Filling up the DagBag from /opt/airflow/dags/repo/Airflow/dags/first_dag.py
[2023-01-14T17:33:09.697+0000] {processor.py:768} INFO - DAG(s) dict_keys(['first_dag_v5']) retrieved from /opt/airflow/dags/repo/Airflow/dags/first_dag.py
[2023-01-14T17:33:09.810+0000] {logging_mixin.py:117} INFO - [2023-01-14T17:33:09.809+0000] {dag.py:2573} INFO - Sync 1 DAGs
[2023-01-14T17:33:10.165+0000] {logging_mixin.py:117} INFO - [2023-01-14T17:33:10.165+0000] {dag.py:3328} INFO - Setting next_dagrun for first_dag_v5 to 2023-01-13T00:00:00+00:00, run_after=2023-01-14T00:00:00+00:00
[2023-01-14T17:33:10.238+0000] {processor.py:178} INFO - Processing /opt/airflow/dags/repo/Airflow/dags/first_dag.py took 0.606 seconds
[2023-01-14T17:33:40.404+0000] {processor.py:156} INFO - Started process (PID=179) to work on /opt/airflow/dags/repo/Airflow/dags/first_dag.py
[2023-01-14T17:33:40.406+0000] {processor.py:758} INFO - Processing file /opt/airflow/dags/repo/Airflow/dags/first_dag.py for tasks to queue
[2023-01-14T17:33:40.408+0000] {logging_mixin.py:117} INFO - [2023-01-14T17:33:40.408+0000] {dagbag.py:525} INFO - Filling up the DagBag from /opt/airflow/dags/repo/Airflow/dags/first_dag.py
[2023-01-14T17:33:40.460+0000] {processor.py:768} INFO - DAG(s) dict_keys(['first_dag_v5']) retrieved from /opt/airflow/dags/repo/Airflow/dags/first_dag.py
[2023-01-14T17:33:40.829+0000] {logging_mixin.py:117} INFO - [2023-01-14T17:33:40.828+0000] {dag.py:2573} INFO - Sync 1 DAGs
[2023-01-14T17:33:40.899+0000] {logging_mixin.py:117} INFO - [2023-01-14T17:33:40.899+0000] {dag.py:3328} INFO - Setting next_dagrun for first_dag_v5 to 2023-01-14T00:00:00+00:00, run_after=2023-01-15T00:00:00+00:00
[2023-01-14T17:33:40.951+0000] {processor.py:178} INFO - Processing /opt/airflow/dags/repo/Airflow/dags/first_dag.py took 0.556 seconds
[2023-01-14T17:34:11.179+0000] {processor.py:156} INFO - Started process (PID=219) to work on /opt/airflow/dags/repo/Airflow/dags/first_dag.py
[2023-01-14T17:34:11.182+0000] {processor.py:758} INFO - Processing file /opt/airflow/dags/repo/Airflow/dags/first_dag.py for tasks to queue
[2023-01-14T17:34:11.184+0000] {logging_mixin.py:117} INFO - [2023-01-14T17:34:11.183+0000] {dagbag.py:525} INFO - Filling up the DagBag from /opt/airflow/dags/repo/Airflow/dags/first_dag.py
[2023-01-14T17:34:11.233+0000] {processor.py:768} INFO - DAG(s) dict_keys(['first_dag_v5']) retrieved from /opt/airflow/dags/repo/Airflow/dags/first_dag.py
[2023-01-14T17:34:11.646+0000] {logging_mixin.py:117} INFO - [2023-01-14T17:34:11.646+0000] {dag.py:2573} INFO - Sync 1 DAGs
[2023-01-14T17:34:11.721+0000] {logging_mixin.py:117} INFO - [2023-01-14T17:34:11.721+0000] {dag.py:3328} INFO - Setting next_dagrun for first_dag_v5 to 2023-01-14T00:00:00+00:00, run_after=2023-01-15T00:00:00+00:00
[2023-01-14T17:34:11.779+0000] {processor.py:178} INFO - Processing /opt/airflow/dags/repo/Airflow/dags/first_dag.py took 0.610 seconds
[2023-01-14T17:34:41.941+0000] {processor.py:156} INFO - Started process (PID=248) to work on /opt/airflow/dags/repo/Airflow/dags/first_dag.py
[2023-01-14T17:34:41.944+0000] {processor.py:758} INFO - Processing file /opt/airflow/dags/repo/Airflow/dags/first_dag.py for tasks to queue
[2023-01-14T17:34:41.946+0000] {logging_mixin.py:117} INFO - [2023-01-14T17:34:41.945+0000] {dagbag.py:525} INFO - Filling up the DagBag from /opt/airflow/dags/repo/Airflow/dags/first_dag.py
[2023-01-14T17:34:41.998+0000] {processor.py:768} INFO - DAG(s) dict_keys(['first_dag_v5']) retrieved from /opt/airflow/dags/repo/Airflow/dags/first_dag.py
[2023-01-14T17:34:42.462+0000] {logging_mixin.py:117} INFO - [2023-01-14T17:34:42.461+0000] {dag.py:2573} INFO - Sync 1 DAGs
[2023-01-14T17:34:42.567+0000] {logging_mixin.py:117} INFO - [2023-01-14T17:34:42.566+0000] {dag.py:3328} INFO - Setting next_dagrun for first_dag_v5 to 2023-01-14T00:00:00+00:00, run_after=2023-01-15T00:00:00+00:00
[2023-01-14T17:34:42.653+0000] {processor.py:178} INFO - Processing /opt/airflow/dags/repo/Airflow/dags/first_dag.py took 0.722 seconds
[2023-01-14T17:35:13.503+0000] {processor.py:156} INFO - Started process (PID=288) to work on /opt/airflow/dags/repo/Airflow/dags/first_dag.py
[2023-01-14T17:35:13.508+0000] {processor.py:758} INFO - Processing file /opt/airflow/dags/repo/Airflow/dags/first_dag.py for tasks to queue
[2023-01-14T17:35:13.511+0000] {logging_mixin.py:117} INFO - [2023-01-14T17:35:13.510+0000] {dagbag.py:525} INFO - Filling up the DagBag from /opt/airflow/dags/repo/Airflow/dags/first_dag.py
[2023-01-14T17:35:13.951+0000] {processor.py:768} INFO - DAG(s) dict_keys(['first_dag_v5']) retrieved from /opt/airflow/dags/repo/Airflow/dags/first_dag.py
[2023-01-14T17:35:14.101+0000] {logging_mixin.py:117} INFO - [2023-01-14T17:35:14.100+0000] {dag.py:2573} INFO - Sync 1 DAGs
[2023-01-14T17:35:14.206+0000] {logging_mixin.py:117} INFO - [2023-01-14T17:35:14.206+0000] {dag.py:3328} INFO - Setting next_dagrun for first_dag_v5 to 2023-01-14T00:00:00+00:00, run_after=2023-01-15T00:00:00+00:00
[2023-01-14T17:35:14.276+0000] {processor.py:178} INFO - Processing /opt/airflow/dags/repo/Airflow/dags/first_dag.py took 0.783 seconds
[2023-01-14T17:35:44.462+0000] {processor.py:156} INFO - Started process (PID=316) to work on /opt/airflow/dags/repo/Airflow/dags/first_dag.py
[2023-01-14T17:35:44.465+0000] {processor.py:758} INFO - Processing file /opt/airflow/dags/repo/Airflow/dags/first_dag.py for tasks to queue
[2023-01-14T17:35:44.467+0000] {logging_mixin.py:117} INFO - [2023-01-14T17:35:44.467+0000] {dagbag.py:525} INFO - Filling up the DagBag from /opt/airflow/dags/repo/Airflow/dags/first_dag.py
[2023-01-14T17:35:44.808+0000] {processor.py:768} INFO - DAG(s) dict_keys(['first_dag_v5']) retrieved from /opt/airflow/dags/repo/Airflow/dags/first_dag.py
[2023-01-14T17:35:49.901+0000] {logging_mixin.py:117} INFO - [2023-01-14T17:35:49.900+0000] {dag.py:2573} INFO - Sync 1 DAGs
[2023-01-14T17:35:49.966+0000] {logging_mixin.py:117} INFO - [2023-01-14T17:35:49.966+0000] {dag.py:3328} INFO - Setting next_dagrun for first_dag_v5 to 2023-01-14T00:00:00+00:00, run_after=2023-01-15T00:00:00+00:00
[2023-01-14T17:35:50.018+0000] {processor.py:178} INFO - Processing /opt/airflow/dags/repo/Airflow/dags/first_dag.py took 5.564 seconds
[2023-01-14T17:36:20.585+0000] {processor.py:156} INFO - Started process (PID=359) to work on /opt/airflow/dags/repo/Airflow/dags/first_dag.py
[2023-01-14T17:36:20.588+0000] {processor.py:758} INFO - Processing file /opt/airflow/dags/repo/Airflow/dags/first_dag.py for tasks to queue
[2023-01-14T17:36:20.591+0000] {logging_mixin.py:117} INFO - [2023-01-14T17:36:20.591+0000] {dagbag.py:525} INFO - Filling up the DagBag from /opt/airflow/dags/repo/Airflow/dags/first_dag.py
[2023-01-14T17:36:20.638+0000] {processor.py:768} INFO - DAG(s) dict_keys(['first_dag_v5']) retrieved from /opt/airflow/dags/repo/Airflow/dags/first_dag.py
[2023-01-14T17:36:20.753+0000] {logging_mixin.py:117} INFO - [2023-01-14T17:36:20.752+0000] {dag.py:2573} INFO - Sync 1 DAGs
[2023-01-14T17:36:20.824+0000] {logging_mixin.py:117} INFO - [2023-01-14T17:36:20.824+0000] {dag.py:3328} INFO - Setting next_dagrun for first_dag_v5 to 2023-01-14T00:00:00+00:00, run_after=2023-01-15T00:00:00+00:00
[2023-01-14T17:36:20.890+0000] {processor.py:178} INFO - Processing /opt/airflow/dags/repo/Airflow/dags/first_dag.py took 0.319 seconds
[2023-01-14T17:36:51.448+0000] {processor.py:156} INFO - Started process (PID=387) to work on /opt/airflow/dags/repo/Airflow/dags/first_dag.py
[2023-01-14T17:36:51.450+0000] {processor.py:758} INFO - Processing file /opt/airflow/dags/repo/Airflow/dags/first_dag.py for tasks to queue
[2023-01-14T17:36:51.452+0000] {logging_mixin.py:117} INFO - [2023-01-14T17:36:51.452+0000] {dagbag.py:525} INFO - Filling up the DagBag from /opt/airflow/dags/repo/Airflow/dags/first_dag.py
[2023-01-14T17:36:51.499+0000] {processor.py:768} INFO - DAG(s) dict_keys(['first_dag_v5']) retrieved from /opt/airflow/dags/repo/Airflow/dags/first_dag.py
[2023-01-14T17:36:56.605+0000] {logging_mixin.py:117} INFO - [2023-01-14T17:36:56.605+0000] {dag.py:2573} INFO - Sync 1 DAGs
[2023-01-14T17:36:56.676+0000] {logging_mixin.py:117} INFO - [2023-01-14T17:36:56.676+0000] {dag.py:3328} INFO - Setting next_dagrun for first_dag_v5 to 2023-01-14T00:00:00+00:00, run_after=2023-01-15T00:00:00+00:00
[2023-01-14T17:36:56.731+0000] {processor.py:178} INFO - Processing /opt/airflow/dags/repo/Airflow/dags/first_dag.py took 5.292 seconds
[2023-01-14T17:37:27.508+0000] {processor.py:156} INFO - Started process (PID=427) to work on /opt/airflow/dags/repo/Airflow/dags/first_dag.py
[2023-01-14T17:37:27.511+0000] {processor.py:758} INFO - Processing file /opt/airflow/dags/repo/Airflow/dags/first_dag.py for tasks to queue
[2023-01-14T17:37:27.513+0000] {logging_mixin.py:117} INFO - [2023-01-14T17:37:27.512+0000] {dagbag.py:525} INFO - Filling up the DagBag from /opt/airflow/dags/repo/Airflow/dags/first_dag.py
[2023-01-14T17:37:27.567+0000] {processor.py:768} INFO - DAG(s) dict_keys(['first_dag_v5']) retrieved from /opt/airflow/dags/repo/Airflow/dags/first_dag.py
[2023-01-14T17:37:27.696+0000] {logging_mixin.py:117} INFO - [2023-01-14T17:37:27.695+0000] {dag.py:2573} INFO - Sync 1 DAGs
[2023-01-14T17:37:27.783+0000] {logging_mixin.py:117} INFO - [2023-01-14T17:37:27.782+0000] {dag.py:3328} INFO - Setting next_dagrun for first_dag_v5 to 2023-01-14T00:00:00+00:00, run_after=2023-01-15T00:00:00+00:00
[2023-01-14T17:37:27.843+0000] {processor.py:178} INFO - Processing /opt/airflow/dags/repo/Airflow/dags/first_dag.py took 0.346 seconds
[2023-01-14T17:37:58.364+0000] {processor.py:156} INFO - Started process (PID=455) to work on /opt/airflow/dags/repo/Airflow/dags/first_dag.py
[2023-01-14T17:37:58.366+0000] {processor.py:758} INFO - Processing file /opt/airflow/dags/repo/Airflow/dags/first_dag.py for tasks to queue
[2023-01-14T17:37:58.368+0000] {logging_mixin.py:117} INFO - [2023-01-14T17:37:58.368+0000] {dagbag.py:525} INFO - Filling up the DagBag from /opt/airflow/dags/repo/Airflow/dags/first_dag.py
[2023-01-14T17:37:58.418+0000] {processor.py:768} INFO - DAG(s) dict_keys(['first_dag_v5']) retrieved from /opt/airflow/dags/repo/Airflow/dags/first_dag.py
[2023-01-14T17:37:58.531+0000] {logging_mixin.py:117} INFO - [2023-01-14T17:37:58.531+0000] {dag.py:2573} INFO - Sync 1 DAGs
[2023-01-14T17:37:58.630+0000] {logging_mixin.py:117} INFO - [2023-01-14T17:37:58.629+0000] {dag.py:3328} INFO - Setting next_dagrun for first_dag_v5 to 2023-01-14T00:00:00+00:00, run_after=2023-01-15T00:00:00+00:00
[2023-01-14T17:37:58.710+0000] {processor.py:178} INFO - Processing /opt/airflow/dags/repo/Airflow/dags/first_dag.py took 0.356 seconds
[2023-01-14T17:38:29.152+0000] {processor.py:156} INFO - Started process (PID=495) to work on /opt/airflow/dags/repo/Airflow/dags/first_dag.py
[2023-01-14T17:38:29.154+0000] {processor.py:758} INFO - Processing file /opt/airflow/dags/repo/Airflow/dags/first_dag.py for tasks to queue
[2023-01-14T17:38:29.156+0000] {logging_mixin.py:117} INFO - [2023-01-14T17:38:29.156+0000] {dagbag.py:525} INFO - Filling up the DagBag from /opt/airflow/dags/repo/Airflow/dags/first_dag.py
[2023-01-14T17:38:29.206+0000] {processor.py:768} INFO - DAG(s) dict_keys(['first_dag_v5']) retrieved from /opt/airflow/dags/repo/Airflow/dags/first_dag.py
[2023-01-14T17:38:29.310+0000] {logging_mixin.py:117} INFO - [2023-01-14T17:38:29.310+0000] {dag.py:2573} INFO - Sync 1 DAGs
[2023-01-14T17:38:29.397+0000] {logging_mixin.py:117} INFO - [2023-01-14T17:38:29.396+0000] {dag.py:3328} INFO - Setting next_dagrun for first_dag_v5 to 2023-01-14T00:00:00+00:00, run_after=2023-01-15T00:00:00+00:00
[2023-01-14T17:38:29.453+0000] {processor.py:178} INFO - Processing /opt/airflow/dags/repo/Airflow/dags/first_dag.py took 0.310 seconds
[2023-01-14T17:38:59.850+0000] {processor.py:156} INFO - Started process (PID=523) to work on /opt/airflow/dags/repo/Airflow/dags/first_dag.py
[2023-01-14T17:38:59.852+0000] {processor.py:758} INFO - Processing file /opt/airflow/dags/repo/Airflow/dags/first_dag.py for tasks to queue
[2023-01-14T17:38:59.854+0000] {logging_mixin.py:117} INFO - [2023-01-14T17:38:59.854+0000] {dagbag.py:525} INFO - Filling up the DagBag from /opt/airflow/dags/repo/Airflow/dags/first_dag.py
[2023-01-14T17:38:59.899+0000] {processor.py:768} INFO - DAG(s) dict_keys(['first_dag_v5']) retrieved from /opt/airflow/dags/repo/Airflow/dags/first_dag.py
[2023-01-14T17:39:00.006+0000] {logging_mixin.py:117} INFO - [2023-01-14T17:39:00.006+0000] {dag.py:2573} INFO - Sync 1 DAGs
[2023-01-14T17:39:00.091+0000] {logging_mixin.py:117} INFO - [2023-01-14T17:39:00.090+0000] {dag.py:3328} INFO - Setting next_dagrun for first_dag_v5 to 2023-01-14T00:00:00+00:00, run_after=2023-01-15T00:00:00+00:00
[2023-01-14T17:39:00.144+0000] {processor.py:178} INFO - Processing /opt/airflow/dags/repo/Airflow/dags/first_dag.py took 0.306 seconds
[2023-01-14T17:39:30.497+0000] {processor.py:156} INFO - Started process (PID=560) to work on /opt/airflow/dags/repo/Airflow/dags/first_dag.py
[2023-01-14T17:39:30.499+0000] {processor.py:758} INFO - Processing file /opt/airflow/dags/repo/Airflow/dags/first_dag.py for tasks to queue
[2023-01-14T17:39:30.501+0000] {logging_mixin.py:117} INFO - [2023-01-14T17:39:30.501+0000] {dagbag.py:525} INFO - Filling up the DagBag from /opt/airflow/dags/repo/Airflow/dags/first_dag.py
[2023-01-14T17:39:30.559+0000] {processor.py:768} INFO - DAG(s) dict_keys(['first_dag_v5']) retrieved from /opt/airflow/dags/repo/Airflow/dags/first_dag.py
[2023-01-14T17:39:35.674+0000] {logging_mixin.py:117} INFO - [2023-01-14T17:39:35.673+0000] {dag.py:2573} INFO - Sync 1 DAGs
[2023-01-14T17:39:35.745+0000] {logging_mixin.py:117} INFO - [2023-01-14T17:39:35.745+0000] {dag.py:3328} INFO - Setting next_dagrun for first_dag_v5 to 2023-01-14T00:00:00+00:00, run_after=2023-01-15T00:00:00+00:00
[2023-01-14T17:39:35.800+0000] {processor.py:178} INFO - Processing /opt/airflow/dags/repo/Airflow/dags/first_dag.py took 5.314 seconds
[2023-01-14T17:40:06.561+0000] {processor.py:156} INFO - Started process (PID=602) to work on /opt/airflow/dags/repo/Airflow/dags/first_dag.py
[2023-01-14T17:40:06.563+0000] {processor.py:758} INFO - Processing file /opt/airflow/dags/repo/Airflow/dags/first_dag.py for tasks to queue
[2023-01-14T17:40:06.565+0000] {logging_mixin.py:117} INFO - [2023-01-14T17:40:06.564+0000] {dagbag.py:525} INFO - Filling up the DagBag from /opt/airflow/dags/repo/Airflow/dags/first_dag.py
[2023-01-14T17:40:06.611+0000] {processor.py:768} INFO - DAG(s) dict_keys(['first_dag_v5']) retrieved from /opt/airflow/dags/repo/Airflow/dags/first_dag.py
[2023-01-14T17:40:06.731+0000] {logging_mixin.py:117} INFO - [2023-01-14T17:40:06.731+0000] {dag.py:2573} INFO - Sync 1 DAGs
[2023-01-14T17:40:06.815+0000] {logging_mixin.py:117} INFO - [2023-01-14T17:40:06.815+0000] {dag.py:3328} INFO - Setting next_dagrun for first_dag_v5 to 2023-01-14T00:00:00+00:00, run_after=2023-01-15T00:00:00+00:00
[2023-01-14T17:40:06.875+0000] {processor.py:178} INFO - Processing /opt/airflow/dags/repo/Airflow/dags/first_dag.py took 0.322 seconds
[2023-01-14T17:40:37.030+0000] {processor.py:156} INFO - Started process (PID=627) to work on /opt/airflow/dags/repo/Airflow/dags/first_dag.py
[2023-01-14T17:40:37.032+0000] {processor.py:758} INFO - Processing file /opt/airflow/dags/repo/Airflow/dags/first_dag.py for tasks to queue
[2023-01-14T17:40:37.034+0000] {logging_mixin.py:117} INFO - [2023-01-14T17:40:37.034+0000] {dagbag.py:525} INFO - Filling up the DagBag from /opt/airflow/dags/repo/Airflow/dags/first_dag.py
[2023-01-14T17:40:37.082+0000] {processor.py:768} INFO - DAG(s) dict_keys(['first_dag_v5']) retrieved from /opt/airflow/dags/repo/Airflow/dags/first_dag.py
[2023-01-14T17:40:37.192+0000] {logging_mixin.py:117} INFO - [2023-01-14T17:40:37.192+0000] {dag.py:2573} INFO - Sync 1 DAGs
[2023-01-14T17:40:37.267+0000] {logging_mixin.py:117} INFO - [2023-01-14T17:40:37.267+0000] {dag.py:3328} INFO - Setting next_dagrun for first_dag_v5 to 2023-01-14T00:00:00+00:00, run_after=2023-01-15T00:00:00+00:00
[2023-01-14T17:40:37.328+0000] {processor.py:178} INFO - Processing /opt/airflow/dags/repo/Airflow/dags/first_dag.py took 0.310 seconds
[2023-01-14T17:41:07.718+0000] {processor.py:156} INFO - Started process (PID=667) to work on /opt/airflow/dags/repo/Airflow/dags/first_dag.py
[2023-01-14T17:41:07.721+0000] {processor.py:758} INFO - Processing file /opt/airflow/dags/repo/Airflow/dags/first_dag.py for tasks to queue
[2023-01-14T17:41:07.723+0000] {logging_mixin.py:117} INFO - [2023-01-14T17:41:07.722+0000] {dagbag.py:525} INFO - Filling up the DagBag from /opt/airflow/dags/repo/Airflow/dags/first_dag.py
[2023-01-14T17:41:07.772+0000] {processor.py:768} INFO - DAG(s) dict_keys(['first_dag_v5']) retrieved from /opt/airflow/dags/repo/Airflow/dags/first_dag.py
[2023-01-14T17:41:07.881+0000] {logging_mixin.py:117} INFO - [2023-01-14T17:41:07.881+0000] {dag.py:2573} INFO - Sync 1 DAGs
[2023-01-14T17:41:07.957+0000] {logging_mixin.py:117} INFO - [2023-01-14T17:41:07.956+0000] {dag.py:3328} INFO - Setting next_dagrun for first_dag_v5 to 2023-01-14T00:00:00+00:00, run_after=2023-01-15T00:00:00+00:00
[2023-01-14T17:41:08.017+0000] {processor.py:178} INFO - Processing /opt/airflow/dags/repo/Airflow/dags/first_dag.py took 0.308 seconds
[2023-01-14T17:41:38.394+0000] {processor.py:156} INFO - Started process (PID=695) to work on /opt/airflow/dags/repo/Airflow/dags/first_dag.py
[2023-01-14T17:41:38.396+0000] {processor.py:758} INFO - Processing file /opt/airflow/dags/repo/Airflow/dags/first_dag.py for tasks to queue
[2023-01-14T17:41:38.398+0000] {logging_mixin.py:117} INFO - [2023-01-14T17:41:38.397+0000] {dagbag.py:525} INFO - Filling up the DagBag from /opt/airflow/dags/repo/Airflow/dags/first_dag.py
[2023-01-14T17:41:38.441+0000] {processor.py:768} INFO - DAG(s) dict_keys(['first_dag_v5']) retrieved from /opt/airflow/dags/repo/Airflow/dags/first_dag.py
[2023-01-14T17:41:43.541+0000] {logging_mixin.py:117} INFO - [2023-01-14T17:41:43.541+0000] {dag.py:2573} INFO - Sync 1 DAGs
[2023-01-14T17:41:43.608+0000] {logging_mixin.py:117} INFO - [2023-01-14T17:41:43.608+0000] {dag.py:3328} INFO - Setting next_dagrun for first_dag_v5 to 2023-01-14T00:00:00+00:00, run_after=2023-01-15T00:00:00+00:00
[2023-01-14T17:41:43.662+0000] {processor.py:178} INFO - Processing /opt/airflow/dags/repo/Airflow/dags/first_dag.py took 5.277 seconds
[2023-01-14T17:42:13.907+0000] {processor.py:156} INFO - Started process (PID=736) to work on /opt/airflow/dags/repo/Airflow/dags/first_dag.py
[2023-01-14T17:42:13.910+0000] {processor.py:758} INFO - Processing file /opt/airflow/dags/repo/Airflow/dags/first_dag.py for tasks to queue
[2023-01-14T17:42:13.912+0000] {logging_mixin.py:117} INFO - [2023-01-14T17:42:13.911+0000] {dagbag.py:525} INFO - Filling up the DagBag from /opt/airflow/dags/repo/Airflow/dags/first_dag.py
[2023-01-14T17:42:13.975+0000] {processor.py:768} INFO - DAG(s) dict_keys(['first_dag_v5']) retrieved from /opt/airflow/dags/repo/Airflow/dags/first_dag.py
[2023-01-14T17:42:14.103+0000] {logging_mixin.py:117} INFO - [2023-01-14T17:42:14.103+0000] {dag.py:2573} INFO - Sync 1 DAGs
[2023-01-14T17:42:14.181+0000] {logging_mixin.py:117} INFO - [2023-01-14T17:42:14.181+0000] {dag.py:3328} INFO - Setting next_dagrun for first_dag_v5 to 2023-01-14T00:00:00+00:00, run_after=2023-01-15T00:00:00+00:00
[2023-01-14T17:42:14.245+0000] {processor.py:178} INFO - Processing /opt/airflow/dags/repo/Airflow/dags/first_dag.py took 0.347 seconds
[2023-01-14T17:42:44.629+0000] {processor.py:156} INFO - Started process (PID=764) to work on /opt/airflow/dags/repo/Airflow/dags/first_dag.py
[2023-01-14T17:42:44.631+0000] {processor.py:758} INFO - Processing file /opt/airflow/dags/repo/Airflow/dags/first_dag.py for tasks to queue
[2023-01-14T17:42:44.633+0000] {logging_mixin.py:117} INFO - [2023-01-14T17:42:44.633+0000] {dagbag.py:525} INFO - Filling up the DagBag from /opt/airflow/dags/repo/Airflow/dags/first_dag.py
[2023-01-14T17:42:44.678+0000] {processor.py:768} INFO - DAG(s) dict_keys(['first_dag_v5']) retrieved from /opt/airflow/dags/repo/Airflow/dags/first_dag.py
[2023-01-14T17:42:44.791+0000] {logging_mixin.py:117} INFO - [2023-01-14T17:42:44.791+0000] {dag.py:2573} INFO - Sync 1 DAGs
[2023-01-14T17:42:44.863+0000] {logging_mixin.py:117} INFO - [2023-01-14T17:42:44.862+0000] {dag.py:3328} INFO - Setting next_dagrun for first_dag_v5 to 2023-01-14T00:00:00+00:00, run_after=2023-01-15T00:00:00+00:00
[2023-01-14T17:42:44.922+0000] {processor.py:178} INFO - Processing /opt/airflow/dags/repo/Airflow/dags/first_dag.py took 0.302 seconds
[2023-01-14T17:43:15.341+0000] {processor.py:156} INFO - Started process (PID=804) to work on /opt/airflow/dags/repo/Airflow/dags/first_dag.py
[2023-01-14T17:43:15.343+0000] {processor.py:758} INFO - Processing file /opt/airflow/dags/repo/Airflow/dags/first_dag.py for tasks to queue
[2023-01-14T17:43:15.345+0000] {logging_mixin.py:117} INFO - [2023-01-14T17:43:15.344+0000] {dagbag.py:525} INFO - Filling up the DagBag from /opt/airflow/dags/repo/Airflow/dags/first_dag.py
[2023-01-14T17:43:15.385+0000] {processor.py:768} INFO - DAG(s) dict_keys(['first_dag_v5']) retrieved from /opt/airflow/dags/repo/Airflow/dags/first_dag.py
[2023-01-14T17:43:15.485+0000] {logging_mixin.py:117} INFO - [2023-01-14T17:43:15.484+0000] {dag.py:2573} INFO - Sync 1 DAGs
[2023-01-14T17:43:15.560+0000] {logging_mixin.py:117} INFO - [2023-01-14T17:43:15.560+0000] {dag.py:3328} INFO - Setting next_dagrun for first_dag_v5 to 2023-01-14T00:00:00+00:00, run_after=2023-01-15T00:00:00+00:00
[2023-01-14T17:43:15.613+0000] {processor.py:178} INFO - Processing /opt/airflow/dags/repo/Airflow/dags/first_dag.py took 0.282 seconds
[2023-01-14T17:43:46.153+0000] {processor.py:156} INFO - Started process (PID=832) to work on /opt/airflow/dags/repo/Airflow/dags/first_dag.py
[2023-01-14T17:43:46.156+0000] {processor.py:758} INFO - Processing file /opt/airflow/dags/repo/Airflow/dags/first_dag.py for tasks to queue
[2023-01-14T17:43:46.160+0000] {logging_mixin.py:117} INFO - [2023-01-14T17:43:46.160+0000] {dagbag.py:525} INFO - Filling up the DagBag from /opt/airflow/dags/repo/Airflow/dags/first_dag.py
[2023-01-14T17:43:46.213+0000] {processor.py:768} INFO - DAG(s) dict_keys(['first_dag_v5']) retrieved from /opt/airflow/dags/repo/Airflow/dags/first_dag.py
[2023-01-14T17:43:46.330+0000] {logging_mixin.py:117} INFO - [2023-01-14T17:43:46.329+0000] {dag.py:2573} INFO - Sync 1 DAGs
[2023-01-14T17:43:46.409+0000] {logging_mixin.py:117} INFO - [2023-01-14T17:43:46.409+0000] {dag.py:3328} INFO - Setting next_dagrun for first_dag_v5 to 2023-01-14T00:00:00+00:00, run_after=2023-01-15T00:00:00+00:00
[2023-01-14T17:43:46.481+0000] {processor.py:178} INFO - Processing /opt/airflow/dags/repo/Airflow/dags/first_dag.py took 0.340 seconds
[2023-01-14T17:44:16.969+0000] {processor.py:156} INFO - Started process (PID=872) to work on /opt/airflow/dags/repo/Airflow/dags/first_dag.py
[2023-01-14T17:44:16.971+0000] {processor.py:758} INFO - Processing file /opt/airflow/dags/repo/Airflow/dags/first_dag.py for tasks to queue
[2023-01-14T17:44:16.975+0000] {logging_mixin.py:117} INFO - [2023-01-14T17:44:16.973+0000] {dagbag.py:525} INFO - Filling up the DagBag from /opt/airflow/dags/repo/Airflow/dags/first_dag.py
[2023-01-14T17:44:17.019+0000] {processor.py:768} INFO - DAG(s) dict_keys(['first_dag_v5']) retrieved from /opt/airflow/dags/repo/Airflow/dags/first_dag.py
[2023-01-14T17:44:22.123+0000] {logging_mixin.py:117} INFO - [2023-01-14T17:44:22.123+0000] {dag.py:2573} INFO - Sync 1 DAGs
[2023-01-14T17:44:22.193+0000] {logging_mixin.py:117} INFO - [2023-01-14T17:44:22.192+0000] {dag.py:3328} INFO - Setting next_dagrun for first_dag_v5 to 2023-01-14T00:00:00+00:00, run_after=2023-01-15T00:00:00+00:00
[2023-01-14T17:44:22.252+0000] {processor.py:178} INFO - Processing /opt/airflow/dags/repo/Airflow/dags/first_dag.py took 5.291 seconds
[2023-01-14T17:44:52.725+0000] {processor.py:156} INFO - Started process (PID=900) to work on /opt/airflow/dags/repo/Airflow/dags/first_dag.py
[2023-01-14T17:44:52.727+0000] {processor.py:758} INFO - Processing file /opt/airflow/dags/repo/Airflow/dags/first_dag.py for tasks to queue
[2023-01-14T17:44:52.729+0000] {logging_mixin.py:117} INFO - [2023-01-14T17:44:52.729+0000] {dagbag.py:525} INFO - Filling up the DagBag from /opt/airflow/dags/repo/Airflow/dags/first_dag.py
[2023-01-14T17:44:52.774+0000] {processor.py:768} INFO - DAG(s) dict_keys(['first_dag_v5']) retrieved from /opt/airflow/dags/repo/Airflow/dags/first_dag.py
[2023-01-14T17:44:52.880+0000] {logging_mixin.py:117} INFO - [2023-01-14T17:44:52.879+0000] {dag.py:2573} INFO - Sync 1 DAGs
[2023-01-14T17:44:52.951+0000] {logging_mixin.py:117} INFO - [2023-01-14T17:44:52.950+0000] {dag.py:3328} INFO - Setting next_dagrun for first_dag_v5 to 2023-01-14T00:00:00+00:00, run_after=2023-01-15T00:00:00+00:00
[2023-01-14T17:44:53.013+0000] {processor.py:178} INFO - Processing /opt/airflow/dags/repo/Airflow/dags/first_dag.py took 0.296 seconds
[2023-01-14T17:45:23.436+0000] {processor.py:156} INFO - Started process (PID=940) to work on /opt/airflow/dags/repo/Airflow/dags/first_dag.py
[2023-01-14T17:45:23.438+0000] {processor.py:758} INFO - Processing file /opt/airflow/dags/repo/Airflow/dags/first_dag.py for tasks to queue
[2023-01-14T17:45:23.440+0000] {logging_mixin.py:117} INFO - [2023-01-14T17:45:23.440+0000] {dagbag.py:525} INFO - Filling up the DagBag from /opt/airflow/dags/repo/Airflow/dags/first_dag.py
[2023-01-14T17:45:23.482+0000] {processor.py:768} INFO - DAG(s) dict_keys(['first_dag_v5']) retrieved from /opt/airflow/dags/repo/Airflow/dags/first_dag.py
[2023-01-14T17:45:23.580+0000] {logging_mixin.py:117} INFO - [2023-01-14T17:45:23.580+0000] {dag.py:2573} INFO - Sync 1 DAGs
[2023-01-14T17:45:23.653+0000] {logging_mixin.py:117} INFO - [2023-01-14T17:45:23.653+0000] {dag.py:3328} INFO - Setting next_dagrun for first_dag_v5 to 2023-01-14T00:00:00+00:00, run_after=2023-01-15T00:00:00+00:00
[2023-01-14T17:45:23.710+0000] {processor.py:178} INFO - Processing /opt/airflow/dags/repo/Airflow/dags/first_dag.py took 0.285 seconds
[2023-01-14T17:45:54.138+0000] {processor.py:156} INFO - Started process (PID=968) to work on /opt/airflow/dags/repo/Airflow/dags/first_dag.py
[2023-01-14T17:45:54.140+0000] {processor.py:758} INFO - Processing file /opt/airflow/dags/repo/Airflow/dags/first_dag.py for tasks to queue
[2023-01-14T17:45:54.142+0000] {logging_mixin.py:117} INFO - [2023-01-14T17:45:54.142+0000] {dagbag.py:525} INFO - Filling up the DagBag from /opt/airflow/dags/repo/Airflow/dags/first_dag.py
[2023-01-14T17:45:54.184+0000] {processor.py:768} INFO - DAG(s) dict_keys(['first_dag_v5']) retrieved from /opt/airflow/dags/repo/Airflow/dags/first_dag.py
[2023-01-14T17:45:59.286+0000] {logging_mixin.py:117} INFO - [2023-01-14T17:45:59.285+0000] {dag.py:2573} INFO - Sync 1 DAGs
[2023-01-14T17:45:59.356+0000] {logging_mixin.py:117} INFO - [2023-01-14T17:45:59.356+0000] {dag.py:3328} INFO - Setting next_dagrun for first_dag_v5 to 2023-01-14T00:00:00+00:00, run_after=2023-01-15T00:00:00+00:00
[2023-01-14T17:45:59.412+0000] {processor.py:178} INFO - Processing /opt/airflow/dags/repo/Airflow/dags/first_dag.py took 5.283 seconds
[2023-01-14T17:46:30.189+0000] {processor.py:156} INFO - Started process (PID=1011) to work on /opt/airflow/dags/repo/Airflow/dags/first_dag.py
[2023-01-14T17:46:30.191+0000] {processor.py:758} INFO - Processing file /opt/airflow/dags/repo/Airflow/dags/first_dag.py for tasks to queue
[2023-01-14T17:46:30.193+0000] {logging_mixin.py:117} INFO - [2023-01-14T17:46:30.192+0000] {dagbag.py:525} INFO - Filling up the DagBag from /opt/airflow/dags/repo/Airflow/dags/first_dag.py
[2023-01-14T17:46:30.239+0000] {processor.py:768} INFO - DAG(s) dict_keys(['first_dag_v5']) retrieved from /opt/airflow/dags/repo/Airflow/dags/first_dag.py
[2023-01-14T17:46:35.343+0000] {logging_mixin.py:117} INFO - [2023-01-14T17:46:35.342+0000] {dag.py:2573} INFO - Sync 1 DAGs
[2023-01-14T17:46:35.412+0000] {logging_mixin.py:117} INFO - [2023-01-14T17:46:35.412+0000] {dag.py:3328} INFO - Setting next_dagrun for first_dag_v5 to 2023-01-14T00:00:00+00:00, run_after=2023-01-15T00:00:00+00:00
[2023-01-14T17:46:35.466+0000] {processor.py:178} INFO - Processing /opt/airflow/dags/repo/Airflow/dags/first_dag.py took 5.285 seconds
[2023-01-14T17:47:06.040+0000] {processor.py:156} INFO - Started process (PID=1055) to work on /opt/airflow/dags/repo/Airflow/dags/first_dag.py
[2023-01-14T17:47:06.044+0000] {processor.py:758} INFO - Processing file /opt/airflow/dags/repo/Airflow/dags/first_dag.py for tasks to queue
[2023-01-14T17:47:06.047+0000] {logging_mixin.py:117} INFO - [2023-01-14T17:47:06.046+0000] {dagbag.py:525} INFO - Filling up the DagBag from /opt/airflow/dags/repo/Airflow/dags/first_dag.py
[2023-01-14T17:47:06.104+0000] {processor.py:768} INFO - DAG(s) dict_keys(['first_dag_v5']) retrieved from /opt/airflow/dags/repo/Airflow/dags/first_dag.py
[2023-01-14T17:47:06.218+0000] {logging_mixin.py:117} INFO - [2023-01-14T17:47:06.218+0000] {dag.py:2573} INFO - Sync 1 DAGs
[2023-01-14T17:47:06.292+0000] {logging_mixin.py:117} INFO - [2023-01-14T17:47:06.292+0000] {dag.py:3328} INFO - Setting next_dagrun for first_dag_v5 to 2023-01-14T00:00:00+00:00, run_after=2023-01-15T00:00:00+00:00
[2023-01-14T17:47:06.350+0000] {processor.py:178} INFO - Processing /opt/airflow/dags/repo/Airflow/dags/first_dag.py took 0.323 seconds
[2023-01-14T17:47:36.845+0000] {processor.py:156} INFO - Started process (PID=1083) to work on /opt/airflow/dags/repo/Airflow/dags/first_dag.py
[2023-01-14T17:47:36.848+0000] {processor.py:758} INFO - Processing file /opt/airflow/dags/repo/Airflow/dags/first_dag.py for tasks to queue
[2023-01-14T17:47:36.851+0000] {logging_mixin.py:117} INFO - [2023-01-14T17:47:36.850+0000] {dagbag.py:525} INFO - Filling up the DagBag from /opt/airflow/dags/repo/Airflow/dags/first_dag.py
[2023-01-14T17:47:36.907+0000] {processor.py:768} INFO - DAG(s) dict_keys(['first_dag_v5']) retrieved from /opt/airflow/dags/repo/Airflow/dags/first_dag.py
[2023-01-14T17:47:42.033+0000] {logging_mixin.py:117} INFO - [2023-01-14T17:47:42.033+0000] {dag.py:2573} INFO - Sync 1 DAGs
[2023-01-14T17:47:42.112+0000] {logging_mixin.py:117} INFO - [2023-01-14T17:47:42.112+0000] {dag.py:3328} INFO - Setting next_dagrun for first_dag_v5 to 2023-01-14T00:00:00+00:00, run_after=2023-01-15T00:00:00+00:00
[2023-01-14T17:47:42.172+0000] {processor.py:178} INFO - Processing /opt/airflow/dags/repo/Airflow/dags/first_dag.py took 5.338 seconds
[2023-01-14T17:48:12.784+0000] {processor.py:156} INFO - Started process (PID=1126) to work on /opt/airflow/dags/repo/Airflow/dags/first_dag.py
[2023-01-14T17:48:12.786+0000] {processor.py:758} INFO - Processing file /opt/airflow/dags/repo/Airflow/dags/first_dag.py for tasks to queue
[2023-01-14T17:48:12.788+0000] {logging_mixin.py:117} INFO - [2023-01-14T17:48:12.787+0000] {dagbag.py:525} INFO - Filling up the DagBag from /opt/airflow/dags/repo/Airflow/dags/first_dag.py
[2023-01-14T17:48:12.840+0000] {processor.py:768} INFO - DAG(s) dict_keys(['first_dag_v5']) retrieved from /opt/airflow/dags/repo/Airflow/dags/first_dag.py
[2023-01-14T17:48:12.948+0000] {logging_mixin.py:117} INFO - [2023-01-14T17:48:12.948+0000] {dag.py:2573} INFO - Sync 1 DAGs
[2023-01-14T17:48:13.031+0000] {logging_mixin.py:117} INFO - [2023-01-14T17:48:13.030+0000] {dag.py:3328} INFO - Setting next_dagrun for first_dag_v5 to 2023-01-14T00:00:00+00:00, run_after=2023-01-15T00:00:00+00:00
[2023-01-14T17:48:13.097+0000] {processor.py:178} INFO - Processing /opt/airflow/dags/repo/Airflow/dags/first_dag.py took 0.326 seconds
[2023-01-14T17:48:43.587+0000] {processor.py:156} INFO - Started process (PID=1151) to work on /opt/airflow/dags/repo/Airflow/dags/first_dag.py
[2023-01-14T17:48:43.590+0000] {processor.py:758} INFO - Processing file /opt/airflow/dags/repo/Airflow/dags/first_dag.py for tasks to queue
[2023-01-14T17:48:43.592+0000] {logging_mixin.py:117} INFO - [2023-01-14T17:48:43.591+0000] {dagbag.py:525} INFO - Filling up the DagBag from /opt/airflow/dags/repo/Airflow/dags/first_dag.py
[2023-01-14T17:48:43.640+0000] {processor.py:768} INFO - DAG(s) dict_keys(['first_dag_v5']) retrieved from /opt/airflow/dags/repo/Airflow/dags/first_dag.py
[2023-01-14T17:48:48.747+0000] {logging_mixin.py:117} INFO - [2023-01-14T17:48:48.747+0000] {dag.py:2573} INFO - Sync 1 DAGs
[2023-01-14T17:48:48.822+0000] {logging_mixin.py:117} INFO - [2023-01-14T17:48:48.821+0000] {dag.py:3328} INFO - Setting next_dagrun for first_dag_v5 to 2023-01-14T00:00:00+00:00, run_after=2023-01-15T00:00:00+00:00
[2023-01-14T17:48:48.882+0000] {processor.py:178} INFO - Processing /opt/airflow/dags/repo/Airflow/dags/first_dag.py took 5.303 seconds
[2023-01-14T17:49:19.454+0000] {processor.py:156} INFO - Started process (PID=1194) to work on /opt/airflow/dags/repo/Airflow/dags/first_dag.py
[2023-01-14T17:49:19.457+0000] {processor.py:758} INFO - Processing file /opt/airflow/dags/repo/Airflow/dags/first_dag.py for tasks to queue
[2023-01-14T17:49:19.459+0000] {logging_mixin.py:117} INFO - [2023-01-14T17:49:19.459+0000] {dagbag.py:525} INFO - Filling up the DagBag from /opt/airflow/dags/repo/Airflow/dags/first_dag.py
[2023-01-14T17:49:19.507+0000] {processor.py:768} INFO - DAG(s) dict_keys(['first_dag_v5']) retrieved from /opt/airflow/dags/repo/Airflow/dags/first_dag.py
[2023-01-14T17:49:24.630+0000] {logging_mixin.py:117} INFO - [2023-01-14T17:49:24.630+0000] {dag.py:2573} INFO - Sync 1 DAGs
[2023-01-14T17:49:24.701+0000] {logging_mixin.py:117} INFO - [2023-01-14T17:49:24.701+0000] {dag.py:3328} INFO - Setting next_dagrun for first_dag_v5 to 2023-01-14T00:00:00+00:00, run_after=2023-01-15T00:00:00+00:00
[2023-01-14T17:49:24.756+0000] {processor.py:178} INFO - Processing /opt/airflow/dags/repo/Airflow/dags/first_dag.py took 5.312 seconds
[2023-01-14T17:49:55.324+0000] {processor.py:156} INFO - Started process (PID=1222) to work on /opt/airflow/dags/repo/Airflow/dags/first_dag.py
[2023-01-14T17:49:55.327+0000] {processor.py:758} INFO - Processing file /opt/airflow/dags/repo/Airflow/dags/first_dag.py for tasks to queue
[2023-01-14T17:49:55.330+0000] {logging_mixin.py:117} INFO - [2023-01-14T17:49:55.329+0000] {dagbag.py:525} INFO - Filling up the DagBag from /opt/airflow/dags/repo/Airflow/dags/first_dag.py
[2023-01-14T17:49:55.387+0000] {processor.py:768} INFO - DAG(s) dict_keys(['first_dag_v5']) retrieved from /opt/airflow/dags/repo/Airflow/dags/first_dag.py
[2023-01-14T17:50:00.509+0000] {logging_mixin.py:117} INFO - [2023-01-14T17:50:00.508+0000] {dag.py:2573} INFO - Sync 1 DAGs
[2023-01-14T17:50:00.583+0000] {logging_mixin.py:117} INFO - [2023-01-14T17:50:00.582+0000] {dag.py:3328} INFO - Setting next_dagrun for first_dag_v5 to 2023-01-14T00:00:00+00:00, run_after=2023-01-15T00:00:00+00:00
[2023-01-14T17:50:00.637+0000] {processor.py:178} INFO - Processing /opt/airflow/dags/repo/Airflow/dags/first_dag.py took 5.324 seconds
[2023-01-14T17:50:31.286+0000] {processor.py:156} INFO - Started process (PID=1262) to work on /opt/airflow/dags/repo/Airflow/dags/first_dag.py
[2023-01-14T17:50:31.288+0000] {processor.py:758} INFO - Processing file /opt/airflow/dags/repo/Airflow/dags/first_dag.py for tasks to queue
[2023-01-14T17:50:31.291+0000] {logging_mixin.py:117} INFO - [2023-01-14T17:50:31.290+0000] {dagbag.py:525} INFO - Filling up the DagBag from /opt/airflow/dags/repo/Airflow/dags/first_dag.py
[2023-01-14T17:50:31.339+0000] {processor.py:768} INFO - DAG(s) dict_keys(['first_dag_v5']) retrieved from /opt/airflow/dags/repo/Airflow/dags/first_dag.py
[2023-01-14T17:50:31.445+0000] {logging_mixin.py:117} INFO - [2023-01-14T17:50:31.444+0000] {dag.py:2573} INFO - Sync 1 DAGs
[2023-01-14T17:50:31.552+0000] {logging_mixin.py:117} INFO - [2023-01-14T17:50:31.551+0000] {dag.py:3328} INFO - Setting next_dagrun for first_dag_v5 to 2023-01-14T00:00:00+00:00, run_after=2023-01-15T00:00:00+00:00
[2023-01-14T17:50:31.618+0000] {processor.py:178} INFO - Processing /opt/airflow/dags/repo/Airflow/dags/first_dag.py took 0.341 seconds
[2023-01-14T17:51:02.175+0000] {processor.py:156} INFO - Started process (PID=1290) to work on /opt/airflow/dags/repo/Airflow/dags/first_dag.py
[2023-01-14T17:51:02.178+0000] {processor.py:758} INFO - Processing file /opt/airflow/dags/repo/Airflow/dags/first_dag.py for tasks to queue
[2023-01-14T17:51:02.179+0000] {logging_mixin.py:117} INFO - [2023-01-14T17:51:02.179+0000] {dagbag.py:525} INFO - Filling up the DagBag from /opt/airflow/dags/repo/Airflow/dags/first_dag.py
[2023-01-14T17:51:02.225+0000] {processor.py:768} INFO - DAG(s) dict_keys(['first_dag_v5']) retrieved from /opt/airflow/dags/repo/Airflow/dags/first_dag.py
[2023-01-14T17:51:02.324+0000] {logging_mixin.py:117} INFO - [2023-01-14T17:51:02.324+0000] {dag.py:2573} INFO - Sync 1 DAGs
[2023-01-14T17:51:02.413+0000] {logging_mixin.py:117} INFO - [2023-01-14T17:51:02.413+0000] {dag.py:3328} INFO - Setting next_dagrun for first_dag_v5 to 2023-01-14T00:00:00+00:00, run_after=2023-01-15T00:00:00+00:00
[2023-01-14T17:51:02.472+0000] {processor.py:178} INFO - Processing /opt/airflow/dags/repo/Airflow/dags/first_dag.py took 0.305 seconds
[2023-01-14T17:51:32.973+0000] {processor.py:156} INFO - Started process (PID=1330) to work on /opt/airflow/dags/repo/Airflow/dags/first_dag.py
[2023-01-14T17:51:32.976+0000] {processor.py:758} INFO - Processing file /opt/airflow/dags/repo/Airflow/dags/first_dag.py for tasks to queue
[2023-01-14T17:51:32.978+0000] {logging_mixin.py:117} INFO - [2023-01-14T17:51:32.977+0000] {dagbag.py:525} INFO - Filling up the DagBag from /opt/airflow/dags/repo/Airflow/dags/first_dag.py
[2023-01-14T17:51:33.035+0000] {processor.py:768} INFO - DAG(s) dict_keys(['first_dag_v5']) retrieved from /opt/airflow/dags/repo/Airflow/dags/first_dag.py
[2023-01-14T17:51:33.142+0000] {logging_mixin.py:117} INFO - [2023-01-14T17:51:33.141+0000] {dag.py:2573} INFO - Sync 1 DAGs
[2023-01-14T17:51:33.218+0000] {logging_mixin.py:117} INFO - [2023-01-14T17:51:33.217+0000] {dag.py:3328} INFO - Setting next_dagrun for first_dag_v5 to 2023-01-14T00:00:00+00:00, run_after=2023-01-15T00:00:00+00:00
[2023-01-14T17:51:33.268+0000] {processor.py:178} INFO - Processing /opt/airflow/dags/repo/Airflow/dags/first_dag.py took 0.305 seconds
[2023-01-14T17:52:03.778+0000] {processor.py:156} INFO - Started process (PID=1358) to work on /opt/airflow/dags/repo/Airflow/dags/first_dag.py
[2023-01-14T17:52:03.780+0000] {processor.py:758} INFO - Processing file /opt/airflow/dags/repo/Airflow/dags/first_dag.py for tasks to queue
[2023-01-14T17:52:03.782+0000] {logging_mixin.py:117} INFO - [2023-01-14T17:52:03.782+0000] {dagbag.py:525} INFO - Filling up the DagBag from /opt/airflow/dags/repo/Airflow/dags/first_dag.py
[2023-01-14T17:52:03.839+0000] {processor.py:768} INFO - DAG(s) dict_keys(['first_dag_v5']) retrieved from /opt/airflow/dags/repo/Airflow/dags/first_dag.py
[2023-01-14T17:52:03.938+0000] {logging_mixin.py:117} INFO - [2023-01-14T17:52:03.937+0000] {dag.py:2573} INFO - Sync 1 DAGs
[2023-01-14T17:52:04.009+0000] {logging_mixin.py:117} INFO - [2023-01-14T17:52:04.009+0000] {dag.py:3328} INFO - Setting next_dagrun for first_dag_v5 to 2023-01-14T00:00:00+00:00, run_after=2023-01-15T00:00:00+00:00
[2023-01-14T17:52:04.068+0000] {processor.py:178} INFO - Processing /opt/airflow/dags/repo/Airflow/dags/first_dag.py took 0.298 seconds
[2023-01-14T17:52:34.551+0000] {processor.py:156} INFO - Started process (PID=1398) to work on /opt/airflow/dags/repo/Airflow/dags/first_dag.py
[2023-01-14T17:52:34.553+0000] {processor.py:758} INFO - Processing file /opt/airflow/dags/repo/Airflow/dags/first_dag.py for tasks to queue
[2023-01-14T17:52:34.555+0000] {logging_mixin.py:117} INFO - [2023-01-14T17:52:34.555+0000] {dagbag.py:525} INFO - Filling up the DagBag from /opt/airflow/dags/repo/Airflow/dags/first_dag.py
[2023-01-14T17:52:34.599+0000] {processor.py:768} INFO - DAG(s) dict_keys(['first_dag_v5']) retrieved from /opt/airflow/dags/repo/Airflow/dags/first_dag.py
[2023-01-14T17:52:34.708+0000] {logging_mixin.py:117} INFO - [2023-01-14T17:52:34.707+0000] {dag.py:2573} INFO - Sync 1 DAGs
[2023-01-14T17:52:34.778+0000] {logging_mixin.py:117} INFO - [2023-01-14T17:52:34.777+0000] {dag.py:3328} INFO - Setting next_dagrun for first_dag_v5 to 2023-01-14T00:00:00+00:00, run_after=2023-01-15T00:00:00+00:00
[2023-01-14T17:52:34.838+0000] {processor.py:178} INFO - Processing /opt/airflow/dags/repo/Airflow/dags/first_dag.py took 0.295 seconds
[2023-01-14T17:53:05.300+0000] {processor.py:156} INFO - Started process (PID=1436) to work on /opt/airflow/dags/repo/Airflow/dags/first_dag.py
[2023-01-14T17:53:05.302+0000] {processor.py:758} INFO - Processing file /opt/airflow/dags/repo/Airflow/dags/first_dag.py for tasks to queue
[2023-01-14T17:53:05.304+0000] {logging_mixin.py:117} INFO - [2023-01-14T17:53:05.303+0000] {dagbag.py:525} INFO - Filling up the DagBag from /opt/airflow/dags/repo/Airflow/dags/first_dag.py
[2023-01-14T17:53:05.345+0000] {processor.py:768} INFO - DAG(s) dict_keys(['first_dag_v5']) retrieved from /opt/airflow/dags/repo/Airflow/dags/first_dag.py
[2023-01-14T17:53:05.447+0000] {logging_mixin.py:117} INFO - [2023-01-14T17:53:05.446+0000] {dag.py:2573} INFO - Sync 1 DAGs
[2023-01-14T17:53:05.517+0000] {logging_mixin.py:117} INFO - [2023-01-14T17:53:05.516+0000] {dag.py:3328} INFO - Setting next_dagrun for first_dag_v5 to 2023-01-14T00:00:00+00:00, run_after=2023-01-15T00:00:00+00:00
[2023-01-14T17:53:05.575+0000] {processor.py:178} INFO - Processing /opt/airflow/dags/repo/Airflow/dags/first_dag.py took 0.283 seconds
[2023-01-14T17:53:36.053+0000] {processor.py:156} INFO - Started process (PID=1466) to work on /opt/airflow/dags/repo/Airflow/dags/first_dag.py
[2023-01-14T17:53:36.055+0000] {processor.py:758} INFO - Processing file /opt/airflow/dags/repo/Airflow/dags/first_dag.py for tasks to queue
[2023-01-14T17:53:36.058+0000] {logging_mixin.py:117} INFO - [2023-01-14T17:53:36.057+0000] {dagbag.py:525} INFO - Filling up the DagBag from /opt/airflow/dags/repo/Airflow/dags/first_dag.py
[2023-01-14T17:53:36.110+0000] {processor.py:768} INFO - DAG(s) dict_keys(['first_dag_v5']) retrieved from /opt/airflow/dags/repo/Airflow/dags/first_dag.py
[2023-01-14T17:53:36.224+0000] {logging_mixin.py:117} INFO - [2023-01-14T17:53:36.224+0000] {dag.py:2573} INFO - Sync 1 DAGs
[2023-01-14T17:53:36.303+0000] {logging_mixin.py:117} INFO - [2023-01-14T17:53:36.303+0000] {dag.py:3328} INFO - Setting next_dagrun for first_dag_v5 to 2023-01-14T00:00:00+00:00, run_after=2023-01-15T00:00:00+00:00
[2023-01-14T17:53:36.365+0000] {processor.py:178} INFO - Processing /opt/airflow/dags/repo/Airflow/dags/first_dag.py took 0.322 seconds
[2023-01-14T17:54:06.839+0000] {processor.py:156} INFO - Started process (PID=1506) to work on /opt/airflow/dags/repo/Airflow/dags/first_dag.py
[2023-01-14T17:54:06.841+0000] {processor.py:758} INFO - Processing file /opt/airflow/dags/repo/Airflow/dags/first_dag.py for tasks to queue
[2023-01-14T17:54:06.844+0000] {logging_mixin.py:117} INFO - [2023-01-14T17:54:06.844+0000] {dagbag.py:525} INFO - Filling up the DagBag from /opt/airflow/dags/repo/Airflow/dags/first_dag.py
[2023-01-14T17:54:06.912+0000] {processor.py:768} INFO - DAG(s) dict_keys(['first_dag_v5']) retrieved from /opt/airflow/dags/repo/Airflow/dags/first_dag.py
[2023-01-14T17:54:12.064+0000] {logging_mixin.py:117} INFO - [2023-01-14T17:54:12.063+0000] {dag.py:2573} INFO - Sync 1 DAGs
[2023-01-14T17:54:12.160+0000] {logging_mixin.py:117} INFO - [2023-01-14T17:54:12.159+0000] {dag.py:3328} INFO - Setting next_dagrun for first_dag_v5 to 2023-01-14T00:00:00+00:00, run_after=2023-01-15T00:00:00+00:00
[2023-01-14T17:54:12.236+0000] {processor.py:178} INFO - Processing /opt/airflow/dags/repo/Airflow/dags/first_dag.py took 5.411 seconds
[2023-01-14T17:54:42.906+0000] {processor.py:156} INFO - Started process (PID=1534) to work on /opt/airflow/dags/repo/Airflow/dags/first_dag.py
[2023-01-14T17:54:42.908+0000] {processor.py:758} INFO - Processing file /opt/airflow/dags/repo/Airflow/dags/first_dag.py for tasks to queue
[2023-01-14T17:54:42.910+0000] {logging_mixin.py:117} INFO - [2023-01-14T17:54:42.909+0000] {dagbag.py:525} INFO - Filling up the DagBag from /opt/airflow/dags/repo/Airflow/dags/first_dag.py
[2023-01-14T17:54:42.958+0000] {processor.py:768} INFO - DAG(s) dict_keys(['first_dag_v5']) retrieved from /opt/airflow/dags/repo/Airflow/dags/first_dag.py
[2023-01-14T17:54:43.069+0000] {logging_mixin.py:117} INFO - [2023-01-14T17:54:43.068+0000] {dag.py:2573} INFO - Sync 1 DAGs
[2023-01-14T17:54:43.155+0000] {logging_mixin.py:117} INFO - [2023-01-14T17:54:43.154+0000] {dag.py:3328} INFO - Setting next_dagrun for first_dag_v5 to 2023-01-14T00:00:00+00:00, run_after=2023-01-15T00:00:00+00:00
[2023-01-14T17:54:43.222+0000] {processor.py:178} INFO - Processing /opt/airflow/dags/repo/Airflow/dags/first_dag.py took 0.325 seconds
[2023-01-14T17:55:14.060+0000] {processor.py:156} INFO - Started process (PID=1574) to work on /opt/airflow/dags/repo/Airflow/dags/first_dag.py
[2023-01-14T17:55:14.063+0000] {processor.py:758} INFO - Processing file /opt/airflow/dags/repo/Airflow/dags/first_dag.py for tasks to queue
[2023-01-14T17:55:14.065+0000] {logging_mixin.py:117} INFO - [2023-01-14T17:55:14.064+0000] {dagbag.py:525} INFO - Filling up the DagBag from /opt/airflow/dags/repo/Airflow/dags/first_dag.py
[2023-01-14T17:55:14.115+0000] {processor.py:768} INFO - DAG(s) dict_keys(['first_dag_v5']) retrieved from /opt/airflow/dags/repo/Airflow/dags/first_dag.py
[2023-01-14T17:55:14.222+0000] {logging_mixin.py:117} INFO - [2023-01-14T17:55:14.222+0000] {dag.py:2573} INFO - Sync 1 DAGs
[2023-01-14T17:55:14.300+0000] {logging_mixin.py:117} INFO - [2023-01-14T17:55:14.299+0000] {dag.py:3328} INFO - Setting next_dagrun for first_dag_v5 to 2023-01-14T00:00:00+00:00, run_after=2023-01-15T00:00:00+00:00
[2023-01-14T17:55:14.358+0000] {processor.py:178} INFO - Processing /opt/airflow/dags/repo/Airflow/dags/first_dag.py took 0.309 seconds
[2023-01-14T17:55:44.876+0000] {processor.py:156} INFO - Started process (PID=1602) to work on /opt/airflow/dags/repo/Airflow/dags/first_dag.py
[2023-01-14T17:55:44.878+0000] {processor.py:758} INFO - Processing file /opt/airflow/dags/repo/Airflow/dags/first_dag.py for tasks to queue
[2023-01-14T17:55:44.880+0000] {logging_mixin.py:117} INFO - [2023-01-14T17:55:44.880+0000] {dagbag.py:525} INFO - Filling up the DagBag from /opt/airflow/dags/repo/Airflow/dags/first_dag.py
[2023-01-14T17:55:44.929+0000] {processor.py:768} INFO - DAG(s) dict_keys(['first_dag_v5']) retrieved from /opt/airflow/dags/repo/Airflow/dags/first_dag.py
[2023-01-14T17:55:45.042+0000] {logging_mixin.py:117} INFO - [2023-01-14T17:55:45.042+0000] {dag.py:2573} INFO - Sync 1 DAGs
[2023-01-14T17:55:45.122+0000] {logging_mixin.py:117} INFO - [2023-01-14T17:55:45.122+0000] {dag.py:3328} INFO - Setting next_dagrun for first_dag_v5 to 2023-01-14T00:00:00+00:00, run_after=2023-01-15T00:00:00+00:00
[2023-01-14T17:55:45.179+0000] {processor.py:178} INFO - Processing /opt/airflow/dags/repo/Airflow/dags/first_dag.py took 0.314 seconds
[2023-01-14T17:56:15.775+0000] {processor.py:156} INFO - Started process (PID=1642) to work on /opt/airflow/dags/repo/Airflow/dags/first_dag.py
[2023-01-14T17:56:15.777+0000] {processor.py:758} INFO - Processing file /opt/airflow/dags/repo/Airflow/dags/first_dag.py for tasks to queue
[2023-01-14T17:56:15.778+0000] {logging_mixin.py:117} INFO - [2023-01-14T17:56:15.778+0000] {dagbag.py:525} INFO - Filling up the DagBag from /opt/airflow/dags/repo/Airflow/dags/first_dag.py
[2023-01-14T17:56:15.826+0000] {processor.py:768} INFO - DAG(s) dict_keys(['first_dag_v5']) retrieved from /opt/airflow/dags/repo/Airflow/dags/first_dag.py
[2023-01-14T17:56:15.940+0000] {logging_mixin.py:117} INFO - [2023-01-14T17:56:15.940+0000] {dag.py:2573} INFO - Sync 1 DAGs
[2023-01-14T17:56:16.031+0000] {logging_mixin.py:117} INFO - [2023-01-14T17:56:16.030+0000] {dag.py:3328} INFO - Setting next_dagrun for first_dag_v5 to 2023-01-14T00:00:00+00:00, run_after=2023-01-15T00:00:00+00:00
[2023-01-14T17:56:16.107+0000] {processor.py:178} INFO - Processing /opt/airflow/dags/repo/Airflow/dags/first_dag.py took 0.341 seconds
[2023-01-14T17:56:46.619+0000] {processor.py:156} INFO - Started process (PID=1670) to work on /opt/airflow/dags/repo/Airflow/dags/first_dag.py
[2023-01-14T17:56:46.621+0000] {processor.py:758} INFO - Processing file /opt/airflow/dags/repo/Airflow/dags/first_dag.py for tasks to queue
[2023-01-14T17:56:46.623+0000] {logging_mixin.py:117} INFO - [2023-01-14T17:56:46.623+0000] {dagbag.py:525} INFO - Filling up the DagBag from /opt/airflow/dags/repo/Airflow/dags/first_dag.py
[2023-01-14T17:56:46.669+0000] {processor.py:768} INFO - DAG(s) dict_keys(['first_dag_v5']) retrieved from /opt/airflow/dags/repo/Airflow/dags/first_dag.py
[2023-01-14T17:56:46.780+0000] {logging_mixin.py:117} INFO - [2023-01-14T17:56:46.780+0000] {dag.py:2573} INFO - Sync 1 DAGs
[2023-01-14T17:56:46.857+0000] {logging_mixin.py:117} INFO - [2023-01-14T17:56:46.857+0000] {dag.py:3328} INFO - Setting next_dagrun for first_dag_v5 to 2023-01-14T00:00:00+00:00, run_after=2023-01-15T00:00:00+00:00
[2023-01-14T17:56:46.918+0000] {processor.py:178} INFO - Processing /opt/airflow/dags/repo/Airflow/dags/first_dag.py took 0.309 seconds
[2023-01-14T17:57:17.445+0000] {processor.py:156} INFO - Started process (PID=1710) to work on /opt/airflow/dags/repo/Airflow/dags/first_dag.py
[2023-01-14T17:57:17.447+0000] {processor.py:758} INFO - Processing file /opt/airflow/dags/repo/Airflow/dags/first_dag.py for tasks to queue
[2023-01-14T17:57:17.449+0000] {logging_mixin.py:117} INFO - [2023-01-14T17:57:17.449+0000] {dagbag.py:525} INFO - Filling up the DagBag from /opt/airflow/dags/repo/Airflow/dags/first_dag.py
[2023-01-14T17:57:17.499+0000] {processor.py:768} INFO - DAG(s) dict_keys(['first_dag_v5']) retrieved from /opt/airflow/dags/repo/Airflow/dags/first_dag.py
[2023-01-14T17:57:17.611+0000] {logging_mixin.py:117} INFO - [2023-01-14T17:57:17.610+0000] {dag.py:2573} INFO - Sync 1 DAGs
[2023-01-14T17:57:17.682+0000] {logging_mixin.py:117} INFO - [2023-01-14T17:57:17.681+0000] {dag.py:3328} INFO - Setting next_dagrun for first_dag_v5 to 2023-01-14T00:00:00+00:00, run_after=2023-01-15T00:00:00+00:00
[2023-01-14T17:57:17.740+0000] {processor.py:178} INFO - Processing /opt/airflow/dags/repo/Airflow/dags/first_dag.py took 0.306 seconds
[2023-01-14T17:57:48.254+0000] {processor.py:156} INFO - Started process (PID=1738) to work on /opt/airflow/dags/repo/Airflow/dags/first_dag.py
[2023-01-14T17:57:48.257+0000] {processor.py:758} INFO - Processing file /opt/airflow/dags/repo/Airflow/dags/first_dag.py for tasks to queue
[2023-01-14T17:57:48.261+0000] {logging_mixin.py:117} INFO - [2023-01-14T17:57:48.261+0000] {dagbag.py:525} INFO - Filling up the DagBag from /opt/airflow/dags/repo/Airflow/dags/first_dag.py
[2023-01-14T17:57:48.314+0000] {processor.py:768} INFO - DAG(s) dict_keys(['first_dag_v5']) retrieved from /opt/airflow/dags/repo/Airflow/dags/first_dag.py
[2023-01-14T17:57:48.430+0000] {logging_mixin.py:117} INFO - [2023-01-14T17:57:48.430+0000] {dag.py:2573} INFO - Sync 1 DAGs
[2023-01-14T17:57:48.515+0000] {logging_mixin.py:117} INFO - [2023-01-14T17:57:48.515+0000] {dag.py:3328} INFO - Setting next_dagrun for first_dag_v5 to 2023-01-14T00:00:00+00:00, run_after=2023-01-15T00:00:00+00:00
[2023-01-14T17:57:48.576+0000] {processor.py:178} INFO - Processing /opt/airflow/dags/repo/Airflow/dags/first_dag.py took 0.332 seconds
[2023-01-14T17:58:19.119+0000] {processor.py:156} INFO - Started process (PID=1778) to work on /opt/airflow/dags/repo/Airflow/dags/first_dag.py
[2023-01-14T17:58:19.122+0000] {processor.py:758} INFO - Processing file /opt/airflow/dags/repo/Airflow/dags/first_dag.py for tasks to queue
[2023-01-14T17:58:19.124+0000] {logging_mixin.py:117} INFO - [2023-01-14T17:58:19.123+0000] {dagbag.py:525} INFO - Filling up the DagBag from /opt/airflow/dags/repo/Airflow/dags/first_dag.py
[2023-01-14T17:58:19.182+0000] {processor.py:768} INFO - DAG(s) dict_keys(['first_dag_v5']) retrieved from /opt/airflow/dags/repo/Airflow/dags/first_dag.py
[2023-01-14T17:58:24.304+0000] {logging_mixin.py:117} INFO - [2023-01-14T17:58:24.304+0000] {dag.py:2573} INFO - Sync 1 DAGs
[2023-01-14T17:58:24.390+0000] {logging_mixin.py:117} INFO - [2023-01-14T17:58:24.389+0000] {dag.py:3328} INFO - Setting next_dagrun for first_dag_v5 to 2023-01-14T00:00:00+00:00, run_after=2023-01-15T00:00:00+00:00
[2023-01-14T17:58:24.465+0000] {processor.py:178} INFO - Processing /opt/airflow/dags/repo/Airflow/dags/first_dag.py took 5.357 seconds
[2023-01-14T17:58:55.085+0000] {processor.py:156} INFO - Started process (PID=1813) to work on /opt/airflow/dags/repo/Airflow/dags/first_dag.py
[2023-01-14T17:58:55.087+0000] {processor.py:758} INFO - Processing file /opt/airflow/dags/repo/Airflow/dags/first_dag.py for tasks to queue
[2023-01-14T17:58:55.089+0000] {logging_mixin.py:117} INFO - [2023-01-14T17:58:55.088+0000] {dagbag.py:525} INFO - Filling up the DagBag from /opt/airflow/dags/repo/Airflow/dags/first_dag.py
[2023-01-14T17:58:55.135+0000] {processor.py:768} INFO - DAG(s) dict_keys(['first_dag_v5']) retrieved from /opt/airflow/dags/repo/Airflow/dags/first_dag.py
[2023-01-14T17:58:55.240+0000] {logging_mixin.py:117} INFO - [2023-01-14T17:58:55.240+0000] {dag.py:2573} INFO - Sync 1 DAGs
[2023-01-14T17:58:55.313+0000] {logging_mixin.py:117} INFO - [2023-01-14T17:58:55.312+0000] {dag.py:3328} INFO - Setting next_dagrun for first_dag_v5 to 2023-01-14T00:00:00+00:00, run_after=2023-01-15T00:00:00+00:00
[2023-01-14T17:58:55.378+0000] {processor.py:178} INFO - Processing /opt/airflow/dags/repo/Airflow/dags/first_dag.py took 0.303 seconds
[2023-01-14T17:59:26.055+0000] {processor.py:156} INFO - Started process (PID=1853) to work on /opt/airflow/dags/repo/Airflow/dags/first_dag.py
[2023-01-14T17:59:26.057+0000] {processor.py:758} INFO - Processing file /opt/airflow/dags/repo/Airflow/dags/first_dag.py for tasks to queue
[2023-01-14T17:59:26.060+0000] {logging_mixin.py:117} INFO - [2023-01-14T17:59:26.060+0000] {dagbag.py:525} INFO - Filling up the DagBag from /opt/airflow/dags/repo/Airflow/dags/first_dag.py
[2023-01-14T17:59:26.105+0000] {processor.py:768} INFO - DAG(s) dict_keys(['first_dag_v5']) retrieved from /opt/airflow/dags/repo/Airflow/dags/first_dag.py
[2023-01-14T17:59:26.213+0000] {logging_mixin.py:117} INFO - [2023-01-14T17:59:26.213+0000] {dag.py:2573} INFO - Sync 1 DAGs
[2023-01-14T17:59:26.282+0000] {logging_mixin.py:117} INFO - [2023-01-14T17:59:26.282+0000] {dag.py:3328} INFO - Setting next_dagrun for first_dag_v5 to 2023-01-14T00:00:00+00:00, run_after=2023-01-15T00:00:00+00:00
[2023-01-14T17:59:26.335+0000] {processor.py:178} INFO - Processing /opt/airflow/dags/repo/Airflow/dags/first_dag.py took 0.292 seconds
[2023-01-14T17:59:56.771+0000] {processor.py:156} INFO - Started process (PID=1881) to work on /opt/airflow/dags/repo/Airflow/dags/first_dag.py
[2023-01-14T17:59:56.774+0000] {processor.py:758} INFO - Processing file /opt/airflow/dags/repo/Airflow/dags/first_dag.py for tasks to queue
[2023-01-14T17:59:56.775+0000] {logging_mixin.py:117} INFO - [2023-01-14T17:59:56.775+0000] {dagbag.py:525} INFO - Filling up the DagBag from /opt/airflow/dags/repo/Airflow/dags/first_dag.py
[2023-01-14T17:59:56.823+0000] {processor.py:768} INFO - DAG(s) dict_keys(['first_dag_v5']) retrieved from /opt/airflow/dags/repo/Airflow/dags/first_dag.py
[2023-01-14T17:59:56.931+0000] {logging_mixin.py:117} INFO - [2023-01-14T17:59:56.931+0000] {dag.py:2573} INFO - Sync 1 DAGs
[2023-01-14T17:59:57.003+0000] {logging_mixin.py:117} INFO - [2023-01-14T17:59:57.003+0000] {dag.py:3328} INFO - Setting next_dagrun for first_dag_v5 to 2023-01-14T00:00:00+00:00, run_after=2023-01-15T00:00:00+00:00
[2023-01-14T17:59:57.066+0000] {processor.py:178} INFO - Processing /opt/airflow/dags/repo/Airflow/dags/first_dag.py took 0.304 seconds
[2023-01-14T18:00:27.569+0000] {processor.py:156} INFO - Started process (PID=1921) to work on /opt/airflow/dags/repo/Airflow/dags/first_dag.py
[2023-01-14T18:00:27.572+0000] {processor.py:758} INFO - Processing file /opt/airflow/dags/repo/Airflow/dags/first_dag.py for tasks to queue
[2023-01-14T18:00:27.574+0000] {logging_mixin.py:117} INFO - [2023-01-14T18:00:27.573+0000] {dagbag.py:525} INFO - Filling up the DagBag from /opt/airflow/dags/repo/Airflow/dags/first_dag.py
[2023-01-14T18:00:27.618+0000] {processor.py:768} INFO - DAG(s) dict_keys(['first_dag_v5']) retrieved from /opt/airflow/dags/repo/Airflow/dags/first_dag.py
[2023-01-14T18:00:27.720+0000] {logging_mixin.py:117} INFO - [2023-01-14T18:00:27.719+0000] {dag.py:2573} INFO - Sync 1 DAGs
[2023-01-14T18:00:27.793+0000] {logging_mixin.py:117} INFO - [2023-01-14T18:00:27.792+0000] {dag.py:3328} INFO - Setting next_dagrun for first_dag_v5 to 2023-01-14T00:00:00+00:00, run_after=2023-01-15T00:00:00+00:00
[2023-01-14T18:00:27.856+0000] {processor.py:178} INFO - Processing /opt/airflow/dags/repo/Airflow/dags/first_dag.py took 0.295 seconds
[2023-01-14T18:00:58.625+0000] {processor.py:156} INFO - Started process (PID=1946) to work on /opt/airflow/dags/repo/Airflow/dags/first_dag.py
[2023-01-14T18:00:58.628+0000] {processor.py:758} INFO - Processing file /opt/airflow/dags/repo/Airflow/dags/first_dag.py for tasks to queue
[2023-01-14T18:00:58.630+0000] {logging_mixin.py:117} INFO - [2023-01-14T18:00:58.629+0000] {dagbag.py:525} INFO - Filling up the DagBag from /opt/airflow/dags/repo/Airflow/dags/first_dag.py
[2023-01-14T18:00:58.673+0000] {processor.py:768} INFO - DAG(s) dict_keys(['first_dag_v5']) retrieved from /opt/airflow/dags/repo/Airflow/dags/first_dag.py
[2023-01-14T18:00:58.781+0000] {logging_mixin.py:117} INFO - [2023-01-14T18:00:58.781+0000] {dag.py:2573} INFO - Sync 1 DAGs
[2023-01-14T18:00:58.859+0000] {logging_mixin.py:117} INFO - [2023-01-14T18:00:58.859+0000] {dag.py:3328} INFO - Setting next_dagrun for first_dag_v5 to 2023-01-14T00:00:00+00:00, run_after=2023-01-15T00:00:00+00:00
[2023-01-14T18:00:58.914+0000] {processor.py:178} INFO - Processing /opt/airflow/dags/repo/Airflow/dags/first_dag.py took 0.297 seconds
[2023-01-14T18:01:29.290+0000] {processor.py:156} INFO - Started process (PID=1982) to work on /opt/airflow/dags/repo/Airflow/dags/first_dag.py
[2023-01-14T18:01:29.292+0000] {processor.py:758} INFO - Processing file /opt/airflow/dags/repo/Airflow/dags/first_dag.py for tasks to queue
[2023-01-14T18:01:29.294+0000] {logging_mixin.py:117} INFO - [2023-01-14T18:01:29.294+0000] {dagbag.py:525} INFO - Filling up the DagBag from /opt/airflow/dags/repo/Airflow/dags/first_dag.py
[2023-01-14T18:01:29.338+0000] {processor.py:768} INFO - DAG(s) dict_keys(['first_dag_v5']) retrieved from /opt/airflow/dags/repo/Airflow/dags/first_dag.py
[2023-01-14T18:01:34.447+0000] {logging_mixin.py:117} INFO - [2023-01-14T18:01:34.447+0000] {dag.py:2573} INFO - Sync 1 DAGs
[2023-01-14T18:01:34.524+0000] {logging_mixin.py:117} INFO - [2023-01-14T18:01:34.524+0000] {dag.py:3328} INFO - Setting next_dagrun for first_dag_v5 to 2023-01-14T00:00:00+00:00, run_after=2023-01-15T00:00:00+00:00
[2023-01-14T18:01:34.585+0000] {processor.py:178} INFO - Processing /opt/airflow/dags/repo/Airflow/dags/first_dag.py took 5.304 seconds
[2023-01-14T18:02:05.051+0000] {processor.py:156} INFO - Started process (PID=2027) to work on /opt/airflow/dags/repo/Airflow/dags/first_dag.py
[2023-01-14T18:02:05.054+0000] {processor.py:758} INFO - Processing file /opt/airflow/dags/repo/Airflow/dags/first_dag.py for tasks to queue
[2023-01-14T18:02:05.056+0000] {logging_mixin.py:117} INFO - [2023-01-14T18:02:05.055+0000] {dagbag.py:525} INFO - Filling up the DagBag from /opt/airflow/dags/repo/Airflow/dags/first_dag.py
[2023-01-14T18:02:05.102+0000] {processor.py:768} INFO - DAG(s) dict_keys(['first_dag_v5']) retrieved from /opt/airflow/dags/repo/Airflow/dags/first_dag.py
[2023-01-14T18:02:05.214+0000] {logging_mixin.py:117} INFO - [2023-01-14T18:02:05.214+0000] {dag.py:2573} INFO - Sync 1 DAGs
[2023-01-14T18:02:05.296+0000] {logging_mixin.py:117} INFO - [2023-01-14T18:02:05.296+0000] {dag.py:3328} INFO - Setting next_dagrun for first_dag_v5 to 2023-01-14T00:00:00+00:00, run_after=2023-01-15T00:00:00+00:00
[2023-01-14T18:02:05.357+0000] {processor.py:178} INFO - Processing /opt/airflow/dags/repo/Airflow/dags/first_dag.py took 0.322 seconds
[2023-01-14T18:02:35.487+0000] {processor.py:156} INFO - Started process (PID=2057) to work on /opt/airflow/dags/repo/Airflow/dags/first_dag.py
[2023-01-14T18:02:35.490+0000] {processor.py:758} INFO - Processing file /opt/airflow/dags/repo/Airflow/dags/first_dag.py for tasks to queue
[2023-01-14T18:02:35.491+0000] {logging_mixin.py:117} INFO - [2023-01-14T18:02:35.491+0000] {dagbag.py:525} INFO - Filling up the DagBag from /opt/airflow/dags/repo/Airflow/dags/first_dag.py
[2023-01-14T18:02:35.547+0000] {processor.py:768} INFO - DAG(s) dict_keys(['first_dag_v5']) retrieved from /opt/airflow/dags/repo/Airflow/dags/first_dag.py
[2023-01-14T18:02:35.674+0000] {logging_mixin.py:117} INFO - [2023-01-14T18:02:35.674+0000] {dag.py:2573} INFO - Sync 1 DAGs
[2023-01-14T18:02:35.763+0000] {logging_mixin.py:117} INFO - [2023-01-14T18:02:35.763+0000] {dag.py:3328} INFO - Setting next_dagrun for first_dag_v5 to 2023-01-14T00:00:00+00:00, run_after=2023-01-15T00:00:00+00:00
[2023-01-14T18:02:35.831+0000] {processor.py:178} INFO - Processing /opt/airflow/dags/repo/Airflow/dags/first_dag.py took 0.353 seconds
[2023-01-14T18:03:06.016+0000] {processor.py:156} INFO - Started process (PID=2097) to work on /opt/airflow/dags/repo/Airflow/dags/first_dag.py
[2023-01-14T18:03:06.019+0000] {processor.py:758} INFO - Processing file /opt/airflow/dags/repo/Airflow/dags/first_dag.py for tasks to queue
[2023-01-14T18:03:06.022+0000] {logging_mixin.py:117} INFO - [2023-01-14T18:03:06.021+0000] {dagbag.py:525} INFO - Filling up the DagBag from /opt/airflow/dags/repo/Airflow/dags/first_dag.py
[2023-01-14T18:03:06.078+0000] {processor.py:768} INFO - DAG(s) dict_keys(['first_dag_v5']) retrieved from /opt/airflow/dags/repo/Airflow/dags/first_dag.py
[2023-01-14T18:03:06.198+0000] {logging_mixin.py:117} INFO - [2023-01-14T18:03:06.198+0000] {dag.py:2573} INFO - Sync 1 DAGs
[2023-01-14T18:03:06.281+0000] {logging_mixin.py:117} INFO - [2023-01-14T18:03:06.281+0000] {dag.py:3328} INFO - Setting next_dagrun for first_dag_v5 to 2023-01-14T00:00:00+00:00, run_after=2023-01-15T00:00:00+00:00
[2023-01-14T18:03:06.355+0000] {processor.py:178} INFO - Processing /opt/airflow/dags/repo/Airflow/dags/first_dag.py took 0.348 seconds
[2023-01-14T18:03:36.898+0000] {processor.py:156} INFO - Started process (PID=2125) to work on /opt/airflow/dags/repo/Airflow/dags/first_dag.py
[2023-01-14T18:03:36.900+0000] {processor.py:758} INFO - Processing file /opt/airflow/dags/repo/Airflow/dags/first_dag.py for tasks to queue
[2023-01-14T18:03:36.902+0000] {logging_mixin.py:117} INFO - [2023-01-14T18:03:36.902+0000] {dagbag.py:525} INFO - Filling up the DagBag from /opt/airflow/dags/repo/Airflow/dags/first_dag.py
[2023-01-14T18:03:36.957+0000] {processor.py:768} INFO - DAG(s) dict_keys(['first_dag_v5']) retrieved from /opt/airflow/dags/repo/Airflow/dags/first_dag.py
[2023-01-14T18:03:37.075+0000] {logging_mixin.py:117} INFO - [2023-01-14T18:03:37.074+0000] {dag.py:2573} INFO - Sync 1 DAGs
[2023-01-14T18:03:37.153+0000] {logging_mixin.py:117} INFO - [2023-01-14T18:03:37.153+0000] {dag.py:3328} INFO - Setting next_dagrun for first_dag_v5 to 2023-01-14T00:00:00+00:00, run_after=2023-01-15T00:00:00+00:00
[2023-01-14T18:03:37.215+0000] {processor.py:178} INFO - Processing /opt/airflow/dags/repo/Airflow/dags/first_dag.py took 0.326 seconds
[2023-01-14T18:04:07.715+0000] {processor.py:156} INFO - Started process (PID=2165) to work on /opt/airflow/dags/repo/Airflow/dags/first_dag.py
[2023-01-14T18:04:07.717+0000] {processor.py:758} INFO - Processing file /opt/airflow/dags/repo/Airflow/dags/first_dag.py for tasks to queue
[2023-01-14T18:04:07.719+0000] {logging_mixin.py:117} INFO - [2023-01-14T18:04:07.719+0000] {dagbag.py:525} INFO - Filling up the DagBag from /opt/airflow/dags/repo/Airflow/dags/first_dag.py
[2023-01-14T18:04:07.769+0000] {processor.py:768} INFO - DAG(s) dict_keys(['first_dag_v5']) retrieved from /opt/airflow/dags/repo/Airflow/dags/first_dag.py
[2023-01-14T18:04:12.885+0000] {logging_mixin.py:117} INFO - [2023-01-14T18:04:12.884+0000] {dag.py:2573} INFO - Sync 1 DAGs
[2023-01-14T18:04:12.968+0000] {logging_mixin.py:117} INFO - [2023-01-14T18:04:12.968+0000] {dag.py:3328} INFO - Setting next_dagrun for first_dag_v5 to 2023-01-14T00:00:00+00:00, run_after=2023-01-15T00:00:00+00:00
[2023-01-14T18:04:13.027+0000] {processor.py:178} INFO - Processing /opt/airflow/dags/repo/Airflow/dags/first_dag.py took 5.321 seconds
[2023-01-14T18:04:43.536+0000] {processor.py:156} INFO - Started process (PID=2197) to work on /opt/airflow/dags/repo/Airflow/dags/first_dag.py
[2023-01-14T18:04:43.538+0000] {processor.py:758} INFO - Processing file /opt/airflow/dags/repo/Airflow/dags/first_dag.py for tasks to queue
[2023-01-14T18:04:43.540+0000] {logging_mixin.py:117} INFO - [2023-01-14T18:04:43.540+0000] {dagbag.py:525} INFO - Filling up the DagBag from /opt/airflow/dags/repo/Airflow/dags/first_dag.py
[2023-01-14T18:04:43.586+0000] {processor.py:768} INFO - DAG(s) dict_keys(['first_dag_v5']) retrieved from /opt/airflow/dags/repo/Airflow/dags/first_dag.py
[2023-01-14T18:04:48.699+0000] {logging_mixin.py:117} INFO - [2023-01-14T18:04:48.699+0000] {dag.py:2573} INFO - Sync 1 DAGs
[2023-01-14T18:04:48.776+0000] {logging_mixin.py:117} INFO - [2023-01-14T18:04:48.775+0000] {dag.py:3328} INFO - Setting next_dagrun for first_dag_v5 to 2023-01-14T00:00:00+00:00, run_after=2023-01-15T00:00:00+00:00
[2023-01-14T18:04:48.832+0000] {processor.py:178} INFO - Processing /opt/airflow/dags/repo/Airflow/dags/first_dag.py took 5.304 seconds
[2023-01-14T18:05:19.306+0000] {processor.py:156} INFO - Started process (PID=2240) to work on /opt/airflow/dags/repo/Airflow/dags/first_dag.py
[2023-01-14T18:05:19.308+0000] {processor.py:758} INFO - Processing file /opt/airflow/dags/repo/Airflow/dags/first_dag.py for tasks to queue
[2023-01-14T18:05:19.310+0000] {logging_mixin.py:117} INFO - [2023-01-14T18:05:19.309+0000] {dagbag.py:525} INFO - Filling up the DagBag from /opt/airflow/dags/repo/Airflow/dags/first_dag.py
[2023-01-14T18:05:19.358+0000] {processor.py:768} INFO - DAG(s) dict_keys(['first_dag_v5']) retrieved from /opt/airflow/dags/repo/Airflow/dags/first_dag.py
[2023-01-14T18:05:19.480+0000] {logging_mixin.py:117} INFO - [2023-01-14T18:05:19.480+0000] {dag.py:2573} INFO - Sync 1 DAGs
[2023-01-14T18:05:19.558+0000] {logging_mixin.py:117} INFO - [2023-01-14T18:05:19.558+0000] {dag.py:3328} INFO - Setting next_dagrun for first_dag_v5 to 2023-01-14T00:00:00+00:00, run_after=2023-01-15T00:00:00+00:00
[2023-01-14T18:05:19.618+0000] {processor.py:178} INFO - Processing /opt/airflow/dags/repo/Airflow/dags/first_dag.py took 0.320 seconds
[2023-01-14T18:05:50.091+0000] {processor.py:156} INFO - Started process (PID=2268) to work on /opt/airflow/dags/repo/Airflow/dags/first_dag.py
[2023-01-14T18:05:50.093+0000] {processor.py:758} INFO - Processing file /opt/airflow/dags/repo/Airflow/dags/first_dag.py for tasks to queue
[2023-01-14T18:05:50.096+0000] {logging_mixin.py:117} INFO - [2023-01-14T18:05:50.095+0000] {dagbag.py:525} INFO - Filling up the DagBag from /opt/airflow/dags/repo/Airflow/dags/first_dag.py
[2023-01-14T18:05:50.144+0000] {processor.py:768} INFO - DAG(s) dict_keys(['first_dag_v5']) retrieved from /opt/airflow/dags/repo/Airflow/dags/first_dag.py
[2023-01-14T18:05:50.265+0000] {logging_mixin.py:117} INFO - [2023-01-14T18:05:50.265+0000] {dag.py:2573} INFO - Sync 1 DAGs
[2023-01-14T18:05:50.349+0000] {logging_mixin.py:117} INFO - [2023-01-14T18:05:50.349+0000] {dag.py:3328} INFO - Setting next_dagrun for first_dag_v5 to 2023-01-14T00:00:00+00:00, run_after=2023-01-15T00:00:00+00:00
[2023-01-14T18:05:50.412+0000] {processor.py:178} INFO - Processing /opt/airflow/dags/repo/Airflow/dags/first_dag.py took 0.331 seconds
[2023-01-14T18:06:21.254+0000] {processor.py:156} INFO - Started process (PID=2308) to work on /opt/airflow/dags/repo/Airflow/dags/first_dag.py
[2023-01-14T18:06:21.258+0000] {processor.py:758} INFO - Processing file /opt/airflow/dags/repo/Airflow/dags/first_dag.py for tasks to queue
[2023-01-14T18:06:21.261+0000] {logging_mixin.py:117} INFO - [2023-01-14T18:06:21.260+0000] {dagbag.py:525} INFO - Filling up the DagBag from /opt/airflow/dags/repo/Airflow/dags/first_dag.py
[2023-01-14T18:06:21.320+0000] {processor.py:768} INFO - DAG(s) dict_keys(['first_dag_v5']) retrieved from /opt/airflow/dags/repo/Airflow/dags/first_dag.py
[2023-01-14T18:06:21.462+0000] {logging_mixin.py:117} INFO - [2023-01-14T18:06:21.461+0000] {dag.py:2573} INFO - Sync 1 DAGs
[2023-01-14T18:06:21.548+0000] {logging_mixin.py:117} INFO - [2023-01-14T18:06:21.547+0000] {dag.py:3328} INFO - Setting next_dagrun for first_dag_v5 to 2023-01-14T00:00:00+00:00, run_after=2023-01-15T00:00:00+00:00
[2023-01-14T18:06:21.624+0000] {processor.py:178} INFO - Processing /opt/airflow/dags/repo/Airflow/dags/first_dag.py took 0.386 seconds
[2023-01-14T18:06:51.788+0000] {processor.py:156} INFO - Started process (PID=2336) to work on /opt/airflow/dags/repo/Airflow/dags/first_dag.py
[2023-01-14T18:06:51.791+0000] {processor.py:758} INFO - Processing file /opt/airflow/dags/repo/Airflow/dags/first_dag.py for tasks to queue
[2023-01-14T18:06:51.793+0000] {logging_mixin.py:117} INFO - [2023-01-14T18:06:51.793+0000] {dagbag.py:525} INFO - Filling up the DagBag from /opt/airflow/dags/repo/Airflow/dags/first_dag.py
[2023-01-14T18:06:51.845+0000] {processor.py:768} INFO - DAG(s) dict_keys(['first_dag_v5']) retrieved from /opt/airflow/dags/repo/Airflow/dags/first_dag.py
[2023-01-14T18:06:56.952+0000] {logging_mixin.py:117} INFO - [2023-01-14T18:06:56.951+0000] {dag.py:2573} INFO - Sync 1 DAGs
[2023-01-14T18:06:57.027+0000] {logging_mixin.py:117} INFO - [2023-01-14T18:06:57.027+0000] {dag.py:3328} INFO - Setting next_dagrun for first_dag_v5 to 2023-01-14T00:00:00+00:00, run_after=2023-01-15T00:00:00+00:00
[2023-01-14T18:06:57.088+0000] {processor.py:178} INFO - Processing /opt/airflow/dags/repo/Airflow/dags/first_dag.py took 5.310 seconds
[2023-01-14T18:07:27.344+0000] {processor.py:156} INFO - Started process (PID=2377) to work on /opt/airflow/dags/repo/Airflow/dags/first_dag.py
[2023-01-14T18:07:27.346+0000] {processor.py:758} INFO - Processing file /opt/airflow/dags/repo/Airflow/dags/first_dag.py for tasks to queue
[2023-01-14T18:07:27.349+0000] {logging_mixin.py:117} INFO - [2023-01-14T18:07:27.348+0000] {dagbag.py:525} INFO - Filling up the DagBag from /opt/airflow/dags/repo/Airflow/dags/first_dag.py
[2023-01-14T18:07:27.393+0000] {processor.py:768} INFO - DAG(s) dict_keys(['first_dag_v5']) retrieved from /opt/airflow/dags/repo/Airflow/dags/first_dag.py
[2023-01-14T18:07:32.514+0000] {logging_mixin.py:117} INFO - [2023-01-14T18:07:32.513+0000] {dag.py:2573} INFO - Sync 1 DAGs
[2023-01-14T18:07:32.587+0000] {logging_mixin.py:117} INFO - [2023-01-14T18:07:32.587+0000] {dag.py:3328} INFO - Setting next_dagrun for first_dag_v5 to 2023-01-14T00:00:00+00:00, run_after=2023-01-15T00:00:00+00:00
[2023-01-14T18:07:32.648+0000] {processor.py:178} INFO - Processing /opt/airflow/dags/repo/Airflow/dags/first_dag.py took 5.314 seconds
[2023-01-14T18:08:03.087+0000] {processor.py:156} INFO - Started process (PID=2405) to work on /opt/airflow/dags/repo/Airflow/dags/first_dag.py
[2023-01-14T18:08:03.090+0000] {processor.py:758} INFO - Processing file /opt/airflow/dags/repo/Airflow/dags/first_dag.py for tasks to queue
[2023-01-14T18:08:03.091+0000] {logging_mixin.py:117} INFO - [2023-01-14T18:08:03.091+0000] {dagbag.py:525} INFO - Filling up the DagBag from /opt/airflow/dags/repo/Airflow/dags/first_dag.py
[2023-01-14T18:08:03.143+0000] {processor.py:768} INFO - DAG(s) dict_keys(['first_dag_v5']) retrieved from /opt/airflow/dags/repo/Airflow/dags/first_dag.py
[2023-01-14T18:08:03.250+0000] {logging_mixin.py:117} INFO - [2023-01-14T18:08:03.250+0000] {dag.py:2573} INFO - Sync 1 DAGs
[2023-01-14T18:08:03.338+0000] {logging_mixin.py:117} INFO - [2023-01-14T18:08:03.338+0000] {dag.py:3328} INFO - Setting next_dagrun for first_dag_v5 to 2023-01-14T00:00:00+00:00, run_after=2023-01-15T00:00:00+00:00
[2023-01-14T18:08:03.395+0000] {processor.py:178} INFO - Processing /opt/airflow/dags/repo/Airflow/dags/first_dag.py took 0.316 seconds
[2023-01-14T18:08:33.852+0000] {processor.py:156} INFO - Started process (PID=2445) to work on /opt/airflow/dags/repo/Airflow/dags/first_dag.py
[2023-01-14T18:08:33.854+0000] {processor.py:758} INFO - Processing file /opt/airflow/dags/repo/Airflow/dags/first_dag.py for tasks to queue
[2023-01-14T18:08:33.855+0000] {logging_mixin.py:117} INFO - [2023-01-14T18:08:33.855+0000] {dagbag.py:525} INFO - Filling up the DagBag from /opt/airflow/dags/repo/Airflow/dags/first_dag.py
[2023-01-14T18:08:33.909+0000] {processor.py:768} INFO - DAG(s) dict_keys(['first_dag_v5']) retrieved from /opt/airflow/dags/repo/Airflow/dags/first_dag.py
[2023-01-14T18:08:34.021+0000] {logging_mixin.py:117} INFO - [2023-01-14T18:08:34.021+0000] {dag.py:2573} INFO - Sync 1 DAGs
[2023-01-14T18:08:34.104+0000] {logging_mixin.py:117} INFO - [2023-01-14T18:08:34.103+0000] {dag.py:3328} INFO - Setting next_dagrun for first_dag_v5 to 2023-01-14T00:00:00+00:00, run_after=2023-01-15T00:00:00+00:00
[2023-01-14T18:08:34.162+0000] {processor.py:178} INFO - Processing /opt/airflow/dags/repo/Airflow/dags/first_dag.py took 0.318 seconds
[2023-01-14T18:09:04.619+0000] {processor.py:156} INFO - Started process (PID=2473) to work on /opt/airflow/dags/repo/Airflow/dags/first_dag.py
[2023-01-14T18:09:04.621+0000] {processor.py:758} INFO - Processing file /opt/airflow/dags/repo/Airflow/dags/first_dag.py for tasks to queue
[2023-01-14T18:09:04.623+0000] {logging_mixin.py:117} INFO - [2023-01-14T18:09:04.622+0000] {dagbag.py:525} INFO - Filling up the DagBag from /opt/airflow/dags/repo/Airflow/dags/first_dag.py
[2023-01-14T18:09:04.668+0000] {processor.py:768} INFO - DAG(s) dict_keys(['first_dag_v5']) retrieved from /opt/airflow/dags/repo/Airflow/dags/first_dag.py
[2023-01-14T18:09:04.768+0000] {logging_mixin.py:117} INFO - [2023-01-14T18:09:04.767+0000] {dag.py:2573} INFO - Sync 1 DAGs
[2023-01-14T18:09:04.842+0000] {logging_mixin.py:117} INFO - [2023-01-14T18:09:04.842+0000] {dag.py:3328} INFO - Setting next_dagrun for first_dag_v5 to 2023-01-14T00:00:00+00:00, run_after=2023-01-15T00:00:00+00:00
[2023-01-14T18:09:04.901+0000] {processor.py:178} INFO - Processing /opt/airflow/dags/repo/Airflow/dags/first_dag.py took 0.291 seconds
[2023-01-14T18:09:35.412+0000] {processor.py:156} INFO - Started process (PID=2513) to work on /opt/airflow/dags/repo/Airflow/dags/first_dag.py
[2023-01-14T18:09:35.414+0000] {processor.py:758} INFO - Processing file /opt/airflow/dags/repo/Airflow/dags/first_dag.py for tasks to queue
[2023-01-14T18:09:35.417+0000] {logging_mixin.py:117} INFO - [2023-01-14T18:09:35.416+0000] {dagbag.py:525} INFO - Filling up the DagBag from /opt/airflow/dags/repo/Airflow/dags/first_dag.py
[2023-01-14T18:09:35.468+0000] {processor.py:768} INFO - DAG(s) dict_keys(['first_dag_v5']) retrieved from /opt/airflow/dags/repo/Airflow/dags/first_dag.py
[2023-01-14T18:09:35.573+0000] {logging_mixin.py:117} INFO - [2023-01-14T18:09:35.573+0000] {dag.py:2573} INFO - Sync 1 DAGs
[2023-01-14T18:09:35.659+0000] {logging_mixin.py:117} INFO - [2023-01-14T18:09:35.659+0000] {dag.py:3328} INFO - Setting next_dagrun for first_dag_v5 to 2023-01-14T00:00:00+00:00, run_after=2023-01-15T00:00:00+00:00
[2023-01-14T18:09:35.717+0000] {processor.py:178} INFO - Processing /opt/airflow/dags/repo/Airflow/dags/first_dag.py took 0.312 seconds
[2023-01-14T18:10:06.177+0000] {processor.py:156} INFO - Started process (PID=2553) to work on /opt/airflow/dags/repo/Airflow/dags/first_dag.py
[2023-01-14T18:10:06.178+0000] {processor.py:758} INFO - Processing file /opt/airflow/dags/repo/Airflow/dags/first_dag.py for tasks to queue
[2023-01-14T18:10:06.180+0000] {logging_mixin.py:117} INFO - [2023-01-14T18:10:06.180+0000] {dagbag.py:525} INFO - Filling up the DagBag from /opt/airflow/dags/repo/Airflow/dags/first_dag.py
[2023-01-14T18:10:06.230+0000] {processor.py:768} INFO - DAG(s) dict_keys(['first_dag_v5']) retrieved from /opt/airflow/dags/repo/Airflow/dags/first_dag.py
[2023-01-14T18:10:06.343+0000] {logging_mixin.py:117} INFO - [2023-01-14T18:10:06.342+0000] {dag.py:2573} INFO - Sync 1 DAGs
[2023-01-14T18:10:06.444+0000] {logging_mixin.py:117} INFO - [2023-01-14T18:10:06.444+0000] {dag.py:3328} INFO - Setting next_dagrun for first_dag_v5 to 2023-01-14T00:00:00+00:00, run_after=2023-01-15T00:00:00+00:00
[2023-01-14T18:10:06.509+0000] {processor.py:178} INFO - Processing /opt/airflow/dags/repo/Airflow/dags/first_dag.py took 0.340 seconds
[2023-01-14T18:10:37.255+0000] {processor.py:156} INFO - Started process (PID=2581) to work on /opt/airflow/dags/repo/Airflow/dags/first_dag.py
[2023-01-14T18:10:37.258+0000] {processor.py:758} INFO - Processing file /opt/airflow/dags/repo/Airflow/dags/first_dag.py for tasks to queue
[2023-01-14T18:10:37.260+0000] {logging_mixin.py:117} INFO - [2023-01-14T18:10:37.260+0000] {dagbag.py:525} INFO - Filling up the DagBag from /opt/airflow/dags/repo/Airflow/dags/first_dag.py
[2023-01-14T18:10:37.305+0000] {processor.py:768} INFO - DAG(s) dict_keys(['first_dag_v5']) retrieved from /opt/airflow/dags/repo/Airflow/dags/first_dag.py
[2023-01-14T18:10:37.411+0000] {logging_mixin.py:117} INFO - [2023-01-14T18:10:37.410+0000] {dag.py:2573} INFO - Sync 1 DAGs
[2023-01-14T18:10:37.495+0000] {logging_mixin.py:117} INFO - [2023-01-14T18:10:37.495+0000] {dag.py:3328} INFO - Setting next_dagrun for first_dag_v5 to 2023-01-14T00:00:00+00:00, run_after=2023-01-15T00:00:00+00:00
[2023-01-14T18:10:37.550+0000] {processor.py:178} INFO - Processing /opt/airflow/dags/repo/Airflow/dags/first_dag.py took 0.302 seconds
[2023-01-14T18:11:08.029+0000] {processor.py:156} INFO - Started process (PID=2621) to work on /opt/airflow/dags/repo/Airflow/dags/first_dag.py
[2023-01-14T18:11:08.032+0000] {processor.py:758} INFO - Processing file /opt/airflow/dags/repo/Airflow/dags/first_dag.py for tasks to queue
[2023-01-14T18:11:08.035+0000] {logging_mixin.py:117} INFO - [2023-01-14T18:11:08.034+0000] {dagbag.py:525} INFO - Filling up the DagBag from /opt/airflow/dags/repo/Airflow/dags/first_dag.py
[2023-01-14T18:11:08.088+0000] {processor.py:768} INFO - DAG(s) dict_keys(['first_dag_v5']) retrieved from /opt/airflow/dags/repo/Airflow/dags/first_dag.py
[2023-01-14T18:11:08.194+0000] {logging_mixin.py:117} INFO - [2023-01-14T18:11:08.194+0000] {dag.py:2573} INFO - Sync 1 DAGs
[2023-01-14T18:11:08.272+0000] {logging_mixin.py:117} INFO - [2023-01-14T18:11:08.272+0000] {dag.py:3328} INFO - Setting next_dagrun for first_dag_v5 to 2023-01-14T00:00:00+00:00, run_after=2023-01-15T00:00:00+00:00
[2023-01-14T18:11:08.331+0000] {processor.py:178} INFO - Processing /opt/airflow/dags/repo/Airflow/dags/first_dag.py took 0.310 seconds
[2023-01-14T18:11:38.529+0000] {processor.py:156} INFO - Started process (PID=2646) to work on /opt/airflow/dags/repo/Airflow/dags/first_dag.py
[2023-01-14T18:11:38.531+0000] {processor.py:758} INFO - Processing file /opt/airflow/dags/repo/Airflow/dags/first_dag.py for tasks to queue
[2023-01-14T18:11:38.533+0000] {logging_mixin.py:117} INFO - [2023-01-14T18:11:38.532+0000] {dagbag.py:525} INFO - Filling up the DagBag from /opt/airflow/dags/repo/Airflow/dags/first_dag.py
[2023-01-14T18:11:38.578+0000] {processor.py:768} INFO - DAG(s) dict_keys(['first_dag_v5']) retrieved from /opt/airflow/dags/repo/Airflow/dags/first_dag.py
[2023-01-14T18:11:38.694+0000] {logging_mixin.py:117} INFO - [2023-01-14T18:11:38.693+0000] {dag.py:2573} INFO - Sync 1 DAGs
[2023-01-14T18:11:38.768+0000] {logging_mixin.py:117} INFO - [2023-01-14T18:11:38.768+0000] {dag.py:3328} INFO - Setting next_dagrun for first_dag_v5 to 2023-01-14T00:00:00+00:00, run_after=2023-01-15T00:00:00+00:00
[2023-01-14T18:11:38.835+0000] {processor.py:178} INFO - Processing /opt/airflow/dags/repo/Airflow/dags/first_dag.py took 0.315 seconds
[2023-01-14T18:12:09.289+0000] {processor.py:156} INFO - Started process (PID=2686) to work on /opt/airflow/dags/repo/Airflow/dags/first_dag.py
[2023-01-14T18:12:09.291+0000] {processor.py:758} INFO - Processing file /opt/airflow/dags/repo/Airflow/dags/first_dag.py for tasks to queue
[2023-01-14T18:12:09.295+0000] {logging_mixin.py:117} INFO - [2023-01-14T18:12:09.294+0000] {dagbag.py:525} INFO - Filling up the DagBag from /opt/airflow/dags/repo/Airflow/dags/first_dag.py
[2023-01-14T18:12:09.340+0000] {processor.py:768} INFO - DAG(s) dict_keys(['first_dag_v5']) retrieved from /opt/airflow/dags/repo/Airflow/dags/first_dag.py
[2023-01-14T18:12:14.460+0000] {logging_mixin.py:117} INFO - [2023-01-14T18:12:14.460+0000] {dag.py:2573} INFO - Sync 1 DAGs
[2023-01-14T18:12:14.540+0000] {logging_mixin.py:117} INFO - [2023-01-14T18:12:14.539+0000] {dag.py:3328} INFO - Setting next_dagrun for first_dag_v5 to 2023-01-14T00:00:00+00:00, run_after=2023-01-15T00:00:00+00:00
[2023-01-14T18:12:14.596+0000] {processor.py:178} INFO - Processing /opt/airflow/dags/repo/Airflow/dags/first_dag.py took 5.316 seconds
[2023-01-14T18:12:45.094+0000] {processor.py:156} INFO - Started process (PID=2714) to work on /opt/airflow/dags/repo/Airflow/dags/first_dag.py
[2023-01-14T18:12:45.096+0000] {processor.py:758} INFO - Processing file /opt/airflow/dags/repo/Airflow/dags/first_dag.py for tasks to queue
[2023-01-14T18:12:45.098+0000] {logging_mixin.py:117} INFO - [2023-01-14T18:12:45.098+0000] {dagbag.py:525} INFO - Filling up the DagBag from /opt/airflow/dags/repo/Airflow/dags/first_dag.py
[2023-01-14T18:12:45.147+0000] {processor.py:768} INFO - DAG(s) dict_keys(['first_dag_v5']) retrieved from /opt/airflow/dags/repo/Airflow/dags/first_dag.py
[2023-01-14T18:12:50.256+0000] {logging_mixin.py:117} INFO - [2023-01-14T18:12:50.255+0000] {dag.py:2573} INFO - Sync 1 DAGs
[2023-01-14T18:12:50.328+0000] {logging_mixin.py:117} INFO - [2023-01-14T18:12:50.328+0000] {dag.py:3328} INFO - Setting next_dagrun for first_dag_v5 to 2023-01-14T00:00:00+00:00, run_after=2023-01-15T00:00:00+00:00
[2023-01-14T18:12:50.389+0000] {processor.py:178} INFO - Processing /opt/airflow/dags/repo/Airflow/dags/first_dag.py took 5.304 seconds
[2023-01-14T18:13:20.564+0000] {processor.py:156} INFO - Started process (PID=2757) to work on /opt/airflow/dags/repo/Airflow/dags/first_dag.py
[2023-01-14T18:13:20.567+0000] {processor.py:758} INFO - Processing file /opt/airflow/dags/repo/Airflow/dags/first_dag.py for tasks to queue
[2023-01-14T18:13:20.569+0000] {logging_mixin.py:117} INFO - [2023-01-14T18:13:20.568+0000] {dagbag.py:525} INFO - Filling up the DagBag from /opt/airflow/dags/repo/Airflow/dags/first_dag.py
[2023-01-14T18:13:20.613+0000] {processor.py:768} INFO - DAG(s) dict_keys(['first_dag_v5']) retrieved from /opt/airflow/dags/repo/Airflow/dags/first_dag.py
[2023-01-14T18:13:20.723+0000] {logging_mixin.py:117} INFO - [2023-01-14T18:13:20.722+0000] {dag.py:2573} INFO - Sync 1 DAGs
[2023-01-14T18:13:20.798+0000] {logging_mixin.py:117} INFO - [2023-01-14T18:13:20.797+0000] {dag.py:3328} INFO - Setting next_dagrun for first_dag_v5 to 2023-01-14T00:00:00+00:00, run_after=2023-01-15T00:00:00+00:00
[2023-01-14T18:13:20.858+0000] {processor.py:178} INFO - Processing /opt/airflow/dags/repo/Airflow/dags/first_dag.py took 0.304 seconds
[2023-01-14T18:13:51.261+0000] {processor.py:156} INFO - Started process (PID=2785) to work on /opt/airflow/dags/repo/Airflow/dags/first_dag.py
[2023-01-14T18:13:51.263+0000] {processor.py:758} INFO - Processing file /opt/airflow/dags/repo/Airflow/dags/first_dag.py for tasks to queue
[2023-01-14T18:13:51.265+0000] {logging_mixin.py:117} INFO - [2023-01-14T18:13:51.264+0000] {dagbag.py:525} INFO - Filling up the DagBag from /opt/airflow/dags/repo/Airflow/dags/first_dag.py
[2023-01-14T18:13:51.315+0000] {processor.py:768} INFO - DAG(s) dict_keys(['first_dag_v5']) retrieved from /opt/airflow/dags/repo/Airflow/dags/first_dag.py
[2023-01-14T18:13:51.445+0000] {logging_mixin.py:117} INFO - [2023-01-14T18:13:51.445+0000] {dag.py:2573} INFO - Sync 1 DAGs
[2023-01-14T18:13:51.520+0000] {logging_mixin.py:117} INFO - [2023-01-14T18:13:51.520+0000] {dag.py:3328} INFO - Setting next_dagrun for first_dag_v5 to 2023-01-14T00:00:00+00:00, run_after=2023-01-15T00:00:00+00:00
[2023-01-14T18:13:51.578+0000] {processor.py:178} INFO - Processing /opt/airflow/dags/repo/Airflow/dags/first_dag.py took 0.327 seconds
[2023-01-14T18:14:21.695+0000] {processor.py:156} INFO - Started process (PID=2822) to work on /opt/airflow/dags/repo/Airflow/dags/first_dag.py
[2023-01-14T18:14:21.697+0000] {processor.py:758} INFO - Processing file /opt/airflow/dags/repo/Airflow/dags/first_dag.py for tasks to queue
[2023-01-14T18:14:21.699+0000] {logging_mixin.py:117} INFO - [2023-01-14T18:14:21.698+0000] {dagbag.py:525} INFO - Filling up the DagBag from /opt/airflow/dags/repo/Airflow/dags/first_dag.py
[2023-01-14T18:14:21.752+0000] {processor.py:768} INFO - DAG(s) dict_keys(['first_dag_v5']) retrieved from /opt/airflow/dags/repo/Airflow/dags/first_dag.py
[2023-01-14T18:14:21.881+0000] {logging_mixin.py:117} INFO - [2023-01-14T18:14:21.881+0000] {dag.py:2573} INFO - Sync 1 DAGs
[2023-01-14T18:14:21.957+0000] {logging_mixin.py:117} INFO - [2023-01-14T18:14:21.957+0000] {dag.py:3328} INFO - Setting next_dagrun for first_dag_v5 to 2023-01-14T00:00:00+00:00, run_after=2023-01-15T00:00:00+00:00
[2023-01-14T18:14:22.017+0000] {processor.py:178} INFO - Processing /opt/airflow/dags/repo/Airflow/dags/first_dag.py took 0.331 seconds
[2023-01-14T18:14:52.514+0000] {processor.py:156} INFO - Started process (PID=2850) to work on /opt/airflow/dags/repo/Airflow/dags/first_dag.py
[2023-01-14T18:14:52.517+0000] {processor.py:758} INFO - Processing file /opt/airflow/dags/repo/Airflow/dags/first_dag.py for tasks to queue
[2023-01-14T18:14:52.520+0000] {logging_mixin.py:117} INFO - [2023-01-14T18:14:52.519+0000] {dagbag.py:525} INFO - Filling up the DagBag from /opt/airflow/dags/repo/Airflow/dags/first_dag.py
[2023-01-14T18:14:52.568+0000] {processor.py:768} INFO - DAG(s) dict_keys(['first_dag_v5']) retrieved from /opt/airflow/dags/repo/Airflow/dags/first_dag.py
[2023-01-14T18:14:52.677+0000] {logging_mixin.py:117} INFO - [2023-01-14T18:14:52.677+0000] {dag.py:2573} INFO - Sync 1 DAGs
[2023-01-14T18:14:52.758+0000] {logging_mixin.py:117} INFO - [2023-01-14T18:14:52.757+0000] {dag.py:3328} INFO - Setting next_dagrun for first_dag_v5 to 2023-01-14T00:00:00+00:00, run_after=2023-01-15T00:00:00+00:00
[2023-01-14T18:14:52.820+0000] {processor.py:178} INFO - Processing /opt/airflow/dags/repo/Airflow/dags/first_dag.py took 0.317 seconds
[2023-01-14T18:15:23.276+0000] {processor.py:156} INFO - Started process (PID=2890) to work on /opt/airflow/dags/repo/Airflow/dags/first_dag.py
[2023-01-14T18:15:23.279+0000] {processor.py:758} INFO - Processing file /opt/airflow/dags/repo/Airflow/dags/first_dag.py for tasks to queue
[2023-01-14T18:15:23.281+0000] {logging_mixin.py:117} INFO - [2023-01-14T18:15:23.280+0000] {dagbag.py:525} INFO - Filling up the DagBag from /opt/airflow/dags/repo/Airflow/dags/first_dag.py
[2023-01-14T18:15:23.324+0000] {processor.py:768} INFO - DAG(s) dict_keys(['first_dag_v5']) retrieved from /opt/airflow/dags/repo/Airflow/dags/first_dag.py
[2023-01-14T18:15:23.426+0000] {logging_mixin.py:117} INFO - [2023-01-14T18:15:23.426+0000] {dag.py:2573} INFO - Sync 1 DAGs
[2023-01-14T18:15:23.500+0000] {logging_mixin.py:117} INFO - [2023-01-14T18:15:23.499+0000] {dag.py:3328} INFO - Setting next_dagrun for first_dag_v5 to 2023-01-14T00:00:00+00:00, run_after=2023-01-15T00:00:00+00:00
[2023-01-14T18:15:23.558+0000] {processor.py:178} INFO - Processing /opt/airflow/dags/repo/Airflow/dags/first_dag.py took 0.290 seconds
[2023-01-14T18:15:53.981+0000] {processor.py:156} INFO - Started process (PID=2914) to work on /opt/airflow/dags/repo/Airflow/dags/first_dag.py
[2023-01-14T18:15:53.984+0000] {processor.py:758} INFO - Processing file /opt/airflow/dags/repo/Airflow/dags/first_dag.py for tasks to queue
[2023-01-14T18:15:53.987+0000] {logging_mixin.py:117} INFO - [2023-01-14T18:15:53.986+0000] {dagbag.py:525} INFO - Filling up the DagBag from /opt/airflow/dags/repo/Airflow/dags/first_dag.py
[2023-01-14T18:15:54.040+0000] {processor.py:768} INFO - DAG(s) dict_keys(['first_dag_v5']) retrieved from /opt/airflow/dags/repo/Airflow/dags/first_dag.py
[2023-01-14T18:15:54.145+0000] {logging_mixin.py:117} INFO - [2023-01-14T18:15:54.145+0000] {dag.py:2573} INFO - Sync 1 DAGs
[2023-01-14T18:15:54.216+0000] {logging_mixin.py:117} INFO - [2023-01-14T18:15:54.216+0000] {dag.py:3328} INFO - Setting next_dagrun for first_dag_v5 to 2023-01-14T00:00:00+00:00, run_after=2023-01-15T00:00:00+00:00
[2023-01-14T18:15:54.278+0000] {processor.py:178} INFO - Processing /opt/airflow/dags/repo/Airflow/dags/first_dag.py took 0.305 seconds
[2023-01-14T18:16:24.589+0000] {processor.py:156} INFO - Started process (PID=2955) to work on /opt/airflow/dags/repo/Airflow/dags/first_dag.py
[2023-01-14T18:16:24.592+0000] {processor.py:758} INFO - Processing file /opt/airflow/dags/repo/Airflow/dags/first_dag.py for tasks to queue
[2023-01-14T18:16:24.595+0000] {logging_mixin.py:117} INFO - [2023-01-14T18:16:24.594+0000] {dagbag.py:525} INFO - Filling up the DagBag from /opt/airflow/dags/repo/Airflow/dags/first_dag.py
[2023-01-14T18:16:24.652+0000] {processor.py:768} INFO - DAG(s) dict_keys(['first_dag_v5']) retrieved from /opt/airflow/dags/repo/Airflow/dags/first_dag.py
[2023-01-14T18:16:29.769+0000] {logging_mixin.py:117} INFO - [2023-01-14T18:16:29.769+0000] {dag.py:2573} INFO - Sync 1 DAGs
[2023-01-14T18:16:29.840+0000] {logging_mixin.py:117} INFO - [2023-01-14T18:16:29.840+0000] {dag.py:3328} INFO - Setting next_dagrun for first_dag_v5 to 2023-01-14T00:00:00+00:00, run_after=2023-01-15T00:00:00+00:00
[2023-01-14T18:16:29.898+0000] {processor.py:178} INFO - Processing /opt/airflow/dags/repo/Airflow/dags/first_dag.py took 5.320 seconds
[2023-01-14T18:17:00.065+0000] {processor.py:156} INFO - Started process (PID=2983) to work on /opt/airflow/dags/repo/Airflow/dags/first_dag.py
[2023-01-14T18:17:00.067+0000] {processor.py:758} INFO - Processing file /opt/airflow/dags/repo/Airflow/dags/first_dag.py for tasks to queue
[2023-01-14T18:17:00.068+0000] {logging_mixin.py:117} INFO - [2023-01-14T18:17:00.068+0000] {dagbag.py:525} INFO - Filling up the DagBag from /opt/airflow/dags/repo/Airflow/dags/first_dag.py
[2023-01-14T18:17:00.119+0000] {processor.py:768} INFO - DAG(s) dict_keys(['first_dag_v5']) retrieved from /opt/airflow/dags/repo/Airflow/dags/first_dag.py
[2023-01-14T18:17:00.223+0000] {logging_mixin.py:117} INFO - [2023-01-14T18:17:00.222+0000] {dag.py:2573} INFO - Sync 1 DAGs
[2023-01-14T18:17:00.296+0000] {logging_mixin.py:117} INFO - [2023-01-14T18:17:00.296+0000] {dag.py:3328} INFO - Setting next_dagrun for first_dag_v5 to 2023-01-14T00:00:00+00:00, run_after=2023-01-15T00:00:00+00:00
[2023-01-14T18:17:00.357+0000] {processor.py:178} INFO - Processing /opt/airflow/dags/repo/Airflow/dags/first_dag.py took 0.302 seconds
[2023-01-14T18:17:30.494+0000] {processor.py:156} INFO - Started process (PID=3023) to work on /opt/airflow/dags/repo/Airflow/dags/first_dag.py
[2023-01-14T18:17:30.497+0000] {processor.py:758} INFO - Processing file /opt/airflow/dags/repo/Airflow/dags/first_dag.py for tasks to queue
[2023-01-14T18:17:30.499+0000] {logging_mixin.py:117} INFO - [2023-01-14T18:17:30.498+0000] {dagbag.py:525} INFO - Filling up the DagBag from /opt/airflow/dags/repo/Airflow/dags/first_dag.py
[2023-01-14T18:17:30.547+0000] {processor.py:768} INFO - DAG(s) dict_keys(['first_dag_v5']) retrieved from /opt/airflow/dags/repo/Airflow/dags/first_dag.py
[2023-01-14T18:17:35.669+0000] {logging_mixin.py:117} INFO - [2023-01-14T18:17:35.668+0000] {dag.py:2573} INFO - Sync 1 DAGs
[2023-01-14T18:17:35.749+0000] {logging_mixin.py:117} INFO - [2023-01-14T18:17:35.749+0000] {dag.py:3328} INFO - Setting next_dagrun for first_dag_v5 to 2023-01-14T00:00:00+00:00, run_after=2023-01-15T00:00:00+00:00
[2023-01-14T18:17:35.808+0000] {processor.py:178} INFO - Processing /opt/airflow/dags/repo/Airflow/dags/first_dag.py took 5.322 seconds
[2023-01-14T18:18:06.145+0000] {processor.py:156} INFO - Started process (PID=3063) to work on /opt/airflow/dags/repo/Airflow/dags/first_dag.py
[2023-01-14T18:18:06.177+0000] {processor.py:758} INFO - Processing file /opt/airflow/dags/repo/Airflow/dags/first_dag.py for tasks to queue
[2023-01-14T18:18:06.196+0000] {logging_mixin.py:117} INFO - [2023-01-14T18:18:06.195+0000] {dagbag.py:525} INFO - Filling up the DagBag from /opt/airflow/dags/repo/Airflow/dags/first_dag.py
[2023-01-14T18:18:06.277+0000] {processor.py:768} INFO - DAG(s) dict_keys(['first_dag_v5']) retrieved from /opt/airflow/dags/repo/Airflow/dags/first_dag.py
[2023-01-14T18:18:06.481+0000] {logging_mixin.py:117} INFO - [2023-01-14T18:18:06.480+0000] {dag.py:2573} INFO - Sync 1 DAGs
[2023-01-14T18:18:06.636+0000] {logging_mixin.py:117} INFO - [2023-01-14T18:18:06.635+0000] {dag.py:3328} INFO - Setting next_dagrun for first_dag_v5 to 2023-01-14T00:00:00+00:00, run_after=2023-01-15T00:00:00+00:00
[2023-01-14T18:18:06.788+0000] {processor.py:178} INFO - Processing /opt/airflow/dags/repo/Airflow/dags/first_dag.py took 0.656 seconds
