[2023-01-14T17:32:00.863+0000] {processor.py:156} INFO - Started process (PID=51) to work on /opt/airflow/dags/repo/Airflow/dags/task_flow_api_dag.py
[2023-01-14T17:32:00.867+0000] {processor.py:758} INFO - Processing file /opt/airflow/dags/repo/Airflow/dags/task_flow_api_dag.py for tasks to queue
[2023-01-14T17:32:00.869+0000] {logging_mixin.py:117} INFO - [2023-01-14T17:32:00.869+0000] {dagbag.py:525} INFO - Filling up the DagBag from /opt/airflow/dags/repo/Airflow/dags/task_flow_api_dag.py
[2023-01-14T17:32:00.874+0000] {processor.py:770} WARNING - No viable dags retrieved from /opt/airflow/dags/repo/Airflow/dags/task_flow_api_dag.py
[2023-01-14T17:32:00.940+0000] {processor.py:178} INFO - Processing /opt/airflow/dags/repo/Airflow/dags/task_flow_api_dag.py took 0.091 seconds
[2023-01-14T17:32:31.623+0000] {processor.py:156} INFO - Started process (PID=93) to work on /opt/airflow/dags/repo/Airflow/dags/task_flow_api_dag.py
[2023-01-14T17:32:31.625+0000] {processor.py:758} INFO - Processing file /opt/airflow/dags/repo/Airflow/dags/task_flow_api_dag.py for tasks to queue
[2023-01-14T17:32:31.628+0000] {logging_mixin.py:117} INFO - [2023-01-14T17:32:31.627+0000] {dagbag.py:525} INFO - Filling up the DagBag from /opt/airflow/dags/repo/Airflow/dags/task_flow_api_dag.py
[2023-01-14T17:32:31.633+0000] {processor.py:770} WARNING - No viable dags retrieved from /opt/airflow/dags/repo/Airflow/dags/task_flow_api_dag.py
[2023-01-14T17:32:31.692+0000] {processor.py:178} INFO - Processing /opt/airflow/dags/repo/Airflow/dags/task_flow_api_dag.py took 0.080 seconds
[2023-01-14T17:33:01.762+0000] {processor.py:156} INFO - Started process (PID=121) to work on /opt/airflow/dags/repo/Airflow/dags/task_flow_api_dag.py
[2023-01-14T17:33:01.764+0000] {processor.py:758} INFO - Processing file /opt/airflow/dags/repo/Airflow/dags/task_flow_api_dag.py for tasks to queue
[2023-01-14T17:33:01.766+0000] {logging_mixin.py:117} INFO - [2023-01-14T17:33:01.766+0000] {dagbag.py:525} INFO - Filling up the DagBag from /opt/airflow/dags/repo/Airflow/dags/task_flow_api_dag.py
[2023-01-14T17:33:01.770+0000] {processor.py:770} WARNING - No viable dags retrieved from /opt/airflow/dags/repo/Airflow/dags/task_flow_api_dag.py
[2023-01-14T17:33:01.812+0000] {processor.py:178} INFO - Processing /opt/airflow/dags/repo/Airflow/dags/task_flow_api_dag.py took 0.058 seconds
[2023-01-14T17:33:32.195+0000] {processor.py:156} INFO - Started process (PID=161) to work on /opt/airflow/dags/repo/Airflow/dags/task_flow_api_dag.py
[2023-01-14T17:33:32.197+0000] {processor.py:758} INFO - Processing file /opt/airflow/dags/repo/Airflow/dags/task_flow_api_dag.py for tasks to queue
[2023-01-14T17:33:32.199+0000] {logging_mixin.py:117} INFO - [2023-01-14T17:33:32.198+0000] {dagbag.py:525} INFO - Filling up the DagBag from /opt/airflow/dags/repo/Airflow/dags/task_flow_api_dag.py
[2023-01-14T17:33:32.203+0000] {processor.py:770} WARNING - No viable dags retrieved from /opt/airflow/dags/repo/Airflow/dags/task_flow_api_dag.py
[2023-01-14T17:33:32.248+0000] {processor.py:178} INFO - Processing /opt/airflow/dags/repo/Airflow/dags/task_flow_api_dag.py took 0.063 seconds
[2023-01-14T17:34:02.909+0000] {processor.py:156} INFO - Started process (PID=189) to work on /opt/airflow/dags/repo/Airflow/dags/task_flow_api_dag.py
[2023-01-14T17:34:02.912+0000] {processor.py:758} INFO - Processing file /opt/airflow/dags/repo/Airflow/dags/task_flow_api_dag.py for tasks to queue
[2023-01-14T17:34:02.915+0000] {logging_mixin.py:117} INFO - [2023-01-14T17:34:02.915+0000] {dagbag.py:525} INFO - Filling up the DagBag from /opt/airflow/dags/repo/Airflow/dags/task_flow_api_dag.py
[2023-01-14T17:34:02.920+0000] {processor.py:770} WARNING - No viable dags retrieved from /opt/airflow/dags/repo/Airflow/dags/task_flow_api_dag.py
[2023-01-14T17:34:02.993+0000] {processor.py:178} INFO - Processing /opt/airflow/dags/repo/Airflow/dags/task_flow_api_dag.py took 0.097 seconds
[2023-01-14T17:34:33.099+0000] {processor.py:156} INFO - Started process (PID=230) to work on /opt/airflow/dags/repo/Airflow/dags/task_flow_api_dag.py
[2023-01-14T17:34:33.104+0000] {processor.py:758} INFO - Processing file /opt/airflow/dags/repo/Airflow/dags/task_flow_api_dag.py for tasks to queue
[2023-01-14T17:34:33.106+0000] {logging_mixin.py:117} INFO - [2023-01-14T17:34:33.106+0000] {dagbag.py:525} INFO - Filling up the DagBag from /opt/airflow/dags/repo/Airflow/dags/task_flow_api_dag.py
[2023-01-14T17:34:33.111+0000] {processor.py:770} WARNING - No viable dags retrieved from /opt/airflow/dags/repo/Airflow/dags/task_flow_api_dag.py
[2023-01-14T17:34:33.176+0000] {processor.py:178} INFO - Processing /opt/airflow/dags/repo/Airflow/dags/task_flow_api_dag.py took 0.090 seconds
[2023-01-14T17:35:04.044+0000] {processor.py:156} INFO - Started process (PID=258) to work on /opt/airflow/dags/repo/Airflow/dags/task_flow_api_dag.py
[2023-01-14T17:35:04.048+0000] {processor.py:758} INFO - Processing file /opt/airflow/dags/repo/Airflow/dags/task_flow_api_dag.py for tasks to queue
[2023-01-14T17:35:04.050+0000] {logging_mixin.py:117} INFO - [2023-01-14T17:35:04.049+0000] {dagbag.py:525} INFO - Filling up the DagBag from /opt/airflow/dags/repo/Airflow/dags/task_flow_api_dag.py
[2023-01-14T17:35:04.055+0000] {processor.py:770} WARNING - No viable dags retrieved from /opt/airflow/dags/repo/Airflow/dags/task_flow_api_dag.py
[2023-01-14T17:35:04.481+0000] {processor.py:178} INFO - Processing /opt/airflow/dags/repo/Airflow/dags/task_flow_api_dag.py took 0.449 seconds
[2023-01-14T17:35:35.575+0000] {processor.py:156} INFO - Started process (PID=298) to work on /opt/airflow/dags/repo/Airflow/dags/task_flow_api_dag.py
[2023-01-14T17:35:35.578+0000] {processor.py:758} INFO - Processing file /opt/airflow/dags/repo/Airflow/dags/task_flow_api_dag.py for tasks to queue
[2023-01-14T17:35:35.584+0000] {logging_mixin.py:117} INFO - [2023-01-14T17:35:35.583+0000] {dagbag.py:525} INFO - Filling up the DagBag from /opt/airflow/dags/repo/Airflow/dags/task_flow_api_dag.py
[2023-01-14T17:35:35.592+0000] {processor.py:770} WARNING - No viable dags retrieved from /opt/airflow/dags/repo/Airflow/dags/task_flow_api_dag.py
[2023-01-14T17:35:35.638+0000] {processor.py:178} INFO - Processing /opt/airflow/dags/repo/Airflow/dags/task_flow_api_dag.py took 0.073 seconds
[2023-01-14T17:36:06.287+0000] {processor.py:156} INFO - Started process (PID=338) to work on /opt/airflow/dags/repo/Airflow/dags/task_flow_api_dag.py
[2023-01-14T17:36:06.290+0000] {processor.py:758} INFO - Processing file /opt/airflow/dags/repo/Airflow/dags/task_flow_api_dag.py for tasks to queue
[2023-01-14T17:36:06.292+0000] {logging_mixin.py:117} INFO - [2023-01-14T17:36:06.292+0000] {dagbag.py:525} INFO - Filling up the DagBag from /opt/airflow/dags/repo/Airflow/dags/task_flow_api_dag.py
[2023-01-14T17:36:06.297+0000] {processor.py:770} WARNING - No viable dags retrieved from /opt/airflow/dags/repo/Airflow/dags/task_flow_api_dag.py
[2023-01-14T17:36:06.338+0000] {processor.py:178} INFO - Processing /opt/airflow/dags/repo/Airflow/dags/task_flow_api_dag.py took 0.062 seconds
[2023-01-14T17:36:36.746+0000] {processor.py:156} INFO - Started process (PID=366) to work on /opt/airflow/dags/repo/Airflow/dags/task_flow_api_dag.py
[2023-01-14T17:36:36.749+0000] {processor.py:758} INFO - Processing file /opt/airflow/dags/repo/Airflow/dags/task_flow_api_dag.py for tasks to queue
[2023-01-14T17:36:36.751+0000] {logging_mixin.py:117} INFO - [2023-01-14T17:36:36.750+0000] {dagbag.py:525} INFO - Filling up the DagBag from /opt/airflow/dags/repo/Airflow/dags/task_flow_api_dag.py
[2023-01-14T17:36:36.755+0000] {processor.py:770} WARNING - No viable dags retrieved from /opt/airflow/dags/repo/Airflow/dags/task_flow_api_dag.py
[2023-01-14T17:36:36.802+0000] {processor.py:178} INFO - Processing /opt/airflow/dags/repo/Airflow/dags/task_flow_api_dag.py took 0.066 seconds
[2023-01-14T17:37:06.938+0000] {processor.py:156} INFO - Started process (PID=406) to work on /opt/airflow/dags/repo/Airflow/dags/task_flow_api_dag.py
[2023-01-14T17:37:06.940+0000] {processor.py:758} INFO - Processing file /opt/airflow/dags/repo/Airflow/dags/task_flow_api_dag.py for tasks to queue
[2023-01-14T17:37:06.943+0000] {logging_mixin.py:117} INFO - [2023-01-14T17:37:06.942+0000] {dagbag.py:525} INFO - Filling up the DagBag from /opt/airflow/dags/repo/Airflow/dags/task_flow_api_dag.py
[2023-01-14T17:37:06.947+0000] {processor.py:770} WARNING - No viable dags retrieved from /opt/airflow/dags/repo/Airflow/dags/task_flow_api_dag.py
[2023-01-14T17:37:06.998+0000] {processor.py:178} INFO - Processing /opt/airflow/dags/repo/Airflow/dags/task_flow_api_dag.py took 0.068 seconds
[2023-01-14T17:37:37.802+0000] {processor.py:156} INFO - Started process (PID=434) to work on /opt/airflow/dags/repo/Airflow/dags/task_flow_api_dag.py
[2023-01-14T17:37:37.804+0000] {processor.py:758} INFO - Processing file /opt/airflow/dags/repo/Airflow/dags/task_flow_api_dag.py for tasks to queue
[2023-01-14T17:37:37.806+0000] {logging_mixin.py:117} INFO - [2023-01-14T17:37:37.806+0000] {dagbag.py:525} INFO - Filling up the DagBag from /opt/airflow/dags/repo/Airflow/dags/task_flow_api_dag.py
[2023-01-14T17:37:37.809+0000] {processor.py:770} WARNING - No viable dags retrieved from /opt/airflow/dags/repo/Airflow/dags/task_flow_api_dag.py
[2023-01-14T17:37:37.854+0000] {processor.py:178} INFO - Processing /opt/airflow/dags/repo/Airflow/dags/task_flow_api_dag.py took 0.060 seconds
[2023-01-14T17:38:08.565+0000] {processor.py:156} INFO - Started process (PID=474) to work on /opt/airflow/dags/repo/Airflow/dags/task_flow_api_dag.py
[2023-01-14T17:38:08.567+0000] {processor.py:758} INFO - Processing file /opt/airflow/dags/repo/Airflow/dags/task_flow_api_dag.py for tasks to queue
[2023-01-14T17:38:08.570+0000] {logging_mixin.py:117} INFO - [2023-01-14T17:38:08.569+0000] {dagbag.py:525} INFO - Filling up the DagBag from /opt/airflow/dags/repo/Airflow/dags/task_flow_api_dag.py
[2023-01-14T17:38:08.574+0000] {processor.py:770} WARNING - No viable dags retrieved from /opt/airflow/dags/repo/Airflow/dags/task_flow_api_dag.py
[2023-01-14T17:38:13.627+0000] {processor.py:178} INFO - Processing /opt/airflow/dags/repo/Airflow/dags/task_flow_api_dag.py took 5.070 seconds
[2023-01-14T17:38:44.309+0000] {processor.py:156} INFO - Started process (PID=502) to work on /opt/airflow/dags/repo/Airflow/dags/task_flow_api_dag.py
[2023-01-14T17:38:44.311+0000] {processor.py:758} INFO - Processing file /opt/airflow/dags/repo/Airflow/dags/task_flow_api_dag.py for tasks to queue
[2023-01-14T17:38:44.313+0000] {logging_mixin.py:117} INFO - [2023-01-14T17:38:44.313+0000] {dagbag.py:525} INFO - Filling up the DagBag from /opt/airflow/dags/repo/Airflow/dags/task_flow_api_dag.py
[2023-01-14T17:38:44.316+0000] {processor.py:770} WARNING - No viable dags retrieved from /opt/airflow/dags/repo/Airflow/dags/task_flow_api_dag.py
[2023-01-14T17:38:44.358+0000] {processor.py:178} INFO - Processing /opt/airflow/dags/repo/Airflow/dags/task_flow_api_dag.py took 0.060 seconds
[2023-01-14T17:39:15.201+0000] {processor.py:156} INFO - Started process (PID=542) to work on /opt/airflow/dags/repo/Airflow/dags/task_flow_api_dag.py
[2023-01-14T17:39:15.204+0000] {processor.py:758} INFO - Processing file /opt/airflow/dags/repo/Airflow/dags/task_flow_api_dag.py for tasks to queue
[2023-01-14T17:39:15.207+0000] {logging_mixin.py:117} INFO - [2023-01-14T17:39:15.206+0000] {dagbag.py:525} INFO - Filling up the DagBag from /opt/airflow/dags/repo/Airflow/dags/task_flow_api_dag.py
[2023-01-14T17:39:15.212+0000] {processor.py:770} WARNING - No viable dags retrieved from /opt/airflow/dags/repo/Airflow/dags/task_flow_api_dag.py
[2023-01-14T17:39:15.261+0000] {processor.py:178} INFO - Processing /opt/airflow/dags/repo/Airflow/dags/task_flow_api_dag.py took 0.068 seconds
[2023-01-14T17:39:45.908+0000] {processor.py:156} INFO - Started process (PID=570) to work on /opt/airflow/dags/repo/Airflow/dags/task_flow_api_dag.py
[2023-01-14T17:39:45.911+0000] {processor.py:758} INFO - Processing file /opt/airflow/dags/repo/Airflow/dags/task_flow_api_dag.py for tasks to queue
[2023-01-14T17:39:45.914+0000] {logging_mixin.py:117} INFO - [2023-01-14T17:39:45.914+0000] {dagbag.py:525} INFO - Filling up the DagBag from /opt/airflow/dags/repo/Airflow/dags/task_flow_api_dag.py
[2023-01-14T17:39:45.919+0000] {processor.py:770} WARNING - No viable dags retrieved from /opt/airflow/dags/repo/Airflow/dags/task_flow_api_dag.py
[2023-01-14T17:39:45.966+0000] {processor.py:178} INFO - Processing /opt/airflow/dags/repo/Airflow/dags/task_flow_api_dag.py took 0.070 seconds
[2023-01-14T17:40:16.743+0000] {processor.py:156} INFO - Started process (PID=609) to work on /opt/airflow/dags/repo/Airflow/dags/task_flow_api_dag.py
[2023-01-14T17:40:16.749+0000] {processor.py:758} INFO - Processing file /opt/airflow/dags/repo/Airflow/dags/task_flow_api_dag.py for tasks to queue
[2023-01-14T17:40:16.751+0000] {logging_mixin.py:117} INFO - [2023-01-14T17:40:16.751+0000] {dagbag.py:525} INFO - Filling up the DagBag from /opt/airflow/dags/repo/Airflow/dags/task_flow_api_dag.py
[2023-01-14T17:40:16.755+0000] {processor.py:770} WARNING - No viable dags retrieved from /opt/airflow/dags/repo/Airflow/dags/task_flow_api_dag.py
[2023-01-14T17:40:21.806+0000] {processor.py:178} INFO - Processing /opt/airflow/dags/repo/Airflow/dags/task_flow_api_dag.py took 5.073 seconds
[2023-01-14T17:40:52.413+0000] {processor.py:156} INFO - Started process (PID=637) to work on /opt/airflow/dags/repo/Airflow/dags/task_flow_api_dag.py
[2023-01-14T17:40:52.415+0000] {processor.py:758} INFO - Processing file /opt/airflow/dags/repo/Airflow/dags/task_flow_api_dag.py for tasks to queue
[2023-01-14T17:40:52.417+0000] {logging_mixin.py:117} INFO - [2023-01-14T17:40:52.417+0000] {dagbag.py:525} INFO - Filling up the DagBag from /opt/airflow/dags/repo/Airflow/dags/task_flow_api_dag.py
[2023-01-14T17:40:52.423+0000] {processor.py:770} WARNING - No viable dags retrieved from /opt/airflow/dags/repo/Airflow/dags/task_flow_api_dag.py
[2023-01-14T17:40:52.469+0000] {processor.py:178} INFO - Processing /opt/airflow/dags/repo/Airflow/dags/task_flow_api_dag.py took 0.064 seconds
[2023-01-14T17:41:22.854+0000] {processor.py:156} INFO - Started process (PID=677) to work on /opt/airflow/dags/repo/Airflow/dags/task_flow_api_dag.py
[2023-01-14T17:41:22.856+0000] {processor.py:758} INFO - Processing file /opt/airflow/dags/repo/Airflow/dags/task_flow_api_dag.py for tasks to queue
[2023-01-14T17:41:22.857+0000] {logging_mixin.py:117} INFO - [2023-01-14T17:41:22.857+0000] {dagbag.py:525} INFO - Filling up the DagBag from /opt/airflow/dags/repo/Airflow/dags/task_flow_api_dag.py
[2023-01-14T17:41:22.860+0000] {processor.py:770} WARNING - No viable dags retrieved from /opt/airflow/dags/repo/Airflow/dags/task_flow_api_dag.py
[2023-01-14T17:41:22.903+0000] {processor.py:178} INFO - Processing /opt/airflow/dags/repo/Airflow/dags/task_flow_api_dag.py took 0.057 seconds
[2023-01-14T17:41:53.596+0000] {processor.py:156} INFO - Started process (PID=705) to work on /opt/airflow/dags/repo/Airflow/dags/task_flow_api_dag.py
[2023-01-14T17:41:53.599+0000] {processor.py:758} INFO - Processing file /opt/airflow/dags/repo/Airflow/dags/task_flow_api_dag.py for tasks to queue
[2023-01-14T17:41:53.600+0000] {logging_mixin.py:117} INFO - [2023-01-14T17:41:53.600+0000] {dagbag.py:525} INFO - Filling up the DagBag from /opt/airflow/dags/repo/Airflow/dags/task_flow_api_dag.py
[2023-01-14T17:41:53.604+0000] {processor.py:770} WARNING - No viable dags retrieved from /opt/airflow/dags/repo/Airflow/dags/task_flow_api_dag.py
[2023-01-14T17:41:53.646+0000] {processor.py:178} INFO - Processing /opt/airflow/dags/repo/Airflow/dags/task_flow_api_dag.py took 0.057 seconds
[2023-01-14T17:42:24.320+0000] {processor.py:156} INFO - Started process (PID=746) to work on /opt/airflow/dags/repo/Airflow/dags/task_flow_api_dag.py
[2023-01-14T17:42:24.322+0000] {processor.py:758} INFO - Processing file /opt/airflow/dags/repo/Airflow/dags/task_flow_api_dag.py for tasks to queue
[2023-01-14T17:42:24.324+0000] {logging_mixin.py:117} INFO - [2023-01-14T17:42:24.323+0000] {dagbag.py:525} INFO - Filling up the DagBag from /opt/airflow/dags/repo/Airflow/dags/task_flow_api_dag.py
[2023-01-14T17:42:24.328+0000] {processor.py:770} WARNING - No viable dags retrieved from /opt/airflow/dags/repo/Airflow/dags/task_flow_api_dag.py
[2023-01-14T17:42:24.375+0000] {processor.py:178} INFO - Processing /opt/airflow/dags/repo/Airflow/dags/task_flow_api_dag.py took 0.064 seconds
[2023-01-14T17:42:55.075+0000] {processor.py:156} INFO - Started process (PID=774) to work on /opt/airflow/dags/repo/Airflow/dags/task_flow_api_dag.py
[2023-01-14T17:42:55.076+0000] {processor.py:758} INFO - Processing file /opt/airflow/dags/repo/Airflow/dags/task_flow_api_dag.py for tasks to queue
[2023-01-14T17:42:55.078+0000] {logging_mixin.py:117} INFO - [2023-01-14T17:42:55.078+0000] {dagbag.py:525} INFO - Filling up the DagBag from /opt/airflow/dags/repo/Airflow/dags/task_flow_api_dag.py
[2023-01-14T17:42:55.082+0000] {processor.py:770} WARNING - No viable dags retrieved from /opt/airflow/dags/repo/Airflow/dags/task_flow_api_dag.py
[2023-01-14T17:43:00.126+0000] {processor.py:178} INFO - Processing /opt/airflow/dags/repo/Airflow/dags/task_flow_api_dag.py took 5.058 seconds
[2023-01-14T17:43:30.822+0000] {processor.py:156} INFO - Started process (PID=814) to work on /opt/airflow/dags/repo/Airflow/dags/task_flow_api_dag.py
[2023-01-14T17:43:30.824+0000] {processor.py:758} INFO - Processing file /opt/airflow/dags/repo/Airflow/dags/task_flow_api_dag.py for tasks to queue
[2023-01-14T17:43:30.829+0000] {logging_mixin.py:117} INFO - [2023-01-14T17:43:30.828+0000] {dagbag.py:525} INFO - Filling up the DagBag from /opt/airflow/dags/repo/Airflow/dags/task_flow_api_dag.py
[2023-01-14T17:43:30.834+0000] {processor.py:770} WARNING - No viable dags retrieved from /opt/airflow/dags/repo/Airflow/dags/task_flow_api_dag.py
[2023-01-14T17:43:30.888+0000] {processor.py:178} INFO - Processing /opt/airflow/dags/repo/Airflow/dags/task_flow_api_dag.py took 0.076 seconds
[2023-01-14T17:44:01.701+0000] {processor.py:156} INFO - Started process (PID=842) to work on /opt/airflow/dags/repo/Airflow/dags/task_flow_api_dag.py
[2023-01-14T17:44:01.702+0000] {processor.py:758} INFO - Processing file /opt/airflow/dags/repo/Airflow/dags/task_flow_api_dag.py for tasks to queue
[2023-01-14T17:44:01.704+0000] {logging_mixin.py:117} INFO - [2023-01-14T17:44:01.704+0000] {dagbag.py:525} INFO - Filling up the DagBag from /opt/airflow/dags/repo/Airflow/dags/task_flow_api_dag.py
[2023-01-14T17:44:01.708+0000] {processor.py:770} WARNING - No viable dags retrieved from /opt/airflow/dags/repo/Airflow/dags/task_flow_api_dag.py
[2023-01-14T17:44:01.748+0000] {processor.py:178} INFO - Processing /opt/airflow/dags/repo/Airflow/dags/task_flow_api_dag.py took 0.054 seconds
[2023-01-14T17:44:32.414+0000] {processor.py:156} INFO - Started process (PID=882) to work on /opt/airflow/dags/repo/Airflow/dags/task_flow_api_dag.py
[2023-01-14T17:44:32.416+0000] {processor.py:758} INFO - Processing file /opt/airflow/dags/repo/Airflow/dags/task_flow_api_dag.py for tasks to queue
[2023-01-14T17:44:32.419+0000] {logging_mixin.py:117} INFO - [2023-01-14T17:44:32.418+0000] {dagbag.py:525} INFO - Filling up the DagBag from /opt/airflow/dags/repo/Airflow/dags/task_flow_api_dag.py
[2023-01-14T17:44:32.422+0000] {processor.py:770} WARNING - No viable dags retrieved from /opt/airflow/dags/repo/Airflow/dags/task_flow_api_dag.py
[2023-01-14T17:44:32.464+0000] {processor.py:178} INFO - Processing /opt/airflow/dags/repo/Airflow/dags/task_flow_api_dag.py took 0.060 seconds
[2023-01-14T17:45:03.117+0000] {processor.py:156} INFO - Started process (PID=910) to work on /opt/airflow/dags/repo/Airflow/dags/task_flow_api_dag.py
[2023-01-14T17:45:03.119+0000] {processor.py:758} INFO - Processing file /opt/airflow/dags/repo/Airflow/dags/task_flow_api_dag.py for tasks to queue
[2023-01-14T17:45:03.121+0000] {logging_mixin.py:117} INFO - [2023-01-14T17:45:03.120+0000] {dagbag.py:525} INFO - Filling up the DagBag from /opt/airflow/dags/repo/Airflow/dags/task_flow_api_dag.py
[2023-01-14T17:45:03.124+0000] {processor.py:770} WARNING - No viable dags retrieved from /opt/airflow/dags/repo/Airflow/dags/task_flow_api_dag.py
[2023-01-14T17:45:03.170+0000] {processor.py:178} INFO - Processing /opt/airflow/dags/repo/Airflow/dags/task_flow_api_dag.py took 0.061 seconds
[2023-01-14T17:45:33.841+0000] {processor.py:156} INFO - Started process (PID=950) to work on /opt/airflow/dags/repo/Airflow/dags/task_flow_api_dag.py
[2023-01-14T17:45:33.843+0000] {processor.py:758} INFO - Processing file /opt/airflow/dags/repo/Airflow/dags/task_flow_api_dag.py for tasks to queue
[2023-01-14T17:45:33.844+0000] {logging_mixin.py:117} INFO - [2023-01-14T17:45:33.844+0000] {dagbag.py:525} INFO - Filling up the DagBag from /opt/airflow/dags/repo/Airflow/dags/task_flow_api_dag.py
[2023-01-14T17:45:33.848+0000] {processor.py:770} WARNING - No viable dags retrieved from /opt/airflow/dags/repo/Airflow/dags/task_flow_api_dag.py
[2023-01-14T17:45:33.886+0000] {processor.py:178} INFO - Processing /opt/airflow/dags/repo/Airflow/dags/task_flow_api_dag.py took 0.052 seconds
[2023-01-14T17:46:04.532+0000] {processor.py:156} INFO - Started process (PID=978) to work on /opt/airflow/dags/repo/Airflow/dags/task_flow_api_dag.py
[2023-01-14T17:46:04.534+0000] {processor.py:758} INFO - Processing file /opt/airflow/dags/repo/Airflow/dags/task_flow_api_dag.py for tasks to queue
[2023-01-14T17:46:04.536+0000] {logging_mixin.py:117} INFO - [2023-01-14T17:46:04.535+0000] {dagbag.py:525} INFO - Filling up the DagBag from /opt/airflow/dags/repo/Airflow/dags/task_flow_api_dag.py
[2023-01-14T17:46:04.539+0000] {processor.py:770} WARNING - No viable dags retrieved from /opt/airflow/dags/repo/Airflow/dags/task_flow_api_dag.py
[2023-01-14T17:46:04.577+0000] {processor.py:178} INFO - Processing /opt/airflow/dags/repo/Airflow/dags/task_flow_api_dag.py took 0.052 seconds
[2023-01-14T17:46:35.239+0000] {processor.py:156} INFO - Started process (PID=1015) to work on /opt/airflow/dags/repo/Airflow/dags/task_flow_api_dag.py
[2023-01-14T17:46:35.241+0000] {processor.py:758} INFO - Processing file /opt/airflow/dags/repo/Airflow/dags/task_flow_api_dag.py for tasks to queue
[2023-01-14T17:46:35.242+0000] {logging_mixin.py:117} INFO - [2023-01-14T17:46:35.242+0000] {dagbag.py:525} INFO - Filling up the DagBag from /opt/airflow/dags/repo/Airflow/dags/task_flow_api_dag.py
[2023-01-14T17:46:35.246+0000] {processor.py:770} WARNING - No viable dags retrieved from /opt/airflow/dags/repo/Airflow/dags/task_flow_api_dag.py
[2023-01-14T17:46:35.283+0000] {processor.py:178} INFO - Processing /opt/airflow/dags/repo/Airflow/dags/task_flow_api_dag.py took 0.051 seconds
[2023-01-14T17:47:06.021+0000] {processor.py:156} INFO - Started process (PID=1051) to work on /opt/airflow/dags/repo/Airflow/dags/task_flow_api_dag.py
[2023-01-14T17:47:06.024+0000] {processor.py:758} INFO - Processing file /opt/airflow/dags/repo/Airflow/dags/task_flow_api_dag.py for tasks to queue
[2023-01-14T17:47:06.026+0000] {logging_mixin.py:117} INFO - [2023-01-14T17:47:06.026+0000] {dagbag.py:525} INFO - Filling up the DagBag from /opt/airflow/dags/repo/Airflow/dags/task_flow_api_dag.py
[2023-01-14T17:47:06.030+0000] {processor.py:770} WARNING - No viable dags retrieved from /opt/airflow/dags/repo/Airflow/dags/task_flow_api_dag.py
[2023-01-14T17:47:06.083+0000] {processor.py:178} INFO - Processing /opt/airflow/dags/repo/Airflow/dags/task_flow_api_dag.py took 0.073 seconds
[2023-01-14T17:47:36.824+0000] {processor.py:156} INFO - Started process (PID=1079) to work on /opt/airflow/dags/repo/Airflow/dags/task_flow_api_dag.py
[2023-01-14T17:47:36.826+0000] {processor.py:758} INFO - Processing file /opt/airflow/dags/repo/Airflow/dags/task_flow_api_dag.py for tasks to queue
[2023-01-14T17:47:36.828+0000] {logging_mixin.py:117} INFO - [2023-01-14T17:47:36.828+0000] {dagbag.py:525} INFO - Filling up the DagBag from /opt/airflow/dags/repo/Airflow/dags/task_flow_api_dag.py
[2023-01-14T17:47:36.832+0000] {processor.py:770} WARNING - No viable dags retrieved from /opt/airflow/dags/repo/Airflow/dags/task_flow_api_dag.py
[2023-01-14T17:47:36.884+0000] {processor.py:178} INFO - Processing /opt/airflow/dags/repo/Airflow/dags/task_flow_api_dag.py took 0.070 seconds
[2023-01-14T17:48:07.717+0000] {processor.py:156} INFO - Started process (PID=1119) to work on /opt/airflow/dags/repo/Airflow/dags/task_flow_api_dag.py
[2023-01-14T17:48:07.720+0000] {processor.py:758} INFO - Processing file /opt/airflow/dags/repo/Airflow/dags/task_flow_api_dag.py for tasks to queue
[2023-01-14T17:48:07.722+0000] {logging_mixin.py:117} INFO - [2023-01-14T17:48:07.721+0000] {dagbag.py:525} INFO - Filling up the DagBag from /opt/airflow/dags/repo/Airflow/dags/task_flow_api_dag.py
[2023-01-14T17:48:07.725+0000] {processor.py:770} WARNING - No viable dags retrieved from /opt/airflow/dags/repo/Airflow/dags/task_flow_api_dag.py
[2023-01-14T17:48:07.773+0000] {processor.py:178} INFO - Processing /opt/airflow/dags/repo/Airflow/dags/task_flow_api_dag.py took 0.064 seconds
[2023-01-14T17:48:38.529+0000] {processor.py:156} INFO - Started process (PID=1147) to work on /opt/airflow/dags/repo/Airflow/dags/task_flow_api_dag.py
[2023-01-14T17:48:38.531+0000] {processor.py:758} INFO - Processing file /opt/airflow/dags/repo/Airflow/dags/task_flow_api_dag.py for tasks to queue
[2023-01-14T17:48:38.533+0000] {logging_mixin.py:117} INFO - [2023-01-14T17:48:38.533+0000] {dagbag.py:525} INFO - Filling up the DagBag from /opt/airflow/dags/repo/Airflow/dags/task_flow_api_dag.py
[2023-01-14T17:48:38.538+0000] {processor.py:770} WARNING - No viable dags retrieved from /opt/airflow/dags/repo/Airflow/dags/task_flow_api_dag.py
[2023-01-14T17:48:43.588+0000] {processor.py:178} INFO - Processing /opt/airflow/dags/repo/Airflow/dags/task_flow_api_dag.py took 5.068 seconds
[2023-01-14T17:49:14.399+0000] {processor.py:156} INFO - Started process (PID=1187) to work on /opt/airflow/dags/repo/Airflow/dags/task_flow_api_dag.py
[2023-01-14T17:49:14.402+0000] {processor.py:758} INFO - Processing file /opt/airflow/dags/repo/Airflow/dags/task_flow_api_dag.py for tasks to queue
[2023-01-14T17:49:14.405+0000] {logging_mixin.py:117} INFO - [2023-01-14T17:49:14.405+0000] {dagbag.py:525} INFO - Filling up the DagBag from /opt/airflow/dags/repo/Airflow/dags/task_flow_api_dag.py
[2023-01-14T17:49:14.410+0000] {processor.py:770} WARNING - No viable dags retrieved from /opt/airflow/dags/repo/Airflow/dags/task_flow_api_dag.py
[2023-01-14T17:49:14.456+0000] {processor.py:178} INFO - Processing /opt/airflow/dags/repo/Airflow/dags/task_flow_api_dag.py took 0.069 seconds
[2023-01-14T17:49:45.212+0000] {processor.py:156} INFO - Started process (PID=1215) to work on /opt/airflow/dags/repo/Airflow/dags/task_flow_api_dag.py
[2023-01-14T17:49:45.215+0000] {processor.py:758} INFO - Processing file /opt/airflow/dags/repo/Airflow/dags/task_flow_api_dag.py for tasks to queue
[2023-01-14T17:49:45.217+0000] {logging_mixin.py:117} INFO - [2023-01-14T17:49:45.217+0000] {dagbag.py:525} INFO - Filling up the DagBag from /opt/airflow/dags/repo/Airflow/dags/task_flow_api_dag.py
[2023-01-14T17:49:45.222+0000] {processor.py:770} WARNING - No viable dags retrieved from /opt/airflow/dags/repo/Airflow/dags/task_flow_api_dag.py
[2023-01-14T17:49:45.280+0000] {processor.py:178} INFO - Processing /opt/airflow/dags/repo/Airflow/dags/task_flow_api_dag.py took 0.079 seconds
[2023-01-14T17:50:16.137+0000] {processor.py:156} INFO - Started process (PID=1255) to work on /opt/airflow/dags/repo/Airflow/dags/task_flow_api_dag.py
[2023-01-14T17:50:16.141+0000] {processor.py:758} INFO - Processing file /opt/airflow/dags/repo/Airflow/dags/task_flow_api_dag.py for tasks to queue
[2023-01-14T17:50:16.144+0000] {logging_mixin.py:117} INFO - [2023-01-14T17:50:16.143+0000] {dagbag.py:525} INFO - Filling up the DagBag from /opt/airflow/dags/repo/Airflow/dags/task_flow_api_dag.py
[2023-01-14T17:50:16.149+0000] {processor.py:770} WARNING - No viable dags retrieved from /opt/airflow/dags/repo/Airflow/dags/task_flow_api_dag.py
[2023-01-14T17:50:16.201+0000] {processor.py:178} INFO - Processing /opt/airflow/dags/repo/Airflow/dags/task_flow_api_dag.py took 0.073 seconds
[2023-01-14T17:50:47.020+0000] {processor.py:156} INFO - Started process (PID=1283) to work on /opt/airflow/dags/repo/Airflow/dags/task_flow_api_dag.py
[2023-01-14T17:50:47.022+0000] {processor.py:758} INFO - Processing file /opt/airflow/dags/repo/Airflow/dags/task_flow_api_dag.py for tasks to queue
[2023-01-14T17:50:47.025+0000] {logging_mixin.py:117} INFO - [2023-01-14T17:50:47.025+0000] {dagbag.py:525} INFO - Filling up the DagBag from /opt/airflow/dags/repo/Airflow/dags/task_flow_api_dag.py
[2023-01-14T17:50:47.030+0000] {processor.py:770} WARNING - No viable dags retrieved from /opt/airflow/dags/repo/Airflow/dags/task_flow_api_dag.py
[2023-01-14T17:50:47.077+0000] {processor.py:178} INFO - Processing /opt/airflow/dags/repo/Airflow/dags/task_flow_api_dag.py took 0.067 seconds
[2023-01-14T17:51:17.826+0000] {processor.py:156} INFO - Started process (PID=1323) to work on /opt/airflow/dags/repo/Airflow/dags/task_flow_api_dag.py
[2023-01-14T17:51:17.828+0000] {processor.py:758} INFO - Processing file /opt/airflow/dags/repo/Airflow/dags/task_flow_api_dag.py for tasks to queue
[2023-01-14T17:51:17.831+0000] {logging_mixin.py:117} INFO - [2023-01-14T17:51:17.830+0000] {dagbag.py:525} INFO - Filling up the DagBag from /opt/airflow/dags/repo/Airflow/dags/task_flow_api_dag.py
[2023-01-14T17:51:17.835+0000] {processor.py:770} WARNING - No viable dags retrieved from /opt/airflow/dags/repo/Airflow/dags/task_flow_api_dag.py
[2023-01-14T17:51:17.878+0000] {processor.py:178} INFO - Processing /opt/airflow/dags/repo/Airflow/dags/task_flow_api_dag.py took 0.063 seconds
[2023-01-14T17:51:48.601+0000] {processor.py:156} INFO - Started process (PID=1351) to work on /opt/airflow/dags/repo/Airflow/dags/task_flow_api_dag.py
[2023-01-14T17:51:48.603+0000] {processor.py:758} INFO - Processing file /opt/airflow/dags/repo/Airflow/dags/task_flow_api_dag.py for tasks to queue
[2023-01-14T17:51:48.605+0000] {logging_mixin.py:117} INFO - [2023-01-14T17:51:48.605+0000] {dagbag.py:525} INFO - Filling up the DagBag from /opt/airflow/dags/repo/Airflow/dags/task_flow_api_dag.py
[2023-01-14T17:51:48.608+0000] {processor.py:770} WARNING - No viable dags retrieved from /opt/airflow/dags/repo/Airflow/dags/task_flow_api_dag.py
[2023-01-14T17:51:48.650+0000] {processor.py:178} INFO - Processing /opt/airflow/dags/repo/Airflow/dags/task_flow_api_dag.py took 0.058 seconds
[2023-01-14T17:52:19.297+0000] {processor.py:156} INFO - Started process (PID=1388) to work on /opt/airflow/dags/repo/Airflow/dags/task_flow_api_dag.py
[2023-01-14T17:52:19.298+0000] {processor.py:758} INFO - Processing file /opt/airflow/dags/repo/Airflow/dags/task_flow_api_dag.py for tasks to queue
[2023-01-14T17:52:19.300+0000] {logging_mixin.py:117} INFO - [2023-01-14T17:52:19.300+0000] {dagbag.py:525} INFO - Filling up the DagBag from /opt/airflow/dags/repo/Airflow/dags/task_flow_api_dag.py
[2023-01-14T17:52:19.303+0000] {processor.py:770} WARNING - No viable dags retrieved from /opt/airflow/dags/repo/Airflow/dags/task_flow_api_dag.py
[2023-01-14T17:52:19.345+0000] {processor.py:178} INFO - Processing /opt/airflow/dags/repo/Airflow/dags/task_flow_api_dag.py took 0.057 seconds
[2023-01-14T17:52:50.044+0000] {processor.py:156} INFO - Started process (PID=1412) to work on /opt/airflow/dags/repo/Airflow/dags/task_flow_api_dag.py
[2023-01-14T17:52:50.046+0000] {processor.py:758} INFO - Processing file /opt/airflow/dags/repo/Airflow/dags/task_flow_api_dag.py for tasks to queue
[2023-01-14T17:52:50.048+0000] {logging_mixin.py:117} INFO - [2023-01-14T17:52:50.048+0000] {dagbag.py:525} INFO - Filling up the DagBag from /opt/airflow/dags/repo/Airflow/dags/task_flow_api_dag.py
[2023-01-14T17:52:50.052+0000] {processor.py:770} WARNING - No viable dags retrieved from /opt/airflow/dags/repo/Airflow/dags/task_flow_api_dag.py
[2023-01-14T17:52:50.094+0000] {processor.py:178} INFO - Processing /opt/airflow/dags/repo/Airflow/dags/task_flow_api_dag.py took 0.058 seconds
[2023-01-14T17:53:20.804+0000] {processor.py:156} INFO - Started process (PID=1452) to work on /opt/airflow/dags/repo/Airflow/dags/task_flow_api_dag.py
[2023-01-14T17:53:20.806+0000] {processor.py:758} INFO - Processing file /opt/airflow/dags/repo/Airflow/dags/task_flow_api_dag.py for tasks to queue
[2023-01-14T17:53:20.807+0000] {logging_mixin.py:117} INFO - [2023-01-14T17:53:20.807+0000] {dagbag.py:525} INFO - Filling up the DagBag from /opt/airflow/dags/repo/Airflow/dags/task_flow_api_dag.py
[2023-01-14T17:53:20.811+0000] {processor.py:770} WARNING - No viable dags retrieved from /opt/airflow/dags/repo/Airflow/dags/task_flow_api_dag.py
[2023-01-14T17:53:20.852+0000] {processor.py:178} INFO - Processing /opt/airflow/dags/repo/Airflow/dags/task_flow_api_dag.py took 0.060 seconds
[2023-01-14T17:53:51.585+0000] {processor.py:156} INFO - Started process (PID=1480) to work on /opt/airflow/dags/repo/Airflow/dags/task_flow_api_dag.py
[2023-01-14T17:53:51.587+0000] {processor.py:758} INFO - Processing file /opt/airflow/dags/repo/Airflow/dags/task_flow_api_dag.py for tasks to queue
[2023-01-14T17:53:51.589+0000] {logging_mixin.py:117} INFO - [2023-01-14T17:53:51.589+0000] {dagbag.py:525} INFO - Filling up the DagBag from /opt/airflow/dags/repo/Airflow/dags/task_flow_api_dag.py
[2023-01-14T17:53:51.593+0000] {processor.py:770} WARNING - No viable dags retrieved from /opt/airflow/dags/repo/Airflow/dags/task_flow_api_dag.py
[2023-01-14T17:53:56.638+0000] {processor.py:178} INFO - Processing /opt/airflow/dags/repo/Airflow/dags/task_flow_api_dag.py took 5.063 seconds
[2023-01-14T17:54:26.750+0000] {processor.py:156} INFO - Started process (PID=1527) to work on /opt/airflow/dags/repo/Airflow/dags/task_flow_api_dag.py
[2023-01-14T17:54:26.752+0000] {processor.py:758} INFO - Processing file /opt/airflow/dags/repo/Airflow/dags/task_flow_api_dag.py for tasks to queue
[2023-01-14T17:54:26.754+0000] {logging_mixin.py:117} INFO - [2023-01-14T17:54:26.754+0000] {dagbag.py:525} INFO - Filling up the DagBag from /opt/airflow/dags/repo/Airflow/dags/task_flow_api_dag.py
[2023-01-14T17:54:26.758+0000] {processor.py:770} WARNING - No viable dags retrieved from /opt/airflow/dags/repo/Airflow/dags/task_flow_api_dag.py
[2023-01-14T17:54:26.801+0000] {processor.py:178} INFO - Processing /opt/airflow/dags/repo/Airflow/dags/task_flow_api_dag.py took 0.059 seconds
[2023-01-14T17:54:56.884+0000] {processor.py:156} INFO - Started process (PID=1555) to work on /opt/airflow/dags/repo/Airflow/dags/task_flow_api_dag.py
[2023-01-14T17:54:56.886+0000] {processor.py:758} INFO - Processing file /opt/airflow/dags/repo/Airflow/dags/task_flow_api_dag.py for tasks to queue
[2023-01-14T17:54:56.888+0000] {logging_mixin.py:117} INFO - [2023-01-14T17:54:56.888+0000] {dagbag.py:525} INFO - Filling up the DagBag from /opt/airflow/dags/repo/Airflow/dags/task_flow_api_dag.py
[2023-01-14T17:54:56.891+0000] {processor.py:770} WARNING - No viable dags retrieved from /opt/airflow/dags/repo/Airflow/dags/task_flow_api_dag.py
[2023-01-14T17:54:56.933+0000] {processor.py:178} INFO - Processing /opt/airflow/dags/repo/Airflow/dags/task_flow_api_dag.py took 0.059 seconds
[2023-01-14T17:55:27.711+0000] {processor.py:156} INFO - Started process (PID=1595) to work on /opt/airflow/dags/repo/Airflow/dags/task_flow_api_dag.py
[2023-01-14T17:55:27.714+0000] {processor.py:758} INFO - Processing file /opt/airflow/dags/repo/Airflow/dags/task_flow_api_dag.py for tasks to queue
[2023-01-14T17:55:27.716+0000] {logging_mixin.py:117} INFO - [2023-01-14T17:55:27.715+0000] {dagbag.py:525} INFO - Filling up the DagBag from /opt/airflow/dags/repo/Airflow/dags/task_flow_api_dag.py
[2023-01-14T17:55:27.719+0000] {processor.py:770} WARNING - No viable dags retrieved from /opt/airflow/dags/repo/Airflow/dags/task_flow_api_dag.py
[2023-01-14T17:55:27.762+0000] {processor.py:178} INFO - Processing /opt/airflow/dags/repo/Airflow/dags/task_flow_api_dag.py took 0.063 seconds
[2023-01-14T17:55:58.606+0000] {processor.py:156} INFO - Started process (PID=1623) to work on /opt/airflow/dags/repo/Airflow/dags/task_flow_api_dag.py
[2023-01-14T17:55:58.609+0000] {processor.py:758} INFO - Processing file /opt/airflow/dags/repo/Airflow/dags/task_flow_api_dag.py for tasks to queue
[2023-01-14T17:55:58.611+0000] {logging_mixin.py:117} INFO - [2023-01-14T17:55:58.610+0000] {dagbag.py:525} INFO - Filling up the DagBag from /opt/airflow/dags/repo/Airflow/dags/task_flow_api_dag.py
[2023-01-14T17:55:58.614+0000] {processor.py:770} WARNING - No viable dags retrieved from /opt/airflow/dags/repo/Airflow/dags/task_flow_api_dag.py
[2023-01-14T17:55:58.658+0000] {processor.py:178} INFO - Processing /opt/airflow/dags/repo/Airflow/dags/task_flow_api_dag.py took 0.061 seconds
[2023-01-14T17:56:29.334+0000] {processor.py:156} INFO - Started process (PID=1660) to work on /opt/airflow/dags/repo/Airflow/dags/task_flow_api_dag.py
[2023-01-14T17:56:29.337+0000] {processor.py:758} INFO - Processing file /opt/airflow/dags/repo/Airflow/dags/task_flow_api_dag.py for tasks to queue
[2023-01-14T17:56:29.340+0000] {logging_mixin.py:117} INFO - [2023-01-14T17:56:29.339+0000] {dagbag.py:525} INFO - Filling up the DagBag from /opt/airflow/dags/repo/Airflow/dags/task_flow_api_dag.py
[2023-01-14T17:56:29.344+0000] {processor.py:770} WARNING - No viable dags retrieved from /opt/airflow/dags/repo/Airflow/dags/task_flow_api_dag.py
[2023-01-14T17:56:29.390+0000] {processor.py:178} INFO - Processing /opt/airflow/dags/repo/Airflow/dags/task_flow_api_dag.py took 0.065 seconds
[2023-01-14T17:57:00.123+0000] {processor.py:156} INFO - Started process (PID=1684) to work on /opt/airflow/dags/repo/Airflow/dags/task_flow_api_dag.py
[2023-01-14T17:57:00.125+0000] {processor.py:758} INFO - Processing file /opt/airflow/dags/repo/Airflow/dags/task_flow_api_dag.py for tasks to queue
[2023-01-14T17:57:00.127+0000] {logging_mixin.py:117} INFO - [2023-01-14T17:57:00.127+0000] {dagbag.py:525} INFO - Filling up the DagBag from /opt/airflow/dags/repo/Airflow/dags/task_flow_api_dag.py
[2023-01-14T17:57:00.131+0000] {processor.py:770} WARNING - No viable dags retrieved from /opt/airflow/dags/repo/Airflow/dags/task_flow_api_dag.py
[2023-01-14T17:57:00.177+0000] {processor.py:178} INFO - Processing /opt/airflow/dags/repo/Airflow/dags/task_flow_api_dag.py took 0.063 seconds
[2023-01-14T17:57:30.951+0000] {processor.py:156} INFO - Started process (PID=1724) to work on /opt/airflow/dags/repo/Airflow/dags/task_flow_api_dag.py
[2023-01-14T17:57:30.953+0000] {processor.py:758} INFO - Processing file /opt/airflow/dags/repo/Airflow/dags/task_flow_api_dag.py for tasks to queue
[2023-01-14T17:57:30.955+0000] {logging_mixin.py:117} INFO - [2023-01-14T17:57:30.954+0000] {dagbag.py:525} INFO - Filling up the DagBag from /opt/airflow/dags/repo/Airflow/dags/task_flow_api_dag.py
[2023-01-14T17:57:30.958+0000] {processor.py:770} WARNING - No viable dags retrieved from /opt/airflow/dags/repo/Airflow/dags/task_flow_api_dag.py
[2023-01-14T17:57:31.004+0000] {processor.py:178} INFO - Processing /opt/airflow/dags/repo/Airflow/dags/task_flow_api_dag.py took 0.061 seconds
[2023-01-14T17:58:01.788+0000] {processor.py:156} INFO - Started process (PID=1752) to work on /opt/airflow/dags/repo/Airflow/dags/task_flow_api_dag.py
[2023-01-14T17:58:01.790+0000] {processor.py:758} INFO - Processing file /opt/airflow/dags/repo/Airflow/dags/task_flow_api_dag.py for tasks to queue
[2023-01-14T17:58:01.792+0000] {logging_mixin.py:117} INFO - [2023-01-14T17:58:01.791+0000] {dagbag.py:525} INFO - Filling up the DagBag from /opt/airflow/dags/repo/Airflow/dags/task_flow_api_dag.py
[2023-01-14T17:58:01.795+0000] {processor.py:770} WARNING - No viable dags retrieved from /opt/airflow/dags/repo/Airflow/dags/task_flow_api_dag.py
[2023-01-14T17:58:01.847+0000] {processor.py:178} INFO - Processing /opt/airflow/dags/repo/Airflow/dags/task_flow_api_dag.py took 0.068 seconds
[2023-01-14T17:58:32.494+0000] {processor.py:156} INFO - Started process (PID=1792) to work on /opt/airflow/dags/repo/Airflow/dags/task_flow_api_dag.py
[2023-01-14T17:58:32.498+0000] {processor.py:758} INFO - Processing file /opt/airflow/dags/repo/Airflow/dags/task_flow_api_dag.py for tasks to queue
[2023-01-14T17:58:32.500+0000] {logging_mixin.py:117} INFO - [2023-01-14T17:58:32.500+0000] {dagbag.py:525} INFO - Filling up the DagBag from /opt/airflow/dags/repo/Airflow/dags/task_flow_api_dag.py
[2023-01-14T17:58:32.505+0000] {processor.py:770} WARNING - No viable dags retrieved from /opt/airflow/dags/repo/Airflow/dags/task_flow_api_dag.py
[2023-01-14T17:58:37.557+0000] {processor.py:178} INFO - Processing /opt/airflow/dags/repo/Airflow/dags/task_flow_api_dag.py took 5.071 seconds
[2023-01-14T17:59:07.767+0000] {processor.py:156} INFO - Started process (PID=1839) to work on /opt/airflow/dags/repo/Airflow/dags/task_flow_api_dag.py
[2023-01-14T17:59:07.769+0000] {processor.py:758} INFO - Processing file /opt/airflow/dags/repo/Airflow/dags/task_flow_api_dag.py for tasks to queue
[2023-01-14T17:59:07.771+0000] {logging_mixin.py:117} INFO - [2023-01-14T17:59:07.771+0000] {dagbag.py:525} INFO - Filling up the DagBag from /opt/airflow/dags/repo/Airflow/dags/task_flow_api_dag.py
[2023-01-14T17:59:07.774+0000] {processor.py:770} WARNING - No viable dags retrieved from /opt/airflow/dags/repo/Airflow/dags/task_flow_api_dag.py
[2023-01-14T17:59:07.819+0000] {processor.py:178} INFO - Processing /opt/airflow/dags/repo/Airflow/dags/task_flow_api_dag.py took 0.062 seconds
[2023-01-14T17:59:38.522+0000] {processor.py:156} INFO - Started process (PID=1867) to work on /opt/airflow/dags/repo/Airflow/dags/task_flow_api_dag.py
[2023-01-14T17:59:38.525+0000] {processor.py:758} INFO - Processing file /opt/airflow/dags/repo/Airflow/dags/task_flow_api_dag.py for tasks to queue
[2023-01-14T17:59:38.527+0000] {logging_mixin.py:117} INFO - [2023-01-14T17:59:38.526+0000] {dagbag.py:525} INFO - Filling up the DagBag from /opt/airflow/dags/repo/Airflow/dags/task_flow_api_dag.py
[2023-01-14T17:59:38.530+0000] {processor.py:770} WARNING - No viable dags retrieved from /opt/airflow/dags/repo/Airflow/dags/task_flow_api_dag.py
[2023-01-14T17:59:43.583+0000] {processor.py:178} INFO - Processing /opt/airflow/dags/repo/Airflow/dags/task_flow_api_dag.py took 5.069 seconds
[2023-01-14T18:00:14.315+0000] {processor.py:156} INFO - Started process (PID=1907) to work on /opt/airflow/dags/repo/Airflow/dags/task_flow_api_dag.py
[2023-01-14T18:00:14.318+0000] {processor.py:758} INFO - Processing file /opt/airflow/dags/repo/Airflow/dags/task_flow_api_dag.py for tasks to queue
[2023-01-14T18:00:14.319+0000] {logging_mixin.py:117} INFO - [2023-01-14T18:00:14.319+0000] {dagbag.py:525} INFO - Filling up the DagBag from /opt/airflow/dags/repo/Airflow/dags/task_flow_api_dag.py
[2023-01-14T18:00:14.323+0000] {processor.py:770} WARNING - No viable dags retrieved from /opt/airflow/dags/repo/Airflow/dags/task_flow_api_dag.py
[2023-01-14T18:00:14.366+0000] {processor.py:178} INFO - Processing /opt/airflow/dags/repo/Airflow/dags/task_flow_api_dag.py took 0.061 seconds
[2023-01-14T18:00:44.466+0000] {processor.py:156} INFO - Started process (PID=1935) to work on /opt/airflow/dags/repo/Airflow/dags/task_flow_api_dag.py
[2023-01-14T18:00:44.469+0000] {processor.py:758} INFO - Processing file /opt/airflow/dags/repo/Airflow/dags/task_flow_api_dag.py for tasks to queue
[2023-01-14T18:00:44.471+0000] {logging_mixin.py:117} INFO - [2023-01-14T18:00:44.471+0000] {dagbag.py:525} INFO - Filling up the DagBag from /opt/airflow/dags/repo/Airflow/dags/task_flow_api_dag.py
[2023-01-14T18:00:44.475+0000] {processor.py:770} WARNING - No viable dags retrieved from /opt/airflow/dags/repo/Airflow/dags/task_flow_api_dag.py
[2023-01-14T18:00:44.523+0000] {processor.py:178} INFO - Processing /opt/airflow/dags/repo/Airflow/dags/task_flow_api_dag.py took 0.066 seconds
[2023-01-14T18:01:15.153+0000] {processor.py:156} INFO - Started process (PID=1975) to work on /opt/airflow/dags/repo/Airflow/dags/task_flow_api_dag.py
[2023-01-14T18:01:15.156+0000] {processor.py:758} INFO - Processing file /opt/airflow/dags/repo/Airflow/dags/task_flow_api_dag.py for tasks to queue
[2023-01-14T18:01:15.158+0000] {logging_mixin.py:117} INFO - [2023-01-14T18:01:15.158+0000] {dagbag.py:525} INFO - Filling up the DagBag from /opt/airflow/dags/repo/Airflow/dags/task_flow_api_dag.py
[2023-01-14T18:01:15.162+0000] {processor.py:770} WARNING - No viable dags retrieved from /opt/airflow/dags/repo/Airflow/dags/task_flow_api_dag.py
[2023-01-14T18:01:20.209+0000] {processor.py:178} INFO - Processing /opt/airflow/dags/repo/Airflow/dags/task_flow_api_dag.py took 5.067 seconds
[2023-01-14T18:01:50.814+0000] {processor.py:156} INFO - Started process (PID=2003) to work on /opt/airflow/dags/repo/Airflow/dags/task_flow_api_dag.py
[2023-01-14T18:01:50.816+0000] {processor.py:758} INFO - Processing file /opt/airflow/dags/repo/Airflow/dags/task_flow_api_dag.py for tasks to queue
[2023-01-14T18:01:50.819+0000] {logging_mixin.py:117} INFO - [2023-01-14T18:01:50.818+0000] {dagbag.py:525} INFO - Filling up the DagBag from /opt/airflow/dags/repo/Airflow/dags/task_flow_api_dag.py
[2023-01-14T18:01:50.822+0000] {processor.py:770} WARNING - No viable dags retrieved from /opt/airflow/dags/repo/Airflow/dags/task_flow_api_dag.py
[2023-01-14T18:01:55.873+0000] {processor.py:178} INFO - Processing /opt/airflow/dags/repo/Airflow/dags/task_flow_api_dag.py took 5.067 seconds
[2023-01-14T18:02:26.260+0000] {processor.py:156} INFO - Started process (PID=2043) to work on /opt/airflow/dags/repo/Airflow/dags/task_flow_api_dag.py
[2023-01-14T18:02:26.262+0000] {processor.py:758} INFO - Processing file /opt/airflow/dags/repo/Airflow/dags/task_flow_api_dag.py for tasks to queue
[2023-01-14T18:02:26.264+0000] {logging_mixin.py:117} INFO - [2023-01-14T18:02:26.263+0000] {dagbag.py:525} INFO - Filling up the DagBag from /opt/airflow/dags/repo/Airflow/dags/task_flow_api_dag.py
[2023-01-14T18:02:26.268+0000] {processor.py:770} WARNING - No viable dags retrieved from /opt/airflow/dags/repo/Airflow/dags/task_flow_api_dag.py
[2023-01-14T18:02:26.310+0000] {processor.py:178} INFO - Processing /opt/airflow/dags/repo/Airflow/dags/task_flow_api_dag.py took 0.058 seconds
[2023-01-14T18:02:56.510+0000] {processor.py:156} INFO - Started process (PID=2071) to work on /opt/airflow/dags/repo/Airflow/dags/task_flow_api_dag.py
[2023-01-14T18:02:56.512+0000] {processor.py:758} INFO - Processing file /opt/airflow/dags/repo/Airflow/dags/task_flow_api_dag.py for tasks to queue
[2023-01-14T18:02:56.514+0000] {logging_mixin.py:117} INFO - [2023-01-14T18:02:56.514+0000] {dagbag.py:525} INFO - Filling up the DagBag from /opt/airflow/dags/repo/Airflow/dags/task_flow_api_dag.py
[2023-01-14T18:02:56.517+0000] {processor.py:770} WARNING - No viable dags retrieved from /opt/airflow/dags/repo/Airflow/dags/task_flow_api_dag.py
[2023-01-14T18:02:56.559+0000] {processor.py:178} INFO - Processing /opt/airflow/dags/repo/Airflow/dags/task_flow_api_dag.py took 0.056 seconds
[2023-01-14T18:03:26.650+0000] {processor.py:156} INFO - Started process (PID=2111) to work on /opt/airflow/dags/repo/Airflow/dags/task_flow_api_dag.py
[2023-01-14T18:03:26.652+0000] {processor.py:758} INFO - Processing file /opt/airflow/dags/repo/Airflow/dags/task_flow_api_dag.py for tasks to queue
[2023-01-14T18:03:26.657+0000] {logging_mixin.py:117} INFO - [2023-01-14T18:03:26.657+0000] {dagbag.py:525} INFO - Filling up the DagBag from /opt/airflow/dags/repo/Airflow/dags/task_flow_api_dag.py
[2023-01-14T18:03:26.661+0000] {processor.py:770} WARNING - No viable dags retrieved from /opt/airflow/dags/repo/Airflow/dags/task_flow_api_dag.py
[2023-01-14T18:03:26.715+0000] {processor.py:178} INFO - Processing /opt/airflow/dags/repo/Airflow/dags/task_flow_api_dag.py took 0.078 seconds
[2023-01-14T18:03:57.490+0000] {processor.py:156} INFO - Started process (PID=2139) to work on /opt/airflow/dags/repo/Airflow/dags/task_flow_api_dag.py
[2023-01-14T18:03:57.492+0000] {processor.py:758} INFO - Processing file /opt/airflow/dags/repo/Airflow/dags/task_flow_api_dag.py for tasks to queue
[2023-01-14T18:03:57.494+0000] {logging_mixin.py:117} INFO - [2023-01-14T18:03:57.493+0000] {dagbag.py:525} INFO - Filling up the DagBag from /opt/airflow/dags/repo/Airflow/dags/task_flow_api_dag.py
[2023-01-14T18:03:57.498+0000] {processor.py:770} WARNING - No viable dags retrieved from /opt/airflow/dags/repo/Airflow/dags/task_flow_api_dag.py
[2023-01-14T18:03:57.542+0000] {processor.py:178} INFO - Processing /opt/airflow/dags/repo/Airflow/dags/task_flow_api_dag.py took 0.061 seconds
[2023-01-14T18:04:28.254+0000] {processor.py:156} INFO - Started process (PID=2179) to work on /opt/airflow/dags/repo/Airflow/dags/task_flow_api_dag.py
[2023-01-14T18:04:28.257+0000] {processor.py:758} INFO - Processing file /opt/airflow/dags/repo/Airflow/dags/task_flow_api_dag.py for tasks to queue
[2023-01-14T18:04:28.259+0000] {logging_mixin.py:117} INFO - [2023-01-14T18:04:28.258+0000] {dagbag.py:525} INFO - Filling up the DagBag from /opt/airflow/dags/repo/Airflow/dags/task_flow_api_dag.py
[2023-01-14T18:04:28.264+0000] {processor.py:770} WARNING - No viable dags retrieved from /opt/airflow/dags/repo/Airflow/dags/task_flow_api_dag.py
[2023-01-14T18:04:28.309+0000] {processor.py:178} INFO - Processing /opt/airflow/dags/repo/Airflow/dags/task_flow_api_dag.py took 0.064 seconds
[2023-01-14T18:04:58.980+0000] {processor.py:156} INFO - Started process (PID=2207) to work on /opt/airflow/dags/repo/Airflow/dags/task_flow_api_dag.py
[2023-01-14T18:04:58.982+0000] {processor.py:758} INFO - Processing file /opt/airflow/dags/repo/Airflow/dags/task_flow_api_dag.py for tasks to queue
[2023-01-14T18:04:58.984+0000] {logging_mixin.py:117} INFO - [2023-01-14T18:04:58.984+0000] {dagbag.py:525} INFO - Filling up the DagBag from /opt/airflow/dags/repo/Airflow/dags/task_flow_api_dag.py
[2023-01-14T18:04:58.989+0000] {processor.py:770} WARNING - No viable dags retrieved from /opt/airflow/dags/repo/Airflow/dags/task_flow_api_dag.py
[2023-01-14T18:04:59.033+0000] {processor.py:178} INFO - Processing /opt/airflow/dags/repo/Airflow/dags/task_flow_api_dag.py took 0.061 seconds
[2023-01-14T18:05:29.760+0000] {processor.py:156} INFO - Started process (PID=2247) to work on /opt/airflow/dags/repo/Airflow/dags/task_flow_api_dag.py
[2023-01-14T18:05:29.762+0000] {processor.py:758} INFO - Processing file /opt/airflow/dags/repo/Airflow/dags/task_flow_api_dag.py for tasks to queue
[2023-01-14T18:05:29.765+0000] {logging_mixin.py:117} INFO - [2023-01-14T18:05:29.764+0000] {dagbag.py:525} INFO - Filling up the DagBag from /opt/airflow/dags/repo/Airflow/dags/task_flow_api_dag.py
[2023-01-14T18:05:29.770+0000] {processor.py:770} WARNING - No viable dags retrieved from /opt/airflow/dags/repo/Airflow/dags/task_flow_api_dag.py
[2023-01-14T18:05:29.809+0000] {processor.py:178} INFO - Processing /opt/airflow/dags/repo/Airflow/dags/task_flow_api_dag.py took 0.060 seconds
[2023-01-14T18:06:00.540+0000] {processor.py:156} INFO - Started process (PID=2275) to work on /opt/airflow/dags/repo/Airflow/dags/task_flow_api_dag.py
[2023-01-14T18:06:00.542+0000] {processor.py:758} INFO - Processing file /opt/airflow/dags/repo/Airflow/dags/task_flow_api_dag.py for tasks to queue
[2023-01-14T18:06:00.545+0000] {logging_mixin.py:117} INFO - [2023-01-14T18:06:00.544+0000] {dagbag.py:525} INFO - Filling up the DagBag from /opt/airflow/dags/repo/Airflow/dags/task_flow_api_dag.py
[2023-01-14T18:06:00.549+0000] {processor.py:770} WARNING - No viable dags retrieved from /opt/airflow/dags/repo/Airflow/dags/task_flow_api_dag.py
[2023-01-14T18:06:00.595+0000] {processor.py:178} INFO - Processing /opt/airflow/dags/repo/Airflow/dags/task_flow_api_dag.py took 0.063 seconds
[2023-01-14T18:06:30.817+0000] {processor.py:156} INFO - Started process (PID=2315) to work on /opt/airflow/dags/repo/Airflow/dags/task_flow_api_dag.py
[2023-01-14T18:06:30.820+0000] {processor.py:758} INFO - Processing file /opt/airflow/dags/repo/Airflow/dags/task_flow_api_dag.py for tasks to queue
[2023-01-14T18:06:30.823+0000] {logging_mixin.py:117} INFO - [2023-01-14T18:06:30.822+0000] {dagbag.py:525} INFO - Filling up the DagBag from /opt/airflow/dags/repo/Airflow/dags/task_flow_api_dag.py
[2023-01-14T18:06:30.827+0000] {processor.py:770} WARNING - No viable dags retrieved from /opt/airflow/dags/repo/Airflow/dags/task_flow_api_dag.py
[2023-01-14T18:06:30.879+0000] {processor.py:178} INFO - Processing /opt/airflow/dags/repo/Airflow/dags/task_flow_api_dag.py took 0.073 seconds
[2023-01-14T18:07:01.218+0000] {processor.py:156} INFO - Started process (PID=2343) to work on /opt/airflow/dags/repo/Airflow/dags/task_flow_api_dag.py
[2023-01-14T18:07:01.221+0000] {processor.py:758} INFO - Processing file /opt/airflow/dags/repo/Airflow/dags/task_flow_api_dag.py for tasks to queue
[2023-01-14T18:07:01.224+0000] {logging_mixin.py:117} INFO - [2023-01-14T18:07:01.224+0000] {dagbag.py:525} INFO - Filling up the DagBag from /opt/airflow/dags/repo/Airflow/dags/task_flow_api_dag.py
[2023-01-14T18:07:01.229+0000] {processor.py:770} WARNING - No viable dags retrieved from /opt/airflow/dags/repo/Airflow/dags/task_flow_api_dag.py
[2023-01-14T18:07:01.275+0000] {processor.py:178} INFO - Processing /opt/airflow/dags/repo/Airflow/dags/task_flow_api_dag.py took 0.069 seconds
[2023-01-14T18:07:31.395+0000] {processor.py:156} INFO - Started process (PID=2381) to work on /opt/airflow/dags/repo/Airflow/dags/task_flow_api_dag.py
[2023-01-14T18:07:31.398+0000] {processor.py:758} INFO - Processing file /opt/airflow/dags/repo/Airflow/dags/task_flow_api_dag.py for tasks to queue
[2023-01-14T18:07:31.400+0000] {logging_mixin.py:117} INFO - [2023-01-14T18:07:31.399+0000] {dagbag.py:525} INFO - Filling up the DagBag from /opt/airflow/dags/repo/Airflow/dags/task_flow_api_dag.py
[2023-01-14T18:07:31.404+0000] {processor.py:770} WARNING - No viable dags retrieved from /opt/airflow/dags/repo/Airflow/dags/task_flow_api_dag.py
[2023-01-14T18:07:36.452+0000] {processor.py:178} INFO - Processing /opt/airflow/dags/repo/Airflow/dags/task_flow_api_dag.py took 5.067 seconds
[2023-01-14T18:08:07.185+0000] {processor.py:156} INFO - Started process (PID=2424) to work on /opt/airflow/dags/repo/Airflow/dags/task_flow_api_dag.py
[2023-01-14T18:08:07.187+0000] {processor.py:758} INFO - Processing file /opt/airflow/dags/repo/Airflow/dags/task_flow_api_dag.py for tasks to queue
[2023-01-14T18:08:07.189+0000] {logging_mixin.py:117} INFO - [2023-01-14T18:08:07.188+0000] {dagbag.py:525} INFO - Filling up the DagBag from /opt/airflow/dags/repo/Airflow/dags/task_flow_api_dag.py
[2023-01-14T18:08:07.192+0000] {processor.py:770} WARNING - No viable dags retrieved from /opt/airflow/dags/repo/Airflow/dags/task_flow_api_dag.py
[2023-01-14T18:08:07.236+0000] {processor.py:178} INFO - Processing /opt/airflow/dags/repo/Airflow/dags/task_flow_api_dag.py took 0.059 seconds
[2023-01-14T18:08:37.951+0000] {processor.py:156} INFO - Started process (PID=2452) to work on /opt/airflow/dags/repo/Airflow/dags/task_flow_api_dag.py
[2023-01-14T18:08:37.953+0000] {processor.py:758} INFO - Processing file /opt/airflow/dags/repo/Airflow/dags/task_flow_api_dag.py for tasks to queue
[2023-01-14T18:08:37.955+0000] {logging_mixin.py:117} INFO - [2023-01-14T18:08:37.955+0000] {dagbag.py:525} INFO - Filling up the DagBag from /opt/airflow/dags/repo/Airflow/dags/task_flow_api_dag.py
[2023-01-14T18:08:37.959+0000] {processor.py:770} WARNING - No viable dags retrieved from /opt/airflow/dags/repo/Airflow/dags/task_flow_api_dag.py
[2023-01-14T18:08:38.000+0000] {processor.py:178} INFO - Processing /opt/airflow/dags/repo/Airflow/dags/task_flow_api_dag.py took 0.058 seconds
[2023-01-14T18:09:08.728+0000] {processor.py:156} INFO - Started process (PID=2492) to work on /opt/airflow/dags/repo/Airflow/dags/task_flow_api_dag.py
[2023-01-14T18:09:08.730+0000] {processor.py:758} INFO - Processing file /opt/airflow/dags/repo/Airflow/dags/task_flow_api_dag.py for tasks to queue
[2023-01-14T18:09:08.733+0000] {logging_mixin.py:117} INFO - [2023-01-14T18:09:08.732+0000] {dagbag.py:525} INFO - Filling up the DagBag from /opt/airflow/dags/repo/Airflow/dags/task_flow_api_dag.py
[2023-01-14T18:09:08.736+0000] {processor.py:770} WARNING - No viable dags retrieved from /opt/airflow/dags/repo/Airflow/dags/task_flow_api_dag.py
[2023-01-14T18:09:08.786+0000] {processor.py:178} INFO - Processing /opt/airflow/dags/repo/Airflow/dags/task_flow_api_dag.py took 0.067 seconds
[2023-01-14T18:09:39.501+0000] {processor.py:156} INFO - Started process (PID=2520) to work on /opt/airflow/dags/repo/Airflow/dags/task_flow_api_dag.py
[2023-01-14T18:09:39.503+0000] {processor.py:758} INFO - Processing file /opt/airflow/dags/repo/Airflow/dags/task_flow_api_dag.py for tasks to queue
[2023-01-14T18:09:39.505+0000] {logging_mixin.py:117} INFO - [2023-01-14T18:09:39.505+0000] {dagbag.py:525} INFO - Filling up the DagBag from /opt/airflow/dags/repo/Airflow/dags/task_flow_api_dag.py
[2023-01-14T18:09:39.509+0000] {processor.py:770} WARNING - No viable dags retrieved from /opt/airflow/dags/repo/Airflow/dags/task_flow_api_dag.py
[2023-01-14T18:09:44.557+0000] {processor.py:178} INFO - Processing /opt/airflow/dags/repo/Airflow/dags/task_flow_api_dag.py took 5.064 seconds
[2023-01-14T18:10:14.665+0000] {processor.py:156} INFO - Started process (PID=2560) to work on /opt/airflow/dags/repo/Airflow/dags/task_flow_api_dag.py
[2023-01-14T18:10:14.668+0000] {processor.py:758} INFO - Processing file /opt/airflow/dags/repo/Airflow/dags/task_flow_api_dag.py for tasks to queue
[2023-01-14T18:10:14.670+0000] {logging_mixin.py:117} INFO - [2023-01-14T18:10:14.670+0000] {dagbag.py:525} INFO - Filling up the DagBag from /opt/airflow/dags/repo/Airflow/dags/task_flow_api_dag.py
[2023-01-14T18:10:14.674+0000] {processor.py:770} WARNING - No viable dags retrieved from /opt/airflow/dags/repo/Airflow/dags/task_flow_api_dag.py
[2023-01-14T18:10:14.718+0000] {processor.py:178} INFO - Processing /opt/airflow/dags/repo/Airflow/dags/task_flow_api_dag.py took 0.061 seconds
[2023-01-14T18:10:45.419+0000] {processor.py:156} INFO - Started process (PID=2588) to work on /opt/airflow/dags/repo/Airflow/dags/task_flow_api_dag.py
[2023-01-14T18:10:45.422+0000] {processor.py:758} INFO - Processing file /opt/airflow/dags/repo/Airflow/dags/task_flow_api_dag.py for tasks to queue
[2023-01-14T18:10:45.424+0000] {logging_mixin.py:117} INFO - [2023-01-14T18:10:45.423+0000] {dagbag.py:525} INFO - Filling up the DagBag from /opt/airflow/dags/repo/Airflow/dags/task_flow_api_dag.py
[2023-01-14T18:10:45.427+0000] {processor.py:770} WARNING - No viable dags retrieved from /opt/airflow/dags/repo/Airflow/dags/task_flow_api_dag.py
[2023-01-14T18:10:45.476+0000] {processor.py:178} INFO - Processing /opt/airflow/dags/repo/Airflow/dags/task_flow_api_dag.py took 0.064 seconds
[2023-01-14T18:11:16.209+0000] {processor.py:156} INFO - Started process (PID=2628) to work on /opt/airflow/dags/repo/Airflow/dags/task_flow_api_dag.py
[2023-01-14T18:11:16.211+0000] {processor.py:758} INFO - Processing file /opt/airflow/dags/repo/Airflow/dags/task_flow_api_dag.py for tasks to queue
[2023-01-14T18:11:16.213+0000] {logging_mixin.py:117} INFO - [2023-01-14T18:11:16.213+0000] {dagbag.py:525} INFO - Filling up the DagBag from /opt/airflow/dags/repo/Airflow/dags/task_flow_api_dag.py
[2023-01-14T18:11:16.217+0000] {processor.py:770} WARNING - No viable dags retrieved from /opt/airflow/dags/repo/Airflow/dags/task_flow_api_dag.py
[2023-01-14T18:11:21.275+0000] {processor.py:178} INFO - Processing /opt/airflow/dags/repo/Airflow/dags/task_flow_api_dag.py took 5.075 seconds
[2023-01-14T18:11:51.984+0000] {processor.py:156} INFO - Started process (PID=2656) to work on /opt/airflow/dags/repo/Airflow/dags/task_flow_api_dag.py
[2023-01-14T18:11:51.986+0000] {processor.py:758} INFO - Processing file /opt/airflow/dags/repo/Airflow/dags/task_flow_api_dag.py for tasks to queue
[2023-01-14T18:11:51.989+0000] {logging_mixin.py:117} INFO - [2023-01-14T18:11:51.989+0000] {dagbag.py:525} INFO - Filling up the DagBag from /opt/airflow/dags/repo/Airflow/dags/task_flow_api_dag.py
[2023-01-14T18:11:51.994+0000] {processor.py:770} WARNING - No viable dags retrieved from /opt/airflow/dags/repo/Airflow/dags/task_flow_api_dag.py
[2023-01-14T18:11:52.039+0000] {processor.py:178} INFO - Processing /opt/airflow/dags/repo/Airflow/dags/task_flow_api_dag.py took 0.062 seconds
[2023-01-14T18:12:22.756+0000] {processor.py:156} INFO - Started process (PID=2696) to work on /opt/airflow/dags/repo/Airflow/dags/task_flow_api_dag.py
[2023-01-14T18:12:22.758+0000] {processor.py:758} INFO - Processing file /opt/airflow/dags/repo/Airflow/dags/task_flow_api_dag.py for tasks to queue
[2023-01-14T18:12:22.760+0000] {logging_mixin.py:117} INFO - [2023-01-14T18:12:22.760+0000] {dagbag.py:525} INFO - Filling up the DagBag from /opt/airflow/dags/repo/Airflow/dags/task_flow_api_dag.py
[2023-01-14T18:12:22.764+0000] {processor.py:770} WARNING - No viable dags retrieved from /opt/airflow/dags/repo/Airflow/dags/task_flow_api_dag.py
[2023-01-14T18:12:22.805+0000] {processor.py:178} INFO - Processing /opt/airflow/dags/repo/Airflow/dags/task_flow_api_dag.py took 0.055 seconds
[2023-01-14T18:12:53.177+0000] {processor.py:156} INFO - Started process (PID=2724) to work on /opt/airflow/dags/repo/Airflow/dags/task_flow_api_dag.py
[2023-01-14T18:12:53.180+0000] {processor.py:758} INFO - Processing file /opt/airflow/dags/repo/Airflow/dags/task_flow_api_dag.py for tasks to queue
[2023-01-14T18:12:53.181+0000] {logging_mixin.py:117} INFO - [2023-01-14T18:12:53.181+0000] {dagbag.py:525} INFO - Filling up the DagBag from /opt/airflow/dags/repo/Airflow/dags/task_flow_api_dag.py
[2023-01-14T18:12:53.185+0000] {processor.py:770} WARNING - No viable dags retrieved from /opt/airflow/dags/repo/Airflow/dags/task_flow_api_dag.py
[2023-01-14T18:12:53.226+0000] {processor.py:178} INFO - Processing /opt/airflow/dags/repo/Airflow/dags/task_flow_api_dag.py took 0.056 seconds
[2023-01-14T18:13:23.595+0000] {processor.py:156} INFO - Started process (PID=2764) to work on /opt/airflow/dags/repo/Airflow/dags/task_flow_api_dag.py
[2023-01-14T18:13:23.597+0000] {processor.py:758} INFO - Processing file /opt/airflow/dags/repo/Airflow/dags/task_flow_api_dag.py for tasks to queue
[2023-01-14T18:13:23.598+0000] {logging_mixin.py:117} INFO - [2023-01-14T18:13:23.598+0000] {dagbag.py:525} INFO - Filling up the DagBag from /opt/airflow/dags/repo/Airflow/dags/task_flow_api_dag.py
[2023-01-14T18:13:23.601+0000] {processor.py:770} WARNING - No viable dags retrieved from /opt/airflow/dags/repo/Airflow/dags/task_flow_api_dag.py
[2023-01-14T18:13:28.653+0000] {processor.py:178} INFO - Processing /opt/airflow/dags/repo/Airflow/dags/task_flow_api_dag.py took 5.062 seconds
[2023-01-14T18:13:59.343+0000] {processor.py:156} INFO - Started process (PID=2792) to work on /opt/airflow/dags/repo/Airflow/dags/task_flow_api_dag.py
[2023-01-14T18:13:59.345+0000] {processor.py:758} INFO - Processing file /opt/airflow/dags/repo/Airflow/dags/task_flow_api_dag.py for tasks to queue
[2023-01-14T18:13:59.347+0000] {logging_mixin.py:117} INFO - [2023-01-14T18:13:59.347+0000] {dagbag.py:525} INFO - Filling up the DagBag from /opt/airflow/dags/repo/Airflow/dags/task_flow_api_dag.py
[2023-01-14T18:13:59.351+0000] {processor.py:770} WARNING - No viable dags retrieved from /opt/airflow/dags/repo/Airflow/dags/task_flow_api_dag.py
[2023-01-14T18:13:59.397+0000] {processor.py:178} INFO - Processing /opt/airflow/dags/repo/Airflow/dags/task_flow_api_dag.py took 0.063 seconds
[2023-01-14T18:14:30.180+0000] {processor.py:156} INFO - Started process (PID=2832) to work on /opt/airflow/dags/repo/Airflow/dags/task_flow_api_dag.py
[2023-01-14T18:14:30.182+0000] {processor.py:758} INFO - Processing file /opt/airflow/dags/repo/Airflow/dags/task_flow_api_dag.py for tasks to queue
[2023-01-14T18:14:30.184+0000] {logging_mixin.py:117} INFO - [2023-01-14T18:14:30.184+0000] {dagbag.py:525} INFO - Filling up the DagBag from /opt/airflow/dags/repo/Airflow/dags/task_flow_api_dag.py
[2023-01-14T18:14:30.188+0000] {processor.py:770} WARNING - No viable dags retrieved from /opt/airflow/dags/repo/Airflow/dags/task_flow_api_dag.py
[2023-01-14T18:14:30.227+0000] {processor.py:178} INFO - Processing /opt/airflow/dags/repo/Airflow/dags/task_flow_api_dag.py took 0.054 seconds
[2023-01-14T18:15:00.926+0000] {processor.py:156} INFO - Started process (PID=2860) to work on /opt/airflow/dags/repo/Airflow/dags/task_flow_api_dag.py
[2023-01-14T18:15:00.929+0000] {processor.py:758} INFO - Processing file /opt/airflow/dags/repo/Airflow/dags/task_flow_api_dag.py for tasks to queue
[2023-01-14T18:15:00.931+0000] {logging_mixin.py:117} INFO - [2023-01-14T18:15:00.930+0000] {dagbag.py:525} INFO - Filling up the DagBag from /opt/airflow/dags/repo/Airflow/dags/task_flow_api_dag.py
[2023-01-14T18:15:00.935+0000] {processor.py:770} WARNING - No viable dags retrieved from /opt/airflow/dags/repo/Airflow/dags/task_flow_api_dag.py
[2023-01-14T18:15:00.976+0000] {processor.py:178} INFO - Processing /opt/airflow/dags/repo/Airflow/dags/task_flow_api_dag.py took 0.061 seconds
[2023-01-14T18:15:31.658+0000] {processor.py:156} INFO - Started process (PID=2900) to work on /opt/airflow/dags/repo/Airflow/dags/task_flow_api_dag.py
[2023-01-14T18:15:31.661+0000] {processor.py:758} INFO - Processing file /opt/airflow/dags/repo/Airflow/dags/task_flow_api_dag.py for tasks to queue
[2023-01-14T18:15:31.663+0000] {logging_mixin.py:117} INFO - [2023-01-14T18:15:31.662+0000] {dagbag.py:525} INFO - Filling up the DagBag from /opt/airflow/dags/repo/Airflow/dags/task_flow_api_dag.py
[2023-01-14T18:15:31.666+0000] {processor.py:770} WARNING - No viable dags retrieved from /opt/airflow/dags/repo/Airflow/dags/task_flow_api_dag.py
[2023-01-14T18:15:31.706+0000] {processor.py:178} INFO - Processing /opt/airflow/dags/repo/Airflow/dags/task_flow_api_dag.py took 0.055 seconds
[2023-01-14T18:16:01.929+0000] {processor.py:156} INFO - Started process (PID=2928) to work on /opt/airflow/dags/repo/Airflow/dags/task_flow_api_dag.py
[2023-01-14T18:16:01.932+0000] {processor.py:758} INFO - Processing file /opt/airflow/dags/repo/Airflow/dags/task_flow_api_dag.py for tasks to queue
[2023-01-14T18:16:01.934+0000] {logging_mixin.py:117} INFO - [2023-01-14T18:16:01.933+0000] {dagbag.py:525} INFO - Filling up the DagBag from /opt/airflow/dags/repo/Airflow/dags/task_flow_api_dag.py
[2023-01-14T18:16:01.937+0000] {processor.py:770} WARNING - No viable dags retrieved from /opt/airflow/dags/repo/Airflow/dags/task_flow_api_dag.py
[2023-01-14T18:16:01.983+0000] {processor.py:178} INFO - Processing /opt/airflow/dags/repo/Airflow/dags/task_flow_api_dag.py took 0.065 seconds
[2023-01-14T18:16:32.405+0000] {processor.py:156} INFO - Started process (PID=2969) to work on /opt/airflow/dags/repo/Airflow/dags/task_flow_api_dag.py
[2023-01-14T18:16:32.408+0000] {processor.py:758} INFO - Processing file /opt/airflow/dags/repo/Airflow/dags/task_flow_api_dag.py for tasks to queue
[2023-01-14T18:16:32.410+0000] {logging_mixin.py:117} INFO - [2023-01-14T18:16:32.409+0000] {dagbag.py:525} INFO - Filling up the DagBag from /opt/airflow/dags/repo/Airflow/dags/task_flow_api_dag.py
[2023-01-14T18:16:32.413+0000] {processor.py:770} WARNING - No viable dags retrieved from /opt/airflow/dags/repo/Airflow/dags/task_flow_api_dag.py
[2023-01-14T18:16:37.461+0000] {processor.py:178} INFO - Processing /opt/airflow/dags/repo/Airflow/dags/task_flow_api_dag.py took 5.068 seconds
[2023-01-14T18:17:07.917+0000] {processor.py:156} INFO - Started process (PID=3009) to work on /opt/airflow/dags/repo/Airflow/dags/task_flow_api_dag.py
[2023-01-14T18:17:07.919+0000] {processor.py:758} INFO - Processing file /opt/airflow/dags/repo/Airflow/dags/task_flow_api_dag.py for tasks to queue
[2023-01-14T18:17:07.922+0000] {logging_mixin.py:117} INFO - [2023-01-14T18:17:07.921+0000] {dagbag.py:525} INFO - Filling up the DagBag from /opt/airflow/dags/repo/Airflow/dags/task_flow_api_dag.py
[2023-01-14T18:17:07.925+0000] {processor.py:770} WARNING - No viable dags retrieved from /opt/airflow/dags/repo/Airflow/dags/task_flow_api_dag.py
[2023-01-14T18:17:07.971+0000] {processor.py:178} INFO - Processing /opt/airflow/dags/repo/Airflow/dags/task_flow_api_dag.py took 0.062 seconds
[2023-01-14T18:17:38.592+0000] {processor.py:156} INFO - Started process (PID=3037) to work on /opt/airflow/dags/repo/Airflow/dags/task_flow_api_dag.py
[2023-01-14T18:17:38.596+0000] {processor.py:758} INFO - Processing file /opt/airflow/dags/repo/Airflow/dags/task_flow_api_dag.py for tasks to queue
[2023-01-14T18:17:38.598+0000] {logging_mixin.py:117} INFO - [2023-01-14T18:17:38.598+0000] {dagbag.py:525} INFO - Filling up the DagBag from /opt/airflow/dags/repo/Airflow/dags/task_flow_api_dag.py
[2023-01-14T18:17:38.603+0000] {processor.py:770} WARNING - No viable dags retrieved from /opt/airflow/dags/repo/Airflow/dags/task_flow_api_dag.py
[2023-01-14T18:17:38.648+0000] {processor.py:178} INFO - Processing /opt/airflow/dags/repo/Airflow/dags/task_flow_api_dag.py took 0.068 seconds
[2023-01-14T18:18:09.011+0000] {processor.py:156} INFO - Started process (PID=3077) to work on /opt/airflow/dags/repo/Airflow/dags/task_flow_api_dag.py
[2023-01-14T18:18:09.025+0000] {processor.py:758} INFO - Processing file /opt/airflow/dags/repo/Airflow/dags/task_flow_api_dag.py for tasks to queue
[2023-01-14T18:18:09.028+0000] {logging_mixin.py:117} INFO - [2023-01-14T18:18:09.027+0000] {dagbag.py:525} INFO - Filling up the DagBag from /opt/airflow/dags/repo/Airflow/dags/task_flow_api_dag.py
[2023-01-14T18:18:09.032+0000] {processor.py:770} WARNING - No viable dags retrieved from /opt/airflow/dags/repo/Airflow/dags/task_flow_api_dag.py
[2023-01-14T18:18:09.102+0000] {processor.py:178} INFO - Processing /opt/airflow/dags/repo/Airflow/dags/task_flow_api_dag.py took 0.104 seconds
