[2022-12-26T04:05:48.380+0000] {taskinstance.py:1087} INFO - Dependencies all met for <TaskInstance: new_table_and_data_import_dag_v1.get_cash_flow_data manual__2022-12-26T04:05:41.853800+00:00 [queued]>
[2022-12-26T04:05:48.391+0000] {taskinstance.py:1087} INFO - Dependencies all met for <TaskInstance: new_table_and_data_import_dag_v1.get_cash_flow_data manual__2022-12-26T04:05:41.853800+00:00 [queued]>
[2022-12-26T04:05:48.391+0000] {taskinstance.py:1283} INFO - 
--------------------------------------------------------------------------------
[2022-12-26T04:05:48.391+0000] {taskinstance.py:1284} INFO - Starting attempt 1 of 1
[2022-12-26T04:05:48.391+0000] {taskinstance.py:1285} INFO - 
--------------------------------------------------------------------------------
[2022-12-26T04:05:48.432+0000] {taskinstance.py:1304} INFO - Executing <Task(PythonOperator): get_cash_flow_data> on 2022-12-26 04:05:41.853800+00:00
[2022-12-26T04:05:48.437+0000] {standard_task_runner.py:55} INFO - Started process 202 to run task
[2022-12-26T04:05:48.441+0000] {standard_task_runner.py:82} INFO - Running: ['***', 'tasks', 'run', 'new_table_and_data_import_dag_v1', 'get_cash_flow_data', 'manual__2022-12-26T04:05:41.853800+00:00', '--job-id', '73', '--raw', '--subdir', 'DAGS_FOLDER/new_table_and_data_import_dag.py', '--cfg-path', '/tmp/tmpicw74od9']
[2022-12-26T04:05:48.442+0000] {standard_task_runner.py:83} INFO - Job 73: Subtask get_cash_flow_data
[2022-12-26T04:05:48.521+0000] {task_command.py:389} INFO - Running <TaskInstance: new_table_and_data_import_dag_v1.get_cash_flow_data manual__2022-12-26T04:05:41.853800+00:00 [running]> on host 3a7da4d7a43a
[2022-12-26T04:05:48.684+0000] {taskinstance.py:1513} INFO - Exporting the following env vars:
AIRFLOW_CTX_DAG_OWNER=***
AIRFLOW_CTX_DAG_ID=new_table_and_data_import_dag_v1
AIRFLOW_CTX_TASK_ID=get_cash_flow_data
AIRFLOW_CTX_EXECUTION_DATE=2022-12-26T04:05:41.853800+00:00
AIRFLOW_CTX_TRY_NUMBER=1
AIRFLOW_CTX_DAG_RUN_ID=manual__2022-12-26T04:05:41.853800+00:00
[2022-12-26T04:05:48.687+0000] {taskinstance.py:1772} ERROR - Task failed with exception
Traceback (most recent call last):
  File "/home/airflow/.local/lib/python3.7/site-packages/airflow/operators/python.py", line 175, in execute
    return_value = self.execute_callable()
  File "/home/airflow/.local/lib/python3.7/site-packages/airflow/operators/python.py", line 192, in execute_callable
    return self.python_callable(*self.op_args, **self.op_kwargs)
  File "/opt/airflow/dags/new_table_and_data_import_dag.py", line 28, in get_cash_flow
    tickers = get_ticker_list()
  File "/opt/airflow/dags/new_table_and_data_import_dag.py", line 19, in get_ticker_list
    listing_companies = pd.read_csv("/home/jazzdung/Project III/Sample Data/Danh sách công ty/Listing Companies.csv")
  File "/home/airflow/.local/lib/python3.7/site-packages/pandas/util/_decorators.py", line 311, in wrapper
    return func(*args, **kwargs)
  File "/home/airflow/.local/lib/python3.7/site-packages/pandas/io/parsers/readers.py", line 586, in read_csv
    return _read(filepath_or_buffer, kwds)
  File "/home/airflow/.local/lib/python3.7/site-packages/pandas/io/parsers/readers.py", line 482, in _read
    parser = TextFileReader(filepath_or_buffer, **kwds)
  File "/home/airflow/.local/lib/python3.7/site-packages/pandas/io/parsers/readers.py", line 811, in __init__
    self._engine = self._make_engine(self.engine)
  File "/home/airflow/.local/lib/python3.7/site-packages/pandas/io/parsers/readers.py", line 1040, in _make_engine
    return mapping[engine](self.f, **self.options)  # type: ignore[call-arg]
  File "/home/airflow/.local/lib/python3.7/site-packages/pandas/io/parsers/c_parser_wrapper.py", line 51, in __init__
    self._open_handles(src, kwds)
  File "/home/airflow/.local/lib/python3.7/site-packages/pandas/io/parsers/base_parser.py", line 229, in _open_handles
    errors=kwds.get("encoding_errors", "strict"),
  File "/home/airflow/.local/lib/python3.7/site-packages/pandas/io/common.py", line 707, in get_handle
    newline="",
FileNotFoundError: [Errno 2] No such file or directory: '/home/jazzdung/Project III/Sample Data/Danh sách công ty/Listing Companies.csv'
[2022-12-26T04:05:48.699+0000] {taskinstance.py:1327} INFO - Marking task as FAILED. dag_id=new_table_and_data_import_dag_v1, task_id=get_cash_flow_data, execution_date=20221226T040541, start_date=20221226T040548, end_date=20221226T040548
[2022-12-26T04:05:48.834+0000] {standard_task_runner.py:105} ERROR - Failed to execute job 73 for task get_cash_flow_data ([Errno 2] No such file or directory: '/home/jazzdung/Project III/Sample Data/Danh sách công ty/Listing Companies.csv'; 202)
[2022-12-26T04:05:48.852+0000] {local_task_job.py:159} INFO - Task exited with return code 1
[2022-12-26T04:05:48.893+0000] {taskinstance.py:2582} INFO - 0 downstream tasks scheduled from follow-on schedule check
