[2023-01-15T01:15:17.594+0000] {taskinstance.py:1165} INFO - Dependencies all met for <TaskInstance: first_dag_v5.first_task scheduled__2023-01-14T00:00:00+00:00 [queued]>
[2023-01-15T01:15:17.620+0000] {taskinstance.py:1165} INFO - Dependencies all met for <TaskInstance: first_dag_v5.first_task scheduled__2023-01-14T00:00:00+00:00 [queued]>
[2023-01-15T01:15:17.621+0000] {taskinstance.py:1362} INFO - 
--------------------------------------------------------------------------------
[2023-01-15T01:15:17.622+0000] {taskinstance.py:1363} INFO - Starting attempt 1 of 1
[2023-01-15T01:15:17.622+0000] {taskinstance.py:1364} INFO - 
--------------------------------------------------------------------------------
[2023-01-15T01:15:17.655+0000] {taskinstance.py:1383} INFO - Executing <Task(BashOperator): first_task> on 2023-01-14 00:00:00+00:00
[2023-01-15T01:15:17.661+0000] {standard_task_runner.py:54} INFO - Started process 21 to run task
[2023-01-15T01:15:17.667+0000] {standard_task_runner.py:82} INFO - Running: ['airflow', 'tasks', 'run', 'first_dag_v5', 'first_task', 'scheduled__2023-01-14T00:00:00+00:00', '--job-id', '11', '--raw', '--subdir', 'DAGS_FOLDER/first_dag.py', '--cfg-path', '/tmp/tmpe76cbsnd']
[2023-01-15T01:15:17.670+0000] {standard_task_runner.py:83} INFO - Job 11: Subtask first_task
[2023-01-15T01:15:17.673+0000] {dagbag.py:525} INFO - Filling up the DagBag from /opt/airflow/dags/repo/Airflow/dags/first_dag.py
[2023-01-15T01:15:17.957+0000] {task_command.py:384} INFO - Running <TaskInstance: first_dag_v5.first_task scheduled__2023-01-14T00:00:00+00:00 [running]> on host firstdagv5firsttask-d861e8de51724f6db2ce09ac9971c1dd
[2023-01-15T01:15:21.591+0000] {taskinstance.py:1592} INFO - Exporting the following env vars:
AIRFLOW_CTX_DAG_OWNER=airflow
AIRFLOW_CTX_DAG_ID=first_dag_v5
AIRFLOW_CTX_TASK_ID=first_task
AIRFLOW_CTX_EXECUTION_DATE=2023-01-14T00:00:00+00:00
AIRFLOW_CTX_TRY_NUMBER=1
AIRFLOW_CTX_DAG_RUN_ID=scheduled__2023-01-14T00:00:00+00:00
[2023-01-15T01:15:21.593+0000] {subprocess.py:63} INFO - Tmp dir root location: 
 /tmp
[2023-01-15T01:15:21.595+0000] {subprocess.py:75} INFO - Running command: ['/bin/bash', '-c', 'echo hello world, lmao yeet']
[2023-01-15T01:15:21.612+0000] {subprocess.py:86} INFO - Output:
[2023-01-15T01:15:21.616+0000] {subprocess.py:93} INFO - hello world, lmao yeet
[2023-01-15T01:15:21.617+0000] {subprocess.py:97} INFO - Command exited with return code 0
[2023-01-15T01:15:21.688+0000] {taskinstance.py:1406} INFO - Marking task as SUCCESS. dag_id=first_dag_v5, task_id=first_task, execution_date=20230114T000000, start_date=20230115T011517, end_date=20230115T011521
[2023-01-15T01:15:21.782+0000] {local_task_job.py:164} INFO - Task exited with return code 0
[2023-01-15T01:15:21.847+0000] {local_task_job.py:273} INFO - 2 downstream tasks scheduled from follow-on schedule check
