[2022-12-28T09:32:22.554+0000] {taskinstance.py:1087} INFO - Dependencies all met for <TaskInstance: import_through_csv_v1.get_cash_flow_data manual__2022-12-28T09:32:17.231933+00:00 [queued]>
[2022-12-28T09:32:22.569+0000] {taskinstance.py:1087} INFO - Dependencies all met for <TaskInstance: import_through_csv_v1.get_cash_flow_data manual__2022-12-28T09:32:17.231933+00:00 [queued]>
[2022-12-28T09:32:22.570+0000] {taskinstance.py:1283} INFO - 
--------------------------------------------------------------------------------
[2022-12-28T09:32:22.570+0000] {taskinstance.py:1284} INFO - Starting attempt 1 of 1
[2022-12-28T09:32:22.570+0000] {taskinstance.py:1285} INFO - 
--------------------------------------------------------------------------------
[2022-12-28T09:32:22.855+0000] {taskinstance.py:1304} INFO - Executing <Task(PythonOperator): get_cash_flow_data> on 2022-12-28 09:32:17.231933+00:00
[2022-12-28T09:32:22.860+0000] {standard_task_runner.py:55} INFO - Started process 5327 to run task
[2022-12-28T09:32:22.863+0000] {standard_task_runner.py:82} INFO - Running: ['***', 'tasks', 'run', 'import_through_csv_v1', 'get_cash_flow_data', 'manual__2022-12-28T09:32:17.231933+00:00', '--job-id', '113', '--raw', '--subdir', 'DAGS_FOLDER/import_by_csv.py', '--cfg-path', '/tmp/tmptfp5oicg']
[2022-12-28T09:32:22.865+0000] {standard_task_runner.py:83} INFO - Job 113: Subtask get_cash_flow_data
[2022-12-28T09:32:23.439+0000] {task_command.py:389} INFO - Running <TaskInstance: import_through_csv_v1.get_cash_flow_data manual__2022-12-28T09:32:17.231933+00:00 [running]> on host f68f12b30799
[2022-12-28T09:32:24.119+0000] {taskinstance.py:1513} INFO - Exporting the following env vars:
AIRFLOW_CTX_DAG_OWNER=***
AIRFLOW_CTX_DAG_ID=import_through_csv_v1
AIRFLOW_CTX_TASK_ID=get_cash_flow_data
AIRFLOW_CTX_EXECUTION_DATE=2022-12-28T09:32:17.231933+00:00
AIRFLOW_CTX_TRY_NUMBER=1
AIRFLOW_CTX_DAG_RUN_ID=manual__2022-12-28T09:32:17.231933+00:00
[2022-12-28T09:33:09.546+0000] {python.py:177} INFO - Done. Returned value was: None
[2022-12-28T09:33:09.557+0000] {taskinstance.py:1327} INFO - Marking task as SUCCESS. dag_id=import_through_csv_v1, task_id=get_cash_flow_data, execution_date=20221228T093217, start_date=20221228T093222, end_date=20221228T093309
[2022-12-28T09:33:10.128+0000] {local_task_job.py:159} INFO - Task exited with return code 0
[2022-12-28T09:33:10.150+0000] {taskinstance.py:2582} INFO - 1 downstream tasks scheduled from follow-on schedule check
