[2023-01-05T10:07:41.423+0000] {taskinstance.py:1087} INFO - Dependencies all met for <TaskInstance: import_full_database.import_data manual__2023-01-05T10:07:39.909771+00:00 [queued]>
[2023-01-05T10:07:41.434+0000] {taskinstance.py:1087} INFO - Dependencies all met for <TaskInstance: import_full_database.import_data manual__2023-01-05T10:07:39.909771+00:00 [queued]>
[2023-01-05T10:07:41.435+0000] {taskinstance.py:1283} INFO - 
--------------------------------------------------------------------------------
[2023-01-05T10:07:41.435+0000] {taskinstance.py:1284} INFO - Starting attempt 1 of 1
[2023-01-05T10:07:41.435+0000] {taskinstance.py:1285} INFO - 
--------------------------------------------------------------------------------
[2023-01-05T10:07:41.493+0000] {taskinstance.py:1304} INFO - Executing <Task(PythonOperator): import_data> on 2023-01-05 10:07:39.909771+00:00
[2023-01-05T10:07:41.500+0000] {standard_task_runner.py:55} INFO - Started process 11407 to run task
[2023-01-05T10:07:41.506+0000] {standard_task_runner.py:82} INFO - Running: ['***', 'tasks', 'run', 'import_full_database', 'import_data', 'manual__2023-01-05T10:07:39.909771+00:00', '--job-id', '214', '--raw', '--subdir', 'DAGS_FOLDER/import_full_database.py', '--cfg-path', '/tmp/tmp0v_bu7yx']
[2023-01-05T10:07:41.509+0000] {standard_task_runner.py:83} INFO - Job 214: Subtask import_data
[2023-01-05T10:07:41.707+0000] {task_command.py:389} INFO - Running <TaskInstance: import_full_database.import_data manual__2023-01-05T10:07:39.909771+00:00 [running]> on host d84d515babd0
[2023-01-05T10:07:42.046+0000] {taskinstance.py:1513} INFO - Exporting the following env vars:
AIRFLOW_CTX_DAG_OWNER=***
AIRFLOW_CTX_DAG_ID=import_full_database
AIRFLOW_CTX_TASK_ID=import_data
AIRFLOW_CTX_EXECUTION_DATE=2023-01-05T10:07:39.909771+00:00
AIRFLOW_CTX_TRY_NUMBER=1
AIRFLOW_CTX_DAG_RUN_ID=manual__2023-01-05T10:07:39.909771+00:00
[2023-01-05T10:09:22.781+0000] {python.py:177} INFO - Done. Returned value was: None
[2023-01-05T10:09:22.792+0000] {taskinstance.py:1327} INFO - Marking task as SUCCESS. dag_id=import_full_database, task_id=import_data, execution_date=20230105T100739, start_date=20230105T100741, end_date=20230105T100922
[2023-01-05T10:09:22.926+0000] {local_task_job.py:159} INFO - Task exited with return code 0
[2023-01-05T10:09:22.943+0000] {taskinstance.py:2582} INFO - 0 downstream tasks scheduled from follow-on schedule check
