[2023-01-01T03:45:28.898+0000] {processor.py:153} INFO - Started process (PID=145) to work on /opt/airflow/dags/first_dag.py
[2023-01-01T03:45:28.898+0000] {processor.py:743} INFO - Processing file /opt/airflow/dags/first_dag.py for tasks to queue
[2023-01-01T03:45:28.899+0000] {logging_mixin.py:137} INFO - [2023-01-01T03:45:28.899+0000] {dagbag.py:538} INFO - Filling up the DagBag from /opt/airflow/dags/first_dag.py
[2023-01-01T03:45:28.913+0000] {processor.py:753} INFO - DAG(s) dict_keys(['first_dag_v5']) retrieved from /opt/airflow/dags/first_dag.py
[2023-01-01T03:45:28.982+0000] {logging_mixin.py:137} INFO - [2023-01-01T03:45:28.981+0000] {dag.py:2676} INFO - Sync 1 DAGs
[2023-01-01T03:45:29.004+0000] {logging_mixin.py:137} INFO - [2023-01-01T03:45:29.004+0000] {dag.py:3427} INFO - Setting next_dagrun for first_dag_v5 to 2022-12-31T00:00:00+00:00, run_after=2023-01-01T00:00:00+00:00
[2023-01-01T03:45:29.743+0000] {processor.py:175} INFO - Processing /opt/airflow/dags/first_dag.py took 0.848 seconds
[2023-01-01T03:46:02.873+0000] {processor.py:153} INFO - Started process (PID=189) to work on /opt/airflow/dags/first_dag.py
[2023-01-01T03:46:02.873+0000] {processor.py:743} INFO - Processing file /opt/airflow/dags/first_dag.py for tasks to queue
[2023-01-01T03:46:02.874+0000] {logging_mixin.py:137} INFO - [2023-01-01T03:46:02.874+0000] {dagbag.py:538} INFO - Filling up the DagBag from /opt/airflow/dags/first_dag.py
[2023-01-01T03:46:02.888+0000] {processor.py:753} INFO - DAG(s) dict_keys(['first_dag_v5']) retrieved from /opt/airflow/dags/first_dag.py
[2023-01-01T03:46:02.920+0000] {logging_mixin.py:137} INFO - [2023-01-01T03:46:02.919+0000] {dag.py:2676} INFO - Sync 1 DAGs
[2023-01-01T03:46:02.954+0000] {logging_mixin.py:137} INFO - [2023-01-01T03:46:02.954+0000] {dag.py:3427} INFO - Setting next_dagrun for first_dag_v5 to 2022-12-31T00:00:00+00:00, run_after=2023-01-01T00:00:00+00:00
[2023-01-01T03:46:03.536+0000] {processor.py:175} INFO - Processing /opt/airflow/dags/first_dag.py took 0.665 seconds
[2023-01-01T03:46:34.201+0000] {processor.py:153} INFO - Started process (PID=233) to work on /opt/airflow/dags/first_dag.py
[2023-01-01T03:46:34.236+0000] {processor.py:743} INFO - Processing file /opt/airflow/dags/first_dag.py for tasks to queue
[2023-01-01T03:46:34.237+0000] {logging_mixin.py:137} INFO - [2023-01-01T03:46:34.237+0000] {dagbag.py:538} INFO - Filling up the DagBag from /opt/airflow/dags/first_dag.py
[2023-01-01T03:46:34.252+0000] {processor.py:753} INFO - DAG(s) dict_keys(['first_dag_v5']) retrieved from /opt/airflow/dags/first_dag.py
[2023-01-01T03:46:34.280+0000] {logging_mixin.py:137} INFO - [2023-01-01T03:46:34.280+0000] {dag.py:2676} INFO - Sync 1 DAGs
[2023-01-01T03:46:34.302+0000] {logging_mixin.py:137} INFO - [2023-01-01T03:46:34.302+0000] {dag.py:3427} INFO - Setting next_dagrun for first_dag_v5 to 2022-12-31T00:00:00+00:00, run_after=2023-01-01T00:00:00+00:00
[2023-01-01T03:46:34.558+0000] {processor.py:175} INFO - Processing /opt/airflow/dags/first_dag.py took 0.360 seconds
