[2023-01-01T03:45:25.963+0000] {processor.py:153} INFO - Started process (PID=131) to work on /opt/airflow/dags/python_operator_dag.py
[2023-01-01T03:45:25.963+0000] {processor.py:743} INFO - Processing file /opt/airflow/dags/python_operator_dag.py for tasks to queue
[2023-01-01T03:45:25.964+0000] {logging_mixin.py:137} INFO - [2023-01-01T03:45:25.963+0000] {dagbag.py:538} INFO - Filling up the DagBag from /opt/airflow/dags/python_operator_dag.py
[2023-01-01T03:45:26.606+0000] {processor.py:753} INFO - DAG(s) dict_keys(['python_operator_dag_v6']) retrieved from /opt/airflow/dags/python_operator_dag.py
[2023-01-01T03:45:27.784+0000] {logging_mixin.py:137} INFO - [2023-01-01T03:45:27.784+0000] {dag.py:2676} INFO - Sync 1 DAGs
[2023-01-01T03:45:28.122+0000] {logging_mixin.py:137} INFO - [2023-01-01T03:45:28.122+0000] {dag.py:3427} INFO - Setting next_dagrun for python_operator_dag_v6 to 2022-12-31T00:00:00+00:00, run_after=2023-01-01T00:00:00+00:00
[2023-01-01T03:45:28.850+0000] {processor.py:175} INFO - Processing /opt/airflow/dags/python_operator_dag.py took 2.890 seconds
[2023-01-01T03:45:59.710+0000] {processor.py:153} INFO - Started process (PID=166) to work on /opt/airflow/dags/python_operator_dag.py
[2023-01-01T03:45:59.710+0000] {processor.py:743} INFO - Processing file /opt/airflow/dags/python_operator_dag.py for tasks to queue
[2023-01-01T03:45:59.711+0000] {logging_mixin.py:137} INFO - [2023-01-01T03:45:59.711+0000] {dagbag.py:538} INFO - Filling up the DagBag from /opt/airflow/dags/python_operator_dag.py
[2023-01-01T03:46:01.011+0000] {processor.py:753} INFO - DAG(s) dict_keys(['python_operator_dag_v6']) retrieved from /opt/airflow/dags/python_operator_dag.py
[2023-01-01T03:46:01.830+0000] {logging_mixin.py:137} INFO - [2023-01-01T03:46:01.830+0000] {dag.py:2676} INFO - Sync 1 DAGs
[2023-01-01T03:46:01.894+0000] {logging_mixin.py:137} INFO - [2023-01-01T03:46:01.894+0000] {dag.py:3427} INFO - Setting next_dagrun for python_operator_dag_v6 to 2022-12-31T00:00:00+00:00, run_after=2023-01-01T00:00:00+00:00
[2023-01-01T03:46:02.619+0000] {processor.py:175} INFO - Processing /opt/airflow/dags/python_operator_dag.py took 2.912 seconds
[2023-01-01T03:46:32.655+0000] {processor.py:153} INFO - Started process (PID=230) to work on /opt/airflow/dags/python_operator_dag.py
[2023-01-01T03:46:32.756+0000] {processor.py:743} INFO - Processing file /opt/airflow/dags/python_operator_dag.py for tasks to queue
[2023-01-01T03:46:32.756+0000] {logging_mixin.py:137} INFO - [2023-01-01T03:46:32.756+0000] {dagbag.py:538} INFO - Filling up the DagBag from /opt/airflow/dags/python_operator_dag.py
[2023-01-01T03:46:32.772+0000] {processor.py:753} INFO - DAG(s) dict_keys(['python_operator_dag_v6']) retrieved from /opt/airflow/dags/python_operator_dag.py
[2023-01-01T03:46:32.800+0000] {logging_mixin.py:137} INFO - [2023-01-01T03:46:32.800+0000] {dag.py:2676} INFO - Sync 1 DAGs
[2023-01-01T03:46:32.825+0000] {logging_mixin.py:137} INFO - [2023-01-01T03:46:32.825+0000] {dag.py:3427} INFO - Setting next_dagrun for python_operator_dag_v6 to 2022-12-31T00:00:00+00:00, run_after=2023-01-01T00:00:00+00:00
[2023-01-01T03:46:33.046+0000] {processor.py:175} INFO - Processing /opt/airflow/dags/python_operator_dag.py took 0.394 seconds
