[2022-12-28T09:32:18.887+0000] {taskinstance.py:1087} INFO - Dependencies all met for <TaskInstance: import_through_csv_v1.create_table manual__2022-12-28T09:32:17.231933+00:00 [queued]>
[2022-12-28T09:32:18.896+0000] {taskinstance.py:1087} INFO - Dependencies all met for <TaskInstance: import_through_csv_v1.create_table manual__2022-12-28T09:32:17.231933+00:00 [queued]>
[2022-12-28T09:32:18.896+0000] {taskinstance.py:1283} INFO - 
--------------------------------------------------------------------------------
[2022-12-28T09:32:18.896+0000] {taskinstance.py:1284} INFO - Starting attempt 1 of 1
[2022-12-28T09:32:18.896+0000] {taskinstance.py:1285} INFO - 
--------------------------------------------------------------------------------
[2022-12-28T09:32:19.312+0000] {taskinstance.py:1304} INFO - Executing <Task(PostgresOperator): create_table> on 2022-12-28 09:32:17.231933+00:00
[2022-12-28T09:32:19.318+0000] {standard_task_runner.py:55} INFO - Started process 5304 to run task
[2022-12-28T09:32:19.320+0000] {standard_task_runner.py:82} INFO - Running: ['***', 'tasks', 'run', 'import_through_csv_v1', 'create_table', 'manual__2022-12-28T09:32:17.231933+00:00', '--job-id', '112', '--raw', '--subdir', 'DAGS_FOLDER/import_by_csv.py', '--cfg-path', '/tmp/tmpq1aan3zx']
[2022-12-28T09:32:19.322+0000] {standard_task_runner.py:83} INFO - Job 112: Subtask create_table
[2022-12-28T09:32:19.647+0000] {task_command.py:389} INFO - Running <TaskInstance: import_through_csv_v1.create_table manual__2022-12-28T09:32:17.231933+00:00 [running]> on host f68f12b30799
[2022-12-28T09:32:20.021+0000] {taskinstance.py:1513} INFO - Exporting the following env vars:
AIRFLOW_CTX_DAG_OWNER=***
AIRFLOW_CTX_DAG_ID=import_through_csv_v1
AIRFLOW_CTX_TASK_ID=create_table
AIRFLOW_CTX_EXECUTION_DATE=2022-12-28T09:32:17.231933+00:00
AIRFLOW_CTX_TRY_NUMBER=1
AIRFLOW_CTX_DAG_RUN_ID=manual__2022-12-28T09:32:17.231933+00:00
[2022-12-28T09:32:20.022+0000] {sql.py:253} INFO - Executing: 
            CREATE TABLE IF NOT EXISTS test_table (
                ticker varchar(3),
                year integer,
                quarter integer,
                invest_cost integer,
                from_invest integer,
                from_financial integer,
                from_sale integer,
                free_cash_flow double precision,
                PRIMARY KEY (ticker, year, quarter),
                FOREIGN KEY (ticker) REFERENCES listing_companies (ticker)
            );
        
[2022-12-28T09:32:20.029+0000] {base.py:73} INFO - Using connection ID 'financial_database' for task execution.
[2022-12-28T09:32:20.362+0000] {base.py:73} INFO - Using connection ID 'financial_database' for task execution.
[2022-12-28T09:32:20.375+0000] {sql.py:364} INFO - Running statement: 
            CREATE TABLE IF NOT EXISTS test_table (
                ticker varchar(3),
                year integer,
                quarter integer,
                invest_cost integer,
                from_invest integer,
                from_financial integer,
                from_sale integer,
                free_cash_flow double precision,
                PRIMARY KEY (ticker, year, quarter),
                FOREIGN KEY (ticker) REFERENCES listing_companies (ticker)
            );
        , parameters: None
[2022-12-28T09:32:20.391+0000] {taskinstance.py:1327} INFO - Marking task as SUCCESS. dag_id=import_through_csv_v1, task_id=create_table, execution_date=20221228T093217, start_date=20221228T093218, end_date=20221228T093220
[2022-12-28T09:32:20.695+0000] {local_task_job.py:159} INFO - Task exited with return code 0
[2022-12-28T09:32:20.725+0000] {taskinstance.py:2582} INFO - 1 downstream tasks scheduled from follow-on schedule check
