[2023-01-18T04:18:15.282+0000] {taskinstance.py:1165} INFO - Dependencies all met for <TaskInstance: python_operator_dag_v6.greet scheduled__2023-01-17T00:00:00+00:00 [queued]>
[2023-01-18T04:18:15.383+0000] {taskinstance.py:1165} INFO - Dependencies all met for <TaskInstance: python_operator_dag_v6.greet scheduled__2023-01-17T00:00:00+00:00 [queued]>
[2023-01-18T04:18:15.385+0000] {taskinstance.py:1362} INFO - 
--------------------------------------------------------------------------------
[2023-01-18T04:18:15.386+0000] {taskinstance.py:1363} INFO - Starting attempt 1 of 1
[2023-01-18T04:18:15.387+0000] {taskinstance.py:1364} INFO - 
--------------------------------------------------------------------------------
[2023-01-18T04:18:15.467+0000] {taskinstance.py:1383} INFO - Executing <Task(PythonOperator): greet> on 2023-01-17 00:00:00+00:00
[2023-01-18T04:18:15.477+0000] {standard_task_runner.py:54} INFO - Started process 21 to run task
[2023-01-18T04:18:15.489+0000] {standard_task_runner.py:82} INFO - Running: ['airflow', 'tasks', 'run', 'python_operator_dag_v6', 'greet', 'scheduled__2023-01-17T00:00:00+00:00', '--job-id', '33', '--raw', '--subdir', 'DAGS_FOLDER/python_operator_dag.py', '--cfg-path', '/tmp/tmpr6e3y203']
[2023-01-18T04:18:15.494+0000] {standard_task_runner.py:83} INFO - Job 33: Subtask greet
[2023-01-18T04:18:15.509+0000] {dagbag.py:525} INFO - Filling up the DagBag from /opt/airflow/dags/repo/Airflow/dags/python_operator_dag.py
[2023-01-18T04:18:16.186+0000] {task_command.py:384} INFO - Running <TaskInstance: python_operator_dag_v6.greet scheduled__2023-01-17T00:00:00+00:00 [running]> on host pythonoperatordagv6greet-9ffd7b663c524dfc885f4d27132af473
[2023-01-18T04:18:21.409+0000] {taskinstance.py:1592} INFO - Exporting the following env vars:
AIRFLOW_CTX_DAG_OWNER=airflow
AIRFLOW_CTX_DAG_ID=python_operator_dag_v6
AIRFLOW_CTX_TASK_ID=greet
AIRFLOW_CTX_EXECUTION_DATE=2023-01-17T00:00:00+00:00
AIRFLOW_CTX_TRY_NUMBER=1
AIRFLOW_CTX_DAG_RUN_ID=scheduled__2023-01-17T00:00:00+00:00
[2023-01-18T04:18:21.583+0000] {logging_mixin.py:117} INFO - Hello World! My name is Dung jazz, and I am 21 years old!
[2023-01-18T04:18:21.593+0000] {python.py:177} INFO - Done. Returned value was: None
[2023-01-18T04:18:21.637+0000] {taskinstance.py:1406} INFO - Marking task as SUCCESS. dag_id=python_operator_dag_v6, task_id=greet, execution_date=20230117T000000, start_date=20230118T041815, end_date=20230118T041821
[2023-01-18T04:18:21.869+0000] {local_task_job.py:164} INFO - Task exited with return code 0
[2023-01-18T04:18:21.984+0000] {local_task_job.py:273} INFO - 0 downstream tasks scheduled from follow-on schedule check
