[2023-01-04T04:46:27.227+0000] {taskinstance.py:1087} INFO - Dependencies all met for <TaskInstance: ticker_to_txt.save_ticker_list_to_txt manual__2023-01-04T04:46:25.094871+00:00 [queued]>
[2023-01-04T04:46:27.238+0000] {taskinstance.py:1087} INFO - Dependencies all met for <TaskInstance: ticker_to_txt.save_ticker_list_to_txt manual__2023-01-04T04:46:25.094871+00:00 [queued]>
[2023-01-04T04:46:27.238+0000] {taskinstance.py:1283} INFO - 
--------------------------------------------------------------------------------
[2023-01-04T04:46:27.238+0000] {taskinstance.py:1284} INFO - Starting attempt 1 of 1
[2023-01-04T04:46:27.238+0000] {taskinstance.py:1285} INFO - 
--------------------------------------------------------------------------------
[2023-01-04T04:46:27.443+0000] {taskinstance.py:1304} INFO - Executing <Task(BashOperator): save_ticker_list_to_txt> on 2023-01-04 04:46:25.094871+00:00
[2023-01-04T04:46:27.447+0000] {standard_task_runner.py:55} INFO - Started process 6000 to run task
[2023-01-04T04:46:27.450+0000] {standard_task_runner.py:82} INFO - Running: ['***', 'tasks', 'run', 'ticker_to_txt', 'save_ticker_list_to_txt', 'manual__2023-01-04T04:46:25.094871+00:00', '--job-id', '145', '--raw', '--subdir', 'DAGS_FOLDER/ticker.py', '--cfg-path', '/tmp/tmpttucnpbl']
[2023-01-04T04:46:27.451+0000] {standard_task_runner.py:83} INFO - Job 145: Subtask save_ticker_list_to_txt
[2023-01-04T04:46:27.557+0000] {task_command.py:389} INFO - Running <TaskInstance: ticker_to_txt.save_ticker_list_to_txt manual__2023-01-04T04:46:25.094871+00:00 [running]> on host e3ae32d114c2
[2023-01-04T04:46:27.886+0000] {taskinstance.py:1513} INFO - Exporting the following env vars:
AIRFLOW_CTX_DAG_OWNER=***
AIRFLOW_CTX_DAG_ID=ticker_to_txt
AIRFLOW_CTX_TASK_ID=save_ticker_list_to_txt
AIRFLOW_CTX_EXECUTION_DATE=2023-01-04T04:46:25.094871+00:00
AIRFLOW_CTX_TRY_NUMBER=1
AIRFLOW_CTX_DAG_RUN_ID=manual__2023-01-04T04:46:25.094871+00:00
[2023-01-04T04:46:27.886+0000] {subprocess.py:63} INFO - Tmp dir root location: 
 /tmp
[2023-01-04T04:46:27.887+0000] {subprocess.py:75} INFO - Running command: ['/bin/bash', '-c', 'python /opt/***/script/python/ticker_to_txt.py']
[2023-01-04T04:46:27.897+0000] {subprocess.py:86} INFO - Output:
[2023-01-04T04:46:29.845+0000] {subprocess.py:93} INFO - Save ticker successfully!
[2023-01-04T04:46:29.909+0000] {subprocess.py:97} INFO - Command exited with return code 0
[2023-01-04T04:46:29.977+0000] {taskinstance.py:1327} INFO - Marking task as SUCCESS. dag_id=ticker_to_txt, task_id=save_ticker_list_to_txt, execution_date=20230104T044625, start_date=20230104T044627, end_date=20230104T044629
[2023-01-04T04:46:30.041+0000] {local_task_job.py:159} INFO - Task exited with return code 0
[2023-01-04T04:46:30.065+0000] {taskinstance.py:2582} INFO - 0 downstream tasks scheduled from follow-on schedule check
