[2023-01-17T13:57:46.666+0000] {taskinstance.py:1165} INFO - Dependencies all met for <TaskInstance: python_operator_dag_v6.get_info manual__2023-01-17T13:56:43.287014+00:00 [queued]>
[2023-01-17T13:57:46.697+0000] {taskinstance.py:1165} INFO - Dependencies all met for <TaskInstance: python_operator_dag_v6.get_info manual__2023-01-17T13:56:43.287014+00:00 [queued]>
[2023-01-17T13:57:46.698+0000] {taskinstance.py:1362} INFO - 
--------------------------------------------------------------------------------
[2023-01-17T13:57:46.699+0000] {taskinstance.py:1363} INFO - Starting attempt 1 of 1
[2023-01-17T13:57:46.699+0000] {taskinstance.py:1364} INFO - 
--------------------------------------------------------------------------------
[2023-01-17T13:57:46.739+0000] {taskinstance.py:1383} INFO - Executing <Task(PythonOperator): get_info> on 2023-01-17 13:56:43.287014+00:00
[2023-01-17T13:57:46.747+0000] {standard_task_runner.py:54} INFO - Started process 21 to run task
[2023-01-17T13:57:46.757+0000] {standard_task_runner.py:82} INFO - Running: ['airflow', 'tasks', 'run', 'python_operator_dag_v6', 'get_info', 'manual__2023-01-17T13:56:43.287014+00:00', '--job-id', '19', '--raw', '--subdir', 'DAGS_FOLDER/python_operator_dag.py', '--cfg-path', '/tmp/tmpd7fetm0h']
[2023-01-17T13:57:46.760+0000] {standard_task_runner.py:83} INFO - Job 19: Subtask get_info
[2023-01-17T13:57:46.765+0000] {dagbag.py:525} INFO - Filling up the DagBag from /opt/airflow/dags/repo/Airflow/dags/python_operator_dag.py
[2023-01-17T13:57:52.153+0000] {task_command.py:384} INFO - Running <TaskInstance: python_operator_dag_v6.get_info manual__2023-01-17T13:56:43.287014+00:00 [running]> on host pythonoperatordagv6getinfo-ade3cf3d33e342f99e9268473802ec0f
[2023-01-17T13:57:55.632+0000] {taskinstance.py:1592} INFO - Exporting the following env vars:
AIRFLOW_CTX_DAG_OWNER=airflow
AIRFLOW_CTX_DAG_ID=python_operator_dag_v6
AIRFLOW_CTX_TASK_ID=get_info
AIRFLOW_CTX_EXECUTION_DATE=2023-01-17T13:56:43.287014+00:00
AIRFLOW_CTX_TRY_NUMBER=1
AIRFLOW_CTX_DAG_RUN_ID=manual__2023-01-17T13:56:43.287014+00:00
[2023-01-17T13:57:55.739+0000] {python.py:177} INFO - Done. Returned value was: None
[2023-01-17T13:57:55.769+0000] {taskinstance.py:1406} INFO - Marking task as SUCCESS. dag_id=python_operator_dag_v6, task_id=get_info, execution_date=20230117T135643, start_date=20230117T135746, end_date=20230117T135755
[2023-01-17T13:57:55.871+0000] {local_task_job.py:164} INFO - Task exited with return code 0
[2023-01-17T13:57:55.930+0000] {local_task_job.py:273} INFO - 1 downstream tasks scheduled from follow-on schedule check
