[2023-01-05T08:57:10.086+0000] {processor.py:153} INFO - Started process (PID=4851) to work on /opt/airflow/dags/balance_sheet.py
[2023-01-05T08:57:10.086+0000] {processor.py:743} INFO - Processing file /opt/airflow/dags/balance_sheet.py for tasks to queue
[2023-01-05T08:57:10.087+0000] {logging_mixin.py:137} INFO - [2023-01-05T08:57:10.087+0000] {dagbag.py:538} INFO - Filling up the DagBag from /opt/airflow/dags/balance_sheet.py
[2023-01-05T08:57:10.328+0000] {processor.py:753} INFO - DAG(s) dict_keys(['import_to_test_table_v1']) retrieved from /opt/airflow/dags/balance_sheet.py
[2023-01-05T08:57:10.387+0000] {logging_mixin.py:137} INFO - [2023-01-05T08:57:10.387+0000] {dag.py:2676} INFO - Sync 1 DAGs
[2023-01-05T08:57:10.408+0000] {logging_mixin.py:137} INFO - [2023-01-05T08:57:10.408+0000] {dag.py:3427} INFO - Setting next_dagrun for import_to_test_table_v1 to 2023-04-01T10:00:00+00:00, run_after=2023-07-01T10:00:00+00:00
[2023-01-05T08:57:10.471+0000] {processor.py:175} INFO - Processing /opt/airflow/dags/balance_sheet.py took 0.388 seconds
[2023-01-05T08:57:40.738+0000] {processor.py:153} INFO - Started process (PID=4898) to work on /opt/airflow/dags/balance_sheet.py
[2023-01-05T08:57:40.739+0000] {processor.py:743} INFO - Processing file /opt/airflow/dags/balance_sheet.py for tasks to queue
[2023-01-05T08:57:40.739+0000] {logging_mixin.py:137} INFO - [2023-01-05T08:57:40.739+0000] {dagbag.py:538} INFO - Filling up the DagBag from /opt/airflow/dags/balance_sheet.py
[2023-01-05T08:57:40.973+0000] {processor.py:753} INFO - DAG(s) dict_keys(['import_to_test_table_v1']) retrieved from /opt/airflow/dags/balance_sheet.py
[2023-01-05T08:57:41.004+0000] {logging_mixin.py:137} INFO - [2023-01-05T08:57:41.003+0000] {dag.py:2676} INFO - Sync 1 DAGs
[2023-01-05T08:57:41.027+0000] {logging_mixin.py:137} INFO - [2023-01-05T08:57:41.027+0000] {dag.py:3427} INFO - Setting next_dagrun for import_to_test_table_v1 to 2023-04-01T10:00:00+00:00, run_after=2023-07-01T10:00:00+00:00
[2023-01-05T08:57:41.106+0000] {processor.py:175} INFO - Processing /opt/airflow/dags/balance_sheet.py took 0.370 seconds
[2023-01-05T08:58:11.403+0000] {processor.py:153} INFO - Started process (PID=4965) to work on /opt/airflow/dags/balance_sheet.py
[2023-01-05T08:58:11.417+0000] {processor.py:743} INFO - Processing file /opt/airflow/dags/balance_sheet.py for tasks to queue
[2023-01-05T08:58:11.417+0000] {logging_mixin.py:137} INFO - [2023-01-05T08:58:11.417+0000] {dagbag.py:538} INFO - Filling up the DagBag from /opt/airflow/dags/balance_sheet.py
[2023-01-05T08:58:11.717+0000] {processor.py:753} INFO - DAG(s) dict_keys(['import_to_test_table_v1']) retrieved from /opt/airflow/dags/balance_sheet.py
[2023-01-05T08:58:11.744+0000] {logging_mixin.py:137} INFO - [2023-01-05T08:58:11.744+0000] {dag.py:2676} INFO - Sync 1 DAGs
[2023-01-05T08:58:11.774+0000] {logging_mixin.py:137} INFO - [2023-01-05T08:58:11.774+0000] {dag.py:3427} INFO - Setting next_dagrun for import_to_test_table_v1 to 2023-04-01T10:00:00+00:00, run_after=2023-07-01T10:00:00+00:00
[2023-01-05T08:58:11.994+0000] {processor.py:175} INFO - Processing /opt/airflow/dags/balance_sheet.py took 0.594 seconds
[2023-01-05T08:58:42.358+0000] {processor.py:153} INFO - Started process (PID=5012) to work on /opt/airflow/dags/balance_sheet.py
[2023-01-05T08:58:42.358+0000] {processor.py:743} INFO - Processing file /opt/airflow/dags/balance_sheet.py for tasks to queue
[2023-01-05T08:58:42.359+0000] {logging_mixin.py:137} INFO - [2023-01-05T08:58:42.359+0000] {dagbag.py:538} INFO - Filling up the DagBag from /opt/airflow/dags/balance_sheet.py
[2023-01-05T08:58:42.624+0000] {processor.py:753} INFO - DAG(s) dict_keys(['import_to_test_table_v1']) retrieved from /opt/airflow/dags/balance_sheet.py
[2023-01-05T08:58:42.688+0000] {logging_mixin.py:137} INFO - [2023-01-05T08:58:42.687+0000] {dag.py:2676} INFO - Sync 1 DAGs
[2023-01-05T08:58:42.709+0000] {logging_mixin.py:137} INFO - [2023-01-05T08:58:42.708+0000] {dag.py:3427} INFO - Setting next_dagrun for import_to_test_table_v1 to 2023-04-01T10:00:00+00:00, run_after=2023-07-01T10:00:00+00:00
[2023-01-05T08:58:42.758+0000] {processor.py:175} INFO - Processing /opt/airflow/dags/balance_sheet.py took 0.403 seconds
[2023-01-05T08:59:12.973+0000] {processor.py:153} INFO - Started process (PID=5068) to work on /opt/airflow/dags/balance_sheet.py
[2023-01-05T08:59:12.973+0000] {processor.py:743} INFO - Processing file /opt/airflow/dags/balance_sheet.py for tasks to queue
[2023-01-05T08:59:12.974+0000] {logging_mixin.py:137} INFO - [2023-01-05T08:59:12.974+0000] {dagbag.py:538} INFO - Filling up the DagBag from /opt/airflow/dags/balance_sheet.py
[2023-01-05T08:59:13.204+0000] {processor.py:753} INFO - DAG(s) dict_keys(['import_to_test_table_v1']) retrieved from /opt/airflow/dags/balance_sheet.py
[2023-01-05T08:59:13.234+0000] {logging_mixin.py:137} INFO - [2023-01-05T08:59:13.233+0000] {dag.py:2676} INFO - Sync 1 DAGs
[2023-01-05T08:59:13.259+0000] {logging_mixin.py:137} INFO - [2023-01-05T08:59:13.259+0000] {dag.py:3427} INFO - Setting next_dagrun for import_to_test_table_v1 to 2023-04-01T10:00:00+00:00, run_after=2023-07-01T10:00:00+00:00
[2023-01-05T08:59:13.314+0000] {processor.py:175} INFO - Processing /opt/airflow/dags/balance_sheet.py took 0.344 seconds
[2023-01-05T08:59:43.678+0000] {processor.py:153} INFO - Started process (PID=5126) to work on /opt/airflow/dags/balance_sheet.py
[2023-01-05T08:59:43.723+0000] {processor.py:743} INFO - Processing file /opt/airflow/dags/balance_sheet.py for tasks to queue
[2023-01-05T08:59:43.723+0000] {logging_mixin.py:137} INFO - [2023-01-05T08:59:43.723+0000] {dagbag.py:538} INFO - Filling up the DagBag from /opt/airflow/dags/balance_sheet.py
[2023-01-05T08:59:43.969+0000] {processor.py:753} INFO - DAG(s) dict_keys(['import_to_test_table_v1']) retrieved from /opt/airflow/dags/balance_sheet.py
[2023-01-05T08:59:43.989+0000] {logging_mixin.py:137} INFO - [2023-01-05T08:59:43.989+0000] {dag.py:2676} INFO - Sync 1 DAGs
[2023-01-05T08:59:44.015+0000] {logging_mixin.py:137} INFO - [2023-01-05T08:59:44.015+0000] {dag.py:3427} INFO - Setting next_dagrun for import_to_test_table_v1 to 2023-04-01T10:00:00+00:00, run_after=2023-07-01T10:00:00+00:00
[2023-01-05T08:59:44.075+0000] {processor.py:175} INFO - Processing /opt/airflow/dags/balance_sheet.py took 0.399 seconds
[2023-01-05T09:00:14.342+0000] {processor.py:153} INFO - Started process (PID=5173) to work on /opt/airflow/dags/balance_sheet.py
[2023-01-05T09:00:14.342+0000] {processor.py:743} INFO - Processing file /opt/airflow/dags/balance_sheet.py for tasks to queue
[2023-01-05T09:00:14.343+0000] {logging_mixin.py:137} INFO - [2023-01-05T09:00:14.343+0000] {dagbag.py:538} INFO - Filling up the DagBag from /opt/airflow/dags/balance_sheet.py
[2023-01-05T09:00:14.573+0000] {processor.py:753} INFO - DAG(s) dict_keys(['import_to_test_table_v1']) retrieved from /opt/airflow/dags/balance_sheet.py
[2023-01-05T09:00:14.632+0000] {logging_mixin.py:137} INFO - [2023-01-05T09:00:14.631+0000] {dag.py:2676} INFO - Sync 1 DAGs
[2023-01-05T09:00:14.651+0000] {logging_mixin.py:137} INFO - [2023-01-05T09:00:14.651+0000] {dag.py:3427} INFO - Setting next_dagrun for import_to_test_table_v1 to 2023-04-01T10:00:00+00:00, run_after=2023-07-01T10:00:00+00:00
[2023-01-05T09:00:14.823+0000] {processor.py:175} INFO - Processing /opt/airflow/dags/balance_sheet.py took 0.483 seconds
[2023-01-05T09:00:44.960+0000] {processor.py:153} INFO - Started process (PID=5240) to work on /opt/airflow/dags/balance_sheet.py
[2023-01-05T09:00:44.977+0000] {processor.py:743} INFO - Processing file /opt/airflow/dags/balance_sheet.py for tasks to queue
[2023-01-05T09:00:44.978+0000] {logging_mixin.py:137} INFO - [2023-01-05T09:00:44.977+0000] {dagbag.py:538} INFO - Filling up the DagBag from /opt/airflow/dags/balance_sheet.py
[2023-01-05T09:00:45.182+0000] {processor.py:753} INFO - DAG(s) dict_keys(['import_to_test_table_v1']) retrieved from /opt/airflow/dags/balance_sheet.py
[2023-01-05T09:00:45.211+0000] {logging_mixin.py:137} INFO - [2023-01-05T09:00:45.210+0000] {dag.py:2676} INFO - Sync 1 DAGs
[2023-01-05T09:00:45.232+0000] {logging_mixin.py:137} INFO - [2023-01-05T09:00:45.232+0000] {dag.py:3427} INFO - Setting next_dagrun for import_to_test_table_v1 to 2023-04-01T10:00:00+00:00, run_after=2023-07-01T10:00:00+00:00
[2023-01-05T09:00:45.324+0000] {processor.py:175} INFO - Processing /opt/airflow/dags/balance_sheet.py took 0.366 seconds
[2023-01-05T09:01:15.623+0000] {processor.py:153} INFO - Started process (PID=5287) to work on /opt/airflow/dags/balance_sheet.py
[2023-01-05T09:01:15.624+0000] {processor.py:743} INFO - Processing file /opt/airflow/dags/balance_sheet.py for tasks to queue
[2023-01-05T09:01:15.624+0000] {logging_mixin.py:137} INFO - [2023-01-05T09:01:15.624+0000] {dagbag.py:538} INFO - Filling up the DagBag from /opt/airflow/dags/balance_sheet.py
[2023-01-05T09:01:15.910+0000] {processor.py:753} INFO - DAG(s) dict_keys(['import_to_test_table_v1']) retrieved from /opt/airflow/dags/balance_sheet.py
[2023-01-05T09:01:15.932+0000] {logging_mixin.py:137} INFO - [2023-01-05T09:01:15.932+0000] {dag.py:2676} INFO - Sync 1 DAGs
[2023-01-05T09:01:15.965+0000] {logging_mixin.py:137} INFO - [2023-01-05T09:01:15.965+0000] {dag.py:3427} INFO - Setting next_dagrun for import_to_test_table_v1 to 2023-04-01T10:00:00+00:00, run_after=2023-07-01T10:00:00+00:00
[2023-01-05T09:01:16.030+0000] {processor.py:175} INFO - Processing /opt/airflow/dags/balance_sheet.py took 0.409 seconds
[2023-01-05T09:01:46.364+0000] {processor.py:153} INFO - Started process (PID=5354) to work on /opt/airflow/dags/balance_sheet.py
[2023-01-05T09:01:46.375+0000] {processor.py:743} INFO - Processing file /opt/airflow/dags/balance_sheet.py for tasks to queue
[2023-01-05T09:01:46.376+0000] {logging_mixin.py:137} INFO - [2023-01-05T09:01:46.376+0000] {dagbag.py:538} INFO - Filling up the DagBag from /opt/airflow/dags/balance_sheet.py
[2023-01-05T09:01:46.599+0000] {processor.py:753} INFO - DAG(s) dict_keys(['import_to_test_table_v1']) retrieved from /opt/airflow/dags/balance_sheet.py
[2023-01-05T09:01:46.671+0000] {logging_mixin.py:137} INFO - [2023-01-05T09:01:46.670+0000] {dag.py:2676} INFO - Sync 1 DAGs
[2023-01-05T09:01:46.693+0000] {logging_mixin.py:137} INFO - [2023-01-05T09:01:46.692+0000] {dag.py:3427} INFO - Setting next_dagrun for import_to_test_table_v1 to 2023-04-01T10:00:00+00:00, run_after=2023-07-01T10:00:00+00:00
[2023-01-05T09:01:46.736+0000] {processor.py:175} INFO - Processing /opt/airflow/dags/balance_sheet.py took 0.374 seconds
[2023-01-05T09:02:17.036+0000] {processor.py:153} INFO - Started process (PID=5401) to work on /opt/airflow/dags/balance_sheet.py
[2023-01-05T09:02:17.037+0000] {processor.py:743} INFO - Processing file /opt/airflow/dags/balance_sheet.py for tasks to queue
[2023-01-05T09:02:17.037+0000] {logging_mixin.py:137} INFO - [2023-01-05T09:02:17.037+0000] {dagbag.py:538} INFO - Filling up the DagBag from /opt/airflow/dags/balance_sheet.py
[2023-01-05T09:02:17.274+0000] {processor.py:753} INFO - DAG(s) dict_keys(['import_to_test_table_v1']) retrieved from /opt/airflow/dags/balance_sheet.py
[2023-01-05T09:02:17.304+0000] {logging_mixin.py:137} INFO - [2023-01-05T09:02:17.304+0000] {dag.py:2676} INFO - Sync 1 DAGs
[2023-01-05T09:02:17.336+0000] {logging_mixin.py:137} INFO - [2023-01-05T09:02:17.336+0000] {dag.py:3427} INFO - Setting next_dagrun for import_to_test_table_v1 to 2023-04-01T10:00:00+00:00, run_after=2023-07-01T10:00:00+00:00
[2023-01-05T09:02:17.499+0000] {processor.py:175} INFO - Processing /opt/airflow/dags/balance_sheet.py took 0.466 seconds
[2023-01-05T09:02:47.763+0000] {processor.py:153} INFO - Started process (PID=5468) to work on /opt/airflow/dags/balance_sheet.py
[2023-01-05T09:02:47.781+0000] {processor.py:743} INFO - Processing file /opt/airflow/dags/balance_sheet.py for tasks to queue
[2023-01-05T09:02:47.782+0000] {logging_mixin.py:137} INFO - [2023-01-05T09:02:47.782+0000] {dagbag.py:538} INFO - Filling up the DagBag from /opt/airflow/dags/balance_sheet.py
[2023-01-05T09:02:48.148+0000] {processor.py:753} INFO - DAG(s) dict_keys(['import_to_test_table_v1']) retrieved from /opt/airflow/dags/balance_sheet.py
[2023-01-05T09:02:48.179+0000] {logging_mixin.py:137} INFO - [2023-01-05T09:02:48.178+0000] {dag.py:2676} INFO - Sync 1 DAGs
[2023-01-05T09:02:48.224+0000] {logging_mixin.py:137} INFO - [2023-01-05T09:02:48.224+0000] {dag.py:3427} INFO - Setting next_dagrun for import_to_test_table_v1 to 2023-04-01T10:00:00+00:00, run_after=2023-07-01T10:00:00+00:00
[2023-01-05T09:02:48.344+0000] {processor.py:175} INFO - Processing /opt/airflow/dags/balance_sheet.py took 0.584 seconds
[2023-01-05T09:03:18.653+0000] {processor.py:153} INFO - Started process (PID=5515) to work on /opt/airflow/dags/balance_sheet.py
[2023-01-05T09:03:18.654+0000] {processor.py:743} INFO - Processing file /opt/airflow/dags/balance_sheet.py for tasks to queue
[2023-01-05T09:03:18.654+0000] {logging_mixin.py:137} INFO - [2023-01-05T09:03:18.654+0000] {dagbag.py:538} INFO - Filling up the DagBag from /opt/airflow/dags/balance_sheet.py
[2023-01-05T09:03:18.897+0000] {processor.py:753} INFO - DAG(s) dict_keys(['import_to_test_table_v1']) retrieved from /opt/airflow/dags/balance_sheet.py
[2023-01-05T09:03:18.961+0000] {logging_mixin.py:137} INFO - [2023-01-05T09:03:18.961+0000] {dag.py:2676} INFO - Sync 1 DAGs
[2023-01-05T09:03:18.983+0000] {logging_mixin.py:137} INFO - [2023-01-05T09:03:18.983+0000] {dag.py:3427} INFO - Setting next_dagrun for import_to_test_table_v1 to 2023-04-01T10:00:00+00:00, run_after=2023-07-01T10:00:00+00:00
[2023-01-05T09:03:19.031+0000] {processor.py:175} INFO - Processing /opt/airflow/dags/balance_sheet.py took 0.380 seconds
[2023-01-05T09:03:49.294+0000] {processor.py:153} INFO - Started process (PID=5562) to work on /opt/airflow/dags/balance_sheet.py
[2023-01-05T09:03:49.315+0000] {processor.py:743} INFO - Processing file /opt/airflow/dags/balance_sheet.py for tasks to queue
[2023-01-05T09:03:49.316+0000] {logging_mixin.py:137} INFO - [2023-01-05T09:03:49.315+0000] {dagbag.py:538} INFO - Filling up the DagBag from /opt/airflow/dags/balance_sheet.py
[2023-01-05T09:03:49.543+0000] {processor.py:753} INFO - DAG(s) dict_keys(['import_to_test_table_v1']) retrieved from /opt/airflow/dags/balance_sheet.py
[2023-01-05T09:03:49.570+0000] {logging_mixin.py:137} INFO - [2023-01-05T09:03:49.569+0000] {dag.py:2676} INFO - Sync 1 DAGs
[2023-01-05T09:03:49.592+0000] {logging_mixin.py:137} INFO - [2023-01-05T09:03:49.592+0000] {dag.py:3427} INFO - Setting next_dagrun for import_to_test_table_v1 to 2023-04-01T10:00:00+00:00, run_after=2023-07-01T10:00:00+00:00
[2023-01-05T09:03:49.663+0000] {processor.py:175} INFO - Processing /opt/airflow/dags/balance_sheet.py took 0.371 seconds
[2023-01-05T09:04:19.988+0000] {processor.py:153} INFO - Started process (PID=5629) to work on /opt/airflow/dags/balance_sheet.py
[2023-01-05T09:04:19.988+0000] {processor.py:743} INFO - Processing file /opt/airflow/dags/balance_sheet.py for tasks to queue
[2023-01-05T09:04:19.989+0000] {logging_mixin.py:137} INFO - [2023-01-05T09:04:19.989+0000] {dagbag.py:538} INFO - Filling up the DagBag from /opt/airflow/dags/balance_sheet.py
[2023-01-05T09:04:20.258+0000] {processor.py:753} INFO - DAG(s) dict_keys(['import_to_test_table_v1']) retrieved from /opt/airflow/dags/balance_sheet.py
[2023-01-05T09:04:20.278+0000] {logging_mixin.py:137} INFO - [2023-01-05T09:04:20.277+0000] {dag.py:2676} INFO - Sync 1 DAGs
[2023-01-05T09:04:20.300+0000] {logging_mixin.py:137} INFO - [2023-01-05T09:04:20.300+0000] {dag.py:3427} INFO - Setting next_dagrun for import_to_test_table_v1 to 2023-04-01T10:00:00+00:00, run_after=2023-07-01T10:00:00+00:00
[2023-01-05T09:04:20.509+0000] {processor.py:175} INFO - Processing /opt/airflow/dags/balance_sheet.py took 0.524 seconds
[2023-01-05T09:04:50.697+0000] {processor.py:153} INFO - Started process (PID=5676) to work on /opt/airflow/dags/balance_sheet.py
[2023-01-05T09:04:50.719+0000] {processor.py:743} INFO - Processing file /opt/airflow/dags/balance_sheet.py for tasks to queue
[2023-01-05T09:04:50.720+0000] {logging_mixin.py:137} INFO - [2023-01-05T09:04:50.720+0000] {dagbag.py:538} INFO - Filling up the DagBag from /opt/airflow/dags/balance_sheet.py
[2023-01-05T09:04:50.947+0000] {processor.py:753} INFO - DAG(s) dict_keys(['import_to_test_table_v1']) retrieved from /opt/airflow/dags/balance_sheet.py
[2023-01-05T09:04:51.012+0000] {logging_mixin.py:137} INFO - [2023-01-05T09:04:51.011+0000] {dag.py:2676} INFO - Sync 1 DAGs
[2023-01-05T09:04:51.052+0000] {logging_mixin.py:137} INFO - [2023-01-05T09:04:51.052+0000] {dag.py:3427} INFO - Setting next_dagrun for import_to_test_table_v1 to 2023-04-01T10:00:00+00:00, run_after=2023-07-01T10:00:00+00:00
[2023-01-05T09:04:51.119+0000] {processor.py:175} INFO - Processing /opt/airflow/dags/balance_sheet.py took 0.425 seconds
[2023-01-05T09:05:21.398+0000] {processor.py:153} INFO - Started process (PID=5743) to work on /opt/airflow/dags/balance_sheet.py
[2023-01-05T09:05:21.399+0000] {processor.py:743} INFO - Processing file /opt/airflow/dags/balance_sheet.py for tasks to queue
[2023-01-05T09:05:21.399+0000] {logging_mixin.py:137} INFO - [2023-01-05T09:05:21.399+0000] {dagbag.py:538} INFO - Filling up the DagBag from /opt/airflow/dags/balance_sheet.py
[2023-01-05T09:05:21.654+0000] {processor.py:753} INFO - DAG(s) dict_keys(['import_to_test_table_v1']) retrieved from /opt/airflow/dags/balance_sheet.py
[2023-01-05T09:05:21.692+0000] {logging_mixin.py:137} INFO - [2023-01-05T09:05:21.691+0000] {dag.py:2676} INFO - Sync 1 DAGs
[2023-01-05T09:05:21.718+0000] {logging_mixin.py:137} INFO - [2023-01-05T09:05:21.718+0000] {dag.py:3427} INFO - Setting next_dagrun for import_to_test_table_v1 to 2023-04-01T10:00:00+00:00, run_after=2023-07-01T10:00:00+00:00
[2023-01-05T09:05:21.819+0000] {processor.py:175} INFO - Processing /opt/airflow/dags/balance_sheet.py took 0.424 seconds
[2023-01-05T09:05:52.140+0000] {processor.py:153} INFO - Started process (PID=5790) to work on /opt/airflow/dags/balance_sheet.py
[2023-01-05T09:05:52.162+0000] {processor.py:743} INFO - Processing file /opt/airflow/dags/balance_sheet.py for tasks to queue
[2023-01-05T09:05:52.163+0000] {logging_mixin.py:137} INFO - [2023-01-05T09:05:52.163+0000] {dagbag.py:538} INFO - Filling up the DagBag from /opt/airflow/dags/balance_sheet.py
[2023-01-05T09:05:52.406+0000] {processor.py:753} INFO - DAG(s) dict_keys(['import_to_test_table_v1']) retrieved from /opt/airflow/dags/balance_sheet.py
[2023-01-05T09:05:52.427+0000] {logging_mixin.py:137} INFO - [2023-01-05T09:05:52.426+0000] {dag.py:2676} INFO - Sync 1 DAGs
[2023-01-05T09:05:52.477+0000] {logging_mixin.py:137} INFO - [2023-01-05T09:05:52.477+0000] {dag.py:3427} INFO - Setting next_dagrun for import_to_test_table_v1 to 2023-04-01T10:00:00+00:00, run_after=2023-07-01T10:00:00+00:00
[2023-01-05T09:05:52.536+0000] {processor.py:175} INFO - Processing /opt/airflow/dags/balance_sheet.py took 0.399 seconds
[2023-01-05T09:06:22.853+0000] {processor.py:153} INFO - Started process (PID=5837) to work on /opt/airflow/dags/balance_sheet.py
[2023-01-05T09:06:22.854+0000] {processor.py:743} INFO - Processing file /opt/airflow/dags/balance_sheet.py for tasks to queue
[2023-01-05T09:06:22.854+0000] {logging_mixin.py:137} INFO - [2023-01-05T09:06:22.854+0000] {dagbag.py:538} INFO - Filling up the DagBag from /opt/airflow/dags/balance_sheet.py
[2023-01-05T09:06:23.182+0000] {processor.py:753} INFO - DAG(s) dict_keys(['import_to_test_table_v1']) retrieved from /opt/airflow/dags/balance_sheet.py
[2023-01-05T09:06:23.284+0000] {logging_mixin.py:137} INFO - [2023-01-05T09:06:23.283+0000] {dag.py:2676} INFO - Sync 1 DAGs
[2023-01-05T09:06:23.311+0000] {logging_mixin.py:137} INFO - [2023-01-05T09:06:23.311+0000] {dag.py:3427} INFO - Setting next_dagrun for import_to_test_table_v1 to 2023-04-01T10:00:00+00:00, run_after=2023-07-01T10:00:00+00:00
[2023-01-05T09:06:23.397+0000] {processor.py:175} INFO - Processing /opt/airflow/dags/balance_sheet.py took 0.547 seconds
