[2022-12-31T12:55:19.331+0000] {processor.py:153} INFO - Started process (PID=526) to work on /opt/airflow/dags/import_directly.py
[2022-12-31T12:55:19.332+0000] {processor.py:743} INFO - Processing file /opt/airflow/dags/import_directly.py for tasks to queue
[2022-12-31T12:55:19.333+0000] {logging_mixin.py:137} INFO - [2022-12-31T12:55:19.333+0000] {dagbag.py:538} INFO - Filling up the DagBag from /opt/airflow/dags/import_directly.py
[2022-12-31T12:55:58.054+0000] {logging_mixin.py:137} INFO - [2022-12-31T12:55:58.053+0000] {timeout.py:68} ERROR - Process timed out, PID: 526
[2022-12-31T12:56:00.381+0000] {logging_mixin.py:137} INFO - [2022-12-31T12:55:58.055+0000] {dagbag.py:343} ERROR - Failed to import: /opt/airflow/dags/import_directly.py
Traceback (most recent call last):
  File "/home/airflow/.local/lib/python3.7/site-packages/airflow/models/dagbag.py", line 339, in parse
    loader.exec_module(new_module)
  File "<frozen importlib._bootstrap_external>", line 728, in exec_module
  File "<frozen importlib._bootstrap>", line 219, in _call_with_frames_removed
  File "/opt/airflow/dags/import_directly.py", line 6, in <module>
    from vnstock import *
  File "/home/airflow/.local/lib/python3.7/site-packages/vnstock/__init__.py", line 7, in <module>
    from .stock import *
  File "/home/airflow/.local/lib/python3.7/site-packages/vnstock/stock.py", line 4, in <module>
    import pandas as pd
  File "/home/airflow/.local/lib/python3.7/site-packages/pandas/__init__.py", line 22, in <module>
    from pandas.compat import (
  File "/home/airflow/.local/lib/python3.7/site-packages/pandas/compat/__init__.py", line 23, in <module>
    from pandas.compat.pyarrow import (
  File "/home/airflow/.local/lib/python3.7/site-packages/pandas/compat/pyarrow.py", line 6, in <module>
    import pyarrow as pa
  File "/home/airflow/.local/lib/python3.7/site-packages/pyarrow/__init__.py", line 65, in <module>
    import pyarrow.lib as _lib
  File "<frozen importlib._bootstrap>", line 416, in parent
  File "/home/airflow/.local/lib/python3.7/site-packages/airflow/utils/timeout.py", line 69, in handle_timeout
    raise AirflowTaskTimeout(self.error_message)
airflow.exceptions.AirflowTaskTimeout: DagBag import timeout for /opt/airflow/dags/import_directly.py after 30.0s.
Please take a look at these docs to improve your DAG import time:
* https://airflow.apache.org/docs/apache-airflow/2.5.0/best-practices.html#top-level-python-code
* https://airflow.apache.org/docs/apache-airflow/2.5.0/best-practices.html#reducing-dag-complexity, PID: 526
[2022-12-31T12:56:00.383+0000] {processor.py:755} WARNING - No viable dags retrieved from /opt/airflow/dags/import_directly.py
[2022-12-31T12:56:01.626+0000] {processor.py:175} INFO - Processing /opt/airflow/dags/import_directly.py took 42.298 seconds
[2022-12-31T12:56:31.887+0000] {processor.py:153} INFO - Started process (PID=635) to work on /opt/airflow/dags/import_directly.py
[2022-12-31T12:56:31.918+0000] {processor.py:743} INFO - Processing file /opt/airflow/dags/import_directly.py for tasks to queue
[2022-12-31T12:56:31.921+0000] {logging_mixin.py:137} INFO - [2022-12-31T12:56:31.921+0000] {dagbag.py:538} INFO - Filling up the DagBag from /opt/airflow/dags/import_directly.py
[2022-12-31T12:57:01.949+0000] {logging_mixin.py:137} INFO - [2022-12-31T12:57:01.940+0000] {timeout.py:68} ERROR - Process timed out, PID: 635
[2022-12-31T12:57:02.051+0000] {logging_mixin.py:137} INFO - [2022-12-31T12:57:01.950+0000] {dagbag.py:343} ERROR - Failed to import: /opt/airflow/dags/import_directly.py
Traceback (most recent call last):
  File "/home/airflow/.local/lib/python3.7/site-packages/airflow/models/dagbag.py", line 339, in parse
    loader.exec_module(new_module)
  File "<frozen importlib._bootstrap_external>", line 728, in exec_module
  File "<frozen importlib._bootstrap>", line 219, in _call_with_frames_removed
  File "/opt/airflow/dags/import_directly.py", line 6, in <module>
    from vnstock import *
  File "/home/airflow/.local/lib/python3.7/site-packages/vnstock/__init__.py", line 7, in <module>
    from .stock import *
  File "/home/airflow/.local/lib/python3.7/site-packages/vnstock/stock.py", line 4, in <module>
    import pandas as pd
  File "/home/airflow/.local/lib/python3.7/site-packages/pandas/__init__.py", line 143, in <module>
    from pandas.io.api import (
  File "/home/airflow/.local/lib/python3.7/site-packages/pandas/io/api.py", line 28, in <module>
    from pandas.io.pytables import (
  File "<frozen importlib._bootstrap>", line 983, in _find_and_load
  File "<frozen importlib._bootstrap>", line 967, in _find_and_load_unlocked
  File "<frozen importlib._bootstrap>", line 677, in _load_unlocked
  File "<frozen importlib._bootstrap_external>", line 724, in exec_module
  File "<frozen importlib._bootstrap_external>", line 818, in get_code
  File "<frozen importlib._bootstrap_external>", line 917, in get_data
  File "/home/airflow/.local/lib/python3.7/site-packages/airflow/utils/timeout.py", line 69, in handle_timeout
    raise AirflowTaskTimeout(self.error_message)
airflow.exceptions.AirflowTaskTimeout: DagBag import timeout for /opt/airflow/dags/import_directly.py after 30.0s.
Please take a look at these docs to improve your DAG import time:
* https://airflow.apache.org/docs/apache-airflow/2.5.0/best-practices.html#top-level-python-code
* https://airflow.apache.org/docs/apache-airflow/2.5.0/best-practices.html#reducing-dag-complexity, PID: 635
[2022-12-31T12:57:02.052+0000] {processor.py:755} WARNING - No viable dags retrieved from /opt/airflow/dags/import_directly.py
[2022-12-31T12:57:02.624+0000] {processor.py:175} INFO - Processing /opt/airflow/dags/import_directly.py took 30.739 seconds
