[2022-12-21T14:45:04.366+0000] {processor.py:153} INFO - Started process (PID=64) to work on /opt/airflow/dags/task_flow_api_dag.py
[2022-12-21T14:45:04.367+0000] {processor.py:743} INFO - Processing file /opt/airflow/dags/task_flow_api_dag.py for tasks to queue
[2022-12-21T14:45:04.367+0000] {logging_mixin.py:137} INFO - [2022-12-21T14:45:04.367+0000] {dagbag.py:538} INFO - Filling up the DagBag from /opt/airflow/dags/task_flow_api_dag.py
[2022-12-21T14:45:04.368+0000] {processor.py:755} WARNING - No viable dags retrieved from /opt/airflow/dags/task_flow_api_dag.py
[2022-12-21T14:45:04.379+0000] {processor.py:175} INFO - Processing /opt/airflow/dags/task_flow_api_dag.py took 0.015 seconds
[2022-12-21T14:45:35.069+0000] {processor.py:153} INFO - Started process (PID=108) to work on /opt/airflow/dags/task_flow_api_dag.py
[2022-12-21T14:45:35.246+0000] {processor.py:743} INFO - Processing file /opt/airflow/dags/task_flow_api_dag.py for tasks to queue
[2022-12-21T14:45:35.246+0000] {logging_mixin.py:137} INFO - [2022-12-21T14:45:35.246+0000] {dagbag.py:538} INFO - Filling up the DagBag from /opt/airflow/dags/task_flow_api_dag.py
[2022-12-21T14:45:35.247+0000] {processor.py:755} WARNING - No viable dags retrieved from /opt/airflow/dags/task_flow_api_dag.py
[2022-12-21T14:45:35.257+0000] {processor.py:175} INFO - Processing /opt/airflow/dags/task_flow_api_dag.py took 0.191 seconds
[2022-12-21T14:46:06.013+0000] {processor.py:153} INFO - Started process (PID=172) to work on /opt/airflow/dags/task_flow_api_dag.py
[2022-12-21T14:46:06.014+0000] {processor.py:743} INFO - Processing file /opt/airflow/dags/task_flow_api_dag.py for tasks to queue
[2022-12-21T14:46:06.014+0000] {logging_mixin.py:137} INFO - [2022-12-21T14:46:06.014+0000] {dagbag.py:538} INFO - Filling up the DagBag from /opt/airflow/dags/task_flow_api_dag.py
[2022-12-21T14:46:06.015+0000] {processor.py:755} WARNING - No viable dags retrieved from /opt/airflow/dags/task_flow_api_dag.py
[2022-12-21T14:46:06.025+0000] {processor.py:175} INFO - Processing /opt/airflow/dags/task_flow_api_dag.py took 0.014 seconds
[2022-12-21T14:46:37.202+0000] {processor.py:153} INFO - Started process (PID=216) to work on /opt/airflow/dags/task_flow_api_dag.py
[2022-12-21T14:46:37.202+0000] {processor.py:743} INFO - Processing file /opt/airflow/dags/task_flow_api_dag.py for tasks to queue
[2022-12-21T14:46:37.203+0000] {logging_mixin.py:137} INFO - [2022-12-21T14:46:37.203+0000] {dagbag.py:538} INFO - Filling up the DagBag from /opt/airflow/dags/task_flow_api_dag.py
[2022-12-21T14:46:37.204+0000] {processor.py:755} WARNING - No viable dags retrieved from /opt/airflow/dags/task_flow_api_dag.py
[2022-12-21T14:46:37.214+0000] {processor.py:175} INFO - Processing /opt/airflow/dags/task_flow_api_dag.py took 0.014 seconds
[2022-12-21T14:47:07.588+0000] {processor.py:153} INFO - Started process (PID=260) to work on /opt/airflow/dags/task_flow_api_dag.py
[2022-12-21T14:47:07.655+0000] {processor.py:743} INFO - Processing file /opt/airflow/dags/task_flow_api_dag.py for tasks to queue
[2022-12-21T14:47:07.655+0000] {logging_mixin.py:137} INFO - [2022-12-21T14:47:07.655+0000] {dagbag.py:538} INFO - Filling up the DagBag from /opt/airflow/dags/task_flow_api_dag.py
[2022-12-21T14:47:07.656+0000] {processor.py:755} WARNING - No viable dags retrieved from /opt/airflow/dags/task_flow_api_dag.py
[2022-12-21T14:47:07.667+0000] {processor.py:175} INFO - Processing /opt/airflow/dags/task_flow_api_dag.py took 0.082 seconds
[2022-12-21T14:47:38.192+0000] {processor.py:153} INFO - Started process (PID=324) to work on /opt/airflow/dags/task_flow_api_dag.py
[2022-12-21T14:47:38.234+0000] {processor.py:743} INFO - Processing file /opt/airflow/dags/task_flow_api_dag.py for tasks to queue
[2022-12-21T14:47:38.235+0000] {logging_mixin.py:137} INFO - [2022-12-21T14:47:38.235+0000] {dagbag.py:538} INFO - Filling up the DagBag from /opt/airflow/dags/task_flow_api_dag.py
[2022-12-21T14:47:38.236+0000] {processor.py:755} WARNING - No viable dags retrieved from /opt/airflow/dags/task_flow_api_dag.py
[2022-12-21T14:47:38.247+0000] {processor.py:175} INFO - Processing /opt/airflow/dags/task_flow_api_dag.py took 0.057 seconds
[2022-12-21T14:48:08.698+0000] {processor.py:153} INFO - Started process (PID=368) to work on /opt/airflow/dags/task_flow_api_dag.py
[2022-12-21T14:48:08.811+0000] {processor.py:743} INFO - Processing file /opt/airflow/dags/task_flow_api_dag.py for tasks to queue
[2022-12-21T14:48:08.811+0000] {logging_mixin.py:137} INFO - [2022-12-21T14:48:08.811+0000] {dagbag.py:538} INFO - Filling up the DagBag from /opt/airflow/dags/task_flow_api_dag.py
[2022-12-21T14:48:08.812+0000] {processor.py:755} WARNING - No viable dags retrieved from /opt/airflow/dags/task_flow_api_dag.py
[2022-12-21T14:48:08.822+0000] {processor.py:175} INFO - Processing /opt/airflow/dags/task_flow_api_dag.py took 0.126 seconds
[2022-12-21T14:48:39.135+0000] {processor.py:153} INFO - Started process (PID=432) to work on /opt/airflow/dags/task_flow_api_dag.py
[2022-12-21T14:48:39.145+0000] {processor.py:743} INFO - Processing file /opt/airflow/dags/task_flow_api_dag.py for tasks to queue
[2022-12-21T14:48:39.145+0000] {logging_mixin.py:137} INFO - [2022-12-21T14:48:39.145+0000] {dagbag.py:538} INFO - Filling up the DagBag from /opt/airflow/dags/task_flow_api_dag.py
[2022-12-21T14:48:39.146+0000] {processor.py:755} WARNING - No viable dags retrieved from /opt/airflow/dags/task_flow_api_dag.py
[2022-12-21T14:48:39.157+0000] {processor.py:175} INFO - Processing /opt/airflow/dags/task_flow_api_dag.py took 0.024 seconds
[2022-12-21T14:49:09.447+0000] {processor.py:153} INFO - Started process (PID=476) to work on /opt/airflow/dags/task_flow_api_dag.py
[2022-12-21T14:49:09.459+0000] {processor.py:743} INFO - Processing file /opt/airflow/dags/task_flow_api_dag.py for tasks to queue
[2022-12-21T14:49:09.460+0000] {logging_mixin.py:137} INFO - [2022-12-21T14:49:09.460+0000] {dagbag.py:538} INFO - Filling up the DagBag from /opt/airflow/dags/task_flow_api_dag.py
[2022-12-21T14:49:09.461+0000] {processor.py:755} WARNING - No viable dags retrieved from /opt/airflow/dags/task_flow_api_dag.py
[2022-12-21T14:49:09.472+0000] {processor.py:175} INFO - Processing /opt/airflow/dags/task_flow_api_dag.py took 0.027 seconds
[2022-12-21T14:49:39.873+0000] {processor.py:153} INFO - Started process (PID=540) to work on /opt/airflow/dags/task_flow_api_dag.py
[2022-12-21T14:49:39.885+0000] {processor.py:743} INFO - Processing file /opt/airflow/dags/task_flow_api_dag.py for tasks to queue
[2022-12-21T14:49:39.886+0000] {logging_mixin.py:137} INFO - [2022-12-21T14:49:39.886+0000] {dagbag.py:538} INFO - Filling up the DagBag from /opt/airflow/dags/task_flow_api_dag.py
[2022-12-21T14:49:39.887+0000] {processor.py:755} WARNING - No viable dags retrieved from /opt/airflow/dags/task_flow_api_dag.py
[2022-12-21T14:49:39.897+0000] {processor.py:175} INFO - Processing /opt/airflow/dags/task_flow_api_dag.py took 0.027 seconds
[2022-12-21T14:50:10.207+0000] {processor.py:153} INFO - Started process (PID=584) to work on /opt/airflow/dags/task_flow_api_dag.py
[2022-12-21T14:50:10.214+0000] {processor.py:743} INFO - Processing file /opt/airflow/dags/task_flow_api_dag.py for tasks to queue
[2022-12-21T14:50:10.215+0000] {logging_mixin.py:137} INFO - [2022-12-21T14:50:10.215+0000] {dagbag.py:538} INFO - Filling up the DagBag from /opt/airflow/dags/task_flow_api_dag.py
[2022-12-21T14:50:10.216+0000] {processor.py:755} WARNING - No viable dags retrieved from /opt/airflow/dags/task_flow_api_dag.py
[2022-12-21T14:50:10.226+0000] {processor.py:175} INFO - Processing /opt/airflow/dags/task_flow_api_dag.py took 0.022 seconds
[2022-12-21T14:50:40.525+0000] {processor.py:153} INFO - Started process (PID=648) to work on /opt/airflow/dags/task_flow_api_dag.py
[2022-12-21T14:50:40.529+0000] {processor.py:743} INFO - Processing file /opt/airflow/dags/task_flow_api_dag.py for tasks to queue
[2022-12-21T14:50:40.530+0000] {logging_mixin.py:137} INFO - [2022-12-21T14:50:40.530+0000] {dagbag.py:538} INFO - Filling up the DagBag from /opt/airflow/dags/task_flow_api_dag.py
[2022-12-21T14:50:40.531+0000] {processor.py:755} WARNING - No viable dags retrieved from /opt/airflow/dags/task_flow_api_dag.py
[2022-12-21T14:50:40.544+0000] {processor.py:175} INFO - Processing /opt/airflow/dags/task_flow_api_dag.py took 0.022 seconds
[2022-12-21T14:51:10.886+0000] {processor.py:153} INFO - Started process (PID=692) to work on /opt/airflow/dags/task_flow_api_dag.py
[2022-12-21T14:51:10.966+0000] {processor.py:743} INFO - Processing file /opt/airflow/dags/task_flow_api_dag.py for tasks to queue
[2022-12-21T14:51:10.967+0000] {logging_mixin.py:137} INFO - [2022-12-21T14:51:10.967+0000] {dagbag.py:538} INFO - Filling up the DagBag from /opt/airflow/dags/task_flow_api_dag.py
[2022-12-21T14:51:10.968+0000] {processor.py:755} WARNING - No viable dags retrieved from /opt/airflow/dags/task_flow_api_dag.py
[2022-12-21T14:51:10.978+0000] {processor.py:175} INFO - Processing /opt/airflow/dags/task_flow_api_dag.py took 0.095 seconds
[2022-12-21T14:51:41.260+0000] {processor.py:153} INFO - Started process (PID=756) to work on /opt/airflow/dags/task_flow_api_dag.py
[2022-12-21T14:51:41.274+0000] {processor.py:743} INFO - Processing file /opt/airflow/dags/task_flow_api_dag.py for tasks to queue
[2022-12-21T14:51:41.275+0000] {logging_mixin.py:137} INFO - [2022-12-21T14:51:41.275+0000] {dagbag.py:538} INFO - Filling up the DagBag from /opt/airflow/dags/task_flow_api_dag.py
[2022-12-21T14:51:41.276+0000] {processor.py:755} WARNING - No viable dags retrieved from /opt/airflow/dags/task_flow_api_dag.py
[2022-12-21T14:51:41.286+0000] {processor.py:175} INFO - Processing /opt/airflow/dags/task_flow_api_dag.py took 0.028 seconds
[2022-12-21T14:52:11.599+0000] {processor.py:153} INFO - Started process (PID=800) to work on /opt/airflow/dags/task_flow_api_dag.py
[2022-12-21T14:52:11.610+0000] {processor.py:743} INFO - Processing file /opt/airflow/dags/task_flow_api_dag.py for tasks to queue
[2022-12-21T14:52:11.611+0000] {logging_mixin.py:137} INFO - [2022-12-21T14:52:11.611+0000] {dagbag.py:538} INFO - Filling up the DagBag from /opt/airflow/dags/task_flow_api_dag.py
[2022-12-21T14:52:11.612+0000] {processor.py:755} WARNING - No viable dags retrieved from /opt/airflow/dags/task_flow_api_dag.py
[2022-12-21T14:52:11.623+0000] {processor.py:175} INFO - Processing /opt/airflow/dags/task_flow_api_dag.py took 0.026 seconds
[2022-12-21T14:52:41.910+0000] {processor.py:153} INFO - Started process (PID=864) to work on /opt/airflow/dags/task_flow_api_dag.py
[2022-12-21T14:52:41.951+0000] {processor.py:743} INFO - Processing file /opt/airflow/dags/task_flow_api_dag.py for tasks to queue
[2022-12-21T14:52:41.951+0000] {logging_mixin.py:137} INFO - [2022-12-21T14:52:41.951+0000] {dagbag.py:538} INFO - Filling up the DagBag from /opt/airflow/dags/task_flow_api_dag.py
[2022-12-21T14:52:41.952+0000] {processor.py:755} WARNING - No viable dags retrieved from /opt/airflow/dags/task_flow_api_dag.py
[2022-12-21T14:52:41.963+0000] {processor.py:175} INFO - Processing /opt/airflow/dags/task_flow_api_dag.py took 0.055 seconds
[2022-12-21T14:53:12.347+0000] {processor.py:153} INFO - Started process (PID=909) to work on /opt/airflow/dags/task_flow_api_dag.py
[2022-12-21T14:53:12.368+0000] {processor.py:743} INFO - Processing file /opt/airflow/dags/task_flow_api_dag.py for tasks to queue
[2022-12-21T14:53:12.368+0000] {logging_mixin.py:137} INFO - [2022-12-21T14:53:12.368+0000] {dagbag.py:538} INFO - Filling up the DagBag from /opt/airflow/dags/task_flow_api_dag.py
[2022-12-21T14:53:12.370+0000] {processor.py:755} WARNING - No viable dags retrieved from /opt/airflow/dags/task_flow_api_dag.py
[2022-12-21T14:53:12.382+0000] {processor.py:175} INFO - Processing /opt/airflow/dags/task_flow_api_dag.py took 0.038 seconds
[2022-12-21T14:53:42.799+0000] {processor.py:153} INFO - Started process (PID=960) to work on /opt/airflow/dags/task_flow_api_dag.py
[2022-12-21T14:53:42.819+0000] {processor.py:743} INFO - Processing file /opt/airflow/dags/task_flow_api_dag.py for tasks to queue
[2022-12-21T14:53:42.819+0000] {logging_mixin.py:137} INFO - [2022-12-21T14:53:42.819+0000] {dagbag.py:538} INFO - Filling up the DagBag from /opt/airflow/dags/task_flow_api_dag.py
[2022-12-21T14:53:42.820+0000] {processor.py:755} WARNING - No viable dags retrieved from /opt/airflow/dags/task_flow_api_dag.py
[2022-12-21T14:53:42.832+0000] {processor.py:175} INFO - Processing /opt/airflow/dags/task_flow_api_dag.py took 0.036 seconds
[2022-12-21T14:54:13.139+0000] {processor.py:153} INFO - Started process (PID=1017) to work on /opt/airflow/dags/task_flow_api_dag.py
[2022-12-21T14:54:13.152+0000] {processor.py:743} INFO - Processing file /opt/airflow/dags/task_flow_api_dag.py for tasks to queue
[2022-12-21T14:54:13.153+0000] {logging_mixin.py:137} INFO - [2022-12-21T14:54:13.153+0000] {dagbag.py:538} INFO - Filling up the DagBag from /opt/airflow/dags/task_flow_api_dag.py
[2022-12-21T14:54:13.154+0000] {processor.py:755} WARNING - No viable dags retrieved from /opt/airflow/dags/task_flow_api_dag.py
[2022-12-21T14:54:13.165+0000] {processor.py:175} INFO - Processing /opt/airflow/dags/task_flow_api_dag.py took 0.029 seconds
[2022-12-21T14:54:43.814+0000] {processor.py:153} INFO - Started process (PID=1061) to work on /opt/airflow/dags/task_flow_api_dag.py
[2022-12-21T14:54:43.846+0000] {processor.py:743} INFO - Processing file /opt/airflow/dags/task_flow_api_dag.py for tasks to queue
[2022-12-21T14:54:43.847+0000] {logging_mixin.py:137} INFO - [2022-12-21T14:54:43.847+0000] {dagbag.py:538} INFO - Filling up the DagBag from /opt/airflow/dags/task_flow_api_dag.py
[2022-12-21T14:54:43.848+0000] {processor.py:755} WARNING - No viable dags retrieved from /opt/airflow/dags/task_flow_api_dag.py
[2022-12-21T14:54:43.859+0000] {processor.py:175} INFO - Processing /opt/airflow/dags/task_flow_api_dag.py took 0.047 seconds
[2022-12-21T14:55:14.247+0000] {processor.py:153} INFO - Started process (PID=1125) to work on /opt/airflow/dags/task_flow_api_dag.py
[2022-12-21T14:55:14.365+0000] {processor.py:743} INFO - Processing file /opt/airflow/dags/task_flow_api_dag.py for tasks to queue
[2022-12-21T14:55:14.366+0000] {logging_mixin.py:137} INFO - [2022-12-21T14:55:14.366+0000] {dagbag.py:538} INFO - Filling up the DagBag from /opt/airflow/dags/task_flow_api_dag.py
[2022-12-21T14:55:14.367+0000] {processor.py:755} WARNING - No viable dags retrieved from /opt/airflow/dags/task_flow_api_dag.py
[2022-12-21T14:55:14.377+0000] {processor.py:175} INFO - Processing /opt/airflow/dags/task_flow_api_dag.py took 0.132 seconds
[2022-12-21T14:55:44.621+0000] {processor.py:153} INFO - Started process (PID=1169) to work on /opt/airflow/dags/task_flow_api_dag.py
[2022-12-21T14:55:44.630+0000] {processor.py:743} INFO - Processing file /opt/airflow/dags/task_flow_api_dag.py for tasks to queue
[2022-12-21T14:55:44.631+0000] {logging_mixin.py:137} INFO - [2022-12-21T14:55:44.631+0000] {dagbag.py:538} INFO - Filling up the DagBag from /opt/airflow/dags/task_flow_api_dag.py
[2022-12-21T14:55:44.632+0000] {processor.py:755} WARNING - No viable dags retrieved from /opt/airflow/dags/task_flow_api_dag.py
[2022-12-21T14:55:44.643+0000] {processor.py:175} INFO - Processing /opt/airflow/dags/task_flow_api_dag.py took 0.024 seconds
[2022-12-21T14:56:14.984+0000] {processor.py:153} INFO - Started process (PID=1222) to work on /opt/airflow/dags/task_flow_api_dag.py
[2022-12-21T14:56:14.990+0000] {processor.py:743} INFO - Processing file /opt/airflow/dags/task_flow_api_dag.py for tasks to queue
[2022-12-21T14:56:14.990+0000] {logging_mixin.py:137} INFO - [2022-12-21T14:56:14.990+0000] {dagbag.py:538} INFO - Filling up the DagBag from /opt/airflow/dags/task_flow_api_dag.py
[2022-12-21T14:56:14.991+0000] {processor.py:755} WARNING - No viable dags retrieved from /opt/airflow/dags/task_flow_api_dag.py
[2022-12-21T14:56:15.003+0000] {processor.py:175} INFO - Processing /opt/airflow/dags/task_flow_api_dag.py took 0.021 seconds
[2022-12-21T14:56:45.629+0000] {processor.py:153} INFO - Started process (PID=1277) to work on /opt/airflow/dags/task_flow_api_dag.py
[2022-12-21T14:56:45.791+0000] {processor.py:743} INFO - Processing file /opt/airflow/dags/task_flow_api_dag.py for tasks to queue
[2022-12-21T14:56:45.791+0000] {logging_mixin.py:137} INFO - [2022-12-21T14:56:45.791+0000] {dagbag.py:538} INFO - Filling up the DagBag from /opt/airflow/dags/task_flow_api_dag.py
[2022-12-21T14:56:45.792+0000] {processor.py:755} WARNING - No viable dags retrieved from /opt/airflow/dags/task_flow_api_dag.py
[2022-12-21T14:56:45.802+0000] {processor.py:175} INFO - Processing /opt/airflow/dags/task_flow_api_dag.py took 0.175 seconds
[2022-12-21T14:57:15.909+0000] {processor.py:153} INFO - Started process (PID=1321) to work on /opt/airflow/dags/task_flow_api_dag.py
[2022-12-21T14:57:15.940+0000] {processor.py:743} INFO - Processing file /opt/airflow/dags/task_flow_api_dag.py for tasks to queue
[2022-12-21T14:57:15.941+0000] {logging_mixin.py:137} INFO - [2022-12-21T14:57:15.941+0000] {dagbag.py:538} INFO - Filling up the DagBag from /opt/airflow/dags/task_flow_api_dag.py
[2022-12-21T14:57:15.942+0000] {processor.py:755} WARNING - No viable dags retrieved from /opt/airflow/dags/task_flow_api_dag.py
[2022-12-21T14:57:15.951+0000] {processor.py:175} INFO - Processing /opt/airflow/dags/task_flow_api_dag.py took 0.044 seconds
[2022-12-21T14:57:46.233+0000] {processor.py:153} INFO - Started process (PID=1385) to work on /opt/airflow/dags/task_flow_api_dag.py
[2022-12-21T14:57:46.238+0000] {processor.py:743} INFO - Processing file /opt/airflow/dags/task_flow_api_dag.py for tasks to queue
[2022-12-21T14:57:46.239+0000] {logging_mixin.py:137} INFO - [2022-12-21T14:57:46.239+0000] {dagbag.py:538} INFO - Filling up the DagBag from /opt/airflow/dags/task_flow_api_dag.py
[2022-12-21T14:57:46.240+0000] {processor.py:755} WARNING - No viable dags retrieved from /opt/airflow/dags/task_flow_api_dag.py
[2022-12-21T14:57:46.250+0000] {processor.py:175} INFO - Processing /opt/airflow/dags/task_flow_api_dag.py took 0.019 seconds
[2022-12-21T14:58:16.596+0000] {processor.py:153} INFO - Started process (PID=1429) to work on /opt/airflow/dags/task_flow_api_dag.py
[2022-12-21T14:58:16.672+0000] {processor.py:743} INFO - Processing file /opt/airflow/dags/task_flow_api_dag.py for tasks to queue
[2022-12-21T14:58:16.673+0000] {logging_mixin.py:137} INFO - [2022-12-21T14:58:16.673+0000] {dagbag.py:538} INFO - Filling up the DagBag from /opt/airflow/dags/task_flow_api_dag.py
[2022-12-21T14:58:16.674+0000] {processor.py:755} WARNING - No viable dags retrieved from /opt/airflow/dags/task_flow_api_dag.py
[2022-12-21T14:58:16.684+0000] {processor.py:175} INFO - Processing /opt/airflow/dags/task_flow_api_dag.py took 0.090 seconds
[2022-12-21T14:58:46.982+0000] {processor.py:153} INFO - Started process (PID=1493) to work on /opt/airflow/dags/task_flow_api_dag.py
[2022-12-21T14:58:46.982+0000] {processor.py:743} INFO - Processing file /opt/airflow/dags/task_flow_api_dag.py for tasks to queue
[2022-12-21T14:58:46.983+0000] {logging_mixin.py:137} INFO - [2022-12-21T14:58:46.983+0000] {dagbag.py:538} INFO - Filling up the DagBag from /opt/airflow/dags/task_flow_api_dag.py
[2022-12-21T14:58:46.984+0000] {processor.py:755} WARNING - No viable dags retrieved from /opt/airflow/dags/task_flow_api_dag.py
[2022-12-21T14:58:46.995+0000] {processor.py:175} INFO - Processing /opt/airflow/dags/task_flow_api_dag.py took 0.016 seconds
[2022-12-21T14:59:17.283+0000] {processor.py:153} INFO - Started process (PID=1537) to work on /opt/airflow/dags/task_flow_api_dag.py
[2022-12-21T14:59:17.284+0000] {processor.py:743} INFO - Processing file /opt/airflow/dags/task_flow_api_dag.py for tasks to queue
[2022-12-21T14:59:17.285+0000] {logging_mixin.py:137} INFO - [2022-12-21T14:59:17.285+0000] {dagbag.py:538} INFO - Filling up the DagBag from /opt/airflow/dags/task_flow_api_dag.py
[2022-12-21T14:59:17.287+0000] {processor.py:755} WARNING - No viable dags retrieved from /opt/airflow/dags/task_flow_api_dag.py
[2022-12-21T14:59:17.308+0000] {processor.py:175} INFO - Processing /opt/airflow/dags/task_flow_api_dag.py took 0.029 seconds
[2022-12-21T14:59:47.739+0000] {processor.py:153} INFO - Started process (PID=1590) to work on /opt/airflow/dags/task_flow_api_dag.py
[2022-12-21T14:59:47.850+0000] {processor.py:743} INFO - Processing file /opt/airflow/dags/task_flow_api_dag.py for tasks to queue
[2022-12-21T14:59:47.850+0000] {logging_mixin.py:137} INFO - [2022-12-21T14:59:47.850+0000] {dagbag.py:538} INFO - Filling up the DagBag from /opt/airflow/dags/task_flow_api_dag.py
[2022-12-21T14:59:47.851+0000] {processor.py:755} WARNING - No viable dags retrieved from /opt/airflow/dags/task_flow_api_dag.py
[2022-12-21T14:59:47.865+0000] {processor.py:175} INFO - Processing /opt/airflow/dags/task_flow_api_dag.py took 0.129 seconds
[2022-12-21T15:00:18.173+0000] {processor.py:153} INFO - Started process (PID=1645) to work on /opt/airflow/dags/task_flow_api_dag.py
[2022-12-21T15:00:18.173+0000] {processor.py:743} INFO - Processing file /opt/airflow/dags/task_flow_api_dag.py for tasks to queue
[2022-12-21T15:00:18.174+0000] {logging_mixin.py:137} INFO - [2022-12-21T15:00:18.174+0000] {dagbag.py:538} INFO - Filling up the DagBag from /opt/airflow/dags/task_flow_api_dag.py
[2022-12-21T15:00:18.175+0000] {processor.py:755} WARNING - No viable dags retrieved from /opt/airflow/dags/task_flow_api_dag.py
[2022-12-21T15:00:18.185+0000] {processor.py:175} INFO - Processing /opt/airflow/dags/task_flow_api_dag.py took 0.016 seconds
[2022-12-21T15:00:48.456+0000] {processor.py:153} INFO - Started process (PID=1689) to work on /opt/airflow/dags/task_flow_api_dag.py
[2022-12-21T15:00:48.457+0000] {processor.py:743} INFO - Processing file /opt/airflow/dags/task_flow_api_dag.py for tasks to queue
[2022-12-21T15:00:48.458+0000] {logging_mixin.py:137} INFO - [2022-12-21T15:00:48.458+0000] {dagbag.py:538} INFO - Filling up the DagBag from /opt/airflow/dags/task_flow_api_dag.py
[2022-12-21T15:00:48.459+0000] {processor.py:755} WARNING - No viable dags retrieved from /opt/airflow/dags/task_flow_api_dag.py
[2022-12-21T15:00:48.472+0000] {processor.py:175} INFO - Processing /opt/airflow/dags/task_flow_api_dag.py took 0.018 seconds
[2022-12-21T15:01:18.943+0000] {processor.py:153} INFO - Started process (PID=1754) to work on /opt/airflow/dags/task_flow_api_dag.py
[2022-12-21T15:01:18.944+0000] {processor.py:743} INFO - Processing file /opt/airflow/dags/task_flow_api_dag.py for tasks to queue
[2022-12-21T15:01:18.945+0000] {logging_mixin.py:137} INFO - [2022-12-21T15:01:18.945+0000] {dagbag.py:538} INFO - Filling up the DagBag from /opt/airflow/dags/task_flow_api_dag.py
[2022-12-21T15:01:18.946+0000] {processor.py:755} WARNING - No viable dags retrieved from /opt/airflow/dags/task_flow_api_dag.py
[2022-12-21T15:01:18.957+0000] {processor.py:175} INFO - Processing /opt/airflow/dags/task_flow_api_dag.py took 0.018 seconds
[2022-12-21T15:01:49.259+0000] {processor.py:153} INFO - Started process (PID=1798) to work on /opt/airflow/dags/task_flow_api_dag.py
[2022-12-21T15:01:49.284+0000] {processor.py:743} INFO - Processing file /opt/airflow/dags/task_flow_api_dag.py for tasks to queue
[2022-12-21T15:01:49.285+0000] {logging_mixin.py:137} INFO - [2022-12-21T15:01:49.284+0000] {dagbag.py:538} INFO - Filling up the DagBag from /opt/airflow/dags/task_flow_api_dag.py
[2022-12-21T15:01:49.285+0000] {processor.py:755} WARNING - No viable dags retrieved from /opt/airflow/dags/task_flow_api_dag.py
[2022-12-21T15:01:49.296+0000] {processor.py:175} INFO - Processing /opt/airflow/dags/task_flow_api_dag.py took 0.039 seconds
[2022-12-21T15:02:19.667+0000] {processor.py:153} INFO - Started process (PID=1862) to work on /opt/airflow/dags/task_flow_api_dag.py
[2022-12-21T15:02:19.698+0000] {processor.py:743} INFO - Processing file /opt/airflow/dags/task_flow_api_dag.py for tasks to queue
[2022-12-21T15:02:19.699+0000] {logging_mixin.py:137} INFO - [2022-12-21T15:02:19.699+0000] {dagbag.py:538} INFO - Filling up the DagBag from /opt/airflow/dags/task_flow_api_dag.py
[2022-12-21T15:02:19.700+0000] {processor.py:755} WARNING - No viable dags retrieved from /opt/airflow/dags/task_flow_api_dag.py
[2022-12-21T15:02:19.712+0000] {processor.py:175} INFO - Processing /opt/airflow/dags/task_flow_api_dag.py took 0.048 seconds
[2022-12-21T15:02:50.025+0000] {processor.py:153} INFO - Started process (PID=1906) to work on /opt/airflow/dags/task_flow_api_dag.py
[2022-12-21T15:02:50.026+0000] {processor.py:743} INFO - Processing file /opt/airflow/dags/task_flow_api_dag.py for tasks to queue
[2022-12-21T15:02:50.027+0000] {logging_mixin.py:137} INFO - [2022-12-21T15:02:50.027+0000] {dagbag.py:538} INFO - Filling up the DagBag from /opt/airflow/dags/task_flow_api_dag.py
[2022-12-21T15:02:50.028+0000] {processor.py:755} WARNING - No viable dags retrieved from /opt/airflow/dags/task_flow_api_dag.py
[2022-12-21T15:02:50.039+0000] {processor.py:175} INFO - Processing /opt/airflow/dags/task_flow_api_dag.py took 0.016 seconds
[2022-12-21T15:03:20.483+0000] {processor.py:153} INFO - Started process (PID=1970) to work on /opt/airflow/dags/task_flow_api_dag.py
[2022-12-21T15:03:20.608+0000] {processor.py:743} INFO - Processing file /opt/airflow/dags/task_flow_api_dag.py for tasks to queue
[2022-12-21T15:03:20.609+0000] {logging_mixin.py:137} INFO - [2022-12-21T15:03:20.609+0000] {dagbag.py:538} INFO - Filling up the DagBag from /opt/airflow/dags/task_flow_api_dag.py
[2022-12-21T15:03:20.611+0000] {processor.py:755} WARNING - No viable dags retrieved from /opt/airflow/dags/task_flow_api_dag.py
[2022-12-21T15:03:20.623+0000] {processor.py:175} INFO - Processing /opt/airflow/dags/task_flow_api_dag.py took 0.142 seconds
[2022-12-21T15:03:50.923+0000] {processor.py:153} INFO - Started process (PID=2014) to work on /opt/airflow/dags/task_flow_api_dag.py
[2022-12-21T15:03:50.947+0000] {processor.py:743} INFO - Processing file /opt/airflow/dags/task_flow_api_dag.py for tasks to queue
[2022-12-21T15:03:50.948+0000] {logging_mixin.py:137} INFO - [2022-12-21T15:03:50.948+0000] {dagbag.py:538} INFO - Filling up the DagBag from /opt/airflow/dags/task_flow_api_dag.py
[2022-12-21T15:03:50.950+0000] {processor.py:755} WARNING - No viable dags retrieved from /opt/airflow/dags/task_flow_api_dag.py
[2022-12-21T15:03:50.965+0000] {processor.py:175} INFO - Processing /opt/airflow/dags/task_flow_api_dag.py took 0.045 seconds
[2022-12-21T15:04:21.222+0000] {processor.py:153} INFO - Started process (PID=2058) to work on /opt/airflow/dags/task_flow_api_dag.py
[2022-12-21T15:04:21.223+0000] {processor.py:743} INFO - Processing file /opt/airflow/dags/task_flow_api_dag.py for tasks to queue
[2022-12-21T15:04:21.223+0000] {logging_mixin.py:137} INFO - [2022-12-21T15:04:21.223+0000] {dagbag.py:538} INFO - Filling up the DagBag from /opt/airflow/dags/task_flow_api_dag.py
[2022-12-21T15:04:21.224+0000] {processor.py:755} WARNING - No viable dags retrieved from /opt/airflow/dags/task_flow_api_dag.py
[2022-12-21T15:04:21.234+0000] {processor.py:175} INFO - Processing /opt/airflow/dags/task_flow_api_dag.py took 0.015 seconds
[2022-12-21T15:04:51.624+0000] {processor.py:153} INFO - Started process (PID=2122) to work on /opt/airflow/dags/task_flow_api_dag.py
[2022-12-21T15:04:51.625+0000] {processor.py:743} INFO - Processing file /opt/airflow/dags/task_flow_api_dag.py for tasks to queue
[2022-12-21T15:04:51.625+0000] {logging_mixin.py:137} INFO - [2022-12-21T15:04:51.625+0000] {dagbag.py:538} INFO - Filling up the DagBag from /opt/airflow/dags/task_flow_api_dag.py
[2022-12-21T15:04:51.626+0000] {processor.py:755} WARNING - No viable dags retrieved from /opt/airflow/dags/task_flow_api_dag.py
[2022-12-21T15:04:51.639+0000] {processor.py:175} INFO - Processing /opt/airflow/dags/task_flow_api_dag.py took 0.017 seconds
[2022-12-21T15:05:22.200+0000] {processor.py:153} INFO - Started process (PID=2166) to work on /opt/airflow/dags/task_flow_api_dag.py
[2022-12-21T15:05:22.314+0000] {processor.py:743} INFO - Processing file /opt/airflow/dags/task_flow_api_dag.py for tasks to queue
[2022-12-21T15:05:22.315+0000] {logging_mixin.py:137} INFO - [2022-12-21T15:05:22.315+0000] {dagbag.py:538} INFO - Filling up the DagBag from /opt/airflow/dags/task_flow_api_dag.py
[2022-12-21T15:05:22.316+0000] {processor.py:755} WARNING - No viable dags retrieved from /opt/airflow/dags/task_flow_api_dag.py
[2022-12-21T15:05:22.328+0000] {processor.py:175} INFO - Processing /opt/airflow/dags/task_flow_api_dag.py took 0.130 seconds
[2022-12-21T15:05:52.900+0000] {processor.py:153} INFO - Started process (PID=2219) to work on /opt/airflow/dags/task_flow_api_dag.py
[2022-12-21T15:05:52.901+0000] {processor.py:743} INFO - Processing file /opt/airflow/dags/task_flow_api_dag.py for tasks to queue
[2022-12-21T15:05:52.901+0000] {logging_mixin.py:137} INFO - [2022-12-21T15:05:52.901+0000] {dagbag.py:538} INFO - Filling up the DagBag from /opt/airflow/dags/task_flow_api_dag.py
[2022-12-21T15:05:52.902+0000] {processor.py:755} WARNING - No viable dags retrieved from /opt/airflow/dags/task_flow_api_dag.py
[2022-12-21T15:05:52.914+0000] {processor.py:175} INFO - Processing /opt/airflow/dags/task_flow_api_dag.py took 0.017 seconds
[2022-12-21T15:06:23.521+0000] {processor.py:153} INFO - Started process (PID=2274) to work on /opt/airflow/dags/task_flow_api_dag.py
[2022-12-21T15:06:23.562+0000] {processor.py:743} INFO - Processing file /opt/airflow/dags/task_flow_api_dag.py for tasks to queue
[2022-12-21T15:06:23.562+0000] {logging_mixin.py:137} INFO - [2022-12-21T15:06:23.562+0000] {dagbag.py:538} INFO - Filling up the DagBag from /opt/airflow/dags/task_flow_api_dag.py
[2022-12-21T15:06:23.563+0000] {processor.py:755} WARNING - No viable dags retrieved from /opt/airflow/dags/task_flow_api_dag.py
[2022-12-21T15:06:23.575+0000] {processor.py:175} INFO - Processing /opt/airflow/dags/task_flow_api_dag.py took 0.057 seconds
[2022-12-21T15:06:53.991+0000] {processor.py:153} INFO - Started process (PID=2318) to work on /opt/airflow/dags/task_flow_api_dag.py
[2022-12-21T15:06:53.992+0000] {processor.py:743} INFO - Processing file /opt/airflow/dags/task_flow_api_dag.py for tasks to queue
[2022-12-21T15:06:53.992+0000] {logging_mixin.py:137} INFO - [2022-12-21T15:06:53.992+0000] {dagbag.py:538} INFO - Filling up the DagBag from /opt/airflow/dags/task_flow_api_dag.py
[2022-12-21T15:06:53.993+0000] {processor.py:755} WARNING - No viable dags retrieved from /opt/airflow/dags/task_flow_api_dag.py
[2022-12-21T15:06:54.005+0000] {processor.py:175} INFO - Processing /opt/airflow/dags/task_flow_api_dag.py took 0.016 seconds
[2022-12-21T15:07:24.365+0000] {processor.py:153} INFO - Started process (PID=2382) to work on /opt/airflow/dags/task_flow_api_dag.py
[2022-12-21T15:07:24.419+0000] {processor.py:743} INFO - Processing file /opt/airflow/dags/task_flow_api_dag.py for tasks to queue
[2022-12-21T15:07:24.420+0000] {logging_mixin.py:137} INFO - [2022-12-21T15:07:24.420+0000] {dagbag.py:538} INFO - Filling up the DagBag from /opt/airflow/dags/task_flow_api_dag.py
[2022-12-21T15:07:24.421+0000] {processor.py:755} WARNING - No viable dags retrieved from /opt/airflow/dags/task_flow_api_dag.py
[2022-12-21T15:07:24.433+0000] {processor.py:175} INFO - Processing /opt/airflow/dags/task_flow_api_dag.py took 0.070 seconds
[2022-12-21T15:07:54.696+0000] {processor.py:153} INFO - Started process (PID=2426) to work on /opt/airflow/dags/task_flow_api_dag.py
[2022-12-21T15:07:54.696+0000] {processor.py:743} INFO - Processing file /opt/airflow/dags/task_flow_api_dag.py for tasks to queue
[2022-12-21T15:07:54.697+0000] {logging_mixin.py:137} INFO - [2022-12-21T15:07:54.697+0000] {dagbag.py:538} INFO - Filling up the DagBag from /opt/airflow/dags/task_flow_api_dag.py
[2022-12-21T15:07:54.698+0000] {processor.py:755} WARNING - No viable dags retrieved from /opt/airflow/dags/task_flow_api_dag.py
[2022-12-21T15:07:54.710+0000] {processor.py:175} INFO - Processing /opt/airflow/dags/task_flow_api_dag.py took 0.017 seconds
[2022-12-21T15:08:25.028+0000] {processor.py:153} INFO - Started process (PID=2490) to work on /opt/airflow/dags/task_flow_api_dag.py
[2022-12-21T15:08:25.047+0000] {processor.py:743} INFO - Processing file /opt/airflow/dags/task_flow_api_dag.py for tasks to queue
[2022-12-21T15:08:25.047+0000] {logging_mixin.py:137} INFO - [2022-12-21T15:08:25.047+0000] {dagbag.py:538} INFO - Filling up the DagBag from /opt/airflow/dags/task_flow_api_dag.py
[2022-12-21T15:08:25.048+0000] {processor.py:755} WARNING - No viable dags retrieved from /opt/airflow/dags/task_flow_api_dag.py
[2022-12-21T15:08:25.059+0000] {processor.py:175} INFO - Processing /opt/airflow/dags/task_flow_api_dag.py took 0.034 seconds
[2022-12-21T15:08:55.432+0000] {processor.py:153} INFO - Started process (PID=2534) to work on /opt/airflow/dags/task_flow_api_dag.py
[2022-12-21T15:08:55.432+0000] {processor.py:743} INFO - Processing file /opt/airflow/dags/task_flow_api_dag.py for tasks to queue
[2022-12-21T15:08:55.433+0000] {logging_mixin.py:137} INFO - [2022-12-21T15:08:55.433+0000] {dagbag.py:538} INFO - Filling up the DagBag from /opt/airflow/dags/task_flow_api_dag.py
[2022-12-21T15:08:55.434+0000] {processor.py:755} WARNING - No viable dags retrieved from /opt/airflow/dags/task_flow_api_dag.py
[2022-12-21T15:08:55.449+0000] {processor.py:175} INFO - Processing /opt/airflow/dags/task_flow_api_dag.py took 0.020 seconds
[2022-12-21T15:09:25.937+0000] {processor.py:153} INFO - Started process (PID=2578) to work on /opt/airflow/dags/task_flow_api_dag.py
[2022-12-21T15:09:25.988+0000] {processor.py:743} INFO - Processing file /opt/airflow/dags/task_flow_api_dag.py for tasks to queue
[2022-12-21T15:09:25.989+0000] {logging_mixin.py:137} INFO - [2022-12-21T15:09:25.989+0000] {dagbag.py:538} INFO - Filling up the DagBag from /opt/airflow/dags/task_flow_api_dag.py
[2022-12-21T15:09:25.990+0000] {processor.py:755} WARNING - No viable dags retrieved from /opt/airflow/dags/task_flow_api_dag.py
[2022-12-21T15:09:26.000+0000] {processor.py:175} INFO - Processing /opt/airflow/dags/task_flow_api_dag.py took 0.065 seconds
[2022-12-21T15:09:56.396+0000] {processor.py:153} INFO - Started process (PID=2642) to work on /opt/airflow/dags/task_flow_api_dag.py
[2022-12-21T15:09:56.396+0000] {processor.py:743} INFO - Processing file /opt/airflow/dags/task_flow_api_dag.py for tasks to queue
[2022-12-21T15:09:56.397+0000] {logging_mixin.py:137} INFO - [2022-12-21T15:09:56.397+0000] {dagbag.py:538} INFO - Filling up the DagBag from /opt/airflow/dags/task_flow_api_dag.py
[2022-12-21T15:09:56.398+0000] {processor.py:755} WARNING - No viable dags retrieved from /opt/airflow/dags/task_flow_api_dag.py
[2022-12-21T15:09:56.410+0000] {processor.py:175} INFO - Processing /opt/airflow/dags/task_flow_api_dag.py took 0.016 seconds
[2022-12-21T15:10:27.347+0000] {processor.py:153} INFO - Started process (PID=2686) to work on /opt/airflow/dags/task_flow_api_dag.py
[2022-12-21T15:10:27.404+0000] {processor.py:743} INFO - Processing file /opt/airflow/dags/task_flow_api_dag.py for tasks to queue
[2022-12-21T15:10:27.405+0000] {logging_mixin.py:137} INFO - [2022-12-21T15:10:27.405+0000] {dagbag.py:538} INFO - Filling up the DagBag from /opt/airflow/dags/task_flow_api_dag.py
[2022-12-21T15:10:27.406+0000] {processor.py:755} WARNING - No viable dags retrieved from /opt/airflow/dags/task_flow_api_dag.py
[2022-12-21T15:10:27.416+0000] {processor.py:175} INFO - Processing /opt/airflow/dags/task_flow_api_dag.py took 0.072 seconds
[2022-12-21T15:10:57.735+0000] {processor.py:153} INFO - Started process (PID=2750) to work on /opt/airflow/dags/task_flow_api_dag.py
[2022-12-21T15:10:57.736+0000] {processor.py:743} INFO - Processing file /opt/airflow/dags/task_flow_api_dag.py for tasks to queue
[2022-12-21T15:10:57.737+0000] {logging_mixin.py:137} INFO - [2022-12-21T15:10:57.736+0000] {dagbag.py:538} INFO - Filling up the DagBag from /opt/airflow/dags/task_flow_api_dag.py
[2022-12-21T15:10:57.738+0000] {processor.py:755} WARNING - No viable dags retrieved from /opt/airflow/dags/task_flow_api_dag.py
[2022-12-21T15:10:57.750+0000] {processor.py:175} INFO - Processing /opt/airflow/dags/task_flow_api_dag.py took 0.018 seconds
[2022-12-21T15:11:29.152+0000] {processor.py:153} INFO - Started process (PID=2794) to work on /opt/airflow/dags/task_flow_api_dag.py
[2022-12-21T15:11:29.350+0000] {processor.py:743} INFO - Processing file /opt/airflow/dags/task_flow_api_dag.py for tasks to queue
[2022-12-21T15:11:29.350+0000] {logging_mixin.py:137} INFO - [2022-12-21T15:11:29.350+0000] {dagbag.py:538} INFO - Filling up the DagBag from /opt/airflow/dags/task_flow_api_dag.py
[2022-12-21T15:11:29.351+0000] {processor.py:755} WARNING - No viable dags retrieved from /opt/airflow/dags/task_flow_api_dag.py
[2022-12-21T15:11:29.364+0000] {processor.py:175} INFO - Processing /opt/airflow/dags/task_flow_api_dag.py took 0.215 seconds
[2022-12-21T15:11:59.671+0000] {processor.py:153} INFO - Started process (PID=2858) to work on /opt/airflow/dags/task_flow_api_dag.py
[2022-12-21T15:11:59.671+0000] {processor.py:743} INFO - Processing file /opt/airflow/dags/task_flow_api_dag.py for tasks to queue
[2022-12-21T15:11:59.672+0000] {logging_mixin.py:137} INFO - [2022-12-21T15:11:59.672+0000] {dagbag.py:538} INFO - Filling up the DagBag from /opt/airflow/dags/task_flow_api_dag.py
[2022-12-21T15:11:59.673+0000] {processor.py:755} WARNING - No viable dags retrieved from /opt/airflow/dags/task_flow_api_dag.py
[2022-12-21T15:11:59.685+0000] {processor.py:175} INFO - Processing /opt/airflow/dags/task_flow_api_dag.py took 0.018 seconds
[2022-12-21T15:12:30.074+0000] {processor.py:153} INFO - Started process (PID=2902) to work on /opt/airflow/dags/task_flow_api_dag.py
[2022-12-21T15:12:30.124+0000] {processor.py:743} INFO - Processing file /opt/airflow/dags/task_flow_api_dag.py for tasks to queue
[2022-12-21T15:12:30.125+0000] {logging_mixin.py:137} INFO - [2022-12-21T15:12:30.124+0000] {dagbag.py:538} INFO - Filling up the DagBag from /opt/airflow/dags/task_flow_api_dag.py
[2022-12-21T15:12:30.125+0000] {processor.py:755} WARNING - No viable dags retrieved from /opt/airflow/dags/task_flow_api_dag.py
[2022-12-21T15:12:30.137+0000] {processor.py:175} INFO - Processing /opt/airflow/dags/task_flow_api_dag.py took 0.065 seconds
[2022-12-21T15:13:00.492+0000] {processor.py:153} INFO - Started process (PID=2946) to work on /opt/airflow/dags/task_flow_api_dag.py
[2022-12-21T15:13:00.589+0000] {processor.py:743} INFO - Processing file /opt/airflow/dags/task_flow_api_dag.py for tasks to queue
[2022-12-21T15:13:00.590+0000] {logging_mixin.py:137} INFO - [2022-12-21T15:13:00.590+0000] {dagbag.py:538} INFO - Filling up the DagBag from /opt/airflow/dags/task_flow_api_dag.py
[2022-12-21T15:13:00.591+0000] {processor.py:755} WARNING - No viable dags retrieved from /opt/airflow/dags/task_flow_api_dag.py
[2022-12-21T15:13:00.605+0000] {processor.py:175} INFO - Processing /opt/airflow/dags/task_flow_api_dag.py took 0.116 seconds
[2022-12-21T15:13:30.924+0000] {processor.py:153} INFO - Started process (PID=3010) to work on /opt/airflow/dags/task_flow_api_dag.py
[2022-12-21T15:13:30.924+0000] {processor.py:743} INFO - Processing file /opt/airflow/dags/task_flow_api_dag.py for tasks to queue
[2022-12-21T15:13:30.925+0000] {logging_mixin.py:137} INFO - [2022-12-21T15:13:30.925+0000] {dagbag.py:538} INFO - Filling up the DagBag from /opt/airflow/dags/task_flow_api_dag.py
[2022-12-21T15:13:30.926+0000] {processor.py:755} WARNING - No viable dags retrieved from /opt/airflow/dags/task_flow_api_dag.py
[2022-12-21T15:13:30.936+0000] {processor.py:175} INFO - Processing /opt/airflow/dags/task_flow_api_dag.py took 0.014 seconds
[2022-12-21T15:14:01.203+0000] {processor.py:153} INFO - Started process (PID=3054) to work on /opt/airflow/dags/task_flow_api_dag.py
[2022-12-21T15:14:01.294+0000] {processor.py:743} INFO - Processing file /opt/airflow/dags/task_flow_api_dag.py for tasks to queue
[2022-12-21T15:14:01.295+0000] {logging_mixin.py:137} INFO - [2022-12-21T15:14:01.295+0000] {dagbag.py:538} INFO - Filling up the DagBag from /opt/airflow/dags/task_flow_api_dag.py
[2022-12-21T15:14:01.296+0000] {processor.py:755} WARNING - No viable dags retrieved from /opt/airflow/dags/task_flow_api_dag.py
[2022-12-21T15:14:01.307+0000] {processor.py:175} INFO - Processing /opt/airflow/dags/task_flow_api_dag.py took 0.106 seconds
[2022-12-21T15:14:31.652+0000] {processor.py:153} INFO - Started process (PID=3118) to work on /opt/airflow/dags/task_flow_api_dag.py
[2022-12-21T15:14:31.653+0000] {processor.py:743} INFO - Processing file /opt/airflow/dags/task_flow_api_dag.py for tasks to queue
[2022-12-21T15:14:31.654+0000] {logging_mixin.py:137} INFO - [2022-12-21T15:14:31.654+0000] {dagbag.py:538} INFO - Filling up the DagBag from /opt/airflow/dags/task_flow_api_dag.py
[2022-12-21T15:14:31.655+0000] {processor.py:755} WARNING - No viable dags retrieved from /opt/airflow/dags/task_flow_api_dag.py
[2022-12-21T15:14:31.670+0000] {processor.py:175} INFO - Processing /opt/airflow/dags/task_flow_api_dag.py took 0.021 seconds
[2022-12-21T15:15:01.966+0000] {processor.py:153} INFO - Started process (PID=3162) to work on /opt/airflow/dags/task_flow_api_dag.py
[2022-12-21T15:15:01.974+0000] {processor.py:743} INFO - Processing file /opt/airflow/dags/task_flow_api_dag.py for tasks to queue
[2022-12-21T15:15:01.975+0000] {logging_mixin.py:137} INFO - [2022-12-21T15:15:01.975+0000] {dagbag.py:538} INFO - Filling up the DagBag from /opt/airflow/dags/task_flow_api_dag.py
[2022-12-21T15:15:01.976+0000] {processor.py:755} WARNING - No viable dags retrieved from /opt/airflow/dags/task_flow_api_dag.py
[2022-12-21T15:15:01.987+0000] {processor.py:175} INFO - Processing /opt/airflow/dags/task_flow_api_dag.py took 0.024 seconds
[2022-12-21T15:15:32.405+0000] {processor.py:153} INFO - Started process (PID=3206) to work on /opt/airflow/dags/task_flow_api_dag.py
[2022-12-21T15:15:32.406+0000] {processor.py:743} INFO - Processing file /opt/airflow/dags/task_flow_api_dag.py for tasks to queue
[2022-12-21T15:15:32.407+0000] {logging_mixin.py:137} INFO - [2022-12-21T15:15:32.407+0000] {dagbag.py:538} INFO - Filling up the DagBag from /opt/airflow/dags/task_flow_api_dag.py
[2022-12-21T15:15:32.409+0000] {processor.py:755} WARNING - No viable dags retrieved from /opt/airflow/dags/task_flow_api_dag.py
[2022-12-21T15:15:32.444+0000] {processor.py:175} INFO - Processing /opt/airflow/dags/task_flow_api_dag.py took 0.041 seconds
[2022-12-21T15:16:02.948+0000] {processor.py:153} INFO - Started process (PID=3270) to work on /opt/airflow/dags/task_flow_api_dag.py
[2022-12-21T15:16:02.953+0000] {processor.py:743} INFO - Processing file /opt/airflow/dags/task_flow_api_dag.py for tasks to queue
[2022-12-21T15:16:02.954+0000] {logging_mixin.py:137} INFO - [2022-12-21T15:16:02.954+0000] {dagbag.py:538} INFO - Filling up the DagBag from /opt/airflow/dags/task_flow_api_dag.py
[2022-12-21T15:16:02.954+0000] {processor.py:755} WARNING - No viable dags retrieved from /opt/airflow/dags/task_flow_api_dag.py
[2022-12-21T15:16:02.965+0000] {processor.py:175} INFO - Processing /opt/airflow/dags/task_flow_api_dag.py took 0.019 seconds
[2022-12-21T15:16:33.402+0000] {processor.py:153} INFO - Started process (PID=3314) to work on /opt/airflow/dags/task_flow_api_dag.py
[2022-12-21T15:16:33.402+0000] {processor.py:743} INFO - Processing file /opt/airflow/dags/task_flow_api_dag.py for tasks to queue
[2022-12-21T15:16:33.403+0000] {logging_mixin.py:137} INFO - [2022-12-21T15:16:33.403+0000] {dagbag.py:538} INFO - Filling up the DagBag from /opt/airflow/dags/task_flow_api_dag.py
[2022-12-21T15:16:33.403+0000] {processor.py:755} WARNING - No viable dags retrieved from /opt/airflow/dags/task_flow_api_dag.py
[2022-12-21T15:16:33.414+0000] {processor.py:175} INFO - Processing /opt/airflow/dags/task_flow_api_dag.py took 0.015 seconds
[2022-12-21T15:17:03.867+0000] {processor.py:153} INFO - Started process (PID=3378) to work on /opt/airflow/dags/task_flow_api_dag.py
[2022-12-21T15:17:03.880+0000] {processor.py:743} INFO - Processing file /opt/airflow/dags/task_flow_api_dag.py for tasks to queue
[2022-12-21T15:17:03.881+0000] {logging_mixin.py:137} INFO - [2022-12-21T15:17:03.881+0000] {dagbag.py:538} INFO - Filling up the DagBag from /opt/airflow/dags/task_flow_api_dag.py
[2022-12-21T15:17:03.881+0000] {processor.py:755} WARNING - No viable dags retrieved from /opt/airflow/dags/task_flow_api_dag.py
[2022-12-21T15:17:03.891+0000] {processor.py:175} INFO - Processing /opt/airflow/dags/task_flow_api_dag.py took 0.027 seconds
[2022-12-21T15:17:34.163+0000] {processor.py:153} INFO - Started process (PID=3422) to work on /opt/airflow/dags/task_flow_api_dag.py
[2022-12-21T15:17:34.164+0000] {processor.py:743} INFO - Processing file /opt/airflow/dags/task_flow_api_dag.py for tasks to queue
[2022-12-21T15:17:34.164+0000] {logging_mixin.py:137} INFO - [2022-12-21T15:17:34.164+0000] {dagbag.py:538} INFO - Filling up the DagBag from /opt/airflow/dags/task_flow_api_dag.py
[2022-12-21T15:17:34.165+0000] {processor.py:755} WARNING - No viable dags retrieved from /opt/airflow/dags/task_flow_api_dag.py
[2022-12-21T15:17:34.176+0000] {processor.py:175} INFO - Processing /opt/airflow/dags/task_flow_api_dag.py took 0.015 seconds
[2022-12-21T15:18:04.560+0000] {processor.py:153} INFO - Started process (PID=3486) to work on /opt/airflow/dags/task_flow_api_dag.py
[2022-12-21T15:18:04.691+0000] {processor.py:743} INFO - Processing file /opt/airflow/dags/task_flow_api_dag.py for tasks to queue
[2022-12-21T15:18:04.692+0000] {logging_mixin.py:137} INFO - [2022-12-21T15:18:04.692+0000] {dagbag.py:538} INFO - Filling up the DagBag from /opt/airflow/dags/task_flow_api_dag.py
[2022-12-21T15:18:04.693+0000] {processor.py:755} WARNING - No viable dags retrieved from /opt/airflow/dags/task_flow_api_dag.py
[2022-12-21T15:18:04.705+0000] {processor.py:175} INFO - Processing /opt/airflow/dags/task_flow_api_dag.py took 0.148 seconds
[2022-12-21T15:18:35.190+0000] {processor.py:153} INFO - Started process (PID=3530) to work on /opt/airflow/dags/task_flow_api_dag.py
[2022-12-21T15:18:35.191+0000] {processor.py:743} INFO - Processing file /opt/airflow/dags/task_flow_api_dag.py for tasks to queue
[2022-12-21T15:18:35.191+0000] {logging_mixin.py:137} INFO - [2022-12-21T15:18:35.191+0000] {dagbag.py:538} INFO - Filling up the DagBag from /opt/airflow/dags/task_flow_api_dag.py
[2022-12-21T15:18:35.192+0000] {processor.py:755} WARNING - No viable dags retrieved from /opt/airflow/dags/task_flow_api_dag.py
[2022-12-21T15:18:35.203+0000] {processor.py:175} INFO - Processing /opt/airflow/dags/task_flow_api_dag.py took 0.016 seconds
[2022-12-21T15:19:05.330+0000] {processor.py:153} INFO - Started process (PID=3572) to work on /opt/airflow/dags/task_flow_api_dag.py
[2022-12-21T15:19:05.378+0000] {processor.py:743} INFO - Processing file /opt/airflow/dags/task_flow_api_dag.py for tasks to queue
[2022-12-21T15:19:05.378+0000] {logging_mixin.py:137} INFO - [2022-12-21T15:19:05.378+0000] {dagbag.py:538} INFO - Filling up the DagBag from /opt/airflow/dags/task_flow_api_dag.py
[2022-12-21T15:19:05.379+0000] {processor.py:755} WARNING - No viable dags retrieved from /opt/airflow/dags/task_flow_api_dag.py
[2022-12-21T15:19:05.391+0000] {processor.py:175} INFO - Processing /opt/airflow/dags/task_flow_api_dag.py took 0.064 seconds
[2022-12-21T15:19:35.679+0000] {processor.py:153} INFO - Started process (PID=3636) to work on /opt/airflow/dags/task_flow_api_dag.py
[2022-12-21T15:19:35.680+0000] {processor.py:743} INFO - Processing file /opt/airflow/dags/task_flow_api_dag.py for tasks to queue
[2022-12-21T15:19:35.680+0000] {logging_mixin.py:137} INFO - [2022-12-21T15:19:35.680+0000] {dagbag.py:538} INFO - Filling up the DagBag from /opt/airflow/dags/task_flow_api_dag.py
[2022-12-21T15:19:35.681+0000] {processor.py:755} WARNING - No viable dags retrieved from /opt/airflow/dags/task_flow_api_dag.py
[2022-12-21T15:19:35.692+0000] {processor.py:175} INFO - Processing /opt/airflow/dags/task_flow_api_dag.py took 0.015 seconds
[2022-12-21T15:20:05.953+0000] {processor.py:153} INFO - Started process (PID=3680) to work on /opt/airflow/dags/task_flow_api_dag.py
[2022-12-21T15:20:05.977+0000] {processor.py:743} INFO - Processing file /opt/airflow/dags/task_flow_api_dag.py for tasks to queue
[2022-12-21T15:20:05.978+0000] {logging_mixin.py:137} INFO - [2022-12-21T15:20:05.978+0000] {dagbag.py:538} INFO - Filling up the DagBag from /opt/airflow/dags/task_flow_api_dag.py
[2022-12-21T15:20:05.979+0000] {processor.py:755} WARNING - No viable dags retrieved from /opt/airflow/dags/task_flow_api_dag.py
[2022-12-21T15:20:05.993+0000] {processor.py:175} INFO - Processing /opt/airflow/dags/task_flow_api_dag.py took 0.043 seconds
[2022-12-21T15:20:36.644+0000] {processor.py:153} INFO - Started process (PID=3745) to work on /opt/airflow/dags/task_flow_api_dag.py
[2022-12-21T15:20:36.645+0000] {processor.py:743} INFO - Processing file /opt/airflow/dags/task_flow_api_dag.py for tasks to queue
[2022-12-21T15:20:36.646+0000] {logging_mixin.py:137} INFO - [2022-12-21T15:20:36.646+0000] {dagbag.py:538} INFO - Filling up the DagBag from /opt/airflow/dags/task_flow_api_dag.py
[2022-12-21T15:20:36.647+0000] {processor.py:755} WARNING - No viable dags retrieved from /opt/airflow/dags/task_flow_api_dag.py
[2022-12-21T15:20:36.662+0000] {processor.py:175} INFO - Processing /opt/airflow/dags/task_flow_api_dag.py took 0.022 seconds
[2022-12-21T15:21:07.363+0000] {processor.py:153} INFO - Started process (PID=3789) to work on /opt/airflow/dags/task_flow_api_dag.py
[2022-12-21T15:21:07.494+0000] {processor.py:743} INFO - Processing file /opt/airflow/dags/task_flow_api_dag.py for tasks to queue
[2022-12-21T15:21:07.494+0000] {logging_mixin.py:137} INFO - [2022-12-21T15:21:07.494+0000] {dagbag.py:538} INFO - Filling up the DagBag from /opt/airflow/dags/task_flow_api_dag.py
[2022-12-21T15:21:07.495+0000] {processor.py:755} WARNING - No viable dags retrieved from /opt/airflow/dags/task_flow_api_dag.py
[2022-12-21T15:21:07.506+0000] {processor.py:175} INFO - Processing /opt/airflow/dags/task_flow_api_dag.py took 0.145 seconds
[2022-12-21T15:21:37.972+0000] {processor.py:153} INFO - Started process (PID=3853) to work on /opt/airflow/dags/task_flow_api_dag.py
[2022-12-21T15:21:37.973+0000] {processor.py:743} INFO - Processing file /opt/airflow/dags/task_flow_api_dag.py for tasks to queue
[2022-12-21T15:21:37.974+0000] {logging_mixin.py:137} INFO - [2022-12-21T15:21:37.973+0000] {dagbag.py:538} INFO - Filling up the DagBag from /opt/airflow/dags/task_flow_api_dag.py
[2022-12-21T15:21:37.975+0000] {processor.py:755} WARNING - No viable dags retrieved from /opt/airflow/dags/task_flow_api_dag.py
[2022-12-21T15:21:37.987+0000] {processor.py:175} INFO - Processing /opt/airflow/dags/task_flow_api_dag.py took 0.018 seconds
[2022-12-21T15:22:08.535+0000] {processor.py:153} INFO - Started process (PID=3897) to work on /opt/airflow/dags/task_flow_api_dag.py
[2022-12-21T15:22:08.655+0000] {processor.py:743} INFO - Processing file /opt/airflow/dags/task_flow_api_dag.py for tasks to queue
[2022-12-21T15:22:08.656+0000] {logging_mixin.py:137} INFO - [2022-12-21T15:22:08.656+0000] {dagbag.py:538} INFO - Filling up the DagBag from /opt/airflow/dags/task_flow_api_dag.py
[2022-12-21T15:22:08.657+0000] {processor.py:755} WARNING - No viable dags retrieved from /opt/airflow/dags/task_flow_api_dag.py
[2022-12-21T15:22:08.671+0000] {processor.py:175} INFO - Processing /opt/airflow/dags/task_flow_api_dag.py took 0.139 seconds
[2022-12-21T15:22:39.099+0000] {processor.py:153} INFO - Started process (PID=3941) to work on /opt/airflow/dags/task_flow_api_dag.py
[2022-12-21T15:22:39.099+0000] {processor.py:743} INFO - Processing file /opt/airflow/dags/task_flow_api_dag.py for tasks to queue
[2022-12-21T15:22:39.100+0000] {logging_mixin.py:137} INFO - [2022-12-21T15:22:39.100+0000] {dagbag.py:538} INFO - Filling up the DagBag from /opt/airflow/dags/task_flow_api_dag.py
[2022-12-21T15:22:39.101+0000] {processor.py:755} WARNING - No viable dags retrieved from /opt/airflow/dags/task_flow_api_dag.py
[2022-12-21T15:22:39.112+0000] {processor.py:175} INFO - Processing /opt/airflow/dags/task_flow_api_dag.py took 0.015 seconds
[2022-12-21T15:23:09.363+0000] {processor.py:153} INFO - Started process (PID=4005) to work on /opt/airflow/dags/task_flow_api_dag.py
[2022-12-21T15:23:09.369+0000] {processor.py:743} INFO - Processing file /opt/airflow/dags/task_flow_api_dag.py for tasks to queue
[2022-12-21T15:23:09.370+0000] {logging_mixin.py:137} INFO - [2022-12-21T15:23:09.370+0000] {dagbag.py:538} INFO - Filling up the DagBag from /opt/airflow/dags/task_flow_api_dag.py
[2022-12-21T15:23:09.371+0000] {processor.py:755} WARNING - No viable dags retrieved from /opt/airflow/dags/task_flow_api_dag.py
[2022-12-21T15:23:09.382+0000] {processor.py:175} INFO - Processing /opt/airflow/dags/task_flow_api_dag.py took 0.022 seconds
[2022-12-21T15:23:39.715+0000] {processor.py:153} INFO - Started process (PID=4049) to work on /opt/airflow/dags/task_flow_api_dag.py
[2022-12-21T15:23:39.716+0000] {processor.py:743} INFO - Processing file /opt/airflow/dags/task_flow_api_dag.py for tasks to queue
[2022-12-21T15:23:39.716+0000] {logging_mixin.py:137} INFO - [2022-12-21T15:23:39.716+0000] {dagbag.py:538} INFO - Filling up the DagBag from /opt/airflow/dags/task_flow_api_dag.py
[2022-12-21T15:23:39.717+0000] {processor.py:755} WARNING - No viable dags retrieved from /opt/airflow/dags/task_flow_api_dag.py
[2022-12-21T15:23:39.729+0000] {processor.py:175} INFO - Processing /opt/airflow/dags/task_flow_api_dag.py took 0.017 seconds
[2022-12-21T15:24:10.097+0000] {processor.py:153} INFO - Started process (PID=4093) to work on /opt/airflow/dags/task_flow_api_dag.py
[2022-12-21T15:24:10.103+0000] {processor.py:743} INFO - Processing file /opt/airflow/dags/task_flow_api_dag.py for tasks to queue
[2022-12-21T15:24:10.103+0000] {logging_mixin.py:137} INFO - [2022-12-21T15:24:10.103+0000] {dagbag.py:538} INFO - Filling up the DagBag from /opt/airflow/dags/task_flow_api_dag.py
[2022-12-21T15:24:10.104+0000] {processor.py:755} WARNING - No viable dags retrieved from /opt/airflow/dags/task_flow_api_dag.py
[2022-12-21T15:24:10.115+0000] {processor.py:175} INFO - Processing /opt/airflow/dags/task_flow_api_dag.py took 0.020 seconds
[2022-12-21T15:24:40.576+0000] {processor.py:153} INFO - Started process (PID=4157) to work on /opt/airflow/dags/task_flow_api_dag.py
[2022-12-21T15:24:40.577+0000] {processor.py:743} INFO - Processing file /opt/airflow/dags/task_flow_api_dag.py for tasks to queue
[2022-12-21T15:24:40.577+0000] {logging_mixin.py:137} INFO - [2022-12-21T15:24:40.577+0000] {dagbag.py:538} INFO - Filling up the DagBag from /opt/airflow/dags/task_flow_api_dag.py
[2022-12-21T15:24:40.578+0000] {processor.py:755} WARNING - No viable dags retrieved from /opt/airflow/dags/task_flow_api_dag.py
[2022-12-21T15:24:40.590+0000] {processor.py:175} INFO - Processing /opt/airflow/dags/task_flow_api_dag.py took 0.016 seconds
[2022-12-21T15:25:11.041+0000] {processor.py:153} INFO - Started process (PID=4201) to work on /opt/airflow/dags/task_flow_api_dag.py
[2022-12-21T15:25:11.066+0000] {processor.py:743} INFO - Processing file /opt/airflow/dags/task_flow_api_dag.py for tasks to queue
[2022-12-21T15:25:11.066+0000] {logging_mixin.py:137} INFO - [2022-12-21T15:25:11.066+0000] {dagbag.py:538} INFO - Filling up the DagBag from /opt/airflow/dags/task_flow_api_dag.py
[2022-12-21T15:25:11.067+0000] {processor.py:755} WARNING - No viable dags retrieved from /opt/airflow/dags/task_flow_api_dag.py
[2022-12-21T15:25:11.080+0000] {processor.py:175} INFO - Processing /opt/airflow/dags/task_flow_api_dag.py took 0.042 seconds
[2022-12-21T15:25:41.462+0000] {processor.py:153} INFO - Started process (PID=4265) to work on /opt/airflow/dags/task_flow_api_dag.py
[2022-12-21T15:25:41.463+0000] {processor.py:743} INFO - Processing file /opt/airflow/dags/task_flow_api_dag.py for tasks to queue
[2022-12-21T15:25:41.463+0000] {logging_mixin.py:137} INFO - [2022-12-21T15:25:41.463+0000] {dagbag.py:538} INFO - Filling up the DagBag from /opt/airflow/dags/task_flow_api_dag.py
[2022-12-21T15:25:41.464+0000] {processor.py:755} WARNING - No viable dags retrieved from /opt/airflow/dags/task_flow_api_dag.py
[2022-12-21T15:25:41.477+0000] {processor.py:175} INFO - Processing /opt/airflow/dags/task_flow_api_dag.py took 0.017 seconds
[2022-12-21T15:26:11.855+0000] {processor.py:153} INFO - Started process (PID=4309) to work on /opt/airflow/dags/task_flow_api_dag.py
[2022-12-21T15:26:11.867+0000] {processor.py:743} INFO - Processing file /opt/airflow/dags/task_flow_api_dag.py for tasks to queue
[2022-12-21T15:26:11.868+0000] {logging_mixin.py:137} INFO - [2022-12-21T15:26:11.868+0000] {dagbag.py:538} INFO - Filling up the DagBag from /opt/airflow/dags/task_flow_api_dag.py
[2022-12-21T15:26:11.870+0000] {processor.py:755} WARNING - No viable dags retrieved from /opt/airflow/dags/task_flow_api_dag.py
[2022-12-21T15:26:11.883+0000] {processor.py:175} INFO - Processing /opt/airflow/dags/task_flow_api_dag.py took 0.031 seconds
[2022-12-21T15:26:42.237+0000] {processor.py:153} INFO - Started process (PID=4353) to work on /opt/airflow/dags/task_flow_api_dag.py
[2022-12-21T15:26:42.252+0000] {processor.py:743} INFO - Processing file /opt/airflow/dags/task_flow_api_dag.py for tasks to queue
[2022-12-21T15:26:42.253+0000] {logging_mixin.py:137} INFO - [2022-12-21T15:26:42.253+0000] {dagbag.py:538} INFO - Filling up the DagBag from /opt/airflow/dags/task_flow_api_dag.py
[2022-12-21T15:26:42.254+0000] {processor.py:755} WARNING - No viable dags retrieved from /opt/airflow/dags/task_flow_api_dag.py
[2022-12-21T15:26:42.264+0000] {processor.py:175} INFO - Processing /opt/airflow/dags/task_flow_api_dag.py took 0.029 seconds
[2022-12-21T15:27:12.802+0000] {processor.py:153} INFO - Started process (PID=4417) to work on /opt/airflow/dags/task_flow_api_dag.py
[2022-12-21T15:27:12.802+0000] {processor.py:743} INFO - Processing file /opt/airflow/dags/task_flow_api_dag.py for tasks to queue
[2022-12-21T15:27:12.803+0000] {logging_mixin.py:137} INFO - [2022-12-21T15:27:12.803+0000] {dagbag.py:538} INFO - Filling up the DagBag from /opt/airflow/dags/task_flow_api_dag.py
[2022-12-21T15:27:12.805+0000] {processor.py:755} WARNING - No viable dags retrieved from /opt/airflow/dags/task_flow_api_dag.py
[2022-12-21T15:27:12.820+0000] {processor.py:175} INFO - Processing /opt/airflow/dags/task_flow_api_dag.py took 0.022 seconds
[2022-12-21T15:27:43.125+0000] {processor.py:153} INFO - Started process (PID=4461) to work on /opt/airflow/dags/task_flow_api_dag.py
[2022-12-21T15:27:43.138+0000] {processor.py:743} INFO - Processing file /opt/airflow/dags/task_flow_api_dag.py for tasks to queue
[2022-12-21T15:27:43.138+0000] {logging_mixin.py:137} INFO - [2022-12-21T15:27:43.138+0000] {dagbag.py:538} INFO - Filling up the DagBag from /opt/airflow/dags/task_flow_api_dag.py
[2022-12-21T15:27:43.139+0000] {processor.py:755} WARNING - No viable dags retrieved from /opt/airflow/dags/task_flow_api_dag.py
[2022-12-21T15:27:43.149+0000] {processor.py:175} INFO - Processing /opt/airflow/dags/task_flow_api_dag.py took 0.027 seconds
[2022-12-21T15:28:13.694+0000] {processor.py:153} INFO - Started process (PID=4525) to work on /opt/airflow/dags/task_flow_api_dag.py
[2022-12-21T15:28:13.694+0000] {processor.py:743} INFO - Processing file /opt/airflow/dags/task_flow_api_dag.py for tasks to queue
[2022-12-21T15:28:13.695+0000] {logging_mixin.py:137} INFO - [2022-12-21T15:28:13.695+0000] {dagbag.py:538} INFO - Filling up the DagBag from /opt/airflow/dags/task_flow_api_dag.py
[2022-12-21T15:28:13.696+0000] {processor.py:755} WARNING - No viable dags retrieved from /opt/airflow/dags/task_flow_api_dag.py
[2022-12-21T15:28:13.707+0000] {processor.py:175} INFO - Processing /opt/airflow/dags/task_flow_api_dag.py took 0.015 seconds
[2022-12-21T15:28:44.139+0000] {processor.py:153} INFO - Started process (PID=4569) to work on /opt/airflow/dags/task_flow_api_dag.py
[2022-12-21T15:28:44.159+0000] {processor.py:743} INFO - Processing file /opt/airflow/dags/task_flow_api_dag.py for tasks to queue
[2022-12-21T15:28:44.159+0000] {logging_mixin.py:137} INFO - [2022-12-21T15:28:44.159+0000] {dagbag.py:538} INFO - Filling up the DagBag from /opt/airflow/dags/task_flow_api_dag.py
[2022-12-21T15:28:44.160+0000] {processor.py:755} WARNING - No viable dags retrieved from /opt/airflow/dags/task_flow_api_dag.py
[2022-12-21T15:28:44.170+0000] {processor.py:175} INFO - Processing /opt/airflow/dags/task_flow_api_dag.py took 0.033 seconds
[2022-12-21T15:29:14.470+0000] {processor.py:153} INFO - Started process (PID=4633) to work on /opt/airflow/dags/task_flow_api_dag.py
[2022-12-21T15:29:14.471+0000] {processor.py:743} INFO - Processing file /opt/airflow/dags/task_flow_api_dag.py for tasks to queue
[2022-12-21T15:29:14.471+0000] {logging_mixin.py:137} INFO - [2022-12-21T15:29:14.471+0000] {dagbag.py:538} INFO - Filling up the DagBag from /opt/airflow/dags/task_flow_api_dag.py
[2022-12-21T15:29:14.473+0000] {processor.py:755} WARNING - No viable dags retrieved from /opt/airflow/dags/task_flow_api_dag.py
[2022-12-21T15:29:14.485+0000] {processor.py:175} INFO - Processing /opt/airflow/dags/task_flow_api_dag.py took 0.017 seconds
[2022-12-21T15:29:44.808+0000] {processor.py:153} INFO - Started process (PID=4677) to work on /opt/airflow/dags/task_flow_api_dag.py
[2022-12-21T15:29:44.879+0000] {processor.py:743} INFO - Processing file /opt/airflow/dags/task_flow_api_dag.py for tasks to queue
[2022-12-21T15:29:44.879+0000] {logging_mixin.py:137} INFO - [2022-12-21T15:29:44.879+0000] {dagbag.py:538} INFO - Filling up the DagBag from /opt/airflow/dags/task_flow_api_dag.py
[2022-12-21T15:29:44.880+0000] {processor.py:755} WARNING - No viable dags retrieved from /opt/airflow/dags/task_flow_api_dag.py
[2022-12-21T15:29:44.892+0000] {processor.py:175} INFO - Processing /opt/airflow/dags/task_flow_api_dag.py took 0.087 seconds
[2022-12-21T15:30:15.258+0000] {processor.py:153} INFO - Started process (PID=4721) to work on /opt/airflow/dags/task_flow_api_dag.py
[2022-12-21T15:30:15.259+0000] {processor.py:743} INFO - Processing file /opt/airflow/dags/task_flow_api_dag.py for tasks to queue
[2022-12-21T15:30:15.259+0000] {logging_mixin.py:137} INFO - [2022-12-21T15:30:15.259+0000] {dagbag.py:538} INFO - Filling up the DagBag from /opt/airflow/dags/task_flow_api_dag.py
[2022-12-21T15:30:15.260+0000] {processor.py:755} WARNING - No viable dags retrieved from /opt/airflow/dags/task_flow_api_dag.py
[2022-12-21T15:30:15.273+0000] {processor.py:175} INFO - Processing /opt/airflow/dags/task_flow_api_dag.py took 0.017 seconds
[2022-12-21T15:30:45.578+0000] {processor.py:153} INFO - Started process (PID=4785) to work on /opt/airflow/dags/task_flow_api_dag.py
[2022-12-21T15:30:45.590+0000] {processor.py:743} INFO - Processing file /opt/airflow/dags/task_flow_api_dag.py for tasks to queue
[2022-12-21T15:30:45.591+0000] {logging_mixin.py:137} INFO - [2022-12-21T15:30:45.591+0000] {dagbag.py:538} INFO - Filling up the DagBag from /opt/airflow/dags/task_flow_api_dag.py
[2022-12-21T15:30:45.592+0000] {processor.py:755} WARNING - No viable dags retrieved from /opt/airflow/dags/task_flow_api_dag.py
[2022-12-21T15:30:45.602+0000] {processor.py:175} INFO - Processing /opt/airflow/dags/task_flow_api_dag.py took 0.027 seconds
[2022-12-21T15:31:16.121+0000] {processor.py:153} INFO - Started process (PID=4829) to work on /opt/airflow/dags/task_flow_api_dag.py
[2022-12-21T15:31:16.121+0000] {processor.py:743} INFO - Processing file /opt/airflow/dags/task_flow_api_dag.py for tasks to queue
[2022-12-21T15:31:16.122+0000] {logging_mixin.py:137} INFO - [2022-12-21T15:31:16.122+0000] {dagbag.py:538} INFO - Filling up the DagBag from /opt/airflow/dags/task_flow_api_dag.py
[2022-12-21T15:31:16.123+0000] {processor.py:755} WARNING - No viable dags retrieved from /opt/airflow/dags/task_flow_api_dag.py
[2022-12-21T15:31:16.133+0000] {processor.py:175} INFO - Processing /opt/airflow/dags/task_flow_api_dag.py took 0.016 seconds
[2022-12-21T15:31:46.442+0000] {processor.py:153} INFO - Started process (PID=4882) to work on /opt/airflow/dags/task_flow_api_dag.py
[2022-12-21T15:31:46.451+0000] {processor.py:743} INFO - Processing file /opt/airflow/dags/task_flow_api_dag.py for tasks to queue
[2022-12-21T15:31:46.452+0000] {logging_mixin.py:137} INFO - [2022-12-21T15:31:46.451+0000] {dagbag.py:538} INFO - Filling up the DagBag from /opt/airflow/dags/task_flow_api_dag.py
[2022-12-21T15:31:46.453+0000] {processor.py:755} WARNING - No viable dags retrieved from /opt/airflow/dags/task_flow_api_dag.py
[2022-12-21T15:31:46.466+0000] {processor.py:175} INFO - Processing /opt/airflow/dags/task_flow_api_dag.py took 0.027 seconds
[2022-12-21T15:32:16.820+0000] {processor.py:153} INFO - Started process (PID=4937) to work on /opt/airflow/dags/task_flow_api_dag.py
[2022-12-21T15:32:16.821+0000] {processor.py:743} INFO - Processing file /opt/airflow/dags/task_flow_api_dag.py for tasks to queue
[2022-12-21T15:32:16.822+0000] {logging_mixin.py:137} INFO - [2022-12-21T15:32:16.821+0000] {dagbag.py:538} INFO - Filling up the DagBag from /opt/airflow/dags/task_flow_api_dag.py
[2022-12-21T15:32:16.823+0000] {processor.py:755} WARNING - No viable dags retrieved from /opt/airflow/dags/task_flow_api_dag.py
[2022-12-21T15:32:16.833+0000] {processor.py:175} INFO - Processing /opt/airflow/dags/task_flow_api_dag.py took 0.015 seconds
[2022-12-21T15:32:47.203+0000] {processor.py:153} INFO - Started process (PID=4981) to work on /opt/airflow/dags/task_flow_api_dag.py
[2022-12-21T15:32:47.220+0000] {processor.py:743} INFO - Processing file /opt/airflow/dags/task_flow_api_dag.py for tasks to queue
[2022-12-21T15:32:47.220+0000] {logging_mixin.py:137} INFO - [2022-12-21T15:32:47.220+0000] {dagbag.py:538} INFO - Filling up the DagBag from /opt/airflow/dags/task_flow_api_dag.py
[2022-12-21T15:32:47.221+0000] {processor.py:755} WARNING - No viable dags retrieved from /opt/airflow/dags/task_flow_api_dag.py
[2022-12-21T15:32:47.232+0000] {processor.py:175} INFO - Processing /opt/airflow/dags/task_flow_api_dag.py took 0.031 seconds
[2022-12-21T15:33:17.592+0000] {processor.py:153} INFO - Started process (PID=5045) to work on /opt/airflow/dags/task_flow_api_dag.py
[2022-12-21T15:33:17.592+0000] {processor.py:743} INFO - Processing file /opt/airflow/dags/task_flow_api_dag.py for tasks to queue
[2022-12-21T15:33:17.593+0000] {logging_mixin.py:137} INFO - [2022-12-21T15:33:17.593+0000] {dagbag.py:538} INFO - Filling up the DagBag from /opt/airflow/dags/task_flow_api_dag.py
[2022-12-21T15:33:17.594+0000] {processor.py:755} WARNING - No viable dags retrieved from /opt/airflow/dags/task_flow_api_dag.py
[2022-12-21T15:33:17.606+0000] {processor.py:175} INFO - Processing /opt/airflow/dags/task_flow_api_dag.py took 0.016 seconds
[2022-12-21T15:33:48.000+0000] {processor.py:153} INFO - Started process (PID=5089) to work on /opt/airflow/dags/task_flow_api_dag.py
[2022-12-21T15:33:48.008+0000] {processor.py:743} INFO - Processing file /opt/airflow/dags/task_flow_api_dag.py for tasks to queue
[2022-12-21T15:33:48.008+0000] {logging_mixin.py:137} INFO - [2022-12-21T15:33:48.008+0000] {dagbag.py:538} INFO - Filling up the DagBag from /opt/airflow/dags/task_flow_api_dag.py
[2022-12-21T15:33:48.009+0000] {processor.py:755} WARNING - No viable dags retrieved from /opt/airflow/dags/task_flow_api_dag.py
[2022-12-21T15:33:48.021+0000] {processor.py:175} INFO - Processing /opt/airflow/dags/task_flow_api_dag.py took 0.023 seconds
[2022-12-21T15:34:18.344+0000] {processor.py:153} INFO - Started process (PID=5139) to work on /opt/airflow/dags/task_flow_api_dag.py
[2022-12-21T15:34:18.345+0000] {processor.py:743} INFO - Processing file /opt/airflow/dags/task_flow_api_dag.py for tasks to queue
[2022-12-21T15:34:18.345+0000] {logging_mixin.py:137} INFO - [2022-12-21T15:34:18.345+0000] {dagbag.py:538} INFO - Filling up the DagBag from /opt/airflow/dags/task_flow_api_dag.py
[2022-12-21T15:34:18.346+0000] {processor.py:755} WARNING - No viable dags retrieved from /opt/airflow/dags/task_flow_api_dag.py
[2022-12-21T15:34:18.358+0000] {processor.py:175} INFO - Processing /opt/airflow/dags/task_flow_api_dag.py took 0.016 seconds
[2022-12-21T15:34:48.794+0000] {processor.py:153} INFO - Started process (PID=5196) to work on /opt/airflow/dags/task_flow_api_dag.py
[2022-12-21T15:34:48.875+0000] {processor.py:743} INFO - Processing file /opt/airflow/dags/task_flow_api_dag.py for tasks to queue
[2022-12-21T15:34:48.876+0000] {logging_mixin.py:137} INFO - [2022-12-21T15:34:48.876+0000] {dagbag.py:538} INFO - Filling up the DagBag from /opt/airflow/dags/task_flow_api_dag.py
[2022-12-21T15:34:48.877+0000] {processor.py:755} WARNING - No viable dags retrieved from /opt/airflow/dags/task_flow_api_dag.py
[2022-12-21T15:34:48.890+0000] {processor.py:175} INFO - Processing /opt/airflow/dags/task_flow_api_dag.py took 0.099 seconds
[2022-12-21T15:35:19.293+0000] {processor.py:153} INFO - Started process (PID=5240) to work on /opt/airflow/dags/task_flow_api_dag.py
[2022-12-21T15:35:19.293+0000] {processor.py:743} INFO - Processing file /opt/airflow/dags/task_flow_api_dag.py for tasks to queue
[2022-12-21T15:35:19.294+0000] {logging_mixin.py:137} INFO - [2022-12-21T15:35:19.293+0000] {dagbag.py:538} INFO - Filling up the DagBag from /opt/airflow/dags/task_flow_api_dag.py
[2022-12-21T15:35:19.294+0000] {processor.py:755} WARNING - No viable dags retrieved from /opt/airflow/dags/task_flow_api_dag.py
[2022-12-21T15:35:19.305+0000] {processor.py:175} INFO - Processing /opt/airflow/dags/task_flow_api_dag.py took 0.015 seconds
[2022-12-21T15:35:49.918+0000] {processor.py:153} INFO - Started process (PID=5304) to work on /opt/airflow/dags/task_flow_api_dag.py
[2022-12-21T15:35:50.045+0000] {processor.py:743} INFO - Processing file /opt/airflow/dags/task_flow_api_dag.py for tasks to queue
[2022-12-21T15:35:50.045+0000] {logging_mixin.py:137} INFO - [2022-12-21T15:35:50.045+0000] {dagbag.py:538} INFO - Filling up the DagBag from /opt/airflow/dags/task_flow_api_dag.py
[2022-12-21T15:35:50.046+0000] {processor.py:755} WARNING - No viable dags retrieved from /opt/airflow/dags/task_flow_api_dag.py
[2022-12-21T15:35:50.060+0000] {processor.py:175} INFO - Processing /opt/airflow/dags/task_flow_api_dag.py took 0.144 seconds
[2022-12-21T15:36:20.389+0000] {processor.py:153} INFO - Started process (PID=5348) to work on /opt/airflow/dags/task_flow_api_dag.py
[2022-12-21T15:36:20.390+0000] {processor.py:743} INFO - Processing file /opt/airflow/dags/task_flow_api_dag.py for tasks to queue
[2022-12-21T15:36:20.390+0000] {logging_mixin.py:137} INFO - [2022-12-21T15:36:20.390+0000] {dagbag.py:538} INFO - Filling up the DagBag from /opt/airflow/dags/task_flow_api_dag.py
[2022-12-21T15:36:20.391+0000] {processor.py:755} WARNING - No viable dags retrieved from /opt/airflow/dags/task_flow_api_dag.py
[2022-12-21T15:36:20.401+0000] {processor.py:175} INFO - Processing /opt/airflow/dags/task_flow_api_dag.py took 0.014 seconds
[2022-12-21T15:36:50.714+0000] {processor.py:153} INFO - Started process (PID=5412) to work on /opt/airflow/dags/task_flow_api_dag.py
[2022-12-21T15:36:50.733+0000] {processor.py:743} INFO - Processing file /opt/airflow/dags/task_flow_api_dag.py for tasks to queue
[2022-12-21T15:36:50.734+0000] {logging_mixin.py:137} INFO - [2022-12-21T15:36:50.734+0000] {dagbag.py:538} INFO - Filling up the DagBag from /opt/airflow/dags/task_flow_api_dag.py
[2022-12-21T15:36:50.736+0000] {processor.py:755} WARNING - No viable dags retrieved from /opt/airflow/dags/task_flow_api_dag.py
[2022-12-21T15:36:50.761+0000] {processor.py:175} INFO - Processing /opt/airflow/dags/task_flow_api_dag.py took 0.052 seconds
[2022-12-21T15:37:21.085+0000] {processor.py:153} INFO - Started process (PID=5456) to work on /opt/airflow/dags/task_flow_api_dag.py
[2022-12-21T15:37:21.085+0000] {processor.py:743} INFO - Processing file /opt/airflow/dags/task_flow_api_dag.py for tasks to queue
[2022-12-21T15:37:21.086+0000] {logging_mixin.py:137} INFO - [2022-12-21T15:37:21.086+0000] {dagbag.py:538} INFO - Filling up the DagBag from /opt/airflow/dags/task_flow_api_dag.py
[2022-12-21T15:37:21.087+0000] {processor.py:755} WARNING - No viable dags retrieved from /opt/airflow/dags/task_flow_api_dag.py
[2022-12-21T15:37:21.100+0000] {processor.py:175} INFO - Processing /opt/airflow/dags/task_flow_api_dag.py took 0.017 seconds
[2022-12-21T15:37:51.424+0000] {processor.py:153} INFO - Started process (PID=5500) to work on /opt/airflow/dags/task_flow_api_dag.py
[2022-12-21T15:37:51.436+0000] {processor.py:743} INFO - Processing file /opt/airflow/dags/task_flow_api_dag.py for tasks to queue
[2022-12-21T15:37:51.436+0000] {logging_mixin.py:137} INFO - [2022-12-21T15:37:51.436+0000] {dagbag.py:538} INFO - Filling up the DagBag from /opt/airflow/dags/task_flow_api_dag.py
[2022-12-21T15:37:51.437+0000] {processor.py:755} WARNING - No viable dags retrieved from /opt/airflow/dags/task_flow_api_dag.py
[2022-12-21T15:37:51.448+0000] {processor.py:175} INFO - Processing /opt/airflow/dags/task_flow_api_dag.py took 0.026 seconds
[2022-12-21T15:38:21.925+0000] {processor.py:153} INFO - Started process (PID=5564) to work on /opt/airflow/dags/task_flow_api_dag.py
[2022-12-21T15:38:21.925+0000] {processor.py:743} INFO - Processing file /opt/airflow/dags/task_flow_api_dag.py for tasks to queue
[2022-12-21T15:38:21.926+0000] {logging_mixin.py:137} INFO - [2022-12-21T15:38:21.926+0000] {dagbag.py:538} INFO - Filling up the DagBag from /opt/airflow/dags/task_flow_api_dag.py
[2022-12-21T15:38:21.927+0000] {processor.py:755} WARNING - No viable dags retrieved from /opt/airflow/dags/task_flow_api_dag.py
[2022-12-21T15:38:21.939+0000] {processor.py:175} INFO - Processing /opt/airflow/dags/task_flow_api_dag.py took 0.017 seconds
[2022-12-21T15:38:52.202+0000] {processor.py:153} INFO - Started process (PID=5608) to work on /opt/airflow/dags/task_flow_api_dag.py
[2022-12-21T15:38:52.211+0000] {processor.py:743} INFO - Processing file /opt/airflow/dags/task_flow_api_dag.py for tasks to queue
[2022-12-21T15:38:52.211+0000] {logging_mixin.py:137} INFO - [2022-12-21T15:38:52.211+0000] {dagbag.py:538} INFO - Filling up the DagBag from /opt/airflow/dags/task_flow_api_dag.py
[2022-12-21T15:38:52.212+0000] {processor.py:755} WARNING - No viable dags retrieved from /opt/airflow/dags/task_flow_api_dag.py
[2022-12-21T15:38:52.222+0000] {processor.py:175} INFO - Processing /opt/airflow/dags/task_flow_api_dag.py took 0.023 seconds
[2022-12-21T15:39:22.556+0000] {processor.py:153} INFO - Started process (PID=5661) to work on /opt/airflow/dags/task_flow_api_dag.py
[2022-12-21T15:39:22.556+0000] {processor.py:743} INFO - Processing file /opt/airflow/dags/task_flow_api_dag.py for tasks to queue
[2022-12-21T15:39:22.557+0000] {logging_mixin.py:137} INFO - [2022-12-21T15:39:22.557+0000] {dagbag.py:538} INFO - Filling up the DagBag from /opt/airflow/dags/task_flow_api_dag.py
[2022-12-21T15:39:22.558+0000] {processor.py:755} WARNING - No viable dags retrieved from /opt/airflow/dags/task_flow_api_dag.py
[2022-12-21T15:39:22.571+0000] {processor.py:175} INFO - Processing /opt/airflow/dags/task_flow_api_dag.py took 0.018 seconds
[2022-12-21T15:39:52.990+0000] {processor.py:153} INFO - Started process (PID=5716) to work on /opt/airflow/dags/task_flow_api_dag.py
[2022-12-21T15:39:53.072+0000] {processor.py:743} INFO - Processing file /opt/airflow/dags/task_flow_api_dag.py for tasks to queue
[2022-12-21T15:39:53.073+0000] {logging_mixin.py:137} INFO - [2022-12-21T15:39:53.073+0000] {dagbag.py:538} INFO - Filling up the DagBag from /opt/airflow/dags/task_flow_api_dag.py
[2022-12-21T15:39:53.074+0000] {processor.py:755} WARNING - No viable dags retrieved from /opt/airflow/dags/task_flow_api_dag.py
[2022-12-21T15:39:53.085+0000] {processor.py:175} INFO - Processing /opt/airflow/dags/task_flow_api_dag.py took 0.099 seconds
[2022-12-21T15:40:23.463+0000] {processor.py:153} INFO - Started process (PID=5760) to work on /opt/airflow/dags/task_flow_api_dag.py
[2022-12-21T15:40:23.463+0000] {processor.py:743} INFO - Processing file /opt/airflow/dags/task_flow_api_dag.py for tasks to queue
[2022-12-21T15:40:23.464+0000] {logging_mixin.py:137} INFO - [2022-12-21T15:40:23.464+0000] {dagbag.py:538} INFO - Filling up the DagBag from /opt/airflow/dags/task_flow_api_dag.py
[2022-12-21T15:40:23.464+0000] {processor.py:755} WARNING - No viable dags retrieved from /opt/airflow/dags/task_flow_api_dag.py
[2022-12-21T15:40:23.476+0000] {processor.py:175} INFO - Processing /opt/airflow/dags/task_flow_api_dag.py took 0.016 seconds
[2022-12-21T15:40:53.782+0000] {processor.py:153} INFO - Started process (PID=5804) to work on /opt/airflow/dags/task_flow_api_dag.py
[2022-12-21T15:40:53.805+0000] {processor.py:743} INFO - Processing file /opt/airflow/dags/task_flow_api_dag.py for tasks to queue
[2022-12-21T15:40:53.806+0000] {logging_mixin.py:137} INFO - [2022-12-21T15:40:53.805+0000] {dagbag.py:538} INFO - Filling up the DagBag from /opt/airflow/dags/task_flow_api_dag.py
[2022-12-21T15:40:53.807+0000] {processor.py:755} WARNING - No viable dags retrieved from /opt/airflow/dags/task_flow_api_dag.py
[2022-12-21T15:40:53.817+0000] {processor.py:175} INFO - Processing /opt/airflow/dags/task_flow_api_dag.py took 0.040 seconds
[2022-12-21T15:41:24.202+0000] {processor.py:153} INFO - Started process (PID=5868) to work on /opt/airflow/dags/task_flow_api_dag.py
[2022-12-21T15:41:24.203+0000] {processor.py:743} INFO - Processing file /opt/airflow/dags/task_flow_api_dag.py for tasks to queue
[2022-12-21T15:41:24.204+0000] {logging_mixin.py:137} INFO - [2022-12-21T15:41:24.203+0000] {dagbag.py:538} INFO - Filling up the DagBag from /opt/airflow/dags/task_flow_api_dag.py
[2022-12-21T15:41:24.205+0000] {processor.py:755} WARNING - No viable dags retrieved from /opt/airflow/dags/task_flow_api_dag.py
[2022-12-21T15:41:24.217+0000] {processor.py:175} INFO - Processing /opt/airflow/dags/task_flow_api_dag.py took 0.017 seconds
[2022-12-21T15:41:54.471+0000] {processor.py:153} INFO - Started process (PID=5912) to work on /opt/airflow/dags/task_flow_api_dag.py
[2022-12-21T15:41:54.497+0000] {processor.py:743} INFO - Processing file /opt/airflow/dags/task_flow_api_dag.py for tasks to queue
[2022-12-21T15:41:54.498+0000] {logging_mixin.py:137} INFO - [2022-12-21T15:41:54.498+0000] {dagbag.py:538} INFO - Filling up the DagBag from /opt/airflow/dags/task_flow_api_dag.py
[2022-12-21T15:41:54.498+0000] {processor.py:755} WARNING - No viable dags retrieved from /opt/airflow/dags/task_flow_api_dag.py
[2022-12-21T15:41:54.508+0000] {processor.py:175} INFO - Processing /opt/airflow/dags/task_flow_api_dag.py took 0.040 seconds
[2022-12-21T15:42:25.183+0000] {processor.py:153} INFO - Started process (PID=5965) to work on /opt/airflow/dags/task_flow_api_dag.py
[2022-12-21T15:42:25.183+0000] {processor.py:743} INFO - Processing file /opt/airflow/dags/task_flow_api_dag.py for tasks to queue
[2022-12-21T15:42:25.184+0000] {logging_mixin.py:137} INFO - [2022-12-21T15:42:25.184+0000] {dagbag.py:538} INFO - Filling up the DagBag from /opt/airflow/dags/task_flow_api_dag.py
[2022-12-21T15:42:25.185+0000] {processor.py:755} WARNING - No viable dags retrieved from /opt/airflow/dags/task_flow_api_dag.py
[2022-12-21T15:42:25.200+0000] {processor.py:175} INFO - Processing /opt/airflow/dags/task_flow_api_dag.py took 0.021 seconds
[2022-12-21T15:42:55.724+0000] {processor.py:153} INFO - Started process (PID=6020) to work on /opt/airflow/dags/task_flow_api_dag.py
[2022-12-21T15:42:55.787+0000] {processor.py:743} INFO - Processing file /opt/airflow/dags/task_flow_api_dag.py for tasks to queue
[2022-12-21T15:42:55.788+0000] {logging_mixin.py:137} INFO - [2022-12-21T15:42:55.788+0000] {dagbag.py:538} INFO - Filling up the DagBag from /opt/airflow/dags/task_flow_api_dag.py
[2022-12-21T15:42:55.788+0000] {processor.py:755} WARNING - No viable dags retrieved from /opt/airflow/dags/task_flow_api_dag.py
[2022-12-21T15:42:55.799+0000] {processor.py:175} INFO - Processing /opt/airflow/dags/task_flow_api_dag.py took 0.077 seconds
[2022-12-21T15:43:26.232+0000] {processor.py:153} INFO - Started process (PID=6064) to work on /opt/airflow/dags/task_flow_api_dag.py
[2022-12-21T15:43:26.232+0000] {processor.py:743} INFO - Processing file /opt/airflow/dags/task_flow_api_dag.py for tasks to queue
[2022-12-21T15:43:26.233+0000] {logging_mixin.py:137} INFO - [2022-12-21T15:43:26.233+0000] {dagbag.py:538} INFO - Filling up the DagBag from /opt/airflow/dags/task_flow_api_dag.py
[2022-12-21T15:43:26.233+0000] {processor.py:755} WARNING - No viable dags retrieved from /opt/airflow/dags/task_flow_api_dag.py
[2022-12-21T15:43:26.245+0000] {processor.py:175} INFO - Processing /opt/airflow/dags/task_flow_api_dag.py took 0.015 seconds
