[2022-12-08T06:53:12.109+0000] {taskinstance.py:1087} INFO - Dependencies all met for <TaskInstance: python_operator_dag_v5.greet manual__2022-12-08T06:53:08.955038+00:00 [queued]>
[2022-12-08T06:53:12.117+0000] {taskinstance.py:1087} INFO - Dependencies all met for <TaskInstance: python_operator_dag_v5.greet manual__2022-12-08T06:53:08.955038+00:00 [queued]>
[2022-12-08T06:53:12.117+0000] {taskinstance.py:1283} INFO - 
--------------------------------------------------------------------------------
[2022-12-08T06:53:12.118+0000] {taskinstance.py:1284} INFO - Starting attempt 1 of 1
[2022-12-08T06:53:12.118+0000] {taskinstance.py:1285} INFO - 
--------------------------------------------------------------------------------
[2022-12-08T06:53:12.158+0000] {taskinstance.py:1304} INFO - Executing <Task(PythonOperator): greet> on 2022-12-08 06:53:08.955038+00:00
[2022-12-08T06:53:12.162+0000] {standard_task_runner.py:55} INFO - Started process 11261 to run task
[2022-12-08T06:53:12.165+0000] {standard_task_runner.py:82} INFO - Running: ['***', 'tasks', 'run', 'python_operator_dag_v5', 'greet', 'manual__2022-12-08T06:53:08.955038+00:00', '--job-id', '12', '--raw', '--subdir', 'DAGS_FOLDER/python_operator_dag.py', '--cfg-path', '/tmp/tmpkeaqw_9v']
[2022-12-08T06:53:12.165+0000] {standard_task_runner.py:83} INFO - Job 12: Subtask greet
[2022-12-08T06:53:12.320+0000] {task_command.py:389} INFO - Running <TaskInstance: python_operator_dag_v5.greet manual__2022-12-08T06:53:08.955038+00:00 [running]> on host 4f590d7fc3b1
[2022-12-08T06:53:12.438+0000] {taskinstance.py:1513} INFO - Exporting the following env vars:
AIRFLOW_CTX_DAG_OWNER=***
AIRFLOW_CTX_DAG_ID=python_operator_dag_v5
AIRFLOW_CTX_TASK_ID=greet
AIRFLOW_CTX_EXECUTION_DATE=2022-12-08T06:53:08.955038+00:00
AIRFLOW_CTX_TRY_NUMBER=1
AIRFLOW_CTX_DAG_RUN_ID=manual__2022-12-08T06:53:08.955038+00:00
[2022-12-08T06:53:12.464+0000] {logging_mixin.py:137} INFO - Hello World! My name is None None, and I am None years old!
[2022-12-08T06:53:12.465+0000] {python.py:177} INFO - Done. Returned value was: None
[2022-12-08T06:53:12.473+0000] {taskinstance.py:1327} INFO - Marking task as SUCCESS. dag_id=python_operator_dag_v5, task_id=greet, execution_date=20221208T065308, start_date=20221208T065312, end_date=20221208T065312
[2022-12-08T06:53:12.537+0000] {local_task_job.py:159} INFO - Task exited with return code 0
[2022-12-08T06:53:12.555+0000] {taskinstance.py:2582} INFO - 0 downstream tasks scheduled from follow-on schedule check
